INFO  03:49:13,292 HelpFormatter - --------------------------------------------------------------------------------- 
INFO  03:49:13,295 HelpFormatter - The Genome Analysis Toolkit (GATK) v3.4-46-g8ea4dca, Compiled 2015/08/13 20:41:56 
INFO  03:49:13,295 HelpFormatter - Copyright (c) 2010 The Broad Institute 
INFO  03:49:13,295 HelpFormatter - For support and documentation go to http://www.broadinstitute.org/gatk 
INFO  03:49:13,308 HelpFormatter - Program Args: -T IndelRealigner -I /mnt/ssdbroad/output/Solexa-272221_gatk_best_practices_36t_30s_2016-02-11_11-59-19/Solexa-272221_dupRem.bam -L /mnt/ssdbroad/Broad_Ref_Pipeline_approved_package/workflow_profiler/.queue/scatterGather/ExampleIndelRealigner-1-sg/temp_33_of_36/scatter.intervals -R /mnt/ssdbroad/Broad_Ref_Pipeline_approved_package/homosapiensrefgenome/Homo_sapiens_assembly19.fasta -known /mnt/ssdbroad/Broad_Ref_Pipeline_approved_package/homosapiensrefgenome/Homo_sapiens_assembly19.known_indels.vcf -targetIntervals /mnt/ssdbroad/output/Solexa-272221_gatk_best_practices_36t_30s_2016-02-11_11-59-19/Solexa-272221_realn.intervals -o /mnt/ssdbroad/Broad_Ref_Pipeline_approved_package/workflow_profiler/.queue/scatterGather/ExampleIndelRealigner-1-sg/temp_33_of_36/Solexa-272221_realign.bam -filterNoBases 
INFO  03:49:13,323 HelpFormatter - Executing as beris@dna on Linux 2.6.32-573.el6.x86_64 amd64; OpenJDK 64-Bit Server VM 1.7.0_79-mockbuild_2015_07_24_09_26-b00. 
INFO  03:49:13,324 HelpFormatter - Date/Time: 2016/02/12 03:49:13 
INFO  03:49:13,324 HelpFormatter - --------------------------------------------------------------------------------- 
INFO  03:49:13,324 HelpFormatter - --------------------------------------------------------------------------------- 
INFO  03:49:13,700 GenomeAnalysisEngine - Strictness is SILENT 
INFO  03:49:13,882 GenomeAnalysisEngine - Downsampling Settings: No downsampling 
INFO  03:49:13,891 SAMDataSource$SAMReaders - Initializing SAMRecords in serial 
INFO  03:49:13,953 SAMDataSource$SAMReaders - Done initializing BAM readers: total time 0.06 
INFO  03:49:14,086 IntervalUtils - Processing 36148 bp from intervals 
INFO  03:49:14,741 GenomeAnalysisEngine - Preparing for traversal over 1 BAM files 
INFO  03:49:14,834 GenomeAnalysisEngine - Done preparing for traversal 
INFO  03:49:14,835 ProgressMeter - [INITIALIZATION COMPLETE; STARTING PROCESSING] 
INFO  03:49:14,835 ProgressMeter -                 | processed |    time |    per 1M |           |   total | remaining 
INFO  03:49:14,836 ProgressMeter -        Location |     reads | elapsed |     reads | completed | runtime |   runtime 
INFO  03:49:26,232 ReadShardBalancer$1 - Loading BAM index data 
INFO  03:49:26,233 ReadShardBalancer$1 - Done loading BAM index data 
INFO  03:49:37,556 ProgressMeter -            done      4565.0    22.0 s      82.9 m      100.0%    22.0 s       0.0 s 
INFO  03:49:37,557 ProgressMeter - Total runtime 22.72 secs, 0.38 min, 0.01 hours 
INFO  03:49:37,563 MicroScheduler - 9970 reads were filtered out during the traversal out of approximately 14535 total reads (68.59%) 
INFO  03:49:37,564 MicroScheduler -   -> 0 reads (0.00% of total) failing BadCigarFilter 
INFO  03:49:37,564 MicroScheduler -   -> 9970 reads (68.59% of total) failing MalformedReadFilter 
