INFO  18:12:39,990 HelpFormatter - --------------------------------------------------------------------------------- 
INFO  18:12:39,994 HelpFormatter - The Genome Analysis Toolkit (GATK) v3.4-46-g8ea4dca, Compiled 2015/08/13 20:41:56 
INFO  18:12:39,995 HelpFormatter - Copyright (c) 2010 The Broad Institute 
INFO  18:12:39,995 HelpFormatter - For support and documentation go to http://www.broadinstitute.org/gatk 
INFO  18:12:39,999 HelpFormatter - Program Args: -T BaseRecalibrator -I /mnt/sdb/data/broadout/HG02769_gatk_best_practices_8t_30s_2016-07-25_16-38-44/HG02769_realign.bam -L /mnt/sdb/Broad_Ref_Pipeline_approved_package/workflow_profiler/.queue/scatterGather/ExampleBaseRecalibrator-1-sg/temp_02_of_24/scatter.intervals -R /mnt/sdb/Broad_Ref_Pipeline_approved_package/b37bundle/human_g1k_v37.fasta -knownSites /mnt/sdb/Broad_Ref_Pipeline_approved_package/b37bundle/dbsnp_138.b37.vcf -o /mnt/sdb/Broad_Ref_Pipeline_approved_package/workflow_profiler/.queue/scatterGather/ExampleBaseRecalibrator-1-sg/temp_02_of_24/HG02769_recal.grp 
INFO  18:12:40,015 HelpFormatter - Executing as bshifaw@application-0-1.hudson.intel.com on Linux 3.10.0-327.el7.x86_64 amd64; OpenJDK 64-Bit Server VM 1.8.0_101-b13. 
INFO  18:12:40,027 HelpFormatter - Date/Time: 2016/07/25 18:12:39 
INFO  18:12:40,027 HelpFormatter - --------------------------------------------------------------------------------- 
INFO  18:12:40,029 HelpFormatter - --------------------------------------------------------------------------------- 
INFO  18:12:40,182 GenomeAnalysisEngine - Strictness is SILENT 
INFO  18:12:40,358 GenomeAnalysisEngine - Downsampling Settings: No downsampling 
INFO  18:12:40,366 SAMDataSource$SAMReaders - Initializing SAMRecords in serial 
INFO  18:12:40,443 SAMDataSource$SAMReaders - Done initializing BAM readers: total time 0.08 
INFO  18:12:41,182 IntervalUtils - Processing 3764264 bp from intervals 
INFO  18:12:41,431 GenomeAnalysisEngine - Preparing for traversal over 1 BAM files 
INFO  18:12:41,851 GenomeAnalysisEngine - Done preparing for traversal 
INFO  18:12:41,851 ProgressMeter - [INITIALIZATION COMPLETE; STARTING PROCESSING] 
INFO  18:12:41,857 ProgressMeter -                 | processed |    time |    per 1M |           |   total | remaining 
INFO  18:12:41,857 ProgressMeter -        Location |     reads | elapsed |     reads | completed | runtime |   runtime 
INFO  18:12:41,957 BaseRecalibrator - The covariates being used here:  
INFO  18:12:41,957 BaseRecalibrator - 	ReadGroupCovariate 
INFO  18:12:41,959 BaseRecalibrator - 	QualityScoreCovariate 
INFO  18:12:41,959 BaseRecalibrator - 	ContextCovariate 
INFO  18:12:41,959 ContextCovariate - 		Context sizes: base substitution model 2, indel substitution model 3 
INFO  18:12:41,959 BaseRecalibrator - 	CycleCovariate 
INFO  18:12:41,971 ReadShardBalancer$1 - Loading BAM index data 
INFO  18:12:42,264 ReadShardBalancer$1 - Done loading BAM index data 
INFO  18:13:12,182 ProgressMeter -       2:9558813         0.0    30.0 s      50.1 w        1.7%    29.0 m      28.5 m 
INFO  18:13:42,187 ProgressMeter -      2:21228167    200003.0    60.0 s       5.0 m        5.4%    18.7 m      17.7 m 
INFO  18:14:17,969 ProgressMeter -      2:26688882    400006.0    96.0 s       4.0 m        8.0%    20.1 m      18.5 m 
INFO  18:14:48,578 ProgressMeter -      2:27854869    500019.0     2.1 m       4.2 m       10.9%    19.3 m      17.2 m 
INFO  18:15:18,580 ProgressMeter -      2:37227958    700021.0     2.6 m       3.7 m       14.8%    17.5 m      14.9 m 
INFO  18:15:48,582 ProgressMeter -      2:45616524    900023.0     3.1 m       3.5 m       18.5%    16.7 m      13.6 m 
INFO  18:16:18,584 ProgressMeter -      2:61319699   1100025.0     3.6 m       3.3 m       22.9%    15.7 m      12.1 m 
INFO  18:16:48,585 ProgressMeter -      2:72362388   1400033.0     4.1 m       2.9 m       27.8%    14.8 m      10.7 m 
INFO  18:17:18,727 ProgressMeter -      2:85536166   1600039.0     4.6 m       2.9 m       31.8%    14.4 m       9.8 m 
INFO  18:17:48,732 ProgressMeter -      2:97463306   1900043.0     5.1 m       2.7 m       36.7%    13.9 m       8.8 m 
INFO  18:18:18,982 ProgressMeter -     2:112582808   2200053.0     5.6 m       2.6 m       43.4%    13.0 m       7.3 m 
INFO  18:18:48,992 ProgressMeter -     2:130738159   2500060.0     6.1 m       2.4 m       48.6%    12.6 m       6.5 m 
INFO  18:19:18,994 ProgressMeter -     2:158401057   2800063.0     6.6 m       2.4 m       55.8%    11.9 m       5.2 m 
INFO  18:19:49,209 ProgressMeter -     2:174819764   3300072.0     7.1 m       2.2 m       64.1%    11.1 m       4.0 m 
INFO  18:20:19,214 ProgressMeter -     2:196682425   3800081.0     7.6 m     120.0 s       74.4%    10.2 m       2.6 m 
INFO  18:20:49,334 ProgressMeter -     2:219290494   4400099.0     8.1 m     110.0 s       84.9%     9.6 m      86.0 s 
INFO  18:21:19,337 ProgressMeter -     2:237489947   4900106.0     8.6 m     105.0 s       95.7%     9.0 m      23.0 s 
INFO  18:21:28,049 BaseRecalibrator - Calculating quantized quality scores... 
INFO  18:21:28,075 BaseRecalibrator - Writing recalibration report... 
INFO  18:21:28,767 BaseRecalibrator - ...done! 
INFO  18:21:28,768 BaseRecalibrator - BaseRecalibrator was able to recalibrate 5186879 reads 
INFO  18:21:28,769 ProgressMeter -            done   5186879.0     8.8 m     101.0 s      100.0%     8.8 m       0.0 s 
INFO  18:21:28,769 ProgressMeter - Total runtime 526.92 secs, 8.78 min, 0.15 hours 
INFO  18:21:28,769 MicroScheduler - 1151604 reads were filtered out during the traversal out of approximately 6338483 total reads (18.17%) 
INFO  18:21:28,770 MicroScheduler -   -> 0 reads (0.00% of total) failing BadCigarFilter 
INFO  18:21:28,770 MicroScheduler -   -> 800519 reads (12.63% of total) failing DuplicateReadFilter 
INFO  18:21:28,770 MicroScheduler -   -> 0 reads (0.00% of total) failing FailsVendorQualityCheckFilter 
INFO  18:21:28,770 MicroScheduler -   -> 0 reads (0.00% of total) failing MalformedReadFilter 
INFO  18:21:28,770 MicroScheduler -   -> 0 reads (0.00% of total) failing MappingQualityUnavailableFilter 
INFO  18:21:28,770 MicroScheduler -   -> 350455 reads (5.53% of total) failing MappingQualityZeroFilter 
INFO  18:21:28,770 MicroScheduler -   -> 630 reads (0.01% of total) failing NotPrimaryAlignmentFilter 
INFO  18:21:28,770 MicroScheduler -   -> 0 reads (0.00% of total) failing UnmappedReadFilter 
