INFO  20:07:46,286 HelpFormatter - --------------------------------------------------------------------------------- 
INFO  20:07:46,288 HelpFormatter - The Genome Analysis Toolkit (GATK) v3.4-46-g8ea4dca, Compiled 2015/08/13 20:41:56 
INFO  20:07:46,288 HelpFormatter - Copyright (c) 2010 The Broad Institute 
INFO  20:07:46,289 HelpFormatter - For support and documentation go to http://www.broadinstitute.org/gatk 
INFO  20:07:46,293 HelpFormatter - Program Args: -T IndelRealigner -I /home/opt/data/broadout/FC1-NA12878-01_S1_L001_R1_001_gatk_best_practices_36t_30s_2015-11-05_19-14-59/FC1-NA12878-01_S1_L001_R1_001_dupRem.bam -L /home/beris/Broad_Ref_Pipeline_approved_package/workflow_profiler/.queue/scatterGather/ExampleIndelRealigner-1-sg/temp_04_of_36/scatter.intervals -R /home/beris/Broad_Ref_Pipeline_approved_package/homosapiensrefgenome/Homo_sapiens_assembly19.fasta -known /home/beris/Broad_Ref_Pipeline_approved_package/homosapiensrefgenome/Homo_sapiens_assembly19.known_indels.vcf -targetIntervals /home/opt/data/broadout/FC1-NA12878-01_S1_L001_R1_001_gatk_best_practices_36t_30s_2015-11-05_19-14-59/FC1-NA12878-01_S1_L001_R1_001_realn.intervals -o /home/beris/Broad_Ref_Pipeline_approved_package/workflow_profiler/.queue/scatterGather/ExampleIndelRealigner-1-sg/temp_04_of_36/FC1-NA12878-01_S1_L001_R1_001_realign.bam -filterNoBases 
INFO  20:07:46,303 HelpFormatter - Executing as beris@dna on Linux 2.6.32-573.el6.x86_64 amd64; OpenJDK 64-Bit Server VM 1.7.0_79-mockbuild_2015_07_24_09_26-b00. 
INFO  20:07:46,305 HelpFormatter - Date/Time: 2015/11/05 20:07:46 
INFO  20:07:46,305 HelpFormatter - --------------------------------------------------------------------------------- 
INFO  20:07:46,306 HelpFormatter - --------------------------------------------------------------------------------- 
INFO  20:07:46,427 GenomeAnalysisEngine - Strictness is SILENT 
INFO  20:07:46,550 GenomeAnalysisEngine - Downsampling Settings: No downsampling 
INFO  20:07:46,562 SAMDataSource$SAMReaders - Initializing SAMRecords in serial 
INFO  20:07:46,616 SAMDataSource$SAMReaders - Done initializing BAM readers: total time 0.05 
INFO  20:07:46,777 IntervalUtils - Processing 191154276 bp from intervals 
INFO  20:07:46,879 GenomeAnalysisEngine - Preparing for traversal over 1 BAM files 
INFO  20:07:47,703 GenomeAnalysisEngine - Done preparing for traversal 
INFO  20:07:47,703 ProgressMeter - [INITIALIZATION COMPLETE; STARTING PROCESSING] 
INFO  20:07:47,704 ProgressMeter -                 | processed |    time |    per 1M |           |   total | remaining 
INFO  20:07:47,704 ProgressMeter -        Location |     reads | elapsed |     reads | completed | runtime |   runtime 
INFO  20:07:48,076 ReadShardBalancer$1 - Loading BAM index data 
INFO  20:07:49,387 ReadShardBalancer$1 - Done loading BAM index data 
INFO  20:08:22,678 ProgressMeter -        Starting         0.0    34.0 s      57.8 w      100.0%    34.0 s       0.0 s 
INFO  20:08:57,288 ProgressMeter -      4:13603004    200004.0    69.0 s       5.8 m        7.1%    16.2 m      15.0 m 
INFO  20:09:27,429 ProgressMeter -     4:149075763   1300019.0    99.0 s      76.0 s       78.0%     2.1 m      27.0 s 
INFO  20:09:35,605 ProgressMeter -            done   1614988.0   107.0 s      66.0 s       99.9%   107.0 s       0.0 s 
INFO  20:09:35,606 ProgressMeter - Total runtime 107.90 secs, 1.80 min, 0.03 hours 
INFO  20:09:35,610 MicroScheduler - 7432865 reads were filtered out during the traversal out of approximately 9047853 total reads (82.15%) 
INFO  20:09:35,610 MicroScheduler -   -> 0 reads (0.00% of total) failing BadCigarFilter 
INFO  20:09:35,610 MicroScheduler -   -> 7432865 reads (82.15% of total) failing MalformedReadFilter 
