INFO  20:39:39,890 HelpFormatter - --------------------------------------------------------------------------------- 
INFO  20:39:39,893 HelpFormatter - The Genome Analysis Toolkit (GATK) v3.4-46-g8ea4dca, Compiled 2015/08/13 20:41:56 
INFO  20:39:39,893 HelpFormatter - Copyright (c) 2010 The Broad Institute 
INFO  20:39:39,894 HelpFormatter - For support and documentation go to http://www.broadinstitute.org/gatk 
INFO  20:39:39,899 HelpFormatter - Program Args: -T HaplotypeCaller -I /home/opt/data/broadout/FC1-NA12878-01_S1_L001_R1_001_gatk_best_practices_36t_30s_2015-11-05_19-14-59/FC1-NA12878-01_S1_L001_R1_001_realign.bam -L /home/beris/Broad_Ref_Pipeline_approved_package/workflow_profiler/.queue/scatterGather/ExampleHaplotypeCaller-1-sg/temp_13_of_36/scatter.intervals -R /home/beris/Broad_Ref_Pipeline_approved_package/homosapiensrefgenome/Homo_sapiens_assembly19.fasta -variant_index_type LINEAR -variant_index_parameter 128000 -o /home/beris/Broad_Ref_Pipeline_approved_package/workflow_profiler/.queue/scatterGather/ExampleHaplotypeCaller-1-sg/temp_13_of_36/FC1-NA12878-01_S1_L001_R1_001_realign.bam_HaplotypeCaller.g.vcf -ERC GVCF 
INFO  20:39:39,907 HelpFormatter - Executing as beris@dna on Linux 2.6.32-573.el6.x86_64 amd64; OpenJDK 64-Bit Server VM 1.7.0_79-mockbuild_2015_07_24_09_26-b00. 
INFO  20:39:39,908 HelpFormatter - Date/Time: 2015/11/05 20:39:39 
INFO  20:39:39,908 HelpFormatter - --------------------------------------------------------------------------------- 
INFO  20:39:39,908 HelpFormatter - --------------------------------------------------------------------------------- 
WARN  20:39:39,934 GATKVCFUtils - Naming your output file using the .g.vcf extension will automatically set the appropriate values  for --variant_index_type and --variant_index_parameter 
INFO  20:39:40,046 GenomeAnalysisEngine - Strictness is SILENT 
INFO  20:39:40,156 GenomeAnalysisEngine - Downsampling Settings: Method: BY_SAMPLE, Target Coverage: 500 
INFO  20:39:40,167 SAMDataSource$SAMReaders - Initializing SAMRecords in serial 
INFO  20:39:40,214 SAMDataSource$SAMReaders - Done initializing BAM readers: total time 0.05 
INFO  20:39:40,223 HCMappingQualityFilter - Filtering out reads with MAPQ < 20 
INFO  20:39:40,431 IntervalUtils - Processing 1017715 bp from intervals 
INFO  20:39:40,510 GenomeAnalysisEngine - Preparing for traversal over 1 BAM files 
INFO  20:39:40,831 GenomeAnalysisEngine - Done preparing for traversal 
INFO  20:39:40,832 ProgressMeter - [INITIALIZATION COMPLETE; STARTING PROCESSING] 
INFO  20:39:40,833 ProgressMeter -                 |      processed |    time |         per 1M |           |   total | remaining 
INFO  20:39:40,833 ProgressMeter -        Location | active regions | elapsed | active regions | completed | runtime |   runtime 
INFO  20:39:40,834 HaplotypeCaller - Standard Emitting and Calling confidence set to 0.0 for reference-model confidence output 
INFO  20:39:40,834 HaplotypeCaller - All sites annotated with PLs forced to true for reference-model confidence output 
INFO  20:39:40,988 HaplotypeCaller - Using global mismapping rate of 45 => -4.5 in log10 likelihood units 
Using AVX accelerated implementation of PairHMM
INFO  20:39:42,325 VectorLoglessPairHMM - libVectorLoglessPairHMM unpacked successfully from GATK jar file 
INFO  20:39:42,325 VectorLoglessPairHMM - Using vectorized implementation of PairHMM 
WARN  20:39:42,673 HaplotypeScore - Annotation will not be calculated, must be called from UnifiedGenotyper 
WARN  20:39:42,674 InbreedingCoeff - Annotation will not be calculated, must provide a valid PED file (-ped) from the command line. 
INFO  20:40:10,838 ProgressMeter -      6:43014656       7.556509E7    30.0 s            0.0 s       17.6%     2.8 m       2.3 m 
INFO  20:40:40,844 ProgressMeter -      6:75968530     5.82614622E8    60.0 s            0.0 s       46.8%     2.1 m      68.0 s 
INFO  20:41:10,848 ProgressMeter -     6:118588106    1.695323584E9    90.0 s            0.0 s       79.1%   113.0 s      23.0 s 
INFO  20:41:28,273 VectorLoglessPairHMM - Time spent in setup for JNI call : 0.032266103000000004 
INFO  20:41:28,273 PairHMM - Total compute time in PairHMM computeLikelihoods() : 4.141609 
INFO  20:41:28,273 HaplotypeCaller - Ran local assembly on 10128 active regions 
INFO  20:41:28,280 ProgressMeter -            done    2.743174958E9   107.0 s            0.0 s      100.0%   107.0 s       0.0 s 
INFO  20:41:28,281 ProgressMeter - Total runtime 107.45 secs, 1.79 min, 0.03 hours 
INFO  20:41:28,281 MicroScheduler - 149157 reads were filtered out during the traversal out of approximately 551566 total reads (27.04%) 
INFO  20:41:28,281 MicroScheduler -   -> 0 reads (0.00% of total) failing BadCigarFilter 
INFO  20:41:28,281 MicroScheduler -   -> 143646 reads (26.04% of total) failing DuplicateReadFilter 
INFO  20:41:28,281 MicroScheduler -   -> 0 reads (0.00% of total) failing FailsVendorQualityCheckFilter 
INFO  20:41:28,282 MicroScheduler -   -> 5441 reads (0.99% of total) failing HCMappingQualityFilter 
INFO  20:41:28,282 MicroScheduler -   -> 0 reads (0.00% of total) failing MalformedReadFilter 
INFO  20:41:28,282 MicroScheduler -   -> 0 reads (0.00% of total) failing MappingQualityUnavailableFilter 
INFO  20:41:28,282 MicroScheduler -   -> 70 reads (0.01% of total) failing NotPrimaryAlignmentFilter 
INFO  20:41:28,282 MicroScheduler -   -> 0 reads (0.00% of total) failing UnmappedReadFilter 
