INFO  18:00:54,764 HelpFormatter - --------------------------------------------------------------------------------- 
INFO  18:00:54,767 HelpFormatter - The Genome Analysis Toolkit (GATK) v3.4-46-g8ea4dca, Compiled 2015/08/13 20:41:56 
INFO  18:00:54,767 HelpFormatter - Copyright (c) 2010 The Broad Institute 
INFO  18:00:54,767 HelpFormatter - For support and documentation go to http://www.broadinstitute.org/gatk 
INFO  18:00:54,770 HelpFormatter - Program Args: -T HaplotypeCaller -I /home/opt/data/broadout/FC1-NA12878-01_S1_L001_gatk_best_practices_36t_30s_2015-11-10_16-39-49/FC1-NA12878-01_S1_L001_realign.bam -L /home/beris/Broad_Ref_Pipeline_approved_package/workflow_profiler/.queue/scatterGather/ExampleHaplotypeCaller-1-sg/temp_13_of_36/scatter.intervals -R /home/beris/Broad_Ref_Pipeline_approved_package/homosapiensrefgenome/Homo_sapiens_assembly19.fasta -variant_index_type LINEAR -variant_index_parameter 128000 -o /home/beris/Broad_Ref_Pipeline_approved_package/workflow_profiler/.queue/scatterGather/ExampleHaplotypeCaller-1-sg/temp_13_of_36/FC1-NA12878-01_S1_L001_realign.bam_HaplotypeCaller.g.vcf -ERC GVCF 
INFO  18:00:54,779 HelpFormatter - Executing as beris@dna on Linux 2.6.32-573.el6.x86_64 amd64; OpenJDK 64-Bit Server VM 1.7.0_79-mockbuild_2015_07_24_09_26-b00. 
INFO  18:00:54,780 HelpFormatter - Date/Time: 2015/11/10 18:00:54 
INFO  18:00:54,780 HelpFormatter - --------------------------------------------------------------------------------- 
INFO  18:00:54,780 HelpFormatter - --------------------------------------------------------------------------------- 
WARN  18:00:54,818 GATKVCFUtils - Naming your output file using the .g.vcf extension will automatically set the appropriate values  for --variant_index_type and --variant_index_parameter 
INFO  18:00:54,963 GenomeAnalysisEngine - Strictness is SILENT 
INFO  18:00:55,083 GenomeAnalysisEngine - Downsampling Settings: Method: BY_SAMPLE, Target Coverage: 500 
INFO  18:00:55,090 SAMDataSource$SAMReaders - Initializing SAMRecords in serial 
INFO  18:00:55,155 SAMDataSource$SAMReaders - Done initializing BAM readers: total time 0.06 
INFO  18:00:55,166 HCMappingQualityFilter - Filtering out reads with MAPQ < 20 
INFO  18:00:55,448 IntervalUtils - Processing 1017715 bp from intervals 
INFO  18:00:55,574 GenomeAnalysisEngine - Preparing for traversal over 1 BAM files 
INFO  18:00:56,136 GenomeAnalysisEngine - Done preparing for traversal 
INFO  18:00:56,137 ProgressMeter - [INITIALIZATION COMPLETE; STARTING PROCESSING] 
INFO  18:00:56,137 ProgressMeter -                 |      processed |    time |         per 1M |           |   total | remaining 
INFO  18:00:56,137 ProgressMeter -        Location | active regions | elapsed | active regions | completed | runtime |   runtime 
INFO  18:00:56,138 HaplotypeCaller - Standard Emitting and Calling confidence set to 0.0 for reference-model confidence output 
INFO  18:00:56,138 HaplotypeCaller - All sites annotated with PLs forced to true for reference-model confidence output 
INFO  18:00:56,404 HaplotypeCaller - Using global mismapping rate of 45 => -4.5 in log10 likelihood units 
Using AVX accelerated implementation of PairHMM
INFO  18:00:58,168 VectorLoglessPairHMM - libVectorLoglessPairHMM unpacked successfully from GATK jar file 
INFO  18:00:58,169 VectorLoglessPairHMM - Using vectorized implementation of PairHMM 
WARN  18:00:58,632 HaplotypeScore - Annotation will not be calculated, must be called from UnifiedGenotyper 
WARN  18:00:58,632 InbreedingCoeff - Annotation will not be calculated, must provide a valid PED file (-ped) from the command line. 
INFO  18:01:26,168 ProgressMeter -      6:43097413      7.9950376E7    30.0 s            0.0 s       18.3%     2.7 m       2.2 m 
INFO  18:01:56,171 ProgressMeter -      6:80223449     6.51647909E8    60.0 s            0.0 s       49.5%     2.0 m      61.0 s 
INFO  18:02:26,174 ProgressMeter -     6:127774940    1.937747417E9    90.0 s            0.0 s       84.6%   106.0 s      16.0 s 
INFO  18:02:39,149 VectorLoglessPairHMM - Time spent in setup for JNI call : 0.046947069 
INFO  18:02:39,150 PairHMM - Total compute time in PairHMM computeLikelihoods() : 3.808069268 
INFO  18:02:39,150 HaplotypeCaller - Ran local assembly on 9737 active regions 
INFO  18:02:39,158 ProgressMeter -            done    2.743174958E9   103.0 s            0.0 s      100.0%   103.0 s       0.0 s 
INFO  18:02:39,158 ProgressMeter - Total runtime 103.02 secs, 1.72 min, 0.03 hours 
INFO  18:02:39,159 MicroScheduler - 23330 reads were filtered out during the traversal out of approximately 551167 total reads (4.23%) 
INFO  18:02:39,159 MicroScheduler -   -> 0 reads (0.00% of total) failing BadCigarFilter 
INFO  18:02:39,159 MicroScheduler -   -> 19437 reads (3.53% of total) failing DuplicateReadFilter 
INFO  18:02:39,159 MicroScheduler -   -> 0 reads (0.00% of total) failing FailsVendorQualityCheckFilter 
INFO  18:02:39,160 MicroScheduler -   -> 3827 reads (0.69% of total) failing HCMappingQualityFilter 
INFO  18:02:39,160 MicroScheduler -   -> 0 reads (0.00% of total) failing MalformedReadFilter 
INFO  18:02:39,160 MicroScheduler -   -> 0 reads (0.00% of total) failing MappingQualityUnavailableFilter 
INFO  18:02:39,160 MicroScheduler -   -> 66 reads (0.01% of total) failing NotPrimaryAlignmentFilter 
INFO  18:02:39,160 MicroScheduler -   -> 0 reads (0.00% of total) failing UnmappedReadFilter 
