INFO  16:10:24,267 HelpFormatter - --------------------------------------------------------------------------------- 
INFO  16:10:24,270 HelpFormatter - The Genome Analysis Toolkit (GATK) v3.4-46-g8ea4dca, Compiled 2015/08/13 20:41:56 
INFO  16:10:24,270 HelpFormatter - Copyright (c) 2010 The Broad Institute 
INFO  16:10:24,270 HelpFormatter - For support and documentation go to http://www.broadinstitute.org/gatk 
INFO  16:10:24,277 HelpFormatter - Program Args: -T HaplotypeCaller -I /mnt/sdb/data/broadout/sim1M_pairs_gatk_best_practices_36t_30s_2016-09-26_15-40-42/sim1M_pairs_final.bam -L /home/bshifaw/gitrepos/Reference-Design/Broad_Ref_Pip/workflow_profiler/.queue/scatterGather/ExampleHaplotypeCaller-1-sg/temp_13_of_36/scatter.intervals -R /mnt/sdb/Broad_Ref_Pipeline_approved_package/homosapiensrefgenome/Homo_sapiens_assembly19.fasta -variant_index_type LINEAR -variant_index_parameter 128000 -o /home/bshifaw/gitrepos/Reference-Design/Broad_Ref_Pip/workflow_profiler/.queue/scatterGather/ExampleHaplotypeCaller-1-sg/temp_13_of_36/sim1M_pairs_HaplotypeCaller.g.vcf -ERC GVCF 
INFO  16:10:24,285 HelpFormatter - Executing as bshifaw@application-0-1.hudson.intel.com on Linux 3.10.0-327.13.1.el7.x86_64 amd64; OpenJDK 64-Bit Server VM 1.8.0_102-b14. 
INFO  16:10:24,285 HelpFormatter - Date/Time: 2016/09/26 16:10:24 
INFO  16:10:24,285 HelpFormatter - --------------------------------------------------------------------------------- 
INFO  16:10:24,311 HelpFormatter - --------------------------------------------------------------------------------- 
WARN  16:10:24,324 GATKVCFUtils - Naming your output file using the .g.vcf extension will automatically set the appropriate values  for --variant_index_type and --variant_index_parameter 
INFO  16:10:24,454 GenomeAnalysisEngine - Strictness is SILENT 
INFO  16:10:24,604 GenomeAnalysisEngine - Downsampling Settings: Method: BY_SAMPLE, Target Coverage: 500 
INFO  16:10:24,613 SAMDataSource$SAMReaders - Initializing SAMRecords in serial 
INFO  16:10:24,731 SAMDataSource$SAMReaders - Done initializing BAM readers: total time 0.12 
INFO  16:10:24,755 HCMappingQualityFilter - Filtering out reads with MAPQ < 20 
INFO  16:10:24,821 IntervalUtils - Processing 86166015 bp from intervals 
INFO  16:10:25,019 GenomeAnalysisEngine - Preparing for traversal over 1 BAM files 
INFO  16:10:25,304 GenomeAnalysisEngine - Done preparing for traversal 
INFO  16:10:25,305 ProgressMeter - [INITIALIZATION COMPLETE; STARTING PROCESSING] 
INFO  16:10:25,305 ProgressMeter -                 |      processed |    time |         per 1M |           |   total | remaining 
INFO  16:10:25,311 ProgressMeter -        Location | active regions | elapsed | active regions | completed | runtime |   runtime 
INFO  16:10:25,313 HaplotypeCaller - Standard Emitting and Calling confidence set to 0.0 for reference-model confidence output 
INFO  16:10:25,314 HaplotypeCaller - All sites annotated with PLs forced to true for reference-model confidence output 
INFO  16:10:25,517 HaplotypeCaller - Using global mismapping rate of 45 => -4.5 in log10 likelihood units 
Using AVX accelerated implementation of PairHMM
INFO  16:10:30,302 VectorLoglessPairHMM - libVectorLoglessPairHMM unpacked successfully from GATK jar file 
INFO  16:10:30,302 VectorLoglessPairHMM - Using vectorized implementation of PairHMM 
WARN  16:10:30,670 HaplotypeScore - Annotation will not be calculated, must be called from UnifiedGenotyper 
WARN  16:10:30,690 InbreedingCoeff - Annotation will not be calculated, must provide a valid PED file (-ped) from the command line. 
INFO  16:10:55,337 ProgressMeter -     5:153696898              0.0    30.0 s           49.7 w        1.5%    32.4 m      31.9 m 
INFO  16:11:25,339 ProgressMeter -     5:158272144              0.0    60.0 s           99.3 w        6.9%    14.6 m      13.6 m 
INFO  16:11:55,340 ProgressMeter -     5:166494531              0.0    90.0 s          148.9 w       16.4%     9.1 m       7.6 m 
INFO  16:12:25,341 ProgressMeter -     5:175186070              0.0   120.0 s          198.5 w       26.5%     7.6 m       5.6 m 
INFO  16:12:55,342 ProgressMeter -       6:2408104       2.854978E7     2.5 m            5.0 s       35.9%     7.0 m       4.5 m 
INFO  16:13:25,344 ProgressMeter -      6:11441267       2.854978E7     3.0 m            6.0 s       46.4%     6.5 m       3.5 m 
INFO  16:13:55,344 ProgressMeter -      6:20491263       2.854978E7     3.5 m            7.0 s       56.9%     6.1 m       2.6 m 
INFO  16:14:25,345 ProgressMeter -      6:29172413       2.854978E7     4.0 m            8.0 s       67.0%     6.0 m     118.0 s 
INFO  16:14:55,347 ProgressMeter -      6:38305180       2.854978E7     4.5 m            9.0 s       77.6%     5.8 m      77.0 s 
INFO  16:15:25,348 ProgressMeter -      6:47341209       2.854978E7     5.0 m           10.0 s       88.1%     5.7 m      40.0 s 
INFO  16:15:55,349 ProgressMeter -      6:56879775       2.854978E7     5.5 m           11.0 s       99.1%     5.5 m       2.0 s 
INFO  16:15:57,197 VectorLoglessPairHMM - Time spent in setup for JNI call : 0.003010974 
INFO  16:15:57,197 PairHMM - Total compute time in PairHMM computeLikelihoods() : 0.05397731 
INFO  16:15:57,197 HaplotypeCaller - Ran local assembly on 293551 active regions 
INFO  16:15:57,203 ProgressMeter -            done      8.6166015E7     5.5 m            3.0 s      100.0%     5.5 m       0.0 s 
INFO  16:15:57,203 ProgressMeter - Total runtime 331.90 secs, 5.53 min, 0.09 hours 
INFO  16:15:57,203 MicroScheduler - 792 reads were filtered out during the traversal out of approximately 55564 total reads (1.43%) 
INFO  16:15:57,203 MicroScheduler -   -> 0 reads (0.00% of total) failing BadCigarFilter 
INFO  16:15:57,203 MicroScheduler -   -> 0 reads (0.00% of total) failing DuplicateReadFilter 
INFO  16:15:57,204 MicroScheduler -   -> 0 reads (0.00% of total) failing FailsVendorQualityCheckFilter 
INFO  16:15:57,204 MicroScheduler -   -> 785 reads (1.41% of total) failing HCMappingQualityFilter 
INFO  16:15:57,204 MicroScheduler -   -> 0 reads (0.00% of total) failing MalformedReadFilter 
INFO  16:15:57,204 MicroScheduler -   -> 0 reads (0.00% of total) failing MappingQualityUnavailableFilter 
INFO  16:15:57,204 MicroScheduler -   -> 7 reads (0.01% of total) failing NotPrimaryAlignmentFilter 
INFO  16:15:57,204 MicroScheduler -   -> 0 reads (0.00% of total) failing UnmappedReadFilter 
