INFO  20:39:39,730 HelpFormatter - --------------------------------------------------------------------------------- 
INFO  20:39:39,733 HelpFormatter - The Genome Analysis Toolkit (GATK) v3.4-46-g8ea4dca, Compiled 2015/08/13 20:41:56 
INFO  20:39:39,734 HelpFormatter - Copyright (c) 2010 The Broad Institute 
INFO  20:39:39,734 HelpFormatter - For support and documentation go to http://www.broadinstitute.org/gatk 
INFO  20:39:39,738 HelpFormatter - Program Args: -T HaplotypeCaller -I /home/opt/data/broadout/FC1-NA12878-01_S1_L001_R1_001_gatk_best_practices_36t_30s_2015-11-05_19-14-59/FC1-NA12878-01_S1_L001_R1_001_realign.bam -L /home/beris/Broad_Ref_Pipeline_approved_package/workflow_profiler/.queue/scatterGather/ExampleHaplotypeCaller-1-sg/temp_25_of_36/scatter.intervals -R /home/beris/Broad_Ref_Pipeline_approved_package/homosapiensrefgenome/Homo_sapiens_assembly19.fasta -variant_index_type LINEAR -variant_index_parameter 128000 -o /home/beris/Broad_Ref_Pipeline_approved_package/workflow_profiler/.queue/scatterGather/ExampleHaplotypeCaller-1-sg/temp_25_of_36/FC1-NA12878-01_S1_L001_R1_001_realign.bam_HaplotypeCaller.g.vcf -ERC GVCF 
INFO  20:39:39,752 HelpFormatter - Executing as beris@dna on Linux 2.6.32-573.el6.x86_64 amd64; OpenJDK 64-Bit Server VM 1.7.0_79-mockbuild_2015_07_24_09_26-b00. 
INFO  20:39:39,753 HelpFormatter - Date/Time: 2015/11/05 20:39:39 
INFO  20:39:39,753 HelpFormatter - --------------------------------------------------------------------------------- 
INFO  20:39:39,753 HelpFormatter - --------------------------------------------------------------------------------- 
WARN  20:39:39,823 GATKVCFUtils - Naming your output file using the .g.vcf extension will automatically set the appropriate values  for --variant_index_type and --variant_index_parameter 
INFO  20:39:40,010 GenomeAnalysisEngine - Strictness is SILENT 
INFO  20:39:40,193 GenomeAnalysisEngine - Downsampling Settings: Method: BY_SAMPLE, Target Coverage: 500 
INFO  20:39:40,204 SAMDataSource$SAMReaders - Initializing SAMRecords in serial 
INFO  20:39:40,285 SAMDataSource$SAMReaders - Done initializing BAM readers: total time 0.08 
INFO  20:39:40,294 HCMappingQualityFilter - Filtering out reads with MAPQ < 20 
INFO  20:39:40,612 IntervalUtils - Processing 1017715 bp from intervals 
INFO  20:39:40,748 GenomeAnalysisEngine - Preparing for traversal over 1 BAM files 
INFO  20:39:41,219 GenomeAnalysisEngine - Done preparing for traversal 
INFO  20:39:41,219 ProgressMeter - [INITIALIZATION COMPLETE; STARTING PROCESSING] 
INFO  20:39:41,220 ProgressMeter -                 |      processed |    time |         per 1M |           |   total | remaining 
INFO  20:39:41,220 ProgressMeter -        Location | active regions | elapsed | active regions | completed | runtime |   runtime 
INFO  20:39:41,222 HaplotypeCaller - Standard Emitting and Calling confidence set to 0.0 for reference-model confidence output 
INFO  20:39:41,222 HaplotypeCaller - All sites annotated with PLs forced to true for reference-model confidence output 
INFO  20:39:41,443 HaplotypeCaller - Using global mismapping rate of 45 => -4.5 in log10 likelihood units 
Using AVX accelerated implementation of PairHMM
INFO  20:39:43,839 VectorLoglessPairHMM - libVectorLoglessPairHMM unpacked successfully from GATK jar file 
INFO  20:39:43,839 VectorLoglessPairHMM - Using vectorized implementation of PairHMM 
WARN  20:39:44,010 HaplotypeScore - Annotation will not be calculated, must be called from UnifiedGenotyper 
WARN  20:39:44,011 InbreedingCoeff - Annotation will not be calculated, must provide a valid PED file (-ped) from the command line. 
INFO  20:40:11,225 ProgressMeter -     14:31867828      9.2449706E7    30.0 s            0.0 s       22.1%     2.3 m     105.0 s 
INFO  20:40:41,228 ProgressMeter -     14:68229389     9.00317736E8    60.0 s            0.0 s       58.4%   102.0 s      42.0 s 
WARN  20:40:41,730 ExactAFCalculator - this tool is currently set to genotype at most 6 alternate alleles in a given context, but the context at 14:68252979 has 9 alternate alleles so only the top alleles will be used; see the --max_alternate_alleles argument 
INFO  20:41:11,232 ProgressMeter -     14:94909097    2.288497285E9    90.0 s            0.0 s       91.5%    98.0 s       8.0 s 
INFO  20:41:17,949 VectorLoglessPairHMM - Time spent in setup for JNI call : 0.041591198 
INFO  20:41:17,949 PairHMM - Total compute time in PairHMM computeLikelihoods() : 5.56716342 
INFO  20:41:17,949 HaplotypeCaller - Ran local assembly on 9810 active regions 
INFO  20:41:17,955 ProgressMeter -            done    2.752897098E9    96.0 s            0.0 s      100.0%    96.0 s       0.0 s 
INFO  20:41:17,955 ProgressMeter - Total runtime 96.74 secs, 1.61 min, 0.03 hours 
INFO  20:41:17,955 MicroScheduler - 138350 reads were filtered out during the traversal out of approximately 521898 total reads (26.51%) 
INFO  20:41:17,956 MicroScheduler -   -> 0 reads (0.00% of total) failing BadCigarFilter 
INFO  20:41:17,956 MicroScheduler -   -> 134414 reads (25.75% of total) failing DuplicateReadFilter 
INFO  20:41:17,956 MicroScheduler -   -> 0 reads (0.00% of total) failing FailsVendorQualityCheckFilter 
INFO  20:41:17,956 MicroScheduler -   -> 3892 reads (0.75% of total) failing HCMappingQualityFilter 
INFO  20:41:17,956 MicroScheduler -   -> 0 reads (0.00% of total) failing MalformedReadFilter 
INFO  20:41:17,957 MicroScheduler -   -> 0 reads (0.00% of total) failing MappingQualityUnavailableFilter 
INFO  20:41:17,957 MicroScheduler -   -> 44 reads (0.01% of total) failing NotPrimaryAlignmentFilter 
INFO  20:41:17,957 MicroScheduler -   -> 0 reads (0.00% of total) failing UnmappedReadFilter 
