INFO  20:48:09,832 HelpFormatter - --------------------------------------------------------------------------------- 
INFO  20:48:09,897 HelpFormatter - The Genome Analysis Toolkit (GATK) v3.4-46-g8ea4dca, Compiled 2015/08/13 20:41:56 
INFO  20:48:09,898 HelpFormatter - Copyright (c) 2010 The Broad Institute 
INFO  20:48:09,898 HelpFormatter - For support and documentation go to http://www.broadinstitute.org/gatk 
INFO  20:48:09,902 HelpFormatter - Program Args: -T HaplotypeCaller -I /mnt/nvme0n1/data/broadout/HG02771_gatk_best_practices_8t_30s_2016-07-06_18-21-02/HG02771_final.bam -L /mnt/nvme0n1/Broad_Ref_Pipeline_approved_package/workflow_profiler/.queue/scatterGather/ExampleHaplotypeCaller-1-sg/temp_25_of_36/scatter.intervals -R /mnt/nvme0n1/Broad_Ref_Pipeline_approved_package/b37bundle/human_g1k_v37.fasta -variant_index_type LINEAR -variant_index_parameter 128000 -o /mnt/nvme0n1/Broad_Ref_Pipeline_approved_package/workflow_profiler/.queue/scatterGather/ExampleHaplotypeCaller-1-sg/temp_25_of_36/HG02771_HaplotypeCaller.g.vcf -ERC GVCF 
INFO  20:48:10,037 HelpFormatter - Executing as bshifaw@application-1-1.hudson.intel.com on Linux 3.10.0-327.el7.x86_64 amd64; OpenJDK 64-Bit Server VM 1.8.0_91-b14. 
INFO  20:48:10,037 HelpFormatter - Date/Time: 2016/07/06 20:48:09 
INFO  20:48:10,045 HelpFormatter - --------------------------------------------------------------------------------- 
INFO  20:48:10,046 HelpFormatter - --------------------------------------------------------------------------------- 
WARN  20:48:10,090 GATKVCFUtils - Naming your output file using the .g.vcf extension will automatically set the appropriate values  for --variant_index_type and --variant_index_parameter 
INFO  20:48:10,853 GenomeAnalysisEngine - Strictness is SILENT 
INFO  20:48:11,806 GenomeAnalysisEngine - Downsampling Settings: Method: BY_SAMPLE, Target Coverage: 500 
INFO  20:48:11,854 SAMDataSource$SAMReaders - Initializing SAMRecords in serial 
INFO  20:48:12,065 SAMDataSource$SAMReaders - Done initializing BAM readers: total time 0.21 
INFO  20:48:12,125 HCMappingQualityFilter - Filtering out reads with MAPQ < 20 
INFO  20:48:12,654 IntervalUtils - Processing 1437965 bp from intervals 
INFO  20:48:13,337 GenomeAnalysisEngine - Preparing for traversal over 1 BAM files 
INFO  20:48:14,377 GenomeAnalysisEngine - Done preparing for traversal 
INFO  20:48:14,471 ProgressMeter - [INITIALIZATION COMPLETE; STARTING PROCESSING] 
INFO  20:48:14,471 ProgressMeter -                 |      processed |    time |         per 1M |           |   total | remaining 
INFO  20:48:14,493 ProgressMeter -        Location | active regions | elapsed | active regions | completed | runtime |   runtime 
INFO  20:48:14,522 HaplotypeCaller - Standard Emitting and Calling confidence set to 0.0 for reference-model confidence output 
INFO  20:48:14,522 HaplotypeCaller - All sites annotated with PLs forced to true for reference-model confidence output 
INFO  20:48:15,419 HaplotypeCaller - Using global mismapping rate of 45 => -4.5 in log10 likelihood units 
Using AVX accelerated implementation of PairHMM
INFO  20:48:28,558 VectorLoglessPairHMM - libVectorLoglessPairHMM unpacked successfully from GATK jar file 
INFO  20:48:28,558 VectorLoglessPairHMM - Using vectorized implementation of PairHMM 
WARN  20:48:30,346 HaplotypeScore - Annotation will not be calculated, must be called from UnifiedGenotyper 
WARN  20:48:30,346 InbreedingCoeff - Annotation will not be calculated, must provide a valid PED file (-ped) from the command line. 
INFO  20:48:44,594 ProgressMeter -     14:31364632          33928.0    30.0 s           14.8 m        0.3%     2.5 h       2.5 h 
INFO  20:49:14,595 ProgressMeter -     14:31570426         203127.0    60.0 s            4.9 m        0.7%     2.3 h       2.3 h 
INFO  20:49:44,596 ProgressMeter -     14:32902648        2191828.0    90.0 s           41.0 s        2.7%    55.6 m      54.1 m 
INFO  20:50:14,597 ProgressMeter -     14:35331314        6058725.0   120.0 s           19.0 s        4.5%    44.4 m      42.4 m 
INFO  20:50:44,598 ProgressMeter -     14:39562440       2.141649E7     2.5 m            7.0 s        7.9%    31.5 m      29.0 m 
INFO  20:51:14,602 ProgressMeter -     14:45686324      3.9398402E7     3.0 m            4.0 s       11.1%    26.9 m      23.9 m 
INFO  20:51:44,634 ProgressMeter -     14:51352280      8.8436812E7     3.5 m            2.0 s       16.1%    21.8 m      18.3 m 
INFO  20:52:14,635 ProgressMeter -     14:55618386     1.55792546E8     4.0 m            1.0 s       21.0%    19.1 m      15.1 m 
INFO  20:52:44,636 ProgressMeter -     14:60616731     2.50747435E8     4.5 m            1.0 s       26.7%    16.9 m      12.4 m 
INFO  20:53:14,637 ProgressMeter -     14:64656737     3.44820841E8     5.0 m            0.0 s       31.7%    15.8 m      10.8 m 
INFO  20:53:44,638 ProgressMeter -     14:67849980     4.45185492E8     5.5 m            0.0 s       36.0%    15.3 m       9.8 m 
INFO  20:54:14,639 ProgressMeter -     14:70924776     5.68867027E8     6.0 m            0.0 s       40.5%    14.8 m       8.8 m 
INFO  20:54:44,641 ProgressMeter -     14:73989508      6.9510824E8     6.5 m            0.0 s       45.0%    14.4 m       7.9 m 
INFO  20:55:14,642 ProgressMeter -     14:75500070     8.62022401E8     7.0 m            0.0 s       50.5%    13.9 m       6.9 m 
INFO  20:55:44,643 ProgressMeter -     14:77753035    1.006167442E9     7.5 m            0.0 s       54.4%    13.8 m       6.3 m 
INFO  20:56:14,644 ProgressMeter -     14:81950578    1.162030593E9     8.0 m            0.0 s       58.1%    13.8 m       5.8 m 
INFO  20:56:44,645 ProgressMeter -     14:91774645     1.39513395E9     8.5 m            0.0 s       63.3%    13.4 m       4.9 m 
INFO  20:57:14,647 ProgressMeter -     14:94394552    1.655923879E9     9.0 m            0.0 s       68.6%    13.1 m       4.1 m 
INFO  20:57:44,653 ProgressMeter -     14:96770780    1.847226106E9     9.5 m            0.0 s       72.9%    13.0 m       3.5 m 
INFO  20:58:14,654 ProgressMeter -    14:101520995    2.148229955E9    10.0 m            0.0 s       77.9%    12.8 m       2.8 m 
INFO  20:58:44,673 ProgressMeter -    14:104135796    2.417495578E9    10.5 m            0.0 s       83.9%    12.5 m     120.0 s 
INFO  20:59:14,675 ProgressMeter -    14:105416583     2.59835036E9    11.0 m            0.0 s       88.2%    12.5 m      88.0 s 
INFO  20:59:44,676 ProgressMeter -    14:106405959    2.781668639E9    11.5 m            0.0 s       92.1%    12.5 m      59.0 s 
INFO  21:00:14,677 ProgressMeter -    14:106830020    2.812262849E9    12.0 m            0.0 s       93.0%    12.9 m      54.0 s 
INFO  21:00:44,679 ProgressMeter -    14:107198880    2.836404024E9    12.5 m            0.0 s       93.6%    13.4 m      51.0 s 
INFO  21:01:13,772 VectorLoglessPairHMM - Time spent in setup for JNI call : 0.491678834 
INFO  21:01:13,773 PairHMM - Total compute time in PairHMM computeLikelihoods() : 97.84147703100001 
INFO  21:01:13,773 HaplotypeCaller - Ran local assembly on 8798 active regions 
INFO  21:01:13,781 ProgressMeter -            done    2.856089767E9    13.0 m            0.0 s      100.0%    13.0 m       0.0 s 
INFO  21:01:13,782 ProgressMeter - Total runtime 779.31 secs, 12.99 min, 0.22 hours 
INFO  21:01:13,783 MicroScheduler - 381444 reads were filtered out during the traversal out of approximately 2368836 total reads (16.10%) 
INFO  21:01:13,783 MicroScheduler -   -> 0 reads (0.00% of total) failing BadCigarFilter 
INFO  21:01:13,783 MicroScheduler -   -> 310669 reads (13.11% of total) failing DuplicateReadFilter 
INFO  21:01:13,784 MicroScheduler -   -> 0 reads (0.00% of total) failing FailsVendorQualityCheckFilter 
INFO  21:01:13,784 MicroScheduler -   -> 70590 reads (2.98% of total) failing HCMappingQualityFilter 
INFO  21:01:13,784 MicroScheduler -   -> 0 reads (0.00% of total) failing MalformedReadFilter 
INFO  21:01:13,785 MicroScheduler -   -> 0 reads (0.00% of total) failing MappingQualityUnavailableFilter 
INFO  21:01:13,785 MicroScheduler -   -> 185 reads (0.01% of total) failing NotPrimaryAlignmentFilter 
INFO  21:01:13,785 MicroScheduler -   -> 0 reads (0.00% of total) failing UnmappedReadFilter 
