INFO  19:29:53,110 HelpFormatter - --------------------------------------------------------------------------------- 
INFO  19:29:53,113 HelpFormatter - The Genome Analysis Toolkit (GATK) v3.4-46-g8ea4dca, Compiled 2015/08/13 20:41:56 
INFO  19:29:53,113 HelpFormatter - Copyright (c) 2010 The Broad Institute 
INFO  19:29:53,114 HelpFormatter - For support and documentation go to http://www.broadinstitute.org/gatk 
INFO  19:29:53,117 HelpFormatter - Program Args: -T IndelRealigner -I /mnt/nvme0n1/data/broadout/HG02561_gatk_best_practices_8t_30s_2016-07-06_18-21-00/HG02561_dupRem.bam -L /mnt/nvme0n1/Broad_Ref_Pipeline_approved_package/workflow_profiler/.queue/scatterGather/ExampleIndelRealigner-1-sg/temp_21_of_36/scatter.intervals -R /mnt/nvme0n1/Broad_Ref_Pipeline_approved_package/b37bundle/human_g1k_v37.fasta -known /mnt/nvme0n1/Broad_Ref_Pipeline_approved_package/b37bundle/1000G_phase1.indels.b37.vcf -targetIntervals /mnt/nvme0n1/data/broadout/HG02561_gatk_best_practices_8t_30s_2016-07-06_18-21-00/HG02561_realn.intervals -o /mnt/nvme0n1/Broad_Ref_Pipeline_approved_package/workflow_profiler/.queue/scatterGather/ExampleIndelRealigner-1-sg/temp_21_of_36/HG02561_realign.bam -filterNoBases 
INFO  19:29:53,154 HelpFormatter - Executing as bshifaw@application-1-1.hudson.intel.com on Linux 3.10.0-327.el7.x86_64 amd64; OpenJDK 64-Bit Server VM 1.8.0_91-b14. 
INFO  19:29:53,155 HelpFormatter - Date/Time: 2016/07/06 19:29:53 
INFO  19:29:53,155 HelpFormatter - --------------------------------------------------------------------------------- 
INFO  19:29:53,156 HelpFormatter - --------------------------------------------------------------------------------- 
INFO  19:29:53,925 GenomeAnalysisEngine - Strictness is SILENT 
INFO  19:29:54,200 GenomeAnalysisEngine - Downsampling Settings: No downsampling 
INFO  19:29:54,214 SAMDataSource$SAMReaders - Initializing SAMRecords in serial 
INFO  19:29:54,393 SAMDataSource$SAMReaders - Done initializing BAM readers: total time 0.16 
INFO  19:29:54,703 IntervalUtils - Processing 48129895 bp from intervals 
INFO  19:29:54,948 GenomeAnalysisEngine - Preparing for traversal over 1 BAM files 
INFO  19:29:55,511 GenomeAnalysisEngine - Done preparing for traversal 
INFO  19:29:55,512 ProgressMeter - [INITIALIZATION COMPLETE; STARTING PROCESSING] 
INFO  19:29:55,512 ProgressMeter -                 | processed |    time |    per 1M |           |   total | remaining 
INFO  19:29:55,512 ProgressMeter -        Location |     reads | elapsed |     reads | completed | runtime |   runtime 
INFO  19:29:55,919 ReadShardBalancer$1 - Loading BAM index data 
INFO  19:29:56,118 ReadShardBalancer$1 - Done loading BAM index data 
INFO  19:30:28,076 ProgressMeter -     21:31062133    200007.0    32.0 s       2.7 m       64.5%    49.0 s      17.0 s 
INFO  19:30:58,295 ProgressMeter -     21:40646367    500011.0    62.0 s       2.1 m       84.5%    73.0 s      11.0 s 
INFO  19:31:28,149 ProgressMeter -            done   1085585.0    92.0 s      85.0 s      100.0%    92.0 s       0.0 s 
INFO  19:31:28,151 ProgressMeter - Total runtime 92.64 secs, 1.54 min, 0.03 hours 
INFO  19:31:28,154 MicroScheduler - 24681 reads were filtered out during the traversal out of approximately 1110266 total reads (2.22%) 
INFO  19:31:28,162 MicroScheduler -   -> 0 reads (0.00% of total) failing BadCigarFilter 
INFO  19:31:28,163 MicroScheduler -   -> 24681 reads (2.22% of total) failing MalformedReadFilter 
