INFO  17:50:50,693 HelpFormatter - --------------------------------------------------------------------------------- 
INFO  17:50:50,709 HelpFormatter - The Genome Analysis Toolkit (GATK) v3.4-46-g8ea4dca, Compiled 2015/08/13 20:41:56 
INFO  17:50:50,717 HelpFormatter - Copyright (c) 2010 The Broad Institute 
INFO  17:50:50,717 HelpFormatter - For support and documentation go to http://www.broadinstitute.org/gatk 
INFO  17:50:50,721 HelpFormatter - Program Args: -T IndelRealigner -I /mnt/sdb/data/broadout/HG02769_gatk_best_practices_8t_30s_2016-07-25_16-38-44/HG02769_dupRem.bam -L /mnt/sdb/Broad_Ref_Pipeline_approved_package/workflow_profiler/.queue/scatterGather/ExampleIndelRealigner-1-sg/temp_21_of_36/scatter.intervals -R /mnt/sdb/Broad_Ref_Pipeline_approved_package/b37bundle/human_g1k_v37.fasta -known /mnt/sdb/Broad_Ref_Pipeline_approved_package/b37bundle/1000G_phase1.indels.b37.vcf -targetIntervals /mnt/sdb/data/broadout/HG02769_gatk_best_practices_8t_30s_2016-07-25_16-38-44/HG02769_realn.intervals -o /mnt/sdb/Broad_Ref_Pipeline_approved_package/workflow_profiler/.queue/scatterGather/ExampleIndelRealigner-1-sg/temp_21_of_36/HG02769_realign.bam -filterNoBases 
INFO  17:50:50,729 HelpFormatter - Executing as bshifaw@application-0-1.hudson.intel.com on Linux 3.10.0-327.el7.x86_64 amd64; OpenJDK 64-Bit Server VM 1.8.0_101-b13. 
INFO  17:50:50,731 HelpFormatter - Date/Time: 2016/07/25 17:50:50 
INFO  17:50:50,731 HelpFormatter - --------------------------------------------------------------------------------- 
INFO  17:50:50,731 HelpFormatter - --------------------------------------------------------------------------------- 
INFO  17:50:51,785 GenomeAnalysisEngine - Strictness is SILENT 
INFO  17:50:51,953 GenomeAnalysisEngine - Downsampling Settings: No downsampling 
INFO  17:50:51,962 SAMDataSource$SAMReaders - Initializing SAMRecords in serial 
INFO  17:50:52,142 SAMDataSource$SAMReaders - Done initializing BAM readers: total time 0.18 
INFO  17:50:52,424 IntervalUtils - Processing 48129895 bp from intervals 
INFO  17:50:52,718 GenomeAnalysisEngine - Preparing for traversal over 1 BAM files 
INFO  17:50:53,195 GenomeAnalysisEngine - Done preparing for traversal 
INFO  17:50:53,196 ProgressMeter - [INITIALIZATION COMPLETE; STARTING PROCESSING] 
INFO  17:50:53,196 ProgressMeter -                 | processed |    time |    per 1M |           |   total | remaining 
INFO  17:50:53,196 ProgressMeter -        Location |     reads | elapsed |     reads | completed | runtime |   runtime 
INFO  17:50:53,464 ReadShardBalancer$1 - Loading BAM index data 
INFO  17:50:53,718 ReadShardBalancer$1 - Done loading BAM index data 
INFO  17:51:23,269 ProgressMeter -     21:18890926    100001.0    30.0 s       5.0 m       39.2%    76.0 s      46.0 s 
INFO  17:51:56,723 ProgressMeter -     21:43796703    600012.0    63.0 s     105.0 s       91.0%    69.0 s       6.0 s 
INFO  17:52:26,925 ProgressMeter -     21:47855959   1000025.0    93.0 s      93.0 s       99.4%    93.0 s       0.0 s 
INFO  17:52:30,108 ProgressMeter -            done   1044904.0    96.0 s      92.0 s      100.0%    96.0 s       0.0 s 
INFO  17:52:30,108 ProgressMeter - Total runtime 96.91 secs, 1.62 min, 0.03 hours 
INFO  17:52:30,112 MicroScheduler - 27740 reads were filtered out during the traversal out of approximately 1072644 total reads (2.59%) 
INFO  17:52:30,112 MicroScheduler -   -> 0 reads (0.00% of total) failing BadCigarFilter 
INFO  17:52:30,112 MicroScheduler -   -> 27740 reads (2.59% of total) failing MalformedReadFilter 
