INFO  14:26:25,372 HelpFormatter - --------------------------------------------------------------------------------- 
INFO  14:26:25,374 HelpFormatter - The Genome Analysis Toolkit (GATK) v3.4-46-g8ea4dca, Compiled 2015/08/13 20:41:56 
INFO  14:26:25,382 HelpFormatter - Copyright (c) 2010 The Broad Institute 
INFO  14:26:25,382 HelpFormatter - For support and documentation go to http://www.broadinstitute.org/gatk 
INFO  14:26:25,394 HelpFormatter - Program Args: -T PrintReads -I /mnt/sdb/data/broadout/sim1M_pairs_gatk_best_practices_12t_30s_2016-07-25_14-09-52/sim1M_pairs_realign.bam -L /mnt/sdb/Broad_Ref_Pipeline_approved_package/workflow_profiler/.queue/scatterGather/ExamplePrintReads-1-sg/temp_18_of_36/scatter.intervals -R /mnt/sdb/Broad_Ref_Pipeline_approved_package/b37bundle/human_g1k_v37.fasta -BQSR /mnt/sdb/data/broadout/sim1M_pairs_gatk_best_practices_12t_30s_2016-07-25_14-09-52/sim1M_pairs_recal.grp -o /mnt/sdb/Broad_Ref_Pipeline_approved_package/workflow_profiler/.queue/scatterGather/ExamplePrintReads-1-sg/temp_18_of_36/sim1M_pairs_final.bam 
INFO  14:26:25,445 HelpFormatter - Executing as bshifaw@application-0-1.hudson.intel.com on Linux 3.10.0-327.el7.x86_64 amd64; OpenJDK 64-Bit Server VM 1.8.0_101-b13. 
INFO  14:26:25,445 HelpFormatter - Date/Time: 2016/07/25 14:26:25 
INFO  14:26:25,445 HelpFormatter - --------------------------------------------------------------------------------- 
INFO  14:26:25,446 HelpFormatter - --------------------------------------------------------------------------------- 
INFO  14:26:25,784 GenomeAnalysisEngine - Strictness is SILENT 
INFO  14:26:27,835 ContextCovariate - 		Context sizes: base substitution model 2, indel substitution model 3 
INFO  14:26:27,926 GenomeAnalysisEngine - Downsampling Settings: No downsampling 
INFO  14:26:28,001 SAMDataSource$SAMReaders - Initializing SAMRecords in serial 
INFO  14:26:28,156 SAMDataSource$SAMReaders - Done initializing BAM readers: total time 0.15 
INFO  14:26:28,199 IntervalUtils - Processing 78077248 bp from intervals 
INFO  14:26:28,370 GenomeAnalysisEngine - Preparing for traversal over 1 BAM files 
INFO  14:26:28,791 GenomeAnalysisEngine - Done preparing for traversal 
INFO  14:26:28,806 ProgressMeter - [INITIALIZATION COMPLETE; STARTING PROCESSING] 
INFO  14:26:28,808 ProgressMeter -                 | processed |    time |    per 1M |           |   total | remaining 
INFO  14:26:28,808 ProgressMeter -        Location |     reads | elapsed |     reads | completed | runtime |   runtime 
INFO  14:26:28,823 ReadShardBalancer$1 - Loading BAM index data 
INFO  14:26:29,411 ReadShardBalancer$1 - Done loading BAM index data 
INFO  14:26:38,228 Walker - [REDUCE RESULT] Traversal result is: org.broadinstitute.gatk.engine.io.stubs.SAMFileWriterStub@2a6e54c2 
INFO  14:26:38,316 ProgressMeter -            done     48068.0     9.0 s       3.3 m       99.8%     9.0 s       0.0 s 
INFO  14:26:38,316 ProgressMeter - Total runtime 9.51 secs, 0.16 min, 0.00 hours 
INFO  14:26:38,317 MicroScheduler - 0 reads were filtered out during the traversal out of approximately 48068 total reads (0.00%) 
INFO  14:26:38,317 MicroScheduler -   -> 0 reads (0.00% of total) failing BadCigarFilter 
INFO  14:26:38,317 MicroScheduler -   -> 0 reads (0.00% of total) failing MalformedReadFilter 
