INFO  16:01:11,343 HelpFormatter - --------------------------------------------------------------------------------- 
INFO  16:01:11,351 HelpFormatter - The Genome Analysis Toolkit (GATK) v3.4-46-g8ea4dca, Compiled 2015/08/13 20:41:56 
INFO  16:01:11,351 HelpFormatter - Copyright (c) 2010 The Broad Institute 
INFO  16:01:11,351 HelpFormatter - For support and documentation go to http://www.broadinstitute.org/gatk 
INFO  16:01:11,355 HelpFormatter - Program Args: -T BaseRecalibrator -I /mnt/sdb/data/broadout/sim1M_pairs_gatk_best_practices_36t_30s_2016-09-26_15-40-42/sim1M_pairs_realign.bam -L /home/bshifaw/gitrepos/Reference-Design/Broad_Ref_Pip/workflow_profiler/.queue/scatterGather/ExampleBaseRecalibrator-1-sg/temp_04_of_36/scatter.intervals -R /mnt/sdb/Broad_Ref_Pipeline_approved_package/homosapiensrefgenome/Homo_sapiens_assembly19.fasta -knownSites /mnt/sdb/Broad_Ref_Pipeline_approved_package/homosapiensrefgenome/Homo_sapiens_assembly19.dbsnp.vcf -o /home/bshifaw/gitrepos/Reference-Design/Broad_Ref_Pip/workflow_profiler/.queue/scatterGather/ExampleBaseRecalibrator-1-sg/temp_04_of_36/sim1M_pairs_recal.grp 
INFO  16:01:11,363 HelpFormatter - Executing as bshifaw@application-0-1.hudson.intel.com on Linux 3.10.0-327.13.1.el7.x86_64 amd64; OpenJDK 64-Bit Server VM 1.8.0_102-b14. 
INFO  16:01:11,368 HelpFormatter - Date/Time: 2016/09/26 16:01:11 
INFO  16:01:11,369 HelpFormatter - --------------------------------------------------------------------------------- 
INFO  16:01:11,382 HelpFormatter - --------------------------------------------------------------------------------- 
INFO  16:01:11,508 GenomeAnalysisEngine - Strictness is SILENT 
INFO  16:01:11,680 GenomeAnalysisEngine - Downsampling Settings: No downsampling 
INFO  16:01:11,693 SAMDataSource$SAMReaders - Initializing SAMRecords in serial 
INFO  16:01:11,758 SAMDataSource$SAMReaders - Done initializing BAM readers: total time 0.04 
INFO  16:01:12,247 IntervalUtils - Processing 191154276 bp from intervals 
INFO  16:01:12,415 GenomeAnalysisEngine - Preparing for traversal over 1 BAM files 
INFO  16:01:12,900 GenomeAnalysisEngine - Done preparing for traversal 
INFO  16:01:12,914 ProgressMeter - [INITIALIZATION COMPLETE; STARTING PROCESSING] 
INFO  16:01:12,914 ProgressMeter -                 | processed |    time |    per 1M |           |   total | remaining 
INFO  16:01:12,915 ProgressMeter -        Location |     reads | elapsed |     reads | completed | runtime |   runtime 
INFO  16:01:13,073 BaseRecalibrator - The covariates being used here:  
INFO  16:01:13,076 BaseRecalibrator - 	ReadGroupCovariate 
INFO  16:01:13,078 BaseRecalibrator - 	QualityScoreCovariate 
INFO  16:01:13,079 BaseRecalibrator - 	ContextCovariate 
INFO  16:01:13,080 ContextCovariate - 		Context sizes: base substitution model 2, indel substitution model 3 
INFO  16:01:13,080 BaseRecalibrator - 	CycleCovariate 
INFO  16:01:13,095 ReadShardBalancer$1 - Loading BAM index data 
INFO  16:01:14,372 ReadShardBalancer$1 - Done loading BAM index data 
INFO  16:01:43,063 ProgressMeter -        Starting         0.0    30.0 s      49.8 w      100.0%    30.0 s       0.0 s 
INFO  16:02:13,066 ProgressMeter -        Starting         0.0    60.0 s      99.5 w      100.0%    60.0 s       0.0 s 
INFO  16:02:43,068 ProgressMeter -     4:159564303         0.0    90.0 s     149.1 w       83.5%   107.0 s      17.0 s 
INFO  16:02:47,068 BaseRecalibrator - Calculating quantized quality scores... 
INFO  16:02:47,087 BaseRecalibrator - Writing recalibration report... 
INFO  16:02:47,785 BaseRecalibrator - ...done! 
INFO  16:02:47,785 BaseRecalibrator - BaseRecalibrator was able to recalibrate 119960 reads 
INFO  16:02:47,786 ProgressMeter -            done    119960.0    94.0 s      13.2 m       99.9%    94.0 s       0.0 s 
INFO  16:02:47,787 ProgressMeter - Total runtime 94.87 secs, 1.58 min, 0.03 hours 
INFO  16:02:47,787 MicroScheduler - 945 reads were filtered out during the traversal out of approximately 120905 total reads (0.78%) 
INFO  16:02:47,787 MicroScheduler -   -> 0 reads (0.00% of total) failing BadCigarFilter 
INFO  16:02:47,787 MicroScheduler -   -> 0 reads (0.00% of total) failing DuplicateReadFilter 
INFO  16:02:47,787 MicroScheduler -   -> 0 reads (0.00% of total) failing FailsVendorQualityCheckFilter 
INFO  16:02:47,788 MicroScheduler -   -> 0 reads (0.00% of total) failing MalformedReadFilter 
INFO  16:02:47,788 MicroScheduler -   -> 0 reads (0.00% of total) failing MappingQualityUnavailableFilter 
INFO  16:02:47,788 MicroScheduler -   -> 934 reads (0.77% of total) failing MappingQualityZeroFilter 
INFO  16:02:47,788 MicroScheduler -   -> 11 reads (0.01% of total) failing NotPrimaryAlignmentFilter 
INFO  16:02:47,788 MicroScheduler -   -> 0 reads (0.00% of total) failing UnmappedReadFilter 
