INFO  09:26:32,306 HelpFormatter - --------------------------------------------------------------------------------- 
INFO  09:26:32,308 HelpFormatter - The Genome Analysis Toolkit (GATK) v3.4-46-g8ea4dca, Compiled 2015/08/13 20:41:56 
INFO  09:26:32,309 HelpFormatter - Copyright (c) 2010 The Broad Institute 
INFO  09:26:32,309 HelpFormatter - For support and documentation go to http://www.broadinstitute.org/gatk 
INFO  09:26:32,312 HelpFormatter - Program Args: -T PrintReads -I /mnt/ssdbroad/output/Solexa-272221_gatk_best_practices_36t_30s_2016-02-11_11-59-19/Solexa-272221_realign.bam -L /mnt/ssdbroad/Broad_Ref_Pipeline_approved_package/workflow_profiler/.queue/scatterGather/ExamplePrintReads-1-sg/temp_36_of_36/scatter.intervals -L unmapped -R /mnt/ssdbroad/Broad_Ref_Pipeline_approved_package/homosapiensrefgenome/Homo_sapiens_assembly19.fasta -BQSR /mnt/ssdbroad/output/Solexa-272221_gatk_best_practices_36t_30s_2016-02-11_11-59-19/Solexa-272221_recal.grp -o /mnt/ssdbroad/Broad_Ref_Pipeline_approved_package/workflow_profiler/.queue/scatterGather/ExamplePrintReads-1-sg/temp_36_of_36/Solexa-272221_final.bam 
INFO  09:26:32,347 HelpFormatter - Executing as beris@dna on Linux 2.6.32-573.el6.x86_64 amd64; OpenJDK 64-Bit Server VM 1.7.0_79-mockbuild_2015_07_24_09_26-b00. 
INFO  09:26:32,347 HelpFormatter - Date/Time: 2016/02/12 09:26:32 
INFO  09:26:32,347 HelpFormatter - --------------------------------------------------------------------------------- 
INFO  09:26:32,348 HelpFormatter - --------------------------------------------------------------------------------- 
INFO  09:26:32,471 GenomeAnalysisEngine - Strictness is SILENT 
INFO  09:26:33,596 ContextCovariate - 		Context sizes: base substitution model 2, indel substitution model 3 
INFO  09:26:33,692 GenomeAnalysisEngine - Downsampling Settings: No downsampling 
INFO  09:26:33,711 SAMDataSource$SAMReaders - Initializing SAMRecords in serial 
INFO  09:26:33,759 SAMDataSource$SAMReaders - Done initializing BAM readers: total time 0.05 
INFO  09:26:33,776 IntervalUtils - Processing 6010812 bp from intervals 
INFO  09:26:33,864 GenomeAnalysisEngine - Preparing for traversal over 1 BAM files 
INFO  09:26:33,997 GenomeAnalysisEngine - Done preparing for traversal 
INFO  09:26:33,997 ProgressMeter - [INITIALIZATION COMPLETE; STARTING PROCESSING] 
INFO  09:26:33,998 ProgressMeter -                 | processed |    time |    per 1M |           |   total | remaining 
INFO  09:26:33,998 ProgressMeter -        Location |     reads | elapsed |     reads | completed | runtime |   runtime 
INFO  09:26:34,018 ReadShardBalancer$1 - Loading BAM index data 
INFO  09:26:34,021 ReadShardBalancer$1 - Done loading BAM index data 
INFO  09:26:34,654 ReadShardBalancer$1 - Loading BAM index data 
INFO  09:26:34,657 ReadShardBalancer$1 - Done loading BAM index data 
INFO  09:26:38,051 ReadShardBalancer$1 - Loading BAM index data 
INFO  09:26:38,052 ReadShardBalancer$1 - Done loading BAM index data 
INFO  09:26:48,860 ReadShardBalancer$1 - Loading BAM index data 
INFO  09:26:48,863 ReadShardBalancer$1 - Done loading BAM index data 
INFO  09:26:51,960 ReadShardBalancer$1 - Loading BAM index data 
INFO  09:26:52,645 ReadShardBalancer$1 - Done loading BAM index data 
INFO  09:26:53,905 ReadShardBalancer$1 - Loading BAM index data 
INFO  09:26:53,907 ReadShardBalancer$1 - Done loading BAM index data 
INFO  09:26:55,231 ReadShardBalancer$1 - Loading BAM index data 
INFO  09:26:55,234 ReadShardBalancer$1 - Done loading BAM index data 
INFO  09:26:58,826 ReadShardBalancer$1 - Loading BAM index data 
INFO  09:26:58,828 ReadShardBalancer$1 - Done loading BAM index data 
INFO  09:27:00,592 ReadShardBalancer$1 - Loading BAM index data 
INFO  09:27:00,594 ReadShardBalancer$1 - Done loading BAM index data 
INFO  09:27:01,198 ReadShardBalancer$1 - Loading BAM index data 
INFO  09:27:01,200 ReadShardBalancer$1 - Done loading BAM index data 
INFO  09:27:05,129 ReadShardBalancer$1 - Loading BAM index data 
INFO  09:27:05,131 ReadShardBalancer$1 - Done loading BAM index data 
INFO  09:27:08,212 ProgressMeter - GL000234.1:4679     64972.0    34.0 s       8.8 m        5.9%     9.6 m       9.0 m 
INFO  09:27:15,735 ReadShardBalancer$1 - Loading BAM index data 
INFO  09:27:15,737 ReadShardBalancer$1 - Done loading BAM index data 
INFO  09:27:27,402 ReadShardBalancer$1 - Loading BAM index data 
INFO  09:27:27,404 ReadShardBalancer$1 - Done loading BAM index data 
INFO  09:27:28,003 ReadShardBalancer$1 - Loading BAM index data 
INFO  09:27:28,005 ReadShardBalancer$1 - Done loading BAM index data 
INFO  09:27:29,925 ReadShardBalancer$1 - Loading BAM index data 
INFO  09:27:29,927 ReadShardBalancer$1 - Done loading BAM index data 
INFO  09:27:31,020 ReadShardBalancer$1 - Loading BAM index data 
INFO  09:27:31,022 ReadShardBalancer$1 - Done loading BAM index data 
INFO  09:27:40,825 ProgressMeter - GL000241.1:18934    220831.0    66.0 s       5.0 m        9.6%    11.5 m      10.4 m 
INFO  09:27:46,150 ReadShardBalancer$1 - Loading BAM index data 
INFO  09:27:46,152 ReadShardBalancer$1 - Done loading BAM index data 
INFO  09:27:52,198 ReadShardBalancer$1 - Loading BAM index data 
INFO  09:27:52,200 ReadShardBalancer$1 - Done loading BAM index data 
INFO  09:27:52,852 ReadShardBalancer$1 - Loading BAM index data 
INFO  09:27:52,854 ReadShardBalancer$1 - Done loading BAM index data 
INFO  09:27:59,009 ReadShardBalancer$1 - Loading BAM index data 
INFO  09:27:59,015 ReadShardBalancer$1 - Done loading BAM index data 
INFO  09:28:10,091 ReadShardBalancer$1 - Loading BAM index data 
INFO  09:28:10,093 ReadShardBalancer$1 - Done loading BAM index data 
INFO  09:28:10,851 ProgressMeter - GL000233.1:13972    371535.0    96.0 s       4.3 m       13.1%    12.2 m      10.6 m 
INFO  09:28:12,166 ReadShardBalancer$1 - Loading BAM index data 
INFO  09:28:12,169 ReadShardBalancer$1 - Done loading BAM index data 
INFO  09:28:27,265 ReadShardBalancer$1 - Loading BAM index data 
INFO  09:28:27,267 ReadShardBalancer$1 - Done loading BAM index data 
INFO  09:28:40,852 ProgressMeter - GL000208.1:63911    518616.0     2.1 m       4.1 m       17.6%    12.0 m       9.9 m 
INFO  09:28:51,218 ReadShardBalancer$1 - Loading BAM index data 
INFO  09:28:51,221 ReadShardBalancer$1 - Done loading BAM index data 
INFO  09:28:53,649 ReadShardBalancer$1 - Loading BAM index data 
INFO  09:28:53,652 ReadShardBalancer$1 - Done loading BAM index data 
INFO  09:28:55,351 ReadShardBalancer$1 - Loading BAM index data 
INFO  09:28:55,354 ReadShardBalancer$1 - Done loading BAM index data 
INFO  09:29:10,853 ProgressMeter - GL000228.1:117331    770653.0     2.6 m       3.4 m       23.9%    10.9 m       8.3 m 
INFO  09:29:24,242 ReadShardBalancer$1 - Loading BAM index data 
INFO  09:29:24,245 ReadShardBalancer$1 - Done loading BAM index data 
INFO  09:29:40,854 ProgressMeter - GL000214.1:64618   1122536.0     3.1 m       2.8 m       25.2%    12.3 m       9.2 m 
INFO  09:30:04,578 ReadShardBalancer$1 - Loading BAM index data 
INFO  09:30:04,583 ReadShardBalancer$1 - Done loading BAM index data 
INFO  09:30:10,855 ProgressMeter - GL000214.1:136255   1322538.0     3.6 m       2.7 m       26.4%    13.7 m      10.1 m 
INFO  09:30:21,666 ReadShardBalancer$1 - Loading BAM index data 
INFO  09:30:21,669 ReadShardBalancer$1 - Done loading BAM index data 
INFO  09:30:22,208 ReadShardBalancer$1 - Loading BAM index data 
INFO  09:30:22,212 ReadShardBalancer$1 - Done loading BAM index data 
INFO  09:30:34,715 ReadShardBalancer$1 - Loading BAM index data 
INFO  09:30:34,718 ReadShardBalancer$1 - Done loading BAM index data 
INFO  09:30:40,856 ProgressMeter - GL000218.1:161142   1600791.0     4.1 m       2.6 m       34.3%    12.0 m       7.9 m 
INFO  09:31:10,857 ProgressMeter - GL000220.1:107620   1853524.0     4.6 m       2.5 m       36.1%    12.7 m       8.1 m 
INFO  09:31:40,905 ProgressMeter - GL000220.1:121224   2153567.0     5.1 m       2.4 m       36.3%    14.0 m       8.9 m 
INFO  09:32:12,476 ProgressMeter - GL000220.1:128010   2453638.0     5.6 m       2.3 m       36.4%    15.5 m       9.8 m 
INFO  09:32:42,477 ProgressMeter - GL000220.1:133604   2653765.0     6.1 m       2.3 m       36.5%    16.8 m      10.7 m 
INFO  09:33:12,479 ProgressMeter - GL000220.1:140453   2953820.0     6.6 m       2.2 m       36.6%    18.1 m      11.5 m 
INFO  09:33:42,480 ProgressMeter - GL000220.1:149111   3253895.0     7.1 m       2.2 m       36.8%    19.4 m      12.3 m 
INFO  09:33:53,512 ReadShardBalancer$1 - Loading BAM index data 
INFO  09:33:53,516 ReadShardBalancer$1 - Done loading BAM index data 
INFO  09:34:01,031 ReadShardBalancer$1 - Loading BAM index data 
INFO  09:34:01,035 ReadShardBalancer$1 - Done loading BAM index data 
INFO  09:34:04,577 ReadShardBalancer$1 - Loading BAM index data 
INFO  09:34:04,581 ReadShardBalancer$1 - Done loading BAM index data 
INFO  09:34:12,481 ProgressMeter - GL000199.1:9513   3620182.0     7.6 m       2.1 m       42.7%    17.9 m      10.3 m 
INFO  09:34:42,519 ProgressMeter - GL000199.1:52223   3920323.0     8.1 m       2.1 m       43.4%    18.8 m      10.6 m 
INFO  09:35:12,520 ProgressMeter - GL000199.1:67238   4120381.0     8.6 m       2.1 m       43.6%    19.8 m      11.2 m 
INFO  09:35:43,790 ProgressMeter - GL000199.1:79588   4520496.0     9.2 m       2.0 m       43.8%    20.9 m      11.7 m 
INFO  09:36:13,791 ProgressMeter - GL000199.1:92139   4820620.0     9.7 m     120.0 s       44.0%    21.9 m      12.3 m 
INFO  09:36:44,201 ProgressMeter - GL000199.1:108005   5120714.0    10.2 m     119.0 s       44.3%    23.0 m      12.8 m 
INFO  09:37:14,202 ProgressMeter - GL000199.1:134293   5420810.0    10.7 m     118.0 s       44.7%    23.8 m      13.2 m 
INFO  09:37:44,203 ProgressMeter - GL000199.1:156276   5720917.0    11.2 m     117.0 s       45.1%    24.8 m      13.6 m 
INFO  09:37:59,258 ReadShardBalancer$1 - Loading BAM index data 
INFO  09:37:59,262 ReadShardBalancer$1 - Done loading BAM index data 
INFO  09:38:00,729 ReadShardBalancer$1 - Loading BAM index data 
INFO  09:38:00,733 ReadShardBalancer$1 - Done loading BAM index data 
INFO  09:38:14,204 ProgressMeter - GL000216.1:4184   5986284.0    11.7 m     116.0 s       48.3%    24.2 m      12.5 m 
INFO  09:38:44,205 ProgressMeter - GL000216.1:61650   6386796.0    12.2 m     114.0 s       49.2%    24.7 m      12.6 m 
INFO  09:39:14,252 ProgressMeter - GL000216.1:145339   6687350.0    12.7 m     113.0 s       50.6%    25.0 m      12.4 m 
INFO  09:39:25,082 ReadShardBalancer$1 - Loading BAM index data 
INFO  09:39:25,085 ReadShardBalancer$1 - Done loading BAM index data 
INFO  09:39:32,220 ReadShardBalancer$1 - Loading BAM index data 
INFO  09:39:32,223 ReadShardBalancer$1 - Done loading BAM index data 
INFO  09:39:44,253 ProgressMeter - GL000205.1:111648   6873782.0    13.2 m     114.0 s       55.8%    23.6 m      10.4 m 
INFO  09:39:44,700 ReadShardBalancer$1 - Loading BAM index data 
INFO  09:39:44,704 ReadShardBalancer$1 - Done loading BAM index data 
INFO  09:40:03,043 ReadShardBalancer$1 - Loading BAM index data 
INFO  09:40:03,047 ReadShardBalancer$1 - Done loading BAM index data 
INFO  09:40:14,254 ProgressMeter - GL000224.1:2822   7216832.0    13.7 m     113.0 s       59.9%    22.8 m       9.2 m 
INFO  09:40:30,746 ReadShardBalancer$1 - Loading BAM index data 
INFO  09:40:30,749 ReadShardBalancer$1 - Done loading BAM index data 
INFO  09:40:39,304 ReadShardBalancer$1 - Loading BAM index data 
INFO  09:40:39,308 ReadShardBalancer$1 - Done loading BAM index data 
INFO  09:40:44,255 ProgressMeter - GL000195.1:9994   7528530.0    14.2 m     112.0 s       66.0%    21.5 m       7.3 m 
INFO  09:41:02,503 ReadShardBalancer$1 - Loading BAM index data 
INFO  09:41:02,506 ReadShardBalancer$1 - Done loading BAM index data 
INFO  09:41:14,256 ProgressMeter - GL000212.1:40774   7829012.0    14.7 m     112.0 s       69.5%    21.1 m       6.4 m 
INFO  09:41:43,812 ReadShardBalancer$1 - Loading BAM index data 
INFO  09:41:43,816 ReadShardBalancer$1 - Done loading BAM index data 
INFO  09:41:44,257 ProgressMeter - GL000212.1:131294   8129034.0    15.2 m     111.0 s       71.0%    21.4 m       6.2 m 
INFO  09:41:46,651 ReadShardBalancer$1 - Loading BAM index data 
INFO  09:41:46,655 ReadShardBalancer$1 - Done loading BAM index data 
INFO  09:41:53,729 ReadShardBalancer$1 - Loading BAM index data 
INFO  09:41:53,732 ReadShardBalancer$1 - Done loading BAM index data 
INFO  09:42:05,854 ReadShardBalancer$1 - Loading BAM index data 
INFO  09:42:05,858 ReadShardBalancer$1 - Done loading BAM index data 
INFO  09:42:14,258 ProgressMeter - GL000194.1:78663   8382397.0    15.7 m     112.0 s       82.6%    19.0 m       3.3 m 
INFO  09:42:20,124 ReadShardBalancer$1 - Loading BAM index data 
INFO  09:42:20,130 ReadShardBalancer$1 - Done loading BAM index data 
INFO  09:42:44,259 ProgressMeter - GL000225.1:66358   8690427.0    16.2 m     111.0 s       85.6%    18.9 m       2.7 m 
INFO  09:43:14,320 ProgressMeter - GL000225.1:126063   8990437.0    16.7 m     111.0 s       86.6%    19.2 m       2.6 m 
INFO  09:43:23,948 ReadShardBalancer$1 - Loading BAM index data 
INFO  09:43:23,954 ReadShardBalancer$1 - Done loading BAM index data 
INFO  09:43:40,368 ReadShardBalancer$1 - Loading BAM index data 
INFO  09:43:40,388 ReadShardBalancer$1 - Done loading BAM index data 
INFO  09:43:44,345 ProgressMeter - GL000192.1:499351   9256515.0    17.2 m     111.0 s       96.3%    17.8 m      39.0 s 
INFO  09:44:14,346 ProgressMeter - NC_007605:50354   9511793.0    17.7 m     111.0 s       98.0%    18.0 m      21.0 s 
INFO  09:44:44,347 ProgressMeter - NC_007605:110978   9811815.0    18.2 m     111.0 s       99.0%    18.4 m      11.0 s 
INFO  09:45:07,517 ReadShardBalancer$1 - Loading BAM index data 
INFO  09:45:07,517 ReadShardBalancer$1 - Done loading BAM index data 
INFO  09:45:24,348 ProgressMeter - NC_007605:171823   1.0111825E7    18.8 m     111.0 s      100.0%    18.8 m       0.0 s 
INFO  09:46:04,349 ProgressMeter - NC_007605:171823   1.0111825E7    19.5 m     115.0 s      100.0%    19.5 m       0.0 s 
INFO  09:46:34,368 ProgressMeter - NC_007605:171823   1.0111825E7    20.0 m     118.0 s      100.0%    20.0 m       0.0 s 
INFO  09:47:04,444 ProgressMeter - NC_007605:171823   1.0111825E7    20.5 m       2.0 m      100.0%    20.5 m       0.0 s 
INFO  09:47:44,445 ProgressMeter - NC_007605:171823   1.0111825E7    21.2 m       2.1 m      100.0%    21.2 m       0.0 s 
INFO  09:48:14,446 ProgressMeter - NC_007605:171823   1.0111825E7    21.7 m       2.1 m      100.0%    21.7 m       0.0 s 
INFO  09:48:21,879 Walker - [REDUCE RESULT] Traversal result is: org.broadinstitute.gatk.engine.io.stubs.SAMFileWriterStub@4248d35a 
INFO  09:48:21,881 ProgressMeter -            done   1.2469819E7    21.8 m     104.0 s      100.0%    21.8 m       0.0 s 
INFO  09:48:21,882 ProgressMeter - Total runtime 1307.88 secs, 21.80 min, 0.36 hours 
INFO  09:48:21,882 MicroScheduler - 0 reads were filtered out during the traversal out of approximately 12469819 total reads (0.00%) 
INFO  09:48:21,882 MicroScheduler -   -> 0 reads (0.00% of total) failing BadCigarFilter 
INFO  09:48:21,882 MicroScheduler -   -> 0 reads (0.00% of total) failing MalformedReadFilter 
