INFO  03:49:13,241 HelpFormatter - --------------------------------------------------------------------------------- 
INFO  03:49:13,244 HelpFormatter - The Genome Analysis Toolkit (GATK) v3.4-46-g8ea4dca, Compiled 2015/08/13 20:41:56 
INFO  03:49:13,245 HelpFormatter - Copyright (c) 2010 The Broad Institute 
INFO  03:49:13,245 HelpFormatter - For support and documentation go to http://www.broadinstitute.org/gatk 
INFO  03:49:13,249 HelpFormatter - Program Args: -T IndelRealigner -I /mnt/ssdbroad/output/Solexa-272221_gatk_best_practices_36t_30s_2016-02-11_11-59-19/Solexa-272221_dupRem.bam -L /mnt/ssdbroad/Broad_Ref_Pipeline_approved_package/workflow_profiler/.queue/scatterGather/ExampleIndelRealigner-1-sg/temp_28_of_36/scatter.intervals -R /mnt/ssdbroad/Broad_Ref_Pipeline_approved_package/homosapiensrefgenome/Homo_sapiens_assembly19.fasta -known /mnt/ssdbroad/Broad_Ref_Pipeline_approved_package/homosapiensrefgenome/Homo_sapiens_assembly19.known_indels.vcf -targetIntervals /mnt/ssdbroad/output/Solexa-272221_gatk_best_practices_36t_30s_2016-02-11_11-59-19/Solexa-272221_realn.intervals -o /mnt/ssdbroad/Broad_Ref_Pipeline_approved_package/workflow_profiler/.queue/scatterGather/ExampleIndelRealigner-1-sg/temp_28_of_36/Solexa-272221_realign.bam -filterNoBases 
INFO  03:49:13,262 HelpFormatter - Executing as beris@dna on Linux 2.6.32-573.el6.x86_64 amd64; OpenJDK 64-Bit Server VM 1.7.0_79-mockbuild_2015_07_24_09_26-b00. 
INFO  03:49:13,262 HelpFormatter - Date/Time: 2016/02/12 03:49:13 
INFO  03:49:13,263 HelpFormatter - --------------------------------------------------------------------------------- 
INFO  03:49:13,263 HelpFormatter - --------------------------------------------------------------------------------- 
INFO  03:49:13,424 GenomeAnalysisEngine - Strictness is SILENT 
INFO  03:49:13,743 GenomeAnalysisEngine - Downsampling Settings: No downsampling 
INFO  03:49:13,751 SAMDataSource$SAMReaders - Initializing SAMRecords in serial 
INFO  03:49:13,793 SAMDataSource$SAMReaders - Done initializing BAM readers: total time 0.04 
INFO  03:49:14,128 IntervalUtils - Processing 19913 bp from intervals 
INFO  03:49:14,844 GenomeAnalysisEngine - Preparing for traversal over 1 BAM files 
INFO  03:49:14,923 GenomeAnalysisEngine - Done preparing for traversal 
INFO  03:49:14,923 ProgressMeter - [INITIALIZATION COMPLETE; STARTING PROCESSING] 
INFO  03:49:14,924 ProgressMeter -                 | processed |    time |    per 1M |           |   total | remaining 
INFO  03:49:14,924 ProgressMeter -        Location |     reads | elapsed |     reads | completed | runtime |   runtime 
INFO  03:49:33,868 ReadShardBalancer$1 - Loading BAM index data 
INFO  03:49:33,881 ReadShardBalancer$1 - Done loading BAM index data 
INFO  03:49:45,466 ProgressMeter - GL000229.1:2665         0.0    30.0 s      50.5 w       13.4%     3.7 m       3.2 m 
INFO  03:49:58,994 ProgressMeter -            done     21861.0    44.0 s      33.6 m       99.4%    44.0 s       0.0 s 
INFO  03:49:58,995 ProgressMeter - Total runtime 44.07 secs, 0.73 min, 0.01 hours 
INFO  03:49:59,001 MicroScheduler - 15308 reads were filtered out during the traversal out of approximately 37169 total reads (41.18%) 
INFO  03:49:59,002 MicroScheduler -   -> 0 reads (0.00% of total) failing BadCigarFilter 
INFO  03:49:59,003 MicroScheduler -   -> 15308 reads (41.18% of total) failing MalformedReadFilter 
