INFO  17:23:20,245 HelpFormatter - --------------------------------------------------------------------------------- 
INFO  17:23:20,248 HelpFormatter - The Genome Analysis Toolkit (GATK) v3.4-46-g8ea4dca, Compiled 2015/08/13 20:41:56 
INFO  17:23:20,248 HelpFormatter - Copyright (c) 2010 The Broad Institute 
INFO  17:23:20,248 HelpFormatter - For support and documentation go to http://www.broadinstitute.org/gatk 
INFO  17:23:20,278 HelpFormatter - Program Args: -T IndelRealigner -I /home/opt/data/broadout/FC1-NA12878-01_S1_L001_gatk_best_practices_36t_30s_2015-11-10_16-39-49/FC1-NA12878-01_S1_L001_dupRem.bam -L /home/beris/Broad_Ref_Pipeline_approved_package/workflow_profiler/.queue/scatterGather/ExampleIndelRealigner-1-sg/temp_30_of_36/scatter.intervals -R /home/beris/Broad_Ref_Pipeline_approved_package/homosapiensrefgenome/Homo_sapiens_assembly19.fasta -known /home/beris/Broad_Ref_Pipeline_approved_package/homosapiensrefgenome/Homo_sapiens_assembly19.known_indels.vcf -targetIntervals /home/opt/data/broadout/FC1-NA12878-01_S1_L001_gatk_best_practices_36t_30s_2015-11-10_16-39-49/FC1-NA12878-01_S1_L001_realn.intervals -o /home/beris/Broad_Ref_Pipeline_approved_package/workflow_profiler/.queue/scatterGather/ExampleIndelRealigner-1-sg/temp_30_of_36/FC1-NA12878-01_S1_L001_realign.bam -filterNoBases 
INFO  17:23:20,301 HelpFormatter - Executing as beris@dna on Linux 2.6.32-573.el6.x86_64 amd64; OpenJDK 64-Bit Server VM 1.7.0_79-mockbuild_2015_07_24_09_26-b00. 
INFO  17:23:20,302 HelpFormatter - Date/Time: 2015/11/10 17:23:20 
INFO  17:23:20,302 HelpFormatter - --------------------------------------------------------------------------------- 
INFO  17:23:20,302 HelpFormatter - --------------------------------------------------------------------------------- 
INFO  17:23:20,530 GenomeAnalysisEngine - Strictness is SILENT 
INFO  17:23:20,874 GenomeAnalysisEngine - Downsampling Settings: No downsampling 
INFO  17:23:20,894 SAMDataSource$SAMReaders - Initializing SAMRecords in serial 
INFO  17:23:20,981 SAMDataSource$SAMReaders - Done initializing BAM readers: total time 0.09 
INFO  17:23:21,168 IntervalUtils - Processing 27682 bp from intervals 
INFO  17:23:21,312 GenomeAnalysisEngine - Preparing for traversal over 1 BAM files 
INFO  17:23:25,510 GenomeAnalysisEngine - Done preparing for traversal 
INFO  17:23:25,511 ProgressMeter - [INITIALIZATION COMPLETE; STARTING PROCESSING] 
INFO  17:23:25,511 ProgressMeter -                 | processed |    time |    per 1M |           |   total | remaining 
INFO  17:23:25,511 ProgressMeter -        Location |     reads | elapsed |     reads | completed | runtime |   runtime 
INFO  17:23:27,505 ReadShardBalancer$1 - Loading BAM index data 
INFO  17:23:27,518 ReadShardBalancer$1 - Done loading BAM index data 
INFO  17:23:28,002 ProgressMeter -            done        38.0     2.0 s      18.2 h        0.8%     4.3 m       4.3 m 
INFO  17:23:28,002 ProgressMeter - Total runtime 2.49 secs, 0.04 min, 0.00 hours 
INFO  17:23:28,006 MicroScheduler - 5 reads were filtered out during the traversal out of approximately 43 total reads (11.63%) 
INFO  17:23:28,007 MicroScheduler -   -> 0 reads (0.00% of total) failing BadCigarFilter 
INFO  17:23:28,007 MicroScheduler -   -> 5 reads (11.63% of total) failing MalformedReadFilter 
