INFO  16:35:32,958 HelpFormatter - --------------------------------------------------------------------------------- 
INFO  16:35:32,960 HelpFormatter - The Genome Analysis Toolkit (GATK) v3.4-46-g8ea4dca, Compiled 2015/08/13 20:41:56 
INFO  16:35:32,961 HelpFormatter - Copyright (c) 2010 The Broad Institute 
INFO  16:35:32,961 HelpFormatter - For support and documentation go to http://www.broadinstitute.org/gatk 
INFO  16:35:32,964 HelpFormatter - Program Args: -T IndelRealigner -I /cluster_share/data/out/HG02769_gatk_best_practices_36t_30s_2016-11-28_15-18-37/HG02769_dupRem.bam -L /cluster_share/data/Broad_Ref_Pipeline_approved_package/workflow_profiler/.queue/scatterGather/ExampleIndelRealigner-1-sg/temp_15_of_36/scatter.intervals -R /cluster_share/data/reference/b37bundle/human_g1k_v37.fasta -known /cluster_share/data/reference/b37bundle/1000G_phase1.indels.b37.vcf -targetIntervals /cluster_share/data/out/HG02769_gatk_best_practices_36t_30s_2016-11-28_15-18-37/HG02769_realn.intervals -o /cluster_share/data/Broad_Ref_Pipeline_approved_package/workflow_profiler/.queue/scatterGather/ExampleIndelRealigner-1-sg/temp_15_of_36/HG02769_realign.bam -filterNoBases 
INFO  16:35:32,981 HelpFormatter - Executing as bshifaw@compute-1-1.hudson.intel.com on Linux 3.10.0-327.13.1.el7.x86_64 amd64; OpenJDK 64-Bit Server VM 1.8.0_111-b15. 
INFO  16:35:32,983 HelpFormatter - Date/Time: 2016/11/28 16:35:32 
INFO  16:35:32,983 HelpFormatter - --------------------------------------------------------------------------------- 
INFO  16:35:32,983 HelpFormatter - --------------------------------------------------------------------------------- 
INFO  16:35:33,266 GenomeAnalysisEngine - Strictness is SILENT 
INFO  16:35:33,549 GenomeAnalysisEngine - Downsampling Settings: No downsampling 
INFO  16:35:33,556 SAMDataSource$SAMReaders - Initializing SAMRecords in serial 
INFO  16:35:33,741 SAMDataSource$SAMReaders - Done initializing BAM readers: total time 0.18 
WARN  16:35:33,808 FSLockWithShared$LockAcquisitionTask - WARNING: Unable to lock file /cluster_share/data/reference/b37bundle/1000G_phase1.indels.b37.vcf.idx because an IOException occurred with message: Function not implemented. 
INFO  16:35:33,823 RMDTrackBuilder - Could not acquire a shared lock on index file /cluster_share/data/reference/b37bundle/1000G_phase1.indels.b37.vcf.idx, falling back to using an in-memory index for this GATK run. 
INFO  16:35:45,757 IntervalUtils - Processing 102531392 bp from intervals 
INFO  16:35:46,110 GenomeAnalysisEngine - Preparing for traversal over 1 BAM files 
INFO  16:35:47,251 GenomeAnalysisEngine - Done preparing for traversal 
INFO  16:35:47,252 ProgressMeter - [INITIALIZATION COMPLETE; STARTING PROCESSING] 
INFO  16:35:47,279 ProgressMeter -                 | processed |    time |    per 1M |           |   total | remaining 
INFO  16:35:47,280 ProgressMeter -        Location |     reads | elapsed |     reads | completed | runtime |   runtime 
INFO  16:35:47,498 ReadShardBalancer$1 - Loading BAM index data 
INFO  16:35:47,724 ReadShardBalancer$1 - Done loading BAM index data 
INFO  16:36:17,309 ProgressMeter -     15:45779005   1500037.0    30.0 s      20.0 s       44.6%    67.0 s      37.0 s 
INFO  16:36:47,311 ProgressMeter -     15:99459939   3700083.0    60.0 s      16.0 s       97.0%    61.0 s       1.0 s 
INFO  16:36:49,160 ProgressMeter -            done   3912422.0    61.0 s      15.0 s      100.0%    61.0 s       0.0 s 
INFO  16:36:49,160 ProgressMeter - Total runtime 61.91 secs, 1.03 min, 0.02 hours 
INFO  16:36:49,165 MicroScheduler - 109659 reads were filtered out during the traversal out of approximately 4022081 total reads (2.73%) 
INFO  16:36:49,166 MicroScheduler -   -> 0 reads (0.00% of total) failing BadCigarFilter 
INFO  16:36:49,166 MicroScheduler -   -> 109659 reads (2.73% of total) failing MalformedReadFilter 
