INFO  03:49:03,271 HelpFormatter - --------------------------------------------------------------------------------- 
INFO  03:49:03,274 HelpFormatter - The Genome Analysis Toolkit (GATK) v3.4-46-g8ea4dca, Compiled 2015/08/13 20:41:56 
INFO  03:49:03,275 HelpFormatter - Copyright (c) 2010 The Broad Institute 
INFO  03:49:03,275 HelpFormatter - For support and documentation go to http://www.broadinstitute.org/gatk 
INFO  03:49:03,280 HelpFormatter - Program Args: -T IndelRealigner -I /mnt/ssdbroad/output/Solexa-272221_gatk_best_practices_36t_30s_2016-02-11_11-59-19/Solexa-272221_dupRem.bam -L /mnt/ssdbroad/Broad_Ref_Pipeline_approved_package/workflow_profiler/.queue/scatterGather/ExampleIndelRealigner-1-sg/temp_15_of_36/scatter.intervals -R /mnt/ssdbroad/Broad_Ref_Pipeline_approved_package/homosapiensrefgenome/Homo_sapiens_assembly19.fasta -known /mnt/ssdbroad/Broad_Ref_Pipeline_approved_package/homosapiensrefgenome/Homo_sapiens_assembly19.known_indels.vcf -targetIntervals /mnt/ssdbroad/output/Solexa-272221_gatk_best_practices_36t_30s_2016-02-11_11-59-19/Solexa-272221_realn.intervals -o /mnt/ssdbroad/Broad_Ref_Pipeline_approved_package/workflow_profiler/.queue/scatterGather/ExampleIndelRealigner-1-sg/temp_15_of_36/Solexa-272221_realign.bam -filterNoBases 
INFO  03:49:03,493 HelpFormatter - Executing as beris@dna on Linux 2.6.32-573.el6.x86_64 amd64; OpenJDK 64-Bit Server VM 1.7.0_79-mockbuild_2015_07_24_09_26-b00. 
INFO  03:49:03,493 HelpFormatter - Date/Time: 2016/02/12 03:49:03 
INFO  03:49:03,493 HelpFormatter - --------------------------------------------------------------------------------- 
INFO  03:49:03,493 HelpFormatter - --------------------------------------------------------------------------------- 
INFO  03:49:03,669 GenomeAnalysisEngine - Strictness is SILENT 
INFO  03:49:04,219 GenomeAnalysisEngine - Downsampling Settings: No downsampling 
INFO  03:49:04,230 SAMDataSource$SAMReaders - Initializing SAMRecords in serial 
INFO  03:49:04,301 SAMDataSource$SAMReaders - Done initializing BAM readers: total time 0.07 
INFO  03:49:04,468 IntervalUtils - Processing 102531392 bp from intervals 
INFO  03:49:04,563 GenomeAnalysisEngine - Preparing for traversal over 1 BAM files 
INFO  03:49:09,378 GenomeAnalysisEngine - Done preparing for traversal 
INFO  03:49:09,387 ProgressMeter - [INITIALIZATION COMPLETE; STARTING PROCESSING] 
INFO  03:49:09,387 ProgressMeter -                 | processed |    time |    per 1M |           |   total | remaining 
INFO  03:49:09,388 ProgressMeter -        Location |     reads | elapsed |     reads | completed | runtime |   runtime 
INFO  03:49:27,492 ReadShardBalancer$1 - Loading BAM index data 
INFO  03:49:30,859 ReadShardBalancer$1 - Done loading BAM index data 
INFO  03:49:40,077 ProgressMeter -        Starting         0.0    30.0 s      50.0 w      100.0%    30.0 s       0.0 s 
INFO  03:50:10,078 ProgressMeter -     15:20043849         0.0    60.0 s     100.3 w       19.5%     5.1 m       4.1 m 
INFO  03:50:42,413 ProgressMeter -     15:20158686    100001.0    93.0 s      15.5 m       19.7%     7.9 m       6.3 m 
INFO  03:51:12,414 ProgressMeter -     15:20845692    400006.0     2.1 m       5.1 m       20.3%    10.1 m       8.0 m 
INFO  03:51:42,415 ProgressMeter -     15:22176625    900011.0     2.6 m       2.8 m       21.6%    11.8 m       9.2 m 
INFO  03:52:12,416 ProgressMeter -     15:24298510   1500018.0     3.1 m       2.0 m       23.7%    12.9 m       9.8 m 
INFO  03:52:42,418 ProgressMeter -     15:27340114   2300027.0     3.6 m      92.0 s       26.7%    13.3 m       9.8 m 
INFO  03:53:12,419 ProgressMeter -     15:30274243   3100039.0     4.1 m      78.0 s       29.5%    13.7 m       9.7 m 
INFO  03:53:42,420 ProgressMeter -     15:33332501   3900050.0     4.6 m      70.0 s       32.5%    14.0 m       9.4 m 
INFO  03:54:12,421 ProgressMeter -     15:36328780   4700062.0     5.1 m      64.0 s       35.4%    14.3 m       9.2 m 
INFO  03:54:42,696 ProgressMeter -     15:39231298   5500075.0     5.6 m      60.0 s       38.3%    14.5 m       9.0 m 
INFO  03:55:12,697 ProgressMeter -     15:42387425   6400088.0     6.1 m      56.0 s       41.3%    14.6 m       8.6 m 
INFO  03:55:42,698 ProgressMeter -     15:45792646   7300100.0     6.6 m      53.0 s       44.7%    14.7 m       8.1 m 
INFO  03:56:12,699 ProgressMeter -     15:49108040   8200110.0     7.1 m      51.0 s       47.9%    14.7 m       7.7 m 
INFO  03:56:42,700 ProgressMeter -     15:52159212   9100120.0     7.6 m      49.0 s       50.9%    14.8 m       7.3 m 
INFO  03:57:12,701 ProgressMeter -     15:55177476   9900129.0     8.1 m      48.0 s       53.8%    15.0 m       6.9 m 
INFO  03:57:13,797 IndelRealigner - Not attempting realignment in interval 15:55218226-55218278 because there are too many reads. 
INFO  03:57:42,702 ProgressMeter -     15:58037675   1.0800167E7     8.6 m      47.0 s       56.6%    15.1 m       6.6 m 
INFO  03:58:12,703 ProgressMeter -     15:61130356   1.1700177E7     9.1 m      46.0 s       59.6%    15.2 m       6.1 m 
INFO  03:58:42,705 ProgressMeter -     15:64459290   1.2600187E7     9.6 m      45.0 s       62.9%    15.2 m       5.6 m 
INFO  03:59:12,706 ProgressMeter -     15:67663742   1.3400195E7    10.1 m      45.0 s       66.0%    15.2 m       5.2 m 
INFO  03:59:42,707 ProgressMeter -     15:70992889   1.4300207E7    10.6 m      44.0 s       69.2%    15.2 m       4.7 m 
INFO  04:00:12,708 ProgressMeter -     15:74342161   1.5200217E7    11.1 m      43.0 s       72.5%    15.2 m       4.2 m 
INFO  04:00:43,563 ProgressMeter -     15:77713692   1.6100227E7    11.6 m      43.0 s       75.8%    15.3 m       3.7 m 
INFO  04:00:45,046 IndelRealigner - Not attempting realignment in interval 15:77910865-77911210 because there are too many reads. 
INFO  04:01:13,564 ProgressMeter -     15:80053886   1.6900295E7    12.1 m      42.0 s       78.1%    15.5 m       3.4 m 
INFO  04:01:43,565 ProgressMeter -     15:83613866   1.7700306E7    12.6 m      42.0 s       81.5%    15.4 m       2.8 m 
INFO  04:02:13,621 ProgressMeter -     15:86953965   1.8600319E7    13.1 m      42.0 s       84.8%    15.4 m       2.3 m 
INFO  04:02:45,216 ProgressMeter -     15:90219188   1.9500332E7    13.6 m      41.0 s       88.0%    15.4 m     111.0 s 
INFO  04:03:15,217 ProgressMeter -     15:93440505   2.0400342E7    14.1 m      41.0 s       91.1%    15.5 m      82.0 s 
INFO  04:03:45,218 ProgressMeter -     15:96595821   2.1200353E7    14.6 m      41.0 s       94.2%    15.5 m      53.0 s 
INFO  04:04:15,219 ProgressMeter -     15:99603582   2.2100368E7    15.1 m      40.0 s       97.1%    15.5 m      26.0 s 
INFO  04:04:43,068 ProgressMeter -            done   2.2913069E7    15.6 m      40.0 s      100.0%    15.6 m       0.0 s 
INFO  04:04:43,069 ProgressMeter - Total runtime 933.68 secs, 15.56 min, 0.26 hours 
INFO  04:04:43,072 MicroScheduler - 9605559 reads were filtered out during the traversal out of approximately 32518628 total reads (29.54%) 
INFO  04:04:43,072 MicroScheduler -   -> 0 reads (0.00% of total) failing BadCigarFilter 
INFO  04:04:43,072 MicroScheduler -   -> 9605559 reads (29.54% of total) failing MalformedReadFilter 
