INFO  16:52:39,892 HelpFormatter - --------------------------------------------------------------------------------- 
INFO  16:52:39,908 HelpFormatter - The Genome Analysis Toolkit (GATK) v3.4-46-g8ea4dca, Compiled 2015/08/13 20:41:56 
INFO  16:52:39,908 HelpFormatter - Copyright (c) 2010 The Broad Institute 
INFO  16:52:39,908 HelpFormatter - For support and documentation go to http://www.broadinstitute.org/gatk 
INFO  16:52:39,916 HelpFormatter - Program Args: -T BaseRecalibrator -I /cluster_share/data/out/HG02769_gatk_best_practices_36t_30s_2016-11-28_15-18-37/HG02769_realign.bam -L /cluster_share/data/Broad_Ref_Pipeline_approved_package/workflow_profiler/.queue/scatterGather/ExampleBaseRecalibrator-1-sg/temp_16_of_24/scatter.intervals -R /cluster_share/data/reference/b37bundle/human_g1k_v37.fasta -knownSites /cluster_share/data/reference/b37bundle/dbsnp_138.b37.vcf -o /cluster_share/data/Broad_Ref_Pipeline_approved_package/workflow_profiler/.queue/scatterGather/ExampleBaseRecalibrator-1-sg/temp_16_of_24/HG02769_recal.grp 
INFO  16:52:39,921 HelpFormatter - Executing as bshifaw@compute-1-1.hudson.intel.com on Linux 3.10.0-327.13.1.el7.x86_64 amd64; OpenJDK 64-Bit Server VM 1.8.0_111-b15. 
INFO  16:52:39,921 HelpFormatter - Date/Time: 2016/11/28 16:52:39 
INFO  16:52:39,921 HelpFormatter - --------------------------------------------------------------------------------- 
INFO  16:52:39,922 HelpFormatter - --------------------------------------------------------------------------------- 
INFO  16:52:40,025 GenomeAnalysisEngine - Strictness is SILENT 
INFO  16:52:40,245 GenomeAnalysisEngine - Downsampling Settings: No downsampling 
INFO  16:52:40,251 SAMDataSource$SAMReaders - Initializing SAMRecords in serial 
INFO  16:52:40,350 SAMDataSource$SAMReaders - Done initializing BAM readers: total time 0.10 
WARN  16:52:40,431 FSLockWithShared$LockAcquisitionTask - WARNING: Unable to lock file /cluster_share/data/reference/b37bundle/dbsnp_138.b37.vcf.idx because an IOException occurred with message: Function not implemented. 
INFO  16:52:40,449 RMDTrackBuilder - Could not acquire a shared lock on index file /cluster_share/data/reference/b37bundle/dbsnp_138.b37.vcf.idx, falling back to using an in-memory index for this GATK run. 
INFO  16:57:19,054 IntervalUtils - Processing 2128060 bp from intervals 
INFO  16:57:19,131 GenomeAnalysisEngine - Preparing for traversal over 1 BAM files 
INFO  16:57:19,278 GenomeAnalysisEngine - Done preparing for traversal 
INFO  16:57:19,278 ProgressMeter - [INITIALIZATION COMPLETE; STARTING PROCESSING] 
INFO  16:57:19,279 ProgressMeter -                 | processed |    time |    per 1M |           |   total | remaining 
INFO  16:57:19,279 ProgressMeter -        Location |     reads | elapsed |     reads | completed | runtime |   runtime 
INFO  16:57:19,317 BaseRecalibrator - The covariates being used here:  
INFO  16:57:19,317 BaseRecalibrator - 	ReadGroupCovariate 
INFO  16:57:19,317 BaseRecalibrator - 	QualityScoreCovariate 
INFO  16:57:19,317 BaseRecalibrator - 	ContextCovariate 
INFO  16:57:19,317 ContextCovariate - 		Context sizes: base substitution model 2, indel substitution model 3 
INFO  16:57:19,318 BaseRecalibrator - 	CycleCovariate 
INFO  16:57:19,321 ReadShardBalancer$1 - Loading BAM index data 
INFO  16:57:19,379 ReadShardBalancer$1 - Done loading BAM index data 
INFO  16:57:49,463 ProgressMeter -      16:4895246    400007.0    30.0 s      75.0 s       20.5%     2.4 m     116.0 s 
INFO  16:58:19,464 ProgressMeter -     16:21999994    900023.0    60.0 s      66.0 s       35.6%     2.8 m     108.0 s 
INFO  16:58:49,467 ProgressMeter -     16:31504331   1400031.0    90.0 s      64.0 s       53.8%     2.8 m      77.0 s 
INFO  16:59:19,471 ProgressMeter -     16:67329394   2000041.0   120.0 s      60.0 s       71.8%     2.8 m      47.0 s 
INFO  16:59:49,476 ProgressMeter -     16:82104804   2600054.0     2.5 m      57.0 s       90.7%     2.8 m      15.0 s 
INFO  17:00:01,761 BaseRecalibrator - Calculating quantized quality scores... 
INFO  17:00:01,815 BaseRecalibrator - Writing recalibration report... 
INFO  17:00:03,274 BaseRecalibrator - ...done! 
INFO  17:00:03,274 BaseRecalibrator - BaseRecalibrator was able to recalibrate 2873449 reads 
INFO  17:00:03,276 ProgressMeter -            done   2873449.0     2.7 m      57.0 s      100.0%     2.7 m       0.0 s 
INFO  17:00:03,276 ProgressMeter - Total runtime 164.00 secs, 2.73 min, 0.05 hours 
INFO  17:00:03,276 MicroScheduler - 781955 reads were filtered out during the traversal out of approximately 3655404 total reads (21.39%) 
INFO  17:00:03,276 MicroScheduler -   -> 0 reads (0.00% of total) failing BadCigarFilter 
INFO  17:00:03,276 MicroScheduler -   -> 491344 reads (13.44% of total) failing DuplicateReadFilter 
INFO  17:00:03,277 MicroScheduler -   -> 0 reads (0.00% of total) failing FailsVendorQualityCheckFilter 
INFO  17:00:03,277 MicroScheduler -   -> 0 reads (0.00% of total) failing MalformedReadFilter 
INFO  17:00:03,277 MicroScheduler -   -> 0 reads (0.00% of total) failing MappingQualityUnavailableFilter 
INFO  17:00:03,277 MicroScheduler -   -> 290200 reads (7.94% of total) failing MappingQualityZeroFilter 
INFO  17:00:03,277 MicroScheduler -   -> 411 reads (0.01% of total) failing NotPrimaryAlignmentFilter 
INFO  17:00:03,277 MicroScheduler -   -> 0 reads (0.00% of total) failing UnmappedReadFilter 
