INFO  19:03:20,894 HelpFormatter - --------------------------------------------------------------------------------- 
INFO  19:03:20,910 HelpFormatter - The Genome Analysis Toolkit (GATK) v3.4-46-g8ea4dca, Compiled 2015/08/13 20:41:56 
INFO  19:03:20,917 HelpFormatter - Copyright (c) 2010 The Broad Institute 
INFO  19:03:20,917 HelpFormatter - For support and documentation go to http://www.broadinstitute.org/gatk 
INFO  19:03:20,920 HelpFormatter - Program Args: -T HaplotypeCaller -I /mnt/sdb/data/broadout/HG02769_gatk_best_practices_8t_30s_2016-07-25_16-38-44/HG02769_final.bam -L /mnt/sdb/Broad_Ref_Pipeline_approved_package/workflow_profiler/.queue/scatterGather/ExampleHaplotypeCaller-1-sg/temp_06_of_36/scatter.intervals -R /mnt/sdb/Broad_Ref_Pipeline_approved_package/b37bundle/human_g1k_v37.fasta -variant_index_type LINEAR -variant_index_parameter 128000 -o /mnt/sdb/Broad_Ref_Pipeline_approved_package/workflow_profiler/.queue/scatterGather/ExampleHaplotypeCaller-1-sg/temp_06_of_36/HG02769_HaplotypeCaller.g.vcf -ERC GVCF 
INFO  19:03:20,960 HelpFormatter - Executing as bshifaw@application-0-1.hudson.intel.com on Linux 3.10.0-327.el7.x86_64 amd64; OpenJDK 64-Bit Server VM 1.8.0_101-b13. 
INFO  19:03:20,967 HelpFormatter - Date/Time: 2016/07/25 19:03:20 
INFO  19:03:20,972 HelpFormatter - --------------------------------------------------------------------------------- 
INFO  19:03:20,973 HelpFormatter - --------------------------------------------------------------------------------- 
WARN  19:03:20,997 GATKVCFUtils - Naming your output file using the .g.vcf extension will automatically set the appropriate values  for --variant_index_type and --variant_index_parameter 
INFO  19:03:21,238 GenomeAnalysisEngine - Strictness is SILENT 
INFO  19:03:21,522 GenomeAnalysisEngine - Downsampling Settings: Method: BY_SAMPLE, Target Coverage: 500 
INFO  19:03:21,548 SAMDataSource$SAMReaders - Initializing SAMRecords in serial 
INFO  19:03:21,648 SAMDataSource$SAMReaders - Done initializing BAM readers: total time 0.10 
INFO  19:03:21,674 HCMappingQualityFilter - Filtering out reads with MAPQ < 20 
INFO  19:03:21,970 IntervalUtils - Processing 1437965 bp from intervals 
INFO  19:03:22,321 GenomeAnalysisEngine - Preparing for traversal over 1 BAM files 
INFO  19:03:22,774 GenomeAnalysisEngine - Done preparing for traversal 
INFO  19:03:22,790 ProgressMeter - [INITIALIZATION COMPLETE; STARTING PROCESSING] 
INFO  19:03:22,791 ProgressMeter -                 |      processed |    time |         per 1M |           |   total | remaining 
INFO  19:03:22,792 ProgressMeter -        Location | active regions | elapsed | active regions | completed | runtime |   runtime 
INFO  19:03:22,831 HaplotypeCaller - Standard Emitting and Calling confidence set to 0.0 for reference-model confidence output 
INFO  19:03:22,831 HaplotypeCaller - All sites annotated with PLs forced to true for reference-model confidence output 
INFO  19:03:23,273 HaplotypeCaller - Using global mismapping rate of 45 => -4.5 in log10 likelihood units 
Using AVX accelerated implementation of PairHMM
INFO  19:03:41,874 VectorLoglessPairHMM - libVectorLoglessPairHMM unpacked successfully from GATK jar file 
INFO  19:03:41,875 VectorLoglessPairHMM - Using vectorized implementation of PairHMM 
WARN  19:03:42,996 HaplotypeScore - Annotation will not be calculated, must be called from UnifiedGenotyper 
WARN  19:03:42,996 InbreedingCoeff - Annotation will not be calculated, must provide a valid PED file (-ped) from the command line. 
INFO  19:03:52,844 ProgressMeter -     2:136528089          67165.0    30.0 s            7.5 m        0.4%     2.2 h       2.2 h 
INFO  19:04:22,845 ProgressMeter -     2:136615415         395135.0    60.0 s            2.5 m        1.1%    88.5 m      87.5 m 
INFO  19:04:52,846 ProgressMeter -     2:141356148        4094064.0    90.0 s           21.0 s        3.3%    45.5 m      44.0 m 
INFO  19:05:22,846 ProgressMeter -     2:150327145      1.5636977E7   120.0 s            7.0 s        6.5%    30.7 m      28.7 m 
INFO  19:05:52,847 ProgressMeter -     2:152536293      3.3704121E7     2.5 m            4.0 s        9.8%    25.5 m      23.0 m 
INFO  19:06:22,848 ProgressMeter -     2:160104831      7.6373305E7     3.0 m            2.0 s       14.6%    20.5 m      17.5 m 
INFO  19:06:52,849 ProgressMeter -     2:165550727     1.50622688E8     3.5 m            1.0 s       20.3%    17.3 m      13.8 m 
INFO  19:07:22,850 ProgressMeter -     2:169690685     2.24716614E8     4.0 m            1.0 s       26.0%    15.4 m      11.4 m 
INFO  19:08:02,851 ProgressMeter -     2:172604236     3.60340605E8     4.7 m            0.0 s       32.2%    14.5 m       9.8 m 
INFO  19:08:32,852 ProgressMeter -     2:178081473     4.95263249E8     5.2 m            0.0 s       37.6%    13.7 m       8.6 m 
INFO  19:09:12,853 ProgressMeter -     2:179483543      5.7275847E8     5.8 m            0.0 s       44.8%    13.0 m       7.2 m 
INFO  19:09:42,854 ProgressMeter -     2:180347947     6.65152393E8     6.3 m            0.0 s       50.6%    12.5 m       6.2 m 
INFO  19:10:12,855 ProgressMeter -     2:187693475     8.34187925E8     6.8 m            0.0 s       55.2%    12.4 m       5.6 m 
INFO  19:10:42,856 ProgressMeter -     2:192251898    1.080764734E9     7.3 m            0.0 s       60.7%    12.1 m       4.8 m 
INFO  19:11:12,857 ProgressMeter -     2:198460663    1.334180829E9     7.8 m            0.0 s       65.9%    11.9 m       4.0 m 
INFO  19:11:42,859 ProgressMeter -     2:202591425    1.626659213E9     8.3 m            0.0 s       71.5%    11.7 m       3.3 m 
INFO  19:12:12,860 ProgressMeter -     2:207041747    1.904242628E9     8.8 m            0.0 s       76.6%    11.5 m       2.7 m 
INFO  19:12:42,861 ProgressMeter -     2:209188814    2.069859836E9     9.3 m            0.0 s       79.8%    11.7 m       2.4 m 
INFO  19:13:12,862 ProgressMeter -     2:216191621    2.377962226E9     9.8 m            0.0 s       84.8%    11.6 m     106.0 s 
INFO  19:13:42,863 ProgressMeter -     2:219447642    2.695386517E9    10.3 m            0.0 s       89.8%    11.5 m      70.0 s 
INFO  19:14:12,866 ProgressMeter -     2:220162555    2.927036948E9    10.8 m            0.0 s       95.6%    11.3 m      29.0 s 
INFO  19:14:30,495 VectorLoglessPairHMM - Time spent in setup for JNI call : 0.47696506200000005 
INFO  19:14:30,496 PairHMM - Total compute time in PairHMM computeLikelihoods() : 42.674719553 
INFO  19:14:30,496 HaplotypeCaller - Ran local assembly on 8317 active regions 
INFO  19:14:30,517 ProgressMeter -            done    3.124299338E9    11.1 m            0.0 s      100.0%    11.1 m       0.0 s 
INFO  19:14:30,518 ProgressMeter - Total runtime 667.73 secs, 11.13 min, 0.19 hours 
INFO  19:14:30,522 MicroScheduler - 331557 reads were filtered out during the traversal out of approximately 2394857 total reads (13.84%) 
INFO  19:14:30,523 MicroScheduler -   -> 0 reads (0.00% of total) failing BadCigarFilter 
INFO  19:14:30,523 MicroScheduler -   -> 304534 reads (12.72% of total) failing DuplicateReadFilter 
INFO  19:14:30,523 MicroScheduler -   -> 0 reads (0.00% of total) failing FailsVendorQualityCheckFilter 
INFO  19:14:30,524 MicroScheduler -   -> 26759 reads (1.12% of total) failing HCMappingQualityFilter 
INFO  19:14:30,524 MicroScheduler -   -> 0 reads (0.00% of total) failing MalformedReadFilter 
INFO  19:14:30,524 MicroScheduler -   -> 0 reads (0.00% of total) failing MappingQualityUnavailableFilter 
INFO  19:14:30,525 MicroScheduler -   -> 264 reads (0.01% of total) failing NotPrimaryAlignmentFilter 
INFO  19:14:30,525 MicroScheduler -   -> 0 reads (0.00% of total) failing UnmappedReadFilter 
