INFO  14:30:02,275 HelpFormatter - --------------------------------------------------------------------------------- 
INFO  14:30:02,277 HelpFormatter - The Genome Analysis Toolkit (GATK) v3.4-46-g8ea4dca, Compiled 2015/08/13 20:41:56 
INFO  14:30:02,278 HelpFormatter - Copyright (c) 2010 The Broad Institute 
INFO  14:30:02,278 HelpFormatter - For support and documentation go to http://www.broadinstitute.org/gatk 
INFO  14:30:02,281 HelpFormatter - Program Args: -T HaplotypeCaller -I /mnt/sdb/data/broadout/sim1M_pairs_gatk_best_practices_12t_30s_2016-07-25_14-09-52/sim1M_pairs_realign.bam -L /mnt/sdb/Broad_Ref_Pipeline_approved_package/workflow_profiler/.queue/scatterGather/ExampleHaplotypeCaller-1-sg/temp_06_of_36/scatter.intervals -R /mnt/sdb/Broad_Ref_Pipeline_approved_package/b37bundle/human_g1k_v37.fasta -variant_index_type LINEAR -variant_index_parameter 128000 -o /mnt/sdb/Broad_Ref_Pipeline_approved_package/workflow_profiler/.queue/scatterGather/ExampleHaplotypeCaller-1-sg/temp_06_of_36/sim1M_pairs_realign.bam_HaplotypeCaller.g.vcf -ERC GVCF 
INFO  14:30:02,288 HelpFormatter - Executing as bshifaw@application-0-1.hudson.intel.com on Linux 3.10.0-327.el7.x86_64 amd64; OpenJDK 64-Bit Server VM 1.8.0_101-b13. 
INFO  14:30:02,288 HelpFormatter - Date/Time: 2016/07/25 14:30:02 
INFO  14:30:02,289 HelpFormatter - --------------------------------------------------------------------------------- 
INFO  14:30:02,290 HelpFormatter - --------------------------------------------------------------------------------- 
WARN  14:30:02,292 GATKVCFUtils - Naming your output file using the .g.vcf extension will automatically set the appropriate values  for --variant_index_type and --variant_index_parameter 
INFO  14:30:02,347 GenomeAnalysisEngine - Strictness is SILENT 
INFO  14:30:02,446 GenomeAnalysisEngine - Downsampling Settings: Method: BY_SAMPLE, Target Coverage: 500 
INFO  14:30:02,453 SAMDataSource$SAMReaders - Initializing SAMRecords in serial 
INFO  14:30:02,518 SAMDataSource$SAMReaders - Done initializing BAM readers: total time 0.06 
INFO  14:30:02,538 HCMappingQualityFilter - Filtering out reads with MAPQ < 20 
INFO  14:30:02,634 IntervalUtils - Processing 1437965 bp from intervals 
INFO  14:30:02,833 GenomeAnalysisEngine - Preparing for traversal over 1 BAM files 
INFO  14:30:03,038 GenomeAnalysisEngine - Done preparing for traversal 
INFO  14:30:03,039 ProgressMeter - [INITIALIZATION COMPLETE; STARTING PROCESSING] 
INFO  14:30:03,039 ProgressMeter -                 |      processed |    time |         per 1M |           |   total | remaining 
INFO  14:30:03,040 ProgressMeter -        Location | active regions | elapsed | active regions | completed | runtime |   runtime 
INFO  14:30:03,056 HaplotypeCaller - Standard Emitting and Calling confidence set to 0.0 for reference-model confidence output 
INFO  14:30:03,057 HaplotypeCaller - All sites annotated with PLs forced to true for reference-model confidence output 
INFO  14:30:03,277 HaplotypeCaller - Using global mismapping rate of 45 => -4.5 in log10 likelihood units 
Using AVX accelerated implementation of PairHMM
INFO  14:30:05,817 VectorLoglessPairHMM - libVectorLoglessPairHMM unpacked successfully from GATK jar file 
INFO  14:30:05,831 VectorLoglessPairHMM - Using vectorized implementation of PairHMM 
WARN  14:30:06,069 HaplotypeScore - Annotation will not be calculated, must be called from UnifiedGenotyper 
WARN  14:30:06,072 InbreedingCoeff - Annotation will not be calculated, must provide a valid PED file (-ped) from the command line. 
INFO  14:30:33,059 ProgressMeter -     2:192543664    1.093008104E9    30.0 s            0.0 s       60.9%    49.0 s      19.0 s 
INFO  14:30:44,296 VectorLoglessPairHMM - Time spent in setup for JNI call : 2.71877E-4 
INFO  14:30:44,302 PairHMM - Total compute time in PairHMM computeLikelihoods() : 0.001525096 
INFO  14:30:44,304 HaplotypeCaller - Ran local assembly on 6856 active regions 
INFO  14:30:44,331 ProgressMeter -            done    3.124299338E9    41.0 s            0.0 s      100.0%    41.0 s       0.0 s 
INFO  14:30:44,331 ProgressMeter - Total runtime 41.29 secs, 0.69 min, 0.01 hours 
INFO  14:30:44,332 MicroScheduler - 6 reads were filtered out during the traversal out of approximately 1815 total reads (0.33%) 
INFO  14:30:44,332 MicroScheduler -   -> 0 reads (0.00% of total) failing BadCigarFilter 
INFO  14:30:44,332 MicroScheduler -   -> 0 reads (0.00% of total) failing DuplicateReadFilter 
INFO  14:30:44,332 MicroScheduler -   -> 0 reads (0.00% of total) failing FailsVendorQualityCheckFilter 
INFO  14:30:44,332 MicroScheduler -   -> 6 reads (0.33% of total) failing HCMappingQualityFilter 
INFO  14:30:44,332 MicroScheduler -   -> 0 reads (0.00% of total) failing MalformedReadFilter 
INFO  14:30:44,333 MicroScheduler -   -> 0 reads (0.00% of total) failing MappingQualityUnavailableFilter 
INFO  14:30:44,333 MicroScheduler -   -> 0 reads (0.00% of total) failing NotPrimaryAlignmentFilter 
INFO  14:30:44,333 MicroScheduler -   -> 0 reads (0.00% of total) failing UnmappedReadFilter 
