INFO  18:27:23,708 HelpFormatter - --------------------------------------------------------------------------------- 
INFO  18:27:23,721 HelpFormatter - The Genome Analysis Toolkit (GATK) v3.4-46-g8ea4dca, Compiled 2015/08/13 20:41:56 
INFO  18:27:23,721 HelpFormatter - Copyright (c) 2010 The Broad Institute 
INFO  18:27:23,722 HelpFormatter - For support and documentation go to http://www.broadinstitute.org/gatk 
INFO  18:27:23,732 HelpFormatter - Program Args: -T PrintReads -I /mnt/sdb/data/broadout/HG02769_gatk_best_practices_8t_30s_2016-07-25_16-38-44/HG02769_realign.bam -L /mnt/sdb/Broad_Ref_Pipeline_approved_package/workflow_profiler/.queue/scatterGather/ExamplePrintReads-1-sg/temp_04_of_36/scatter.intervals -R /mnt/sdb/Broad_Ref_Pipeline_approved_package/b37bundle/human_g1k_v37.fasta -BQSR /mnt/sdb/data/broadout/HG02769_gatk_best_practices_8t_30s_2016-07-25_16-38-44/HG02769_recal.grp -o /mnt/sdb/Broad_Ref_Pipeline_approved_package/workflow_profiler/.queue/scatterGather/ExamplePrintReads-1-sg/temp_04_of_36/HG02769_final.bam 
INFO  18:27:23,758 HelpFormatter - Executing as bshifaw@application-0-1.hudson.intel.com on Linux 3.10.0-327.el7.x86_64 amd64; OpenJDK 64-Bit Server VM 1.8.0_101-b13. 
INFO  18:27:23,759 HelpFormatter - Date/Time: 2016/07/25 18:27:23 
INFO  18:27:23,759 HelpFormatter - --------------------------------------------------------------------------------- 
INFO  18:27:23,760 HelpFormatter - --------------------------------------------------------------------------------- 
INFO  18:27:24,145 GenomeAnalysisEngine - Strictness is SILENT 
INFO  18:27:26,025 ContextCovariate - 		Context sizes: base substitution model 2, indel substitution model 3 
INFO  18:27:26,156 GenomeAnalysisEngine - Downsampling Settings: No downsampling 
INFO  18:27:26,185 SAMDataSource$SAMReaders - Initializing SAMRecords in serial 
INFO  18:27:26,342 SAMDataSource$SAMReaders - Done initializing BAM readers: total time 0.16 
INFO  18:27:26,404 IntervalUtils - Processing 191154276 bp from intervals 
INFO  18:27:26,703 GenomeAnalysisEngine - Preparing for traversal over 1 BAM files 
INFO  18:27:27,342 GenomeAnalysisEngine - Done preparing for traversal 
INFO  18:27:27,363 ProgressMeter - [INITIALIZATION COMPLETE; STARTING PROCESSING] 
INFO  18:27:27,363 ProgressMeter -                 | processed |    time |    per 1M |           |   total | remaining 
INFO  18:27:27,371 ProgressMeter -        Location |     reads | elapsed |     reads | completed | runtime |   runtime 
INFO  18:27:27,406 ReadShardBalancer$1 - Loading BAM index data 
INFO  18:27:28,488 ReadShardBalancer$1 - Done loading BAM index data 
INFO  18:27:58,739 ProgressMeter -         4:60092         0.0    31.0 s      51.9 w        0.0%    27.4 h      27.4 h 
INFO  18:28:58,741 ProgressMeter -       4:3231677    200048.0    91.0 s       7.6 m        1.7%    89.7 m      88.2 m 
INFO  18:29:31,674 ProgressMeter -       4:8224604    400050.0     2.1 m       5.2 m        4.3%    48.0 m      46.0 m 
INFO  18:30:01,676 ProgressMeter -       4:9557727    600062.0     2.6 m       4.3 m        5.0%    51.3 m      48.8 m 
INFO  18:30:31,677 ProgressMeter -      4:25656544    800064.0     3.1 m       3.8 m       13.4%    22.8 m      19.8 m 
INFO  18:31:01,679 ProgressMeter -      4:41269979   1000066.0     3.6 m       3.6 m       21.6%    16.5 m      13.0 m 
INFO  18:31:31,680 ProgressMeter -      4:53470729   1200073.0     4.1 m       3.4 m       28.0%    14.5 m      10.5 m 
INFO  18:32:01,681 ProgressMeter -      4:69681775   1500079.0     4.6 m       3.0 m       36.5%    12.5 m       8.0 m 
INFO  18:32:31,682 ProgressMeter -      4:76997099   1700089.0     5.1 m       3.0 m       40.3%    12.6 m       7.5 m 
INFO  18:33:01,683 ProgressMeter -      4:84383679   2000110.0     5.6 m       2.8 m       44.1%    12.6 m       7.0 m 
INFO  18:33:31,684 ProgressMeter -     4:100264115   2300121.0     6.1 m       2.6 m       52.5%    11.6 m       5.5 m 
INFO  18:34:03,223 ProgressMeter -     4:114275078   2600124.0     6.6 m       2.5 m       59.8%    11.0 m       4.4 m 
INFO  18:34:33,224 ProgressMeter -     4:134072904   2900133.0     7.1 m       2.4 m       70.1%    10.1 m       3.0 m 
INFO  18:35:03,283 ProgressMeter -     4:155241876   3300138.0     7.6 m       2.3 m       81.2%     9.3 m     105.0 s 
INFO  18:35:33,286 ProgressMeter -     4:184607890   3600145.0     8.1 m       2.2 m       96.6%     8.4 m      17.0 s 
INFO  18:35:45,985 Walker - [REDUCE RESULT] Traversal result is: org.broadinstitute.gatk.engine.io.stubs.SAMFileWriterStub@2a6e54c2 
INFO  18:35:46,565 ProgressMeter -            done   3874837.0     8.3 m       2.1 m       99.9%     8.3 m       0.0 s 
INFO  18:35:46,566 ProgressMeter - Total runtime 499.20 secs, 8.32 min, 0.14 hours 
INFO  18:35:46,566 MicroScheduler - 0 reads were filtered out during the traversal out of approximately 3874837 total reads (0.00%) 
INFO  18:35:46,566 MicroScheduler -   -> 0 reads (0.00% of total) failing BadCigarFilter 
INFO  18:35:46,567 MicroScheduler -   -> 0 reads (0.00% of total) failing MalformedReadFilter 
