INFO  20:24:02,266 HelpFormatter - --------------------------------------------------------------------------------- 
INFO  20:24:02,269 HelpFormatter - The Genome Analysis Toolkit (GATK) v3.4-46-g8ea4dca, Compiled 2015/08/13 20:41:56 
INFO  20:24:02,269 HelpFormatter - Copyright (c) 2010 The Broad Institute 
INFO  20:24:02,269 HelpFormatter - For support and documentation go to http://www.broadinstitute.org/gatk 
INFO  20:24:02,272 HelpFormatter - Program Args: -T PrintReads -I /home/opt/data/broadout/FC1-NA12878-01_S1_L001_R1_001_gatk_best_practices_36t_30s_2015-11-05_19-14-59/FC1-NA12878-01_S1_L001_R1_001_realign.bam -L /home/beris/Broad_Ref_Pipeline_approved_package/workflow_profiler/.queue/scatterGather/ExamplePrintReads-1-sg/temp_15_of_36/scatter.intervals -R /home/beris/Broad_Ref_Pipeline_approved_package/homosapiensrefgenome/Homo_sapiens_assembly19.fasta -BQSR /home/opt/data/broadout/FC1-NA12878-01_S1_L001_R1_001_gatk_best_practices_36t_30s_2015-11-05_19-14-59/FC1-NA12878-01_S1_L001_R1_001_recal.grp -o /home/beris/Broad_Ref_Pipeline_approved_package/workflow_profiler/.queue/scatterGather/ExamplePrintReads-1-sg/temp_15_of_36/FC1-NA12878-01_S1_L001_R1_001_final.bam 
INFO  20:24:02,282 HelpFormatter - Executing as beris@dna on Linux 2.6.32-573.el6.x86_64 amd64; OpenJDK 64-Bit Server VM 1.7.0_79-mockbuild_2015_07_24_09_26-b00. 
INFO  20:24:02,282 HelpFormatter - Date/Time: 2015/11/05 20:24:02 
INFO  20:24:02,283 HelpFormatter - --------------------------------------------------------------------------------- 
INFO  20:24:02,283 HelpFormatter - --------------------------------------------------------------------------------- 
INFO  20:24:02,444 GenomeAnalysisEngine - Strictness is SILENT 
INFO  20:24:03,331 ContextCovariate - 		Context sizes: base substitution model 2, indel substitution model 3 
INFO  20:24:03,374 GenomeAnalysisEngine - Downsampling Settings: No downsampling 
INFO  20:24:03,386 SAMDataSource$SAMReaders - Initializing SAMRecords in serial 
INFO  20:24:03,497 SAMDataSource$SAMReaders - Done initializing BAM readers: total time 0.11 
INFO  20:24:03,518 IntervalUtils - Processing 102531392 bp from intervals 
INFO  20:24:03,608 GenomeAnalysisEngine - Preparing for traversal over 1 BAM files 
INFO  20:24:04,469 GenomeAnalysisEngine - Done preparing for traversal 
INFO  20:24:04,470 ProgressMeter - [INITIALIZATION COMPLETE; STARTING PROCESSING] 
INFO  20:24:04,470 ProgressMeter -                 | processed |    time |    per 1M |           |   total | remaining 
INFO  20:24:04,471 ProgressMeter -        Location |     reads | elapsed |     reads | completed | runtime |   runtime 
INFO  20:24:04,487 ReadShardBalancer$1 - Loading BAM index data 
INFO  20:24:04,954 ReadShardBalancer$1 - Done loading BAM index data 
INFO  20:24:36,245 ProgressMeter -     15:28806447    100001.0    31.0 s       5.3 m       28.1%   110.0 s      79.0 s 
INFO  20:25:06,643 ProgressMeter -     15:43888339    400010.0    62.0 s       2.6 m       42.8%     2.4 m      82.0 s 
INFO  20:25:36,644 ProgressMeter -     15:65938111    700014.0    92.0 s       2.2 m       64.3%     2.4 m      51.0 s 
INFO  20:26:16,267 Walker - [REDUCE RESULT] Traversal result is: org.broadinstitute.gatk.engine.io.stubs.SAMFileWriterStub@4248d35a 
INFO  20:26:16,356 ProgressMeter -            done   1241909.0     2.2 m     106.0 s      100.0%     2.2 m       0.0 s 
INFO  20:26:16,356 ProgressMeter - Total runtime 131.89 secs, 2.20 min, 0.04 hours 
INFO  20:26:16,357 MicroScheduler - 0 reads were filtered out during the traversal out of approximately 1241909 total reads (0.00%) 
INFO  20:26:16,357 MicroScheduler -   -> 0 reads (0.00% of total) failing BadCigarFilter 
INFO  20:26:16,357 MicroScheduler -   -> 0 reads (0.00% of total) failing MalformedReadFilter 
