INFO  20:08:01,898 HelpFormatter - --------------------------------------------------------------------------------- 
INFO  20:08:01,944 HelpFormatter - The Genome Analysis Toolkit (GATK) v3.4-46-g8ea4dca, Compiled 2015/08/13 20:41:56 
INFO  20:08:01,944 HelpFormatter - Copyright (c) 2010 The Broad Institute 
INFO  20:08:01,947 HelpFormatter - For support and documentation go to http://www.broadinstitute.org/gatk 
INFO  20:08:01,954 HelpFormatter - Program Args: -T PrintReads -I /mnt/nvme0n1/data/broadout/HG02771_gatk_best_practices_8t_30s_2016-07-06_18-21-02/HG02771_realign.bam -L /mnt/nvme0n1/Broad_Ref_Pipeline_approved_package/workflow_profiler/.queue/scatterGather/ExamplePrintReads-1-sg/temp_15_of_36/scatter.intervals -R /mnt/nvme0n1/Broad_Ref_Pipeline_approved_package/b37bundle/human_g1k_v37.fasta -BQSR /mnt/nvme0n1/data/broadout/HG02771_gatk_best_practices_8t_30s_2016-07-06_18-21-02/HG02771_recal.grp -o /mnt/nvme0n1/Broad_Ref_Pipeline_approved_package/workflow_profiler/.queue/scatterGather/ExamplePrintReads-1-sg/temp_15_of_36/HG02771_final.bam 
INFO  20:08:02,000 HelpFormatter - Executing as bshifaw@application-1-1.hudson.intel.com on Linux 3.10.0-327.el7.x86_64 amd64; OpenJDK 64-Bit Server VM 1.8.0_91-b14. 
INFO  20:08:02,011 HelpFormatter - Date/Time: 2016/07/06 20:08:01 
INFO  20:08:02,011 HelpFormatter - --------------------------------------------------------------------------------- 
INFO  20:08:02,011 HelpFormatter - --------------------------------------------------------------------------------- 
INFO  20:08:02,720 GenomeAnalysisEngine - Strictness is SILENT 
INFO  20:08:05,774 ContextCovariate - 		Context sizes: base substitution model 2, indel substitution model 3 
INFO  20:08:06,218 GenomeAnalysisEngine - Downsampling Settings: No downsampling 
INFO  20:08:06,287 SAMDataSource$SAMReaders - Initializing SAMRecords in serial 
INFO  20:08:06,435 SAMDataSource$SAMReaders - Done initializing BAM readers: total time 0.15 
INFO  20:08:06,540 IntervalUtils - Processing 102531392 bp from intervals 
INFO  20:08:07,044 GenomeAnalysisEngine - Preparing for traversal over 1 BAM files 
INFO  20:08:08,394 GenomeAnalysisEngine - Done preparing for traversal 
INFO  20:08:08,395 ProgressMeter - [INITIALIZATION COMPLETE; STARTING PROCESSING] 
INFO  20:08:08,395 ProgressMeter -                 | processed |    time |    per 1M |           |   total | remaining 
INFO  20:08:08,401 ProgressMeter -        Location |     reads | elapsed |     reads | completed | runtime |   runtime 
INFO  20:08:08,449 ReadShardBalancer$1 - Loading BAM index data 
INFO  20:08:09,097 ReadShardBalancer$1 - Done loading BAM index data 
INFO  20:08:40,329 ProgressMeter -     15:20178261         0.0    31.0 s      52.8 w       19.7%     2.6 m       2.1 m 
INFO  20:09:10,798 ProgressMeter -     15:22466099         0.0    62.0 s     103.2 w       21.9%     4.7 m       3.7 m 
INFO  20:09:40,800 ProgressMeter -     15:23605498    200006.0    92.0 s       7.7 m       23.0%     6.7 m       5.1 m 
INFO  20:10:10,801 ProgressMeter -     15:26866660    300007.0     2.0 m       6.8 m       26.2%     7.8 m       5.7 m 
INFO  20:10:40,802 ProgressMeter -     15:28901216    400008.0     2.5 m       6.4 m       28.2%     9.0 m       6.5 m 
INFO  20:11:10,820 ProgressMeter -     15:32451703    500011.0     3.0 m       6.1 m       31.7%     9.6 m       6.6 m 
INFO  20:11:40,821 ProgressMeter -     15:34822511    700016.0     3.5 m       5.1 m       34.0%    10.4 m       6.9 m 
INFO  20:12:10,821 ProgressMeter -     15:40703485    900023.0     4.0 m       4.5 m       39.7%    10.2 m       6.1 m 
INFO  20:12:40,822 ProgressMeter -     15:42139982   1000037.0     4.5 m       4.5 m       41.1%    11.0 m       6.5 m 
INFO  20:13:10,824 ProgressMeter -     15:43568722   1200049.0     5.0 m       4.2 m       42.5%    11.8 m       6.8 m 
INFO  20:13:40,825 ProgressMeter -     15:44671972   1400056.0     5.5 m       4.0 m       43.6%    12.7 m       7.2 m 
INFO  20:14:11,190 ProgressMeter -     15:48782110   1600067.0     6.0 m       3.8 m       47.6%    12.7 m       6.6 m 
INFO  20:14:41,191 ProgressMeter -     15:52497317   1800073.0     6.5 m       3.6 m       51.2%    12.8 m       6.2 m 
INFO  20:15:11,192 ProgressMeter -     15:59506896   2000077.0     7.0 m       3.5 m       58.0%    12.1 m       5.1 m 
INFO  20:15:41,193 ProgressMeter -     15:65319191   2200083.0     7.5 m       3.4 m       63.7%    11.8 m       4.3 m 
INFO  20:16:11,284 ProgressMeter -     15:69739244   2400087.0     8.0 m       3.4 m       68.0%    11.8 m       3.8 m 
INFO  20:16:41,285 ProgressMeter -     15:74481490   2700103.0     8.5 m       3.2 m       72.6%    11.7 m       3.2 m 
INFO  20:17:11,286 ProgressMeter -     15:77425654   2900106.0     9.0 m       3.1 m       75.5%    12.0 m       2.9 m 
INFO  20:17:41,589 ProgressMeter -     15:83222744   3200111.0     9.6 m       3.0 m       81.2%    11.8 m       2.2 m 
INFO  20:18:11,590 ProgressMeter -     15:89870312   3400113.0    10.1 m       3.0 m       87.7%    11.5 m      84.0 s 
INFO  20:18:41,599 ProgressMeter -    15:100269902   3700122.0    10.6 m       2.9 m       97.8%    10.8 m      14.0 s 
INFO  20:18:52,474 Walker - [REDUCE RESULT] Traversal result is: org.broadinstitute.gatk.engine.io.stubs.SAMFileWriterStub@5b58129f 
INFO  20:18:52,613 ProgressMeter -            done   3902661.0    10.7 m       2.8 m      100.0%    10.7 m       0.0 s 
INFO  20:18:52,613 ProgressMeter - Total runtime 644.22 secs, 10.74 min, 0.18 hours 
INFO  20:18:52,614 MicroScheduler - 0 reads were filtered out during the traversal out of approximately 3902661 total reads (0.00%) 
INFO  20:18:52,614 MicroScheduler -   -> 0 reads (0.00% of total) failing BadCigarFilter 
INFO  20:18:52,614 MicroScheduler -   -> 0 reads (0.00% of total) failing MalformedReadFilter 
