INFO  17:06:48,443 HelpFormatter - --------------------------------------------------------------------------------- 
INFO  17:06:48,445 HelpFormatter - The Genome Analysis Toolkit (GATK) v3.4-46-g8ea4dca, Compiled 2015/08/13 20:41:56 
INFO  17:06:48,445 HelpFormatter - Copyright (c) 2010 The Broad Institute 
INFO  17:06:48,446 HelpFormatter - For support and documentation go to http://www.broadinstitute.org/gatk 
INFO  17:06:48,449 HelpFormatter - Program Args: -T PrintReads -I /cluster_share/data/out/HG02769_gatk_best_practices_36t_30s_2016-11-28_15-18-37/HG02769_realign.bam -L /cluster_share/data/Broad_Ref_Pipeline_approved_package/workflow_profiler/.queue/scatterGather/ExamplePrintReads-1-sg/temp_15_of_36/scatter.intervals -R /cluster_share/data/reference/b37bundle/human_g1k_v37.fasta -BQSR /cluster_share/data/out/HG02769_gatk_best_practices_36t_30s_2016-11-28_15-18-37/HG02769_recal.grp -o /cluster_share/data/Broad_Ref_Pipeline_approved_package/workflow_profiler/.queue/scatterGather/ExamplePrintReads-1-sg/temp_15_of_36/HG02769_final.bam 
INFO  17:06:48,453 HelpFormatter - Executing as bshifaw@compute-1-1.hudson.intel.com on Linux 3.10.0-327.13.1.el7.x86_64 amd64; OpenJDK 64-Bit Server VM 1.8.0_111-b15. 
INFO  17:06:48,455 HelpFormatter - Date/Time: 2016/11/28 17:06:48 
INFO  17:06:48,455 HelpFormatter - --------------------------------------------------------------------------------- 
INFO  17:06:48,455 HelpFormatter - --------------------------------------------------------------------------------- 
INFO  17:06:48,614 GenomeAnalysisEngine - Strictness is SILENT 
INFO  17:06:49,887 ContextCovariate - 		Context sizes: base substitution model 2, indel substitution model 3 
INFO  17:06:50,044 GenomeAnalysisEngine - Downsampling Settings: No downsampling 
INFO  17:06:50,092 SAMDataSource$SAMReaders - Initializing SAMRecords in serial 
INFO  17:06:50,210 SAMDataSource$SAMReaders - Done initializing BAM readers: total time 0.12 
INFO  17:06:50,332 IntervalUtils - Processing 102531392 bp from intervals 
INFO  17:06:50,547 GenomeAnalysisEngine - Preparing for traversal over 1 BAM files 
INFO  17:06:51,672 GenomeAnalysisEngine - Done preparing for traversal 
INFO  17:06:51,676 ProgressMeter - [INITIALIZATION COMPLETE; STARTING PROCESSING] 
INFO  17:06:51,676 ProgressMeter -                 | processed |    time |    per 1M |           |   total | remaining 
INFO  17:06:51,677 ProgressMeter -        Location |     reads | elapsed |     reads | completed | runtime |   runtime 
INFO  17:06:51,708 ReadShardBalancer$1 - Loading BAM index data 
INFO  17:06:51,959 ReadShardBalancer$1 - Done loading BAM index data 
INFO  17:07:21,722 ProgressMeter -     15:28389970    300005.0    30.0 s     100.0 s       27.7%   108.0 s      78.0 s 
INFO  17:07:52,142 ProgressMeter -     15:40657871    900014.0    60.0 s      67.0 s       39.7%     2.5 m      91.0 s 
INFO  17:08:22,143 ProgressMeter -     15:44176936   1400033.0    90.0 s      64.0 s       43.1%     3.5 m     118.0 s 
INFO  17:08:52,144 ProgressMeter -     15:58458934   2000052.0   120.0 s      60.0 s       57.0%     3.5 m      90.0 s 
INFO  17:09:22,145 ProgressMeter -     15:72432543   2500061.0     2.5 m      60.0 s       70.6%     3.5 m      62.0 s 
INFO  17:09:52,178 ProgressMeter -     15:80253388   3100072.0     3.0 m      58.0 s       78.3%     3.8 m      49.0 s 
INFO  17:10:22,180 ProgressMeter -     15:92829938   3700083.0     3.5 m      56.0 s       90.5%     3.9 m      21.0 s 
INFO  17:10:32,563 Walker - [REDUCE RESULT] Traversal result is: org.broadinstitute.gatk.engine.io.stubs.SAMFileWriterStub@2a6e54c2 
INFO  17:10:32,880 ProgressMeter -            done   3912422.0     3.7 m      56.0 s      100.0%     3.7 m       0.0 s 
INFO  17:10:32,881 ProgressMeter - Total runtime 221.21 secs, 3.69 min, 0.06 hours 
INFO  17:10:32,881 MicroScheduler - 0 reads were filtered out during the traversal out of approximately 3912422 total reads (0.00%) 
INFO  17:10:32,882 MicroScheduler -   -> 0 reads (0.00% of total) failing BadCigarFilter 
INFO  17:10:32,882 MicroScheduler -   -> 0 reads (0.00% of total) failing MalformedReadFilter 
