INFO  14:30:01,983 HelpFormatter - --------------------------------------------------------------------------------- 
INFO  14:30:01,995 HelpFormatter - The Genome Analysis Toolkit (GATK) v3.4-46-g8ea4dca, Compiled 2015/08/13 20:41:56 
INFO  14:30:01,996 HelpFormatter - Copyright (c) 2010 The Broad Institute 
INFO  14:30:01,996 HelpFormatter - For support and documentation go to http://www.broadinstitute.org/gatk 
INFO  14:30:01,999 HelpFormatter - Program Args: -T HaplotypeCaller -I /mnt/sdb/data/broadout/sim1M_pairs_gatk_best_practices_12t_30s_2016-07-25_14-09-52/sim1M_pairs_realign.bam -L /mnt/sdb/Broad_Ref_Pipeline_approved_package/workflow_profiler/.queue/scatterGather/ExampleHaplotypeCaller-1-sg/temp_23_of_36/scatter.intervals -R /mnt/sdb/Broad_Ref_Pipeline_approved_package/b37bundle/human_g1k_v37.fasta -variant_index_type LINEAR -variant_index_parameter 128000 -o /mnt/sdb/Broad_Ref_Pipeline_approved_package/workflow_profiler/.queue/scatterGather/ExampleHaplotypeCaller-1-sg/temp_23_of_36/sim1M_pairs_realign.bam_HaplotypeCaller.g.vcf -ERC GVCF 
INFO  14:30:02,028 HelpFormatter - Executing as bshifaw@application-0-1.hudson.intel.com on Linux 3.10.0-327.el7.x86_64 amd64; OpenJDK 64-Bit Server VM 1.8.0_101-b13. 
INFO  14:30:02,028 HelpFormatter - Date/Time: 2016/07/25 14:30:01 
INFO  14:30:02,029 HelpFormatter - --------------------------------------------------------------------------------- 
INFO  14:30:02,029 HelpFormatter - --------------------------------------------------------------------------------- 
WARN  14:30:02,032 GATKVCFUtils - Naming your output file using the .g.vcf extension will automatically set the appropriate values  for --variant_index_type and --variant_index_parameter 
INFO  14:30:02,163 GenomeAnalysisEngine - Strictness is SILENT 
INFO  14:30:02,361 GenomeAnalysisEngine - Downsampling Settings: Method: BY_SAMPLE, Target Coverage: 500 
INFO  14:30:02,368 SAMDataSource$SAMReaders - Initializing SAMRecords in serial 
INFO  14:30:02,489 SAMDataSource$SAMReaders - Done initializing BAM readers: total time 0.12 
INFO  14:30:02,514 HCMappingQualityFilter - Filtering out reads with MAPQ < 20 
INFO  14:30:02,708 IntervalUtils - Processing 1437965 bp from intervals 
INFO  14:30:02,945 GenomeAnalysisEngine - Preparing for traversal over 1 BAM files 
INFO  14:30:03,226 GenomeAnalysisEngine - Done preparing for traversal 
INFO  14:30:03,252 ProgressMeter - [INITIALIZATION COMPLETE; STARTING PROCESSING] 
INFO  14:30:03,256 ProgressMeter -                 |      processed |    time |         per 1M |           |   total | remaining 
INFO  14:30:03,260 ProgressMeter -        Location | active regions | elapsed | active regions | completed | runtime |   runtime 
INFO  14:30:03,273 HaplotypeCaller - Standard Emitting and Calling confidence set to 0.0 for reference-model confidence output 
INFO  14:30:03,274 HaplotypeCaller - All sites annotated with PLs forced to true for reference-model confidence output 
INFO  14:30:03,407 HaplotypeCaller - Using global mismapping rate of 45 => -4.5 in log10 likelihood units 
Using AVX accelerated implementation of PairHMM
INFO  14:30:15,604 VectorLoglessPairHMM - libVectorLoglessPairHMM unpacked successfully from GATK jar file 
INFO  14:30:15,605 VectorLoglessPairHMM - Using vectorized implementation of PairHMM 
WARN  14:30:16,008 HaplotypeScore - Annotation will not be calculated, must be called from UnifiedGenotyper 
WARN  14:30:16,018 InbreedingCoeff - Annotation will not be calculated, must provide a valid PED file (-ped) from the command line. 
INFO  14:30:33,308 ProgressMeter -    12:110405069    1.667964185E9    30.0 s            0.0 s       68.2%    43.0 s      13.0 s 
INFO  14:30:42,745 VectorLoglessPairHMM - Time spent in setup for JNI call : 7.86213E-4 
INFO  14:30:42,752 PairHMM - Total compute time in PairHMM computeLikelihoods() : 0.0019299890000000002 
INFO  14:30:42,753 HaplotypeCaller - Ran local assembly on 6940 active regions 
INFO  14:30:42,772 ProgressMeter -            done     3.55751072E9    39.0 s            0.0 s      100.0%    39.0 s       0.0 s 
INFO  14:30:42,773 ProgressMeter - Total runtime 39.52 secs, 0.66 min, 0.01 hours 
INFO  14:30:42,777 MicroScheduler - 0 reads were filtered out during the traversal out of approximately 1778 total reads (0.00%) 
INFO  14:30:42,783 MicroScheduler -   -> 0 reads (0.00% of total) failing BadCigarFilter 
INFO  14:30:42,791 MicroScheduler -   -> 0 reads (0.00% of total) failing DuplicateReadFilter 
INFO  14:30:42,792 MicroScheduler -   -> 0 reads (0.00% of total) failing FailsVendorQualityCheckFilter 
INFO  14:30:42,792 MicroScheduler -   -> 0 reads (0.00% of total) failing HCMappingQualityFilter 
INFO  14:30:42,792 MicroScheduler -   -> 0 reads (0.00% of total) failing MalformedReadFilter 
INFO  14:30:42,800 MicroScheduler -   -> 0 reads (0.00% of total) failing MappingQualityUnavailableFilter 
INFO  14:30:42,801 MicroScheduler -   -> 0 reads (0.00% of total) failing NotPrimaryAlignmentFilter 
INFO  14:30:42,801 MicroScheduler -   -> 0 reads (0.00% of total) failing UnmappedReadFilter 
