INFO  18:00:54,948 HelpFormatter - --------------------------------------------------------------------------------- 
INFO  18:00:54,951 HelpFormatter - The Genome Analysis Toolkit (GATK) v3.4-46-g8ea4dca, Compiled 2015/08/13 20:41:56 
INFO  18:00:54,951 HelpFormatter - Copyright (c) 2010 The Broad Institute 
INFO  18:00:54,951 HelpFormatter - For support and documentation go to http://www.broadinstitute.org/gatk 
INFO  18:00:54,955 HelpFormatter - Program Args: -T HaplotypeCaller -I /home/opt/data/broadout/FC1-NA12878-01_S1_L001_gatk_best_practices_36t_30s_2015-11-10_16-39-49/FC1-NA12878-01_S1_L001_realign.bam -L /home/beris/Broad_Ref_Pipeline_approved_package/workflow_profiler/.queue/scatterGather/ExampleHaplotypeCaller-1-sg/temp_07_of_36/scatter.intervals -R /home/beris/Broad_Ref_Pipeline_approved_package/homosapiensrefgenome/Homo_sapiens_assembly19.fasta -variant_index_type LINEAR -variant_index_parameter 128000 -o /home/beris/Broad_Ref_Pipeline_approved_package/workflow_profiler/.queue/scatterGather/ExampleHaplotypeCaller-1-sg/temp_07_of_36/FC1-NA12878-01_S1_L001_realign.bam_HaplotypeCaller.g.vcf -ERC GVCF 
INFO  18:00:54,965 HelpFormatter - Executing as beris@dna on Linux 2.6.32-573.el6.x86_64 amd64; OpenJDK 64-Bit Server VM 1.7.0_79-mockbuild_2015_07_24_09_26-b00. 
INFO  18:00:54,971 HelpFormatter - Date/Time: 2015/11/10 18:00:54 
INFO  18:00:54,972 HelpFormatter - --------------------------------------------------------------------------------- 
INFO  18:00:54,972 HelpFormatter - --------------------------------------------------------------------------------- 
WARN  18:00:55,014 GATKVCFUtils - Naming your output file using the .g.vcf extension will automatically set the appropriate values  for --variant_index_type and --variant_index_parameter 
INFO  18:00:55,118 GenomeAnalysisEngine - Strictness is SILENT 
INFO  18:00:55,232 GenomeAnalysisEngine - Downsampling Settings: Method: BY_SAMPLE, Target Coverage: 500 
INFO  18:00:55,239 SAMDataSource$SAMReaders - Initializing SAMRecords in serial 
INFO  18:00:55,278 SAMDataSource$SAMReaders - Done initializing BAM readers: total time 0.04 
INFO  18:00:55,284 HCMappingQualityFilter - Filtering out reads with MAPQ < 20 
INFO  18:00:55,491 IntervalUtils - Processing 1017715 bp from intervals 
INFO  18:00:55,617 GenomeAnalysisEngine - Preparing for traversal over 1 BAM files 
INFO  18:00:55,894 GenomeAnalysisEngine - Done preparing for traversal 
INFO  18:00:55,894 ProgressMeter - [INITIALIZATION COMPLETE; STARTING PROCESSING] 
INFO  18:00:55,894 ProgressMeter -                 |      processed |    time |         per 1M |           |   total | remaining 
INFO  18:00:55,895 ProgressMeter -        Location | active regions | elapsed | active regions | completed | runtime |   runtime 
INFO  18:00:55,905 HaplotypeCaller - Standard Emitting and Calling confidence set to 0.0 for reference-model confidence output 
INFO  18:00:55,906 HaplotypeCaller - All sites annotated with PLs forced to true for reference-model confidence output 
INFO  18:00:56,146 HaplotypeCaller - Using global mismapping rate of 45 => -4.5 in log10 likelihood units 
Using AVX accelerated implementation of PairHMM
INFO  18:00:57,786 VectorLoglessPairHMM - libVectorLoglessPairHMM unpacked successfully from GATK jar file 
INFO  18:00:57,786 VectorLoglessPairHMM - Using vectorized implementation of PairHMM 
WARN  18:00:57,958 HaplotypeScore - Annotation will not be calculated, must be called from UnifiedGenotyper 
WARN  18:00:57,959 InbreedingCoeff - Annotation will not be calculated, must provide a valid PED file (-ped) from the command line. 
INFO  18:01:25,927 ProgressMeter -     2:232091435      6.0129648E7    30.0 s            0.0 s       14.8%     3.4 m       2.9 m 
INFO  18:01:55,929 ProgressMeter -      3:10417062      3.9364927E8    60.0 s            0.0 s       48.4%     2.1 m      63.0 s 
INFO  18:02:25,930 ProgressMeter -      3:46622570     1.00423153E9    90.0 s            0.0 s       86.1%   104.0 s      14.0 s 
INFO  18:02:35,062 VectorLoglessPairHMM - Time spent in setup for JNI call : 0.029163581 
INFO  18:02:35,062 PairHMM - Total compute time in PairHMM computeLikelihoods() : 3.8360199230000003 
INFO  18:02:35,062 HaplotypeCaller - Ran local assembly on 9714 active regions 
INFO  18:02:35,071 ProgressMeter -            done    1.278379733E9    99.0 s            0.0 s      100.0%    99.0 s       0.0 s 
INFO  18:02:35,071 ProgressMeter - Total runtime 99.18 secs, 1.65 min, 0.03 hours 
INFO  18:02:35,072 MicroScheduler - 17422 reads were filtered out during the traversal out of approximately 458232 total reads (3.80%) 
INFO  18:02:35,072 MicroScheduler -   -> 0 reads (0.00% of total) failing BadCigarFilter 
INFO  18:02:35,072 MicroScheduler -   -> 14611 reads (3.19% of total) failing DuplicateReadFilter 
INFO  18:02:35,072 MicroScheduler -   -> 0 reads (0.00% of total) failing FailsVendorQualityCheckFilter 
INFO  18:02:35,073 MicroScheduler -   -> 2778 reads (0.61% of total) failing HCMappingQualityFilter 
INFO  18:02:35,073 MicroScheduler -   -> 0 reads (0.00% of total) failing MalformedReadFilter 
INFO  18:02:35,073 MicroScheduler -   -> 0 reads (0.00% of total) failing MappingQualityUnavailableFilter 
INFO  18:02:35,073 MicroScheduler -   -> 33 reads (0.01% of total) failing NotPrimaryAlignmentFilter 
INFO  18:02:35,074 MicroScheduler -   -> 0 reads (0.00% of total) failing UnmappedReadFilter 
