INFO  20:47:27,539 HelpFormatter - --------------------------------------------------------------------------------- 
INFO  20:47:27,542 HelpFormatter - The Genome Analysis Toolkit (GATK) v3.4-46-g8ea4dca, Compiled 2015/08/13 20:41:56 
INFO  20:47:27,542 HelpFormatter - Copyright (c) 2010 The Broad Institute 
INFO  20:47:27,542 HelpFormatter - For support and documentation go to http://www.broadinstitute.org/gatk 
INFO  20:47:27,546 HelpFormatter - Program Args: -T HaplotypeCaller -I /mnt/nvme0n1/data/broadout/HG02561_gatk_best_practices_8t_30s_2016-07-06_18-21-00/HG02561_final.bam -L /mnt/nvme0n1/Broad_Ref_Pipeline_approved_package/workflow_profiler/.queue/scatterGather/ExampleHaplotypeCaller-1-sg/temp_07_of_36/scatter.intervals -R /mnt/nvme0n1/Broad_Ref_Pipeline_approved_package/b37bundle/human_g1k_v37.fasta -variant_index_type LINEAR -variant_index_parameter 128000 -o /mnt/nvme0n1/Broad_Ref_Pipeline_approved_package/workflow_profiler/.queue/scatterGather/ExampleHaplotypeCaller-1-sg/temp_07_of_36/HG02561_HaplotypeCaller.g.vcf -ERC GVCF 
INFO  20:47:27,569 HelpFormatter - Executing as bshifaw@application-1-1.hudson.intel.com on Linux 3.10.0-327.el7.x86_64 amd64; OpenJDK 64-Bit Server VM 1.8.0_91-b14. 
INFO  20:47:27,570 HelpFormatter - Date/Time: 2016/07/06 20:47:27 
INFO  20:47:27,570 HelpFormatter - --------------------------------------------------------------------------------- 
INFO  20:47:27,571 HelpFormatter - --------------------------------------------------------------------------------- 
WARN  20:47:27,583 GATKVCFUtils - Naming your output file using the .g.vcf extension will automatically set the appropriate values  for --variant_index_type and --variant_index_parameter 
INFO  20:47:27,690 GenomeAnalysisEngine - Strictness is SILENT 
INFO  20:47:27,802 GenomeAnalysisEngine - Downsampling Settings: Method: BY_SAMPLE, Target Coverage: 500 
INFO  20:47:27,808 SAMDataSource$SAMReaders - Initializing SAMRecords in serial 
INFO  20:47:27,866 SAMDataSource$SAMReaders - Done initializing BAM readers: total time 0.06 
INFO  20:47:27,885 HCMappingQualityFilter - Filtering out reads with MAPQ < 20 
INFO  20:47:28,033 IntervalUtils - Processing 1437965 bp from intervals 
INFO  20:47:28,249 GenomeAnalysisEngine - Preparing for traversal over 1 BAM files 
INFO  20:47:28,498 GenomeAnalysisEngine - Done preparing for traversal 
INFO  20:47:28,499 ProgressMeter - [INITIALIZATION COMPLETE; STARTING PROCESSING] 
INFO  20:47:28,499 ProgressMeter -                 |      processed |    time |         per 1M |           |   total | remaining 
INFO  20:47:28,499 ProgressMeter -        Location | active regions | elapsed | active regions | completed | runtime |   runtime 
INFO  20:47:28,510 HaplotypeCaller - Standard Emitting and Calling confidence set to 0.0 for reference-model confidence output 
INFO  20:47:28,510 HaplotypeCaller - All sites annotated with PLs forced to true for reference-model confidence output 
INFO  20:47:28,679 HaplotypeCaller - Using global mismapping rate of 45 => -4.5 in log10 likelihood units 
Using AVX accelerated implementation of PairHMM
INFO  20:47:30,328 VectorLoglessPairHMM - libVectorLoglessPairHMM unpacked successfully from GATK jar file 
INFO  20:47:30,330 VectorLoglessPairHMM - Using vectorized implementation of PairHMM 
WARN  20:47:30,568 HaplotypeScore - Annotation will not be calculated, must be called from UnifiedGenotyper 
WARN  20:47:30,568 InbreedingCoeff - Annotation will not be calculated, must provide a valid PED file (-ped) from the command line. 
INFO  20:47:58,566 ProgressMeter -     2:224749348         314543.0    30.0 s           95.0 s        1.0%    51.7 m      51.2 m 
INFO  20:48:28,568 ProgressMeter -     2:226378173        2432120.0    60.0 s           24.0 s        2.5%    39.3 m      38.3 m 
INFO  20:48:58,568 ProgressMeter -     2:227895107        3249600.0    90.0 s           27.0 s        3.2%    46.9 m      45.4 m 
INFO  20:49:28,569 ProgressMeter -     2:228159933        7117439.0   120.0 s           16.0 s        4.4%    45.7 m      43.7 m 
INFO  20:49:58,570 ProgressMeter -     2:228399509        9121175.0     2.5 m           16.0 s        4.9%    51.1 m      48.6 m 
INFO  20:50:28,571 ProgressMeter -     2:230902044      1.7232076E7     3.0 m           10.0 s        6.9%    43.2 m      40.2 m 
INFO  20:50:58,572 ProgressMeter -     2:232458336      3.8019492E7     3.5 m            5.0 s       10.1%    34.6 m      31.1 m 
INFO  20:51:38,575 ProgressMeter -     2:233708742      5.3248538E7     4.2 m            4.0 s       12.7%    32.9 m      28.7 m 
INFO  20:52:08,576 ProgressMeter -     2:234638566      8.1316353E7     4.7 m            3.0 s       15.5%    30.1 m      25.4 m 
INFO  20:52:38,576 ProgressMeter -     2:238256940     1.08822661E8     5.2 m            2.0 s       18.0%    28.7 m      23.5 m 
INFO  20:53:08,577 ProgressMeter -     2:240981578     1.70471226E8     5.7 m            1.0 s       22.3%    25.4 m      19.7 m 
INFO  20:53:38,583 ProgressMeter -     2:242509488     2.62113608E8     6.2 m            1.0 s       27.6%    22.4 m      16.2 m 
INFO  20:54:08,585 ProgressMeter -       3:8574371     2.88921505E8     6.7 m            1.0 s       32.6%    20.4 m      13.8 m 
INFO  20:54:38,585 ProgressMeter -       3:9934583      3.0256659E8     7.2 m            1.0 s       36.2%    19.8 m      12.6 m 
INFO  20:55:08,587 ProgressMeter -      3:10970836     3.21351715E8     7.7 m            1.0 s       39.4%    19.5 m      11.8 m 
INFO  20:55:38,588 ProgressMeter -      3:13860389     3.59116914E8     8.2 m            1.0 s       43.4%    18.8 m      10.7 m 
INFO  20:56:08,590 ProgressMeter -      3:16264070      4.2073825E8     8.7 m            1.0 s       48.0%    18.0 m       9.4 m 
INFO  20:56:38,591 ProgressMeter -      3:20189683     4.53602342E8     9.2 m            1.0 s       50.3%    18.2 m       9.1 m 
INFO  20:57:08,592 ProgressMeter -      3:32200316     5.39218965E8     9.7 m            1.0 s       55.1%    17.5 m       7.9 m 
INFO  20:57:38,594 ProgressMeter -      3:37337526     6.45055646E8    10.2 m            0.0 s       60.3%    16.9 m       6.7 m 
WARN  20:58:04,999 ExactAFCalculator - this tool is currently set to genotype at most 6 alternate alleles in a given context, but the context at 3:38355176 has 11 alternate alleles so only the top alleles will be used; see the --max_alternate_alleles argument 
INFO  20:58:08,619 ProgressMeter -      3:38537807     7.24371842E8    10.7 m            0.0 s       64.0%    16.7 m       6.0 m 
INFO  20:58:38,620 ProgressMeter -      3:40503378     8.19380126E8    11.2 m            0.0 s       68.4%    16.3 m       5.2 m 
INFO  20:59:08,621 ProgressMeter -      3:44396271     9.26739168E8    11.7 m            0.0 s       72.6%    16.1 m       4.4 m 
INFO  20:59:38,623 ProgressMeter -      3:45869879    1.036010122E9    12.2 m            0.0 s       76.4%    15.9 m       3.7 m 
INFO  21:00:08,624 ProgressMeter -      3:47108508    1.135042864E9    12.7 m            0.0 s       80.4%    15.7 m       3.1 m 
INFO  21:00:38,625 ProgressMeter -      3:48629593    1.316062021E9    13.2 m            0.0 s       87.3%    15.1 m     114.0 s 
INFO  21:01:08,627 ProgressMeter -      3:50231473     1.60153068E9    13.7 m            0.0 s       98.9%    13.8 m       9.0 s 
INFO  21:01:09,939 VectorLoglessPairHMM - Time spent in setup for JNI call : 0.40671227200000004 
INFO  21:01:09,940 PairHMM - Total compute time in PairHMM computeLikelihoods() : 118.041574717 
INFO  21:01:09,940 HaplotypeCaller - Ran local assembly on 8574 active regions 
INFO  21:01:09,962 ProgressMeter -            done    1.627945595E9    13.7 m            0.0 s      100.0%    13.7 m       0.0 s 
INFO  21:01:09,962 ProgressMeter - Total runtime 821.46 secs, 13.69 min, 0.23 hours 
INFO  21:01:09,963 MicroScheduler - 413622 reads were filtered out during the traversal out of approximately 2545251 total reads (16.25%) 
INFO  21:01:09,963 MicroScheduler -   -> 0 reads (0.00% of total) failing BadCigarFilter 
INFO  21:01:09,963 MicroScheduler -   -> 382509 reads (15.03% of total) failing DuplicateReadFilter 
INFO  21:01:09,964 MicroScheduler -   -> 0 reads (0.00% of total) failing FailsVendorQualityCheckFilter 
INFO  21:01:09,964 MicroScheduler -   -> 30893 reads (1.21% of total) failing HCMappingQualityFilter 
INFO  21:01:09,964 MicroScheduler -   -> 0 reads (0.00% of total) failing MalformedReadFilter 
INFO  21:01:09,964 MicroScheduler -   -> 0 reads (0.00% of total) failing MappingQualityUnavailableFilter 
INFO  21:01:09,965 MicroScheduler -   -> 220 reads (0.01% of total) failing NotPrimaryAlignmentFilter 
INFO  21:01:09,966 MicroScheduler -   -> 0 reads (0.00% of total) failing UnmappedReadFilter 
