INFO  16:01:11,456 HelpFormatter - --------------------------------------------------------------------------------- 
INFO  16:01:11,458 HelpFormatter - The Genome Analysis Toolkit (GATK) v3.4-46-g8ea4dca, Compiled 2015/08/13 20:41:56 
INFO  16:01:11,458 HelpFormatter - Copyright (c) 2010 The Broad Institute 
INFO  16:01:11,459 HelpFormatter - For support and documentation go to http://www.broadinstitute.org/gatk 
INFO  16:01:11,461 HelpFormatter - Program Args: -T BaseRecalibrator -I /mnt/sdb/data/broadout/sim1M_pairs_gatk_best_practices_36t_30s_2016-09-26_15-40-42/sim1M_pairs_realign.bam -L /home/bshifaw/gitrepos/Reference-Design/Broad_Ref_Pip/workflow_profiler/.queue/scatterGather/ExampleBaseRecalibrator-1-sg/temp_24_of_36/scatter.intervals -R /mnt/sdb/Broad_Ref_Pipeline_approved_package/homosapiensrefgenome/Homo_sapiens_assembly19.fasta -knownSites /mnt/sdb/Broad_Ref_Pipeline_approved_package/homosapiensrefgenome/Homo_sapiens_assembly19.dbsnp.vcf -o /home/bshifaw/gitrepos/Reference-Design/Broad_Ref_Pip/workflow_profiler/.queue/scatterGather/ExampleBaseRecalibrator-1-sg/temp_24_of_36/sim1M_pairs_recal.grp 
INFO  16:01:11,472 HelpFormatter - Executing as bshifaw@application-0-1.hudson.intel.com on Linux 3.10.0-327.13.1.el7.x86_64 amd64; OpenJDK 64-Bit Server VM 1.8.0_102-b14. 
INFO  16:01:11,473 HelpFormatter - Date/Time: 2016/09/26 16:01:11 
INFO  16:01:11,476 HelpFormatter - --------------------------------------------------------------------------------- 
INFO  16:01:11,477 HelpFormatter - --------------------------------------------------------------------------------- 
INFO  16:01:11,620 GenomeAnalysisEngine - Strictness is SILENT 
INFO  16:01:11,770 GenomeAnalysisEngine - Downsampling Settings: No downsampling 
INFO  16:01:11,776 SAMDataSource$SAMReaders - Initializing SAMRecords in serial 
INFO  16:01:11,909 SAMDataSource$SAMReaders - Done initializing BAM readers: total time 0.13 
INFO  16:01:12,226 IntervalUtils - Processing 59373566 bp from intervals 
INFO  16:01:12,351 GenomeAnalysisEngine - Preparing for traversal over 1 BAM files 
INFO  16:01:12,573 GenomeAnalysisEngine - Done preparing for traversal 
INFO  16:01:12,573 ProgressMeter - [INITIALIZATION COMPLETE; STARTING PROCESSING] 
INFO  16:01:12,573 ProgressMeter -                 | processed |    time |    per 1M |           |   total | remaining 
INFO  16:01:12,583 ProgressMeter -        Location |     reads | elapsed |     reads | completed | runtime |   runtime 
INFO  16:01:12,643 BaseRecalibrator - The covariates being used here:  
INFO  16:01:12,644 BaseRecalibrator - 	ReadGroupCovariate 
INFO  16:01:12,644 BaseRecalibrator - 	QualityScoreCovariate 
INFO  16:01:12,644 BaseRecalibrator - 	ContextCovariate 
INFO  16:01:12,644 ContextCovariate - 		Context sizes: base substitution model 2, indel substitution model 3 
INFO  16:01:12,644 BaseRecalibrator - 	CycleCovariate 
INFO  16:01:12,646 ReadShardBalancer$1 - Loading BAM index data 
INFO  16:01:12,881 ReadShardBalancer$1 - Done loading BAM index data 
INFO  16:01:18,903 BaseRecalibrator - Calculating quantized quality scores... 
INFO  16:01:18,925 BaseRecalibrator - Writing recalibration report... 
INFO  16:01:19,752 BaseRecalibrator - ...done! 
INFO  16:01:19,752 BaseRecalibrator - BaseRecalibrator was able to recalibrate 10073 reads 
INFO  16:01:19,754 ProgressMeter -            done     10073.0     7.0 s      11.9 m       48.5%    14.0 s       7.0 s 
INFO  16:01:19,754 ProgressMeter - Total runtime 7.18 secs, 0.12 min, 0.00 hours 
INFO  16:01:19,755 MicroScheduler - 4506 reads were filtered out during the traversal out of approximately 14579 total reads (30.91%) 
INFO  16:01:19,755 MicroScheduler -   -> 0 reads (0.00% of total) failing BadCigarFilter 
INFO  16:01:19,755 MicroScheduler -   -> 0 reads (0.00% of total) failing DuplicateReadFilter 
INFO  16:01:19,755 MicroScheduler -   -> 0 reads (0.00% of total) failing FailsVendorQualityCheckFilter 
INFO  16:01:19,756 MicroScheduler -   -> 0 reads (0.00% of total) failing MalformedReadFilter 
INFO  16:01:19,756 MicroScheduler -   -> 0 reads (0.00% of total) failing MappingQualityUnavailableFilter 
INFO  16:01:19,756 MicroScheduler -   -> 4506 reads (30.91% of total) failing MappingQualityZeroFilter 
INFO  16:01:19,756 MicroScheduler -   -> 0 reads (0.00% of total) failing NotPrimaryAlignmentFilter 
INFO  16:01:19,756 MicroScheduler -   -> 0 reads (0.00% of total) failing UnmappedReadFilter 
