INFO  17:50:51,479 HelpFormatter - --------------------------------------------------------------------------------- 
INFO  17:50:51,505 HelpFormatter - The Genome Analysis Toolkit (GATK) v3.4-46-g8ea4dca, Compiled 2015/08/13 20:41:56 
INFO  17:50:51,506 HelpFormatter - Copyright (c) 2010 The Broad Institute 
INFO  17:50:51,507 HelpFormatter - For support and documentation go to http://www.broadinstitute.org/gatk 
INFO  17:50:51,510 HelpFormatter - Program Args: -T IndelRealigner -I /mnt/sdb/data/broadout/HG02769_gatk_best_practices_8t_30s_2016-07-25_16-38-44/HG02769_dupRem.bam -L /mnt/sdb/Broad_Ref_Pipeline_approved_package/workflow_profiler/.queue/scatterGather/ExampleIndelRealigner-1-sg/temp_22_of_36/scatter.intervals -R /mnt/sdb/Broad_Ref_Pipeline_approved_package/b37bundle/human_g1k_v37.fasta -known /mnt/sdb/Broad_Ref_Pipeline_approved_package/b37bundle/1000G_phase1.indels.b37.vcf -targetIntervals /mnt/sdb/data/broadout/HG02769_gatk_best_practices_8t_30s_2016-07-25_16-38-44/HG02769_realn.intervals -o /mnt/sdb/Broad_Ref_Pipeline_approved_package/workflow_profiler/.queue/scatterGather/ExampleIndelRealigner-1-sg/temp_22_of_36/HG02769_realign.bam -filterNoBases 
INFO  17:50:51,529 HelpFormatter - Executing as bshifaw@application-0-1.hudson.intel.com on Linux 3.10.0-327.el7.x86_64 amd64; OpenJDK 64-Bit Server VM 1.8.0_101-b13. 
INFO  17:50:51,530 HelpFormatter - Date/Time: 2016/07/25 17:50:51 
INFO  17:50:51,531 HelpFormatter - --------------------------------------------------------------------------------- 
INFO  17:50:51,531 HelpFormatter - --------------------------------------------------------------------------------- 
INFO  17:50:51,803 GenomeAnalysisEngine - Strictness is SILENT 
INFO  17:50:52,010 GenomeAnalysisEngine - Downsampling Settings: No downsampling 
INFO  17:50:52,032 SAMDataSource$SAMReaders - Initializing SAMRecords in serial 
INFO  17:50:52,163 SAMDataSource$SAMReaders - Done initializing BAM readers: total time 0.13 
INFO  17:50:52,457 IntervalUtils - Processing 51304566 bp from intervals 
INFO  17:50:52,834 GenomeAnalysisEngine - Preparing for traversal over 1 BAM files 
INFO  17:50:53,392 GenomeAnalysisEngine - Done preparing for traversal 
INFO  17:50:53,405 ProgressMeter - [INITIALIZATION COMPLETE; STARTING PROCESSING] 
INFO  17:50:53,405 ProgressMeter -                 | processed |    time |    per 1M |           |   total | remaining 
INFO  17:50:53,419 ProgressMeter -        Location |     reads | elapsed |     reads | completed | runtime |   runtime 
INFO  17:50:53,779 ReadShardBalancer$1 - Loading BAM index data 
INFO  17:50:54,072 ReadShardBalancer$1 - Done loading BAM index data 
INFO  17:51:25,927 ProgressMeter -     22:17684652         0.0    32.0 s      53.8 w       34.5%    92.0 s      60.0 s 
INFO  17:51:58,083 ProgressMeter -     22:26888308    700016.0    64.0 s      92.0 s       52.4%     2.0 m      58.0 s 
INFO  17:52:38,724 ProgressMeter -     22:32007183    900022.0   105.0 s     117.0 s       62.4%     2.8 m      63.0 s 
INFO  17:53:18,784 ProgressMeter -     22:38274235   1300034.0     2.4 m     111.0 s       74.6%     3.2 m      49.0 s 
INFO  17:53:49,051 ProgressMeter -     22:42793913   1600042.0     2.9 m     109.0 s       83.4%     3.5 m      34.0 s 
INFO  17:54:18,729 ProgressMeter -            done   2093941.0     3.4 m      98.0 s       99.9%     3.4 m       0.0 s 
INFO  17:54:18,730 ProgressMeter - Total runtime 205.34 secs, 3.42 min, 0.06 hours 
INFO  17:54:18,734 MicroScheduler - 38127 reads were filtered out during the traversal out of approximately 2132068 total reads (1.79%) 
INFO  17:54:18,735 MicroScheduler -   -> 0 reads (0.00% of total) failing BadCigarFilter 
INFO  17:54:18,735 MicroScheduler -   -> 38127 reads (1.79% of total) failing MalformedReadFilter 
