INFO  18:00:54,961 HelpFormatter - --------------------------------------------------------------------------------- 
INFO  18:00:54,963 HelpFormatter - The Genome Analysis Toolkit (GATK) v3.4-46-g8ea4dca, Compiled 2015/08/13 20:41:56 
INFO  18:00:54,963 HelpFormatter - Copyright (c) 2010 The Broad Institute 
INFO  18:00:54,963 HelpFormatter - For support and documentation go to http://www.broadinstitute.org/gatk 
INFO  18:00:54,966 HelpFormatter - Program Args: -T HaplotypeCaller -I /home/opt/data/broadout/FC1-NA12878-01_S1_L001_gatk_best_practices_36t_30s_2015-11-10_16-39-49/FC1-NA12878-01_S1_L001_realign.bam -L /home/beris/Broad_Ref_Pipeline_approved_package/workflow_profiler/.queue/scatterGather/ExampleHaplotypeCaller-1-sg/temp_05_of_36/scatter.intervals -R /home/beris/Broad_Ref_Pipeline_approved_package/homosapiensrefgenome/Homo_sapiens_assembly19.fasta -variant_index_type LINEAR -variant_index_parameter 128000 -o /home/beris/Broad_Ref_Pipeline_approved_package/workflow_profiler/.queue/scatterGather/ExampleHaplotypeCaller-1-sg/temp_05_of_36/FC1-NA12878-01_S1_L001_realign.bam_HaplotypeCaller.g.vcf -ERC GVCF 
INFO  18:00:54,972 HelpFormatter - Executing as beris@dna on Linux 2.6.32-573.el6.x86_64 amd64; OpenJDK 64-Bit Server VM 1.7.0_79-mockbuild_2015_07_24_09_26-b00. 
INFO  18:00:54,972 HelpFormatter - Date/Time: 2015/11/10 18:00:54 
INFO  18:00:54,972 HelpFormatter - --------------------------------------------------------------------------------- 
INFO  18:00:54,972 HelpFormatter - --------------------------------------------------------------------------------- 
WARN  18:00:55,008 GATKVCFUtils - Naming your output file using the .g.vcf extension will automatically set the appropriate values  for --variant_index_type and --variant_index_parameter 
INFO  18:00:55,129 GenomeAnalysisEngine - Strictness is SILENT 
INFO  18:00:55,248 GenomeAnalysisEngine - Downsampling Settings: Method: BY_SAMPLE, Target Coverage: 500 
INFO  18:00:55,256 SAMDataSource$SAMReaders - Initializing SAMRecords in serial 
INFO  18:00:55,319 SAMDataSource$SAMReaders - Done initializing BAM readers: total time 0.06 
INFO  18:00:55,336 HCMappingQualityFilter - Filtering out reads with MAPQ < 20 
INFO  18:00:55,574 IntervalUtils - Processing 1017715 bp from intervals 
INFO  18:00:55,720 GenomeAnalysisEngine - Preparing for traversal over 1 BAM files 
INFO  18:00:56,076 GenomeAnalysisEngine - Done preparing for traversal 
INFO  18:00:56,076 ProgressMeter - [INITIALIZATION COMPLETE; STARTING PROCESSING] 
INFO  18:00:56,077 ProgressMeter -                 |      processed |    time |         per 1M |           |   total | remaining 
INFO  18:00:56,077 ProgressMeter -        Location | active regions | elapsed | active regions | completed | runtime |   runtime 
INFO  18:00:56,077 HaplotypeCaller - Standard Emitting and Calling confidence set to 0.0 for reference-model confidence output 
INFO  18:00:56,078 HaplotypeCaller - All sites annotated with PLs forced to true for reference-model confidence output 
INFO  18:00:56,272 HaplotypeCaller - Using global mismapping rate of 45 => -4.5 in log10 likelihood units 
Using AVX accelerated implementation of PairHMM
INFO  18:00:58,073 VectorLoglessPairHMM - libVectorLoglessPairHMM unpacked successfully from GATK jar file 
INFO  18:00:58,074 VectorLoglessPairHMM - Using vectorized implementation of PairHMM 
WARN  18:00:58,446 HaplotypeScore - Annotation will not be calculated, must be called from UnifiedGenotyper 
WARN  18:00:58,446 InbreedingCoeff - Annotation will not be calculated, must provide a valid PED file (-ped) from the command line. 
INFO  18:01:26,098 ProgressMeter -      2:43922415      6.8608434E7    30.0 s            0.0 s       15.2%     3.3 m       2.8 m 
INFO  18:01:56,099 ProgressMeter -      2:74460684     6.22641668E8    60.0 s            0.0 s       47.2%     2.1 m      67.0 s 
INFO  18:02:26,101 ProgressMeter -      2:96604526    1.069304032E9    90.0 s            0.0 s       65.9%     2.3 m      46.0 s 
INFO  18:02:56,104 ProgressMeter -     2:113764123    2.090162085E9   120.0 s            0.0 s       90.1%     2.2 m      13.0 s 
INFO  18:03:03,813 VectorLoglessPairHMM - Time spent in setup for JNI call : 0.040317499 
INFO  18:03:03,813 PairHMM - Total compute time in PairHMM computeLikelihoods() : 20.818945443 
INFO  18:03:03,813 HaplotypeCaller - Ran local assembly on 9610 active regions 
INFO  18:03:03,819 ProgressMeter -            done    2.619646166E9     2.1 m            0.0 s      100.0%     2.1 m       0.0 s 
INFO  18:03:03,819 ProgressMeter - Total runtime 127.74 secs, 2.13 min, 0.04 hours 
INFO  18:03:03,819 MicroScheduler - 60884 reads were filtered out during the traversal out of approximately 583436 total reads (10.44%) 
INFO  18:03:03,819 MicroScheduler -   -> 0 reads (0.00% of total) failing BadCigarFilter 
INFO  18:03:03,820 MicroScheduler -   -> 20808 reads (3.57% of total) failing DuplicateReadFilter 
INFO  18:03:03,820 MicroScheduler -   -> 0 reads (0.00% of total) failing FailsVendorQualityCheckFilter 
INFO  18:03:03,820 MicroScheduler -   -> 39998 reads (6.86% of total) failing HCMappingQualityFilter 
INFO  18:03:03,820 MicroScheduler -   -> 0 reads (0.00% of total) failing MalformedReadFilter 
INFO  18:03:03,820 MicroScheduler -   -> 0 reads (0.00% of total) failing MappingQualityUnavailableFilter 
INFO  18:03:03,820 MicroScheduler -   -> 78 reads (0.01% of total) failing NotPrimaryAlignmentFilter 
INFO  18:03:03,821 MicroScheduler -   -> 0 reads (0.00% of total) failing UnmappedReadFilter 
