INFO  20:47:27,740 HelpFormatter - --------------------------------------------------------------------------------- 
INFO  20:47:27,742 HelpFormatter - The Genome Analysis Toolkit (GATK) v3.4-46-g8ea4dca, Compiled 2015/08/13 20:41:56 
INFO  20:47:27,742 HelpFormatter - Copyright (c) 2010 The Broad Institute 
INFO  20:47:27,742 HelpFormatter - For support and documentation go to http://www.broadinstitute.org/gatk 
INFO  20:47:27,760 HelpFormatter - Program Args: -T HaplotypeCaller -I /mnt/nvme0n1/data/broadout/HG02561_gatk_best_practices_8t_30s_2016-07-06_18-21-00/HG02561_final.bam -L /mnt/nvme0n1/Broad_Ref_Pipeline_approved_package/workflow_profiler/.queue/scatterGather/ExampleHaplotypeCaller-1-sg/temp_05_of_36/scatter.intervals -R /mnt/nvme0n1/Broad_Ref_Pipeline_approved_package/b37bundle/human_g1k_v37.fasta -variant_index_type LINEAR -variant_index_parameter 128000 -o /mnt/nvme0n1/Broad_Ref_Pipeline_approved_package/workflow_profiler/.queue/scatterGather/ExampleHaplotypeCaller-1-sg/temp_05_of_36/HG02561_HaplotypeCaller.g.vcf -ERC GVCF 
INFO  20:47:27,776 HelpFormatter - Executing as bshifaw@application-1-1.hudson.intel.com on Linux 3.10.0-327.el7.x86_64 amd64; OpenJDK 64-Bit Server VM 1.8.0_91-b14. 
INFO  20:47:27,776 HelpFormatter - Date/Time: 2016/07/06 20:47:27 
INFO  20:47:27,784 HelpFormatter - --------------------------------------------------------------------------------- 
INFO  20:47:27,784 HelpFormatter - --------------------------------------------------------------------------------- 
WARN  20:47:27,788 GATKVCFUtils - Naming your output file using the .g.vcf extension will automatically set the appropriate values  for --variant_index_type and --variant_index_parameter 
INFO  20:47:27,907 GenomeAnalysisEngine - Strictness is SILENT 
INFO  20:47:28,009 GenomeAnalysisEngine - Downsampling Settings: Method: BY_SAMPLE, Target Coverage: 500 
INFO  20:47:28,016 SAMDataSource$SAMReaders - Initializing SAMRecords in serial 
INFO  20:47:28,048 SAMDataSource$SAMReaders - Done initializing BAM readers: total time 0.03 
INFO  20:47:28,054 HCMappingQualityFilter - Filtering out reads with MAPQ < 20 
INFO  20:47:28,177 IntervalUtils - Processing 1437965 bp from intervals 
INFO  20:47:28,336 GenomeAnalysisEngine - Preparing for traversal over 1 BAM files 
INFO  20:47:28,649 GenomeAnalysisEngine - Done preparing for traversal 
INFO  20:47:28,650 ProgressMeter - [INITIALIZATION COMPLETE; STARTING PROCESSING] 
INFO  20:47:28,663 ProgressMeter -                 |      processed |    time |         per 1M |           |   total | remaining 
INFO  20:47:28,671 ProgressMeter -        Location | active regions | elapsed | active regions | completed | runtime |   runtime 
INFO  20:47:28,695 HaplotypeCaller - Standard Emitting and Calling confidence set to 0.0 for reference-model confidence output 
INFO  20:47:28,695 HaplotypeCaller - All sites annotated with PLs forced to true for reference-model confidence output 
INFO  20:47:28,862 HaplotypeCaller - Using global mismapping rate of 45 => -4.5 in log10 likelihood units 
Using AVX accelerated implementation of PairHMM
INFO  20:47:32,924 VectorLoglessPairHMM - libVectorLoglessPairHMM unpacked successfully from GATK jar file 
INFO  20:47:32,933 VectorLoglessPairHMM - Using vectorized implementation of PairHMM 
WARN  20:47:33,205 HaplotypeScore - Annotation will not be calculated, must be called from UnifiedGenotyper 
WARN  20:47:33,206 InbreedingCoeff - Annotation will not be calculated, must provide a valid PED file (-ped) from the command line. 
INFO  20:47:58,697 ProgressMeter -      2:32463276        1080316.0    30.0 s           27.0 s        1.6%    32.2 m      31.7 m 
INFO  20:48:28,699 ProgressMeter -      2:32768258        3426067.0    60.0 s           17.0 s        3.1%    31.8 m      30.8 m 
INFO  20:48:58,700 ProgressMeter -      2:33487838        5786332.0    90.0 s           15.0 s        4.0%    37.7 m      36.2 m 
INFO  20:49:28,701 ProgressMeter -      2:37088223      1.1947116E7   120.0 s           10.0 s        5.6%    35.9 m      33.9 m 
INFO  20:49:58,702 ProgressMeter -      2:38179324      2.3591635E7     2.5 m            6.0 s        7.9%    31.5 m      29.0 m 
INFO  20:50:28,703 ProgressMeter -      2:39971458      4.1820268E7     3.0 m            4.0 s       10.5%    28.6 m      25.6 m 
INFO  20:51:08,704 ProgressMeter -      2:45645523      8.9093404E7     3.7 m            2.0 s       15.6%    23.5 m      19.9 m 
INFO  20:51:38,705 ProgressMeter -      2:50464024     1.42537968E8     4.2 m            1.0 s       20.0%    20.8 m      16.6 m 
INFO  20:52:08,706 ProgressMeter -      2:58468301     2.37543292E8     4.7 m            1.0 s       25.7%    18.2 m      13.5 m 
INFO  20:52:38,711 ProgressMeter -      2:64323368     3.44708803E8     5.2 m            0.0 s       31.0%    16.6 m      11.5 m 
INFO  20:53:08,712 ProgressMeter -      2:70315301     4.65578438E8     5.7 m            0.0 s       35.8%    15.8 m      10.2 m 
INFO  20:53:38,713 ProgressMeter -      2:73298681     5.95581715E8     6.2 m            0.0 s       40.3%    15.3 m       9.1 m 
INFO  20:54:08,714 ProgressMeter -      2:74666626     7.05410966E8     6.7 m            0.0 s       45.3%    14.7 m       8.1 m 
INFO  20:54:38,715 ProgressMeter -      2:84650818     8.01173418E8     7.2 m            0.0 s       49.6%    14.4 m       7.3 m 
INFO  20:55:08,717 ProgressMeter -      2:86704948     9.67831914E8     7.7 m            0.0 s       54.1%    14.2 m       6.5 m 
INFO  20:55:38,718 ProgressMeter -      2:95818367    1.129301146E9     8.2 m            0.0 s       59.0%    13.8 m       5.7 m 
INFO  20:56:08,725 ProgressMeter -      2:98429237    1.354090324E9     8.7 m            0.0 s       65.6%    13.2 m       4.6 m 
INFO  20:56:38,727 ProgressMeter -     2:101924942    1.633228438E9     9.2 m            0.0 s       71.1%    12.9 m       3.7 m 
INFO  20:57:08,728 ProgressMeter -     2:108999594    1.855308487E9     9.7 m            0.0 s       75.4%    12.8 m       3.2 m 
INFO  20:57:38,729 ProgressMeter -     2:112858184    2.167426153E9    10.2 m            0.0 s       81.4%    12.5 m       2.3 m 
INFO  20:58:08,731 ProgressMeter -     2:119726687    2.465401856E9    10.7 m            0.0 s       86.2%    12.4 m     102.0 s 
INFO  20:58:38,732 ProgressMeter -     2:128342303    2.850302295E9    11.2 m            0.0 s       91.6%    12.2 m      61.0 s 
INFO  20:59:08,734 ProgressMeter -     2:130953670    3.069264346E9    11.7 m            0.0 s       95.2%    12.3 m      35.0 s 
INFO  20:59:38,736 ProgressMeter -     2:132241582    3.161899356E9    12.2 m            0.0 s       97.0%    12.5 m      22.0 s 
INFO  20:59:52,440 VectorLoglessPairHMM - Time spent in setup for JNI call : 0.628495349 
INFO  20:59:52,449 PairHMM - Total compute time in PairHMM computeLikelihoods() : 74.916370705 
INFO  20:59:52,450 HaplotypeCaller - Ran local assembly on 8425 active regions 
INFO  20:59:52,460 ProgressMeter -            done    3.357614076E9    12.4 m            0.0 s      100.0%    12.4 m       0.0 s 
INFO  20:59:52,461 ProgressMeter - Total runtime 743.81 secs, 12.40 min, 0.21 hours 
INFO  20:59:52,461 MicroScheduler - 651376 reads were filtered out during the traversal out of approximately 2643146 total reads (24.64%) 
INFO  20:59:52,477 MicroScheduler -   -> 0 reads (0.00% of total) failing BadCigarFilter 
INFO  20:59:52,478 MicroScheduler -   -> 328491 reads (12.43% of total) failing DuplicateReadFilter 
INFO  20:59:52,478 MicroScheduler -   -> 0 reads (0.00% of total) failing FailsVendorQualityCheckFilter 
INFO  20:59:52,478 MicroScheduler -   -> 322711 reads (12.21% of total) failing HCMappingQualityFilter 
INFO  20:59:52,478 MicroScheduler -   -> 0 reads (0.00% of total) failing MalformedReadFilter 
INFO  20:59:52,479 MicroScheduler -   -> 0 reads (0.00% of total) failing MappingQualityUnavailableFilter 
INFO  20:59:52,479 MicroScheduler -   -> 174 reads (0.01% of total) failing NotPrimaryAlignmentFilter 
INFO  20:59:52,479 MicroScheduler -   -> 0 reads (0.00% of total) failing UnmappedReadFilter 
