INFO  16:10:27,298 HelpFormatter - --------------------------------------------------------------------------------- 
INFO  16:10:27,307 HelpFormatter - The Genome Analysis Toolkit (GATK) v3.4-46-g8ea4dca, Compiled 2015/08/13 20:41:56 
INFO  16:10:27,308 HelpFormatter - Copyright (c) 2010 The Broad Institute 
INFO  16:10:27,308 HelpFormatter - For support and documentation go to http://www.broadinstitute.org/gatk 
INFO  16:10:27,311 HelpFormatter - Program Args: -T HaplotypeCaller -I /mnt/sdb/data/broadout/sim1M_pairs_gatk_best_practices_36t_30s_2016-09-26_15-40-42/sim1M_pairs_final.bam -L /home/bshifaw/gitrepos/Reference-Design/Broad_Ref_Pip/workflow_profiler/.queue/scatterGather/ExampleHaplotypeCaller-1-sg/temp_05_of_36/scatter.intervals -R /mnt/sdb/Broad_Ref_Pipeline_approved_package/homosapiensrefgenome/Homo_sapiens_assembly19.fasta -variant_index_type LINEAR -variant_index_parameter 128000 -o /home/bshifaw/gitrepos/Reference-Design/Broad_Ref_Pip/workflow_profiler/.queue/scatterGather/ExampleHaplotypeCaller-1-sg/temp_05_of_36/sim1M_pairs_HaplotypeCaller.g.vcf -ERC GVCF 
INFO  16:10:27,324 HelpFormatter - Executing as bshifaw@application-0-1.hudson.intel.com on Linux 3.10.0-327.13.1.el7.x86_64 amd64; OpenJDK 64-Bit Server VM 1.8.0_102-b14. 
INFO  16:10:27,325 HelpFormatter - Date/Time: 2016/09/26 16:10:27 
INFO  16:10:27,325 HelpFormatter - --------------------------------------------------------------------------------- 
INFO  16:10:27,326 HelpFormatter - --------------------------------------------------------------------------------- 
WARN  16:10:27,336 GATKVCFUtils - Naming your output file using the .g.vcf extension will automatically set the appropriate values  for --variant_index_type and --variant_index_parameter 
INFO  16:10:27,499 GenomeAnalysisEngine - Strictness is SILENT 
INFO  16:10:27,657 GenomeAnalysisEngine - Downsampling Settings: Method: BY_SAMPLE, Target Coverage: 500 
INFO  16:10:27,666 SAMDataSource$SAMReaders - Initializing SAMRecords in serial 
INFO  16:10:27,855 SAMDataSource$SAMReaders - Done initializing BAM readers: total time 0.19 
INFO  16:10:27,870 HCMappingQualityFilter - Filtering out reads with MAPQ < 20 
INFO  16:10:27,914 IntervalUtils - Processing 86166015 bp from intervals 
INFO  16:10:28,109 GenomeAnalysisEngine - Preparing for traversal over 1 BAM files 
INFO  16:10:28,756 GenomeAnalysisEngine - Done preparing for traversal 
INFO  16:10:28,757 ProgressMeter - [INITIALIZATION COMPLETE; STARTING PROCESSING] 
INFO  16:10:28,757 ProgressMeter -                 |      processed |    time |         per 1M |           |   total | remaining 
INFO  16:10:28,758 ProgressMeter -        Location | active regions | elapsed | active regions | completed | runtime |   runtime 
INFO  16:10:28,777 HaplotypeCaller - Standard Emitting and Calling confidence set to 0.0 for reference-model confidence output 
INFO  16:10:28,778 HaplotypeCaller - All sites annotated with PLs forced to true for reference-model confidence output 
INFO  16:10:29,653 HaplotypeCaller - Using global mismapping rate of 45 => -4.5 in log10 likelihood units 
Using AVX accelerated implementation of PairHMM
INFO  16:10:44,400 VectorLoglessPairHMM - libVectorLoglessPairHMM unpacked successfully from GATK jar file 
INFO  16:10:44,404 VectorLoglessPairHMM - Using vectorized implementation of PairHMM 
WARN  16:10:44,583 HaplotypeScore - Annotation will not be calculated, must be called from UnifiedGenotyper 
WARN  16:10:44,584 InbreedingCoeff - Annotation will not be calculated, must provide a valid PED file (-ped) from the command line. 
INFO  16:10:58,820 ProgressMeter -      2:96929182              0.0    30.0 s           49.7 w        1.8%    28.4 m      27.9 m 
INFO  16:11:28,821 ProgressMeter -     2:102392011              0.0    60.0 s           99.3 w        8.1%    12.3 m      11.3 m 
INFO  16:11:58,822 ProgressMeter -     2:111459225              0.0    90.0 s          148.9 w       18.6%     8.1 m       6.6 m 
INFO  16:12:28,823 ProgressMeter -     2:120414310              0.0   120.0 s          198.5 w       29.0%     6.9 m       4.9 m 
INFO  16:12:58,824 ProgressMeter -     2:129325082              0.0     2.5 m          248.1 w       39.4%     6.4 m       3.9 m 
INFO  16:13:28,824 ProgressMeter -     2:138354814              0.0     3.0 m          297.7 w       49.8%     6.0 m       3.0 m 
INFO  16:13:58,825 ProgressMeter -     2:147106389              0.0     3.5 m          347.3 w       60.0%     5.8 m       2.3 m 
INFO  16:14:28,832 ProgressMeter -     2:155693519              0.0     4.0 m          396.9 w       70.0%     5.7 m     103.0 s 
INFO  16:14:58,833 ProgressMeter -     2:164577771              0.0     4.5 m          446.6 w       80.3%     5.6 m      66.0 s 
INFO  16:15:28,834 ProgressMeter -     2:173696851              0.0     5.0 m          496.2 w       90.9%     5.5 m      30.0 s 
INFO  16:15:53,285 VectorLoglessPairHMM - Time spent in setup for JNI call : 0.015797149 
INFO  16:15:53,285 PairHMM - Total compute time in PairHMM computeLikelihoods() : 0.06476541300000001 
INFO  16:15:53,285 HaplotypeCaller - Ran local assembly on 293752 active regions 
INFO  16:15:53,291 ProgressMeter -            done      8.6166015E7     5.4 m            3.0 s      100.0%     5.4 m       0.0 s 
INFO  16:15:53,291 ProgressMeter - Total runtime 324.53 secs, 5.41 min, 0.09 hours 
INFO  16:15:53,291 MicroScheduler - 1582 reads were filtered out during the traversal out of approximately 55335 total reads (2.86%) 
INFO  16:15:53,292 MicroScheduler -   -> 0 reads (0.00% of total) failing BadCigarFilter 
INFO  16:15:53,292 MicroScheduler -   -> 0 reads (0.00% of total) failing DuplicateReadFilter 
INFO  16:15:53,292 MicroScheduler -   -> 0 reads (0.00% of total) failing FailsVendorQualityCheckFilter 
INFO  16:15:53,292 MicroScheduler -   -> 1577 reads (2.85% of total) failing HCMappingQualityFilter 
INFO  16:15:53,292 MicroScheduler -   -> 0 reads (0.00% of total) failing MalformedReadFilter 
INFO  16:15:53,293 MicroScheduler -   -> 0 reads (0.00% of total) failing MappingQualityUnavailableFilter 
INFO  16:15:53,293 MicroScheduler -   -> 5 reads (0.01% of total) failing NotPrimaryAlignmentFilter 
INFO  16:15:53,293 MicroScheduler -   -> 0 reads (0.00% of total) failing UnmappedReadFilter 
