INFO  16:30:42,356 HelpFormatter - --------------------------------------------------------------------------------- 
INFO  16:30:42,358 HelpFormatter - The Genome Analysis Toolkit (GATK) v3.4-46-g8ea4dca, Compiled 2015/08/13 20:41:56 
INFO  16:30:42,359 HelpFormatter - Copyright (c) 2010 The Broad Institute 
INFO  16:30:42,359 HelpFormatter - For support and documentation go to http://www.broadinstitute.org/gatk 
INFO  16:30:42,362 HelpFormatter - Program Args: -T HaplotypeCaller -I /mnt/ssdbroad/output/Solexa-272221_gatk_best_practices_36t_30s_2016-02-11_11-59-19/Solexa-272221_final.bam -L /mnt/ssdbroad/Broad_Ref_Pipeline_approved_package/workflow_profiler/.queue/scatterGather/ExampleHaplotypeCaller-1-sg/temp_05_of_36/scatter.intervals -R /mnt/ssdbroad/Broad_Ref_Pipeline_approved_package/homosapiensrefgenome/Homo_sapiens_assembly19.fasta -variant_index_type LINEAR -variant_index_parameter 128000 -o /mnt/ssdbroad/Broad_Ref_Pipeline_approved_package/workflow_profiler/.queue/scatterGather/ExampleHaplotypeCaller-1-sg/temp_05_of_36/Solexa-272221_HaplotypeCaller.g.vcf -ERC GVCF 
INFO  16:30:42,373 HelpFormatter - Executing as beris@dna on Linux 2.6.32-573.el6.x86_64 amd64; OpenJDK 64-Bit Server VM 1.7.0_79-mockbuild_2015_07_24_09_26-b00. 
INFO  16:30:42,374 HelpFormatter - Date/Time: 2016/02/12 16:30:42 
INFO  16:30:42,374 HelpFormatter - --------------------------------------------------------------------------------- 
INFO  16:30:42,374 HelpFormatter - --------------------------------------------------------------------------------- 
WARN  16:30:42,411 GATKVCFUtils - Naming your output file using the .g.vcf extension will automatically set the appropriate values  for --variant_index_type and --variant_index_parameter 
INFO  16:30:42,569 GenomeAnalysisEngine - Strictness is SILENT 
INFO  16:30:42,700 GenomeAnalysisEngine - Downsampling Settings: Method: BY_SAMPLE, Target Coverage: 500 
INFO  16:30:42,707 SAMDataSource$SAMReaders - Initializing SAMRecords in serial 
INFO  16:30:42,769 SAMDataSource$SAMReaders - Done initializing BAM readers: total time 0.05 
INFO  16:30:42,775 HCMappingQualityFilter - Filtering out reads with MAPQ < 20 
INFO  16:30:42,786 IntervalUtils - Processing 86166015 bp from intervals 
INFO  16:30:42,963 GenomeAnalysisEngine - Preparing for traversal over 1 BAM files 
INFO  16:30:43,504 GenomeAnalysisEngine - Done preparing for traversal 
INFO  16:30:43,504 ProgressMeter - [INITIALIZATION COMPLETE; STARTING PROCESSING] 
INFO  16:30:43,505 ProgressMeter -                 |      processed |    time |         per 1M |           |   total | remaining 
INFO  16:30:43,507 ProgressMeter -        Location | active regions | elapsed | active regions | completed | runtime |   runtime 
INFO  16:30:43,507 HaplotypeCaller - Standard Emitting and Calling confidence set to 0.0 for reference-model confidence output 
INFO  16:30:43,508 HaplotypeCaller - All sites annotated with PLs forced to true for reference-model confidence output 
INFO  16:30:43,721 HaplotypeCaller - Using global mismapping rate of 45 => -4.5 in log10 likelihood units 
Using AVX accelerated implementation of PairHMM
INFO  16:30:46,585 VectorLoglessPairHMM - libVectorLoglessPairHMM unpacked successfully from GATK jar file 
INFO  16:30:46,586 VectorLoglessPairHMM - Using vectorized implementation of PairHMM 
WARN  16:30:46,817 HaplotypeScore - Annotation will not be calculated, must be called from UnifiedGenotyper 
WARN  16:30:46,817 InbreedingCoeff - Annotation will not be calculated, must provide a valid PED file (-ped) from the command line. 
INFO  16:31:13,621 ProgressMeter -      2:95434076              0.0    30.0 s           49.7 w        0.0%    34.8 h      34.8 h 
INFO  16:32:13,622 ProgressMeter -      2:95972161              0.0    90.0 s          149.0 w        0.6%     3.9 h       3.8 h 
INFO  16:32:43,623 ProgressMeter -      2:96485968              0.0   120.0 s          198.6 w        1.2%     2.7 h       2.6 h 
INFO  16:33:23,624 ProgressMeter -      2:96595033              0.0     2.7 m          264.7 w        1.4%     3.2 h       3.2 h 
INFO  16:34:03,625 ProgressMeter -      2:96602690              0.0     3.3 m          330.9 w        1.4%     4.0 h       4.0 h 
INFO  16:34:33,625 ProgressMeter -      2:96608796              0.0     3.8 m          380.5 w        1.4%     4.6 h       4.5 h 
INFO  16:35:03,626 ProgressMeter -      2:96618137              0.0     4.3 m          430.1 w        1.4%     5.2 h       5.1 h 
INFO  16:35:43,627 ProgressMeter -      2:96820762              0.0     5.0 m          496.2 w        1.6%     5.1 h       5.0 h 
INFO  16:36:23,627 ProgressMeter -      2:97447785              0.0     5.7 m          562.4 w        2.4%     4.0 h       3.9 h 
INFO  16:36:53,628 ProgressMeter -      2:97788247              0.0     6.2 m          612.0 w        2.8%     3.7 h       3.6 h 
INFO  16:37:23,629 ProgressMeter -      2:97828266              0.0     6.7 m          661.6 w        2.8%     4.0 h       3.9 h 
INFO  16:38:03,630 ProgressMeter -      2:97846307              0.0     7.3 m          727.7 w        2.8%     4.3 h       4.2 h 
INFO  16:38:43,630 ProgressMeter -      2:98178700              0.0     8.0 m          793.9 w        3.2%     4.2 h       4.0 h 
INFO  16:39:13,631 ProgressMeter -      2:98500387              0.0     8.5 m          843.5 w        3.6%     4.0 h       3.8 h 
INFO  16:39:43,632 ProgressMeter -      2:98880925              0.0     9.0 m          893.1 w        4.0%     3.7 h       3.6 h 
INFO  16:40:23,633 ProgressMeter -      2:99449597              0.0     9.7 m          959.2 w        4.7%     3.4 h       3.3 h 
INFO  16:40:53,638 ProgressMeter -      2:99785791              0.0    10.2 m         1008.8 w        5.1%     3.3 h       3.2 h 
INFO  16:41:23,639 ProgressMeter -     2:100073004              0.0    10.7 m         1058.4 w        5.4%     3.3 h       3.1 h 
INFO  16:42:03,640 ProgressMeter -     2:100538675              0.0    11.3 m         1124.6 w        5.9%     3.2 h       3.0 h 
INFO  16:42:33,641 ProgressMeter -     2:100887102              0.0    11.8 m         1174.2 w        6.4%     3.1 h       2.9 h 
INFO  16:43:03,644 ProgressMeter -     2:101248229              0.0    12.3 m         1223.8 w        6.8%     3.0 h       2.8 h 
INFO  16:43:33,644 ProgressMeter -     2:101620491              0.0    12.8 m         1273.4 w        7.2%     3.0 h       2.8 h 
INFO  16:44:03,645 ProgressMeter -     2:101962242              0.0    13.3 m         1323.0 w        7.6%     2.9 h       2.7 h 
INFO  16:44:43,646 ProgressMeter -     2:102391967              0.0    14.0 m         1389.1 w        8.1%     2.9 h       2.6 h 
INFO  16:45:13,646 ProgressMeter -     2:102763992              0.0    14.5 m         1438.7 w        8.5%     2.8 h       2.6 h 
INFO  16:45:43,647 ProgressMeter -     2:103063241              0.0    15.0 m         1488.3 w        8.9%     2.8 h       2.6 h 
WARN  16:45:44,451 ExactAFCalculator - this tool is currently set to genotype at most 6 alternate alleles in a given context, but the context at 2:103066666 has 9 alternate alleles so only the top alleles will be used; see the --max_alternate_alleles argument 
INFO  16:46:23,648 ProgressMeter -     2:103538962              0.0    15.7 m         1554.5 w        9.4%     2.8 h       2.5 h 
INFO  16:47:03,648 ProgressMeter -     2:104114458              0.0    16.3 m         1620.6 w       10.1%     2.7 h       2.4 h 
INFO  16:47:33,649 ProgressMeter -     2:104520637              0.0    16.8 m         1670.2 w       10.6%     2.7 h       2.4 h 
INFO  16:48:03,650 ProgressMeter -     2:104848171              0.0    17.3 m         1719.8 w       10.9%     2.6 h       2.3 h 
INFO  16:48:43,651 ProgressMeter -     2:105320095              0.0    18.0 m         1786.0 w       11.5%     2.6 h       2.3 h 
INFO  16:49:13,657 ProgressMeter -     2:105704568              0.0    18.5 m         1835.6 w       11.9%     2.6 h       2.3 h 
INFO  16:49:43,658 ProgressMeter -     2:106056571              0.0    19.0 m         1885.2 w       12.4%     2.6 h       2.2 h 
INFO  16:50:23,659 ProgressMeter -     2:106478309              0.0    19.7 m         1951.3 w       12.8%     2.6 h       2.2 h 
INFO  16:50:53,659 ProgressMeter -     2:106720120              0.0    20.2 m         2000.9 w       13.1%     2.6 h       2.2 h 
INFO  16:51:23,660 ProgressMeter -     2:107101435              0.0    20.7 m         2050.5 w       13.6%     2.5 h       2.2 h 
INFO  16:52:03,661 ProgressMeter -     2:107542545              0.0    21.3 m         2116.7 w       14.1%     2.5 h       2.2 h 
INFO  16:52:43,662 ProgressMeter -     2:107945711              0.0    22.0 m         2182.8 w       14.5%     2.5 h       2.2 h 
INFO  16:53:13,663 ProgressMeter -     2:108150713              0.0    22.5 m         2232.4 w       14.8%     2.5 h       2.2 h 
INFO  16:53:43,664 ProgressMeter -     2:108567568              0.0    23.0 m         2282.0 w       15.3%     2.5 h       2.1 h 
INFO  16:54:23,664 ProgressMeter -     2:109021640              0.0    23.7 m         2348.1 w       15.8%     2.5 h       2.1 h 
INFO  16:54:53,665 ProgressMeter -     2:109282334              0.0    24.2 m         2397.8 w       16.1%     2.5 h       2.1 h 
INFO  16:55:23,666 ProgressMeter -     2:109654130              0.0    24.7 m         2447.4 w       16.5%     2.5 h       2.1 h 
INFO  16:56:03,667 ProgressMeter -     2:110030661              0.0    25.3 m         2513.5 w       17.0%     2.5 h       2.1 h 
INFO  16:56:33,667 ProgressMeter -     2:110524161              0.0    25.8 m         2563.1 w       17.5%     2.5 h       2.0 h 
INFO  16:57:03,671 ProgressMeter -     2:111430869              0.0    26.3 m         2612.7 w       18.6%     2.4 h     115.3 m 
INFO  16:57:33,716 ProgressMeter -     2:111755565              0.0    26.8 m         2662.4 w       19.0%     2.4 h     114.6 m 
INFO  16:58:13,717 ProgressMeter -     2:112241146              0.0    27.5 m         2728.5 w       19.5%     2.3 h     113.3 m 
INFO  16:58:43,718 ProgressMeter -     2:112573848              0.0    28.0 m         2778.1 w       19.9%     2.3 h     112.6 m 
INFO  16:59:13,718 ProgressMeter -     2:112860073              0.0    28.5 m         2827.7 w       20.2%     2.3 h     112.3 m 
INFO  16:59:43,719 ProgressMeter -     2:113274451              0.0    29.0 m         2877.3 w       20.7%     2.3 h     110.9 m 
INFO  17:00:13,720 ProgressMeter -     2:113604387              0.0    29.5 m         2926.9 w       21.1%     2.3 h     110.2 m 
INFO  17:00:43,792 ProgressMeter -     2:113869710              0.0    30.0 m         2976.7 w       21.4%     2.3 h     110.1 m 
INFO  17:01:13,793 ProgressMeter -     2:114172713              0.0    30.5 m         3026.3 w       21.8%     2.3 h     109.6 m 
INFO  17:01:43,795 ProgressMeter -     2:114344547              0.0    31.0 m         3075.9 w       22.0%     2.4 h     110.1 m 
INFO  17:02:23,796 ProgressMeter -     2:114620435              0.0    31.7 m         3142.0 w       22.3%     2.4 h     110.4 m 
INFO  17:02:53,796 ProgressMeter -     2:114999944              0.0    32.2 m         3191.6 w       22.7%     2.4 h     109.3 m 
INFO  17:03:23,797 ProgressMeter -     2:115355377              0.0    32.7 m         3241.2 w       23.1%     2.4 h     108.5 m 
INFO  17:03:53,798 ProgressMeter -     2:115725182              0.0    33.2 m         3290.8 w       23.6%     2.3 h     107.5 m 
INFO  17:04:33,826 ProgressMeter -     2:116204503              0.0    33.8 m         3357.0 w       24.1%     2.3 h     106.4 m 
INFO  17:05:03,827 ProgressMeter -     2:116468390              0.0    34.3 m         3406.6 w       24.4%     2.3 h     106.2 m 
INFO  17:05:43,828 ProgressMeter -     2:117017734              0.0    35.0 m         3472.8 w       25.1%     2.3 h     104.6 m 
INFO  17:06:23,829 ProgressMeter -     2:117425295              0.0    35.7 m         3538.9 w       25.5%     2.3 h     104.0 m 
INFO  17:06:53,829 ProgressMeter -     2:117800480              0.0    36.2 m         3588.5 w       26.0%     2.3 h     103.0 m 
INFO  17:07:23,830 ProgressMeter -     2:118121314              0.0    36.7 m         3638.1 w       26.4%     2.3 h     102.5 m 
INFO  17:07:53,831 ProgressMeter -     2:118472109              0.0    37.2 m         3687.7 w       26.8%     2.3 h     101.7 m 
INFO  17:08:33,920 ProgressMeter -     2:118909303              0.0    37.8 m         3754.0 w       27.3%     2.3 h     100.9 m 
INFO  17:09:04,791 ProgressMeter -     2:119245653              0.0    38.4 m         3805.0 w       27.7%     2.3 h     100.3 m 
INFO  17:09:44,792 ProgressMeter -     2:119745300              0.0    39.0 m         3871.2 w       28.2%     2.3 h      99.2 m 
INFO  17:10:14,792 ProgressMeter -     2:120064042              0.0    39.5 m         3920.8 w       28.6%     2.3 h      98.6 m 
INFO  17:10:44,793 ProgressMeter -     2:120421676              0.0    40.0 m         3970.4 w       29.0%     2.3 h      97.9 m 
INFO  17:11:14,794 ProgressMeter -     2:120804959              0.0    40.5 m         4020.0 w       29.5%     2.3 h      97.0 m 
INFO  17:11:54,795 ProgressMeter -     2:121269308              0.0    41.2 m         4086.1 w       30.0%     2.3 h      96.1 m 
INFO  17:12:34,795 ProgressMeter -     2:121729639              0.0    41.9 m         4152.3 w       30.5%     2.3 h      95.2 m 
INFO  17:13:04,796 ProgressMeter -     2:122024805              0.0    42.4 m         4201.9 w       30.9%     2.3 h      94.8 m 
INFO  17:13:34,798 ProgressMeter -     2:122437620              0.0    42.9 m         4251.5 w       31.4%     2.3 h      93.8 m 
INFO  17:14:04,799 ProgressMeter -     2:122852670              0.0    43.4 m         4301.1 w       31.8%     2.3 h      92.8 m 
INFO  17:14:44,800 ProgressMeter -     2:123355514              0.0    44.0 m         4367.2 w       32.4%     2.3 h      91.7 m 
INFO  17:15:14,800 ProgressMeter -     2:123654291              0.0    44.5 m         4416.8 w       32.8%     2.3 h      91.3 m 
INFO  17:15:44,801 ProgressMeter -     2:123903801              0.0    45.0 m         4466.4 w       33.1%     2.3 h      91.1 m 
INFO  17:16:14,802 ProgressMeter -     2:124211624              0.0    45.5 m         4516.0 w       33.4%     2.3 h      90.7 m 
INFO  17:16:44,815 ProgressMeter -     2:124501584              0.0    46.0 m         4565.7 w       33.8%     2.3 h      90.3 m 
INFO  17:17:14,816 ProgressMeter -     2:124847967              0.0    46.5 m         4615.3 w       34.2%     2.3 h      89.7 m 
INFO  17:17:54,816 ProgressMeter -     2:125294318              0.0    47.2 m         4681.4 w       34.7%     2.3 h      88.9 m 
INFO  17:18:24,817 ProgressMeter -     2:125609476              0.0    47.7 m         4731.0 w       35.0%     2.3 h      88.4 m 
INFO  17:18:54,818 ProgressMeter -     2:125975201              0.0    48.2 m         4780.6 w       35.5%     2.3 h      87.7 m 
INFO  17:19:34,818 ProgressMeter -     2:126396126              0.0    48.9 m         4846.7 w       36.0%     2.3 h      87.0 m 
INFO  17:20:04,819 ProgressMeter -     2:126750648              0.0    49.4 m         4896.4 w       36.4%     2.3 h      86.3 m 
INFO  17:20:34,820 ProgressMeter -     2:127193628              0.0    49.9 m         4946.0 w       36.9%     2.3 h      85.3 m 
INFO  17:21:04,821 ProgressMeter -     2:127587700              0.0    50.4 m         4995.6 w       37.3%     2.2 h      84.5 m 
INFO  17:21:44,821 ProgressMeter -     2:128046268              0.0    51.0 m         5061.7 w       37.9%     2.2 h      83.7 m 
INFO  17:22:14,822 ProgressMeter -     2:128413142              0.0    51.5 m         5111.3 w       38.3%     2.2 h      83.0 m 
INFO  17:22:44,823 ProgressMeter -     2:128806943              0.0    52.0 m         5160.9 w       38.8%     2.2 h      82.2 m 
INFO  17:23:24,824 ProgressMeter -     2:129139412              0.0    52.7 m         5227.0 w       39.1%     2.2 h      81.9 m 
INFO  17:23:54,824 ProgressMeter -     2:129509944              0.0    53.2 m         5276.7 w       39.6%     2.2 h      81.2 m 
INFO  17:24:24,825 ProgressMeter -     2:129824626              0.0    53.7 m         5326.3 w       39.9%     2.2 h      80.7 m 
INFO  17:25:04,826 ProgressMeter -     2:130273792              0.0    54.4 m         5392.4 w       40.5%     2.2 h      80.0 m 
INFO  17:25:34,826 ProgressMeter -     2:130568787              0.0    54.9 m         5442.0 w       40.8%     2.2 h      79.6 m 
INFO  17:26:04,827 ProgressMeter -     2:130847657              0.0    55.4 m         5491.6 w       41.1%     2.2 h      79.2 m 
INFO  17:26:34,828 ProgressMeter -     2:131161487              0.0    55.9 m         5541.2 w       41.5%     2.2 h      78.8 m 
INFO  17:27:14,828 ProgressMeter -     2:131773035              0.0    56.5 m         5607.3 w       42.2%     2.2 h      77.4 m 
INFO  17:27:44,829 ProgressMeter -     2:132122302              0.0    57.0 m         5657.0 w       42.6%     2.2 h      76.8 m 
INFO  17:28:14,830 ProgressMeter -     2:132330929              0.0    57.5 m         5706.6 w       42.8%     2.2 h      76.7 m 
INFO  17:28:44,832 ProgressMeter -     2:132511058              0.0    58.0 m         5756.2 w       43.1%     2.2 h      76.7 m 
INFO  17:29:14,833 ProgressMeter -     2:132715349              0.0    58.5 m         5805.8 w       43.3%     2.3 h      76.7 m 
INFO  17:29:44,845 ProgressMeter -     2:132771936              0.0    59.0 m         5855.4 w       43.4%     2.3 h      77.1 m 
INFO  17:30:14,846 ProgressMeter -     2:132775658              0.0    59.5 m         5905.0 w       43.4%     2.3 h      77.7 m 
INFO  17:30:44,847 ProgressMeter -     2:132789832              0.0    60.0 m         5954.6 w       43.4%     2.3 h      78.3 m 
INFO  17:31:24,847 ProgressMeter -     2:132814294              0.0    60.7 m         6020.7 w       43.4%     2.3 h      79.1 m 
INFO  17:31:54,848 ProgressMeter -     2:132867465              0.0    61.2 m         6070.3 w       43.5%     2.3 h      79.6 m 
INFO  17:32:24,849 ProgressMeter -     2:132961736              0.0    61.7 m         6119.9 w       43.6%     2.4 h      79.9 m 
INFO  17:33:04,849 ProgressMeter -     2:132995201              0.0    62.4 m         6186.1 w       43.6%     2.4 h      80.6 m 
INFO  17:33:34,850 ProgressMeter -     2:133006008              0.0    62.9 m         6235.7 w       43.6%     2.4 h      81.2 m 
INFO  17:34:04,851 ProgressMeter -     2:133008804              0.0    63.4 m         6285.3 w       43.6%     2.4 h      81.8 m 
INFO  17:34:44,852 ProgressMeter -     2:133015300              0.0    64.0 m         6351.4 w       43.6%     2.4 h      82.7 m 
INFO  17:35:14,852 ProgressMeter -     2:133018882              0.0    64.5 m         6401.0 w       43.6%     2.5 h      83.3 m 
INFO  17:35:44,853 ProgressMeter -     2:133021148              0.0    65.0 m         6450.6 w       43.6%     2.5 h      83.9 m 
INFO  17:36:14,854 ProgressMeter -     2:133025475              0.0    65.5 m         6500.2 w       43.7%     2.5 h      84.6 m 
INFO  17:36:44,855 ProgressMeter -     2:133034841              0.0    66.0 m         6549.9 w       43.7%     2.5 h      85.2 m 
INFO  17:37:24,856 ProgressMeter -     2:133047646              0.0    66.7 m         6616.0 w       43.7%     2.5 h      86.0 m 
INFO  17:38:04,856 ProgressMeter -     2:133069796              0.0    67.4 m         6682.1 w       43.7%     2.6 h      86.8 m 
INFO  17:38:34,857 ProgressMeter -     2:133088092              0.0    67.9 m         6731.7 w       43.7%     2.6 h      87.3 m 
INFO  17:39:04,858 ProgressMeter -     2:133111435              0.0    68.4 m         6781.3 w       43.8%     2.6 h      87.9 m 
INFO  17:39:44,867 ProgressMeter -     2:133216954              0.0    69.0 m         6847.5 w       43.9%     2.6 h      88.3 m 
INFO  17:40:14,868 ProgressMeter -     2:133569021              0.0    69.5 m         6897.1 w       44.3%     2.6 h      87.5 m 
INFO  17:40:44,868 ProgressMeter -     2:133930252              0.0    70.0 m         6946.7 w       44.7%     2.6 h      86.6 m 
INFO  17:41:14,869 ProgressMeter -     2:134312076              0.0    70.5 m         6996.3 w       45.1%     2.6 h      85.7 m 
INFO  17:41:54,870 ProgressMeter -     2:134694606              0.0    71.2 m         7062.4 w       45.6%     2.6 h      85.0 m 
INFO  17:42:34,871 ProgressMeter -     2:135149619              0.0    71.9 m         7128.6 w       46.1%     2.6 h      84.0 m 
INFO  17:43:04,871 ProgressMeter -     2:135539368              0.0    72.4 m         7178.2 w       46.6%     2.6 h      83.0 m 
INFO  17:43:34,872 ProgressMeter -     2:136022374              0.0    72.9 m         7227.8 w       47.1%     2.6 h      81.7 m 
INFO  17:44:14,873 ProgressMeter -     2:136609142              0.0    73.5 m         7293.9 w       47.8%     2.6 h      80.3 m 
INFO  17:44:54,874 ProgressMeter -     2:137105840              0.0    74.2 m         7360.1 w       48.4%     2.6 h      79.1 m 
INFO  17:45:24,874 ProgressMeter -     2:137471126              0.0    74.7 m         7409.7 w       48.8%     2.6 h      78.3 m 
INFO  17:45:54,875 ProgressMeter -     2:137744117              0.0    75.2 m         7459.3 w       49.1%     2.6 h      77.9 m 
INFO  17:46:24,876 ProgressMeter -     2:138049450              0.0    75.7 m         7508.9 w       49.5%     2.5 h      77.3 m 
INFO  17:46:54,877 ProgressMeter -     2:138405194              0.0    76.2 m         7558.5 w       49.9%     2.5 h      76.5 m 
INFO  17:47:34,877 ProgressMeter -     2:138831243              0.0    76.9 m         7624.6 w       50.4%     2.5 h      75.7 m 
INFO  17:48:04,878 ProgressMeter -     2:139215375              0.0    77.4 m         7674.2 w       50.8%     2.5 h      74.8 m 
INFO  17:48:34,882 ProgressMeter -     2:139584310              0.0    77.9 m         7723.8 w       51.3%     2.5 h      74.0 m 
INFO  17:49:04,883 ProgressMeter -     2:139927806              0.0    78.4 m         7773.4 w       51.7%     2.5 h      73.3 m 
INFO  17:49:34,888 ProgressMeter -     2:140241653              0.0    78.9 m         7823.1 w       52.0%     2.5 h      72.7 m 
INFO  17:50:04,889 ProgressMeter -     2:140506724              0.0    79.4 m         7872.7 w       52.3%     2.5 h      72.3 m 
INFO  17:50:44,890 ProgressMeter -     2:140934563              0.0    80.0 m         7938.8 w       52.8%     2.5 h      71.4 m 
INFO  17:51:14,890 ProgressMeter -     2:141280428              0.0    80.5 m         7988.4 w       53.2%     2.5 h      70.7 m 
INFO  17:51:44,891 ProgressMeter -     2:141571803              0.0    81.0 m         8038.0 w       53.6%     2.5 h      70.2 m 
INFO  17:52:14,892 ProgressMeter -     2:141844738              0.0    81.5 m         8087.6 w       53.9%     2.5 h      69.8 m 
INFO  17:52:44,893 ProgressMeter -     2:142154799              0.0    82.0 m         8137.2 w       54.2%     2.5 h      69.2 m 
INFO  17:53:24,893 ProgressMeter -     2:142422161              0.0    82.7 m         8203.4 w       54.6%     2.5 h      68.9 m 
INFO  17:53:54,894 ProgressMeter -     2:142685156              0.0    83.2 m         8253.0 w       54.9%     2.5 h      68.4 m 
INFO  17:54:25,920 ProgressMeter -     2:142948752              0.0    83.7 m         8304.3 w       55.2%     2.5 h      68.0 m 
INFO  17:54:55,921 ProgressMeter -     2:143377251              0.0    84.2 m         8353.9 w       55.7%     2.5 h      67.1 m 
INFO  17:55:25,922 ProgressMeter -     2:143791464              0.0    84.7 m         8403.5 w       56.1%     2.5 h      66.2 m 
INFO  17:55:55,923 ProgressMeter -     2:144177031              0.0    85.2 m         8453.1 w       56.6%     2.5 h      65.3 m 
INFO  17:56:35,924 ProgressMeter -     2:144625299              0.0    85.9 m         8519.2 w       57.1%     2.5 h      64.5 m 
INFO  17:57:05,924 ProgressMeter -     2:145070996              0.0    86.4 m         8568.8 w       57.6%     2.5 h      63.5 m 
INFO  17:57:35,925 ProgressMeter -     2:145425612              0.0    86.9 m         8618.4 w       58.0%     2.5 h      62.8 m 
INFO  17:58:05,926 ProgressMeter -     2:145792603              0.0    87.4 m         8668.0 w       58.5%     2.5 h      62.1 m 
INFO  17:58:45,927 ProgressMeter -     2:146270055              0.0    88.0 m         8734.2 w       59.0%     2.5 h      61.1 m 
INFO  17:59:15,928 ProgressMeter -     2:146657620              0.0    88.5 m         8783.8 w       59.5%     2.5 h      60.3 m 
INFO  17:59:55,929 ProgressMeter -     2:147135513              0.0    89.2 m         8849.9 w       60.0%     2.5 h      59.4 m 
INFO  18:00:25,930 ProgressMeter -     2:147520413              0.0    89.7 m         8899.5 w       60.5%     2.5 h      58.6 m 
INFO  18:00:55,931 ProgressMeter -     2:147934452              0.0    90.2 m         8949.1 w       61.0%     2.5 h      57.8 m 
INFO  18:01:25,932 ProgressMeter -     2:148294704              0.0    90.7 m         8998.7 w       61.4%     2.5 h      57.1 m 
INFO  18:01:55,935 ProgressMeter -     2:148642271              0.0    91.2 m         9048.3 w       61.8%     2.5 h      56.4 m 
INFO  18:02:25,936 ProgressMeter -     2:149003950              0.0    91.7 m         9097.9 w       62.2%     2.5 h      55.7 m 
INFO  18:02:55,937 ProgressMeter -     2:149348757              0.0    92.2 m         9147.5 w       62.6%     2.5 h      55.1 m 
INFO  18:03:25,938 ProgressMeter -     2:149820868              0.0    92.7 m         9197.1 w       63.1%     2.4 h      54.1 m 
INFO  18:03:55,939 ProgressMeter -     2:150177806              0.0    93.2 m         9246.8 w       63.6%     2.4 h      53.4 m 
INFO  18:04:25,940 ProgressMeter -     2:150438101              0.0    93.7 m         9296.4 w       63.9%     2.4 h      53.0 m 
INFO  18:04:55,941 ProgressMeter -     2:150850381              0.0    94.2 m         9346.0 w       64.3%     2.4 h      52.2 m 
INFO  18:05:35,942 ProgressMeter -     2:151344346              0.0    94.9 m         9412.1 w       64.9%     2.4 h      51.3 m 
INFO  18:06:15,943 ProgressMeter -     2:151802829              0.0    95.5 m         9478.2 w       65.4%     2.4 h      50.4 m 
INFO  18:06:45,943 ProgressMeter -     2:152064269              0.0    96.0 m         9527.8 w       65.7%     2.4 h      50.0 m 
INFO  18:07:15,944 ProgressMeter -     2:152386112              0.0    96.5 m         9577.4 w       66.1%     2.4 h      49.5 m 
INFO  18:07:45,945 ProgressMeter -     2:152807218              0.0    97.0 m         9627.1 w       66.6%     2.4 h      48.6 m 
INFO  18:08:25,946 ProgressMeter -     2:153218026              0.0    97.7 m         9693.2 w       67.1%     2.4 h      47.9 m 
INFO  18:08:55,946 ProgressMeter -     2:153530981              0.0    98.2 m         9742.8 w       67.4%     2.4 h      47.4 m 
INFO  18:09:25,947 ProgressMeter -     2:153826807              0.0    98.7 m         9792.4 w       67.8%     2.4 h      46.9 m 
INFO  18:09:55,950 ProgressMeter -     2:154099110              0.0    99.2 m         9842.0 w       68.1%     2.4 h      46.5 m 
INFO  18:10:25,951 ProgressMeter -     2:154440304              0.0    99.7 m         9891.6 w       68.5%     2.4 h      45.8 m 
INFO  18:10:55,952 ProgressMeter -     2:154773856              0.0   100.2 m         9941.2 w       68.9%     2.4 h      45.2 m 
INFO  18:11:25,953 ProgressMeter -     2:155051142              0.0   100.7 m         9990.8 w       69.2%     2.4 h      44.8 m 
INFO  18:11:55,954 ProgressMeter -     2:155373471              0.0   101.2 m        10040.4 w       69.6%     2.4 h      44.2 m 
INFO  18:12:25,960 ProgressMeter -     2:155679200              0.0   101.7 m        10090.0 w       69.9%     2.4 h      43.7 m 
INFO  18:12:55,961 ProgressMeter -     2:156011160              0.0   102.2 m        10139.6 w       70.3%     2.4 h      43.1 m 
INFO  18:13:36,284 ProgressMeter -     2:156453363              0.0   102.9 m        10206.3 w       70.8%     2.4 h      42.3 m 
INFO  18:14:06,292 ProgressMeter -     2:156773259              0.0   103.4 m        10255.9 w       71.2%     2.4 h      41.8 m 
INFO  18:14:36,292 ProgressMeter -     2:157083599              0.0   103.9 m        10305.5 w       71.6%     2.4 h      41.3 m 
INFO  18:15:06,293 ProgressMeter -     2:157392097              0.0   104.4 m        10355.1 w       71.9%     2.4 h      40.7 m 
INFO  18:15:36,298 ProgressMeter -     2:157729175              0.0   104.9 m        10404.8 w       72.3%     2.4 h      40.1 m 
INFO  18:16:06,298 ProgressMeter -     2:158114025              0.0   105.4 m        10454.4 w       72.8%     2.4 h      39.4 m 
INFO  18:16:36,299 ProgressMeter -     2:158534166              0.0   105.9 m        10504.0 w       73.3%     2.4 h      38.7 m 
INFO  18:17:06,300 ProgressMeter -     2:158941022              0.0   106.4 m        10553.6 w       73.7%     2.4 h      37.9 m 
INFO  18:17:36,301 ProgressMeter -     2:159295125              0.0   106.9 m        10603.2 w       74.1%     2.4 h      37.3 m 
INFO  18:18:16,302 ProgressMeter -     2:159685726              0.0   107.5 m        10669.3 w       74.6%     2.4 h      36.6 m 
INFO  18:18:46,303 ProgressMeter -     2:159962164              0.0   108.0 m        10718.9 w       74.9%     2.4 h      36.2 m 
INFO  18:19:16,303 ProgressMeter -     2:160235745              0.0   108.5 m        10768.5 w       75.2%     2.4 h      35.7 m 
INFO  18:19:46,309 ProgressMeter -     2:160486456              0.0   109.0 m        10818.1 w       75.5%     2.4 h      35.3 m 
INFO  18:20:16,310 ProgressMeter -     2:160790275              0.0   109.5 m        10867.7 w       75.9%     2.4 h      34.8 m 
INFO  18:20:46,311 ProgressMeter -     2:161123211              0.0   110.0 m        10917.3 w       76.3%     2.4 h      34.3 m 
INFO  18:21:16,312 ProgressMeter -     2:161509779              0.0   110.5 m        10966.9 w       76.7%     2.4 h      33.6 m 
INFO  18:21:46,313 ProgressMeter -     2:161758273              0.0   111.0 m        11016.5 w       77.0%     2.4 h      33.2 m 
INFO  18:22:26,314 ProgressMeter -     2:162135366              0.0   111.7 m        11082.7 w       77.4%     2.4 h      32.6 m 
INFO  18:22:56,314 ProgressMeter -     2:162136230              0.0   112.2 m        11132.3 w       77.4%     2.4 h      32.7 m 
INFO  18:23:26,315 ProgressMeter -     2:162136704              0.0   112.7 m        11181.9 w       77.4%     2.4 h      32.8 m 
INFO  18:23:56,316 ProgressMeter -     2:162138171              0.0   113.2 m        11231.5 w       77.4%     2.4 h      33.0 m 
WARN  18:24:02,018 ExactAFCalculator - this tool is currently set to genotype at most 6 alternate alleles in a given context, but the context at 2:162137966 has 9 alternate alleles so only the top alleles will be used; see the --max_alternate_alleles argument 
INFO  18:24:26,317 ProgressMeter -     2:162172822              0.0   113.7 m        11281.1 w       77.5%     2.4 h      33.1 m 
INFO  18:24:56,318 ProgressMeter -     2:162553377              0.0   114.2 m        11330.7 w       77.9%     2.4 h      32.4 m 
INFO  18:25:26,319 ProgressMeter -     2:162959179              0.0   114.7 m        11380.3 w       78.4%     2.4 h      31.6 m 
INFO  18:25:56,320 ProgressMeter -     2:163426933              0.0   115.2 m        11429.9 w       78.9%     2.4 h      30.7 m 
INFO  18:26:26,321 ProgressMeter -     2:163780731              0.0   115.7 m        11479.5 w       79.3%     2.4 h      30.1 m 
INFO  18:26:56,322 ProgressMeter -     2:164171604              0.0   116.2 m        11529.1 w       79.8%     2.4 h      29.4 m 
INFO  18:27:36,323 ProgressMeter -     2:164676467              0.0   116.9 m        11595.3 w       80.4%     2.4 h      28.5 m 
INFO  18:28:06,324 ProgressMeter -     2:165086521              0.0   117.4 m        11644.9 w       80.9%     2.4 h      27.8 m 
INFO  18:28:46,325 ProgressMeter -     2:165629014              0.0   118.0 m        11711.0 w       81.5%     2.4 h      26.8 m 
INFO  18:29:16,326 ProgressMeter -     2:166001098              0.0   118.5 m        11760.6 w       81.9%     2.4 h      26.2 m 
INFO  18:29:56,327 ProgressMeter -     2:166487494              0.0   119.2 m        11826.8 w       82.5%     2.4 h      25.3 m 
INFO  18:30:26,328 ProgressMeter -     2:166849272              0.0   119.7 m        11876.4 w       82.9%     2.4 h      24.7 m 
INFO  18:31:06,329 ProgressMeter -     2:167275479              0.0     2.0 h        11942.5 w       83.4%     2.4 h      24.0 m 
INFO  18:31:46,330 ProgressMeter -     2:167625560              0.0     2.0 h        12008.6 w       83.8%     2.4 h      23.4 m 
INFO  18:32:26,331 ProgressMeter -     2:168109562              0.0     2.0 h        12074.8 w       84.4%     2.4 h      22.5 m 
INFO  18:32:56,332 ProgressMeter -     2:168517678              0.0     2.0 h        12124.4 w       84.8%     2.4 h      21.8 m 
INFO  18:33:26,332 ProgressMeter -     2:168773758              0.0     2.0 h        12174.0 w       85.1%     2.4 h      21.4 m 
INFO  18:33:56,333 ProgressMeter -     2:169097081              0.0     2.1 h        12223.6 w       85.5%     2.4 h      20.9 m 
INFO  18:34:26,334 ProgressMeter -     2:169437909              0.0     2.1 h        12273.2 w       85.9%     2.4 h      20.3 m 
INFO  18:34:56,682 ProgressMeter -     2:169603411              0.0     2.1 h        12323.4 w       86.1%     2.4 h      20.1 m 
INFO  18:35:26,683 ProgressMeter -     2:169872373              0.0     2.1 h        12373.0 w       86.4%     2.4 h      19.6 m 
INFO  18:35:56,684 ProgressMeter -     2:170228444              0.0     2.1 h        12422.6 w       86.8%     2.4 h      19.0 m 
INFO  18:36:26,685 ProgressMeter -     2:170554016              0.0     2.1 h        12472.2 w       87.2%     2.4 h      18.4 m 
INFO  18:37:06,691 ProgressMeter -     2:170989280              0.0     2.1 h        12538.3 w       87.7%     2.4 h      17.7 m 
INFO  18:37:36,692 ProgressMeter -     2:171265798              0.0     2.1 h        12587.9 w       88.0%     2.4 h      17.3 m 
INFO  18:38:06,693 ProgressMeter -     2:171578297              0.0     2.1 h        12637.5 w       88.4%     2.4 h      16.7 m 
INFO  18:38:36,693 ProgressMeter -     2:171862679              0.0     2.1 h        12687.2 w       88.7%     2.4 h      16.3 m 
INFO  18:39:06,694 ProgressMeter -     2:172245433              0.0     2.1 h        12736.8 w       89.2%     2.4 h      15.6 m 
INFO  18:39:36,695 ProgressMeter -     2:172565025              0.0     2.1 h        12786.4 w       89.5%     2.4 h      15.1 m 
INFO  18:40:06,696 ProgressMeter -     2:172902226              0.0     2.2 h        12836.0 w       89.9%     2.4 h      14.5 m 
INFO  18:40:36,697 ProgressMeter -     2:173170115              0.0     2.2 h        12885.6 w       90.2%     2.4 h      14.0 m 
INFO  18:41:06,698 ProgressMeter -     2:173576443              0.0     2.2 h        12935.2 w       90.7%     2.4 h      13.3 m 
INFO  18:41:36,699 ProgressMeter -     2:173971534              0.0     2.2 h        12984.8 w       91.2%     2.4 h      12.7 m 
INFO  18:42:06,701 ProgressMeter -     2:174321463              0.0     2.2 h        13034.4 w       91.6%     2.4 h      12.1 m 
INFO  18:42:36,701 ProgressMeter -     2:174701563              0.0     2.2 h        13084.0 w       92.0%     2.4 h      11.4 m 
INFO  18:43:06,702 ProgressMeter -     2:175036640              0.0     2.2 h        13133.6 w       92.4%     2.4 h      10.9 m 
INFO  18:43:36,703 ProgressMeter -     2:175375609              0.0     2.2 h        13183.2 w       92.8%     2.4 h      10.3 m 
INFO  18:44:06,710 ProgressMeter -     2:175742469              0.0     2.2 h        13232.8 w       93.2%     2.4 h       9.7 m 
INFO  18:44:36,711 ProgressMeter -     2:176145381              0.0     2.2 h        13282.4 w       93.7%     2.4 h       9.0 m 
INFO  18:45:06,712 ProgressMeter -     2:176563468              0.0     2.2 h        13332.0 w       94.2%     2.4 h       8.3 m 
INFO  18:45:36,713 ProgressMeter -     2:176908851              0.0     2.2 h        13381.6 w       94.6%     2.4 h       7.7 m 
INFO  18:46:06,714 ProgressMeter -     2:177332153              0.0     2.3 h        13431.2 w       95.1%     2.4 h       7.0 m 
INFO  18:46:36,715 ProgressMeter -     2:177681423              0.0     2.3 h        13480.8 w       95.5%     2.4 h       6.4 m 
INFO  18:47:06,716 ProgressMeter -     2:178049486              0.0     2.3 h        13530.4 w       95.9%     2.4 h       5.8 m 
INFO  18:47:46,717 ProgressMeter -     2:178499757              0.0     2.3 h        13596.6 w       96.4%     2.4 h       5.1 m 
INFO  18:48:16,718 ProgressMeter -     2:178777660              0.0     2.3 h        13646.2 w       96.7%     2.4 h       4.6 m 
INFO  18:48:46,719 ProgressMeter -     2:179130308              0.0     2.3 h        13695.8 w       97.2%     2.4 h       4.0 m 
INFO  18:49:16,719 ProgressMeter -     2:179567932              0.0     2.3 h        13745.4 w       97.7%     2.4 h       3.3 m 
INFO  18:49:46,720 ProgressMeter -     2:179935982              0.0     2.3 h        13795.0 w       98.1%     2.4 h       2.7 m 
INFO  18:50:16,721 ProgressMeter -     2:180281315              0.0     2.3 h        13844.6 w       98.5%     2.4 h       2.1 m 
INFO  18:50:46,722 ProgressMeter -     2:180606038              0.0     2.3 h        13894.2 w       98.9%     2.4 h      96.0 s 
INFO  18:51:16,724 ProgressMeter -     2:180941647              0.0     2.3 h        13943.8 w       99.3%     2.4 h      62.0 s 
INFO  18:51:46,725 ProgressMeter -     2:181240269              0.0     2.4 h        13993.4 w       99.6%     2.4 h      33.0 s 
INFO  18:52:16,588 VectorLoglessPairHMM - Time spent in setup for JNI call : 2.6513494 
INFO  18:52:16,588 PairHMM - Total compute time in PairHMM computeLikelihoods() : 1014.26576689 
INFO  18:52:16,589 HaplotypeCaller - Ran local assembly on 420339 active regions 
INFO  18:52:16,595 ProgressMeter -            done      8.6166015E7     2.4 h           98.0 s      100.0%     2.4 h       0.0 s 
INFO  18:52:16,596 ProgressMeter - Total runtime 8493.09 secs, 141.55 min, 2.36 hours 
INFO  18:52:16,596 MicroScheduler - 3960637 reads were filtered out during the traversal out of approximately 24108008 total reads (16.43%) 
INFO  18:52:16,597 MicroScheduler -   -> 0 reads (0.00% of total) failing BadCigarFilter 
INFO  18:52:16,597 MicroScheduler -   -> 2876960 reads (11.93% of total) failing DuplicateReadFilter 
INFO  18:52:16,597 MicroScheduler -   -> 0 reads (0.00% of total) failing FailsVendorQualityCheckFilter 
INFO  18:52:16,598 MicroScheduler -   -> 1053378 reads (4.37% of total) failing HCMappingQualityFilter 
INFO  18:52:16,598 MicroScheduler -   -> 0 reads (0.00% of total) failing MalformedReadFilter 
INFO  18:52:16,598 MicroScheduler -   -> 0 reads (0.00% of total) failing MappingQualityUnavailableFilter 
INFO  18:52:16,599 MicroScheduler -   -> 30299 reads (0.13% of total) failing NotPrimaryAlignmentFilter 
INFO  18:52:16,599 MicroScheduler -   -> 0 reads (0.00% of total) failing UnmappedReadFilter 
