INFO  20:48:05,655 HelpFormatter - --------------------------------------------------------------------------------- 
INFO  20:48:05,690 HelpFormatter - The Genome Analysis Toolkit (GATK) v3.4-46-g8ea4dca, Compiled 2015/08/13 20:41:56 
INFO  20:48:05,691 HelpFormatter - Copyright (c) 2010 The Broad Institute 
INFO  20:48:05,691 HelpFormatter - For support and documentation go to http://www.broadinstitute.org/gatk 
INFO  20:48:05,695 HelpFormatter - Program Args: -T HaplotypeCaller -I /mnt/nvme0n1/data/broadout/HG02771_gatk_best_practices_8t_30s_2016-07-06_18-21-02/HG02771_final.bam -L /mnt/nvme0n1/Broad_Ref_Pipeline_approved_package/workflow_profiler/.queue/scatterGather/ExampleHaplotypeCaller-1-sg/temp_07_of_36/scatter.intervals -R /mnt/nvme0n1/Broad_Ref_Pipeline_approved_package/b37bundle/human_g1k_v37.fasta -variant_index_type LINEAR -variant_index_parameter 128000 -o /mnt/nvme0n1/Broad_Ref_Pipeline_approved_package/workflow_profiler/.queue/scatterGather/ExampleHaplotypeCaller-1-sg/temp_07_of_36/HG02771_HaplotypeCaller.g.vcf -ERC GVCF 
INFO  20:48:05,742 HelpFormatter - Executing as bshifaw@application-1-1.hudson.intel.com on Linux 3.10.0-327.el7.x86_64 amd64; OpenJDK 64-Bit Server VM 1.8.0_91-b14. 
INFO  20:48:05,751 HelpFormatter - Date/Time: 2016/07/06 20:48:05 
INFO  20:48:05,751 HelpFormatter - --------------------------------------------------------------------------------- 
INFO  20:48:05,752 HelpFormatter - --------------------------------------------------------------------------------- 
WARN  20:48:05,779 GATKVCFUtils - Naming your output file using the .g.vcf extension will automatically set the appropriate values  for --variant_index_type and --variant_index_parameter 
INFO  20:48:06,152 GenomeAnalysisEngine - Strictness is SILENT 
INFO  20:48:06,849 GenomeAnalysisEngine - Downsampling Settings: Method: BY_SAMPLE, Target Coverage: 500 
INFO  20:48:06,936 SAMDataSource$SAMReaders - Initializing SAMRecords in serial 
INFO  20:48:07,198 SAMDataSource$SAMReaders - Done initializing BAM readers: total time 0.26 
INFO  20:48:07,274 HCMappingQualityFilter - Filtering out reads with MAPQ < 20 
INFO  20:48:07,899 IntervalUtils - Processing 1437965 bp from intervals 
INFO  20:48:08,600 GenomeAnalysisEngine - Preparing for traversal over 1 BAM files 
INFO  20:48:09,243 GenomeAnalysisEngine - Done preparing for traversal 
INFO  20:48:09,243 ProgressMeter - [INITIALIZATION COMPLETE; STARTING PROCESSING] 
INFO  20:48:09,243 ProgressMeter -                 |      processed |    time |         per 1M |           |   total | remaining 
INFO  20:48:09,245 ProgressMeter -        Location | active regions | elapsed | active regions | completed | runtime |   runtime 
INFO  20:48:09,314 HaplotypeCaller - Standard Emitting and Calling confidence set to 0.0 for reference-model confidence output 
INFO  20:48:09,319 HaplotypeCaller - All sites annotated with PLs forced to true for reference-model confidence output 
INFO  20:48:10,112 HaplotypeCaller - Using global mismapping rate of 45 => -4.5 in log10 likelihood units 
Using AVX accelerated implementation of PairHMM
INFO  20:48:17,060 VectorLoglessPairHMM - libVectorLoglessPairHMM unpacked successfully from GATK jar file 
INFO  20:48:17,060 VectorLoglessPairHMM - Using vectorized implementation of PairHMM 
WARN  20:48:17,828 HaplotypeScore - Annotation will not be calculated, must be called from UnifiedGenotyper 
WARN  20:48:17,828 InbreedingCoeff - Annotation will not be calculated, must provide a valid PED file (-ped) from the command line. 
INFO  20:48:39,374 ProgressMeter -     2:223554137          57776.0    30.0 s            8.7 m        0.4%     2.3 h       2.3 h 
INFO  20:49:09,381 ProgressMeter -     2:224462095         196881.0    60.0 s            5.1 m        0.7%     2.3 h       2.3 h 
INFO  20:49:39,381 ProgressMeter -     2:226446936        2468975.0    90.0 s           36.0 s        2.6%    58.0 m      56.5 m 
INFO  20:50:09,382 ProgressMeter -     2:228159179        7054777.0   120.0 s           17.0 s        4.3%    46.0 m      44.0 m 
INFO  20:50:39,383 ProgressMeter -     2:230678899      1.5861368E7     2.5 m            9.0 s        6.7%    37.5 m      35.0 m 
INFO  20:51:09,384 ProgressMeter -     2:232328995      3.7157311E7     3.0 m            4.0 s        9.9%    30.3 m      27.3 m 
INFO  20:51:49,385 ProgressMeter -     2:234527260      7.9782438E7     3.7 m            2.0 s       15.0%    24.4 m      20.7 m 
INFO  20:52:29,386 ProgressMeter -     2:238267854     1.11160642E8     4.3 m            2.0 s       18.1%    23.9 m      19.6 m 
INFO  20:53:09,387 ProgressMeter -     2:241069276     1.71438828E8     5.0 m            1.0 s       22.5%    22.2 m      17.2 m 
INFO  20:53:39,388 ProgressMeter -     2:242433371     2.57769965E8     5.5 m            1.0 s       27.3%    20.1 m      14.6 m 
INFO  20:54:09,389 ProgressMeter -       3:8671298      2.8949238E8     6.0 m            1.0 s       32.8%    18.3 m      12.3 m 
INFO  20:54:39,390 ProgressMeter -       3:9972125     3.04338741E8     6.5 m            1.0 s       36.7%    17.7 m      11.2 m 
INFO  20:55:09,391 ProgressMeter -      3:12538105     3.34584034E8     7.0 m            1.0 s       40.8%    17.1 m      10.1 m 
INFO  20:55:39,392 ProgressMeter -      3:15094100     3.88312447E8     7.5 m            1.0 s       45.8%    16.4 m       8.9 m 
INFO  20:56:09,393 ProgressMeter -      3:19961275     4.47155593E8     8.0 m            1.0 s       49.9%    16.0 m       8.0 m 
INFO  20:56:39,394 ProgressMeter -      3:32569906     5.45688691E8     8.5 m            0.0 s       55.4%    15.4 m       6.9 m 
INFO  20:57:09,395 ProgressMeter -      3:37340272     6.45508708E8     9.0 m            0.0 s       60.3%    14.9 m       5.9 m 
INFO  20:57:39,396 ProgressMeter -      3:38622830      7.3303014E8     9.5 m            0.0 s       64.4%    14.8 m       5.3 m 
INFO  20:58:09,397 ProgressMeter -      3:41274780     8.27991035E8    10.0 m            0.0 s       69.0%    14.5 m       4.5 m 
INFO  20:58:39,398 ProgressMeter -      3:44612259     9.38150895E8    10.5 m            0.0 s       73.2%    14.3 m       3.8 m 
INFO  20:59:09,403 ProgressMeter -      3:46008117    1.049788458E9    11.0 m            0.0 s       76.9%    14.3 m       3.3 m 
INFO  20:59:39,404 ProgressMeter -      3:47144784    1.139507744E9    11.5 m            0.0 s       80.6%    14.3 m       2.8 m 
INFO  21:00:09,406 ProgressMeter -      3:48610400    1.306866595E9    12.0 m            0.0 s       86.4%    13.9 m     113.0 s 
INFO  21:00:39,407 ProgressMeter -      3:49454974    1.469654692E9    12.5 m            0.0 s       93.5%    13.4 m      51.0 s 
INFO  21:00:58,835 VectorLoglessPairHMM - Time spent in setup for JNI call : 0.406385331 
INFO  21:00:58,837 PairHMM - Total compute time in PairHMM computeLikelihoods() : 79.53230649700001 
INFO  21:00:58,837 HaplotypeCaller - Ran local assembly on 8590 active regions 
INFO  21:00:58,849 ProgressMeter -            done    1.627945595E9    12.8 m            0.0 s      100.0%    12.8 m       0.0 s 
INFO  21:00:58,849 ProgressMeter - Total runtime 769.61 secs, 12.83 min, 0.21 hours 
INFO  21:00:58,854 MicroScheduler - 365589 reads were filtered out during the traversal out of approximately 2386099 total reads (15.32%) 
INFO  21:00:58,855 MicroScheduler -   -> 0 reads (0.00% of total) failing BadCigarFilter 
INFO  21:00:58,856 MicroScheduler -   -> 333639 reads (13.98% of total) failing DuplicateReadFilter 
INFO  21:00:58,856 MicroScheduler -   -> 0 reads (0.00% of total) failing FailsVendorQualityCheckFilter 
INFO  21:00:58,857 MicroScheduler -   -> 31741 reads (1.33% of total) failing HCMappingQualityFilter 
INFO  21:00:58,857 MicroScheduler -   -> 0 reads (0.00% of total) failing MalformedReadFilter 
INFO  21:00:58,857 MicroScheduler -   -> 0 reads (0.00% of total) failing MappingQualityUnavailableFilter 
INFO  21:00:58,857 MicroScheduler -   -> 209 reads (0.01% of total) failing NotPrimaryAlignmentFilter 
INFO  21:00:58,857 MicroScheduler -   -> 0 reads (0.00% of total) failing UnmappedReadFilter 
