INFO  14:30:01,620 HelpFormatter - --------------------------------------------------------------------------------- 
INFO  14:30:01,622 HelpFormatter - The Genome Analysis Toolkit (GATK) v3.4-46-g8ea4dca, Compiled 2015/08/13 20:41:56 
INFO  14:30:01,622 HelpFormatter - Copyright (c) 2010 The Broad Institute 
INFO  14:30:01,622 HelpFormatter - For support and documentation go to http://www.broadinstitute.org/gatk 
INFO  14:30:01,625 HelpFormatter - Program Args: -T HaplotypeCaller -I /mnt/sdb/data/broadout/sim1M_pairs_gatk_best_practices_12t_30s_2016-07-25_14-09-52/sim1M_pairs_realign.bam -L /mnt/sdb/Broad_Ref_Pipeline_approved_package/workflow_profiler/.queue/scatterGather/ExampleHaplotypeCaller-1-sg/temp_07_of_36/scatter.intervals -R /mnt/sdb/Broad_Ref_Pipeline_approved_package/b37bundle/human_g1k_v37.fasta -variant_index_type LINEAR -variant_index_parameter 128000 -o /mnt/sdb/Broad_Ref_Pipeline_approved_package/workflow_profiler/.queue/scatterGather/ExampleHaplotypeCaller-1-sg/temp_07_of_36/sim1M_pairs_realign.bam_HaplotypeCaller.g.vcf -ERC GVCF 
INFO  14:30:01,635 HelpFormatter - Executing as bshifaw@application-0-1.hudson.intel.com on Linux 3.10.0-327.el7.x86_64 amd64; OpenJDK 64-Bit Server VM 1.8.0_101-b13. 
INFO  14:30:01,635 HelpFormatter - Date/Time: 2016/07/25 14:30:01 
INFO  14:30:01,635 HelpFormatter - --------------------------------------------------------------------------------- 
INFO  14:30:01,640 HelpFormatter - --------------------------------------------------------------------------------- 
WARN  14:30:01,643 GATKVCFUtils - Naming your output file using the .g.vcf extension will automatically set the appropriate values  for --variant_index_type and --variant_index_parameter 
INFO  14:30:01,752 GenomeAnalysisEngine - Strictness is SILENT 
INFO  14:30:01,885 GenomeAnalysisEngine - Downsampling Settings: Method: BY_SAMPLE, Target Coverage: 500 
INFO  14:30:01,891 SAMDataSource$SAMReaders - Initializing SAMRecords in serial 
INFO  14:30:01,992 SAMDataSource$SAMReaders - Done initializing BAM readers: total time 0.10 
INFO  14:30:01,997 HCMappingQualityFilter - Filtering out reads with MAPQ < 20 
INFO  14:30:02,143 IntervalUtils - Processing 1437965 bp from intervals 
INFO  14:30:02,302 GenomeAnalysisEngine - Preparing for traversal over 1 BAM files 
INFO  14:30:02,502 GenomeAnalysisEngine - Done preparing for traversal 
INFO  14:30:02,503 ProgressMeter - [INITIALIZATION COMPLETE; STARTING PROCESSING] 
INFO  14:30:02,529 ProgressMeter -                 |      processed |    time |         per 1M |           |   total | remaining 
INFO  14:30:02,529 ProgressMeter -        Location | active regions | elapsed | active regions | completed | runtime |   runtime 
INFO  14:30:02,554 HaplotypeCaller - Standard Emitting and Calling confidence set to 0.0 for reference-model confidence output 
INFO  14:30:02,554 HaplotypeCaller - All sites annotated with PLs forced to true for reference-model confidence output 
INFO  14:30:02,678 HaplotypeCaller - Using global mismapping rate of 45 => -4.5 in log10 likelihood units 
INFO  14:30:32,586 ProgressMeter -      3:39229756     7.93460723E8    30.0 s            0.0 s       67.3%    44.0 s      14.0 s 
Using AVX accelerated implementation of PairHMM
INFO  14:30:35,087 VectorLoglessPairHMM - libVectorLoglessPairHMM unpacked successfully from GATK jar file 
INFO  14:30:35,100 VectorLoglessPairHMM - Using vectorized implementation of PairHMM 
WARN  14:30:35,239 HaplotypeScore - Annotation will not be calculated, must be called from UnifiedGenotyper 
WARN  14:30:35,251 InbreedingCoeff - Annotation will not be calculated, must provide a valid PED file (-ped) from the command line. 
INFO  14:30:42,014 VectorLoglessPairHMM - Time spent in setup for JNI call : 7.5437E-5 
INFO  14:30:42,014 PairHMM - Total compute time in PairHMM computeLikelihoods() : 5.144020000000001E-4 
INFO  14:30:42,014 HaplotypeCaller - Ran local assembly on 6815 active regions 
INFO  14:30:42,054 ProgressMeter -            done    1.627945595E9    39.0 s            0.0 s      100.0%    39.0 s       0.0 s 
INFO  14:30:42,064 ProgressMeter - Total runtime 39.56 secs, 0.66 min, 0.01 hours 
INFO  14:30:42,065 MicroScheduler - 4 reads were filtered out during the traversal out of approximately 1710 total reads (0.23%) 
INFO  14:30:42,065 MicroScheduler -   -> 0 reads (0.00% of total) failing BadCigarFilter 
INFO  14:30:42,065 MicroScheduler -   -> 0 reads (0.00% of total) failing DuplicateReadFilter 
INFO  14:30:42,065 MicroScheduler -   -> 0 reads (0.00% of total) failing FailsVendorQualityCheckFilter 
INFO  14:30:42,066 MicroScheduler -   -> 3 reads (0.18% of total) failing HCMappingQualityFilter 
INFO  14:30:42,066 MicroScheduler -   -> 0 reads (0.00% of total) failing MalformedReadFilter 
INFO  14:30:42,066 MicroScheduler -   -> 0 reads (0.00% of total) failing MappingQualityUnavailableFilter 
INFO  14:30:42,066 MicroScheduler -   -> 1 reads (0.06% of total) failing NotPrimaryAlignmentFilter 
INFO  14:30:42,067 MicroScheduler -   -> 0 reads (0.00% of total) failing UnmappedReadFilter 
