INFO  03:49:08,676 HelpFormatter - --------------------------------------------------------------------------------- 
INFO  03:49:08,678 HelpFormatter - The Genome Analysis Toolkit (GATK) v3.4-46-g8ea4dca, Compiled 2015/08/13 20:41:56 
INFO  03:49:08,678 HelpFormatter - Copyright (c) 2010 The Broad Institute 
INFO  03:49:08,679 HelpFormatter - For support and documentation go to http://www.broadinstitute.org/gatk 
INFO  03:49:08,682 HelpFormatter - Program Args: -T IndelRealigner -I /mnt/ssdbroad/output/Solexa-272221_gatk_best_practices_36t_30s_2016-02-11_11-59-19/Solexa-272221_dupRem.bam -L /mnt/ssdbroad/Broad_Ref_Pipeline_approved_package/workflow_profiler/.queue/scatterGather/ExampleIndelRealigner-1-sg/temp_26_of_36/scatter.intervals -R /mnt/ssdbroad/Broad_Ref_Pipeline_approved_package/homosapiensrefgenome/Homo_sapiens_assembly19.fasta -known /mnt/ssdbroad/Broad_Ref_Pipeline_approved_package/homosapiensrefgenome/Homo_sapiens_assembly19.known_indels.vcf -targetIntervals /mnt/ssdbroad/output/Solexa-272221_gatk_best_practices_36t_30s_2016-02-11_11-59-19/Solexa-272221_realn.intervals -o /mnt/ssdbroad/Broad_Ref_Pipeline_approved_package/workflow_profiler/.queue/scatterGather/ExampleIndelRealigner-1-sg/temp_26_of_36/Solexa-272221_realign.bam -filterNoBases 
INFO  03:49:08,696 HelpFormatter - Executing as beris@dna on Linux 2.6.32-573.el6.x86_64 amd64; OpenJDK 64-Bit Server VM 1.7.0_79-mockbuild_2015_07_24_09_26-b00. 
INFO  03:49:08,696 HelpFormatter - Date/Time: 2016/02/12 03:49:08 
INFO  03:49:08,697 HelpFormatter - --------------------------------------------------------------------------------- 
INFO  03:49:08,697 HelpFormatter - --------------------------------------------------------------------------------- 
INFO  03:49:09,080 GenomeAnalysisEngine - Strictness is SILENT 
INFO  03:49:09,635 GenomeAnalysisEngine - Downsampling Settings: No downsampling 
INFO  03:49:09,643 SAMDataSource$SAMReaders - Initializing SAMRecords in serial 
INFO  03:49:09,693 SAMDataSource$SAMReaders - Done initializing BAM readers: total time 0.05 
INFO  03:49:09,891 IntervalUtils - Processing 4262 bp from intervals 
INFO  03:49:10,032 GenomeAnalysisEngine - Preparing for traversal over 1 BAM files 
INFO  03:49:14,577 GenomeAnalysisEngine - Done preparing for traversal 
INFO  03:49:14,577 ProgressMeter - [INITIALIZATION COMPLETE; STARTING PROCESSING] 
INFO  03:49:14,578 ProgressMeter -                 | processed |    time |    per 1M |           |   total | remaining 
INFO  03:49:14,578 ProgressMeter -        Location |     reads | elapsed |     reads | completed | runtime |   runtime 
INFO  03:49:25,986 ReadShardBalancer$1 - Loading BAM index data 
INFO  03:49:26,001 ReadShardBalancer$1 - Done loading BAM index data 
INFO  03:49:33,883 ProgressMeter -            done      2273.0    19.0 s       2.4 h       99.6%    19.0 s       0.0 s 
INFO  03:49:33,884 ProgressMeter - Total runtime 19.31 secs, 0.32 min, 0.01 hours 
INFO  03:49:33,903 MicroScheduler - 360 reads were filtered out during the traversal out of approximately 2633 total reads (13.67%) 
INFO  03:49:33,904 MicroScheduler -   -> 0 reads (0.00% of total) failing BadCigarFilter 
INFO  03:49:33,904 MicroScheduler -   -> 360 reads (13.67% of total) failing MalformedReadFilter 
