INFO  18:00:55,167 HelpFormatter - --------------------------------------------------------------------------------- 
INFO  18:00:55,169 HelpFormatter - The Genome Analysis Toolkit (GATK) v3.4-46-g8ea4dca, Compiled 2015/08/13 20:41:56 
INFO  18:00:55,169 HelpFormatter - Copyright (c) 2010 The Broad Institute 
INFO  18:00:55,169 HelpFormatter - For support and documentation go to http://www.broadinstitute.org/gatk 
INFO  18:00:55,173 HelpFormatter - Program Args: -T HaplotypeCaller -I /home/opt/data/broadout/FC1-NA12878-01_S1_L001_gatk_best_practices_36t_30s_2015-11-10_16-39-49/FC1-NA12878-01_S1_L001_realign.bam -L /home/beris/Broad_Ref_Pipeline_approved_package/workflow_profiler/.queue/scatterGather/ExampleHaplotypeCaller-1-sg/temp_17_of_36/scatter.intervals -R /home/beris/Broad_Ref_Pipeline_approved_package/homosapiensrefgenome/Homo_sapiens_assembly19.fasta -variant_index_type LINEAR -variant_index_parameter 128000 -o /home/beris/Broad_Ref_Pipeline_approved_package/workflow_profiler/.queue/scatterGather/ExampleHaplotypeCaller-1-sg/temp_17_of_36/FC1-NA12878-01_S1_L001_realign.bam_HaplotypeCaller.g.vcf -ERC GVCF 
INFO  18:00:55,179 HelpFormatter - Executing as beris@dna on Linux 2.6.32-573.el6.x86_64 amd64; OpenJDK 64-Bit Server VM 1.7.0_79-mockbuild_2015_07_24_09_26-b00. 
INFO  18:00:55,179 HelpFormatter - Date/Time: 2015/11/10 18:00:55 
INFO  18:00:55,179 HelpFormatter - --------------------------------------------------------------------------------- 
INFO  18:00:55,179 HelpFormatter - --------------------------------------------------------------------------------- 
WARN  18:00:55,243 GATKVCFUtils - Naming your output file using the .g.vcf extension will automatically set the appropriate values  for --variant_index_type and --variant_index_parameter 
INFO  18:00:55,379 GenomeAnalysisEngine - Strictness is SILENT 
INFO  18:00:55,535 GenomeAnalysisEngine - Downsampling Settings: Method: BY_SAMPLE, Target Coverage: 500 
INFO  18:00:55,552 SAMDataSource$SAMReaders - Initializing SAMRecords in serial 
INFO  18:00:55,607 SAMDataSource$SAMReaders - Done initializing BAM readers: total time 0.05 
INFO  18:00:55,615 HCMappingQualityFilter - Filtering out reads with MAPQ < 20 
INFO  18:00:55,926 IntervalUtils - Processing 1017715 bp from intervals 
INFO  18:00:56,098 GenomeAnalysisEngine - Preparing for traversal over 1 BAM files 
INFO  18:00:56,423 GenomeAnalysisEngine - Done preparing for traversal 
INFO  18:00:56,423 ProgressMeter - [INITIALIZATION COMPLETE; STARTING PROCESSING] 
INFO  18:00:56,424 ProgressMeter -                 |      processed |    time |         per 1M |           |   total | remaining 
INFO  18:00:56,424 ProgressMeter -        Location | active regions | elapsed | active regions | completed | runtime |   runtime 
INFO  18:00:56,455 HaplotypeCaller - Standard Emitting and Calling confidence set to 0.0 for reference-model confidence output 
INFO  18:00:56,456 HaplotypeCaller - All sites annotated with PLs forced to true for reference-model confidence output 
INFO  18:00:56,688 HaplotypeCaller - Using global mismapping rate of 45 => -4.5 in log10 likelihood units 
Using AVX accelerated implementation of PairHMM
INFO  18:00:58,506 VectorLoglessPairHMM - libVectorLoglessPairHMM unpacked successfully from GATK jar file 
INFO  18:00:58,506 VectorLoglessPairHMM - Using vectorized implementation of PairHMM 
WARN  18:00:58,717 HaplotypeScore - Annotation will not be calculated, must be called from UnifiedGenotyper 
WARN  18:00:58,717 InbreedingCoeff - Annotation will not be calculated, must provide a valid PED file (-ped) from the command line. 
INFO  18:01:26,458 ProgressMeter -     8:145731528      4.9897072E7    30.0 s            0.0 s       17.6%     2.8 m       2.3 m 
WARN  18:01:30,928 ExactAFCalculator - this tool is currently set to genotype at most 6 alternate alleles in a given context, but the context at 9:451971 has 9 alternate alleles so only the top alleles will be used; see the --max_alternate_alleles argument 
WARN  18:01:30,931 ExactAFCalculator - this tool is currently set to genotype at most 6 alternate alleles in a given context, but the context at 9:451973 has 9 alternate alleles so only the top alleles will be used; see the --max_alternate_alleles argument 
WARN  18:01:30,934 ExactAFCalculator - this tool is currently set to genotype at most 6 alternate alleles in a given context, but the context at 9:451975 has 9 alternate alleles so only the top alleles will be used; see the --max_alternate_alleles argument 
WARN  18:01:30,936 ExactAFCalculator - this tool is currently set to genotype at most 6 alternate alleles in a given context, but the context at 9:451977 has 9 alternate alleles so only the top alleles will be used; see the --max_alternate_alleles argument 
INFO  18:01:56,461 ProgressMeter -      9:34729230     2.22424566E8    60.0 s            0.0 s       44.2%     2.3 m      75.0 s 
INFO  18:02:26,463 ProgressMeter -      9:95050021      8.7272305E8    90.0 s            0.0 s       76.6%   117.0 s      27.0 s 
INFO  18:02:44,532 VectorLoglessPairHMM - Time spent in setup for JNI call : 0.037355699 
INFO  18:02:44,533 PairHMM - Total compute time in PairHMM computeLikelihoods() : 6.989466976 
INFO  18:02:44,533 HaplotypeCaller - Ran local assembly on 9769 active regions 
INFO  18:02:44,540 ProgressMeter -            done    1.790143693E9   108.0 s            0.0 s      100.0%   108.0 s       0.0 s 
INFO  18:02:44,540 ProgressMeter - Total runtime 108.12 secs, 1.80 min, 0.03 hours 
INFO  18:02:44,541 MicroScheduler - 49748 reads were filtered out during the traversal out of approximately 533128 total reads (9.33%) 
INFO  18:02:44,541 MicroScheduler -   -> 0 reads (0.00% of total) failing BadCigarFilter 
INFO  18:02:44,541 MicroScheduler -   -> 17936 reads (3.36% of total) failing DuplicateReadFilter 
INFO  18:02:44,541 MicroScheduler -   -> 0 reads (0.00% of total) failing FailsVendorQualityCheckFilter 
INFO  18:02:44,542 MicroScheduler -   -> 31763 reads (5.96% of total) failing HCMappingQualityFilter 
INFO  18:02:44,542 MicroScheduler -   -> 0 reads (0.00% of total) failing MalformedReadFilter 
INFO  18:02:44,542 MicroScheduler -   -> 0 reads (0.00% of total) failing MappingQualityUnavailableFilter 
INFO  18:02:44,542 MicroScheduler -   -> 49 reads (0.01% of total) failing NotPrimaryAlignmentFilter 
INFO  18:02:44,542 MicroScheduler -   -> 0 reads (0.00% of total) failing UnmappedReadFilter 
