INFO  20:48:07,472 HelpFormatter - --------------------------------------------------------------------------------- 
INFO  20:48:07,525 HelpFormatter - The Genome Analysis Toolkit (GATK) v3.4-46-g8ea4dca, Compiled 2015/08/13 20:41:56 
INFO  20:48:07,525 HelpFormatter - Copyright (c) 2010 The Broad Institute 
INFO  20:48:07,545 HelpFormatter - For support and documentation go to http://www.broadinstitute.org/gatk 
INFO  20:48:07,566 HelpFormatter - Program Args: -T HaplotypeCaller -I /mnt/nvme0n1/data/broadout/HG02771_gatk_best_practices_8t_30s_2016-07-06_18-21-02/HG02771_final.bam -L /mnt/nvme0n1/Broad_Ref_Pipeline_approved_package/workflow_profiler/.queue/scatterGather/ExampleHaplotypeCaller-1-sg/temp_17_of_36/scatter.intervals -R /mnt/nvme0n1/Broad_Ref_Pipeline_approved_package/b37bundle/human_g1k_v37.fasta -variant_index_type LINEAR -variant_index_parameter 128000 -o /mnt/nvme0n1/Broad_Ref_Pipeline_approved_package/workflow_profiler/.queue/scatterGather/ExampleHaplotypeCaller-1-sg/temp_17_of_36/HG02771_HaplotypeCaller.g.vcf -ERC GVCF 
INFO  20:48:07,644 HelpFormatter - Executing as bshifaw@application-1-1.hudson.intel.com on Linux 3.10.0-327.el7.x86_64 amd64; OpenJDK 64-Bit Server VM 1.8.0_91-b14. 
INFO  20:48:07,680 HelpFormatter - Date/Time: 2016/07/06 20:48:07 
INFO  20:48:07,693 HelpFormatter - --------------------------------------------------------------------------------- 
INFO  20:48:07,696 HelpFormatter - --------------------------------------------------------------------------------- 
WARN  20:48:07,726 GATKVCFUtils - Naming your output file using the .g.vcf extension will automatically set the appropriate values  for --variant_index_type and --variant_index_parameter 
INFO  20:48:08,402 GenomeAnalysisEngine - Strictness is SILENT 
INFO  20:48:09,214 GenomeAnalysisEngine - Downsampling Settings: Method: BY_SAMPLE, Target Coverage: 500 
INFO  20:48:09,359 SAMDataSource$SAMReaders - Initializing SAMRecords in serial 
INFO  20:48:09,574 SAMDataSource$SAMReaders - Done initializing BAM readers: total time 0.21 
INFO  20:48:09,601 HCMappingQualityFilter - Filtering out reads with MAPQ < 20 
INFO  20:48:09,972 IntervalUtils - Processing 1437965 bp from intervals 
INFO  20:48:10,423 GenomeAnalysisEngine - Preparing for traversal over 1 BAM files 
INFO  20:48:11,185 GenomeAnalysisEngine - Done preparing for traversal 
INFO  20:48:11,186 ProgressMeter - [INITIALIZATION COMPLETE; STARTING PROCESSING] 
INFO  20:48:11,186 ProgressMeter -                 |      processed |    time |         per 1M |           |   total | remaining 
INFO  20:48:11,187 ProgressMeter -        Location | active regions | elapsed | active regions | completed | runtime |   runtime 
INFO  20:48:11,277 HaplotypeCaller - Standard Emitting and Calling confidence set to 0.0 for reference-model confidence output 
INFO  20:48:11,278 HaplotypeCaller - All sites annotated with PLs forced to true for reference-model confidence output 
INFO  20:48:12,329 HaplotypeCaller - Using global mismapping rate of 45 => -4.5 in log10 likelihood units 
Using AVX accelerated implementation of PairHMM
INFO  20:48:20,360 VectorLoglessPairHMM - libVectorLoglessPairHMM unpacked successfully from GATK jar file 
INFO  20:48:20,361 VectorLoglessPairHMM - Using vectorized implementation of PairHMM 
WARN  20:48:21,792 HaplotypeScore - Annotation will not be calculated, must be called from UnifiedGenotyper 
WARN  20:48:21,792 InbreedingCoeff - Annotation will not be calculated, must provide a valid PED file (-ped) from the command line. 
INFO  20:48:41,417 ProgressMeter -     8:143412210          15847.0    30.0 s           31.8 m        0.2%     5.0 h       5.0 h 
INFO  20:49:11,420 ProgressMeter -     8:143694610         236329.0    60.0 s            4.2 m        0.8%     2.0 h       2.0 h 
INFO  20:49:41,420 ProgressMeter -     8:144461949        2149827.0    90.0 s           41.0 s        2.7%    56.1 m      54.6 m 
INFO  20:50:11,421 ProgressMeter -     8:144900754        5874852.0   120.0 s           20.0 s        5.8%    34.7 m      32.7 m 
INFO  20:50:41,422 ProgressMeter -     8:145011353        7274709.0     2.5 m           20.0 s        7.6%    33.1 m      30.6 m 
INFO  20:51:11,423 ProgressMeter -     8:145668162      2.1909918E7     3.0 m            8.0 s       12.7%    23.6 m      20.6 m 
INFO  20:51:51,424 ProgressMeter -       9:2191214       3.613166E7     3.7 m            6.0 s       18.3%    20.0 m      16.4 m 
INFO  20:52:21,425 ProgressMeter -       9:6793069      5.4393047E7     4.2 m            4.0 s       23.7%    17.6 m      13.4 m 
INFO  20:52:51,426 ProgressMeter -      9:17786574      9.4578426E7     4.7 m            2.0 s       28.7%    16.2 m      11.6 m 
INFO  20:53:21,426 ProgressMeter -      9:21305242     1.32919546E8     5.2 m            2.0 s       32.5%    15.9 m      10.7 m 
INFO  20:53:51,427 ProgressMeter -      9:33113860      1.8635387E8     5.7 m            1.0 s       37.2%    15.2 m       9.6 m 
INFO  20:54:21,428 ProgressMeter -      9:35045645     2.53179288E8     6.2 m            1.0 s       42.1%    14.7 m       8.5 m 
INFO  20:54:51,429 ProgressMeter -      9:35751009     3.00497033E8     6.7 m            1.0 s       46.7%    14.3 m       7.6 m 
INFO  20:55:21,430 ProgressMeter -      9:37518169     3.66350446E8     7.2 m            1.0 s       50.1%    14.3 m       7.1 m 
INFO  20:55:51,431 ProgressMeter -      9:72783566     5.29524892E8     7.7 m            0.0 s       57.8%    13.3 m       5.6 m 
INFO  20:56:21,432 ProgressMeter -      9:78937918     6.92400647E8     8.2 m            0.0 s       62.3%    13.1 m       4.9 m 
INFO  20:56:51,434 ProgressMeter -      9:84609420     8.18587712E8     8.7 m            0.0 s       66.4%    13.0 m       4.4 m 
INFO  20:57:21,435 ProgressMeter -      9:90503257    1.009225664E9     9.2 m            0.0 s       71.5%    12.8 m       3.7 m 
INFO  20:57:51,436 ProgressMeter -      9:95609085    1.192009071E9     9.7 m            0.0 s       76.0%    12.7 m       3.0 m 
INFO  20:58:21,437 ProgressMeter -      9:99417320    1.445855063E9    10.2 m            0.0 s       81.7%    12.4 m       2.3 m 
INFO  20:58:51,463 ProgressMeter -     9:101983211    1.699864171E9    10.7 m            0.0 s       87.0%    12.3 m      95.0 s 
INFO  20:59:21,465 ProgressMeter -     9:107367371    1.860301455E9    11.2 m            0.0 s       90.8%    12.3 m      67.0 s 
INFO  20:59:51,466 ProgressMeter -     9:111870681    2.070025313E9    11.7 m            0.0 s       94.9%    12.3 m      37.0 s 
INFO  21:00:17,504 VectorLoglessPairHMM - Time spent in setup for JNI call : 0.371492989 
INFO  21:00:17,513 PairHMM - Total compute time in PairHMM computeLikelihoods() : 65.534807584 
INFO  21:00:17,522 HaplotypeCaller - Ran local assembly on 8445 active regions 
INFO  21:00:17,543 ProgressMeter -            done     2.37077792E9    12.1 m            0.0 s      100.0%    12.1 m       0.0 s 
INFO  21:00:17,544 ProgressMeter - Total runtime 726.36 secs, 12.11 min, 0.20 hours 
INFO  21:00:17,544 MicroScheduler - 556260 reads were filtered out during the traversal out of approximately 2405777 total reads (23.12%) 
INFO  21:00:17,544 MicroScheduler -   -> 0 reads (0.00% of total) failing BadCigarFilter 
INFO  21:00:17,545 MicroScheduler -   -> 286431 reads (11.91% of total) failing DuplicateReadFilter 
INFO  21:00:17,547 MicroScheduler -   -> 0 reads (0.00% of total) failing FailsVendorQualityCheckFilter 
INFO  21:00:17,547 MicroScheduler -   -> 269637 reads (11.21% of total) failing HCMappingQualityFilter 
INFO  21:00:17,548 MicroScheduler -   -> 0 reads (0.00% of total) failing MalformedReadFilter 
INFO  21:00:17,548 MicroScheduler -   -> 0 reads (0.00% of total) failing MappingQualityUnavailableFilter 
INFO  21:00:17,548 MicroScheduler -   -> 192 reads (0.01% of total) failing NotPrimaryAlignmentFilter 
INFO  21:00:17,548 MicroScheduler -   -> 0 reads (0.00% of total) failing UnmappedReadFilter 
