INFO  16:30:42,928 HelpFormatter - --------------------------------------------------------------------------------- 
INFO  16:30:42,931 HelpFormatter - The Genome Analysis Toolkit (GATK) v3.4-46-g8ea4dca, Compiled 2015/08/13 20:41:56 
INFO  16:30:42,931 HelpFormatter - Copyright (c) 2010 The Broad Institute 
INFO  16:30:42,932 HelpFormatter - For support and documentation go to http://www.broadinstitute.org/gatk 
INFO  16:30:42,935 HelpFormatter - Program Args: -T HaplotypeCaller -I /mnt/ssdbroad/output/Solexa-272221_gatk_best_practices_36t_30s_2016-02-11_11-59-19/Solexa-272221_final.bam -L /mnt/ssdbroad/Broad_Ref_Pipeline_approved_package/workflow_profiler/.queue/scatterGather/ExampleHaplotypeCaller-1-sg/temp_17_of_36/scatter.intervals -R /mnt/ssdbroad/Broad_Ref_Pipeline_approved_package/homosapiensrefgenome/Homo_sapiens_assembly19.fasta -variant_index_type LINEAR -variant_index_parameter 128000 -o /mnt/ssdbroad/Broad_Ref_Pipeline_approved_package/workflow_profiler/.queue/scatterGather/ExampleHaplotypeCaller-1-sg/temp_17_of_36/Solexa-272221_HaplotypeCaller.g.vcf -ERC GVCF 
INFO  16:30:42,948 HelpFormatter - Executing as beris@dna on Linux 2.6.32-573.el6.x86_64 amd64; OpenJDK 64-Bit Server VM 1.7.0_79-mockbuild_2015_07_24_09_26-b00. 
INFO  16:30:42,949 HelpFormatter - Date/Time: 2016/02/12 16:30:42 
INFO  16:30:42,949 HelpFormatter - --------------------------------------------------------------------------------- 
INFO  16:30:42,949 HelpFormatter - --------------------------------------------------------------------------------- 
WARN  16:30:42,982 GATKVCFUtils - Naming your output file using the .g.vcf extension will automatically set the appropriate values  for --variant_index_type and --variant_index_parameter 
INFO  16:30:43,096 GenomeAnalysisEngine - Strictness is SILENT 
INFO  16:30:43,272 GenomeAnalysisEngine - Downsampling Settings: Method: BY_SAMPLE, Target Coverage: 500 
INFO  16:30:43,290 SAMDataSource$SAMReaders - Initializing SAMRecords in serial 
INFO  16:30:43,353 SAMDataSource$SAMReaders - Done initializing BAM readers: total time 0.06 
INFO  16:30:43,374 HCMappingQualityFilter - Filtering out reads with MAPQ < 20 
INFO  16:30:43,391 IntervalUtils - Processing 86166015 bp from intervals 
INFO  16:30:43,488 GenomeAnalysisEngine - Preparing for traversal over 1 BAM files 
INFO  16:30:43,816 GenomeAnalysisEngine - Done preparing for traversal 
INFO  16:30:43,816 ProgressMeter - [INITIALIZATION COMPLETE; STARTING PROCESSING] 
INFO  16:30:43,817 ProgressMeter -                 |      processed |    time |         per 1M |           |   total | remaining 
INFO  16:30:43,817 ProgressMeter -        Location | active regions | elapsed | active regions | completed | runtime |   runtime 
INFO  16:30:43,823 HaplotypeCaller - Standard Emitting and Calling confidence set to 0.0 for reference-model confidence output 
INFO  16:30:43,823 HaplotypeCaller - All sites annotated with PLs forced to true for reference-model confidence output 
INFO  16:30:43,997 HaplotypeCaller - Using global mismapping rate of 45 => -4.5 in log10 likelihood units 
Using AVX accelerated implementation of PairHMM
INFO  16:30:45,919 VectorLoglessPairHMM - libVectorLoglessPairHMM unpacked successfully from GATK jar file 
INFO  16:30:45,919 VectorLoglessPairHMM - Using vectorized implementation of PairHMM 
WARN  16:30:46,102 HaplotypeScore - Annotation will not be calculated, must be called from UnifiedGenotyper 
WARN  16:30:46,102 InbreedingCoeff - Annotation will not be calculated, must provide a valid PED file (-ped) from the command line. 
INFO  16:31:13,835 ProgressMeter -     7:145054733              0.0    30.0 s           49.6 w        0.1%    12.9 h      12.9 h 
INFO  16:32:13,836 ProgressMeter -     7:145691957              0.0    90.0 s          148.8 w        0.8%     3.1 h       3.1 h 
INFO  16:32:43,837 ProgressMeter -     7:146091873              0.0   120.0 s          198.4 w        1.3%     2.6 h       2.6 h 
INFO  16:33:13,838 ProgressMeter -     7:146433897              0.0     2.5 m          248.1 w        1.7%     2.5 h       2.5 h 
INFO  16:33:43,839 ProgressMeter -     7:146767716              0.0     3.0 m          297.7 w        2.1%     2.4 h       2.4 h 
INFO  16:34:23,839 ProgressMeter -     7:147148927              0.0     3.7 m          363.8 w        2.5%     2.4 h       2.4 h 
INFO  16:34:53,840 ProgressMeter -     7:147401439              0.0     4.2 m          413.4 w        2.8%     2.5 h       2.4 h 
INFO  16:35:23,841 ProgressMeter -     7:147657995              0.0     4.7 m          463.0 w        3.1%     2.5 h       2.4 h 
INFO  16:36:03,842 ProgressMeter -     7:148033477              0.0     5.3 m          529.1 w        3.5%     2.5 h       2.4 h 
INFO  16:36:33,842 ProgressMeter -     7:148323503              0.0     5.8 m          578.7 w        3.9%     2.5 h       2.4 h 
INFO  16:37:03,843 ProgressMeter -     7:148714150              0.0     6.3 m          628.4 w        4.3%     2.4 h       2.3 h 
INFO  16:37:33,844 ProgressMeter -     7:149034818              0.0     6.8 m          678.0 w        4.7%     2.4 h       2.3 h 
INFO  16:38:13,844 ProgressMeter -     7:149458888              0.0     7.5 m          744.1 w        5.2%     2.4 h       2.3 h 
INFO  16:38:43,845 ProgressMeter -     7:149720674              0.0     8.0 m          793.7 w        5.5%     2.4 h       2.3 h 
INFO  16:39:13,846 ProgressMeter -     7:150027647              0.0     8.5 m          843.3 w        5.8%     2.4 h       2.3 h 
INFO  16:39:53,846 ProgressMeter -     7:150431296              0.0     9.2 m          909.4 w        6.3%     2.4 h       2.3 h 
INFO  16:40:23,847 ProgressMeter -     7:150757646              0.0     9.7 m          959.0 w        6.7%     2.4 h       2.2 h 
INFO  16:40:53,848 ProgressMeter -     7:151009481              0.0    10.2 m         1008.7 w        7.0%     2.4 h       2.3 h 
INFO  16:41:23,849 ProgressMeter -     7:151295963              0.0    10.7 m         1058.3 w        7.3%     2.4 h       2.3 h 
INFO  16:42:03,850 ProgressMeter -     7:151687010              0.0    11.3 m         1124.4 w        7.8%     2.4 h       2.2 h 
INFO  16:42:33,851 ProgressMeter -     7:151944989              0.0    11.8 m         1174.0 w        8.1%     2.4 h       2.2 h 
INFO  16:43:03,851 ProgressMeter -     7:151979454              0.0    12.3 m         1223.6 w        8.1%     2.5 h       2.3 h 
WARN  16:43:09,900 ExactAFCalculator - this tool is currently set to genotype at most 6 alternate alleles in a given context, but the context at 7:151979896 has 9 alternate alleles so only the top alleles will be used; see the --max_alternate_alleles argument 
INFO  16:43:33,852 ProgressMeter -     7:152075678              0.0    12.8 m         1273.2 w        8.2%     2.6 h       2.4 h 
INFO  16:44:13,853 ProgressMeter -     7:152101213              0.0    13.5 m         1339.3 w        8.2%     2.7 h       2.5 h 
INFO  16:44:53,853 ProgressMeter -     7:152104479              0.0    14.2 m         1405.5 w        8.2%     2.9 h       2.6 h 
INFO  16:45:23,854 ProgressMeter -     7:152107524              0.0    14.7 m         1455.1 w        8.2%     3.0 h       2.7 h 
INFO  16:45:53,855 ProgressMeter -     7:152110473              0.0    15.2 m         1504.7 w        8.3%     3.1 h       2.8 h 
INFO  16:46:33,855 ProgressMeter -     7:152167398              0.0    15.8 m         1570.8 w        8.3%     3.2 h       2.9 h 
INFO  16:47:03,856 ProgressMeter -     7:152443131              0.0    16.3 m         1620.4 w        8.6%     3.2 h       2.9 h 
INFO  16:47:33,857 ProgressMeter -     7:152778892              0.0    16.8 m         1670.0 w        9.0%     3.1 h       2.8 h 
INFO  16:48:13,858 ProgressMeter -     7:152937625              0.0    17.5 m         1736.2 w        9.2%     3.2 h       2.9 h 
INFO  16:48:53,858 ProgressMeter -     7:153298108              0.0    18.2 m         1802.3 w        9.6%     3.1 h       2.8 h 
INFO  16:49:23,859 ProgressMeter -     7:153615255              0.0    18.7 m         1851.9 w       10.0%     3.1 h       2.8 h 
INFO  16:49:53,860 ProgressMeter -     7:153908858              0.0    19.2 m         1901.5 w       10.3%     3.1 h       2.8 h 
INFO  16:50:23,861 ProgressMeter -     7:154229529              0.0    19.7 m         1951.1 w       10.7%     3.1 h       2.7 h 
INFO  16:51:03,861 ProgressMeter -     7:154700107              0.0    20.3 m         2017.3 w       11.3%     3.0 h       2.7 h 
INFO  16:51:33,862 ProgressMeter -     7:154986969              0.0    20.8 m         2066.9 w       11.6%     3.0 h       2.6 h 
INFO  16:52:03,863 ProgressMeter -     7:155191761              0.0    21.3 m         2116.5 w       11.8%     3.0 h       2.7 h 
INFO  16:52:43,864 ProgressMeter -     7:155603291              0.0    22.0 m         2182.6 w       12.3%     3.0 h       2.6 h 
INFO  16:53:13,865 ProgressMeter -     7:155847921              0.0    22.5 m         2232.2 w       12.6%     3.0 h       2.6 h 
INFO  16:53:43,865 ProgressMeter -     7:156207475              0.0    23.0 m         2281.8 w       13.0%     2.9 h       2.6 h 
INFO  16:54:13,866 ProgressMeter -     7:156536042              0.0    23.5 m         2331.4 w       13.4%     2.9 h       2.5 h 
INFO  16:54:53,867 ProgressMeter -     7:156963144              0.0    24.2 m         2397.6 w       13.9%     2.9 h       2.5 h 
INFO  16:55:23,868 ProgressMeter -     7:157233934              0.0    24.7 m         2447.2 w       14.2%     2.9 h       2.5 h 
INFO  16:56:03,868 ProgressMeter -     7:157670513              0.0    25.3 m         2513.3 w       14.7%     2.9 h       2.4 h 
INFO  16:56:33,869 ProgressMeter -     7:157952089              0.0    25.8 m         2562.9 w       15.0%     2.9 h       2.4 h 
INFO  16:57:03,870 ProgressMeter -     7:158158406              0.0    26.3 m         2612.5 w       15.3%     2.9 h       2.4 h 
INFO  16:57:43,871 ProgressMeter -     7:158549811              0.0    27.0 m         2678.7 w       15.7%     2.9 h       2.4 h 
INFO  16:58:13,871 ProgressMeter -     7:158856807              0.0    27.5 m         2728.3 w       16.1%     2.8 h       2.4 h 
INFO  16:58:43,872 ProgressMeter -     7:159091192              0.0    28.0 m         2777.9 w       16.4%     2.9 h       2.4 h 
INFO  16:59:13,873 ProgressMeter -        8:277551       1.413945E7    28.5 m          120.0 s       16.7%     2.8 h       2.4 h 
INFO  16:59:53,874 ProgressMeter -        8:648304       1.413945E7    29.2 m            2.1 m       17.2%     2.8 h       2.3 h 
INFO  17:00:33,874 ProgressMeter -       8:1087788       1.413945E7    29.8 m            2.1 m       17.7%     2.8 h       2.3 h 
INFO  17:01:03,875 ProgressMeter -       8:1246701       1.413945E7    30.3 m            2.1 m       17.9%     2.8 h       2.3 h 
INFO  17:01:33,876 ProgressMeter -       8:1512769       1.413945E7    30.8 m            2.2 m       18.2%     2.8 h       2.3 h 
INFO  17:02:13,876 ProgressMeter -       8:1945238       1.413945E7    31.5 m            2.2 m       18.7%     2.8 h       2.3 h 
INFO  17:02:43,877 ProgressMeter -       8:2155412       1.413945E7    32.0 m            2.3 m       18.9%     2.8 h       2.3 h 
INFO  17:03:13,878 ProgressMeter -       8:2227723       1.413945E7    32.5 m            2.3 m       19.0%     2.9 h       2.3 h 
INFO  17:03:53,879 ProgressMeter -       8:2433629       1.413945E7    33.2 m            2.3 m       19.2%     2.9 h       2.3 h 
INFO  17:04:23,879 ProgressMeter -       8:2747088       1.413945E7    33.7 m            2.4 m       19.6%     2.9 h       2.3 h 
INFO  17:04:53,880 ProgressMeter -       8:3018746       1.413945E7    34.2 m            2.4 m       19.9%     2.9 h       2.3 h 
INFO  17:05:23,881 ProgressMeter -       8:3247165       1.413945E7    34.7 m            2.5 m       20.2%     2.9 h       2.3 h 
INFO  17:05:53,882 ProgressMeter -       8:3473776       1.413945E7    35.2 m            2.5 m       20.4%     2.9 h       2.3 h 
INFO  17:06:23,883 ProgressMeter -       8:3583544       1.413945E7    35.7 m            2.5 m       20.6%     2.9 h       2.3 h 
INFO  17:07:03,884 ProgressMeter -       8:3790854       1.413945E7    36.3 m            2.6 m       20.8%     2.9 h       2.3 h 
INFO  17:07:43,884 ProgressMeter -       8:3977310       1.413945E7    37.0 m            2.6 m       21.0%     2.9 h       2.3 h 
INFO  17:08:13,885 ProgressMeter -       8:4045911       1.413945E7    37.5 m            2.7 m       21.1%     3.0 h       2.3 h 
INFO  17:08:43,887 ProgressMeter -       8:4179806       1.413945E7    38.0 m            2.7 m       21.3%     3.0 h       2.3 h 
INFO  17:09:13,888 ProgressMeter -       8:4417202       1.413945E7    38.5 m            2.7 m       21.5%     3.0 h       2.3 h 
INFO  17:09:53,888 ProgressMeter -       8:4714098       1.413945E7    39.2 m            2.8 m       21.9%     3.0 h       2.3 h 
INFO  17:10:23,889 ProgressMeter -       8:4921458       1.413945E7    39.7 m            2.8 m       22.1%     3.0 h       2.3 h 
INFO  17:10:53,890 ProgressMeter -       8:5141654       1.413945E7    40.2 m            2.8 m       22.4%     3.0 h       2.3 h 
INFO  17:11:33,891 ProgressMeter -       8:5317815       1.413945E7    40.8 m            2.9 m       22.6%     3.0 h       2.3 h 
INFO  17:12:13,891 ProgressMeter -       8:5608348       1.413945E7    41.5 m            2.9 m       22.9%     3.0 h       2.3 h 
INFO  17:12:43,892 ProgressMeter -       8:5828696       1.413945E7    42.0 m            3.0 m       23.2%     3.0 h       2.3 h 
INFO  17:13:13,916 ProgressMeter -       8:5943384       1.413945E7    42.5 m            3.0 m       23.3%     3.0 h       2.3 h 
INFO  17:13:53,916 ProgressMeter -       8:6205381       1.413945E7    43.2 m            3.1 m       23.6%     3.0 h       2.3 h 
INFO  17:14:23,917 ProgressMeter -       8:6389579       1.413945E7    43.7 m            3.1 m       23.8%     3.1 h       2.3 h 
INFO  17:14:53,918 ProgressMeter -       8:6650179       1.413945E7    44.2 m            3.1 m       24.1%     3.1 h       2.3 h 
INFO  17:15:23,919 ProgressMeter -       8:6872572       1.413945E7    44.7 m            3.2 m       24.4%     3.1 h       2.3 h 
INFO  17:16:03,920 ProgressMeter -       8:7259319       1.413945E7    45.3 m            3.2 m       24.8%     3.0 h       2.3 h 
INFO  17:16:34,556 ProgressMeter -       8:7534534       1.413945E7    45.8 m            3.2 m       25.2%     3.0 h       2.3 h 
INFO  17:17:04,557 ProgressMeter -       8:7793257       1.413945E7    46.3 m            3.3 m       25.5%     3.0 h       2.3 h 
INFO  17:17:34,558 ProgressMeter -       8:8040795       1.413945E7    46.8 m            3.3 m       25.7%     3.0 h       2.3 h 
INFO  17:18:14,559 ProgressMeter -       8:8311467       1.413945E7    47.5 m            3.4 m       26.1%     3.0 h       2.2 h 
INFO  17:18:44,559 ProgressMeter -       8:8564704       1.413945E7    48.0 m            3.4 m       26.3%     3.0 h       2.2 h 
INFO  17:19:14,560 ProgressMeter -       8:8822321       1.413945E7    48.5 m            3.4 m       26.6%     3.0 h       2.2 h 
INFO  17:19:44,561 ProgressMeter -       8:9104584       1.413945E7    49.0 m            3.5 m       27.0%     3.0 h       2.2 h 
INFO  17:20:24,562 ProgressMeter -       8:9437284       1.413945E7    49.7 m            3.5 m       27.4%     3.0 h       2.2 h 
INFO  17:20:54,562 ProgressMeter -       8:9687676       1.413945E7    50.2 m            3.5 m       27.7%     3.0 h       2.2 h 
INFO  17:21:24,563 ProgressMeter -       8:9912055       1.413945E7    50.7 m            3.6 m       27.9%     3.0 h       2.2 h 
WARN  17:21:51,271 ExactAFCalculator - this tool is currently set to genotype at most 6 alternate alleles in a given context, but the context at 8:10141346 has 8 alternate alleles so only the top alleles will be used; see the --max_alternate_alleles argument 
INFO  17:21:54,564 ProgressMeter -      8:10164985       1.413945E7    51.2 m            3.6 m       28.2%     3.0 h       2.2 h 
INFO  17:22:34,564 ProgressMeter -      8:10495101       1.413945E7    51.8 m            3.7 m       28.6%     3.0 h       2.2 h 
INFO  17:23:04,565 ProgressMeter -      8:10770514       1.413945E7    52.3 m            3.7 m       28.9%     3.0 h       2.1 h 
INFO  17:23:34,566 ProgressMeter -      8:11093041       1.413945E7    52.8 m            3.7 m       29.3%     3.0 h       2.1 h 
INFO  17:24:14,567 ProgressMeter -      8:11429510       1.413945E7    53.5 m            3.8 m       29.7%     3.0 h       2.1 h 
INFO  17:24:44,567 ProgressMeter -      8:11707283       1.413945E7    54.0 m            3.8 m       30.0%     3.0 h       2.1 h 
INFO  17:25:14,568 ProgressMeter -      8:11872950       1.413945E7    54.5 m            3.9 m       30.2%     3.0 h       2.1 h 
INFO  17:25:44,569 ProgressMeter -      8:12063720       1.413945E7    55.0 m            3.9 m       30.4%     3.0 h       2.1 h 
WARN  17:26:23,238 ExactAFCalculator - this tool is currently set to genotype at most 6 alternate alleles in a given context, but the context at 8:12359616 has 8 alternate alleles so only the top alleles will be used; see the --max_alternate_alleles argument 
INFO  17:26:24,570 ProgressMeter -      8:12369745       1.413945E7    55.7 m            3.9 m       30.8%     3.0 h       2.1 h 
INFO  17:26:54,570 ProgressMeter -      8:12425287       1.413945E7    56.2 m            4.0 m       30.8%     3.0 h       2.1 h 
WARN  17:26:59,968 ExactAFCalculator - this tool is currently set to genotype at most 6 alternate alleles in a given context, but the context at 8:12427415 has 8 alternate alleles so only the top alleles will be used; see the --max_alternate_alleles argument 
INFO  17:27:24,571 ProgressMeter -      8:12444651       1.413945E7    56.7 m            4.0 m       30.9%     3.1 h       2.1 h 
INFO  17:28:04,572 ProgressMeter -      8:12602297       1.413945E7    57.3 m            4.1 m       31.0%     3.1 h       2.1 h 
INFO  17:28:34,572 ProgressMeter -      8:12845501       1.413945E7    57.8 m            4.1 m       31.3%     3.1 h       2.1 h 
INFO  17:29:04,573 ProgressMeter -      8:13010499       1.413945E7    58.3 m            4.1 m       31.5%     3.1 h       2.1 h 
INFO  17:29:34,577 ProgressMeter -      8:13249428       1.413945E7    58.8 m            4.2 m       31.8%     3.1 h       2.1 h 
INFO  17:30:04,578 ProgressMeter -      8:13486928       1.413945E7    59.3 m            4.2 m       32.1%     3.1 h       2.1 h 
INFO  17:30:34,578 ProgressMeter -      8:13664112       1.413945E7    59.8 m            4.2 m       32.3%     3.1 h       2.1 h 
INFO  17:31:04,579 ProgressMeter -      8:13831176       1.413945E7    60.3 m            4.3 m       32.5%     3.1 h       2.1 h 
INFO  17:31:34,583 ProgressMeter -      8:14038403       1.413945E7    60.8 m            4.3 m       32.7%     3.1 h       2.1 h 
INFO  17:32:04,584 ProgressMeter -      8:14174364       1.413945E7    61.3 m            4.3 m       32.9%     3.1 h       2.1 h 
INFO  17:32:44,584 ProgressMeter -      8:14451309       1.413945E7    62.0 m            4.4 m       33.2%     3.1 h       2.1 h 
INFO  17:33:14,585 ProgressMeter -      8:14662508       1.413945E7    62.5 m            4.4 m       33.4%     3.1 h       2.1 h 
INFO  17:33:44,586 ProgressMeter -      8:14942599       1.413945E7    63.0 m            4.5 m       33.8%     3.1 h       2.1 h 
INFO  17:34:24,587 ProgressMeter -      8:15269066       1.413945E7    63.7 m            4.5 m       34.1%     3.1 h       2.0 h 
INFO  17:34:54,587 ProgressMeter -      8:15554670       1.413945E7    64.2 m            4.5 m       34.5%     3.1 h       2.0 h 
INFO  17:35:24,659 ProgressMeter -      8:15757612       1.413945E7    64.7 m            4.6 m       34.7%     3.1 h       2.0 h 
INFO  17:36:04,660 ProgressMeter -      8:16118718       1.413945E7    65.3 m            4.6 m       35.1%     3.1 h       2.0 h 
INFO  17:36:44,660 ProgressMeter -      8:16533015       1.413945E7    66.0 m            4.7 m       35.6%     3.1 h     119.4 m 
INFO  17:37:14,661 ProgressMeter -      8:16775593       1.413945E7    66.5 m            4.7 m       35.9%     3.1 h     118.8 m 
INFO  17:37:44,662 ProgressMeter -      8:17039902       1.413945E7    67.0 m            4.7 m       36.2%     3.1 h     118.2 m 
INFO  17:38:14,724 ProgressMeter -      8:17331148       1.413945E7    67.5 m            4.8 m       36.5%     3.1 h     117.3 m 
INFO  17:38:44,725 ProgressMeter -      8:17578791       1.413945E7    68.0 m            4.8 m       36.8%     3.1 h     116.7 m 
INFO  17:39:14,726 ProgressMeter -      8:17842199       1.413945E7    68.5 m            4.8 m       37.1%     3.1 h     116.1 m 
INFO  17:39:54,726 ProgressMeter -      8:18220925       1.413945E7    69.2 m            4.9 m       37.6%     3.1 h     115.0 m 
INFO  17:40:24,727 ProgressMeter -      8:18460903       1.413945E7    69.7 m            4.9 m       37.8%     3.1 h     114.5 m 
INFO  17:40:54,728 ProgressMeter -      8:18776477       1.413945E7    70.2 m            5.0 m       38.2%     3.1 h     113.5 m 
INFO  17:41:34,728 ProgressMeter -      8:19093369       1.413945E7    70.8 m            5.0 m       38.6%     3.1 h     112.8 m 
INFO  17:42:04,729 ProgressMeter -      8:19324324       1.413945E7    71.3 m            5.0 m       38.8%     3.1 h     112.3 m 
INFO  17:42:34,730 ProgressMeter -      8:19645014       1.413945E7    71.8 m            5.1 m       39.2%     3.1 h     111.4 m 
INFO  17:43:14,731 ProgressMeter -      8:20099040       1.413945E7    72.5 m            5.1 m       39.7%     3.0 h     110.0 m 
INFO  17:43:44,731 ProgressMeter -      8:20497390       1.413945E7    73.0 m            5.2 m       40.2%     3.0 h     108.6 m 
INFO  17:44:14,732 ProgressMeter -      8:20816104       1.413945E7    73.5 m            5.2 m       40.6%     3.0 h     107.7 m 
INFO  17:44:54,733 ProgressMeter -      8:21305610       1.413945E7    74.2 m            5.2 m       41.1%     3.0 h     106.1 m 
INFO  17:45:24,734 ProgressMeter -      8:21685532       1.413945E7    74.7 m            5.3 m       41.6%     3.0 h     104.9 m 
INFO  17:46:04,738 ProgressMeter -      8:22172617       1.413945E7    75.3 m            5.3 m       42.1%     3.0 h     103.4 m 
INFO  17:46:34,739 ProgressMeter -      8:22499221       1.413945E7    75.8 m            5.4 m       42.5%     3.0 h     102.5 m 
INFO  17:47:04,740 ProgressMeter -      8:22870492       1.413945E7    76.3 m            5.4 m       43.0%     3.0 h     101.4 m 
INFO  17:47:34,741 ProgressMeter -      8:23192191       1.413945E7    76.8 m            5.4 m       43.3%     3.0 h     100.5 m 
INFO  17:48:14,742 ProgressMeter -      8:23552652       1.413945E7    77.5 m            5.5 m       43.7%     3.0 h      99.7 m 
INFO  17:48:54,742 ProgressMeter -      8:23997881       1.413945E7    78.2 m            5.5 m       44.3%     2.9 h      98.4 m 
INFO  17:49:24,743 ProgressMeter -      8:24339348       1.413945E7    78.7 m            5.6 m       44.7%     2.9 h      97.5 m 
INFO  17:49:54,806 ProgressMeter -      8:24597823       1.413945E7    79.2 m            5.6 m       45.0%     2.9 h      96.9 m 
INFO  17:50:24,807 ProgressMeter -      8:24902264       1.413945E7    79.7 m            5.6 m       45.3%     2.9 h      96.2 m 
INFO  17:50:54,808 ProgressMeter -      8:25239573       1.413945E7    80.2 m            5.7 m       45.7%     2.9 h      95.2 m 
INFO  17:51:24,809 ProgressMeter -      8:25604911       1.413945E7    80.7 m            5.7 m       46.1%     2.9 h      94.2 m 
INFO  17:52:04,810 ProgressMeter -      8:26069569       1.413945E7    81.3 m            5.8 m       46.7%     2.9 h      93.0 m 
INFO  17:52:44,811 ProgressMeter -      8:26526887       1.413945E7    82.0 m            5.8 m       47.2%     2.9 h      91.7 m 
INFO  17:53:14,812 ProgressMeter -      8:26830939       1.413945E7    82.5 m            5.8 m       47.5%     2.9 h      91.0 m 
INFO  17:53:44,812 ProgressMeter -      8:27095083       1.413945E7    83.0 m            5.9 m       47.9%     2.9 h      90.4 m 
INFO  17:54:14,813 ProgressMeter -      8:27447167       1.413945E7    83.5 m            5.9 m       48.3%     2.9 h      89.5 m 
INFO  17:54:44,814 ProgressMeter -      8:27694942       1.413945E7    84.0 m            5.9 m       48.6%     2.9 h      89.0 m 
INFO  17:55:24,814 ProgressMeter -      8:28115575       1.413945E7    84.7 m            6.0 m       49.0%     2.9 h      88.0 m 
INFO  17:55:54,815 ProgressMeter -      8:28435798       1.413945E7    85.2 m            6.0 m       49.4%     2.9 h      87.2 m 
INFO  17:56:24,817 ProgressMeter -      8:28843609       1.413945E7    85.7 m            6.1 m       49.9%     2.9 h      86.1 m 
INFO  17:57:04,818 ProgressMeter -      8:29353262       1.413945E7    86.4 m            6.1 m       50.5%     2.9 h      84.7 m 
INFO  17:57:34,819 ProgressMeter -      8:29666748       1.413945E7    86.9 m            6.1 m       50.8%     2.8 h      84.0 m 
INFO  17:58:04,819 ProgressMeter -      8:30024588       1.413945E7    87.4 m            6.2 m       51.3%     2.8 h      83.1 m 
INFO  17:58:34,820 ProgressMeter -      8:30360014       1.413945E7    87.9 m            6.2 m       51.6%     2.8 h      82.3 m 
INFO  17:59:04,836 ProgressMeter -      8:30659077       1.413945E7    88.4 m            6.2 m       52.0%     2.8 h      81.6 m 
INFO  17:59:44,837 ProgressMeter -      8:31116808       1.413945E7    89.0 m            6.3 m       52.5%     2.8 h      80.5 m 
INFO  18:00:14,837 ProgressMeter -      8:31398013       1.413945E7    89.5 m            6.3 m       52.8%     2.8 h      79.9 m 
INFO  18:00:44,838 ProgressMeter -      8:31723941       1.413945E7    90.0 m            6.4 m       53.2%     2.8 h      79.1 m 
INFO  18:01:25,774 ProgressMeter -      8:32108571       1.413945E7    90.7 m            6.4 m       53.7%     2.8 h      78.3 m 
INFO  18:02:05,775 ProgressMeter -      8:32497994       1.413945E7    91.4 m            6.5 m       54.1%     2.8 h      77.4 m 
INFO  18:02:35,775 ProgressMeter -      8:32874475       1.413945E7    91.9 m            6.5 m       54.6%     2.8 h      76.5 m 
INFO  18:03:05,776 ProgressMeter -      8:33203802       1.413945E7    92.4 m            6.5 m       54.9%     2.8 h      75.7 m 
INFO  18:03:35,777 ProgressMeter -      8:33533608       1.413945E7    92.9 m            6.6 m       55.3%     2.8 h      75.0 m 
INFO  18:04:15,777 ProgressMeter -      8:34018950       1.413945E7    93.5 m            6.6 m       55.9%     2.8 h      73.8 m 
INFO  18:04:45,778 ProgressMeter -      8:34340140       1.413945E7    94.0 m            6.7 m       56.3%     2.8 h      73.1 m 
INFO  18:05:15,779 ProgressMeter -      8:34811933       1.413945E7    94.5 m            6.7 m       56.8%     2.8 h      71.9 m 
INFO  18:05:45,783 ProgressMeter -      8:35107431       1.413945E7    95.0 m            6.7 m       57.2%     2.8 h      71.2 m 
INFO  18:06:15,784 ProgressMeter -      8:35454940       1.413945E7    95.5 m            6.8 m       57.6%     2.8 h      70.4 m 
INFO  18:06:55,784 ProgressMeter -      8:36062992       1.413945E7    96.2 m            6.8 m       58.3%     2.8 h      68.9 m 
INFO  18:07:25,785 ProgressMeter -      8:36518044       1.413945E7    96.7 m            6.8 m       58.8%     2.7 h      67.8 m 
INFO  18:07:55,786 ProgressMeter -      8:36950140       1.413945E7    97.2 m            6.9 m       59.3%     2.7 h      66.7 m 
INFO  18:08:25,787 ProgressMeter -      8:37304655       1.413945E7    97.7 m            6.9 m       59.7%     2.7 h      65.9 m 
INFO  18:08:55,788 ProgressMeter -      8:37726828       1.413945E7    98.2 m            6.9 m       60.2%     2.7 h      64.9 m 
INFO  18:09:35,788 ProgressMeter -      8:38266957       1.413945E7    98.9 m            7.0 m       60.8%     2.7 h      63.7 m 
INFO  18:10:05,789 ProgressMeter -      8:38599576       1.413945E7    99.4 m            7.0 m       61.2%     2.7 h      63.0 m 
INFO  18:10:35,790 ProgressMeter -      8:38933444       1.413945E7    99.9 m            7.1 m       61.6%     2.7 h      62.3 m 
INFO  18:11:15,791 ProgressMeter -      8:39320700       1.413945E7   100.5 m            7.1 m       62.0%     2.7 h      61.5 m 
INFO  18:11:45,792 ProgressMeter -      8:39645194       1.413945E7   101.0 m            7.1 m       62.4%     2.7 h      60.8 m 
INFO  18:12:25,793 ProgressMeter -      8:39953687       1.413945E7   101.7 m            7.2 m       62.8%     2.7 h      60.3 m 
INFO  18:12:55,793 ProgressMeter -      8:40266500       1.413945E7   102.2 m            7.2 m       63.1%     2.7 h      59.7 m 
INFO  18:13:25,794 ProgressMeter -      8:40497291       1.413945E7   102.7 m            7.3 m       63.4%     2.7 h      59.3 m 
INFO  18:13:55,795 ProgressMeter -      8:40789245       1.413945E7   103.2 m            7.3 m       63.7%     2.7 h      58.7 m 
INFO  18:14:25,806 ProgressMeter -      8:41136616       1.413945E7   103.7 m            7.3 m       64.2%     2.7 h      57.9 m 
INFO  18:15:05,807 ProgressMeter -      8:41501977       1.413945E7   104.4 m            7.4 m       64.6%     2.7 h      57.2 m 
INFO  18:15:45,808 ProgressMeter -      8:41969241       1.413945E7   105.0 m            7.4 m       65.1%     2.7 h      56.3 m 
INFO  18:16:15,813 ProgressMeter -      8:42384672       1.413945E7   105.5 m            7.5 m       65.6%     2.7 h      55.3 m 
INFO  18:16:45,814 ProgressMeter -      8:42789443       1.413945E7   106.0 m            7.5 m       66.1%     2.7 h      54.4 m 
INFO  18:17:15,815 ProgressMeter -      8:43092892       1.413945E7   106.5 m            7.5 m       66.4%     2.7 h      53.8 m 
INFO  18:17:45,816 ProgressMeter -      8:43095900       1.413945E7   107.0 m            7.6 m       66.4%     2.7 h      54.1 m 
INFO  18:18:25,816 ProgressMeter -      8:43444404       1.413945E7   107.7 m            7.6 m       66.8%     2.7 h      53.5 m 
INFO  18:18:55,817 ProgressMeter -      8:43764192       1.413945E7   108.2 m            7.7 m       67.2%     2.7 h      52.8 m 
INFO  18:19:25,852 ProgressMeter -      8:43794129       1.413945E7   108.7 m            7.7 m       67.2%     2.7 h      53.0 m 
INFO  18:19:55,853 ProgressMeter -      8:43794580       1.413945E7   109.2 m            7.7 m       67.2%     2.7 h      53.2 m 
INFO  18:20:25,854 ProgressMeter -      8:43821718       1.413945E7   109.7 m            7.8 m       67.3%     2.7 h      53.4 m 
INFO  18:20:55,855 ProgressMeter -      8:43823229       1.413945E7   110.2 m            7.8 m       67.3%     2.7 h      53.6 m 
INFO  18:21:25,856 ProgressMeter -      8:43825101       1.413945E7   110.7 m            7.8 m       67.3%     2.7 h      53.9 m 
INFO  18:21:55,857 ProgressMeter -      8:43827318       1.413945E7   111.2 m            7.9 m       67.3%     2.8 h      54.1 m 
INFO  18:22:35,873 ProgressMeter -      8:43828492       1.413945E7   111.9 m            7.9 m       67.3%     2.8 h      54.4 m 
INFO  18:23:05,874 ProgressMeter -      8:43831222       1.413945E7   112.4 m            7.9 m       67.3%     2.8 h      54.7 m 
INFO  18:23:35,875 ProgressMeter -      8:43831862       1.413945E7   112.9 m            8.0 m       67.3%     2.8 h      54.9 m 
INFO  18:24:05,876 ProgressMeter -      8:43837688       1.413945E7   113.4 m            8.0 m       67.3%     2.8 h      55.1 m 
INFO  18:24:35,877 ProgressMeter -      8:43838686       1.413945E7   113.9 m            8.1 m       67.3%     2.8 h      55.4 m 
INFO  18:25:05,878 ProgressMeter -      8:46841566       1.413945E7   114.4 m            8.1 m       70.8%     2.7 h      47.2 m 
INFO  18:25:35,879 ProgressMeter -      8:46842169       1.413945E7   114.9 m            8.1 m       70.8%     2.7 h      47.4 m 
INFO  18:26:05,880 ProgressMeter -      8:46843434       1.413945E7   115.4 m            8.2 m       70.8%     2.7 h      47.6 m 
INFO  18:26:35,881 ProgressMeter -      8:46844453       1.413945E7   115.9 m            8.2 m       70.8%     2.7 h      47.8 m 
INFO  18:27:05,883 ProgressMeter -      8:46844649       1.413945E7   116.4 m            8.2 m       70.8%     2.7 h      48.1 m 
INFO  18:27:35,883 ProgressMeter -      8:46844783       1.413945E7   116.9 m            8.3 m       70.8%     2.8 h      48.3 m 
INFO  18:28:06,021 ProgressMeter -      8:46845309       1.413945E7   117.4 m            8.3 m       70.8%     2.8 h      48.5 m 
INFO  18:28:46,022 ProgressMeter -      8:46848628       1.413945E7   118.0 m            8.3 m       70.8%     2.8 h      48.7 m 
INFO  18:29:16,022 ProgressMeter -      8:46849287       1.413945E7   118.5 m            8.4 m       70.8%     2.8 h      48.9 m 
INFO  18:29:46,024 ProgressMeter -      8:46849603       1.413945E7   119.0 m            8.4 m       70.8%     2.8 h      49.1 m 
INFO  18:30:16,025 ProgressMeter -      8:46849605       1.413945E7   119.5 m            8.5 m       70.8%     2.8 h      49.3 m 
INFO  18:30:46,026 ProgressMeter -      8:46849917       1.413945E7     2.0 h            8.5 m       70.8%     2.8 h      49.6 m 
INFO  18:31:16,027 ProgressMeter -      8:46850368       1.413945E7     2.0 h            8.5 m       70.8%     2.8 h      49.8 m 
INFO  18:31:56,029 ProgressMeter -      8:46852750       1.413945E7     2.0 h            8.6 m       70.8%     2.9 h      50.0 m 
INFO  18:32:26,030 ProgressMeter -      8:46853274       1.413945E7     2.0 h            8.6 m       70.8%     2.9 h      50.2 m 
INFO  18:32:56,031 ProgressMeter -      8:46854457       1.413945E7     2.0 h            8.6 m       70.8%     2.9 h      50.4 m 
INFO  18:33:26,033 ProgressMeter -      8:46855234       1.413945E7     2.0 h            8.7 m       70.8%     2.9 h      50.6 m 
INFO  18:33:56,034 ProgressMeter -      8:46883452       1.413945E7     2.1 h            8.7 m       70.8%     2.9 h      50.8 m 
INFO  18:34:26,035 ProgressMeter -      8:47213006       1.413945E7     2.1 h            8.7 m       71.2%     2.9 h      50.0 m 
INFO  18:34:56,038 ProgressMeter -      8:47477253       1.413945E7     2.1 h            8.8 m       71.5%     2.9 h      49.5 m 
INFO  18:35:26,039 ProgressMeter -      8:47720285       1.413945E7     2.1 h            8.8 m       71.8%     2.9 h      49.0 m 
INFO  18:35:56,040 ProgressMeter -      8:48110268       1.413945E7     2.1 h            8.9 m       72.2%     2.9 h      48.1 m 
INFO  18:36:26,045 ProgressMeter -      8:48600031       1.413945E7     2.1 h            8.9 m       72.8%     2.9 h      46.9 m 
INFO  18:36:56,046 ProgressMeter -      8:49065554       1.413945E7     2.1 h            8.9 m       73.4%     2.9 h      45.8 m 
INFO  18:37:26,047 ProgressMeter -      8:49489136       1.413945E7     2.1 h            9.0 m       73.8%     2.9 h      44.9 m 
INFO  18:38:06,048 ProgressMeter -      8:50047521       1.413945E7     2.1 h            9.0 m       74.5%     2.8 h      43.6 m 
INFO  18:38:36,049 ProgressMeter -      8:50295838       1.413945E7     2.1 h            9.0 m       74.8%     2.8 h      43.1 m 
INFO  18:39:16,050 ProgressMeter -      8:50750744       1.413945E7     2.1 h            9.1 m       75.3%     2.8 h      42.1 m 
INFO  18:39:46,051 ProgressMeter -      8:51045763       1.413945E7     2.2 h            9.1 m       75.7%     2.8 h      41.5 m 
INFO  18:40:16,052 ProgressMeter -      8:51366856       1.413945E7     2.2 h            9.2 m       76.0%     2.8 h      40.9 m 
INFO  18:40:56,053 ProgressMeter -      8:51770015       1.413945E7     2.2 h            9.2 m       76.5%     2.8 h      40.0 m 
INFO  18:41:26,054 ProgressMeter -      8:52058715       1.413945E7     2.2 h            9.2 m       76.8%     2.8 h      39.4 m 
INFO  18:41:56,055 ProgressMeter -      8:52353060       1.413945E7     2.2 h            9.3 m       77.2%     2.8 h      38.8 m 
INFO  18:42:26,056 ProgressMeter -      8:52688714       1.413945E7     2.2 h            9.3 m       77.6%     2.8 h      38.1 m 
INFO  18:42:56,057 ProgressMeter -      8:53014254       1.413945E7     2.2 h            9.4 m       77.9%     2.8 h      37.4 m 
INFO  18:43:26,058 ProgressMeter -      8:53395296       1.413945E7     2.2 h            9.4 m       78.4%     2.8 h      36.6 m 
INFO  18:43:56,059 ProgressMeter -      8:53764564       1.413945E7     2.2 h            9.4 m       78.8%     2.8 h      35.8 m 
INFO  18:44:26,060 ProgressMeter -      8:54088880       1.413945E7     2.2 h            9.5 m       79.2%     2.8 h      35.2 m 
INFO  18:44:56,061 ProgressMeter -      8:54480613       1.413945E7     2.2 h            9.5 m       79.6%     2.8 h      34.3 m 
INFO  18:45:26,065 ProgressMeter -      8:54734625       1.413945E7     2.2 h            9.5 m       79.9%     2.8 h      33.8 m 
INFO  18:45:56,066 ProgressMeter -      8:55126225       1.413945E7     2.3 h            9.6 m       80.4%     2.8 h      33.0 m 
INFO  18:46:26,067 ProgressMeter -      8:55461123       1.413945E7     2.3 h            9.6 m       80.8%     2.8 h      32.3 m 
INFO  18:46:56,068 ProgressMeter -      8:55791520       1.413945E7     2.3 h            9.6 m       81.2%     2.8 h      31.6 m 
INFO  18:47:26,069 ProgressMeter -      8:56136090       1.413945E7     2.3 h            9.7 m       81.6%     2.8 h      30.9 m 
INFO  18:47:56,070 ProgressMeter -      8:56430212       1.413945E7     2.3 h            9.7 m       81.9%     2.8 h      30.3 m 
INFO  18:48:26,071 ProgressMeter -      8:56803638       1.413945E7     2.3 h            9.7 m       82.3%     2.8 h      29.5 m 
INFO  18:48:56,072 ProgressMeter -      8:57229055       1.413945E7     2.3 h            9.8 m       82.8%     2.8 h      28.7 m 
INFO  18:49:36,073 ProgressMeter -      8:57652009       1.413945E7     2.3 h            9.8 m       83.3%     2.8 h      27.8 m 
INFO  18:50:06,074 ProgressMeter -      8:57989488       1.413945E7     2.3 h            9.9 m       83.7%     2.8 h      27.1 m 
INFO  18:50:36,075 ProgressMeter -      8:58319490       1.413945E7     2.3 h            9.9 m       84.1%     2.8 h      26.5 m 
INFO  18:51:06,076 ProgressMeter -      8:58677403       1.413945E7     2.3 h            9.9 m       84.5%     2.8 h      25.7 m 
INFO  18:51:36,077 ProgressMeter -      8:59029099       1.413945E7     2.3 h           10.0 m       84.9%     2.8 h      25.0 m 
INFO  18:52:06,078 ProgressMeter -      8:59366901       1.413945E7     2.4 h           10.0 m       85.3%     2.8 h      24.3 m 
INFO  18:52:36,079 ProgressMeter -      8:59712594       1.413945E7     2.4 h           10.0 m       85.7%     2.8 h      23.7 m 
INFO  18:53:16,080 ProgressMeter -      8:60198330       1.413945E7     2.4 h           10.1 m       86.3%     2.8 h      22.7 m 
INFO  18:53:46,081 ProgressMeter -      8:60628358       1.413945E7     2.4 h           10.1 m       86.8%     2.7 h      21.8 m 
INFO  18:54:16,082 ProgressMeter -      8:61061991       1.413945E7     2.4 h           10.2 m       87.3%     2.7 h      20.9 m 
INFO  18:54:46,083 ProgressMeter -      8:61443135       1.413945E7     2.4 h           10.2 m       87.7%     2.7 h      20.2 m 
INFO  18:55:16,084 ProgressMeter -      8:61818631       1.413945E7     2.4 h           10.2 m       88.2%     2.7 h      19.4 m 
INFO  18:55:46,085 ProgressMeter -      8:62162058       1.413945E7     2.4 h           10.3 m       88.6%     2.7 h      18.8 m 
INFO  18:56:26,086 ProgressMeter -      8:62635270       1.413945E7     2.4 h           10.3 m       89.1%     2.7 h      17.8 m 
INFO  18:56:56,087 ProgressMeter -      8:62966157       1.413945E7     2.4 h           10.3 m       89.5%     2.7 h      17.2 m 
INFO  18:57:26,088 ProgressMeter -      8:63318071       1.413945E7     2.4 h           10.4 m       89.9%     2.7 h      16.5 m 
INFO  18:57:56,089 ProgressMeter -      8:63717739       1.413945E7     2.5 h           10.4 m       90.4%     2.7 h      15.7 m 
INFO  18:58:26,090 ProgressMeter -      8:63986701       1.413945E7     2.5 h           10.4 m       90.7%     2.7 h      15.2 m 
INFO  18:58:56,091 ProgressMeter -      8:64361707       1.413945E7     2.5 h           10.5 m       91.1%     2.7 h      14.5 m 
INFO  18:59:26,092 ProgressMeter -      8:64796052       1.413945E7     2.5 h           10.5 m       91.6%     2.7 h      13.6 m 
INFO  18:59:56,093 ProgressMeter -      8:65212109       1.413945E7     2.5 h           10.6 m       92.1%     2.7 h      12.8 m 
INFO  19:00:26,094 ProgressMeter -      8:65668379       1.413945E7     2.5 h           10.6 m       92.6%     2.7 h      11.9 m 
INFO  19:00:56,095 ProgressMeter -      8:66047634       1.413945E7     2.5 h           10.6 m       93.1%     2.7 h      11.2 m 
INFO  19:01:26,096 ProgressMeter -      8:66374500       1.413945E7     2.5 h           10.7 m       93.4%     2.7 h      10.6 m 
INFO  19:01:56,097 ProgressMeter -      8:66709542       1.413945E7     2.5 h           10.7 m       93.8%     2.7 h       9.9 m 
INFO  19:02:26,098 ProgressMeter -      8:67109202       1.413945E7     2.5 h           10.7 m       94.3%     2.7 h       9.2 m 
INFO  19:02:56,099 ProgressMeter -      8:67568954       1.413945E7     2.5 h           10.8 m       94.8%     2.7 h       8.3 m 
INFO  19:03:26,100 ProgressMeter -      8:68053376       1.413945E7     2.5 h           10.8 m       95.4%     2.7 h       7.4 m 
INFO  19:03:56,101 ProgressMeter -      8:68484815       1.413945E7     2.6 h           10.8 m       95.9%     2.7 h       6.6 m 
INFO  19:04:26,102 ProgressMeter -      8:68853972       1.413945E7     2.6 h           10.9 m       96.3%     2.7 h       5.9 m 
INFO  19:04:56,103 ProgressMeter -      8:69160148       1.413945E7     2.6 h           10.9 m       96.7%     2.7 h       5.3 m 
INFO  19:05:26,104 ProgressMeter -      8:69485526       1.413945E7     2.6 h           10.9 m       97.1%     2.7 h       4.7 m 
INFO  19:05:56,105 ProgressMeter -      8:69863205       1.413945E7     2.6 h           11.0 m       97.5%     2.7 h       4.0 m 
INFO  19:06:26,106 ProgressMeter -      8:70168077       1.413945E7     2.6 h           11.0 m       97.8%     2.7 h       3.4 m 
INFO  19:06:56,107 ProgressMeter -      8:70567349       1.413945E7     2.6 h           11.0 m       98.3%     2.6 h       2.7 m 
INFO  19:07:26,108 ProgressMeter -      8:70926015       1.413945E7     2.6 h           11.1 m       98.7%     2.6 h       2.0 m 
INFO  19:07:56,109 ProgressMeter -      8:71354075       1.413945E7     2.6 h           11.1 m       99.2%     2.6 h      74.0 s 
INFO  19:08:26,110 ProgressMeter -      8:71656447       1.413945E7     2.6 h           11.2 m       99.6%     2.6 h      40.0 s 
INFO  19:08:56,111 ProgressMeter -      8:71938413       1.413945E7     2.6 h           11.2 m       99.9%     2.6 h       9.0 s 
INFO  19:09:03,870 VectorLoglessPairHMM - Time spent in setup for JNI call : 3.4167807010000004 
INFO  19:09:03,871 PairHMM - Total compute time in PairHMM computeLikelihoods() : 1503.2185615380001 
INFO  19:09:03,872 HaplotypeCaller - Ran local assembly on 443957 active regions 
INFO  19:09:03,880 ProgressMeter -            done      8.6166015E7     2.6 h          110.0 s      100.0%     2.6 h       0.0 s 
INFO  19:09:03,881 ProgressMeter - Total runtime 9500.06 secs, 158.33 min, 2.64 hours 
INFO  19:09:03,882 MicroScheduler - 7443908 reads were filtered out during the traversal out of approximately 27018648 total reads (27.55%) 
INFO  19:09:03,883 MicroScheduler -   -> 0 reads (0.00% of total) failing BadCigarFilter 
INFO  19:09:03,884 MicroScheduler -   -> 3185274 reads (11.79% of total) failing DuplicateReadFilter 
INFO  19:09:03,884 MicroScheduler -   -> 0 reads (0.00% of total) failing FailsVendorQualityCheckFilter 
INFO  19:09:03,885 MicroScheduler -   -> 4226780 reads (15.64% of total) failing HCMappingQualityFilter 
INFO  19:09:03,886 MicroScheduler -   -> 0 reads (0.00% of total) failing MalformedReadFilter 
INFO  19:09:03,887 MicroScheduler -   -> 0 reads (0.00% of total) failing MappingQualityUnavailableFilter 
INFO  19:09:03,888 MicroScheduler -   -> 31854 reads (0.12% of total) failing NotPrimaryAlignmentFilter 
INFO  19:09:03,888 MicroScheduler -   -> 0 reads (0.00% of total) failing UnmappedReadFilter 
