INFO  20:07:46,134 HelpFormatter - --------------------------------------------------------------------------------- 
INFO  20:07:46,137 HelpFormatter - The Genome Analysis Toolkit (GATK) v3.4-46-g8ea4dca, Compiled 2015/08/13 20:41:56 
INFO  20:07:46,137 HelpFormatter - Copyright (c) 2010 The Broad Institute 
INFO  20:07:46,137 HelpFormatter - For support and documentation go to http://www.broadinstitute.org/gatk 
INFO  20:07:46,142 HelpFormatter - Program Args: -T IndelRealigner -I /home/opt/data/broadout/FC1-NA12878-01_S1_L001_R1_001_gatk_best_practices_36t_30s_2015-11-05_19-14-59/FC1-NA12878-01_S1_L001_R1_001_dupRem.bam -L /home/beris/Broad_Ref_Pipeline_approved_package/workflow_profiler/.queue/scatterGather/ExampleIndelRealigner-1-sg/temp_17_of_36/scatter.intervals -R /home/beris/Broad_Ref_Pipeline_approved_package/homosapiensrefgenome/Homo_sapiens_assembly19.fasta -known /home/beris/Broad_Ref_Pipeline_approved_package/homosapiensrefgenome/Homo_sapiens_assembly19.known_indels.vcf -targetIntervals /home/opt/data/broadout/FC1-NA12878-01_S1_L001_R1_001_gatk_best_practices_36t_30s_2015-11-05_19-14-59/FC1-NA12878-01_S1_L001_R1_001_realn.intervals -o /home/beris/Broad_Ref_Pipeline_approved_package/workflow_profiler/.queue/scatterGather/ExampleIndelRealigner-1-sg/temp_17_of_36/FC1-NA12878-01_S1_L001_R1_001_realign.bam -filterNoBases 
INFO  20:07:46,148 HelpFormatter - Executing as beris@dna on Linux 2.6.32-573.el6.x86_64 amd64; OpenJDK 64-Bit Server VM 1.7.0_79-mockbuild_2015_07_24_09_26-b00. 
INFO  20:07:46,148 HelpFormatter - Date/Time: 2015/11/05 20:07:46 
INFO  20:07:46,149 HelpFormatter - --------------------------------------------------------------------------------- 
INFO  20:07:46,149 HelpFormatter - --------------------------------------------------------------------------------- 
INFO  20:07:46,289 GenomeAnalysisEngine - Strictness is SILENT 
INFO  20:07:46,401 GenomeAnalysisEngine - Downsampling Settings: No downsampling 
INFO  20:07:46,412 SAMDataSource$SAMReaders - Initializing SAMRecords in serial 
INFO  20:07:46,471 SAMDataSource$SAMReaders - Done initializing BAM readers: total time 0.06 
INFO  20:07:46,608 IntervalUtils - Processing 81195210 bp from intervals 
INFO  20:07:46,697 GenomeAnalysisEngine - Preparing for traversal over 1 BAM files 
INFO  20:07:47,280 GenomeAnalysisEngine - Done preparing for traversal 
INFO  20:07:47,281 ProgressMeter - [INITIALIZATION COMPLETE; STARTING PROCESSING] 
INFO  20:07:47,282 ProgressMeter -                 | processed |    time |    per 1M |           |   total | remaining 
INFO  20:07:47,282 ProgressMeter -        Location |     reads | elapsed |     reads | completed | runtime |   runtime 
INFO  20:07:47,487 ReadShardBalancer$1 - Loading BAM index data 
INFO  20:07:48,033 ReadShardBalancer$1 - Done loading BAM index data 
INFO  20:08:17,290 ProgressMeter -        Starting         0.0    30.0 s      49.6 w      100.0%    30.0 s       0.0 s 
INFO  20:08:51,895 ProgressMeter -     17:15329444    200006.0    64.0 s       5.4 m       18.9%     5.6 m       4.6 m 
INFO  20:09:22,351 ProgressMeter -     17:80706784   1400026.0    95.0 s      67.0 s       99.4%    95.0 s       0.0 s 
INFO  20:09:22,591 ProgressMeter -            done   1500956.0    95.0 s      63.0 s      100.0%    95.0 s       0.0 s 
INFO  20:09:22,591 ProgressMeter - Total runtime 95.31 secs, 1.59 min, 0.03 hours 
INFO  20:09:22,596 MicroScheduler - 1924502 reads were filtered out during the traversal out of approximately 3425458 total reads (56.18%) 
INFO  20:09:22,596 MicroScheduler -   -> 0 reads (0.00% of total) failing BadCigarFilter 
INFO  20:09:22,597 MicroScheduler -   -> 1924502 reads (56.18% of total) failing MalformedReadFilter 
