INFO  19:35:11,154 HelpFormatter - --------------------------------------------------------------------------------- 
INFO  19:35:11,160 HelpFormatter - The Genome Analysis Toolkit (GATK) v3.4-46-g8ea4dca, Compiled 2015/08/13 20:41:56 
INFO  19:35:11,160 HelpFormatter - Copyright (c) 2010 The Broad Institute 
INFO  19:35:11,163 HelpFormatter - For support and documentation go to http://www.broadinstitute.org/gatk 
INFO  19:35:11,168 HelpFormatter - Program Args: -T IndelRealigner -I /mnt/nvme0n1/data/broadout/HG02771_gatk_best_practices_8t_30s_2016-07-06_18-21-02/HG02771_dupRem.bam -L /mnt/nvme0n1/Broad_Ref_Pipeline_approved_package/workflow_profiler/.queue/scatterGather/ExampleIndelRealigner-1-sg/temp_17_of_36/scatter.intervals -R /mnt/nvme0n1/Broad_Ref_Pipeline_approved_package/b37bundle/human_g1k_v37.fasta -known /mnt/nvme0n1/Broad_Ref_Pipeline_approved_package/b37bundle/1000G_phase1.indels.b37.vcf -targetIntervals /mnt/nvme0n1/data/broadout/HG02771_gatk_best_practices_8t_30s_2016-07-06_18-21-02/HG02771_realn.intervals -o /mnt/nvme0n1/Broad_Ref_Pipeline_approved_package/workflow_profiler/.queue/scatterGather/ExampleIndelRealigner-1-sg/temp_17_of_36/HG02771_realign.bam -filterNoBases 
INFO  19:35:11,182 HelpFormatter - Executing as bshifaw@application-1-1.hudson.intel.com on Linux 3.10.0-327.el7.x86_64 amd64; OpenJDK 64-Bit Server VM 1.8.0_91-b14. 
INFO  19:35:11,182 HelpFormatter - Date/Time: 2016/07/06 19:35:11 
INFO  19:35:11,183 HelpFormatter - --------------------------------------------------------------------------------- 
INFO  19:35:11,183 HelpFormatter - --------------------------------------------------------------------------------- 
INFO  19:35:11,398 GenomeAnalysisEngine - Strictness is SILENT 
INFO  19:35:11,504 GenomeAnalysisEngine - Downsampling Settings: No downsampling 
INFO  19:35:11,520 SAMDataSource$SAMReaders - Initializing SAMRecords in serial 
INFO  19:35:11,637 SAMDataSource$SAMReaders - Done initializing BAM readers: total time 0.07 
INFO  19:35:11,890 IntervalUtils - Processing 81195210 bp from intervals 
INFO  19:35:12,125 GenomeAnalysisEngine - Preparing for traversal over 1 BAM files 
INFO  19:35:12,629 GenomeAnalysisEngine - Done preparing for traversal 
INFO  19:35:12,630 ProgressMeter - [INITIALIZATION COMPLETE; STARTING PROCESSING] 
INFO  19:35:12,630 ProgressMeter -                 | processed |    time |    per 1M |           |   total | remaining 
INFO  19:35:12,639 ProgressMeter -        Location |     reads | elapsed |     reads | completed | runtime |   runtime 
INFO  19:35:12,878 ReadShardBalancer$1 - Loading BAM index data 
INFO  19:35:13,405 ReadShardBalancer$1 - Done loading BAM index data 
INFO  19:35:42,669 ProgressMeter -      17:7726907    900049.0    30.0 s      33.0 s        9.5%     5.3 m       4.8 m 
INFO  19:36:12,901 ProgressMeter -     17:34495623   2500106.0    60.0 s      24.0 s       42.5%     2.4 m      81.0 s 
INFO  19:36:42,903 ProgressMeter -     17:56395801   4600252.0    90.0 s      19.0 s       69.5%     2.2 m      39.0 s 
INFO  19:37:03,350 ProgressMeter -            done   6283355.0   110.0 s      17.0 s      100.0%   110.0 s       0.0 s 
INFO  19:37:03,351 ProgressMeter - Total runtime 110.72 secs, 1.85 min, 0.03 hours 
INFO  19:37:03,357 MicroScheduler - 151133 reads were filtered out during the traversal out of approximately 6434488 total reads (2.35%) 
INFO  19:37:03,358 MicroScheduler -   -> 0 reads (0.00% of total) failing BadCigarFilter 
INFO  19:37:03,358 MicroScheduler -   -> 151133 reads (2.35% of total) failing MalformedReadFilter 
