INFO  11:29:11,926 HelpFormatter - --------------------------------------------------------------------------------- 
INFO  11:29:11,928 HelpFormatter - The Genome Analysis Toolkit (GATK) v3.4-46-g8ea4dca, Compiled 2015/08/13 20:41:56 
INFO  11:29:11,929 HelpFormatter - Copyright (c) 2010 The Broad Institute 
INFO  11:29:11,929 HelpFormatter - For support and documentation go to http://www.broadinstitute.org/gatk 
INFO  11:29:11,932 HelpFormatter - Program Args: -T BaseRecalibrator -I /mnt/ssdbroad/output/sim1M_pairs_gatk_best_practices_36t_30s_2016-02-11_11-03-56/sim1M_pairs_realign.bam -L /mnt/ssdbroad/Broad_Ref_Pipeline_approved_package/workflow_profiler/.queue/scatterGather/ExampleBaseRecalibrator-1-sg/temp_07_of_36/scatter.intervals -R /mnt/ssdbroad/Broad_Ref_Pipeline_approved_package/homosapiensrefgenome/Homo_sapiens_assembly19.fasta -knownSites /mnt/ssdbroad/Broad_Ref_Pipeline_approved_package/homosapiensrefgenome/Homo_sapiens_assembly19.dbsnp.vcf -o /mnt/ssdbroad/Broad_Ref_Pipeline_approved_package/workflow_profiler/.queue/scatterGather/ExampleBaseRecalibrator-1-sg/temp_07_of_36/sim1M_pairs_recal.grp 
INFO  11:29:11,946 HelpFormatter - Executing as beris@dna on Linux 2.6.32-573.el6.x86_64 amd64; OpenJDK 64-Bit Server VM 1.7.0_79-mockbuild_2015_07_24_09_26-b00. 
INFO  11:29:11,947 HelpFormatter - Date/Time: 2016/02/11 11:29:11 
INFO  11:29:11,947 HelpFormatter - --------------------------------------------------------------------------------- 
INFO  11:29:11,947 HelpFormatter - --------------------------------------------------------------------------------- 
INFO  11:29:12,063 GenomeAnalysisEngine - Strictness is SILENT 
INFO  11:29:12,222 GenomeAnalysisEngine - Downsampling Settings: No downsampling 
INFO  11:29:12,236 SAMDataSource$SAMReaders - Initializing SAMRecords in serial 
INFO  11:29:12,327 SAMDataSource$SAMReaders - Done initializing BAM readers: total time 0.09 
WARN  11:33:10,212 RMDTrackBuilder - Unable to write to /mnt/ssdbroad/Broad_Ref_Pipeline_approved_package/homosapiensrefgenome/Homo_sapiens_assembly19.dbsnp.vcf.idx for the index file, creating index in memory only 
INFO  11:33:10,241 IntervalUtils - Processing 159138663 bp from intervals 
INFO  11:33:10,470 GenomeAnalysisEngine - Preparing for traversal over 1 BAM files 
INFO  11:33:10,944 GenomeAnalysisEngine - Done preparing for traversal 
INFO  11:33:10,945 ProgressMeter - [INITIALIZATION COMPLETE; STARTING PROCESSING] 
INFO  11:33:10,945 ProgressMeter -                 | processed |    time |    per 1M |           |   total | remaining 
INFO  11:33:10,946 ProgressMeter -        Location |     reads | elapsed |     reads | completed | runtime |   runtime 
INFO  11:33:10,982 BaseRecalibrator - The covariates being used here:  
INFO  11:33:10,982 BaseRecalibrator - 	ReadGroupCovariate 
INFO  11:33:10,983 BaseRecalibrator - 	QualityScoreCovariate 
INFO  11:33:10,983 BaseRecalibrator - 	ContextCovariate 
INFO  11:33:10,983 ContextCovariate - 		Context sizes: base substitution model 2, indel substitution model 3 
INFO  11:33:10,983 BaseRecalibrator - 	CycleCovariate 
INFO  11:33:10,986 ReadShardBalancer$1 - Loading BAM index data 
INFO  11:33:11,983 ReadShardBalancer$1 - Done loading BAM index data 
INFO  11:33:41,136 ProgressMeter -     7:108378479         0.0    30.0 s      49.9 w       68.1%    44.0 s      14.0 s 
INFO  11:33:43,182 BaseRecalibrator - Calculating quantized quality scores... 
INFO  11:33:43,231 BaseRecalibrator - Writing recalibration report... 
INFO  11:33:44,319 BaseRecalibrator - ...done! 
INFO  11:33:44,319 BaseRecalibrator - BaseRecalibrator was able to recalibrate 97906 reads 
INFO  11:33:44,320 ProgressMeter -            done     97906.0    33.0 s       5.7 m      100.0%    33.0 s       0.0 s 
INFO  11:33:44,320 ProgressMeter - Total runtime 33.38 secs, 0.56 min, 0.01 hours 
INFO  11:33:44,321 MicroScheduler - 2347 reads were filtered out during the traversal out of approximately 100253 total reads (2.34%) 
INFO  11:33:44,321 MicroScheduler -   -> 0 reads (0.00% of total) failing BadCigarFilter 
INFO  11:33:44,321 MicroScheduler -   -> 0 reads (0.00% of total) failing DuplicateReadFilter 
INFO  11:33:44,321 MicroScheduler -   -> 0 reads (0.00% of total) failing FailsVendorQualityCheckFilter 
INFO  11:33:44,321 MicroScheduler -   -> 0 reads (0.00% of total) failing MalformedReadFilter 
INFO  11:33:44,322 MicroScheduler -   -> 0 reads (0.00% of total) failing MappingQualityUnavailableFilter 
INFO  11:33:44,322 MicroScheduler -   -> 2341 reads (2.34% of total) failing MappingQualityZeroFilter 
INFO  11:33:44,322 MicroScheduler -   -> 6 reads (0.01% of total) failing NotPrimaryAlignmentFilter 
INFO  11:33:44,322 MicroScheduler -   -> 0 reads (0.00% of total) failing UnmappedReadFilter 
