INFO  18:00:55,126 HelpFormatter - --------------------------------------------------------------------------------- 
INFO  18:00:55,136 HelpFormatter - The Genome Analysis Toolkit (GATK) v3.4-46-g8ea4dca, Compiled 2015/08/13 20:41:56 
INFO  18:00:55,136 HelpFormatter - Copyright (c) 2010 The Broad Institute 
INFO  18:00:55,136 HelpFormatter - For support and documentation go to http://www.broadinstitute.org/gatk 
INFO  18:00:55,139 HelpFormatter - Program Args: -T HaplotypeCaller -I /home/opt/data/broadout/FC1-NA12878-01_S1_L001_gatk_best_practices_36t_30s_2015-11-10_16-39-49/FC1-NA12878-01_S1_L001_realign.bam -L /home/beris/Broad_Ref_Pipeline_approved_package/workflow_profiler/.queue/scatterGather/ExampleHaplotypeCaller-1-sg/temp_15_of_36/scatter.intervals -R /home/beris/Broad_Ref_Pipeline_approved_package/homosapiensrefgenome/Homo_sapiens_assembly19.fasta -variant_index_type LINEAR -variant_index_parameter 128000 -o /home/beris/Broad_Ref_Pipeline_approved_package/workflow_profiler/.queue/scatterGather/ExampleHaplotypeCaller-1-sg/temp_15_of_36/FC1-NA12878-01_S1_L001_realign.bam_HaplotypeCaller.g.vcf -ERC GVCF 
INFO  18:00:55,147 HelpFormatter - Executing as beris@dna on Linux 2.6.32-573.el6.x86_64 amd64; OpenJDK 64-Bit Server VM 1.7.0_79-mockbuild_2015_07_24_09_26-b00. 
INFO  18:00:55,148 HelpFormatter - Date/Time: 2015/11/10 18:00:55 
INFO  18:00:55,148 HelpFormatter - --------------------------------------------------------------------------------- 
INFO  18:00:55,148 HelpFormatter - --------------------------------------------------------------------------------- 
WARN  18:00:55,190 GATKVCFUtils - Naming your output file using the .g.vcf extension will automatically set the appropriate values  for --variant_index_type and --variant_index_parameter 
INFO  18:00:55,409 GenomeAnalysisEngine - Strictness is SILENT 
INFO  18:00:55,629 GenomeAnalysisEngine - Downsampling Settings: Method: BY_SAMPLE, Target Coverage: 500 
INFO  18:00:55,645 SAMDataSource$SAMReaders - Initializing SAMRecords in serial 
INFO  18:00:55,718 SAMDataSource$SAMReaders - Done initializing BAM readers: total time 0.07 
INFO  18:00:55,743 HCMappingQualityFilter - Filtering out reads with MAPQ < 20 
INFO  18:00:56,107 IntervalUtils - Processing 1017715 bp from intervals 
INFO  18:00:56,262 GenomeAnalysisEngine - Preparing for traversal over 1 BAM files 
INFO  18:00:56,640 GenomeAnalysisEngine - Done preparing for traversal 
INFO  18:00:56,641 ProgressMeter - [INITIALIZATION COMPLETE; STARTING PROCESSING] 
INFO  18:00:56,641 ProgressMeter -                 |      processed |    time |         per 1M |           |   total | remaining 
INFO  18:00:56,641 ProgressMeter -        Location | active regions | elapsed | active regions | completed | runtime |   runtime 
INFO  18:00:56,655 HaplotypeCaller - Standard Emitting and Calling confidence set to 0.0 for reference-model confidence output 
INFO  18:00:56,656 HaplotypeCaller - All sites annotated with PLs forced to true for reference-model confidence output 
INFO  18:00:56,960 HaplotypeCaller - Using global mismapping rate of 45 => -4.5 in log10 likelihood units 
Using AVX accelerated implementation of PairHMM
INFO  18:01:01,863 VectorLoglessPairHMM - libVectorLoglessPairHMM unpacked successfully from GATK jar file 
INFO  18:01:01,863 VectorLoglessPairHMM - Using vectorized implementation of PairHMM 
WARN  18:01:02,137 HaplotypeScore - Annotation will not be calculated, must be called from UnifiedGenotyper 
WARN  18:01:02,137 InbreedingCoeff - Annotation will not be calculated, must provide a valid PED file (-ped) from the command line. 
INFO  18:01:26,668 ProgressMeter -      7:95064138      3.6152897E7    30.0 s            0.0 s       11.4%     4.4 m       3.9 m 
INFO  18:01:56,669 ProgressMeter -     7:103019638      2.5622834E8    60.0 s            0.0 s       33.4%     3.0 m     119.0 s 
INFO  18:02:26,671 ProgressMeter -     7:137790001    1.173051489E9    90.0 s            0.0 s       67.9%     2.2 m      42.0 s 
INFO  18:02:56,676 ProgressMeter -     7:150775597    2.014493143E9   120.0 s            0.0 s       89.9%     2.2 m      13.0 s 
INFO  18:03:03,654 VectorLoglessPairHMM - Time spent in setup for JNI call : 0.03614785 
INFO  18:03:03,654 PairHMM - Total compute time in PairHMM computeLikelihoods() : 18.375300762000002 
INFO  18:03:03,655 HaplotypeCaller - Ran local assembly on 9633 active regions 
INFO  18:03:03,659 ProgressMeter -            done    2.483291378E9     2.1 m            0.0 s      100.0%     2.1 m       0.0 s 
INFO  18:03:03,659 ProgressMeter - Total runtime 127.02 secs, 2.12 min, 0.04 hours 
INFO  18:03:03,659 MicroScheduler - 30727 reads were filtered out during the traversal out of approximately 524428 total reads (5.86%) 
INFO  18:03:03,660 MicroScheduler -   -> 0 reads (0.00% of total) failing BadCigarFilter 
INFO  18:03:03,660 MicroScheduler -   -> 18362 reads (3.50% of total) failing DuplicateReadFilter 
INFO  18:03:03,660 MicroScheduler -   -> 0 reads (0.00% of total) failing FailsVendorQualityCheckFilter 
INFO  18:03:03,660 MicroScheduler -   -> 12331 reads (2.35% of total) failing HCMappingQualityFilter 
INFO  18:03:03,660 MicroScheduler -   -> 0 reads (0.00% of total) failing MalformedReadFilter 
INFO  18:03:03,660 MicroScheduler -   -> 0 reads (0.00% of total) failing MappingQualityUnavailableFilter 
INFO  18:03:03,661 MicroScheduler -   -> 34 reads (0.01% of total) failing NotPrimaryAlignmentFilter 
INFO  18:03:03,661 MicroScheduler -   -> 0 reads (0.00% of total) failing UnmappedReadFilter 
