INFO  20:39:39,534 HelpFormatter - --------------------------------------------------------------------------------- 
INFO  20:39:39,536 HelpFormatter - The Genome Analysis Toolkit (GATK) v3.4-46-g8ea4dca, Compiled 2015/08/13 20:41:56 
INFO  20:39:39,536 HelpFormatter - Copyright (c) 2010 The Broad Institute 
INFO  20:39:39,537 HelpFormatter - For support and documentation go to http://www.broadinstitute.org/gatk 
INFO  20:39:39,540 HelpFormatter - Program Args: -T HaplotypeCaller -I /home/opt/data/broadout/FC1-NA12878-01_S1_L001_R1_001_gatk_best_practices_36t_30s_2015-11-05_19-14-59/FC1-NA12878-01_S1_L001_R1_001_realign.bam -L /home/beris/Broad_Ref_Pipeline_approved_package/workflow_profiler/.queue/scatterGather/ExampleHaplotypeCaller-1-sg/temp_15_of_36/scatter.intervals -R /home/beris/Broad_Ref_Pipeline_approved_package/homosapiensrefgenome/Homo_sapiens_assembly19.fasta -variant_index_type LINEAR -variant_index_parameter 128000 -o /home/beris/Broad_Ref_Pipeline_approved_package/workflow_profiler/.queue/scatterGather/ExampleHaplotypeCaller-1-sg/temp_15_of_36/FC1-NA12878-01_S1_L001_R1_001_realign.bam_HaplotypeCaller.g.vcf -ERC GVCF 
INFO  20:39:39,553 HelpFormatter - Executing as beris@dna on Linux 2.6.32-573.el6.x86_64 amd64; OpenJDK 64-Bit Server VM 1.7.0_79-mockbuild_2015_07_24_09_26-b00. 
INFO  20:39:39,554 HelpFormatter - Date/Time: 2015/11/05 20:39:39 
INFO  20:39:39,554 HelpFormatter - --------------------------------------------------------------------------------- 
INFO  20:39:39,554 HelpFormatter - --------------------------------------------------------------------------------- 
WARN  20:39:39,597 GATKVCFUtils - Naming your output file using the .g.vcf extension will automatically set the appropriate values  for --variant_index_type and --variant_index_parameter 
INFO  20:39:39,778 GenomeAnalysisEngine - Strictness is SILENT 
INFO  20:39:39,948 GenomeAnalysisEngine - Downsampling Settings: Method: BY_SAMPLE, Target Coverage: 500 
INFO  20:39:39,960 SAMDataSource$SAMReaders - Initializing SAMRecords in serial 
INFO  20:39:40,014 SAMDataSource$SAMReaders - Done initializing BAM readers: total time 0.05 
INFO  20:39:40,025 HCMappingQualityFilter - Filtering out reads with MAPQ < 20 
INFO  20:39:40,281 IntervalUtils - Processing 1017715 bp from intervals 
INFO  20:39:40,388 GenomeAnalysisEngine - Preparing for traversal over 1 BAM files 
INFO  20:39:40,881 GenomeAnalysisEngine - Done preparing for traversal 
INFO  20:39:40,882 ProgressMeter - [INITIALIZATION COMPLETE; STARTING PROCESSING] 
INFO  20:39:40,883 ProgressMeter -                 |      processed |    time |         per 1M |           |   total | remaining 
INFO  20:39:40,883 ProgressMeter -        Location | active regions | elapsed | active regions | completed | runtime |   runtime 
INFO  20:39:40,889 HaplotypeCaller - Standard Emitting and Calling confidence set to 0.0 for reference-model confidence output 
INFO  20:39:40,889 HaplotypeCaller - All sites annotated with PLs forced to true for reference-model confidence output 
INFO  20:39:41,091 HaplotypeCaller - Using global mismapping rate of 45 => -4.5 in log10 likelihood units 
Using AVX accelerated implementation of PairHMM
INFO  20:39:42,739 VectorLoglessPairHMM - libVectorLoglessPairHMM unpacked successfully from GATK jar file 
INFO  20:39:42,740 VectorLoglessPairHMM - Using vectorized implementation of PairHMM 
WARN  20:39:42,958 HaplotypeScore - Annotation will not be calculated, must be called from UnifiedGenotyper 
WARN  20:39:42,959 InbreedingCoeff - Annotation will not be calculated, must provide a valid PED file (-ped) from the command line. 
INFO  20:40:10,892 ProgressMeter -      7:99703812     1.05280266E8    30.0 s            0.0 s       20.1%     2.5 m     119.0 s 
INFO  20:40:40,895 ProgressMeter -     7:112095907     4.58873697E8    60.0 s            0.0 s       43.2%     2.3 m      78.0 s 
INFO  20:41:10,900 ProgressMeter -     7:141889217    1.515749953E9    90.0 s            0.0 s       75.9%   118.0 s      28.0 s 
INFO  20:41:36,154 VectorLoglessPairHMM - Time spent in setup for JNI call : 0.031073311000000003 
INFO  20:41:36,154 PairHMM - Total compute time in PairHMM computeLikelihoods() : 12.340222713000001 
INFO  20:41:36,155 HaplotypeCaller - Ran local assembly on 9962 active regions 
INFO  20:41:36,160 ProgressMeter -            done    2.483291378E9   115.0 s            0.0 s      100.0%   115.0 s       0.0 s 
INFO  20:41:36,160 ProgressMeter - Total runtime 115.28 secs, 1.92 min, 0.03 hours 
INFO  20:41:36,160 MicroScheduler - 154307 reads were filtered out during the traversal out of approximately 524728 total reads (29.41%) 
INFO  20:41:36,161 MicroScheduler -   -> 0 reads (0.00% of total) failing BadCigarFilter 
INFO  20:41:36,161 MicroScheduler -   -> 131268 reads (25.02% of total) failing DuplicateReadFilter 
INFO  20:41:36,161 MicroScheduler -   -> 0 reads (0.00% of total) failing FailsVendorQualityCheckFilter 
INFO  20:41:36,161 MicroScheduler -   -> 22997 reads (4.38% of total) failing HCMappingQualityFilter 
INFO  20:41:36,161 MicroScheduler -   -> 0 reads (0.00% of total) failing MalformedReadFilter 
INFO  20:41:36,162 MicroScheduler -   -> 0 reads (0.00% of total) failing MappingQualityUnavailableFilter 
INFO  20:41:36,162 MicroScheduler -   -> 42 reads (0.01% of total) failing NotPrimaryAlignmentFilter 
INFO  20:41:36,162 MicroScheduler -   -> 0 reads (0.00% of total) failing UnmappedReadFilter 
