INFO  17:36:56,783 HelpFormatter - --------------------------------------------------------------------------------- 
INFO  17:36:56,799 HelpFormatter - The Genome Analysis Toolkit (GATK) v3.4-46-g8ea4dca, Compiled 2015/08/13 20:41:56 
INFO  17:36:56,799 HelpFormatter - Copyright (c) 2010 The Broad Institute 
INFO  17:36:56,800 HelpFormatter - For support and documentation go to http://www.broadinstitute.org/gatk 
INFO  17:36:56,807 HelpFormatter - Program Args: -T HaplotypeCaller -I /cluster_share/data/out/HG02769_gatk_best_practices_36t_30s_2016-11-28_15-18-37/HG02769_final.bam -L /cluster_share/data/Broad_Ref_Pipeline_approved_package/workflow_profiler/.queue/scatterGather/ExampleHaplotypeCaller-1-sg/temp_15_of_36/scatter.intervals -R /cluster_share/data/reference/b37bundle/human_g1k_v37.fasta -variant_index_type LINEAR -variant_index_parameter 128000 -o /cluster_share/data/Broad_Ref_Pipeline_approved_package/workflow_profiler/.queue/scatterGather/ExampleHaplotypeCaller-1-sg/temp_15_of_36/HG02769_HaplotypeCaller.g.vcf -ERC GVCF 
INFO  17:36:56,814 HelpFormatter - Executing as bshifaw@compute-1-1.hudson.intel.com on Linux 3.10.0-327.13.1.el7.x86_64 amd64; OpenJDK 64-Bit Server VM 1.8.0_111-b15. 
INFO  17:36:56,815 HelpFormatter - Date/Time: 2016/11/28 17:36:56 
INFO  17:36:56,816 HelpFormatter - --------------------------------------------------------------------------------- 
INFO  17:36:56,832 HelpFormatter - --------------------------------------------------------------------------------- 
WARN  17:36:56,838 GATKVCFUtils - Naming your output file using the .g.vcf extension will automatically set the appropriate values  for --variant_index_type and --variant_index_parameter 
INFO  17:36:56,957 GenomeAnalysisEngine - Strictness is SILENT 
INFO  17:36:57,118 GenomeAnalysisEngine - Downsampling Settings: Method: BY_SAMPLE, Target Coverage: 500 
INFO  17:36:57,124 SAMDataSource$SAMReaders - Initializing SAMRecords in serial 
INFO  17:36:57,271 SAMDataSource$SAMReaders - Done initializing BAM readers: total time 0.15 
INFO  17:36:57,282 HCMappingQualityFilter - Filtering out reads with MAPQ < 20 
INFO  17:36:57,375 IntervalUtils - Processing 1437965 bp from intervals 
INFO  17:36:57,501 GenomeAnalysisEngine - Preparing for traversal over 1 BAM files 
INFO  17:36:57,912 GenomeAnalysisEngine - Done preparing for traversal 
INFO  17:36:57,913 ProgressMeter - [INITIALIZATION COMPLETE; STARTING PROCESSING] 
INFO  17:36:57,913 ProgressMeter -                 |      processed |    time |         per 1M |           |   total | remaining 
INFO  17:36:57,926 ProgressMeter -        Location | active regions | elapsed | active regions | completed | runtime |   runtime 
INFO  17:36:57,941 HaplotypeCaller - Standard Emitting and Calling confidence set to 0.0 for reference-model confidence output 
INFO  17:36:57,941 HaplotypeCaller - All sites annotated with PLs forced to true for reference-model confidence output 
INFO  17:36:58,170 HaplotypeCaller - Using global mismapping rate of 45 => -4.5 in log10 likelihood units 
Using AVX accelerated implementation of PairHMM
INFO  17:37:00,073 VectorLoglessPairHMM - libVectorLoglessPairHMM unpacked successfully from GATK jar file 
INFO  17:37:00,074 VectorLoglessPairHMM - Using vectorized implementation of PairHMM 
WARN  17:37:00,512 HaplotypeScore - Annotation will not be calculated, must be called from UnifiedGenotyper 
WARN  17:37:00,512 InbreedingCoeff - Annotation will not be calculated, must provide a valid PED file (-ped) from the command line. 
INFO  17:37:27,953 ProgressMeter -      7:92132303        3035171.0    30.0 s            9.0 s        3.1%    16.2 m      15.7 m 
INFO  17:37:57,954 ProgressMeter -      7:99026730      5.4918405E7    60.0 s            1.0 s       12.4%     8.1 m       7.1 m 
INFO  17:38:27,955 ProgressMeter -     7:100780230     1.49868131E8    90.0 s            0.0 s       24.7%     6.1 m       4.6 m 
INFO  17:38:57,958 ProgressMeter -     7:116199239     5.01822981E8   120.0 s            0.0 s       40.2%     5.0 m       3.0 m 
INFO  17:39:27,960 ProgressMeter -     7:132570473     1.04794562E9     2.5 m            0.0 s       56.6%     4.4 m     115.0 s 
INFO  17:39:57,961 ProgressMeter -     7:142131362     1.63754731E9     3.0 m            0.0 s       68.9%     4.4 m      81.0 s 
INFO  17:40:27,962 ProgressMeter -     7:144095989    1.806726506E9     3.5 m            0.0 s       75.1%     4.7 m      69.0 s 
INFO  17:40:57,964 ProgressMeter -     7:151945436    2.327714938E9     4.0 m            0.0 s       88.3%     4.5 m      31.0 s 
INFO  17:41:25,089 VectorLoglessPairHMM - Time spent in setup for JNI call : 0.137936629 
INFO  17:41:25,089 PairHMM - Total compute time in PairHMM computeLikelihoods() : 48.396982018 
INFO  17:41:25,089 HaplotypeCaller - Ran local assembly on 8600 active regions 
INFO  17:41:25,100 ProgressMeter -            done    2.713795788E9     4.5 m            0.0 s      100.0%     4.5 m       0.0 s 
INFO  17:41:25,101 ProgressMeter - Total runtime 267.19 secs, 4.45 min, 0.07 hours 
INFO  17:41:25,101 MicroScheduler - 491857 reads were filtered out during the traversal out of approximately 2558446 total reads (19.22%) 
INFO  17:41:25,101 MicroScheduler -   -> 0 reads (0.00% of total) failing BadCigarFilter 
INFO  17:41:25,102 MicroScheduler -   -> 336404 reads (13.15% of total) failing DuplicateReadFilter 
INFO  17:41:25,102 MicroScheduler -   -> 0 reads (0.00% of total) failing FailsVendorQualityCheckFilter 
INFO  17:41:25,102 MicroScheduler -   -> 155175 reads (6.07% of total) failing HCMappingQualityFilter 
INFO  17:41:25,102 MicroScheduler -   -> 0 reads (0.00% of total) failing MalformedReadFilter 
INFO  17:41:25,103 MicroScheduler -   -> 0 reads (0.00% of total) failing MappingQualityUnavailableFilter 
INFO  17:41:25,103 MicroScheduler -   -> 278 reads (0.01% of total) failing NotPrimaryAlignmentFilter 
INFO  17:41:25,103 MicroScheduler -   -> 0 reads (0.00% of total) failing UnmappedReadFilter 
