INFO  16:10:24,259 HelpFormatter - --------------------------------------------------------------------------------- 
INFO  16:10:24,261 HelpFormatter - The Genome Analysis Toolkit (GATK) v3.4-46-g8ea4dca, Compiled 2015/08/13 20:41:56 
INFO  16:10:24,262 HelpFormatter - Copyright (c) 2010 The Broad Institute 
INFO  16:10:24,262 HelpFormatter - For support and documentation go to http://www.broadinstitute.org/gatk 
INFO  16:10:24,265 HelpFormatter - Program Args: -T HaplotypeCaller -I /mnt/sdb/data/broadout/sim1M_pairs_gatk_best_practices_36t_30s_2016-09-26_15-40-42/sim1M_pairs_final.bam -L /home/bshifaw/gitrepos/Reference-Design/Broad_Ref_Pip/workflow_profiler/.queue/scatterGather/ExampleHaplotypeCaller-1-sg/temp_15_of_36/scatter.intervals -R /mnt/sdb/Broad_Ref_Pipeline_approved_package/homosapiensrefgenome/Homo_sapiens_assembly19.fasta -variant_index_type LINEAR -variant_index_parameter 128000 -o /home/bshifaw/gitrepos/Reference-Design/Broad_Ref_Pip/workflow_profiler/.queue/scatterGather/ExampleHaplotypeCaller-1-sg/temp_15_of_36/sim1M_pairs_HaplotypeCaller.g.vcf -ERC GVCF 
INFO  16:10:24,275 HelpFormatter - Executing as bshifaw@application-0-1.hudson.intel.com on Linux 3.10.0-327.13.1.el7.x86_64 amd64; OpenJDK 64-Bit Server VM 1.8.0_102-b14. 
INFO  16:10:24,277 HelpFormatter - Date/Time: 2016/09/26 16:10:24 
INFO  16:10:24,277 HelpFormatter - --------------------------------------------------------------------------------- 
INFO  16:10:24,278 HelpFormatter - --------------------------------------------------------------------------------- 
WARN  16:10:24,291 GATKVCFUtils - Naming your output file using the .g.vcf extension will automatically set the appropriate values  for --variant_index_type and --variant_index_parameter 
INFO  16:10:24,446 GenomeAnalysisEngine - Strictness is SILENT 
INFO  16:10:24,598 GenomeAnalysisEngine - Downsampling Settings: Method: BY_SAMPLE, Target Coverage: 500 
INFO  16:10:24,606 SAMDataSource$SAMReaders - Initializing SAMRecords in serial 
INFO  16:10:24,658 SAMDataSource$SAMReaders - Done initializing BAM readers: total time 0.05 
INFO  16:10:24,680 HCMappingQualityFilter - Filtering out reads with MAPQ < 20 
INFO  16:10:24,693 IntervalUtils - Processing 86166015 bp from intervals 
INFO  16:10:24,849 GenomeAnalysisEngine - Preparing for traversal over 1 BAM files 
INFO  16:10:25,039 GenomeAnalysisEngine - Done preparing for traversal 
INFO  16:10:25,039 ProgressMeter - [INITIALIZATION COMPLETE; STARTING PROCESSING] 
INFO  16:10:25,043 ProgressMeter -                 |      processed |    time |         per 1M |           |   total | remaining 
INFO  16:10:25,043 ProgressMeter -        Location | active regions | elapsed | active regions | completed | runtime |   runtime 
INFO  16:10:25,044 HaplotypeCaller - Standard Emitting and Calling confidence set to 0.0 for reference-model confidence output 
INFO  16:10:25,044 HaplotypeCaller - All sites annotated with PLs forced to true for reference-model confidence output 
INFO  16:10:25,268 HaplotypeCaller - Using global mismapping rate of 45 => -4.5 in log10 likelihood units 
Using AVX accelerated implementation of PairHMM
INFO  16:10:28,669 VectorLoglessPairHMM - libVectorLoglessPairHMM unpacked successfully from GATK jar file 
INFO  16:10:28,679 VectorLoglessPairHMM - Using vectorized implementation of PairHMM 
WARN  16:10:28,816 HaplotypeScore - Annotation will not be calculated, must be called from UnifiedGenotyper 
WARN  16:10:28,830 InbreedingCoeff - Annotation will not be calculated, must provide a valid PED file (-ped) from the command line. 
INFO  16:10:55,079 ProgressMeter -     6:145341633              0.0    30.0 s           49.7 w        1.8%    27.6 m      27.1 m 
INFO  16:11:25,081 ProgressMeter -     6:150107181              0.0    60.0 s           99.3 w        7.3%    13.6 m      12.6 m 
INFO  16:11:55,082 ProgressMeter -     6:158525935              0.0    90.0 s          148.9 w       17.1%     8.8 m       7.3 m 
INFO  16:12:25,083 ProgressMeter -     6:167136280              0.0   120.0 s          198.5 w       27.1%     7.4 m       5.4 m 
INFO  16:13:05,084 ProgressMeter -       7:7900169      2.7332817E7     2.7 m            5.0 s       40.9%     6.5 m       3.9 m 
INFO  16:13:45,085 ProgressMeter -      7:19423610      2.7332817E7     3.3 m            7.0 s       54.3%     6.1 m       2.8 m 
INFO  16:14:25,086 ProgressMeter -      7:30793939      2.7332817E7     4.0 m            8.0 s       67.5%     5.9 m     115.0 s 
INFO  16:14:55,087 ProgressMeter -      7:39490198      2.7332817E7     4.5 m            9.0 s       77.6%     5.8 m      78.0 s 
INFO  16:15:25,088 ProgressMeter -      7:48462060      2.7332817E7     5.0 m           10.0 s       88.0%     5.7 m      41.0 s 
INFO  16:15:55,089 ProgressMeter -      7:58559575      2.7332817E7     5.5 m           12.0 s       99.7%     5.5 m       1.0 s 
INFO  16:15:55,591 VectorLoglessPairHMM - Time spent in setup for JNI call : 0.003070609 
INFO  16:15:55,591 PairHMM - Total compute time in PairHMM computeLikelihoods() : 0.08644668900000001 
INFO  16:15:55,591 HaplotypeCaller - Ran local assembly on 293779 active regions 
INFO  16:15:55,596 ProgressMeter -            done      8.6166015E7     5.5 m            3.0 s      100.0%     5.5 m       0.0 s 
INFO  16:15:55,597 ProgressMeter - Total runtime 330.56 secs, 5.51 min, 0.09 hours 
INFO  16:15:55,597 MicroScheduler - 725 reads were filtered out during the traversal out of approximately 54676 total reads (1.33%) 
INFO  16:15:55,597 MicroScheduler -   -> 0 reads (0.00% of total) failing BadCigarFilter 
INFO  16:15:55,598 MicroScheduler -   -> 0 reads (0.00% of total) failing DuplicateReadFilter 
INFO  16:15:55,598 MicroScheduler -   -> 0 reads (0.00% of total) failing FailsVendorQualityCheckFilter 
INFO  16:15:55,598 MicroScheduler -   -> 721 reads (1.32% of total) failing HCMappingQualityFilter 
INFO  16:15:55,598 MicroScheduler -   -> 0 reads (0.00% of total) failing MalformedReadFilter 
INFO  16:15:55,598 MicroScheduler -   -> 0 reads (0.00% of total) failing MappingQualityUnavailableFilter 
INFO  16:15:55,598 MicroScheduler -   -> 4 reads (0.01% of total) failing NotPrimaryAlignmentFilter 
INFO  16:15:55,598 MicroScheduler -   -> 0 reads (0.00% of total) failing UnmappedReadFilter 
