INFO  19:54:42,160 HelpFormatter - --------------------------------------------------------------------------------- 
INFO  19:54:42,163 HelpFormatter - The Genome Analysis Toolkit (GATK) v3.4-46-g8ea4dca, Compiled 2015/08/13 20:41:56 
INFO  19:54:42,163 HelpFormatter - Copyright (c) 2010 The Broad Institute 
INFO  19:54:42,186 HelpFormatter - For support and documentation go to http://www.broadinstitute.org/gatk 
INFO  19:54:42,191 HelpFormatter - Program Args: -T BaseRecalibrator -I /mnt/nvme0n1/data/broadout/HG02771_gatk_best_practices_8t_30s_2016-07-06_18-21-02/HG02771_realign.bam -L /mnt/nvme0n1/Broad_Ref_Pipeline_approved_package/workflow_profiler/.queue/scatterGather/ExampleBaseRecalibrator-1-sg/temp_06_of_24/scatter.intervals -R /mnt/nvme0n1/Broad_Ref_Pipeline_approved_package/b37bundle/human_g1k_v37.fasta -knownSites /mnt/nvme0n1/Broad_Ref_Pipeline_approved_package/b37bundle/dbsnp_138.b37.vcf -o /mnt/nvme0n1/Broad_Ref_Pipeline_approved_package/workflow_profiler/.queue/scatterGather/ExampleBaseRecalibrator-1-sg/temp_06_of_24/HG02771_recal.grp 
INFO  19:54:42,220 HelpFormatter - Executing as bshifaw@application-1-1.hudson.intel.com on Linux 3.10.0-327.el7.x86_64 amd64; OpenJDK 64-Bit Server VM 1.8.0_91-b14. 
INFO  19:54:42,227 HelpFormatter - Date/Time: 2016/07/06 19:54:42 
INFO  19:54:42,227 HelpFormatter - --------------------------------------------------------------------------------- 
INFO  19:54:42,228 HelpFormatter - --------------------------------------------------------------------------------- 
INFO  19:54:42,420 GenomeAnalysisEngine - Strictness is SILENT 
INFO  19:54:42,718 GenomeAnalysisEngine - Downsampling Settings: No downsampling 
INFO  19:54:42,728 SAMDataSource$SAMReaders - Initializing SAMRecords in serial 
INFO  19:54:42,965 SAMDataSource$SAMReaders - Done initializing BAM readers: total time 0.24 
INFO  19:54:43,937 IntervalUtils - Processing 2638858 bp from intervals 
INFO  19:54:44,267 GenomeAnalysisEngine - Preparing for traversal over 1 BAM files 
INFO  19:54:44,621 GenomeAnalysisEngine - Done preparing for traversal 
INFO  19:54:44,621 ProgressMeter - [INITIALIZATION COMPLETE; STARTING PROCESSING] 
INFO  19:54:44,622 ProgressMeter -                 | processed |    time |    per 1M |           |   total | remaining 
INFO  19:54:44,631 ProgressMeter -        Location |     reads | elapsed |     reads | completed | runtime |   runtime 
INFO  19:54:44,709 BaseRecalibrator - The covariates being used here:  
INFO  19:54:44,710 BaseRecalibrator - 	ReadGroupCovariate 
INFO  19:54:44,712 BaseRecalibrator - 	QualityScoreCovariate 
INFO  19:54:44,712 BaseRecalibrator - 	ContextCovariate 
INFO  19:54:44,712 ContextCovariate - 		Context sizes: base substitution model 2, indel substitution model 3 
INFO  19:54:44,713 BaseRecalibrator - 	CycleCovariate 
INFO  19:54:44,715 ReadShardBalancer$1 - Loading BAM index data 
INFO  19:54:45,023 ReadShardBalancer$1 - Done loading BAM index data 
INFO  19:55:14,785 ProgressMeter -        6:564591         0.0    30.0 s      49.9 w        0.2%     3.6 h       3.6 h 
INFO  19:55:45,537 ProgressMeter -       6:7889035    100001.0    60.0 s      10.2 m        3.6%    27.8 m      26.8 m 
INFO  19:56:15,539 ProgressMeter -      6:21231104    200002.0    90.0 s       7.6 m        8.2%    18.3 m      16.8 m 
INFO  19:56:50,033 ProgressMeter -      6:26509002    400005.0     2.1 m       5.2 m       11.6%    18.0 m      15.9 m 
INFO  19:57:20,179 ProgressMeter -      6:30595731    600017.0     2.6 m       4.3 m       16.1%    16.0 m      13.4 m 
INFO  19:57:50,180 ProgressMeter -      6:31930570    800023.0     3.1 m       3.9 m       22.0%    14.0 m      10.9 m 
INFO  19:58:20,182 ProgressMeter -      6:33638961   1100028.0     3.6 m       3.3 m       28.6%    12.5 m       8.9 m 
INFO  19:58:50,188 ProgressMeter -      6:41754042   1400033.0     4.1 m       2.9 m       37.0%    11.0 m       7.0 m 
INFO  19:59:20,192 ProgressMeter -      6:49456425   1700038.0     4.6 m       2.7 m       45.9%    10.0 m       5.4 m 
INFO  19:59:50,353 ProgressMeter -      6:80228584   2100046.0     5.1 m       2.4 m       57.2%     8.9 m       3.8 m 
INFO  20:00:20,356 ProgressMeter -     6:116263615   2600055.0     5.6 m       2.2 m       71.8%     7.8 m       2.2 m 
INFO  20:00:50,359 ProgressMeter -     6:148869596   3200067.0     6.1 m     114.0 s       87.0%     7.0 m      54.0 s 
INFO  20:01:16,007 BaseRecalibrator - Calculating quantized quality scores... 
INFO  20:01:16,039 BaseRecalibrator - Writing recalibration report... 
INFO  20:01:16,861 BaseRecalibrator - ...done! 
INFO  20:01:16,861 BaseRecalibrator - BaseRecalibrator was able to recalibrate 3698635 reads 
INFO  20:01:16,864 ProgressMeter -            done   3698635.0     6.5 m     106.0 s      100.0%     6.5 m       0.0 s 
INFO  20:01:16,864 ProgressMeter - Total runtime 392.24 secs, 6.54 min, 0.11 hours 
INFO  20:01:16,864 MicroScheduler - 889060 reads were filtered out during the traversal out of approximately 4587695 total reads (19.38%) 
INFO  20:01:16,864 MicroScheduler -   -> 0 reads (0.00% of total) failing BadCigarFilter 
INFO  20:01:16,865 MicroScheduler -   -> 582187 reads (12.69% of total) failing DuplicateReadFilter 
INFO  20:01:16,865 MicroScheduler -   -> 0 reads (0.00% of total) failing FailsVendorQualityCheckFilter 
INFO  20:01:16,865 MicroScheduler -   -> 0 reads (0.00% of total) failing MalformedReadFilter 
INFO  20:01:16,865 MicroScheduler -   -> 0 reads (0.00% of total) failing MappingQualityUnavailableFilter 
INFO  20:01:16,865 MicroScheduler -   -> 306490 reads (6.68% of total) failing MappingQualityZeroFilter 
INFO  20:01:16,866 MicroScheduler -   -> 383 reads (0.01% of total) failing NotPrimaryAlignmentFilter 
INFO  20:01:16,866 MicroScheduler -   -> 0 reads (0.00% of total) failing UnmappedReadFilter 
