INFO  17:36:56,349 HelpFormatter - --------------------------------------------------------------------------------- 
INFO  17:36:56,352 HelpFormatter - The Genome Analysis Toolkit (GATK) v3.4-46-g8ea4dca, Compiled 2015/08/13 20:41:56 
INFO  17:36:56,355 HelpFormatter - Copyright (c) 2010 The Broad Institute 
INFO  17:36:56,356 HelpFormatter - For support and documentation go to http://www.broadinstitute.org/gatk 
INFO  17:36:56,359 HelpFormatter - Program Args: -T HaplotypeCaller -I /cluster_share/data/out/HG02769_gatk_best_practices_36t_30s_2016-11-28_15-18-37/HG02769_final.bam -L /cluster_share/data/Broad_Ref_Pipeline_approved_package/workflow_profiler/.queue/scatterGather/ExampleHaplotypeCaller-1-sg/temp_20_of_36/scatter.intervals -R /cluster_share/data/reference/b37bundle/human_g1k_v37.fasta -variant_index_type LINEAR -variant_index_parameter 128000 -o /cluster_share/data/Broad_Ref_Pipeline_approved_package/workflow_profiler/.queue/scatterGather/ExampleHaplotypeCaller-1-sg/temp_20_of_36/HG02769_HaplotypeCaller.g.vcf -ERC GVCF 
INFO  17:36:56,369 HelpFormatter - Executing as bshifaw@compute-1-1.hudson.intel.com on Linux 3.10.0-327.13.1.el7.x86_64 amd64; OpenJDK 64-Bit Server VM 1.8.0_111-b15. 
INFO  17:36:56,369 HelpFormatter - Date/Time: 2016/11/28 17:36:56 
INFO  17:36:56,369 HelpFormatter - --------------------------------------------------------------------------------- 
INFO  17:36:56,370 HelpFormatter - --------------------------------------------------------------------------------- 
WARN  17:36:56,373 GATKVCFUtils - Naming your output file using the .g.vcf extension will automatically set the appropriate values  for --variant_index_type and --variant_index_parameter 
INFO  17:36:56,522 GenomeAnalysisEngine - Strictness is SILENT 
INFO  17:36:56,715 GenomeAnalysisEngine - Downsampling Settings: Method: BY_SAMPLE, Target Coverage: 500 
INFO  17:36:56,721 SAMDataSource$SAMReaders - Initializing SAMRecords in serial 
INFO  17:36:56,808 SAMDataSource$SAMReaders - Done initializing BAM readers: total time 0.09 
INFO  17:36:56,841 HCMappingQualityFilter - Filtering out reads with MAPQ < 20 
INFO  17:36:57,026 IntervalUtils - Processing 1437965 bp from intervals 
INFO  17:36:57,160 GenomeAnalysisEngine - Preparing for traversal over 1 BAM files 
INFO  17:36:57,423 GenomeAnalysisEngine - Done preparing for traversal 
INFO  17:36:57,423 ProgressMeter - [INITIALIZATION COMPLETE; STARTING PROCESSING] 
INFO  17:36:57,424 ProgressMeter -                 |      processed |    time |         per 1M |           |   total | remaining 
INFO  17:36:57,424 ProgressMeter -        Location | active regions | elapsed | active regions | completed | runtime |   runtime 
INFO  17:36:57,445 HaplotypeCaller - Standard Emitting and Calling confidence set to 0.0 for reference-model confidence output 
INFO  17:36:57,448 HaplotypeCaller - All sites annotated with PLs forced to true for reference-model confidence output 
INFO  17:36:57,743 HaplotypeCaller - Using global mismapping rate of 45 => -4.5 in log10 likelihood units 
Using AVX accelerated implementation of PairHMM
INFO  17:37:00,954 VectorLoglessPairHMM - libVectorLoglessPairHMM unpacked successfully from GATK jar file 
INFO  17:37:00,954 VectorLoglessPairHMM - Using vectorized implementation of PairHMM 
WARN  17:37:01,226 HaplotypeScore - Annotation will not be calculated, must be called from UnifiedGenotyper 
WARN  17:37:01,235 InbreedingCoeff - Annotation will not be calculated, must provide a valid PED file (-ped) from the command line. 
INFO  17:37:27,448 ProgressMeter -    10:131639299         441383.0    30.0 s           68.0 s        1.4%    34.6 m      34.1 m 
INFO  17:37:57,464 ProgressMeter -       11:298449       1.756532E7    60.0 s            3.0 s        8.5%    11.8 m      10.8 m 
INFO  17:38:27,465 ProgressMeter -      11:1275874      3.8324574E7    90.0 s            2.0 s       17.7%     8.5 m       7.0 m 
INFO  17:38:57,466 ProgressMeter -      11:5653585     1.19904785E8   120.0 s            1.0 s       28.4%     7.1 m       5.1 m 
INFO  17:39:27,467 ProgressMeter -      11:9192165     2.35571909E8     2.5 m            0.0 s       38.5%     6.5 m       4.0 m 
INFO  17:39:57,468 ProgressMeter -     11:20178531     6.63293692E8     3.0 m            0.0 s       53.9%     5.6 m       2.6 m 
INFO  17:40:27,469 ProgressMeter -     11:45931805    1.251403624E9     3.5 m            0.0 s       69.1%     5.1 m      93.0 s 
INFO  17:40:57,471 ProgressMeter -     11:57100972    1.731454712E9     4.0 m            0.0 s       83.8%     4.8 m      46.0 s 
INFO  17:41:26,147 VectorLoglessPairHMM - Time spent in setup for JNI call : 0.18115502500000003 
INFO  17:41:26,147 PairHMM - Total compute time in PairHMM computeLikelihoods() : 33.969485061 
INFO  17:41:26,147 HaplotypeCaller - Ran local assembly on 8656 active regions 
INFO  17:41:26,159 ProgressMeter -            done    2.489396224E9     4.5 m            0.0 s      100.0%     4.5 m       0.0 s 
INFO  17:41:26,159 ProgressMeter - Total runtime 268.74 secs, 4.48 min, 0.07 hours 
INFO  17:41:26,159 MicroScheduler - 485559 reads were filtered out during the traversal out of approximately 2675000 total reads (18.15%) 
INFO  17:41:26,160 MicroScheduler -   -> 0 reads (0.00% of total) failing BadCigarFilter 
INFO  17:41:26,160 MicroScheduler -   -> 364221 reads (13.62% of total) failing DuplicateReadFilter 
INFO  17:41:26,160 MicroScheduler -   -> 0 reads (0.00% of total) failing FailsVendorQualityCheckFilter 
INFO  17:41:26,160 MicroScheduler -   -> 121068 reads (4.53% of total) failing HCMappingQualityFilter 
INFO  17:41:26,161 MicroScheduler -   -> 0 reads (0.00% of total) failing MalformedReadFilter 
INFO  17:41:26,161 MicroScheduler -   -> 0 reads (0.00% of total) failing MappingQualityUnavailableFilter 
INFO  17:41:26,161 MicroScheduler -   -> 270 reads (0.01% of total) failing NotPrimaryAlignmentFilter 
INFO  17:41:26,161 MicroScheduler -   -> 0 reads (0.00% of total) failing UnmappedReadFilter 
