INFO  11:41:26,898 HelpFormatter - --------------------------------------------------------------------------------- 
INFO  11:41:26,900 HelpFormatter - The Genome Analysis Toolkit (GATK) v3.4-46-g8ea4dca, Compiled 2015/08/13 20:41:56 
INFO  11:41:26,901 HelpFormatter - Copyright (c) 2010 The Broad Institute 
INFO  11:41:26,901 HelpFormatter - For support and documentation go to http://www.broadinstitute.org/gatk 
INFO  11:41:26,906 HelpFormatter - Program Args: -T HaplotypeCaller -I /mnt/ssdbroad/output/sim1M_pairs_gatk_best_practices_36t_30s_2016-02-11_11-03-56/sim1M_pairs_final.bam -L /mnt/ssdbroad/Broad_Ref_Pipeline_approved_package/workflow_profiler/.queue/scatterGather/ExampleHaplotypeCaller-1-sg/temp_20_of_36/scatter.intervals -R /mnt/ssdbroad/Broad_Ref_Pipeline_approved_package/homosapiensrefgenome/Homo_sapiens_assembly19.fasta -variant_index_type LINEAR -variant_index_parameter 128000 -o /mnt/ssdbroad/Broad_Ref_Pipeline_approved_package/workflow_profiler/.queue/scatterGather/ExampleHaplotypeCaller-1-sg/temp_20_of_36/sim1M_pairs_HaplotypeCaller.g.vcf -ERC GVCF 
INFO  11:41:26,912 HelpFormatter - Executing as beris@dna on Linux 2.6.32-573.el6.x86_64 amd64; OpenJDK 64-Bit Server VM 1.7.0_79-mockbuild_2015_07_24_09_26-b00. 
INFO  11:41:26,912 HelpFormatter - Date/Time: 2016/02/11 11:41:26 
INFO  11:41:26,913 HelpFormatter - --------------------------------------------------------------------------------- 
INFO  11:41:26,919 HelpFormatter - --------------------------------------------------------------------------------- 
WARN  11:41:26,961 GATKVCFUtils - Naming your output file using the .g.vcf extension will automatically set the appropriate values  for --variant_index_type and --variant_index_parameter 
INFO  11:41:27,077 GenomeAnalysisEngine - Strictness is SILENT 
INFO  11:41:27,241 GenomeAnalysisEngine - Downsampling Settings: Method: BY_SAMPLE, Target Coverage: 500 
INFO  11:41:27,248 SAMDataSource$SAMReaders - Initializing SAMRecords in serial 
INFO  11:41:27,296 SAMDataSource$SAMReaders - Done initializing BAM readers: total time 0.05 
INFO  11:41:27,302 HCMappingQualityFilter - Filtering out reads with MAPQ < 20 
INFO  11:41:27,327 IntervalUtils - Processing 86166015 bp from intervals 
INFO  11:41:27,437 GenomeAnalysisEngine - Preparing for traversal over 1 BAM files 
INFO  11:41:27,756 GenomeAnalysisEngine - Done preparing for traversal 
INFO  11:41:27,756 ProgressMeter - [INITIALIZATION COMPLETE; STARTING PROCESSING] 
INFO  11:41:27,756 ProgressMeter -                 |      processed |    time |         per 1M |           |   total | remaining 
INFO  11:41:27,757 ProgressMeter -        Location | active regions | elapsed | active regions | completed | runtime |   runtime 
INFO  11:41:27,757 HaplotypeCaller - Standard Emitting and Calling confidence set to 0.0 for reference-model confidence output 
INFO  11:41:27,757 HaplotypeCaller - All sites annotated with PLs forced to true for reference-model confidence output 
INFO  11:41:27,923 HaplotypeCaller - Using global mismapping rate of 45 => -4.5 in log10 likelihood units 
Using AVX accelerated implementation of PairHMM
INFO  11:41:35,630 VectorLoglessPairHMM - libVectorLoglessPairHMM unpacked successfully from GATK jar file 
INFO  11:41:35,630 VectorLoglessPairHMM - Using vectorized implementation of PairHMM 
WARN  11:41:35,738 HaplotypeScore - Annotation will not be calculated, must be called from UnifiedGenotyper 
WARN  11:41:35,739 InbreedingCoeff - Annotation will not be calculated, must provide a valid PED file (-ped) from the command line. 
INFO  11:41:57,766 ProgressMeter -     9:102757178              0.0    30.0 s           49.6 w        5.5%     9.0 m       8.5 m 
INFO  11:42:27,767 ProgressMeter -     9:110836061              0.0    60.0 s           99.2 w       14.9%     6.7 m       5.7 m 
INFO  11:42:57,768 ProgressMeter -     9:119045475              0.0    90.0 s          148.8 w       24.4%     6.1 m       4.6 m 
INFO  11:43:27,770 ProgressMeter -     9:127543651              0.0   120.0 s          198.4 w       34.3%     5.8 m       3.8 m 
INFO  11:43:57,771 ProgressMeter -     9:135619893              0.0     2.5 m          248.0 w       43.7%     5.7 m       3.2 m 
INFO  11:44:27,772 ProgressMeter -      10:2064143      4.3218858E7     3.0 m            4.0 s       52.6%     5.7 m       2.7 m 
INFO  11:44:57,773 ProgressMeter -     10:10007185      4.3218858E7     3.5 m            4.0 s       61.8%     5.7 m       2.2 m 
INFO  11:45:27,774 ProgressMeter -     10:18032510      4.3218858E7     4.0 m            5.0 s       71.1%     5.6 m      97.0 s 
INFO  11:45:57,776 ProgressMeter -     10:25932869      4.3218858E7     4.5 m            6.0 s       80.3%     5.6 m      66.0 s 
INFO  11:46:27,780 ProgressMeter -     10:34147431      4.3218858E7     5.0 m            6.0 s       89.8%     5.6 m      34.0 s 
INFO  11:46:53,431 VectorLoglessPairHMM - Time spent in setup for JNI call : 0.004168308 
INFO  11:46:53,431 PairHMM - Total compute time in PairHMM computeLikelihoods() : 0.071638493 
INFO  11:46:53,431 HaplotypeCaller - Ran local assembly on 293541 active regions 
INFO  11:46:53,437 ProgressMeter -            done      8.6166015E7     5.4 m            3.0 s      100.0%     5.4 m       0.0 s 
INFO  11:46:53,437 ProgressMeter - Total runtime 325.68 secs, 5.43 min, 0.09 hours 
INFO  11:46:53,437 MicroScheduler - 681 reads were filtered out during the traversal out of approximately 53426 total reads (1.27%) 
INFO  11:46:53,438 MicroScheduler -   -> 0 reads (0.00% of total) failing BadCigarFilter 
INFO  11:46:53,438 MicroScheduler -   -> 0 reads (0.00% of total) failing DuplicateReadFilter 
INFO  11:46:53,438 MicroScheduler -   -> 0 reads (0.00% of total) failing FailsVendorQualityCheckFilter 
INFO  11:46:53,438 MicroScheduler -   -> 675 reads (1.26% of total) failing HCMappingQualityFilter 
INFO  11:46:53,438 MicroScheduler -   -> 0 reads (0.00% of total) failing MalformedReadFilter 
INFO  11:46:53,439 MicroScheduler -   -> 0 reads (0.00% of total) failing MappingQualityUnavailableFilter 
INFO  11:46:53,439 MicroScheduler -   -> 6 reads (0.01% of total) failing NotPrimaryAlignmentFilter 
INFO  11:46:53,439 MicroScheduler -   -> 0 reads (0.00% of total) failing UnmappedReadFilter 
