INFO  20:07:53,300 HelpFormatter - --------------------------------------------------------------------------------- 
INFO  20:07:53,306 HelpFormatter - The Genome Analysis Toolkit (GATK) v3.4-46-g8ea4dca, Compiled 2015/08/13 20:41:56 
INFO  20:07:53,307 HelpFormatter - Copyright (c) 2010 The Broad Institute 
INFO  20:07:53,307 HelpFormatter - For support and documentation go to http://www.broadinstitute.org/gatk 
INFO  20:07:53,311 HelpFormatter - Program Args: -T PrintReads -I /mnt/nvme0n1/data/broadout/HG02771_gatk_best_practices_8t_30s_2016-07-06_18-21-02/HG02771_realign.bam -L /mnt/nvme0n1/Broad_Ref_Pipeline_approved_package/workflow_profiler/.queue/scatterGather/ExamplePrintReads-1-sg/temp_12_of_36/scatter.intervals -R /mnt/nvme0n1/Broad_Ref_Pipeline_approved_package/b37bundle/human_g1k_v37.fasta -BQSR /mnt/nvme0n1/data/broadout/HG02771_gatk_best_practices_8t_30s_2016-07-06_18-21-02/HG02771_recal.grp -o /mnt/nvme0n1/Broad_Ref_Pipeline_approved_package/workflow_profiler/.queue/scatterGather/ExamplePrintReads-1-sg/temp_12_of_36/HG02771_final.bam 
INFO  20:07:53,327 HelpFormatter - Executing as bshifaw@application-1-1.hudson.intel.com on Linux 3.10.0-327.el7.x86_64 amd64; OpenJDK 64-Bit Server VM 1.8.0_91-b14. 
INFO  20:07:53,327 HelpFormatter - Date/Time: 2016/07/06 20:07:53 
INFO  20:07:53,328 HelpFormatter - --------------------------------------------------------------------------------- 
INFO  20:07:53,328 HelpFormatter - --------------------------------------------------------------------------------- 
INFO  20:07:54,031 GenomeAnalysisEngine - Strictness is SILENT 
INFO  20:07:57,359 ContextCovariate - 		Context sizes: base substitution model 2, indel substitution model 3 
INFO  20:07:57,499 GenomeAnalysisEngine - Downsampling Settings: No downsampling 
INFO  20:07:57,531 SAMDataSource$SAMReaders - Initializing SAMRecords in serial 
INFO  20:07:58,617 SAMDataSource$SAMReaders - Done initializing BAM readers: total time 1.09 
INFO  20:07:58,701 IntervalUtils - Processing 133851895 bp from intervals 
INFO  20:07:59,054 GenomeAnalysisEngine - Preparing for traversal over 1 BAM files 
INFO  20:08:00,217 GenomeAnalysisEngine - Done preparing for traversal 
INFO  20:08:00,217 ProgressMeter - [INITIALIZATION COMPLETE; STARTING PROCESSING] 
INFO  20:08:00,218 ProgressMeter -                 | processed |    time |    per 1M |           |   total | remaining 
INFO  20:08:00,218 ProgressMeter -        Location |     reads | elapsed |     reads | completed | runtime |   runtime 
INFO  20:08:00,277 ReadShardBalancer$1 - Loading BAM index data 
INFO  20:08:01,676 ReadShardBalancer$1 - Done loading BAM index data 
INFO  20:08:32,257 ProgressMeter -        12:73379         0.0    32.0 s      53.0 w        0.1%    16.2 h      16.2 h 
INFO  20:09:34,122 ProgressMeter -      12:2968437    100004.0    93.0 s      15.7 m        2.2%    69.9 m      68.3 m 
INFO  20:10:04,174 ProgressMeter -      12:6440010    200005.0     2.1 m      10.3 m        4.8%    42.6 m      40.6 m 
INFO  20:10:37,492 ProgressMeter -      12:6971706    400009.0     2.6 m       6.6 m        5.2%    50.2 m      47.6 m 
INFO  20:11:07,494 ProgressMeter -      12:8389662    500010.0     3.1 m       6.2 m        6.3%    49.7 m      46.6 m 
INFO  20:11:37,495 ProgressMeter -     12:10766033    700013.0     3.6 m       5.2 m        8.0%    45.0 m      41.3 m 
INFO  20:12:07,548 ProgressMeter -     12:14664227    900022.0     4.1 m       4.6 m       11.0%    37.6 m      33.5 m 
INFO  20:12:37,549 ProgressMeter -     12:21970258   1000023.0     4.6 m       4.6 m       16.4%    28.1 m      23.5 m 
INFO  20:13:08,821 ProgressMeter -     12:29329830   1200034.0     5.1 m       4.3 m       21.9%    23.4 m      18.3 m 
INFO  20:13:38,933 ProgressMeter -     12:40037834   1400052.0     5.6 m       4.0 m       29.9%    18.8 m      13.2 m 
INFO  20:14:08,934 ProgressMeter -     12:47629220   1600054.0     6.1 m       3.8 m       35.6%    17.2 m      11.1 m 
INFO  20:14:38,935 ProgressMeter -     12:49724816   1800056.0     6.6 m       3.7 m       37.1%    17.9 m      11.2 m 
INFO  20:15:08,936 ProgressMeter -     12:51890943   2000059.0     7.1 m       3.6 m       38.8%    18.4 m      11.3 m 
INFO  20:15:39,211 ProgressMeter -     12:53494604   2200071.0     7.6 m       3.5 m       40.0%    19.1 m      11.5 m 
INFO  20:16:09,285 ProgressMeter -     12:55725616   2500078.0     8.2 m       3.3 m       41.6%    19.6 m      11.4 m 
INFO  20:16:39,286 ProgressMeter -     12:56744158   2700082.0     8.7 m       3.2 m       42.4%    20.4 m      11.8 m 
INFO  20:17:09,288 ProgressMeter -     12:58017731   2900086.0     9.2 m       3.2 m       43.3%    21.1 m      12.0 m 
INFO  20:17:49,289 ProgressMeter -     12:70953335   3300103.0     9.8 m       3.0 m       53.0%    18.5 m       8.7 m 
INFO  20:18:19,436 ProgressMeter -     12:89918991   3500111.0    10.3 m       2.9 m       67.2%    15.4 m       5.0 m 
INFO  20:18:49,439 ProgressMeter -    12:101560416   3800118.0    10.8 m       2.8 m       75.9%    14.3 m       3.4 m 
INFO  20:19:19,454 ProgressMeter -    12:109281311   4100127.0    11.3 m       2.8 m       81.6%    13.9 m       2.5 m 
INFO  20:19:59,520 ProgressMeter -    12:120510305   4700142.0    12.0 m       2.6 m       90.0%    13.3 m      79.0 s 
INFO  20:20:29,521 ProgressMeter -    12:131909371   5200161.0    12.5 m       2.4 m       98.5%    12.7 m      11.0 s 
INFO  20:20:36,266 Walker - [REDUCE RESULT] Traversal result is: org.broadinstitute.gatk.engine.io.stubs.SAMFileWriterStub@5b58129f 
INFO  20:20:36,391 ProgressMeter -            done   5361785.0    12.6 m       2.4 m      100.0%    12.6 m       0.0 s 
INFO  20:20:36,391 ProgressMeter - Total runtime 756.17 secs, 12.60 min, 0.21 hours 
INFO  20:20:36,391 MicroScheduler - 0 reads were filtered out during the traversal out of approximately 5361785 total reads (0.00%) 
INFO  20:20:36,392 MicroScheduler -   -> 0 reads (0.00% of total) failing BadCigarFilter 
INFO  20:20:36,392 MicroScheduler -   -> 0 reads (0.00% of total) failing MalformedReadFilter 
