INFO  18:27:24,998 HelpFormatter - --------------------------------------------------------------------------------- 
INFO  18:27:25,037 HelpFormatter - The Genome Analysis Toolkit (GATK) v3.4-46-g8ea4dca, Compiled 2015/08/13 20:41:56 
INFO  18:27:25,037 HelpFormatter - Copyright (c) 2010 The Broad Institute 
INFO  18:27:25,037 HelpFormatter - For support and documentation go to http://www.broadinstitute.org/gatk 
INFO  18:27:25,040 HelpFormatter - Program Args: -T PrintReads -I /mnt/sdb/data/broadout/HG02769_gatk_best_practices_8t_30s_2016-07-25_16-38-44/HG02769_realign.bam -L /mnt/sdb/Broad_Ref_Pipeline_approved_package/workflow_profiler/.queue/scatterGather/ExamplePrintReads-1-sg/temp_12_of_36/scatter.intervals -R /mnt/sdb/Broad_Ref_Pipeline_approved_package/b37bundle/human_g1k_v37.fasta -BQSR /mnt/sdb/data/broadout/HG02769_gatk_best_practices_8t_30s_2016-07-25_16-38-44/HG02769_recal.grp -o /mnt/sdb/Broad_Ref_Pipeline_approved_package/workflow_profiler/.queue/scatterGather/ExamplePrintReads-1-sg/temp_12_of_36/HG02769_final.bam 
INFO  18:27:25,078 HelpFormatter - Executing as bshifaw@application-0-1.hudson.intel.com on Linux 3.10.0-327.el7.x86_64 amd64; OpenJDK 64-Bit Server VM 1.8.0_101-b13. 
INFO  18:27:25,079 HelpFormatter - Date/Time: 2016/07/25 18:27:24 
INFO  18:27:25,080 HelpFormatter - --------------------------------------------------------------------------------- 
INFO  18:27:25,081 HelpFormatter - --------------------------------------------------------------------------------- 
INFO  18:27:25,754 GenomeAnalysisEngine - Strictness is SILENT 
INFO  18:27:28,252 ContextCovariate - 		Context sizes: base substitution model 2, indel substitution model 3 
INFO  18:27:28,434 GenomeAnalysisEngine - Downsampling Settings: No downsampling 
INFO  18:27:28,481 SAMDataSource$SAMReaders - Initializing SAMRecords in serial 
INFO  18:27:28,616 SAMDataSource$SAMReaders - Done initializing BAM readers: total time 0.13 
INFO  18:27:28,716 IntervalUtils - Processing 133851895 bp from intervals 
INFO  18:27:29,260 GenomeAnalysisEngine - Preparing for traversal over 1 BAM files 
INFO  18:27:30,350 GenomeAnalysisEngine - Done preparing for traversal 
INFO  18:27:30,351 ProgressMeter - [INITIALIZATION COMPLETE; STARTING PROCESSING] 
INFO  18:27:30,351 ProgressMeter -                 | processed |    time |    per 1M |           |   total | remaining 
INFO  18:27:30,351 ProgressMeter -        Location |     reads | elapsed |     reads | completed | runtime |   runtime 
INFO  18:27:30,406 ReadShardBalancer$1 - Loading BAM index data 
INFO  18:27:31,281 ReadShardBalancer$1 - Done loading BAM index data 
INFO  18:28:04,590 ProgressMeter -        12:90645         0.0    34.0 s      56.6 w        0.1%    13.9 h      13.9 h 
INFO  18:29:06,500 ProgressMeter -      12:6421458    200002.0    96.0 s       8.0 m        4.8%    33.4 m      31.8 m 
INFO  18:29:36,501 ProgressMeter -      12:6971679    400015.0     2.1 m       5.3 m        5.2%    40.3 m      38.2 m 
INFO  18:30:06,503 ProgressMeter -      12:9231853    600019.0     2.6 m       4.3 m        6.9%    37.7 m      35.1 m 
INFO  18:30:36,541 ProgressMeter -     12:12940456    800031.0     3.1 m       3.9 m        9.7%    32.1 m      29.0 m 
INFO  18:31:06,542 ProgressMeter -     12:23716422   1100039.0     3.6 m       3.3 m       17.7%    20.3 m      16.7 m 
INFO  18:31:36,609 ProgressMeter -     12:32135115   1300044.0     4.1 m       3.2 m       24.0%    17.1 m      13.0 m 
INFO  18:32:06,610 ProgressMeter -     12:46765072   1500046.0     4.6 m       3.1 m       34.9%    13.2 m       8.6 m 
INFO  18:32:36,697 ProgressMeter -     12:50037133   1800055.0     5.1 m       2.8 m       37.4%    13.6 m       8.5 m 
INFO  18:33:06,766 ProgressMeter -     12:52774864   2000060.0     5.6 m       2.8 m       39.4%    14.2 m       8.6 m 
INFO  18:33:37,029 ProgressMeter -     12:54677674   2400065.0     6.1 m       2.5 m       40.8%    14.9 m       8.8 m 
INFO  18:34:08,065 ProgressMeter -     12:56742347   2700073.0     6.6 m       2.5 m       42.4%    15.6 m       9.0 m 
INFO  18:34:38,066 ProgressMeter -     12:58177088   3000081.0     7.1 m       2.4 m       43.5%    16.4 m       9.3 m 
INFO  18:35:18,067 ProgressMeter -     12:81839491   3400091.0     7.8 m       2.3 m       61.1%    12.7 m       4.9 m 
INFO  18:35:48,933 ProgressMeter -    12:101773350   3800100.0     8.3 m       2.2 m       76.0%    10.9 m       2.6 m 
INFO  18:36:18,987 ProgressMeter -    12:111954013   4300112.0     8.8 m       2.0 m       83.6%    10.5 m     103.0 s 
INFO  18:36:48,988 ProgressMeter -    12:122745952   4800134.0     9.3 m     116.0 s       91.7%    10.1 m      50.0 s 
INFO  18:37:13,180 Walker - [REDUCE RESULT] Traversal result is: org.broadinstitute.gatk.engine.io.stubs.SAMFileWriterStub@2a6e54c2 
INFO  18:37:13,312 ProgressMeter -            done   5329915.0     9.7 m     109.0 s      100.0%     9.7 m       0.0 s 
INFO  18:37:13,313 ProgressMeter - Total runtime 582.96 secs, 9.72 min, 0.16 hours 
INFO  18:37:13,313 MicroScheduler - 0 reads were filtered out during the traversal out of approximately 5329915 total reads (0.00%) 
INFO  18:37:13,313 MicroScheduler -   -> 0 reads (0.00% of total) failing BadCigarFilter 
INFO  18:37:13,313 MicroScheduler -   -> 0 reads (0.00% of total) failing MalformedReadFilter 
