INFO  20:06:28,599 HelpFormatter - --------------------------------------------------------------------------------- 
INFO  20:06:28,681 HelpFormatter - The Genome Analysis Toolkit (GATK) v3.4-46-g8ea4dca, Compiled 2015/08/13 20:41:56 
INFO  20:06:28,684 HelpFormatter - Copyright (c) 2010 The Broad Institute 
INFO  20:06:28,686 HelpFormatter - For support and documentation go to http://www.broadinstitute.org/gatk 
INFO  20:06:28,690 HelpFormatter - Program Args: -T PrintReads -I /mnt/nvme0n1/data/broadout/HG02561_gatk_best_practices_8t_30s_2016-07-06_18-21-00/HG02561_realign.bam -L /mnt/nvme0n1/Broad_Ref_Pipeline_approved_package/workflow_profiler/.queue/scatterGather/ExamplePrintReads-1-sg/temp_12_of_36/scatter.intervals -R /mnt/nvme0n1/Broad_Ref_Pipeline_approved_package/b37bundle/human_g1k_v37.fasta -BQSR /mnt/nvme0n1/data/broadout/HG02561_gatk_best_practices_8t_30s_2016-07-06_18-21-00/HG02561_recal.grp -o /mnt/nvme0n1/Broad_Ref_Pipeline_approved_package/workflow_profiler/.queue/scatterGather/ExamplePrintReads-1-sg/temp_12_of_36/HG02561_final.bam 
INFO  20:06:28,771 HelpFormatter - Executing as bshifaw@application-1-1.hudson.intel.com on Linux 3.10.0-327.el7.x86_64 amd64; OpenJDK 64-Bit Server VM 1.8.0_91-b14. 
INFO  20:06:28,772 HelpFormatter - Date/Time: 2016/07/06 20:06:28 
INFO  20:06:28,772 HelpFormatter - --------------------------------------------------------------------------------- 
INFO  20:06:28,773 HelpFormatter - --------------------------------------------------------------------------------- 
INFO  20:06:29,294 GenomeAnalysisEngine - Strictness is SILENT 
INFO  20:06:32,503 ContextCovariate - 		Context sizes: base substitution model 2, indel substitution model 3 
INFO  20:06:32,926 GenomeAnalysisEngine - Downsampling Settings: No downsampling 
INFO  20:06:33,024 SAMDataSource$SAMReaders - Initializing SAMRecords in serial 
INFO  20:06:33,263 SAMDataSource$SAMReaders - Done initializing BAM readers: total time 0.24 
INFO  20:06:33,344 IntervalUtils - Processing 133851895 bp from intervals 
INFO  20:06:33,828 GenomeAnalysisEngine - Preparing for traversal over 1 BAM files 
INFO  20:06:34,986 GenomeAnalysisEngine - Done preparing for traversal 
INFO  20:06:34,987 ProgressMeter - [INITIALIZATION COMPLETE; STARTING PROCESSING] 
INFO  20:06:34,987 ProgressMeter -                 | processed |    time |    per 1M |           |   total | remaining 
INFO  20:06:34,991 ProgressMeter -        Location |     reads | elapsed |     reads | completed | runtime |   runtime 
INFO  20:06:35,085 ReadShardBalancer$1 - Loading BAM index data 
INFO  20:06:36,716 ReadShardBalancer$1 - Done loading BAM index data 
INFO  20:07:05,251 ProgressMeter -       12:654163         0.0    30.0 s      50.0 w        0.5%   102.3 m     101.8 m 
INFO  20:07:35,303 ProgressMeter -      12:4639103    200002.0    60.0 s       5.0 m        3.5%    28.9 m      27.9 m 
INFO  20:08:05,339 ProgressMeter -      12:6626264    300003.0    90.0 s       5.0 m        5.0%    30.3 m      28.8 m 
INFO  20:08:35,551 ProgressMeter -      12:6939961    400011.0   120.0 s       5.0 m        5.2%    38.6 m      36.6 m 
INFO  20:09:06,472 ProgressMeter -      12:7592417    500013.0     2.5 m       5.0 m        5.7%    44.4 m      41.9 m 
INFO  20:09:36,473 ProgressMeter -      12:9455268    600031.0     3.0 m       5.0 m        7.1%    42.7 m      39.7 m 
INFO  20:10:07,201 ProgressMeter -     12:11666638    800034.0     3.5 m       4.4 m        8.7%    40.5 m      37.0 m 
INFO  20:10:37,202 ProgressMeter -     12:18716514   1000039.0     4.0 m       4.0 m       14.0%    28.8 m      24.8 m 
INFO  20:11:08,936 ProgressMeter -     12:26752083   1200042.0     4.6 m       3.8 m       20.0%    22.8 m      18.2 m 
INFO  20:11:38,937 ProgressMeter -     12:32873761   1400044.0     5.1 m       3.6 m       24.6%    20.6 m      15.5 m 
INFO  20:12:08,938 ProgressMeter -     12:45568030   1500045.0     5.6 m       3.7 m       34.0%    16.3 m      10.8 m 
INFO  20:12:38,939 ProgressMeter -     12:49391737   1700054.0     6.1 m       3.6 m       36.9%    16.4 m      10.3 m 
INFO  20:13:09,130 ProgressMeter -     12:50059985   1900062.0     6.6 m       3.5 m       37.4%    17.6 m      11.0 m 
INFO  20:13:39,131 ProgressMeter -     12:52712981   2100067.0     7.1 m       3.4 m       39.4%    17.9 m      10.9 m 
INFO  20:14:09,134 ProgressMeter -     12:53647122   2300076.0     7.6 m       3.3 m       40.1%    18.9 m      11.3 m 
INFO  20:14:40,753 ProgressMeter -     12:55886210   2500083.0     8.1 m       3.2 m       41.8%    19.4 m      11.3 m 
INFO  20:15:10,754 ProgressMeter -     12:56818886   2800086.0     8.6 m       3.1 m       42.4%    20.2 m      11.6 m 
INFO  20:15:40,755 ProgressMeter -     12:57910825   3000092.0     9.1 m       3.0 m       43.3%    21.0 m      11.9 m 
INFO  20:16:10,755 ProgressMeter -     12:66628374   3200097.0     9.6 m       3.0 m       49.8%    19.3 m       9.7 m 
INFO  20:16:40,756 ProgressMeter -     12:76740820   3500105.0    10.1 m       2.9 m       57.3%    17.6 m       7.5 m 
INFO  20:17:10,765 ProgressMeter -     12:95443082   3700112.0    10.6 m       2.9 m       71.3%    14.8 m       4.3 m 
INFO  20:17:42,239 ProgressMeter -    12:102160045   4000123.0    11.1 m       2.8 m       76.3%    14.6 m       3.4 m 
INFO  20:18:12,343 ProgressMeter -    12:109495914   4300149.0    11.6 m       2.7 m       81.8%    14.2 m       2.6 m 
INFO  20:18:42,344 ProgressMeter -    12:113515269   4600160.0    12.1 m       2.6 m       84.8%    14.3 m       2.2 m 
INFO  20:19:22,374 ProgressMeter -    12:123214021   5000166.0    12.8 m       2.6 m       92.1%    13.9 m      66.0 s 
INFO  20:19:50,683 Walker - [REDUCE RESULT] Traversal result is: org.broadinstitute.gatk.engine.io.stubs.SAMFileWriterStub@5b58129f 
INFO  20:19:50,770 ProgressMeter -            done   5488080.0    13.3 m       2.4 m      100.0%    13.3 m       0.0 s 
INFO  20:19:50,771 ProgressMeter - Total runtime 795.78 secs, 13.26 min, 0.22 hours 
INFO  20:19:50,771 MicroScheduler - 0 reads were filtered out during the traversal out of approximately 5488080 total reads (0.00%) 
INFO  20:19:50,771 MicroScheduler -   -> 0 reads (0.00% of total) failing BadCigarFilter 
INFO  20:19:50,771 MicroScheduler -   -> 0 reads (0.00% of total) failing MalformedReadFilter 
