INFO  09:26:31,715 HelpFormatter - --------------------------------------------------------------------------------- 
INFO  09:26:31,717 HelpFormatter - The Genome Analysis Toolkit (GATK) v3.4-46-g8ea4dca, Compiled 2015/08/13 20:41:56 
INFO  09:26:31,718 HelpFormatter - Copyright (c) 2010 The Broad Institute 
INFO  09:26:31,718 HelpFormatter - For support and documentation go to http://www.broadinstitute.org/gatk 
INFO  09:26:31,721 HelpFormatter - Program Args: -T PrintReads -I /mnt/ssdbroad/output/Solexa-272221_gatk_best_practices_36t_30s_2016-02-11_11-59-19/Solexa-272221_realign.bam -L /mnt/ssdbroad/Broad_Ref_Pipeline_approved_package/workflow_profiler/.queue/scatterGather/ExamplePrintReads-1-sg/temp_12_of_36/scatter.intervals -R /mnt/ssdbroad/Broad_Ref_Pipeline_approved_package/homosapiensrefgenome/Homo_sapiens_assembly19.fasta -BQSR /mnt/ssdbroad/output/Solexa-272221_gatk_best_practices_36t_30s_2016-02-11_11-59-19/Solexa-272221_recal.grp -o /mnt/ssdbroad/Broad_Ref_Pipeline_approved_package/workflow_profiler/.queue/scatterGather/ExamplePrintReads-1-sg/temp_12_of_36/Solexa-272221_final.bam 
INFO  09:26:31,747 HelpFormatter - Executing as beris@dna on Linux 2.6.32-573.el6.x86_64 amd64; OpenJDK 64-Bit Server VM 1.7.0_79-mockbuild_2015_07_24_09_26-b00. 
INFO  09:26:31,747 HelpFormatter - Date/Time: 2016/02/12 09:26:31 
INFO  09:26:31,748 HelpFormatter - --------------------------------------------------------------------------------- 
INFO  09:26:31,748 HelpFormatter - --------------------------------------------------------------------------------- 
INFO  09:26:31,845 GenomeAnalysisEngine - Strictness is SILENT 
INFO  09:26:33,400 ContextCovariate - 		Context sizes: base substitution model 2, indel substitution model 3 
INFO  09:26:33,504 GenomeAnalysisEngine - Downsampling Settings: No downsampling 
INFO  09:26:33,511 SAMDataSource$SAMReaders - Initializing SAMRecords in serial 
INFO  09:26:33,592 SAMDataSource$SAMReaders - Done initializing BAM readers: total time 0.08 
INFO  09:26:33,610 IntervalUtils - Processing 133851895 bp from intervals 
INFO  09:26:33,681 GenomeAnalysisEngine - Preparing for traversal over 1 BAM files 
INFO  09:26:34,275 GenomeAnalysisEngine - Done preparing for traversal 
INFO  09:26:34,275 ProgressMeter - [INITIALIZATION COMPLETE; STARTING PROCESSING] 
INFO  09:26:34,276 ProgressMeter -                 | processed |    time |    per 1M |           |   total | remaining 
INFO  09:26:34,276 ProgressMeter -        Location |     reads | elapsed |     reads | completed | runtime |   runtime 
INFO  09:26:34,285 ReadShardBalancer$1 - Loading BAM index data 
INFO  09:26:35,360 ReadShardBalancer$1 - Done loading BAM index data 
INFO  09:27:10,370 ProgressMeter -       12:337799         0.0    36.0 s      59.7 w        0.3%     4.0 h       4.0 h 
INFO  09:27:41,215 ProgressMeter -       12:955156    200002.0    66.0 s       5.6 m        0.7%     2.6 h       2.6 h 
INFO  09:28:15,850 ProgressMeter -      12:1554253    400005.0   101.0 s       4.2 m        1.2%     2.4 h       2.4 h 
INFO  09:28:45,851 ProgressMeter -      12:2504303    600009.0     2.2 m       3.7 m        1.9%   116.7 m     114.5 m 
INFO  09:29:17,146 ProgressMeter -      12:3351671    800012.0     2.7 m       3.4 m        2.5%   107.8 m     105.1 m 
INFO  09:29:47,147 ProgressMeter -      12:4252146   1100015.0     3.2 m       2.9 m        3.2%   100.7 m      97.5 m 
INFO  09:30:27,148 ProgressMeter -      12:5501259   1400018.0     3.9 m       2.8 m        4.1%    94.1 m      90.2 m 
INFO  09:30:58,424 ProgressMeter -      12:6516138   1700022.0     4.4 m       2.6 m        4.9%    90.4 m      86.0 m 
INFO  09:31:38,425 ProgressMeter -      12:7910617   2000027.0     5.1 m       2.5 m        5.9%    85.7 m      80.7 m 
INFO  09:32:08,426 ProgressMeter -      12:8861105   2300030.0     5.6 m       2.4 m        6.6%    84.1 m      78.5 m 
INFO  09:32:38,427 ProgressMeter -      12:9758886   2500035.0     6.1 m       2.4 m        7.3%    83.2 m      77.1 m 
INFO  09:33:08,431 ProgressMeter -     12:10662132   2800039.0     6.6 m       2.3 m        8.0%    82.4 m      75.9 m 
INFO  09:33:38,432 ProgressMeter -     12:11627776   3100043.0     7.1 m       2.3 m        8.7%    81.3 m      74.3 m 
INFO  09:34:09,103 ProgressMeter -     12:12635508   3400046.0     7.6 m       2.2 m        9.4%    80.2 m      72.6 m 
INFO  09:34:39,104 ProgressMeter -     12:13727882   3600049.0     8.1 m       2.2 m       10.3%    78.7 m      70.6 m 
INFO  09:35:09,105 ProgressMeter -     12:14710544   3900053.0     8.6 m       2.2 m       11.0%    77.9 m      69.4 m 
INFO  09:35:39,106 ProgressMeter -     12:15651198   4200057.0     9.1 m       2.2 m       11.7%    77.5 m      68.5 m 
INFO  09:36:09,107 ProgressMeter -     12:16588834   4400060.0     9.6 m       2.2 m       12.4%    77.2 m      67.6 m 
INFO  09:36:39,108 ProgressMeter -     12:17589409   4700063.0    10.1 m       2.1 m       13.1%    76.6 m      66.5 m 
INFO  09:37:09,110 ProgressMeter -     12:18603777   5000067.0    10.6 m       2.1 m       13.9%    76.0 m      65.5 m 
INFO  09:37:39,111 ProgressMeter -     12:19662542   5300071.0    11.1 m       2.1 m       14.7%    75.3 m      64.3 m 
INFO  09:38:09,111 ProgressMeter -     12:20595803   5600075.0    11.6 m       2.1 m       15.4%    75.2 m      63.6 m 
INFO  09:38:39,135 ProgressMeter -     12:21575828   5800077.0    12.1 m       2.1 m       16.1%    74.9 m      62.8 m 
INFO  09:39:09,135 ProgressMeter -     12:22586155   6100082.0    12.6 m       2.1 m       16.9%    74.5 m      61.9 m 
INFO  09:39:39,136 ProgressMeter -     12:23572828   6400086.0    13.1 m       2.0 m       17.6%    74.2 m      61.1 m 
INFO  09:40:09,137 ProgressMeter -     12:24551779   6700090.0    13.6 m       2.0 m       18.3%    74.0 m      60.4 m 
INFO  09:40:39,138 ProgressMeter -     12:25529619   7000093.0    14.1 m     120.0 s       19.1%    73.8 m      59.7 m 
INFO  09:41:09,471 ProgressMeter -     12:26516714   7200095.0    14.6 m       2.0 m       19.8%    73.6 m      59.0 m 
INFO  09:41:39,472 ProgressMeter -     12:27375855   7500098.0    15.1 m     120.0 s       20.5%    73.7 m      58.7 m 
INFO  09:42:09,473 ProgressMeter -     12:28390894   7800103.0    15.6 m     119.0 s       21.2%    73.5 m      57.9 m 
INFO  09:42:39,474 ProgressMeter -     12:29397846   8100106.0    16.1 m     119.0 s       22.0%    73.2 m      57.1 m 
INFO  09:43:09,976 ProgressMeter -     12:30381187   8300114.0    16.6 m     119.0 s       22.7%    73.1 m      56.5 m 
INFO  09:43:39,977 ProgressMeter -     12:31402610   8600117.0    17.1 m     119.0 s       23.5%    72.8 m      55.7 m 
INFO  09:44:09,984 ProgressMeter -     12:32410001   8900120.0    17.6 m     118.0 s       24.2%    72.6 m      55.0 m 
INFO  09:44:39,985 ProgressMeter -     12:33418665   9200124.0    18.1 m     118.0 s       25.0%    72.4 m      54.3 m 
INFO  09:45:10,118 ProgressMeter -     12:34367549   9400126.0    18.6 m     118.0 s       25.7%    72.4 m      53.8 m 
INFO  09:45:40,119 ProgressMeter -     12:37995985   9700142.0    19.1 m     118.0 s       28.4%    67.2 m      48.1 m 
INFO  09:46:10,120 ProgressMeter -     12:38589204   1.0000552E7    19.6 m     117.0 s       28.8%    67.9 m      48.3 m 
INFO  09:46:40,121 ProgressMeter -     12:39609845   1.0300556E7    20.1 m     117.0 s       29.6%    67.9 m      47.8 m 
INFO  09:47:10,122 ProgressMeter -     12:40594799   1.0600559E7    20.6 m     116.0 s       30.3%    67.9 m      47.3 m 
INFO  09:47:40,123 ProgressMeter -     12:41560694   1.0900562E7    21.1 m     116.0 s       31.0%    67.9 m      46.8 m 
INFO  09:48:10,124 ProgressMeter -     12:42587984   1.1200566E7    21.6 m     115.0 s       31.8%    67.8 m      46.3 m 
INFO  09:48:40,125 ProgressMeter -     12:43658891   1.150057E7    22.1 m     115.0 s       32.6%    67.7 m      45.6 m 
INFO  09:49:10,126 ProgressMeter -     12:44684511   1.1800574E7    22.6 m     114.0 s       33.4%    67.6 m      45.1 m 
INFO  09:49:40,127 ProgressMeter -     12:45740554   1.2100579E7    23.1 m     114.0 s       34.2%    67.5 m      44.5 m 
INFO  09:50:10,172 ProgressMeter -     12:46760772   1.2300581E7    23.6 m     115.0 s       34.9%    67.5 m      43.9 m 
INFO  09:50:40,173 ProgressMeter -     12:47780827   1.2600584E7    24.1 m     114.0 s       35.7%    67.5 m      43.4 m 
INFO  09:51:10,175 ProgressMeter -     12:48863102   1.2900588E7    24.6 m     114.0 s       36.5%    67.3 m      42.8 m 
INFO  09:51:40,175 ProgressMeter -     12:49831740   1.3200591E7    25.1 m     114.0 s       37.2%    67.4 m      42.3 m 
INFO  09:52:10,176 ProgressMeter -     12:50895828   1.3500594E7    25.6 m     113.0 s       38.0%    67.3 m      41.7 m 
INFO  09:52:40,177 ProgressMeter -     12:51987001   1.3800597E7    26.1 m     113.0 s       38.8%    67.2 m      41.1 m 
INFO  09:53:10,179 ProgressMeter -     12:53088018   1.4100601E7    26.6 m     113.0 s       39.7%    67.0 m      40.4 m 
INFO  09:53:41,753 ProgressMeter -     12:54217187   1.4400605E7    27.1 m     113.0 s       40.5%    66.9 m      39.8 m 
INFO  09:54:11,753 ProgressMeter -     12:55312484   1.4600607E7    27.6 m     113.0 s       41.3%    66.8 m      39.2 m 
INFO  09:54:41,755 ProgressMeter -     12:56302487   1.490061E7    28.1 m     113.0 s       42.1%    66.8 m      38.7 m 
INFO  09:55:11,756 ProgressMeter -     12:57410199   1.5200614E7    28.6 m     112.0 s       42.9%    66.7 m      38.1 m 
INFO  09:55:41,757 ProgressMeter -     12:58481331   1.5500617E7    29.1 m     112.0 s       43.7%    66.6 m      37.5 m 
INFO  09:56:11,758 ProgressMeter -     12:59520718   1.580062E7    29.6 m     112.0 s       44.5%    66.6 m      37.0 m 
INFO  09:56:41,787 ProgressMeter -     12:60505036   1.6100623E7    30.1 m     112.0 s       45.2%    66.6 m      36.5 m 
INFO  09:57:11,788 ProgressMeter -     12:61539825   1.6400628E7    30.6 m     112.0 s       46.0%    66.6 m      36.0 m 
INFO  09:57:41,789 ProgressMeter -     12:62607987   1.6700633E7    31.1 m     111.0 s       46.8%    66.5 m      35.4 m 
INFO  09:58:11,790 ProgressMeter -     12:63698934   1.7000637E7    31.6 m     111.0 s       47.6%    66.4 m      34.8 m 
INFO  09:58:41,791 ProgressMeter -     12:64759161   1.730064E7    32.1 m     111.0 s       48.4%    66.4 m      34.3 m 
INFO  09:59:12,009 ProgressMeter -     12:65843587   1.7500642E7    32.6 m     111.0 s       49.2%    66.3 m      33.7 m 
INFO  09:59:42,010 ProgressMeter -     12:66451496   1.7900888E7    33.1 m     111.0 s       49.6%    66.7 m      33.6 m 
INFO  10:00:12,126 ProgressMeter -     12:67087042   1.8200916E7    33.6 m     110.0 s       50.1%    67.1 m      33.5 m 
INFO  10:00:44,890 ProgressMeter -     12:68148739   1.840092E7    34.2 m     111.0 s       50.9%    67.1 m      32.9 m 
INFO  10:01:14,891 ProgressMeter -     12:69037697   1.8700925E7    34.7 m     111.0 s       51.6%    67.2 m      32.5 m 
INFO  10:01:44,892 ProgressMeter -     12:70099800   1.9000932E7    35.2 m     111.0 s       52.4%    67.1 m      32.0 m 
INFO  10:02:14,893 ProgressMeter -     12:71089143   1.9300936E7    35.7 m     110.0 s       53.1%    67.2 m      31.5 m 
INFO  10:02:45,103 ProgressMeter -     12:72083008   1.950094E7    36.2 m     111.0 s       53.9%    67.2 m      31.0 m 
INFO  10:03:15,105 ProgressMeter -     12:73076416   1.9800943E7    36.7 m     111.0 s       54.6%    67.2 m      30.5 m 
INFO  10:03:45,105 ProgressMeter -     12:74140318   2.0100947E7    37.2 m     110.0 s       55.4%    67.1 m      29.9 m 
INFO  10:04:15,106 ProgressMeter -     12:75173582   2.0400951E7    37.7 m     110.0 s       56.2%    67.1 m      29.4 m 
INFO  10:04:45,108 ProgressMeter -     12:76128213   2.0700958E7    38.2 m     110.0 s       56.9%    67.1 m      28.9 m 
INFO  10:05:15,109 ProgressMeter -     12:77151193   2.1000961E7    38.7 m     110.0 s       57.6%    67.1 m      28.4 m 
INFO  10:05:45,110 ProgressMeter -     12:78162420   2.1300966E7    39.2 m     110.0 s       58.4%    67.1 m      27.9 m 
INFO  10:06:15,190 ProgressMeter -     12:79171792   2.1600969E7    39.7 m     110.0 s       59.1%    67.1 m      27.4 m 
INFO  10:06:45,226 ProgressMeter -     12:80230366   2.1800971E7    40.2 m     110.0 s       59.9%    67.0 m      26.8 m 
INFO  10:07:15,227 ProgressMeter -     12:81255371   2.2100975E7    40.7 m     110.0 s       60.7%    67.0 m      26.3 m 
INFO  10:07:45,227 ProgressMeter -     12:82300081   2.2400978E7    41.2 m     110.0 s       61.5%    67.0 m      25.8 m 
INFO  10:08:15,229 ProgressMeter -     12:83335563   2.2700981E7    41.7 m     110.0 s       62.3%    66.9 m      25.3 m 
INFO  10:08:45,230 ProgressMeter -     12:84402793   2.3000985E7    42.2 m     110.0 s       63.1%    66.9 m      24.7 m 
INFO  10:09:15,231 ProgressMeter -     12:85451006   2.3300988E7    42.7 m     109.0 s       63.8%    66.8 m      24.2 m 
INFO  10:09:45,232 ProgressMeter -     12:86455391   2.3600992E7    43.2 m     109.0 s       64.6%    66.8 m      23.7 m 
INFO  10:10:15,233 ProgressMeter -     12:87511201   2.3900996E7    43.7 m     109.0 s       65.4%    66.8 m      23.1 m 
INFO  10:10:45,234 ProgressMeter -     12:88567935   2.4201008E7    44.2 m     109.0 s       66.2%    66.7 m      22.6 m 
INFO  10:11:15,235 ProgressMeter -     12:89610377   2.4501011E7    44.7 m     109.0 s       66.9%    66.7 m      22.1 m 
INFO  10:11:45,237 ProgressMeter -     12:90667221   2.4801015E7    45.2 m     109.0 s       67.7%    66.7 m      21.5 m 
INFO  10:12:15,238 ProgressMeter -     12:91698274   2.5101018E7    45.7 m     109.0 s       68.5%    66.7 m      21.0 m 
INFO  10:12:45,239 ProgressMeter -     12:92776577   2.5401023E7    46.2 m     109.0 s       69.3%    66.6 m      20.4 m 
INFO  10:13:15,240 ProgressMeter -     12:93879541   2.5701028E7    46.7 m     108.0 s       70.1%    66.5 m      19.9 m 
INFO  10:13:45,241 ProgressMeter -     12:94948392   2.6001032E7    47.2 m     108.0 s       70.9%    66.5 m      19.3 m 
INFO  10:14:15,262 ProgressMeter -     12:96059148   2.6301038E7    47.7 m     108.0 s       71.8%    66.4 m      18.8 m 
INFO  10:14:45,263 ProgressMeter -     12:97160477   2.6701043E7    48.2 m     108.0 s       72.6%    66.4 m      18.2 m 
INFO  10:15:15,274 ProgressMeter -     12:98226335   2.7001047E7    48.7 m     108.0 s       73.4%    66.3 m      17.7 m 
INFO  10:15:45,275 ProgressMeter -     12:99364700   2.7301051E7    49.2 m     108.0 s       74.2%    66.2 m      17.1 m 
INFO  10:16:15,277 ProgressMeter -    12:100449308   2.7601056E7    49.7 m     108.0 s       75.0%    66.2 m      16.5 m 
INFO  10:16:45,278 ProgressMeter -    12:101562587   2.7901061E7    50.2 m     107.0 s       75.9%    66.1 m      16.0 m 
INFO  10:17:15,279 ProgressMeter -    12:102666292   2.8201064E7    50.7 m     107.0 s       76.7%    66.1 m      15.4 m 
INFO  10:17:55,280 ProgressMeter -    12:104125486   2.8601068E7    51.4 m     107.0 s       77.8%    66.0 m      14.7 m 
INFO  10:18:25,281 ProgressMeter -    12:105270340   2.8901071E7    51.9 m     107.0 s       78.6%    65.9 m      14.1 m 
INFO  10:18:55,282 ProgressMeter -    12:106351476   2.9201075E7    52.4 m     107.0 s       79.5%    65.9 m      13.5 m 
INFO  10:19:35,283 ProgressMeter -    12:107818890   2.9601079E7    53.0 m     107.0 s       80.6%    65.8 m      12.8 m 
INFO  10:20:05,284 ProgressMeter -    12:108844422   2.9901082E7    53.5 m     107.0 s       81.3%    65.8 m      12.3 m 
INFO  10:20:45,285 ProgressMeter -    12:110298882   3.0301087E7    54.2 m     107.0 s       82.4%    65.8 m      11.6 m 
INFO  10:21:15,303 ProgressMeter -    12:111486222   3.0601102E7    54.7 m     107.0 s       83.3%    65.7 m      11.0 m 
INFO  10:21:45,304 ProgressMeter -    12:112622518   3.0901106E7    55.2 m     107.0 s       84.1%    65.6 m      10.4 m 
INFO  10:22:15,306 ProgressMeter -    12:113770108   3.120111E7    55.7 m     107.0 s       85.0%    65.5 m       9.8 m 
INFO  10:22:45,307 ProgressMeter -    12:114922148   3.1501114E7    56.2 m     107.0 s       85.9%    65.4 m       9.3 m 
INFO  10:23:15,308 ProgressMeter -    12:116052865   3.1801121E7    56.7 m     106.0 s       86.7%    65.4 m       8.7 m 
INFO  10:23:45,309 ProgressMeter -    12:117175099   3.2101125E7    57.2 m     106.0 s       87.5%    65.3 m       8.1 m 
INFO  10:24:16,132 ProgressMeter -    12:118275765   3.2401128E7    57.7 m     106.0 s       88.4%    65.3 m       7.6 m 
INFO  10:24:46,133 ProgressMeter -    12:119407355   3.2701132E7    58.2 m     106.0 s       89.2%    65.2 m       7.0 m 
INFO  10:25:16,134 ProgressMeter -    12:120560828   3.3001136E7    58.7 m     106.0 s       90.1%    65.2 m       6.5 m 
INFO  10:25:46,135 ProgressMeter -    12:121691738   3.3301139E7    59.2 m     106.0 s       90.9%    65.1 m       5.9 m 
INFO  10:26:16,138 ProgressMeter -    12:122955433   3.3601142E7    59.7 m     106.0 s       91.9%    65.0 m       5.3 m 
INFO  10:26:46,139 ProgressMeter -    12:124030881   3.3901147E7    60.2 m     106.0 s       92.7%    64.9 m       4.8 m 
INFO  10:27:16,140 ProgressMeter -    12:125217409   3.4201152E7    60.7 m     106.0 s       93.5%    64.9 m       4.2 m 
INFO  10:27:46,141 ProgressMeter -    12:126521603   3.4501156E7    61.2 m     106.0 s       94.5%    64.7 m       3.5 m 
INFO  10:28:16,142 ProgressMeter -    12:127758405   3.4801159E7    61.7 m     106.0 s       95.4%    64.6 m       2.9 m 
INFO  10:28:46,144 ProgressMeter -    12:129050864   3.5201165E7    62.2 m     106.0 s       96.4%    64.5 m       2.3 m 
INFO  10:29:16,145 ProgressMeter -    12:130332231   3.5501169E7    62.7 m     105.0 s       97.4%    64.4 m     101.0 s 
INFO  10:29:46,146 ProgressMeter -    12:131596780   3.5901175E7    63.2 m     105.0 s       98.3%    64.3 m      64.0 s 
INFO  10:30:16,147 ProgressMeter -    12:132920749   3.6201178E7    63.7 m     105.0 s       99.3%    64.1 m      26.0 s 
INFO  10:30:33,972 Walker - [REDUCE RESULT] Traversal result is: org.broadinstitute.gatk.engine.io.stubs.SAMFileWriterStub@3b2bdbb5 
INFO  10:30:34,112 ProgressMeter -            done   3.6423569E7    64.0 m     105.0 s      100.0%    64.0 m       0.0 s 
INFO  10:30:34,113 ProgressMeter - Total runtime 3839.84 secs, 64.00 min, 1.07 hours 
INFO  10:30:34,113 MicroScheduler - 0 reads were filtered out during the traversal out of approximately 36423569 total reads (0.00%) 
INFO  10:30:34,114 MicroScheduler -   -> 0 reads (0.00% of total) failing BadCigarFilter 
INFO  10:30:34,114 MicroScheduler -   -> 0 reads (0.00% of total) failing MalformedReadFilter 
