INFO  20:48:09,528 HelpFormatter - --------------------------------------------------------------------------------- 
INFO  20:48:09,588 HelpFormatter - The Genome Analysis Toolkit (GATK) v3.4-46-g8ea4dca, Compiled 2015/08/13 20:41:56 
INFO  20:48:09,588 HelpFormatter - Copyright (c) 2010 The Broad Institute 
INFO  20:48:09,588 HelpFormatter - For support and documentation go to http://www.broadinstitute.org/gatk 
INFO  20:48:09,592 HelpFormatter - Program Args: -T HaplotypeCaller -I /mnt/nvme0n1/data/broadout/HG02771_gatk_best_practices_8t_30s_2016-07-06_18-21-02/HG02771_final.bam -L /mnt/nvme0n1/Broad_Ref_Pipeline_approved_package/workflow_profiler/.queue/scatterGather/ExampleHaplotypeCaller-1-sg/temp_21_of_36/scatter.intervals -R /mnt/nvme0n1/Broad_Ref_Pipeline_approved_package/b37bundle/human_g1k_v37.fasta -variant_index_type LINEAR -variant_index_parameter 128000 -o /mnt/nvme0n1/Broad_Ref_Pipeline_approved_package/workflow_profiler/.queue/scatterGather/ExampleHaplotypeCaller-1-sg/temp_21_of_36/HG02771_HaplotypeCaller.g.vcf -ERC GVCF 
INFO  20:48:09,672 HelpFormatter - Executing as bshifaw@application-1-1.hudson.intel.com on Linux 3.10.0-327.el7.x86_64 amd64; OpenJDK 64-Bit Server VM 1.8.0_91-b14. 
INFO  20:48:09,672 HelpFormatter - Date/Time: 2016/07/06 20:48:09 
INFO  20:48:09,712 HelpFormatter - --------------------------------------------------------------------------------- 
INFO  20:48:09,717 HelpFormatter - --------------------------------------------------------------------------------- 
WARN  20:48:09,746 GATKVCFUtils - Naming your output file using the .g.vcf extension will automatically set the appropriate values  for --variant_index_type and --variant_index_parameter 
INFO  20:48:10,429 GenomeAnalysisEngine - Strictness is SILENT 
INFO  20:48:11,678 GenomeAnalysisEngine - Downsampling Settings: Method: BY_SAMPLE, Target Coverage: 500 
INFO  20:48:11,748 SAMDataSource$SAMReaders - Initializing SAMRecords in serial 
INFO  20:48:12,146 SAMDataSource$SAMReaders - Done initializing BAM readers: total time 0.40 
INFO  20:48:12,290 HCMappingQualityFilter - Filtering out reads with MAPQ < 20 
INFO  20:48:12,857 IntervalUtils - Processing 1437965 bp from intervals 
INFO  20:48:13,806 GenomeAnalysisEngine - Preparing for traversal over 1 BAM files 
INFO  20:48:15,170 GenomeAnalysisEngine - Done preparing for traversal 
INFO  20:48:15,171 ProgressMeter - [INITIALIZATION COMPLETE; STARTING PROCESSING] 
INFO  20:48:15,171 ProgressMeter -                 |      processed |    time |         per 1M |           |   total | remaining 
INFO  20:48:15,324 ProgressMeter -        Location | active regions | elapsed | active regions | completed | runtime |   runtime 
INFO  20:48:15,361 HaplotypeCaller - Standard Emitting and Calling confidence set to 0.0 for reference-model confidence output 
INFO  20:48:15,361 HaplotypeCaller - All sites annotated with PLs forced to true for reference-model confidence output 
INFO  20:48:16,419 HaplotypeCaller - Using global mismapping rate of 45 => -4.5 in log10 likelihood units 
Using AVX accelerated implementation of PairHMM
INFO  20:48:30,948 VectorLoglessPairHMM - libVectorLoglessPairHMM unpacked successfully from GATK jar file 
INFO  20:48:30,949 VectorLoglessPairHMM - Using vectorized implementation of PairHMM 
WARN  20:48:31,866 HaplotypeScore - Annotation will not be calculated, must be called from UnifiedGenotyper 
WARN  20:48:31,866 InbreedingCoeff - Annotation will not be calculated, must provide a valid PED file (-ped) from the command line. 
INFO  20:48:45,450 ProgressMeter -     11:62389286          19292.0    30.0 s           26.2 m        0.3%     2.9 h       2.9 h 
INFO  20:49:15,451 ProgressMeter -     11:62434063         163789.0    60.0 s            6.1 m        1.0%   100.7 m      99.7 m 
INFO  20:49:45,452 ProgressMeter -     11:62569041        1342696.0    90.0 s           67.0 s        2.5%    58.9 m      57.4 m 
INFO  20:50:15,453 ProgressMeter -     11:63258307        4773763.0   120.0 s           25.0 s        4.3%    46.0 m      44.0 m 
INFO  20:50:45,454 ProgressMeter -     11:63978497      1.1590372E7     2.5 m           12.0 s        6.6%    37.8 m      35.3 m 
INFO  20:51:15,455 ProgressMeter -     11:64532809      2.8358637E7     3.0 m            6.0 s       10.7%    28.0 m      25.0 m 
INFO  20:51:55,456 ProgressMeter -     11:65160992      6.2635793E7     3.7 m            3.0 s       16.3%    22.5 m      18.9 m 
INFO  20:52:25,457 ProgressMeter -     11:65780388     1.01342693E8     4.2 m            2.0 s       22.2%    18.8 m      14.6 m 
INFO  20:52:55,458 ProgressMeter -     11:66466825     1.56699759E8     4.7 m            1.0 s       27.3%    17.1 m      12.4 m 
INFO  20:53:25,458 ProgressMeter -     11:67786768     2.38781385E8     5.2 m            1.0 s       33.1%    15.6 m      10.4 m 
INFO  20:53:55,459 ProgressMeter -     11:70255896     3.56391661E8     5.7 m            0.0 s       37.8%    15.0 m       9.3 m 
INFO  20:54:25,475 ProgressMeter -     11:71951087     4.25600045E8     6.2 m            0.0 s       40.9%    15.1 m       8.9 m 
INFO  20:54:55,476 ProgressMeter -     11:74414298     5.90989993E8     6.7 m            0.0 s       46.2%    14.4 m       7.8 m 
INFO  20:55:25,477 ProgressMeter -     11:76944089     7.53414217E8     7.2 m            0.0 s       51.1%    14.0 m       6.9 m 
INFO  20:55:55,479 ProgressMeter -     11:85367301     9.36069186E8     7.7 m            0.0 s       56.1%    13.7 m       6.0 m 
INFO  20:56:25,495 ProgressMeter -     11:92085618    1.112982532E9     8.2 m            0.0 s       60.4%    13.5 m       5.4 m 
INFO  20:56:55,497 ProgressMeter -     11:95825411    1.316853641E9     8.7 m            0.0 s       65.7%    13.2 m       4.5 m 
INFO  20:57:25,498 ProgressMeter -    11:103091350     1.54318499E9     9.2 m            0.0 s       70.8%    12.9 m       3.8 m 
INFO  20:57:55,499 ProgressMeter -    11:108384570    1.831459687E9     9.7 m            0.0 s       76.4%    12.7 m       3.0 m 
INFO  20:58:25,500 ProgressMeter -    11:113215116     2.12570413E9    10.2 m            0.0 s       81.3%    12.5 m       2.3 m 
INFO  20:58:55,510 ProgressMeter -    11:117096595    2.386157255E9    10.7 m            0.0 s       85.8%    12.4 m     105.0 s 
INFO  20:59:25,511 ProgressMeter -    11:118257264     2.60670282E9    11.2 m            0.0 s       89.3%    12.5 m      80.0 s 
INFO  20:59:55,512 ProgressMeter -    11:119029615    2.837623413E9    11.7 m            0.0 s       94.6%    12.3 m      40.0 s 
INFO  21:00:25,514 ProgressMeter -    11:121032732    3.072912218E9    12.2 m            0.0 s       98.6%    12.3 m      10.0 s 
INFO  21:00:32,936 VectorLoglessPairHMM - Time spent in setup for JNI call : 0.38369761900000005 
INFO  21:00:32,949 PairHMM - Total compute time in PairHMM computeLikelihoods() : 48.700684428 
INFO  21:00:32,950 HaplotypeCaller - Ran local assembly on 8411 active regions 
INFO  21:00:32,963 ProgressMeter -            done    3.180062221E9    12.3 m            0.0 s      100.0%    12.3 m       0.0 s 
INFO  21:00:32,964 ProgressMeter - Total runtime 737.79 secs, 12.30 min, 0.20 hours 
INFO  21:00:32,964 MicroScheduler - 359896 reads were filtered out during the traversal out of approximately 2291867 total reads (15.70%) 
INFO  21:00:32,965 MicroScheduler -   -> 0 reads (0.00% of total) failing BadCigarFilter 
INFO  21:00:32,977 MicroScheduler -   -> 321270 reads (14.02% of total) failing DuplicateReadFilter 
INFO  21:00:32,977 MicroScheduler -   -> 0 reads (0.00% of total) failing FailsVendorQualityCheckFilter 
INFO  21:00:32,978 MicroScheduler -   -> 38422 reads (1.68% of total) failing HCMappingQualityFilter 
INFO  21:00:32,979 MicroScheduler -   -> 0 reads (0.00% of total) failing MalformedReadFilter 
INFO  21:00:32,994 MicroScheduler -   -> 0 reads (0.00% of total) failing MappingQualityUnavailableFilter 
INFO  21:00:32,995 MicroScheduler -   -> 204 reads (0.01% of total) failing NotPrimaryAlignmentFilter 
INFO  21:00:32,996 MicroScheduler -   -> 0 reads (0.00% of total) failing UnmappedReadFilter 
