INFO  17:36:56,702 HelpFormatter - --------------------------------------------------------------------------------- 
INFO  17:36:56,707 HelpFormatter - The Genome Analysis Toolkit (GATK) v3.4-46-g8ea4dca, Compiled 2015/08/13 20:41:56 
INFO  17:36:56,719 HelpFormatter - Copyright (c) 2010 The Broad Institute 
INFO  17:36:56,720 HelpFormatter - For support and documentation go to http://www.broadinstitute.org/gatk 
INFO  17:36:56,723 HelpFormatter - Program Args: -T HaplotypeCaller -I /cluster_share/data/out/HG02769_gatk_best_practices_36t_30s_2016-11-28_15-18-37/HG02769_final.bam -L /cluster_share/data/Broad_Ref_Pipeline_approved_package/workflow_profiler/.queue/scatterGather/ExampleHaplotypeCaller-1-sg/temp_21_of_36/scatter.intervals -R /cluster_share/data/reference/b37bundle/human_g1k_v37.fasta -variant_index_type LINEAR -variant_index_parameter 128000 -o /cluster_share/data/Broad_Ref_Pipeline_approved_package/workflow_profiler/.queue/scatterGather/ExampleHaplotypeCaller-1-sg/temp_21_of_36/HG02769_HaplotypeCaller.g.vcf -ERC GVCF 
INFO  17:36:56,729 HelpFormatter - Executing as bshifaw@compute-1-1.hudson.intel.com on Linux 3.10.0-327.13.1.el7.x86_64 amd64; OpenJDK 64-Bit Server VM 1.8.0_111-b15. 
INFO  17:36:56,730 HelpFormatter - Date/Time: 2016/11/28 17:36:56 
INFO  17:36:56,730 HelpFormatter - --------------------------------------------------------------------------------- 
INFO  17:36:56,730 HelpFormatter - --------------------------------------------------------------------------------- 
WARN  17:36:56,733 GATKVCFUtils - Naming your output file using the .g.vcf extension will automatically set the appropriate values  for --variant_index_type and --variant_index_parameter 
INFO  17:36:56,906 GenomeAnalysisEngine - Strictness is SILENT 
INFO  17:36:57,099 GenomeAnalysisEngine - Downsampling Settings: Method: BY_SAMPLE, Target Coverage: 500 
INFO  17:36:57,109 SAMDataSource$SAMReaders - Initializing SAMRecords in serial 
INFO  17:36:57,246 SAMDataSource$SAMReaders - Done initializing BAM readers: total time 0.14 
INFO  17:36:57,269 HCMappingQualityFilter - Filtering out reads with MAPQ < 20 
INFO  17:36:57,399 IntervalUtils - Processing 1437965 bp from intervals 
INFO  17:36:57,560 GenomeAnalysisEngine - Preparing for traversal over 1 BAM files 
INFO  17:36:57,955 GenomeAnalysisEngine - Done preparing for traversal 
INFO  17:36:57,955 ProgressMeter - [INITIALIZATION COMPLETE; STARTING PROCESSING] 
INFO  17:36:57,956 ProgressMeter -                 |      processed |    time |         per 1M |           |   total | remaining 
INFO  17:36:57,956 ProgressMeter -        Location | active regions | elapsed | active regions | completed | runtime |   runtime 
INFO  17:36:57,957 HaplotypeCaller - Standard Emitting and Calling confidence set to 0.0 for reference-model confidence output 
INFO  17:36:57,957 HaplotypeCaller - All sites annotated with PLs forced to true for reference-model confidence output 
INFO  17:36:58,133 HaplotypeCaller - Using global mismapping rate of 45 => -4.5 in log10 likelihood units 
Using AVX accelerated implementation of PairHMM
INFO  17:37:07,465 VectorLoglessPairHMM - libVectorLoglessPairHMM unpacked successfully from GATK jar file 
INFO  17:37:07,472 VectorLoglessPairHMM - Using vectorized implementation of PairHMM 
WARN  17:37:08,009 HaplotypeScore - Annotation will not be calculated, must be called from UnifiedGenotyper 
WARN  17:37:08,009 InbreedingCoeff - Annotation will not be calculated, must provide a valid PED file (-ped) from the command line. 
INFO  17:37:28,003 ProgressMeter -     11:62595022        1572060.0    30.0 s           19.0 s        2.8%    18.1 m      17.6 m 
INFO  17:37:58,004 ProgressMeter -     11:64717193      3.9798604E7    60.0 s            1.0 s       13.3%     7.5 m       6.5 m 
INFO  17:38:28,005 ProgressMeter -     11:67406885     2.29804623E8    90.0 s            0.0 s       32.6%     4.6 m       3.1 m 
INFO  17:38:58,006 ProgressMeter -     11:74676883     6.11066446E8   120.0 s            0.0 s       46.8%     4.3 m       2.3 m 
INFO  17:39:28,007 ProgressMeter -     11:94316787    1.237664722E9     2.5 m            0.0 s       63.9%     3.9 m      84.0 s 
INFO  17:39:58,008 ProgressMeter -    11:113111458    2.101200567E9     3.0 m            0.0 s       81.0%     3.7 m      42.0 s 
INFO  17:40:28,010 ProgressMeter -    11:119059368    2.858074878E9     3.5 m            0.0 s       95.1%     3.7 m      10.0 s 
INFO  17:40:36,716 VectorLoglessPairHMM - Time spent in setup for JNI call : 0.103655987 
INFO  17:40:36,716 PairHMM - Total compute time in PairHMM computeLikelihoods() : 14.733353325000001 
INFO  17:40:36,716 HaplotypeCaller - Ran local assembly on 8396 active regions 
INFO  17:40:36,742 ProgressMeter -            done    3.180062221E9     3.6 m            0.0 s      100.0%     3.6 m       0.0 s 
INFO  17:40:36,743 ProgressMeter - Total runtime 218.79 secs, 3.65 min, 0.06 hours 
INFO  17:40:36,745 MicroScheduler - 364661 reads were filtered out during the traversal out of approximately 2364653 total reads (15.42%) 
INFO  17:40:36,745 MicroScheduler -   -> 0 reads (0.00% of total) failing BadCigarFilter 
INFO  17:40:36,746 MicroScheduler -   -> 326108 reads (13.79% of total) failing DuplicateReadFilter 
INFO  17:40:36,746 MicroScheduler -   -> 0 reads (0.00% of total) failing FailsVendorQualityCheckFilter 
INFO  17:40:36,746 MicroScheduler -   -> 38273 reads (1.62% of total) failing HCMappingQualityFilter 
INFO  17:40:36,746 MicroScheduler -   -> 0 reads (0.00% of total) failing MalformedReadFilter 
INFO  17:40:36,747 MicroScheduler -   -> 0 reads (0.00% of total) failing MappingQualityUnavailableFilter 
INFO  17:40:36,747 MicroScheduler -   -> 280 reads (0.01% of total) failing NotPrimaryAlignmentFilter 
INFO  17:40:36,747 MicroScheduler -   -> 0 reads (0.00% of total) failing UnmappedReadFilter 
