INFO  20:47:28,317 HelpFormatter - --------------------------------------------------------------------------------- 
INFO  20:47:28,322 HelpFormatter - The Genome Analysis Toolkit (GATK) v3.4-46-g8ea4dca, Compiled 2015/08/13 20:41:56 
INFO  20:47:28,323 HelpFormatter - Copyright (c) 2010 The Broad Institute 
INFO  20:47:28,323 HelpFormatter - For support and documentation go to http://www.broadinstitute.org/gatk 
INFO  20:47:28,326 HelpFormatter - Program Args: -T HaplotypeCaller -I /mnt/nvme0n1/data/broadout/HG02561_gatk_best_practices_8t_30s_2016-07-06_18-21-00/HG02561_final.bam -L /mnt/nvme0n1/Broad_Ref_Pipeline_approved_package/workflow_profiler/.queue/scatterGather/ExampleHaplotypeCaller-1-sg/temp_21_of_36/scatter.intervals -R /mnt/nvme0n1/Broad_Ref_Pipeline_approved_package/b37bundle/human_g1k_v37.fasta -variant_index_type LINEAR -variant_index_parameter 128000 -o /mnt/nvme0n1/Broad_Ref_Pipeline_approved_package/workflow_profiler/.queue/scatterGather/ExampleHaplotypeCaller-1-sg/temp_21_of_36/HG02561_HaplotypeCaller.g.vcf -ERC GVCF 
INFO  20:47:28,348 HelpFormatter - Executing as bshifaw@application-1-1.hudson.intel.com on Linux 3.10.0-327.el7.x86_64 amd64; OpenJDK 64-Bit Server VM 1.8.0_91-b14. 
INFO  20:47:28,352 HelpFormatter - Date/Time: 2016/07/06 20:47:28 
INFO  20:47:28,352 HelpFormatter - --------------------------------------------------------------------------------- 
INFO  20:47:28,352 HelpFormatter - --------------------------------------------------------------------------------- 
WARN  20:47:28,358 GATKVCFUtils - Naming your output file using the .g.vcf extension will automatically set the appropriate values  for --variant_index_type and --variant_index_parameter 
INFO  20:47:28,544 GenomeAnalysisEngine - Strictness is SILENT 
INFO  20:47:28,669 GenomeAnalysisEngine - Downsampling Settings: Method: BY_SAMPLE, Target Coverage: 500 
INFO  20:47:28,675 SAMDataSource$SAMReaders - Initializing SAMRecords in serial 
INFO  20:47:28,761 SAMDataSource$SAMReaders - Done initializing BAM readers: total time 0.09 
INFO  20:47:28,773 HCMappingQualityFilter - Filtering out reads with MAPQ < 20 
INFO  20:47:28,904 IntervalUtils - Processing 1437965 bp from intervals 
INFO  20:47:29,049 GenomeAnalysisEngine - Preparing for traversal over 1 BAM files 
INFO  20:47:29,287 GenomeAnalysisEngine - Done preparing for traversal 
INFO  20:47:29,287 ProgressMeter - [INITIALIZATION COMPLETE; STARTING PROCESSING] 
INFO  20:47:29,287 ProgressMeter -                 |      processed |    time |         per 1M |           |   total | remaining 
INFO  20:47:29,306 ProgressMeter -        Location | active regions | elapsed | active regions | completed | runtime |   runtime 
INFO  20:47:29,329 HaplotypeCaller - Standard Emitting and Calling confidence set to 0.0 for reference-model confidence output 
INFO  20:47:29,329 HaplotypeCaller - All sites annotated with PLs forced to true for reference-model confidence output 
INFO  20:47:29,532 HaplotypeCaller - Using global mismapping rate of 45 => -4.5 in log10 likelihood units 
Using AVX accelerated implementation of PairHMM
INFO  20:47:34,762 VectorLoglessPairHMM - libVectorLoglessPairHMM unpacked successfully from GATK jar file 
INFO  20:47:34,777 VectorLoglessPairHMM - Using vectorized implementation of PairHMM 
WARN  20:47:35,050 HaplotypeScore - Annotation will not be calculated, must be called from UnifiedGenotyper 
WARN  20:47:35,062 InbreedingCoeff - Annotation will not be calculated, must provide a valid PED file (-ped) from the command line. 
INFO  20:47:59,338 ProgressMeter -     11:62445601         241923.0    30.0 s            2.1 m        1.2%    42.0 m      41.5 m 
INFO  20:48:29,342 ProgressMeter -     11:62564863        1234809.0    60.0 s           48.0 s        2.5%    40.2 m      39.2 m 
INFO  20:48:59,411 ProgressMeter -     11:62768140        2859534.0    90.0 s           31.0 s        3.7%    40.9 m      39.4 m 
INFO  20:49:29,412 ProgressMeter -     11:63320384        5608515.0   120.0 s           21.0 s        4.6%    43.8 m      41.8 m 
INFO  20:49:59,413 ProgressMeter -     11:63720189        9523429.0     2.5 m           15.0 s        5.9%    42.5 m      40.0 m 
INFO  20:50:29,414 ProgressMeter -     11:64361219      2.1243358E7     3.0 m            8.0 s        9.5%    31.6 m      28.6 m 
INFO  20:51:09,415 ProgressMeter -     11:64939796      5.0703157E7     3.7 m            4.0 s       15.0%    24.4 m      20.7 m 
INFO  20:51:49,416 ProgressMeter -     11:65784342     1.01981577E8     4.3 m            2.0 s       22.2%    19.5 m      15.2 m 
INFO  20:52:29,417 ProgressMeter -     11:66837844     1.75674227E8     5.0 m            1.0 s       28.8%    17.4 m      12.4 m 
INFO  20:52:59,418 ProgressMeter -     11:67793427     2.40688098E8     5.5 m            1.0 s       33.2%    16.6 m      11.1 m 
INFO  20:53:39,419 ProgressMeter -     11:71249516     3.86165564E8     6.2 m            0.0 s       38.9%    15.9 m       9.7 m 
INFO  20:54:09,420 ProgressMeter -     11:72549786     4.73002588E8     6.7 m            0.0 s       42.6%    15.7 m       9.0 m 
INFO  20:54:39,421 ProgressMeter -     11:75279724     6.54077178E8     7.2 m            0.0 s       48.1%    14.9 m       7.7 m 
INFO  20:55:09,422 ProgressMeter -     11:77930315     8.31286818E8     7.7 m            0.0 s       53.2%    14.4 m       6.7 m 
INFO  20:55:39,423 ProgressMeter -     11:86208953    1.011642525E9     8.2 m            0.0 s       57.9%    14.1 m       5.9 m 
INFO  20:56:09,424 ProgressMeter -     11:93845053    1.201182835E9     8.7 m            0.0 s       63.0%    13.8 m       5.1 m 
INFO  20:56:39,425 ProgressMeter -    11:102195864    1.401441118E9     9.2 m            0.0 s       67.9%    13.5 m       4.3 m 
INFO  20:57:09,427 ProgressMeter -    11:105010397    1.620270437E9     9.7 m            0.0 s       72.2%    13.4 m       3.7 m 
INFO  20:57:39,428 ProgressMeter -    11:108381375    1.831459687E9    10.2 m            0.0 s       76.2%    13.3 m       3.2 m 
INFO  20:58:09,429 ProgressMeter -    11:113214942     2.12570413E9    10.7 m            0.0 s       81.3%    13.1 m       2.5 m 
INFO  20:58:39,436 ProgressMeter -    11:117052709    2.355394219E9    11.2 m            0.0 s       85.3%    13.1 m     115.0 s 
INFO  20:59:09,437 ProgressMeter -    11:118085487    2.555584322E9    11.7 m            0.0 s       88.5%    13.2 m      90.0 s 
INFO  20:59:39,439 ProgressMeter -    11:118938485    2.790357347E9    12.2 m            0.0 s       93.3%    13.0 m      52.0 s 
INFO  21:00:09,440 ProgressMeter -    11:120200634    2.960463901E9    12.7 m            0.0 s       97.1%    13.0 m      22.0 s 
INFO  21:00:27,311 VectorLoglessPairHMM - Time spent in setup for JNI call : 0.448421563 
INFO  21:00:27,330 PairHMM - Total compute time in PairHMM computeLikelihoods() : 66.997312221 
INFO  21:00:27,331 HaplotypeCaller - Ran local assembly on 8481 active regions 
INFO  21:00:27,339 ProgressMeter -            done    3.180062221E9    13.0 m            0.0 s      100.0%    13.0 m       0.0 s 
INFO  21:00:27,339 ProgressMeter - Total runtime 778.05 secs, 12.97 min, 0.22 hours 
INFO  21:00:27,339 MicroScheduler - 402452 reads were filtered out during the traversal out of approximately 2429286 total reads (16.57%) 
INFO  21:00:27,340 MicroScheduler -   -> 0 reads (0.00% of total) failing BadCigarFilter 
INFO  21:00:27,340 MicroScheduler -   -> 364373 reads (15.00% of total) failing DuplicateReadFilter 
INFO  21:00:27,340 MicroScheduler -   -> 0 reads (0.00% of total) failing FailsVendorQualityCheckFilter 
INFO  21:00:27,340 MicroScheduler -   -> 37873 reads (1.56% of total) failing HCMappingQualityFilter 
INFO  21:00:27,341 MicroScheduler -   -> 0 reads (0.00% of total) failing MalformedReadFilter 
INFO  21:00:27,352 MicroScheduler -   -> 0 reads (0.00% of total) failing MappingQualityUnavailableFilter 
INFO  21:00:27,360 MicroScheduler -   -> 206 reads (0.01% of total) failing NotPrimaryAlignmentFilter 
INFO  21:00:27,360 MicroScheduler -   -> 0 reads (0.00% of total) failing UnmappedReadFilter 
