INFO  16:10:24,844 HelpFormatter - --------------------------------------------------------------------------------- 
INFO  16:10:24,854 HelpFormatter - The Genome Analysis Toolkit (GATK) v3.4-46-g8ea4dca, Compiled 2015/08/13 20:41:56 
INFO  16:10:24,859 HelpFormatter - Copyright (c) 2010 The Broad Institute 
INFO  16:10:24,859 HelpFormatter - For support and documentation go to http://www.broadinstitute.org/gatk 
INFO  16:10:24,863 HelpFormatter - Program Args: -T HaplotypeCaller -I /mnt/sdb/data/broadout/sim1M_pairs_gatk_best_practices_36t_30s_2016-09-26_15-40-42/sim1M_pairs_final.bam -L /home/bshifaw/gitrepos/Reference-Design/Broad_Ref_Pip/workflow_profiler/.queue/scatterGather/ExampleHaplotypeCaller-1-sg/temp_21_of_36/scatter.intervals -R /mnt/sdb/Broad_Ref_Pipeline_approved_package/homosapiensrefgenome/Homo_sapiens_assembly19.fasta -variant_index_type LINEAR -variant_index_parameter 128000 -o /home/bshifaw/gitrepos/Reference-Design/Broad_Ref_Pip/workflow_profiler/.queue/scatterGather/ExampleHaplotypeCaller-1-sg/temp_21_of_36/sim1M_pairs_HaplotypeCaller.g.vcf -ERC GVCF 
INFO  16:10:24,880 HelpFormatter - Executing as bshifaw@application-0-1.hudson.intel.com on Linux 3.10.0-327.13.1.el7.x86_64 amd64; OpenJDK 64-Bit Server VM 1.8.0_102-b14. 
INFO  16:10:24,884 HelpFormatter - Date/Time: 2016/09/26 16:10:24 
INFO  16:10:24,884 HelpFormatter - --------------------------------------------------------------------------------- 
INFO  16:10:24,885 HelpFormatter - --------------------------------------------------------------------------------- 
WARN  16:10:24,942 GATKVCFUtils - Naming your output file using the .g.vcf extension will automatically set the appropriate values  for --variant_index_type and --variant_index_parameter 
INFO  16:10:25,118 GenomeAnalysisEngine - Strictness is SILENT 
INFO  16:10:25,285 GenomeAnalysisEngine - Downsampling Settings: Method: BY_SAMPLE, Target Coverage: 500 
INFO  16:10:25,299 SAMDataSource$SAMReaders - Initializing SAMRecords in serial 
INFO  16:10:25,431 SAMDataSource$SAMReaders - Done initializing BAM readers: total time 0.13 
INFO  16:10:25,446 HCMappingQualityFilter - Filtering out reads with MAPQ < 20 
INFO  16:10:25,473 IntervalUtils - Processing 86166015 bp from intervals 
INFO  16:10:25,713 GenomeAnalysisEngine - Preparing for traversal over 1 BAM files 
INFO  16:10:26,017 GenomeAnalysisEngine - Done preparing for traversal 
INFO  16:10:26,018 ProgressMeter - [INITIALIZATION COMPLETE; STARTING PROCESSING] 
INFO  16:10:26,021 ProgressMeter -                 |      processed |    time |         per 1M |           |   total | remaining 
INFO  16:10:26,023 ProgressMeter -        Location | active regions | elapsed | active regions | completed | runtime |   runtime 
INFO  16:10:26,023 HaplotypeCaller - Standard Emitting and Calling confidence set to 0.0 for reference-model confidence output 
INFO  16:10:26,023 HaplotypeCaller - All sites annotated with PLs forced to true for reference-model confidence output 
INFO  16:10:26,226 HaplotypeCaller - Using global mismapping rate of 45 => -4.5 in log10 likelihood units 
Using AVX accelerated implementation of PairHMM
INFO  16:10:36,406 VectorLoglessPairHMM - libVectorLoglessPairHMM unpacked successfully from GATK jar file 
INFO  16:10:36,407 VectorLoglessPairHMM - Using vectorized implementation of PairHMM 
WARN  16:10:36,758 HaplotypeScore - Annotation will not be calculated, must be called from UnifiedGenotyper 
WARN  16:10:36,759 InbreedingCoeff - Annotation will not be calculated, must provide a valid PED file (-ped) from the command line. 
INFO  16:10:56,117 ProgressMeter -     10:44573904              0.0    30.0 s           49.8 w        1.9%    26.5 m      26.0 m 
INFO  16:11:26,124 ProgressMeter -     10:50379760              0.0    60.0 s           99.4 w        8.6%    11.6 m      10.6 m 
INFO  16:11:56,125 ProgressMeter -     10:58821429              0.0    90.0 s          149.0 w       18.4%     8.1 m       6.6 m 
INFO  16:12:26,126 ProgressMeter -     10:67206336              0.0   120.0 s          198.6 w       28.2%     7.1 m       5.1 m 
INFO  16:12:56,127 ProgressMeter -     10:75548434              0.0     2.5 m          248.2 w       37.8%     6.6 m       4.1 m 
INFO  16:13:26,127 ProgressMeter -     10:84503729              0.0     3.0 m          297.8 w       48.2%     6.2 m       3.2 m 
INFO  16:13:56,128 ProgressMeter -     10:92844897              0.0     3.5 m          347.4 w       57.9%     6.0 m       2.5 m 
INFO  16:14:26,129 ProgressMeter -    10:100983215              0.0     4.0 m          397.0 w       67.4%     5.9 m     116.0 s 
INFO  16:14:56,130 ProgressMeter -    10:109847209              0.0     4.5 m          446.6 w       77.6%     5.8 m      77.0 s 
INFO  16:15:26,131 ProgressMeter -    10:118618993              0.0     5.0 m          496.2 w       87.8%     5.7 m      41.0 s 
INFO  16:15:56,132 ProgressMeter -    10:128140418              0.0     5.5 m          545.8 w       98.9%     5.6 m       3.0 s 
INFO  16:15:58,286 VectorLoglessPairHMM - Time spent in setup for JNI call : 0.0030022060000000003 
INFO  16:15:58,286 PairHMM - Total compute time in PairHMM computeLikelihoods() : 0.07489198400000001 
INFO  16:15:58,286 HaplotypeCaller - Ran local assembly on 293388 active regions 
INFO  16:15:58,291 ProgressMeter -            done      8.6166015E7     5.5 m            3.0 s      100.0%     5.5 m       0.0 s 
INFO  16:15:58,292 ProgressMeter - Total runtime 332.27 secs, 5.54 min, 0.09 hours 
INFO  16:15:58,292 MicroScheduler - 1784 reads were filtered out during the traversal out of approximately 54702 total reads (3.26%) 
INFO  16:15:58,292 MicroScheduler -   -> 0 reads (0.00% of total) failing BadCigarFilter 
INFO  16:15:58,292 MicroScheduler -   -> 0 reads (0.00% of total) failing DuplicateReadFilter 
INFO  16:15:58,292 MicroScheduler -   -> 0 reads (0.00% of total) failing FailsVendorQualityCheckFilter 
INFO  16:15:58,293 MicroScheduler -   -> 1781 reads (3.26% of total) failing HCMappingQualityFilter 
INFO  16:15:58,293 MicroScheduler -   -> 0 reads (0.00% of total) failing MalformedReadFilter 
INFO  16:15:58,293 MicroScheduler -   -> 0 reads (0.00% of total) failing MappingQualityUnavailableFilter 
INFO  16:15:58,293 MicroScheduler -   -> 3 reads (0.01% of total) failing NotPrimaryAlignmentFilter 
INFO  16:15:58,293 MicroScheduler -   -> 0 reads (0.00% of total) failing UnmappedReadFilter 
