INFO  18:12:41,724 HelpFormatter - --------------------------------------------------------------------------------- 
INFO  18:12:41,727 HelpFormatter - The Genome Analysis Toolkit (GATK) v3.4-46-g8ea4dca, Compiled 2015/08/13 20:41:56 
INFO  18:12:41,727 HelpFormatter - Copyright (c) 2010 The Broad Institute 
INFO  18:12:41,727 HelpFormatter - For support and documentation go to http://www.broadinstitute.org/gatk 
INFO  18:12:41,747 HelpFormatter - Program Args: -T BaseRecalibrator -I /mnt/sdb/data/broadout/HG02769_gatk_best_practices_8t_30s_2016-07-25_16-38-44/HG02769_realign.bam -L /mnt/sdb/Broad_Ref_Pipeline_approved_package/workflow_profiler/.queue/scatterGather/ExampleBaseRecalibrator-1-sg/temp_19_of_24/scatter.intervals -R /mnt/sdb/Broad_Ref_Pipeline_approved_package/b37bundle/human_g1k_v37.fasta -knownSites /mnt/sdb/Broad_Ref_Pipeline_approved_package/b37bundle/dbsnp_138.b37.vcf -o /mnt/sdb/Broad_Ref_Pipeline_approved_package/workflow_profiler/.queue/scatterGather/ExampleBaseRecalibrator-1-sg/temp_19_of_24/HG02769_recal.grp 
INFO  18:12:41,765 HelpFormatter - Executing as bshifaw@application-0-1.hudson.intel.com on Linux 3.10.0-327.el7.x86_64 amd64; OpenJDK 64-Bit Server VM 1.8.0_101-b13. 
INFO  18:12:41,766 HelpFormatter - Date/Time: 2016/07/25 18:12:41 
INFO  18:12:41,774 HelpFormatter - --------------------------------------------------------------------------------- 
INFO  18:12:41,775 HelpFormatter - --------------------------------------------------------------------------------- 
INFO  18:12:41,975 GenomeAnalysisEngine - Strictness is SILENT 
INFO  18:12:42,265 GenomeAnalysisEngine - Downsampling Settings: No downsampling 
INFO  18:12:42,271 SAMDataSource$SAMReaders - Initializing SAMRecords in serial 
INFO  18:12:42,367 SAMDataSource$SAMReaders - Done initializing BAM readers: total time 0.10 
INFO  18:12:42,993 IntervalUtils - Processing 3200977 bp from intervals 
INFO  18:12:43,163 GenomeAnalysisEngine - Preparing for traversal over 1 BAM files 
INFO  18:12:43,515 GenomeAnalysisEngine - Done preparing for traversal 
INFO  18:12:43,530 ProgressMeter - [INITIALIZATION COMPLETE; STARTING PROCESSING] 
INFO  18:12:43,531 ProgressMeter -                 | processed |    time |    per 1M |           |   total | remaining 
INFO  18:12:43,531 ProgressMeter -        Location |     reads | elapsed |     reads | completed | runtime |   runtime 
INFO  18:12:43,632 BaseRecalibrator - The covariates being used here:  
INFO  18:12:43,633 BaseRecalibrator - 	ReadGroupCovariate 
INFO  18:12:43,634 BaseRecalibrator - 	QualityScoreCovariate 
INFO  18:12:43,636 BaseRecalibrator - 	ContextCovariate 
INFO  18:12:43,636 ContextCovariate - 		Context sizes: base substitution model 2, indel substitution model 3 
INFO  18:12:43,637 BaseRecalibrator - 	CycleCovariate 
INFO  18:12:43,639 ReadShardBalancer$1 - Loading BAM index data 
INFO  18:12:43,878 ReadShardBalancer$1 - Done loading BAM index data 
INFO  18:13:15,371 ProgressMeter -      19:1465628    100001.0    31.0 s       5.3 m        3.9%    13.4 m      12.9 m 
INFO  18:13:45,373 ProgressMeter -      19:4512546    300004.0    61.0 s       3.4 m       10.9%     9.4 m       8.3 m 
INFO  18:14:16,082 ProgressMeter -      19:6467576    400008.0    92.0 s       3.9 m       14.3%    10.7 m       9.2 m 
INFO  18:14:46,084 ProgressMeter -      19:8056583    600012.0     2.0 m       3.4 m       17.7%    11.5 m       9.5 m 
INFO  18:15:17,112 ProgressMeter -      19:9580365    800017.0     2.6 m       3.2 m       21.6%    11.8 m       9.2 m 
INFO  18:15:47,139 ProgressMeter -     19:11541859   1000022.0     3.1 m       3.1 m       26.8%    11.4 m       8.3 m 
INFO  18:16:17,140 ProgressMeter -     19:14218197   1200025.0     3.6 m       3.0 m       32.3%    11.0 m       7.4 m 
INFO  18:16:47,142 ProgressMeter -     19:17389792   1500031.0     4.1 m       2.7 m       38.3%    10.6 m       6.5 m 
INFO  18:17:17,144 ProgressMeter -     19:20807459   1700042.0     4.6 m       2.7 m       45.1%    10.1 m       5.5 m 
INFO  18:17:47,146 ProgressMeter -     19:36229100   2000049.0     5.1 m       2.5 m       51.8%     9.8 m       4.7 m 
INFO  18:18:17,147 ProgressMeter -     19:39423397   2300054.0     5.6 m       2.4 m       58.3%     9.5 m       4.0 m 
INFO  18:18:47,155 ProgressMeter -     19:42582929   2600058.0     6.1 m       2.3 m       65.0%     9.3 m       3.3 m 
INFO  18:19:17,157 ProgressMeter -     19:46025426   3000072.0     6.6 m       2.2 m       71.7%     9.1 m       2.6 m 
INFO  18:19:47,160 ProgressMeter -     19:51226755   3500094.0     7.1 m       2.0 m       84.1%     8.4 m      79.0 s 
INFO  18:20:17,165 ProgressMeter -     19:56320180   4000101.0     7.6 m     113.0 s       94.6%     8.0 m      25.0 s 
INFO  18:20:29,417 BaseRecalibrator - Calculating quantized quality scores... 
INFO  18:20:29,441 BaseRecalibrator - Writing recalibration report... 
INFO  18:20:30,163 BaseRecalibrator - ...done! 
INFO  18:20:30,163 BaseRecalibrator - BaseRecalibrator was able to recalibrate 4304598 reads 
INFO  18:20:30,164 ProgressMeter -            done   4304598.0     7.8 m     108.0 s      100.0%     7.8 m       0.0 s 
INFO  18:20:30,165 ProgressMeter - Total runtime 466.65 secs, 7.78 min, 0.13 hours 
INFO  18:20:30,165 MicroScheduler - 926083 reads were filtered out during the traversal out of approximately 5230681 total reads (17.70%) 
INFO  18:20:30,165 MicroScheduler -   -> 0 reads (0.00% of total) failing BadCigarFilter 
INFO  18:20:30,165 MicroScheduler -   -> 753143 reads (14.40% of total) failing DuplicateReadFilter 
INFO  18:20:30,165 MicroScheduler -   -> 0 reads (0.00% of total) failing FailsVendorQualityCheckFilter 
INFO  18:20:30,165 MicroScheduler -   -> 0 reads (0.00% of total) failing MalformedReadFilter 
INFO  18:20:30,166 MicroScheduler -   -> 0 reads (0.00% of total) failing MappingQualityUnavailableFilter 
INFO  18:20:30,166 MicroScheduler -   -> 172310 reads (3.29% of total) failing MappingQualityZeroFilter 
INFO  18:20:30,166 MicroScheduler -   -> 630 reads (0.01% of total) failing NotPrimaryAlignmentFilter 
INFO  18:20:30,166 MicroScheduler -   -> 0 reads (0.00% of total) failing UnmappedReadFilter 
