INFO  20:07:55,825 HelpFormatter - --------------------------------------------------------------------------------- 
INFO  20:07:55,830 HelpFormatter - The Genome Analysis Toolkit (GATK) v3.4-46-g8ea4dca, Compiled 2015/08/13 20:41:56 
INFO  20:07:55,832 HelpFormatter - Copyright (c) 2010 The Broad Institute 
INFO  20:07:55,832 HelpFormatter - For support and documentation go to http://www.broadinstitute.org/gatk 
INFO  20:07:55,836 HelpFormatter - Program Args: -T PrintReads -I /mnt/nvme0n1/data/broadout/HG02771_gatk_best_practices_8t_30s_2016-07-06_18-21-02/HG02771_realign.bam -L /mnt/nvme0n1/Broad_Ref_Pipeline_approved_package/workflow_profiler/.queue/scatterGather/ExamplePrintReads-1-sg/temp_09_of_36/scatter.intervals -R /mnt/nvme0n1/Broad_Ref_Pipeline_approved_package/b37bundle/human_g1k_v37.fasta -BQSR /mnt/nvme0n1/data/broadout/HG02771_gatk_best_practices_8t_30s_2016-07-06_18-21-02/HG02771_recal.grp -o /mnt/nvme0n1/Broad_Ref_Pipeline_approved_package/workflow_profiler/.queue/scatterGather/ExamplePrintReads-1-sg/temp_09_of_36/HG02771_final.bam 
INFO  20:07:55,872 HelpFormatter - Executing as bshifaw@application-1-1.hudson.intel.com on Linux 3.10.0-327.el7.x86_64 amd64; OpenJDK 64-Bit Server VM 1.8.0_91-b14. 
INFO  20:07:55,873 HelpFormatter - Date/Time: 2016/07/06 20:07:55 
INFO  20:07:55,881 HelpFormatter - --------------------------------------------------------------------------------- 
INFO  20:07:55,882 HelpFormatter - --------------------------------------------------------------------------------- 
INFO  20:07:57,147 GenomeAnalysisEngine - Strictness is SILENT 
INFO  20:08:00,582 ContextCovariate - 		Context sizes: base substitution model 2, indel substitution model 3 
INFO  20:08:00,861 GenomeAnalysisEngine - Downsampling Settings: No downsampling 
INFO  20:08:00,870 SAMDataSource$SAMReaders - Initializing SAMRecords in serial 
INFO  20:08:01,055 SAMDataSource$SAMReaders - Done initializing BAM readers: total time 0.18 
INFO  20:08:01,124 IntervalUtils - Processing 141213431 bp from intervals 
INFO  20:08:01,586 GenomeAnalysisEngine - Preparing for traversal over 1 BAM files 
INFO  20:08:02,710 GenomeAnalysisEngine - Done preparing for traversal 
INFO  20:08:02,714 ProgressMeter - [INITIALIZATION COMPLETE; STARTING PROCESSING] 
INFO  20:08:02,755 ProgressMeter -                 | processed |    time |    per 1M |           |   total | remaining 
INFO  20:08:02,755 ProgressMeter -        Location |     reads | elapsed |     reads | completed | runtime |   runtime 
INFO  20:08:02,821 ReadShardBalancer$1 - Loading BAM index data 
INFO  20:08:05,554 ReadShardBalancer$1 - Done loading BAM index data 
INFO  20:08:39,142 ProgressMeter -        9:117083         0.0    36.0 s      60.2 w        0.1%    12.1 h      12.1 h 
INFO  20:09:39,429 ProgressMeter -       9:6482197    200006.0    96.0 s       8.1 m        4.6%    34.9 m      33.3 m 
INFO  20:10:10,269 ProgressMeter -      9:15040791    300008.0     2.1 m       7.1 m       10.7%    19.9 m      17.8 m 
INFO  20:10:43,040 ProgressMeter -      9:19895853    400009.0     2.7 m       6.7 m       14.1%    18.9 m      16.3 m 
INFO  20:11:13,041 ProgressMeter -      9:29825852    500010.0     3.2 m       6.3 m       21.1%    15.0 m      11.8 m 
INFO  20:11:43,920 ProgressMeter -      9:34242110    700013.0     3.7 m       5.3 m       24.2%    15.2 m      11.5 m 
INFO  20:12:13,922 ProgressMeter -      9:35618079    800014.0     4.2 m       5.2 m       25.2%    16.6 m      12.4 m 
INFO  20:12:43,923 ProgressMeter -      9:37729774   1000017.0     4.7 m       4.7 m       26.7%    17.5 m      12.8 m 
INFO  20:13:13,924 ProgressMeter -      9:41323888   1200024.0     5.2 m       4.3 m       29.3%    17.7 m      12.5 m 
INFO  20:13:43,925 ProgressMeter -      9:65650136   1300026.0     5.7 m       4.4 m       46.5%    12.2 m       6.5 m 
INFO  20:14:13,926 ProgressMeter -      9:70918886   1500033.0     6.2 m       4.1 m       50.2%    12.3 m       6.1 m 
INFO  20:14:43,928 ProgressMeter -      9:79829186   1700038.0     6.7 m       3.9 m       56.5%    11.8 m       5.1 m 
INFO  20:15:13,929 ProgressMeter -      9:88651339   1900040.0     7.2 m       3.8 m       62.8%    11.4 m       4.3 m 
INFO  20:15:44,989 ProgressMeter -      9:95648182   2100046.0     7.7 m       3.7 m       67.7%    11.4 m       3.7 m 
INFO  20:16:15,072 ProgressMeter -     9:100888863   2400056.0     8.2 m       3.4 m       71.4%    11.5 m       3.3 m 
INFO  20:16:45,074 ProgressMeter -     9:108442461   2600062.0     8.7 m       3.3 m       76.8%    11.3 m       2.6 m 
INFO  20:17:15,097 ProgressMeter -     9:115818880   2800067.0     9.2 m       3.3 m       82.0%    11.2 m       2.0 m 
INFO  20:17:45,098 ProgressMeter -     9:123858919   3100075.0     9.7 m       3.1 m       87.7%    11.1 m      81.0 s 
INFO  20:18:15,099 ProgressMeter -     9:129974438   3300081.0    10.2 m       3.1 m       92.0%    11.1 m      52.0 s 
INFO  20:18:45,101 ProgressMeter -     9:131767905   3600091.0    10.7 m       3.0 m       93.3%    11.5 m      46.0 s 
INFO  20:19:15,111 ProgressMeter -     9:136217384   3900099.0    11.2 m       2.9 m       96.5%    11.6 m      24.0 s 
INFO  20:19:45,113 ProgressMeter -     9:140705924   4300103.0    11.7 m       2.7 m       99.6%    11.7 m       2.0 s 
INFO  20:19:46,695 Walker - [REDUCE RESULT] Traversal result is: org.broadinstitute.gatk.engine.io.stubs.SAMFileWriterStub@5b58129f 
INFO  20:19:46,802 ProgressMeter -            done   4365978.0    11.7 m       2.7 m       99.9%    11.7 m       0.0 s 
INFO  20:19:46,802 ProgressMeter - Total runtime 704.09 secs, 11.73 min, 0.20 hours 
INFO  20:19:46,802 MicroScheduler - 0 reads were filtered out during the traversal out of approximately 4365978 total reads (0.00%) 
INFO  20:19:46,803 MicroScheduler -   -> 0 reads (0.00% of total) failing BadCigarFilter 
INFO  20:19:46,803 MicroScheduler -   -> 0 reads (0.00% of total) failing MalformedReadFilter 
