INFO  17:50:52,658 HelpFormatter - --------------------------------------------------------------------------------- 
INFO  17:50:52,681 HelpFormatter - The Genome Analysis Toolkit (GATK) v3.4-46-g8ea4dca, Compiled 2015/08/13 20:41:56 
INFO  17:50:52,681 HelpFormatter - Copyright (c) 2010 The Broad Institute 
INFO  17:50:52,682 HelpFormatter - For support and documentation go to http://www.broadinstitute.org/gatk 
INFO  17:50:52,685 HelpFormatter - Program Args: -T IndelRealigner -I /mnt/sdb/data/broadout/HG02769_gatk_best_practices_8t_30s_2016-07-25_16-38-44/HG02769_dupRem.bam -L /mnt/sdb/Broad_Ref_Pipeline_approved_package/workflow_profiler/.queue/scatterGather/ExampleIndelRealigner-1-sg/temp_30_of_36/scatter.intervals -R /mnt/sdb/Broad_Ref_Pipeline_approved_package/b37bundle/human_g1k_v37.fasta -known /mnt/sdb/Broad_Ref_Pipeline_approved_package/b37bundle/1000G_phase1.indels.b37.vcf -targetIntervals /mnt/sdb/data/broadout/HG02769_gatk_best_practices_8t_30s_2016-07-25_16-38-44/HG02769_realn.intervals -o /mnt/sdb/Broad_Ref_Pipeline_approved_package/workflow_profiler/.queue/scatterGather/ExampleIndelRealigner-1-sg/temp_30_of_36/HG02769_realign.bam -filterNoBases 
INFO  17:50:52,709 HelpFormatter - Executing as bshifaw@application-0-1.hudson.intel.com on Linux 3.10.0-327.el7.x86_64 amd64; OpenJDK 64-Bit Server VM 1.8.0_101-b13. 
INFO  17:50:52,725 HelpFormatter - Date/Time: 2016/07/25 17:50:52 
INFO  17:50:52,728 HelpFormatter - --------------------------------------------------------------------------------- 
INFO  17:50:52,741 HelpFormatter - --------------------------------------------------------------------------------- 
INFO  17:50:53,076 GenomeAnalysisEngine - Strictness is SILENT 
INFO  17:50:53,246 GenomeAnalysisEngine - Downsampling Settings: No downsampling 
INFO  17:50:53,264 SAMDataSource$SAMReaders - Initializing SAMRecords in serial 
INFO  17:50:53,358 SAMDataSource$SAMReaders - Done initializing BAM readers: total time 0.09 
INFO  17:50:53,567 IntervalUtils - Processing 27682 bp from intervals 
INFO  17:50:53,820 GenomeAnalysisEngine - Preparing for traversal over 1 BAM files 
INFO  17:50:53,995 GenomeAnalysisEngine - Done preparing for traversal 
INFO  17:50:54,014 ProgressMeter - [INITIALIZATION COMPLETE; STARTING PROCESSING] 
INFO  17:50:54,014 ProgressMeter -                 | processed |    time |    per 1M |           |   total | remaining 
INFO  17:50:54,014 ProgressMeter -        Location |     reads | elapsed |     reads | completed | runtime |   runtime 
INFO  17:50:54,508 ReadShardBalancer$1 - Loading BAM index data 
INFO  17:50:54,517 ReadShardBalancer$1 - Done loading BAM index data 
INFO  17:50:54,905 ProgressMeter -            done        12.0     0.0 s      20.6 h       29.2%     0.0 s       0.0 s 
INFO  17:50:54,906 ProgressMeter - Total runtime 0.89 secs, 0.01 min, 0.00 hours 
INFO  17:50:54,908 MicroScheduler - 7 reads were filtered out during the traversal out of approximately 19 total reads (36.84%) 
INFO  17:50:54,908 MicroScheduler -   -> 0 reads (0.00% of total) failing BadCigarFilter 
INFO  17:50:54,909 MicroScheduler -   -> 7 reads (36.84% of total) failing MalformedReadFilter 
