INFO  19:49:45,552 HelpFormatter - --------------------------------------------------------------------------------- 
INFO  19:49:45,568 HelpFormatter - The Genome Analysis Toolkit (GATK) v3.4-46-g8ea4dca, Compiled 2015/08/13 20:41:56 
INFO  19:49:45,568 HelpFormatter - Copyright (c) 2010 The Broad Institute 
INFO  19:49:45,568 HelpFormatter - For support and documentation go to http://www.broadinstitute.org/gatk 
INFO  19:49:45,572 HelpFormatter - Program Args: -T BaseRecalibrator -I /mnt/nvme0n1/data/broadout/HG02561_gatk_best_practices_8t_30s_2016-07-06_18-21-00/HG02561_realign.bam -L /mnt/nvme0n1/Broad_Ref_Pipeline_approved_package/workflow_profiler/.queue/scatterGather/ExampleBaseRecalibrator-1-sg/temp_06_of_24/scatter.intervals -R /mnt/nvme0n1/Broad_Ref_Pipeline_approved_package/b37bundle/human_g1k_v37.fasta -knownSites /mnt/nvme0n1/Broad_Ref_Pipeline_approved_package/b37bundle/dbsnp_138.b37.vcf -o /mnt/nvme0n1/Broad_Ref_Pipeline_approved_package/workflow_profiler/.queue/scatterGather/ExampleBaseRecalibrator-1-sg/temp_06_of_24/HG02561_recal.grp 
INFO  19:49:45,600 HelpFormatter - Executing as bshifaw@application-1-1.hudson.intel.com on Linux 3.10.0-327.el7.x86_64 amd64; OpenJDK 64-Bit Server VM 1.8.0_91-b14. 
INFO  19:49:45,600 HelpFormatter - Date/Time: 2016/07/06 19:49:45 
INFO  19:49:45,601 HelpFormatter - --------------------------------------------------------------------------------- 
INFO  19:49:45,601 HelpFormatter - --------------------------------------------------------------------------------- 
INFO  19:49:45,783 GenomeAnalysisEngine - Strictness is SILENT 
INFO  19:49:46,111 GenomeAnalysisEngine - Downsampling Settings: No downsampling 
INFO  19:49:46,141 SAMDataSource$SAMReaders - Initializing SAMRecords in serial 
INFO  19:49:46,282 SAMDataSource$SAMReaders - Done initializing BAM readers: total time 0.14 
INFO  19:49:47,129 IntervalUtils - Processing 2638858 bp from intervals 
INFO  19:49:47,352 GenomeAnalysisEngine - Preparing for traversal over 1 BAM files 
INFO  19:49:47,855 GenomeAnalysisEngine - Done preparing for traversal 
INFO  19:49:47,855 ProgressMeter - [INITIALIZATION COMPLETE; STARTING PROCESSING] 
INFO  19:49:47,856 ProgressMeter -                 | processed |    time |    per 1M |           |   total | remaining 
INFO  19:49:47,856 ProgressMeter -        Location |     reads | elapsed |     reads | completed | runtime |   runtime 
INFO  19:49:47,937 BaseRecalibrator - The covariates being used here:  
INFO  19:49:47,937 BaseRecalibrator - 	ReadGroupCovariate 
INFO  19:49:47,939 BaseRecalibrator - 	QualityScoreCovariate 
INFO  19:49:47,939 BaseRecalibrator - 	ContextCovariate 
INFO  19:49:47,939 ContextCovariate - 		Context sizes: base substitution model 2, indel substitution model 3 
INFO  19:49:47,939 BaseRecalibrator - 	CycleCovariate 
INFO  19:49:47,941 ReadShardBalancer$1 - Loading BAM index data 
INFO  19:49:48,314 ReadShardBalancer$1 - Done loading BAM index data 
INFO  19:50:17,907 ProgressMeter -       6:2953293         0.0    30.0 s      49.7 w        1.0%    49.2 m      48.7 m 
INFO  19:50:50,506 ProgressMeter -      6:10775729    100002.0    62.0 s      10.4 m        4.3%    24.1 m      23.1 m 
INFO  19:51:20,734 ProgressMeter -      6:18208392    200003.0    92.0 s       7.7 m        7.7%    20.0 m      18.5 m 
INFO  19:51:51,547 ProgressMeter -      6:26091142    400010.0     2.1 m       5.2 m       10.5%    19.6 m      17.5 m 
INFO  19:52:21,548 ProgressMeter -      6:29141836    500011.0     2.6 m       5.1 m       13.7%    18.6 m      16.0 m 
INFO  19:52:51,549 ProgressMeter -      6:31110429    700013.0     3.1 m       4.4 m       17.9%    17.1 m      14.0 m 
INFO  19:53:21,551 ProgressMeter -      6:32096584    900019.0     3.6 m       4.0 m       23.9%    14.8 m      11.3 m 
INFO  19:53:51,552 ProgressMeter -      6:33695979   1200023.0     4.1 m       3.4 m       29.0%    13.9 m       9.9 m 
INFO  19:54:21,553 ProgressMeter -      6:41243814   1400025.0     4.6 m       3.3 m       36.4%    12.5 m       7.9 m 
INFO  19:54:51,555 ProgressMeter -      6:43322884   1600027.0     5.1 m       3.2 m       40.9%    12.4 m       7.3 m 
INFO  19:55:21,782 ProgressMeter -      6:45514845   1800029.0     5.6 m       3.1 m       43.8%    12.7 m       7.1 m 
INFO  19:55:51,783 ProgressMeter -      6:53379079   2000036.0     6.1 m       3.0 m       48.4%    12.5 m       6.4 m 
INFO  19:56:22,712 ProgressMeter -      6:74072875   2100038.0     6.6 m       3.1 m       54.2%    12.1 m       5.6 m 
INFO  19:56:52,713 ProgressMeter -      6:86197102   2300041.0     7.1 m       3.1 m       59.6%    11.9 m       4.8 m 
INFO  19:57:22,716 ProgressMeter -     6:101077099   2500044.0     7.6 m       3.0 m       65.5%    11.5 m       4.0 m 
INFO  19:57:52,718 ProgressMeter -     6:111697946   2700048.0     8.1 m       3.0 m       70.7%    11.4 m       3.4 m 
INFO  19:58:22,797 ProgressMeter -     6:131914224   3000056.0     8.6 m       2.9 m       78.8%    10.9 m       2.3 m 
INFO  19:58:52,799 ProgressMeter -     6:146271646   3300061.0     9.1 m       2.8 m       86.2%    10.5 m      86.0 s 
INFO  19:59:22,962 ProgressMeter -     6:160232691   3700067.0     9.6 m       2.6 m       94.9%    10.1 m      30.0 s 
INFO  19:59:36,624 BaseRecalibrator - Calculating quantized quality scores... 
INFO  19:59:36,688 BaseRecalibrator - Writing recalibration report... 
INFO  19:59:38,058 BaseRecalibrator - ...done! 
INFO  19:59:38,058 BaseRecalibrator - BaseRecalibrator was able to recalibrate 3944436 reads 
INFO  19:59:38,059 ProgressMeter -            done   3944436.0     9.8 m       2.5 m      100.0%     9.8 m       0.0 s 
INFO  19:59:38,060 ProgressMeter - Total runtime 590.20 secs, 9.84 min, 0.16 hours 
INFO  19:59:38,073 MicroScheduler - 1009134 reads were filtered out during the traversal out of approximately 4953570 total reads (20.37%) 
INFO  19:59:38,074 MicroScheduler -   -> 0 reads (0.00% of total) failing BadCigarFilter 
INFO  19:59:38,074 MicroScheduler -   -> 677647 reads (13.68% of total) failing DuplicateReadFilter 
INFO  19:59:38,074 MicroScheduler -   -> 0 reads (0.00% of total) failing FailsVendorQualityCheckFilter 
INFO  19:59:38,074 MicroScheduler -   -> 0 reads (0.00% of total) failing MalformedReadFilter 
INFO  19:59:38,074 MicroScheduler -   -> 0 reads (0.00% of total) failing MappingQualityUnavailableFilter 
INFO  19:59:38,075 MicroScheduler -   -> 331123 reads (6.68% of total) failing MappingQualityZeroFilter 
INFO  19:59:38,075 MicroScheduler -   -> 364 reads (0.01% of total) failing NotPrimaryAlignmentFilter 
INFO  19:59:38,076 MicroScheduler -   -> 0 reads (0.00% of total) failing UnmappedReadFilter 
