[Wed Jul 06 20:26:06 EDT 2016] picard.sam.MergeSamFiles INPUT=[/mnt/nvme0n1/Broad_Ref_Pipeline_approved_package/workflow_profiler/.queue/scatterGather/ExamplePrintReads-1-sg/temp_01_of_36/HG02771_final.bam, /mnt/nvme0n1/Broad_Ref_Pipeline_approved_package/workflow_profiler/.queue/scatterGather/ExamplePrintReads-1-sg/temp_02_of_36/HG02771_final.bam, /mnt/nvme0n1/Broad_Ref_Pipeline_approved_package/workflow_profiler/.queue/scatterGather/ExamplePrintReads-1-sg/temp_03_of_36/HG02771_final.bam, /mnt/nvme0n1/Broad_Ref_Pipeline_approved_package/workflow_profiler/.queue/scatterGather/ExamplePrintReads-1-sg/temp_04_of_36/HG02771_final.bam, /mnt/nvme0n1/Broad_Ref_Pipeline_approved_package/workflow_profiler/.queue/scatterGather/ExamplePrintReads-1-sg/temp_05_of_36/HG02771_final.bam, /mnt/nvme0n1/Broad_Ref_Pipeline_approved_package/workflow_profiler/.queue/scatterGather/ExamplePrintReads-1-sg/temp_06_of_36/HG02771_final.bam, /mnt/nvme0n1/Broad_Ref_Pipeline_approved_package/workflow_profiler/.queue/scatterGather/ExamplePrintReads-1-sg/temp_07_of_36/HG02771_final.bam, /mnt/nvme0n1/Broad_Ref_Pipeline_approved_package/workflow_profiler/.queue/scatterGather/ExamplePrintReads-1-sg/temp_08_of_36/HG02771_final.bam, /mnt/nvme0n1/Broad_Ref_Pipeline_approved_package/workflow_profiler/.queue/scatterGather/ExamplePrintReads-1-sg/temp_09_of_36/HG02771_final.bam, /mnt/nvme0n1/Broad_Ref_Pipeline_approved_package/workflow_profiler/.queue/scatterGather/ExamplePrintReads-1-sg/temp_10_of_36/HG02771_final.bam, /mnt/nvme0n1/Broad_Ref_Pipeline_approved_package/workflow_profiler/.queue/scatterGather/ExamplePrintReads-1-sg/temp_11_of_36/HG02771_final.bam, /mnt/nvme0n1/Broad_Ref_Pipeline_approved_package/workflow_profiler/.queue/scatterGather/ExamplePrintReads-1-sg/temp_12_of_36/HG02771_final.bam, /mnt/nvme0n1/Broad_Ref_Pipeline_approved_package/workflow_profiler/.queue/scatterGather/ExamplePrintReads-1-sg/temp_13_of_36/HG02771_final.bam, /mnt/nvme0n1/Broad_Ref_Pipeline_approved_package/workflow_profiler/.queue/scatterGather/ExamplePrintReads-1-sg/temp_14_of_36/HG02771_final.bam, /mnt/nvme0n1/Broad_Ref_Pipeline_approved_package/workflow_profiler/.queue/scatterGather/ExamplePrintReads-1-sg/temp_15_of_36/HG02771_final.bam, /mnt/nvme0n1/Broad_Ref_Pipeline_approved_package/workflow_profiler/.queue/scatterGather/ExamplePrintReads-1-sg/temp_16_of_36/HG02771_final.bam, /mnt/nvme0n1/Broad_Ref_Pipeline_approved_package/workflow_profiler/.queue/scatterGather/ExamplePrintReads-1-sg/temp_17_of_36/HG02771_final.bam, /mnt/nvme0n1/Broad_Ref_Pipeline_approved_package/workflow_profiler/.queue/scatterGather/ExamplePrintReads-1-sg/temp_18_of_36/HG02771_final.bam, /mnt/nvme0n1/Broad_Ref_Pipeline_approved_package/workflow_profiler/.queue/scatterGather/ExamplePrintReads-1-sg/temp_19_of_36/HG02771_final.bam, /mnt/nvme0n1/Broad_Ref_Pipeline_approved_package/workflow_profiler/.queue/scatterGather/ExamplePrintReads-1-sg/temp_20_of_36/HG02771_final.bam, /mnt/nvme0n1/Broad_Ref_Pipeline_approved_package/workflow_profiler/.queue/scatterGather/ExamplePrintReads-1-sg/temp_21_of_36/HG02771_final.bam, /mnt/nvme0n1/Broad_Ref_Pipeline_approved_package/workflow_profiler/.queue/scatterGather/ExamplePrintReads-1-sg/temp_22_of_36/HG02771_final.bam, /mnt/nvme0n1/Broad_Ref_Pipeline_approved_package/workflow_profiler/.queue/scatterGather/ExamplePrintReads-1-sg/temp_23_of_36/HG02771_final.bam, /mnt/nvme0n1/Broad_Ref_Pipeline_approved_package/workflow_profiler/.queue/scatterGather/ExamplePrintReads-1-sg/temp_24_of_36/HG02771_final.bam, /mnt/nvme0n1/Broad_Ref_Pipeline_approved_package/workflow_profiler/.queue/scatterGather/ExamplePrintReads-1-sg/temp_25_of_36/HG02771_final.bam, /mnt/nvme0n1/Broad_Ref_Pipeline_approved_package/workflow_profiler/.queue/scatterGather/ExamplePrintReads-1-sg/temp_26_of_36/HG02771_final.bam, /mnt/nvme0n1/Broad_Ref_Pipeline_approved_package/workflow_profiler/.queue/scatterGather/ExamplePrintReads-1-sg/temp_27_of_36/HG02771_final.bam, /mnt/nvme0n1/Broad_Ref_Pipeline_approved_package/workflow_profiler/.queue/scatterGather/ExamplePrintReads-1-sg/temp_28_of_36/HG02771_final.bam, /mnt/nvme0n1/Broad_Ref_Pipeline_approved_package/workflow_profiler/.queue/scatterGather/ExamplePrintReads-1-sg/temp_29_of_36/HG02771_final.bam, /mnt/nvme0n1/Broad_Ref_Pipeline_approved_package/workflow_profiler/.queue/scatterGather/ExamplePrintReads-1-sg/temp_30_of_36/HG02771_final.bam, /mnt/nvme0n1/Broad_Ref_Pipeline_approved_package/workflow_profiler/.queue/scatterGather/ExamplePrintReads-1-sg/temp_31_of_36/HG02771_final.bam, /mnt/nvme0n1/Broad_Ref_Pipeline_approved_package/workflow_profiler/.queue/scatterGather/ExamplePrintReads-1-sg/temp_32_of_36/HG02771_final.bam, /mnt/nvme0n1/Broad_Ref_Pipeline_approved_package/workflow_profiler/.queue/scatterGather/ExamplePrintReads-1-sg/temp_33_of_36/HG02771_final.bam, /mnt/nvme0n1/Broad_Ref_Pipeline_approved_package/workflow_profiler/.queue/scatterGather/ExamplePrintReads-1-sg/temp_34_of_36/HG02771_final.bam, /mnt/nvme0n1/Broad_Ref_Pipeline_approved_package/workflow_profiler/.queue/scatterGather/ExamplePrintReads-1-sg/temp_35_of_36/HG02771_final.bam, /mnt/nvme0n1/Broad_Ref_Pipeline_approved_package/workflow_profiler/.queue/scatterGather/ExamplePrintReads-1-sg/temp_36_of_36/HG02771_final.bam] OUTPUT=/mnt/nvme0n1/data/broadout/HG02771_gatk_best_practices_8t_30s_2016-07-06_18-21-02/HG02771_final.bam SORT_ORDER=coordinate ASSUME_SORTED=true TMP_DIR=[/mnt/nvme0n1/data/broadout/HG02771_gatk_best_practices_8t_30s_2016-07-06_18-21-02] VALIDATION_STRINGENCY=SILENT CREATE_INDEX=true CREATE_MD5_FILE=false    MERGE_SEQUENCE_DICTIONARIES=false USE_THREADING=false VERBOSITY=INFO QUIET=false COMPRESSION_LEVEL=5 MAX_RECORDS_IN_RAM=500000 GA4GH_CLIENT_SECRETS=client_secrets.json
[Wed Jul 06 20:26:06 EDT 2016] Executing as bshifaw@application-1-1.hudson.intel.com on Linux 3.10.0-327.el7.x86_64 amd64; OpenJDK 64-Bit Server VM 1.8.0_91-b14; Picard version: null JdkDeflater
INFO	2016-07-06 20:26:06	MergeSamFiles	Input files are in same order as output so sorting to temp directory is not needed.
INFO	2016-07-06 20:26:18	MergeSamFiles	Processed     1,000,000 records.  Elapsed time: 00:00:11s.  Time for last 1,000,000:   11s.  Last read position: 1:13,717,202
INFO	2016-07-06 20:26:31	MergeSamFiles	Processed     2,000,000 records.  Elapsed time: 00:00:24s.  Time for last 1,000,000:   12s.  Last read position: 1:27,057,637
INFO	2016-07-06 20:26:42	MergeSamFiles	Processed     3,000,000 records.  Elapsed time: 00:00:35s.  Time for last 1,000,000:   10s.  Last read position: 1:43,630,184
INFO	2016-07-06 20:26:53	MergeSamFiles	Processed     4,000,000 records.  Elapsed time: 00:00:46s.  Time for last 1,000,000:   10s.  Last read position: 1:67,436,601
INFO	2016-07-06 20:27:03	MergeSamFiles	Processed     5,000,000 records.  Elapsed time: 00:00:57s.  Time for last 1,000,000:   10s.  Last read position: 1:109,350,052
INFO	2016-07-06 20:27:13	MergeSamFiles	Processed     6,000,000 records.  Elapsed time: 00:01:07s.  Time for last 1,000,000:   10s.  Last read position: 1:145,318,144
INFO	2016-07-06 20:27:23	MergeSamFiles	Processed     7,000,000 records.  Elapsed time: 00:01:16s.  Time for last 1,000,000:    9s.  Last read position: 1:151,381,119
INFO	2016-07-06 20:27:33	MergeSamFiles	Processed     8,000,000 records.  Elapsed time: 00:01:26s.  Time for last 1,000,000:    9s.  Last read position: 1:156,526,432
INFO	2016-07-06 20:27:43	MergeSamFiles	Processed     9,000,000 records.  Elapsed time: 00:01:37s.  Time for last 1,000,000:   10s.  Last read position: 1:175,067,710
INFO	2016-07-06 20:27:53	MergeSamFiles	Processed    10,000,000 records.  Elapsed time: 00:01:47s.  Time for last 1,000,000:   10s.  Last read position: 1:204,416,521
INFO	2016-07-06 20:28:04	MergeSamFiles	Processed    11,000,000 records.  Elapsed time: 00:01:57s.  Time for last 1,000,000:   10s.  Last read position: 1:230,398,328
INFO	2016-07-06 20:28:14	MergeSamFiles	Processed    12,000,000 records.  Elapsed time: 00:02:08s.  Time for last 1,000,000:   10s.  Last read position: 2:17,912,325
INFO	2016-07-06 20:28:25	MergeSamFiles	Processed    13,000,000 records.  Elapsed time: 00:02:19s.  Time for last 1,000,000:   10s.  Last read position: 2:45,879,149
INFO	2016-07-06 20:28:37	MergeSamFiles	Processed    14,000,000 records.  Elapsed time: 00:02:30s.  Time for last 1,000,000:   11s.  Last read position: 2:86,258,776
INFO	2016-07-06 20:28:47	MergeSamFiles	Processed    15,000,000 records.  Elapsed time: 00:02:40s.  Time for last 1,000,000:   10s.  Last read position: 2:110,373,073
INFO	2016-07-06 20:28:58	MergeSamFiles	Processed    16,000,000 records.  Elapsed time: 00:02:51s.  Time for last 1,000,000:   10s.  Last read position: 2:148,672,880
INFO	2016-07-06 20:29:09	MergeSamFiles	Processed    17,000,000 records.  Elapsed time: 00:03:02s.  Time for last 1,000,000:   10s.  Last read position: 2:179,463,564
INFO	2016-07-06 20:29:20	MergeSamFiles	Processed    18,000,000 records.  Elapsed time: 00:03:13s.  Time for last 1,000,000:   10s.  Last read position: 2:214,354,654
INFO	2016-07-06 20:29:30	MergeSamFiles	Processed    19,000,000 records.  Elapsed time: 00:03:23s.  Time for last 1,000,000:   10s.  Last read position: 2:239,040,305
INFO	2016-07-06 20:29:42	MergeSamFiles	Processed    20,000,000 records.  Elapsed time: 00:03:35s.  Time for last 1,000,000:   11s.  Last read position: 3:33,592,711
INFO	2016-07-06 20:29:55	MergeSamFiles	Processed    21,000,000 records.  Elapsed time: 00:03:49s.  Time for last 1,000,000:   13s.  Last read position: 3:49,697,880
INFO	2016-07-06 20:30:06	MergeSamFiles	Processed    22,000,000 records.  Elapsed time: 00:03:59s.  Time for last 1,000,000:   10s.  Last read position: 3:88,039,968
INFO	2016-07-06 20:30:17	MergeSamFiles	Processed    23,000,000 records.  Elapsed time: 00:04:10s.  Time for last 1,000,000:   10s.  Last read position: 3:126,219,416
INFO	2016-07-06 20:30:28	MergeSamFiles	Processed    24,000,000 records.  Elapsed time: 00:04:21s.  Time for last 1,000,000:   11s.  Last read position: 3:162,328,279
INFO	2016-07-06 20:30:39	MergeSamFiles	Processed    25,000,000 records.  Elapsed time: 00:04:33s.  Time for last 1,000,000:   11s.  Last read position: 4:366,932
INFO	2016-07-06 20:30:51	MergeSamFiles	Processed    26,000,000 records.  Elapsed time: 00:04:44s.  Time for last 1,000,000:   11s.  Last read position: 4:40,263,690
INFO	2016-07-06 20:31:04	MergeSamFiles	Processed    27,000,000 records.  Elapsed time: 00:04:57s.  Time for last 1,000,000:   12s.  Last read position: 4:83,925,916
INFO	2016-07-06 20:31:15	MergeSamFiles	Processed    28,000,000 records.  Elapsed time: 00:05:08s.  Time for last 1,000,000:   11s.  Last read position: 4:131,727,285
INFO	2016-07-06 20:31:26	MergeSamFiles	Processed    29,000,000 records.  Elapsed time: 00:05:20s.  Time for last 1,000,000:   11s.  Last read position: 5:748,578
INFO	2016-07-06 20:31:38	MergeSamFiles	Processed    30,000,000 records.  Elapsed time: 00:05:32s.  Time for last 1,000,000:   11s.  Last read position: 5:56,509,945
INFO	2016-07-06 20:31:50	MergeSamFiles	Processed    31,000,000 records.  Elapsed time: 00:05:43s.  Time for last 1,000,000:   11s.  Last read position: 5:102,530,717
INFO	2016-07-06 20:32:01	MergeSamFiles	Processed    32,000,000 records.  Elapsed time: 00:05:54s.  Time for last 1,000,000:   11s.  Last read position: 5:140,237,238
INFO	2016-07-06 20:32:12	MergeSamFiles	Processed    33,000,000 records.  Elapsed time: 00:06:05s.  Time for last 1,000,000:   11s.  Last read position: 5:162,891,784
INFO	2016-07-06 20:32:23	MergeSamFiles	Processed    34,000,000 records.  Elapsed time: 00:06:17s.  Time for last 1,000,000:   11s.  Last read position: 6:13,612,030
INFO	2016-07-06 20:32:34	MergeSamFiles	Processed    35,000,000 records.  Elapsed time: 00:06:27s.  Time for last 1,000,000:   10s.  Last read position: 6:31,974,424
INFO	2016-07-06 20:32:45	MergeSamFiles	Processed    36,000,000 records.  Elapsed time: 00:06:38s.  Time for last 1,000,000:   10s.  Last read position: 6:43,488,140
INFO	2016-07-06 20:32:56	MergeSamFiles	Processed    37,000,000 records.  Elapsed time: 00:06:50s.  Time for last 1,000,000:   11s.  Last read position: 6:90,428,147
INFO	2016-07-06 20:33:07	MergeSamFiles	Processed    38,000,000 records.  Elapsed time: 00:07:01s.  Time for last 1,000,000:   11s.  Last read position: 6:138,026,792
INFO	2016-07-06 20:33:18	MergeSamFiles	Processed    39,000,000 records.  Elapsed time: 00:07:12s.  Time for last 1,000,000:   11s.  Last read position: 6:167,791,468
INFO	2016-07-06 20:33:30	MergeSamFiles	Processed    40,000,000 records.  Elapsed time: 00:07:24s.  Time for last 1,000,000:   11s.  Last read position: 7:36,464,064
INFO	2016-07-06 20:33:42	MergeSamFiles	Processed    41,000,000 records.  Elapsed time: 00:07:35s.  Time for last 1,000,000:   11s.  Last read position: 7:74,627,819
INFO	2016-07-06 20:33:53	MergeSamFiles	Processed    42,000,000 records.  Elapsed time: 00:07:46s.  Time for last 1,000,000:   11s.  Last read position: 7:100,410,718
INFO	2016-07-06 20:34:04	MergeSamFiles	Processed    43,000,000 records.  Elapsed time: 00:07:57s.  Time for last 1,000,000:   10s.  Last read position: 7:129,665,985
INFO	2016-07-06 20:34:15	MergeSamFiles	Processed    44,000,000 records.  Elapsed time: 00:08:08s.  Time for last 1,000,000:   11s.  Last read position: 7:151,261,160
INFO	2016-07-06 20:34:26	MergeSamFiles	Processed    45,000,000 records.  Elapsed time: 00:08:20s.  Time for last 1,000,000:   11s.  Last read position: 8:29,195,634
INFO	2016-07-06 20:34:38	MergeSamFiles	Processed    46,000,000 records.  Elapsed time: 00:08:31s.  Time for last 1,000,000:   11s.  Last read position: 8:86,115,408
INFO	2016-07-06 20:34:50	MergeSamFiles	Processed    47,000,000 records.  Elapsed time: 00:08:43s.  Time for last 1,000,000:   11s.  Last read position: 8:133,740,163
INFO	2016-07-06 20:35:01	MergeSamFiles	Processed    48,000,000 records.  Elapsed time: 00:08:55s.  Time for last 1,000,000:   11s.  Last read position: 9:27,296,725
INFO	2016-07-06 20:35:12	MergeSamFiles	Processed    49,000,000 records.  Elapsed time: 00:09:06s.  Time for last 1,000,000:   10s.  Last read position: 9:71,226,208
INFO	2016-07-06 20:35:24	MergeSamFiles	Processed    50,000,000 records.  Elapsed time: 00:09:17s.  Time for last 1,000,000:   11s.  Last read position: 9:107,298,610
INFO	2016-07-06 20:35:35	MergeSamFiles	Processed    51,000,000 records.  Elapsed time: 00:09:28s.  Time for last 1,000,000:   10s.  Last read position: 9:131,250,197
INFO	2016-07-06 20:35:46	MergeSamFiles	Processed    52,000,000 records.  Elapsed time: 00:09:39s.  Time for last 1,000,000:   11s.  Last read position: 10:7,659,095
INFO	2016-07-06 20:35:58	MergeSamFiles	Processed    53,000,000 records.  Elapsed time: 00:09:51s.  Time for last 1,000,000:   11s.  Last read position: 10:47,729,340
INFO	2016-07-06 20:36:09	MergeSamFiles	Processed    54,000,000 records.  Elapsed time: 00:10:02s.  Time for last 1,000,000:   11s.  Last read position: 10:78,869,922
INFO	2016-07-06 20:36:20	MergeSamFiles	Processed    55,000,000 records.  Elapsed time: 00:10:14s.  Time for last 1,000,000:   11s.  Last read position: 10:103,649,253
INFO	2016-07-06 20:36:31	MergeSamFiles	Processed    56,000,000 records.  Elapsed time: 00:10:25s.  Time for last 1,000,000:   10s.  Last read position: 10:134,230,557
INFO	2016-07-06 20:36:42	MergeSamFiles	Processed    57,000,000 records.  Elapsed time: 00:10:36s.  Time for last 1,000,000:   11s.  Last read position: 11:10,820,795
INFO	2016-07-06 20:36:54	MergeSamFiles	Processed    58,000,000 records.  Elapsed time: 00:10:47s.  Time for last 1,000,000:   11s.  Last read position: 11:47,772,808
INFO	2016-07-06 20:37:04	MergeSamFiles	Processed    59,000,000 records.  Elapsed time: 00:10:58s.  Time for last 1,000,000:   10s.  Last read position: 11:63,721,671
INFO	2016-07-06 20:37:15	MergeSamFiles	Processed    60,000,000 records.  Elapsed time: 00:11:08s.  Time for last 1,000,000:   10s.  Last read position: 11:75,438,615
INFO	2016-07-06 20:37:26	MergeSamFiles	Processed    61,000,000 records.  Elapsed time: 00:11:20s.  Time for last 1,000,000:   11s.  Last read position: 11:117,066,534
INFO	2016-07-06 20:37:37	MergeSamFiles	Processed    62,000,000 records.  Elapsed time: 00:11:31s.  Time for last 1,000,000:   10s.  Last read position: 12:2,891,249
INFO	2016-07-06 20:37:49	MergeSamFiles	Processed    63,000,000 records.  Elapsed time: 00:11:43s.  Time for last 1,000,000:   12s.  Last read position: 12:24,102,529
INFO	2016-07-06 20:38:01	MergeSamFiles	Processed    64,000,000 records.  Elapsed time: 00:11:54s.  Time for last 1,000,000:   11s.  Last read position: 12:52,845,336
INFO	2016-07-06 20:38:11	MergeSamFiles	Processed    65,000,000 records.  Elapsed time: 00:12:05s.  Time for last 1,000,000:   10s.  Last read position: 12:64,808,731
INFO	2016-07-06 20:38:23	MergeSamFiles	Processed    66,000,000 records.  Elapsed time: 00:12:16s.  Time for last 1,000,000:   11s.  Last read position: 12:108,168,951
INFO	2016-07-06 20:38:34	MergeSamFiles	Processed    67,000,000 records.  Elapsed time: 00:12:27s.  Time for last 1,000,000:   10s.  Last read position: 12:125,571,052
INFO	2016-07-06 20:38:45	MergeSamFiles	Processed    68,000,000 records.  Elapsed time: 00:12:39s.  Time for last 1,000,000:   11s.  Last read position: 13:46,276,547
INFO	2016-07-06 20:38:58	MergeSamFiles	Processed    69,000,000 records.  Elapsed time: 00:12:51s.  Time for last 1,000,000:   12s.  Last read position: 13:114,772,990
INFO	2016-07-06 20:39:09	MergeSamFiles	Processed    70,000,000 records.  Elapsed time: 00:13:03s.  Time for last 1,000,000:   11s.  Last read position: 14:36,018,412
INFO	2016-07-06 20:39:21	MergeSamFiles	Processed    71,000,000 records.  Elapsed time: 00:13:14s.  Time for last 1,000,000:   11s.  Last read position: 14:73,534,994
INFO	2016-07-06 20:39:32	MergeSamFiles	Processed    72,000,000 records.  Elapsed time: 00:13:26s.  Time for last 1,000,000:   11s.  Last read position: 14:102,891,563
INFO	2016-07-06 20:39:43	MergeSamFiles	Processed    73,000,000 records.  Elapsed time: 00:13:37s.  Time for last 1,000,000:   10s.  Last read position: 15:32,791,920
INFO	2016-07-06 20:39:55	MergeSamFiles	Processed    74,000,000 records.  Elapsed time: 00:13:48s.  Time for last 1,000,000:   11s.  Last read position: 15:48,756,095
INFO	2016-07-06 20:40:06	MergeSamFiles	Processed    75,000,000 records.  Elapsed time: 00:13:59s.  Time for last 1,000,000:   11s.  Last read position: 15:72,955,002
INFO	2016-07-06 20:40:17	MergeSamFiles	Processed    76,000,000 records.  Elapsed time: 00:14:10s.  Time for last 1,000,000:   11s.  Last read position: 15:91,428,393
INFO	2016-07-06 20:40:29	MergeSamFiles	Processed    77,000,000 records.  Elapsed time: 00:14:22s.  Time for last 1,000,000:   11s.  Last read position: 16:9,892,213
INFO	2016-07-06 20:40:40	MergeSamFiles	Processed    78,000,000 records.  Elapsed time: 00:14:33s.  Time for last 1,000,000:   10s.  Last read position: 16:27,008,330
INFO	2016-07-06 20:40:50	MergeSamFiles	Processed    79,000,000 records.  Elapsed time: 00:14:44s.  Time for last 1,000,000:   10s.  Last read position: 16:49,269,974
INFO	2016-07-06 20:41:01	MergeSamFiles	Processed    80,000,000 records.  Elapsed time: 00:14:55s.  Time for last 1,000,000:   10s.  Last read position: 16:70,512,469
INFO	2016-07-06 20:41:12	MergeSamFiles	Processed    81,000,000 records.  Elapsed time: 00:15:06s.  Time for last 1,000,000:   11s.  Last read position: 17:3,101,621
INFO	2016-07-06 20:41:24	MergeSamFiles	Processed    82,000,000 records.  Elapsed time: 00:15:18s.  Time for last 1,000,000:   12s.  Last read position: 17:10,409,073
INFO	2016-07-06 20:41:35	MergeSamFiles	Processed    83,000,000 records.  Elapsed time: 00:15:29s.  Time for last 1,000,000:   10s.  Last read position: 17:28,783,498
INFO	2016-07-06 20:41:45	MergeSamFiles	Processed    84,000,000 records.  Elapsed time: 00:15:38s.  Time for last 1,000,000:    9s.  Last read position: 17:38,508,603
INFO	2016-07-06 20:41:55	MergeSamFiles	Processed    85,000,000 records.  Elapsed time: 00:15:49s.  Time for last 1,000,000:   10s.  Last read position: 17:45,736,334
INFO	2016-07-06 20:42:06	MergeSamFiles	Processed    86,000,000 records.  Elapsed time: 00:15:59s.  Time for last 1,000,000:   10s.  Last read position: 17:62,891,738
INFO	2016-07-06 20:42:17	MergeSamFiles	Processed    87,000,000 records.  Elapsed time: 00:16:10s.  Time for last 1,000,000:   10s.  Last read position: 17:80,364,269
INFO	2016-07-06 20:42:29	MergeSamFiles	Processed    88,000,000 records.  Elapsed time: 00:16:22s.  Time for last 1,000,000:   11s.  Last read position: 18:44,560,728
INFO	2016-07-06 20:42:41	MergeSamFiles	Processed    89,000,000 records.  Elapsed time: 00:16:34s.  Time for last 1,000,000:   11s.  Last read position: 19:4,328,789
INFO	2016-07-06 20:42:52	MergeSamFiles	Processed    90,000,000 records.  Elapsed time: 00:16:45s.  Time for last 1,000,000:   10s.  Last read position: 19:12,244,577
INFO	2016-07-06 20:43:03	MergeSamFiles	Processed    91,000,000 records.  Elapsed time: 00:16:56s.  Time for last 1,000,000:   10s.  Last read position: 19:22,498,876
INFO	2016-07-06 20:43:13	MergeSamFiles	Processed    92,000,000 records.  Elapsed time: 00:17:07s.  Time for last 1,000,000:   10s.  Last read position: 19:41,385,972
INFO	2016-07-06 20:43:24	MergeSamFiles	Processed    93,000,000 records.  Elapsed time: 00:17:17s.  Time for last 1,000,000:   10s.  Last read position: 19:49,548,356
INFO	2016-07-06 20:43:34	MergeSamFiles	Processed    94,000,000 records.  Elapsed time: 00:17:28s.  Time for last 1,000,000:   10s.  Last read position: 19:56,369,461
INFO	2016-07-06 20:43:46	MergeSamFiles	Processed    95,000,000 records.  Elapsed time: 00:17:39s.  Time for last 1,000,000:   11s.  Last read position: 20:24,993,194
INFO	2016-07-06 20:43:58	MergeSamFiles	Processed    96,000,000 records.  Elapsed time: 00:17:51s.  Time for last 1,000,000:   12s.  Last read position: 20:45,630,058
INFO	2016-07-06 20:44:09	MergeSamFiles	Processed    97,000,000 records.  Elapsed time: 00:18:03s.  Time for last 1,000,000:   11s.  Last read position: 21:34,117,821
INFO	2016-07-06 20:44:21	MergeSamFiles	Processed    98,000,000 records.  Elapsed time: 00:18:14s.  Time for last 1,000,000:   11s.  Last read position: 22:20,307,506
INFO	2016-07-06 20:44:32	MergeSamFiles	Processed    99,000,000 records.  Elapsed time: 00:18:26s.  Time for last 1,000,000:   11s.  Last read position: 22:37,770,354
INFO	2016-07-06 20:44:44	MergeSamFiles	Processed   100,000,000 records.  Elapsed time: 00:18:37s.  Time for last 1,000,000:   11s.  Last read position: X:10,094,101
INFO	2016-07-06 20:44:56	MergeSamFiles	Processed   101,000,000 records.  Elapsed time: 00:18:49s.  Time for last 1,000,000:   11s.  Last read position: X:70,324,620
INFO	2016-07-06 20:45:09	MergeSamFiles	Processed   102,000,000 records.  Elapsed time: 00:19:03s.  Time for last 1,000,000:   13s.  Last read position: X:134,887,424
INFO	2016-07-06 20:45:20	MergeSamFiles	Finished reading inputs.
[Wed Jul 06 20:45:20 EDT 2016] picard.sam.MergeSamFiles done. Elapsed time: 19.23 minutes.
Runtime.totalMemory()=1512570880
