INFO  18:12:40,602 HelpFormatter - --------------------------------------------------------------------------------- 
INFO  18:12:40,604 HelpFormatter - The Genome Analysis Toolkit (GATK) v3.4-46-g8ea4dca, Compiled 2015/08/13 20:41:56 
INFO  18:12:40,605 HelpFormatter - Copyright (c) 2010 The Broad Institute 
INFO  18:12:40,605 HelpFormatter - For support and documentation go to http://www.broadinstitute.org/gatk 
INFO  18:12:40,608 HelpFormatter - Program Args: -T BaseRecalibrator -I /mnt/sdb/data/broadout/HG02769_gatk_best_practices_8t_30s_2016-07-25_16-38-44/HG02769_realign.bam -L /mnt/sdb/Broad_Ref_Pipeline_approved_package/workflow_profiler/.queue/scatterGather/ExampleBaseRecalibrator-1-sg/temp_07_of_24/scatter.intervals -R /mnt/sdb/Broad_Ref_Pipeline_approved_package/b37bundle/human_g1k_v37.fasta -knownSites /mnt/sdb/Broad_Ref_Pipeline_approved_package/b37bundle/dbsnp_138.b37.vcf -o /mnt/sdb/Broad_Ref_Pipeline_approved_package/workflow_profiler/.queue/scatterGather/ExampleBaseRecalibrator-1-sg/temp_07_of_24/HG02769_recal.grp 
INFO  18:12:40,645 HelpFormatter - Executing as bshifaw@application-0-1.hudson.intel.com on Linux 3.10.0-327.el7.x86_64 amd64; OpenJDK 64-Bit Server VM 1.8.0_101-b13. 
INFO  18:12:40,645 HelpFormatter - Date/Time: 2016/07/25 18:12:40 
INFO  18:12:40,645 HelpFormatter - --------------------------------------------------------------------------------- 
INFO  18:12:40,645 HelpFormatter - --------------------------------------------------------------------------------- 
INFO  18:12:40,782 GenomeAnalysisEngine - Strictness is SILENT 
INFO  18:12:41,011 GenomeAnalysisEngine - Downsampling Settings: No downsampling 
INFO  18:12:41,017 SAMDataSource$SAMReaders - Initializing SAMRecords in serial 
INFO  18:12:41,120 SAMDataSource$SAMReaders - Done initializing BAM readers: total time 0.09 
INFO  18:12:41,640 IntervalUtils - Processing 2414879 bp from intervals 
INFO  18:12:41,789 GenomeAnalysisEngine - Preparing for traversal over 1 BAM files 
INFO  18:12:42,192 GenomeAnalysisEngine - Done preparing for traversal 
INFO  18:12:42,212 ProgressMeter - [INITIALIZATION COMPLETE; STARTING PROCESSING] 
INFO  18:12:42,213 ProgressMeter -                 | processed |    time |    per 1M |           |   total | remaining 
INFO  18:12:42,214 ProgressMeter -        Location |     reads | elapsed |     reads | completed | runtime |   runtime 
INFO  18:12:42,271 BaseRecalibrator - The covariates being used here:  
INFO  18:12:42,271 BaseRecalibrator - 	ReadGroupCovariate 
INFO  18:12:42,272 BaseRecalibrator - 	QualityScoreCovariate 
INFO  18:12:42,274 BaseRecalibrator - 	ContextCovariate 
INFO  18:12:42,274 ContextCovariate - 		Context sizes: base substitution model 2, indel substitution model 3 
INFO  18:12:42,274 BaseRecalibrator - 	CycleCovariate 
INFO  18:12:42,276 ReadShardBalancer$1 - Loading BAM index data 
INFO  18:12:42,522 ReadShardBalancer$1 - Done loading BAM index data 
INFO  18:13:12,294 ProgressMeter -       7:4089094         0.0    30.0 s      49.8 w        3.8%    13.1 m      12.6 m 
INFO  18:13:42,295 ProgressMeter -      7:18067246    200002.0    60.0 s       5.0 m       10.9%     9.1 m       8.1 m 
INFO  18:14:19,538 ProgressMeter -      7:24874246    400006.0    97.0 s       4.1 m       14.7%    11.0 m       9.4 m 
INFO  18:14:49,759 ProgressMeter -      7:34118801    500007.0     2.1 m       4.3 m       19.5%    10.9 m       8.7 m 
INFO  18:15:19,761 ProgressMeter -      7:44579051    700010.0     2.6 m       3.8 m       25.1%    10.4 m       7.8 m 
INFO  18:15:49,763 ProgressMeter -      7:55273118    800012.0     3.1 m       3.9 m       30.0%    10.4 m       7.3 m 
INFO  18:16:19,815 ProgressMeter -      7:75614264   1100017.0     3.6 m       3.3 m       37.4%     9.7 m       6.1 m 
INFO  18:16:49,816 ProgressMeter -      7:92732037   1300022.0     4.1 m       3.2 m       46.5%     8.8 m       4.7 m 
INFO  18:17:19,964 ProgressMeter -      7:99914726   1600029.0     4.6 m       2.9 m       54.8%     8.4 m       3.8 m 
INFO  18:17:49,966 ProgressMeter -     7:103136447   1900037.0     5.1 m       2.7 m       61.8%     8.3 m       3.2 m 
INFO  18:18:19,968 ProgressMeter -     7:121568276   2200043.0     5.6 m       2.6 m       70.3%     8.0 m       2.4 m 
INFO  18:18:49,969 ProgressMeter -     7:135261832   2500052.0     6.1 m       2.5 m       79.4%     7.7 m      95.0 s 
INFO  18:19:19,971 ProgressMeter -     7:143141388   2900063.0     6.6 m       2.3 m       87.7%     7.5 m      55.0 s 
INFO  18:19:41,553 BaseRecalibrator - Calculating quantized quality scores... 
INFO  18:19:41,590 BaseRecalibrator - Writing recalibration report... 
INFO  18:19:42,487 BaseRecalibrator - ...done! 
INFO  18:19:42,488 BaseRecalibrator - BaseRecalibrator was able to recalibrate 3255508 reads 
INFO  18:19:42,490 ProgressMeter -            done   3255508.0     7.0 m       2.2 m      100.0%     7.0 m       0.0 s 
INFO  18:19:42,490 ProgressMeter - Total runtime 420.30 secs, 7.00 min, 0.12 hours 
INFO  18:19:42,491 MicroScheduler - 794461 reads were filtered out during the traversal out of approximately 4049969 total reads (19.62%) 
INFO  18:19:42,494 MicroScheduler -   -> 0 reads (0.00% of total) failing BadCigarFilter 
INFO  18:19:42,494 MicroScheduler -   -> 527295 reads (13.02% of total) failing DuplicateReadFilter 
INFO  18:19:42,495 MicroScheduler -   -> 0 reads (0.00% of total) failing FailsVendorQualityCheckFilter 
INFO  18:19:42,495 MicroScheduler -   -> 0 reads (0.00% of total) failing MalformedReadFilter 
INFO  18:19:42,495 MicroScheduler -   -> 0 reads (0.00% of total) failing MappingQualityUnavailableFilter 
INFO  18:19:42,495 MicroScheduler -   -> 266742 reads (6.59% of total) failing MappingQualityZeroFilter 
INFO  18:19:42,495 MicroScheduler -   -> 424 reads (0.01% of total) failing NotPrimaryAlignmentFilter 
INFO  18:19:42,495 MicroScheduler -   -> 0 reads (0.00% of total) failing UnmappedReadFilter 
