INFO  07:30:28,124 HelpFormatter - --------------------------------------------------------------------------------- 
INFO  07:30:28,133 HelpFormatter - The Genome Analysis Toolkit (GATK) v3.4-46-g8ea4dca, Compiled 2015/08/13 20:41:56 
INFO  07:30:28,133 HelpFormatter - Copyright (c) 2010 The Broad Institute 
INFO  07:30:28,133 HelpFormatter - For support and documentation go to http://www.broadinstitute.org/gatk 
INFO  07:30:28,137 HelpFormatter - Program Args: -T BaseRecalibrator -I /mnt/ssdbroad/output/Solexa-272221_gatk_best_practices_36t_30s_2016-02-11_11-59-19/Solexa-272221_realign.bam -L /mnt/ssdbroad/Broad_Ref_Pipeline_approved_package/workflow_profiler/.queue/scatterGather/ExampleBaseRecalibrator-1-sg/temp_09_of_36/scatter.intervals -R /mnt/ssdbroad/Broad_Ref_Pipeline_approved_package/homosapiensrefgenome/Homo_sapiens_assembly19.fasta -knownSites /mnt/ssdbroad/Broad_Ref_Pipeline_approved_package/homosapiensrefgenome/Homo_sapiens_assembly19.dbsnp.vcf -o /mnt/ssdbroad/Broad_Ref_Pipeline_approved_package/workflow_profiler/.queue/scatterGather/ExampleBaseRecalibrator-1-sg/temp_09_of_36/Solexa-272221_recal.grp 
INFO  07:30:28,155 HelpFormatter - Executing as beris@dna on Linux 2.6.32-573.el6.x86_64 amd64; OpenJDK 64-Bit Server VM 1.7.0_79-mockbuild_2015_07_24_09_26-b00. 
INFO  07:30:28,156 HelpFormatter - Date/Time: 2016/02/12 07:30:28 
INFO  07:30:28,156 HelpFormatter - --------------------------------------------------------------------------------- 
INFO  07:30:28,156 HelpFormatter - --------------------------------------------------------------------------------- 
INFO  07:30:28,329 GenomeAnalysisEngine - Strictness is SILENT 
INFO  07:30:28,501 GenomeAnalysisEngine - Downsampling Settings: No downsampling 
INFO  07:30:28,508 SAMDataSource$SAMReaders - Initializing SAMRecords in serial 
INFO  07:30:28,559 SAMDataSource$SAMReaders - Done initializing BAM readers: total time 0.05 
INFO  07:30:28,852 IntervalUtils - Processing 141213431 bp from intervals 
INFO  07:30:29,111 GenomeAnalysisEngine - Preparing for traversal over 1 BAM files 
INFO  07:30:31,408 GenomeAnalysisEngine - Done preparing for traversal 
INFO  07:30:31,408 ProgressMeter - [INITIALIZATION COMPLETE; STARTING PROCESSING] 
INFO  07:30:31,409 ProgressMeter -                 | processed |    time |    per 1M |           |   total | remaining 
INFO  07:30:31,409 ProgressMeter -        Location |     reads | elapsed |     reads | completed | runtime |   runtime 
INFO  07:30:31,464 BaseRecalibrator - The covariates being used here:  
INFO  07:30:31,465 BaseRecalibrator - 	ReadGroupCovariate 
INFO  07:30:31,465 BaseRecalibrator - 	QualityScoreCovariate 
INFO  07:30:31,465 BaseRecalibrator - 	ContextCovariate 
INFO  07:30:31,465 ContextCovariate - 		Context sizes: base substitution model 2, indel substitution model 3 
INFO  07:30:31,465 BaseRecalibrator - 	CycleCovariate 
INFO  07:30:31,468 ReadShardBalancer$1 - Loading BAM index data 
INFO  07:30:32,578 ReadShardBalancer$1 - Done loading BAM index data 
INFO  07:31:03,722 ProgressMeter -        9:198841         0.0    32.0 s      53.4 w        0.1%     6.3 h       6.3 h 
INFO  07:31:33,738 ProgressMeter -       9:1062884    200002.0    62.0 s       5.2 m        0.8%     2.3 h       2.3 h 
INFO  07:32:03,739 ProgressMeter -       9:1785311    400005.0    92.0 s       3.8 m        1.3%     2.0 h     119.7 m 
INFO  07:32:33,741 ProgressMeter -       9:2724040    600007.0     2.0 m       3.4 m        1.9%   105.4 m     103.4 m 
INFO  07:33:03,742 ProgressMeter -       9:3704514    800009.0     2.5 m       3.2 m        2.6%    96.6 m      94.0 m 
INFO  07:33:33,746 ProgressMeter -       9:4585579   1000011.0     3.0 m       3.0 m        3.2%    93.4 m      90.4 m 
INFO  07:34:03,748 ProgressMeter -       9:5461203   1200013.0     3.5 m       2.9 m        3.9%    91.4 m      87.8 m 
INFO  07:34:33,750 ProgressMeter -       9:6308312   1500016.0     4.0 m       2.7 m        4.5%    90.3 m      86.3 m 
INFO  07:35:03,751 ProgressMeter -       9:7170368   1700019.0     4.5 m       2.7 m        5.1%    89.3 m      84.7 m 
INFO  07:35:33,753 ProgressMeter -       9:8090519   1900021.0     5.0 m       2.7 m        5.7%    87.9 m      82.8 m 
INFO  07:36:03,754 ProgressMeter -       9:8943162   2100033.0     5.5 m       2.6 m        6.3%    87.4 m      81.8 m 
INFO  07:36:33,755 ProgressMeter -       9:9923687   2300035.0     6.0 m       2.6 m        7.0%    85.9 m      79.8 m 
INFO  07:37:03,756 ProgressMeter -      9:10814083   2500037.0     6.5 m       2.6 m        7.7%    85.3 m      78.8 m 
INFO  07:37:33,758 ProgressMeter -      9:11705646   2800041.0     7.0 m       2.5 m        8.3%    84.8 m      77.8 m 
INFO  07:38:03,759 ProgressMeter -      9:12624496   3000043.0     7.5 m       2.5 m        8.9%    84.3 m      76.7 m 
INFO  07:38:33,761 ProgressMeter -      9:13624182   3200045.0     8.0 m       2.5 m        9.6%    83.3 m      75.2 m 
INFO  07:39:03,762 ProgressMeter -      9:14589821   3500048.0     8.5 m       2.4 m       10.3%    82.6 m      74.1 m 
INFO  07:39:33,763 ProgressMeter -      9:15540498   3700050.0     9.0 m       2.4 m       11.0%    82.1 m      73.1 m 
INFO  07:40:03,765 ProgressMeter -      9:16531987   3900052.0     9.5 m       2.4 m       11.7%    81.4 m      71.9 m 
INFO  07:40:33,767 ProgressMeter -      9:17495673   4100054.0    10.0 m       2.4 m       12.4%    81.0 m      70.9 m 
INFO  07:41:03,789 ProgressMeter -      9:18485970   4400057.0    10.5 m       2.4 m       13.1%    80.5 m      69.9 m 
INFO  07:41:33,791 ProgressMeter -      9:19426780   4600059.0    11.0 m       2.4 m       13.8%    80.2 m      69.2 m 
INFO  07:42:03,793 ProgressMeter -      9:20398163   4800061.0    11.5 m       2.4 m       14.4%    79.8 m      68.3 m 
INFO  07:42:34,002 ProgressMeter -      9:21282919   5100065.0    12.0 m       2.4 m       15.1%    79.8 m      67.8 m 
INFO  07:43:04,004 ProgressMeter -      9:22293873   5300067.0    12.5 m       2.4 m       15.8%    79.4 m      66.9 m 
INFO  07:43:34,006 ProgressMeter -      9:23286556   5500070.0    13.0 m       2.4 m       16.5%    79.0 m      66.0 m 
INFO  07:44:04,008 ProgressMeter -      9:24292590   5800073.0    13.5 m       2.3 m       17.2%    78.7 m      65.1 m 
INFO  07:44:34,144 ProgressMeter -      9:25318059   6000075.0    14.0 m       2.3 m       17.9%    78.3 m      64.2 m 
INFO  07:45:04,145 ProgressMeter -      9:26274239   6300078.0    14.5 m       2.3 m       18.6%    78.1 m      63.6 m 
INFO  07:45:34,147 ProgressMeter -      9:27228088   6500080.0    15.0 m       2.3 m       19.3%    78.0 m      62.9 m 
INFO  07:46:04,148 ProgressMeter -      9:28200808   6700082.0    15.5 m       2.3 m       20.0%    77.8 m      62.2 m 
INFO  07:46:34,792 ProgressMeter -      9:29162617   6900084.0    16.1 m       2.3 m       20.7%    77.7 m      61.7 m 
INFO  07:47:04,794 ProgressMeter -      9:30128718   7200087.0    16.6 m       2.3 m       21.3%    77.6 m      61.0 m 
INFO  07:47:34,796 ProgressMeter -      9:31125740   7400092.0    17.1 m       2.3 m       22.0%    77.4 m      60.3 m 
INFO  07:48:04,822 ProgressMeter -      9:32062818   7600095.0    17.6 m       2.3 m       22.7%    77.3 m      59.7 m 
INFO  07:48:34,823 ProgressMeter -      9:32992971   7900099.0    18.1 m       2.3 m       23.4%    77.3 m      59.2 m 
INFO  07:49:04,825 ProgressMeter -      9:33995825   8100103.0    18.6 m       2.3 m       24.1%    77.1 m      58.5 m 
INFO  07:49:34,827 ProgressMeter -      9:35012003   8300105.0    19.1 m       2.3 m       24.8%    76.8 m      57.8 m 
INFO  07:50:04,829 ProgressMeter -      9:36018264   8600108.0    19.6 m       2.3 m       25.5%    76.6 m      57.1 m 
INFO  07:50:34,830 ProgressMeter -      9:37042466   8800110.0    20.1 m       2.3 m       26.2%    76.4 m      56.4 m 
INFO  07:51:04,833 ProgressMeter -      9:38038944   9000112.0    20.6 m       2.3 m       26.9%    76.3 m      55.7 m 
INFO  07:51:34,834 ProgressMeter -      9:39103659   9300116.0    21.1 m       2.3 m       27.7%    76.0 m      55.0 m 
INFO  07:52:04,836 ProgressMeter -      9:42901419   9500118.0    21.6 m       2.3 m       30.4%    70.9 m      49.4 m 
INFO  07:52:34,850 ProgressMeter -      9:44774983   9700120.0    22.1 m       2.3 m       31.7%    69.5 m      47.5 m 
INFO  07:53:04,857 ProgressMeter -      9:66076736   9900122.0    22.6 m       2.3 m       46.8%    48.2 m      25.6 m 
INFO  07:53:34,859 ProgressMeter -      9:66807981   1.0100124E7    23.1 m       2.3 m       47.3%    48.7 m      25.7 m 
INFO  07:54:04,860 ProgressMeter -      9:67320925   1.030015E7    23.6 m       2.3 m       47.7%    49.4 m      25.8 m 
INFO  07:54:34,862 ProgressMeter -      9:68413837   1.0500152E7    24.1 m       2.3 m       48.4%    49.6 m      25.6 m 
INFO  07:55:04,863 ProgressMeter -      9:69030712   1.0600153E7    24.6 m       2.3 m       48.9%    50.2 m      25.7 m 
INFO  07:55:34,883 ProgressMeter -      9:69992933   1.0800156E7    25.1 m       2.3 m       49.6%    50.5 m      25.5 m 
INFO  07:56:04,885 ProgressMeter -      9:71525799   1.1100159E7    25.6 m       2.3 m       50.7%    50.4 m      24.9 m 
INFO  07:56:34,895 ProgressMeter -      9:72525423   1.1300161E7    26.1 m       2.3 m       51.4%    50.7 m      24.7 m 
INFO  07:57:04,950 ProgressMeter -      9:73484557   1.1500163E7    26.6 m       2.3 m       52.0%    51.0 m      24.5 m 
INFO  07:57:34,964 ProgressMeter -      9:74453458   1.1800167E7    27.1 m       2.3 m       52.7%    51.3 m      24.3 m 
INFO  07:58:04,966 ProgressMeter -      9:75453992   1.2000169E7    27.6 m       2.3 m       53.4%    51.6 m      24.0 m 
INFO  07:58:34,968 ProgressMeter -      9:76440107   1.2200171E7    28.1 m       2.3 m       54.1%    51.8 m      23.8 m 
INFO  07:59:04,969 ProgressMeter -      9:77407318   1.2500174E7    28.6 m       2.3 m       54.8%    52.1 m      23.5 m 
INFO  07:59:34,971 ProgressMeter -      9:78388343   1.2700176E7    29.1 m       2.3 m       55.5%    52.3 m      23.3 m 
INFO  08:00:04,976 ProgressMeter -      9:79402061   1.2900178E7    29.6 m       2.3 m       56.2%    52.6 m      23.0 m 
INFO  08:00:34,978 ProgressMeter -      9:80387849   1.3200181E7    30.1 m       2.3 m       56.9%    52.8 m      22.7 m 
INFO  08:01:04,980 ProgressMeter -      9:81420747   1.3400183E7    30.6 m       2.3 m       57.7%    53.0 m      22.4 m 
INFO  08:01:34,981 ProgressMeter -      9:82455220   1.3700187E7    31.1 m       2.3 m       58.4%    53.2 m      22.1 m 
INFO  08:02:04,982 ProgressMeter -      9:83457952   1.390019E7    31.6 m       2.3 m       59.1%    53.4 m      21.8 m 
INFO  08:02:34,984 ProgressMeter -      9:84507525   1.4100197E7    32.1 m       2.3 m       59.8%    53.6 m      21.5 m 
INFO  08:03:04,985 ProgressMeter -      9:85569159   1.44002E7    32.6 m       2.3 m       60.6%    53.7 m      21.2 m 
INFO  08:03:34,986 ProgressMeter -      9:86617686   1.4600202E7    33.1 m       2.3 m       61.3%    53.9 m      20.8 m 
INFO  08:04:04,988 ProgressMeter -      9:87640707   1.4900207E7    33.6 m       2.3 m       62.1%    54.1 m      20.5 m 
INFO  08:04:34,990 ProgressMeter -      9:88664168   1.5100209E7    34.1 m       2.3 m       62.8%    54.2 m      20.2 m 
INFO  08:05:04,992 ProgressMeter -      9:89699048   1.5400213E7    34.6 m       2.2 m       63.5%    54.4 m      19.8 m 
INFO  08:05:34,993 ProgressMeter -      9:90760703   1.5600215E7    35.1 m       2.2 m       64.3%    54.5 m      19.5 m 
INFO  08:06:04,995 ProgressMeter -      9:91807913   1.5800218E7    35.6 m       2.3 m       65.0%    54.7 m      19.1 m 
INFO  08:06:34,997 ProgressMeter -      9:93051714   1.6100221E7    36.1 m       2.2 m       65.9%    54.7 m      18.7 m 
INFO  08:07:05,052 ProgressMeter -      9:94065182   1.6300223E7    36.6 m       2.2 m       66.6%    54.9 m      18.3 m 
INFO  08:07:35,054 ProgressMeter -      9:95123136   1.6600226E7    37.1 m       2.2 m       67.4%    55.0 m      18.0 m 
INFO  08:08:05,055 ProgressMeter -      9:96195595   1.6800229E7    37.6 m       2.2 m       68.1%    55.1 m      17.6 m 
INFO  08:08:35,057 ProgressMeter -      9:97267187   1.7100232E7    38.1 m       2.2 m       68.9%    55.2 m      17.2 m 
INFO  08:09:05,059 ProgressMeter -      9:98342837   1.7300234E7    38.6 m       2.2 m       69.6%    55.4 m      16.8 m 
INFO  08:09:35,060 ProgressMeter -      9:99400153   1.7600238E7    39.1 m       2.2 m       70.4%    55.5 m      16.4 m 
INFO  08:10:05,062 ProgressMeter -     9:100472135   1.780024E7    39.6 m       2.2 m       71.1%    55.6 m      16.0 m 
INFO  08:10:35,064 ProgressMeter -     9:101516931   1.8000242E7    40.1 m       2.2 m       71.9%    55.7 m      15.7 m 
INFO  08:11:05,066 ProgressMeter -     9:102502554   1.8300245E7    40.6 m       2.2 m       72.6%    55.9 m      15.3 m 
INFO  08:11:35,068 ProgressMeter -     9:103583765   1.8500247E7    41.1 m       2.2 m       73.4%    56.0 m      14.9 m 
INFO  08:12:05,069 ProgressMeter -     9:104592450   1.880025E7    41.6 m       2.2 m       74.1%    56.1 m      14.5 m 
INFO  08:12:35,249 ProgressMeter -     9:105641239   1.9000252E7    42.1 m       2.2 m       74.8%    56.2 m      14.2 m 
INFO  08:13:05,251 ProgressMeter -     9:106606153   1.9300255E7    42.6 m       2.2 m       75.5%    56.4 m      13.8 m 
INFO  08:13:35,253 ProgressMeter -     9:107631308   1.9500258E7    43.1 m       2.2 m       76.2%    56.5 m      13.4 m 
INFO  08:14:05,254 ProgressMeter -     9:108728569   1.9800261E7    43.6 m       2.2 m       77.0%    56.6 m      13.0 m 
INFO  08:14:36,118 ProgressMeter -     9:109873381   2.0000263E7    44.1 m       2.2 m       77.8%    56.6 m      12.6 m 
INFO  08:15:06,119 ProgressMeter -     9:110930398   2.0300266E7    44.6 m       2.2 m       78.6%    56.7 m      12.2 m 
INFO  08:15:36,176 ProgressMeter -     9:112079125   2.0600269E7    45.1 m       2.2 m       79.4%    56.8 m      11.7 m 
INFO  08:16:06,178 ProgressMeter -     9:113077624   2.0800271E7    45.6 m       2.2 m       80.1%    56.9 m      11.3 m 
INFO  08:16:36,180 ProgressMeter -     9:114115597   2.1000273E7    46.1 m       2.2 m       80.8%    57.0 m      10.9 m 
INFO  08:17:06,182 ProgressMeter -     9:115126159   2.1300277E7    46.6 m       2.2 m       81.5%    57.1 m      10.6 m 
INFO  08:17:36,184 ProgressMeter -     9:116137372   2.150028E7    47.1 m       2.2 m       82.2%    57.2 m      10.2 m 
INFO  08:18:06,186 ProgressMeter -     9:117191638   2.1800283E7    47.6 m       2.2 m       83.0%    57.3 m       9.8 m 
INFO  08:18:36,187 ProgressMeter -     9:118342660   2.2000286E7    48.1 m       2.2 m       83.8%    57.4 m       9.3 m 
INFO  08:19:06,787 ProgressMeter -     9:119364157   2.2300289E7    48.6 m       2.2 m       84.5%    57.5 m       8.9 m 
INFO  08:19:36,789 ProgressMeter -     9:120505290   2.2500292E7    49.1 m       2.2 m       85.3%    57.5 m       8.4 m 
INFO  08:20:06,791 ProgressMeter -     9:121547312   2.2800295E7    49.6 m       2.2 m       86.1%    57.6 m       8.0 m 
INFO  08:20:36,792 ProgressMeter -     9:122556524   2.3000297E7    50.1 m       2.2 m       86.8%    57.7 m       7.6 m 
INFO  08:21:06,795 ProgressMeter -     9:123542996   2.3300301E7    50.6 m       2.2 m       87.5%    57.8 m       7.2 m 
INFO  08:21:36,796 ProgressMeter -     9:124635434   2.3500303E7    51.1 m       2.2 m       88.3%    57.9 m       6.8 m 
INFO  08:22:06,845 ProgressMeter -     9:125713960   2.3800306E7    51.6 m       2.2 m       89.0%    57.9 m       6.4 m 
INFO  08:22:36,846 ProgressMeter -     9:126804279   2.4000308E7    52.1 m       2.2 m       89.8%    58.0 m       5.9 m 
INFO  08:23:06,848 ProgressMeter -     9:127863486   2.4300312E7    52.6 m       2.2 m       90.5%    58.1 m       5.5 m 
INFO  08:23:36,849 ProgressMeter -     9:128933394   2.4500314E7    53.1 m       2.2 m       91.3%    58.1 m       5.1 m 
INFO  08:24:06,851 ProgressMeter -     9:129964250   2.4800317E7    53.6 m       2.2 m       92.0%    58.2 m       4.6 m 
INFO  08:24:36,853 ProgressMeter -     9:131109503   2.5000319E7    54.1 m       2.2 m       92.8%    58.3 m       4.2 m 
INFO  08:25:06,855 ProgressMeter -     9:132259983   2.5300322E7    54.6 m       2.2 m       93.7%    58.3 m       3.7 m 
INFO  08:25:36,857 ProgressMeter -     9:133597226   2.5500324E7    55.1 m       2.2 m       94.6%    58.2 m       3.1 m 
INFO  08:26:06,858 ProgressMeter -     9:134692725   2.5800328E7    55.6 m       2.2 m       95.4%    58.3 m       2.7 m 
INFO  08:26:37,013 ProgressMeter -     9:135831960   2.6000331E7    56.1 m       2.2 m       96.2%    58.3 m       2.2 m 
INFO  08:27:07,015 ProgressMeter -     9:136934632   2.6200333E7    56.6 m       2.2 m       97.0%    58.4 m     106.0 s 
INFO  08:27:37,017 ProgressMeter -     9:138084388   2.6500336E7    57.1 m       2.2 m       97.8%    58.4 m      77.0 s 
INFO  08:28:07,019 ProgressMeter -     9:139161717   2.6700338E7    57.6 m       2.2 m       98.5%    58.4 m      50.0 s 
INFO  08:28:37,021 ProgressMeter -     9:140343836   2.7000342E7    58.1 m       2.2 m       99.4%    58.4 m      21.0 s 
INFO  08:28:57,749 BaseRecalibrator - Calculating quantized quality scores... 
INFO  08:28:57,802 BaseRecalibrator - Writing recalibration report... 
INFO  08:28:59,134 BaseRecalibrator - ...done! 
INFO  08:28:59,134 BaseRecalibrator - BaseRecalibrator was able to recalibrate 27189215 reads 
INFO  08:28:59,135 ProgressMeter -            done   2.7189215E7    58.5 m       2.2 m      100.0%    58.5 m       1.0 s 
INFO  08:28:59,136 ProgressMeter - Total runtime 3507.73 secs, 58.46 min, 0.97 hours 
INFO  08:28:59,136 MicroScheduler - 6971367 reads were filtered out during the traversal out of approximately 34160582 total reads (20.41%) 
INFO  08:28:59,136 MicroScheduler -   -> 0 reads (0.00% of total) failing BadCigarFilter 
INFO  08:28:59,136 MicroScheduler -   -> 3802526 reads (11.13% of total) failing DuplicateReadFilter 
INFO  08:28:59,137 MicroScheduler -   -> 0 reads (0.00% of total) failing FailsVendorQualityCheckFilter 
INFO  08:28:59,137 MicroScheduler -   -> 0 reads (0.00% of total) failing MalformedReadFilter 
INFO  08:28:59,137 MicroScheduler -   -> 0 reads (0.00% of total) failing MappingQualityUnavailableFilter 
INFO  08:28:59,137 MicroScheduler -   -> 3092382 reads (9.05% of total) failing MappingQualityZeroFilter 
INFO  08:28:59,137 MicroScheduler -   -> 76459 reads (0.22% of total) failing NotPrimaryAlignmentFilter 
INFO  08:28:59,137 MicroScheduler -   -> 0 reads (0.00% of total) failing UnmappedReadFilter 
