INFO  20:06:28,116 HelpFormatter - --------------------------------------------------------------------------------- 
INFO  20:06:28,147 HelpFormatter - The Genome Analysis Toolkit (GATK) v3.4-46-g8ea4dca, Compiled 2015/08/13 20:41:56 
INFO  20:06:28,147 HelpFormatter - Copyright (c) 2010 The Broad Institute 
INFO  20:06:28,148 HelpFormatter - For support and documentation go to http://www.broadinstitute.org/gatk 
INFO  20:06:28,151 HelpFormatter - Program Args: -T PrintReads -I /mnt/nvme0n1/data/broadout/HG02561_gatk_best_practices_8t_30s_2016-07-06_18-21-00/HG02561_realign.bam -L /mnt/nvme0n1/Broad_Ref_Pipeline_approved_package/workflow_profiler/.queue/scatterGather/ExamplePrintReads-1-sg/temp_03_of_36/scatter.intervals -R /mnt/nvme0n1/Broad_Ref_Pipeline_approved_package/b37bundle/human_g1k_v37.fasta -BQSR /mnt/nvme0n1/data/broadout/HG02561_gatk_best_practices_8t_30s_2016-07-06_18-21-00/HG02561_recal.grp -o /mnt/nvme0n1/Broad_Ref_Pipeline_approved_package/workflow_profiler/.queue/scatterGather/ExamplePrintReads-1-sg/temp_03_of_36/HG02561_final.bam 
INFO  20:06:28,191 HelpFormatter - Executing as bshifaw@application-1-1.hudson.intel.com on Linux 3.10.0-327.el7.x86_64 amd64; OpenJDK 64-Bit Server VM 1.8.0_91-b14. 
INFO  20:06:28,198 HelpFormatter - Date/Time: 2016/07/06 20:06:28 
INFO  20:06:28,198 HelpFormatter - --------------------------------------------------------------------------------- 
INFO  20:06:28,202 HelpFormatter - --------------------------------------------------------------------------------- 
INFO  20:06:28,544 GenomeAnalysisEngine - Strictness is SILENT 
INFO  20:06:30,837 ContextCovariate - 		Context sizes: base substitution model 2, indel substitution model 3 
INFO  20:06:31,006 GenomeAnalysisEngine - Downsampling Settings: No downsampling 
INFO  20:06:31,113 SAMDataSource$SAMReaders - Initializing SAMRecords in serial 
INFO  20:06:31,344 SAMDataSource$SAMReaders - Done initializing BAM readers: total time 0.23 
INFO  20:06:31,477 IntervalUtils - Processing 198022430 bp from intervals 
INFO  20:06:31,978 GenomeAnalysisEngine - Preparing for traversal over 1 BAM files 
INFO  20:06:33,267 GenomeAnalysisEngine - Done preparing for traversal 
INFO  20:06:33,267 ProgressMeter - [INITIALIZATION COMPLETE; STARTING PROCESSING] 
INFO  20:06:33,268 ProgressMeter -                 | processed |    time |    per 1M |           |   total | remaining 
INFO  20:06:33,268 ProgressMeter -        Location |     reads | elapsed |     reads | completed | runtime |   runtime 
INFO  20:06:33,340 ReadShardBalancer$1 - Loading BAM index data 
INFO  20:06:35,120 ReadShardBalancer$1 - Done loading BAM index data 
INFO  20:07:03,497 ProgressMeter -       3:1394140         0.0    30.0 s      50.0 w        0.7%    71.0 m      70.5 m 
INFO  20:07:33,532 ProgressMeter -       3:9739538    100001.0    60.0 s      10.0 m        4.9%    20.3 m      19.3 m 
INFO  20:08:03,547 ProgressMeter -      3:10331573    200002.0    90.0 s       7.5 m        5.2%    28.8 m      27.3 m 
INFO  20:08:33,551 ProgressMeter -      3:12183494    300005.0   120.0 s       6.7 m        6.2%    32.5 m      30.5 m 
INFO  20:09:08,202 ProgressMeter -      3:14190112    400010.0     2.6 m       6.5 m        7.2%    35.8 m      33.3 m 
INFO  20:09:38,339 ProgressMeter -      3:17913803    500011.0     3.1 m       6.2 m        9.0%    34.1 m      31.0 m 
INFO  20:10:08,340 ProgressMeter -      3:31496238    700013.0     3.6 m       5.1 m       15.9%    22.5 m      18.9 m 
INFO  20:10:38,341 ProgressMeter -      3:36874016    800016.0     4.1 m       5.1 m       18.6%    21.9 m      17.8 m 
INFO  20:11:08,343 ProgressMeter -      3:39136291   1000018.0     4.6 m       4.6 m       19.8%    23.2 m      18.6 m 
INFO  20:11:38,842 ProgressMeter -      3:42906307   1100020.0     5.1 m       4.6 m       21.7%    23.5 m      18.4 m 
INFO  20:12:08,847 ProgressMeter -      3:46480899   1300026.0     5.6 m       4.3 m       23.5%    23.8 m      18.2 m 
INFO  20:12:38,848 ProgressMeter -      3:48266792   1500031.0     6.1 m       4.1 m       24.4%    25.0 m      18.9 m 
INFO  20:13:08,849 ProgressMeter -      3:49019264   1700036.0     6.6 m       3.9 m       24.8%    26.6 m      20.0 m 
INFO  20:13:38,850 ProgressMeter -      3:49897075   1900046.0     7.1 m       3.7 m       25.2%    28.1 m      21.0 m 
INFO  20:14:08,851 ProgressMeter -      3:51992210   2100055.0     7.6 m       3.6 m       26.3%    28.9 m      21.3 m 
INFO  20:14:38,913 ProgressMeter -      3:52863353   2300058.0     8.1 m       3.5 m       26.7%    30.3 m      22.2 m 
INFO  20:15:08,914 ProgressMeter -      3:58552999   2500060.0     8.6 m       3.4 m       29.6%    29.0 m      20.4 m 
INFO  20:15:39,195 ProgressMeter -      3:74350907   2700062.0     9.1 m       3.4 m       37.5%    24.2 m      15.1 m 
INFO  20:16:09,390 ProgressMeter -     3:100016850   3000070.0     9.6 m       3.2 m       50.5%    19.0 m       9.4 m 
INFO  20:16:39,428 ProgressMeter -     3:111638064   3200077.0    10.1 m       3.2 m       56.4%    17.9 m       7.8 m 
INFO  20:17:09,429 ProgressMeter -     3:118943159   3400080.0    10.6 m       3.1 m       60.1%    17.6 m       7.0 m 
INFO  20:17:39,430 ProgressMeter -     3:122575228   3600085.0    11.1 m       3.1 m       61.9%    17.9 m       6.8 m 
INFO  20:18:09,543 ProgressMeter -     3:127540734   3900093.0    11.6 m       3.0 m       64.4%    18.0 m       6.4 m 
INFO  20:18:41,180 ProgressMeter -     3:134968354   4200102.0    12.1 m       2.9 m       68.2%    17.8 m       5.7 m 
INFO  20:19:11,181 ProgressMeter -     3:149205483   4500105.0    12.6 m       2.8 m       75.3%    16.7 m       4.1 m 
INFO  20:19:42,290 ProgressMeter -     3:169847213   4900132.0    13.2 m       2.7 m       85.8%    15.3 m       2.2 m 
INFO  20:20:12,291 ProgressMeter -     3:185797663   5400154.0    13.7 m       2.5 m       93.8%    14.5 m      53.0 s 
INFO  20:20:36,981 Walker - [REDUCE RESULT] Traversal result is: org.broadinstitute.gatk.engine.io.stubs.SAMFileWriterStub@5b58129f 
INFO  20:20:37,149 ProgressMeter -            done   5878782.0    14.1 m       2.4 m      100.0%    14.1 m       0.0 s 
INFO  20:20:37,150 ProgressMeter - Total runtime 843.88 secs, 14.06 min, 0.23 hours 
INFO  20:20:37,150 MicroScheduler - 0 reads were filtered out during the traversal out of approximately 5878782 total reads (0.00%) 
INFO  20:20:37,151 MicroScheduler -   -> 0 reads (0.00% of total) failing BadCigarFilter 
INFO  20:20:37,151 MicroScheduler -   -> 0 reads (0.00% of total) failing MalformedReadFilter 
