INFO  18:27:25,538 HelpFormatter - --------------------------------------------------------------------------------- 
INFO  18:27:25,555 HelpFormatter - The Genome Analysis Toolkit (GATK) v3.4-46-g8ea4dca, Compiled 2015/08/13 20:41:56 
INFO  18:27:25,556 HelpFormatter - Copyright (c) 2010 The Broad Institute 
INFO  18:27:25,556 HelpFormatter - For support and documentation go to http://www.broadinstitute.org/gatk 
INFO  18:27:25,560 HelpFormatter - Program Args: -T PrintReads -I /mnt/sdb/data/broadout/HG02769_gatk_best_practices_8t_30s_2016-07-25_16-38-44/HG02769_realign.bam -L /mnt/sdb/Broad_Ref_Pipeline_approved_package/workflow_profiler/.queue/scatterGather/ExamplePrintReads-1-sg/temp_03_of_36/scatter.intervals -R /mnt/sdb/Broad_Ref_Pipeline_approved_package/b37bundle/human_g1k_v37.fasta -BQSR /mnt/sdb/data/broadout/HG02769_gatk_best_practices_8t_30s_2016-07-25_16-38-44/HG02769_recal.grp -o /mnt/sdb/Broad_Ref_Pipeline_approved_package/workflow_profiler/.queue/scatterGather/ExamplePrintReads-1-sg/temp_03_of_36/HG02769_final.bam 
INFO  18:27:25,612 HelpFormatter - Executing as bshifaw@application-0-1.hudson.intel.com on Linux 3.10.0-327.el7.x86_64 amd64; OpenJDK 64-Bit Server VM 1.8.0_101-b13. 
INFO  18:27:25,613 HelpFormatter - Date/Time: 2016/07/25 18:27:25 
INFO  18:27:25,614 HelpFormatter - --------------------------------------------------------------------------------- 
INFO  18:27:25,614 HelpFormatter - --------------------------------------------------------------------------------- 
INFO  18:27:25,880 GenomeAnalysisEngine - Strictness is SILENT 
INFO  18:27:28,237 ContextCovariate - 		Context sizes: base substitution model 2, indel substitution model 3 
INFO  18:27:28,391 GenomeAnalysisEngine - Downsampling Settings: No downsampling 
INFO  18:27:28,417 SAMDataSource$SAMReaders - Initializing SAMRecords in serial 
INFO  18:27:28,581 SAMDataSource$SAMReaders - Done initializing BAM readers: total time 0.16 
INFO  18:27:28,662 IntervalUtils - Processing 198022430 bp from intervals 
INFO  18:27:28,988 GenomeAnalysisEngine - Preparing for traversal over 1 BAM files 
INFO  18:27:29,609 GenomeAnalysisEngine - Done preparing for traversal 
INFO  18:27:29,628 ProgressMeter - [INITIALIZATION COMPLETE; STARTING PROCESSING] 
INFO  18:27:29,629 ProgressMeter -                 | processed |    time |    per 1M |           |   total | remaining 
INFO  18:27:29,629 ProgressMeter -        Location |     reads | elapsed |     reads | completed | runtime |   runtime 
INFO  18:27:29,653 ReadShardBalancer$1 - Loading BAM index data 
INFO  18:27:30,738 ReadShardBalancer$1 - Done loading BAM index data 
INFO  18:28:05,354 ProgressMeter -        3:402117         0.0    35.0 s      59.1 w        0.2%     4.8 h       4.8 h 
INFO  18:28:35,370 ProgressMeter -       3:9739476    100002.0    65.0 s      11.0 m        4.9%    22.0 m      20.9 m 
INFO  18:29:05,371 ProgressMeter -      3:10401666    200003.0    95.0 s       8.0 m        5.3%    30.1 m      28.6 m 
INFO  18:29:35,610 ProgressMeter -      3:14485257    400005.0     2.1 m       5.2 m        7.3%    28.5 m      26.4 m 
INFO  18:30:05,611 ProgressMeter -      3:24185289    600010.0     2.6 m       4.3 m       12.2%    21.2 m      18.6 m 
INFO  18:30:35,612 ProgressMeter -      3:37095945    800014.0     3.1 m       3.9 m       18.7%    16.5 m      13.4 m 
INFO  18:31:05,614 ProgressMeter -      3:41277791   1000016.0     3.6 m       3.6 m       20.8%    17.2 m      13.6 m 
INFO  18:31:35,615 ProgressMeter -      3:46009369   1300021.0     4.1 m       3.2 m       23.2%    17.6 m      13.5 m 
INFO  18:32:05,615 ProgressMeter -      3:48619314   1500024.0     4.6 m       3.1 m       24.6%    18.7 m      14.1 m 
INFO  18:32:35,616 ProgressMeter -      3:50145741   1800028.0     5.1 m       2.8 m       25.3%    20.1 m      15.0 m 
INFO  18:33:05,617 ProgressMeter -      3:52491944   2100033.0     5.6 m       2.7 m       26.5%    21.1 m      15.5 m 
INFO  18:33:35,618 ProgressMeter -      3:58486746   2400046.0     6.1 m       2.5 m       29.5%    20.6 m      14.5 m 
INFO  18:34:15,619 ProgressMeter -      3:97806329   2800055.0     6.8 m       2.4 m       49.4%    13.7 m       6.9 m 
INFO  18:34:45,661 ProgressMeter -     3:111797602   3100059.0     7.3 m       2.3 m       56.5%    12.9 m       5.6 m 
INFO  18:35:15,797 ProgressMeter -     3:121616392   3500066.0     7.8 m       2.2 m       61.4%    12.6 m       4.9 m 
INFO  18:35:45,798 ProgressMeter -     3:129020964   3800073.0     8.3 m       2.2 m       65.2%    12.7 m       4.4 m 
INFO  18:36:15,861 ProgressMeter -     3:142131504   4300088.0     8.8 m       2.0 m       71.8%    12.2 m       3.4 m 
INFO  18:36:45,897 ProgressMeter -     3:170150521   4800098.0     9.3 m     115.0 s       85.9%    10.8 m      91.0 s 
INFO  18:37:15,898 ProgressMeter -     3:189612284   5300109.0     9.8 m     110.0 s       95.8%    10.2 m      25.0 s 
INFO  18:37:30,728 Walker - [REDUCE RESULT] Traversal result is: org.broadinstitute.gatk.engine.io.stubs.SAMFileWriterStub@2a6e54c2 
INFO  18:37:30,854 ProgressMeter -            done   5679807.0    10.0 m     105.0 s      100.0%    10.0 m       0.0 s 
INFO  18:37:30,854 ProgressMeter - Total runtime 601.23 secs, 10.02 min, 0.17 hours 
INFO  18:37:30,855 MicroScheduler - 0 reads were filtered out during the traversal out of approximately 5679807 total reads (0.00%) 
INFO  18:37:30,855 MicroScheduler -   -> 0 reads (0.00% of total) failing BadCigarFilter 
INFO  18:37:30,855 MicroScheduler -   -> 0 reads (0.00% of total) failing MalformedReadFilter 
