INFO  09:26:31,431 HelpFormatter - --------------------------------------------------------------------------------- 
INFO  09:26:31,433 HelpFormatter - The Genome Analysis Toolkit (GATK) v3.4-46-g8ea4dca, Compiled 2015/08/13 20:41:56 
INFO  09:26:31,433 HelpFormatter - Copyright (c) 2010 The Broad Institute 
INFO  09:26:31,433 HelpFormatter - For support and documentation go to http://www.broadinstitute.org/gatk 
INFO  09:26:31,438 HelpFormatter - Program Args: -T PrintReads -I /mnt/ssdbroad/output/Solexa-272221_gatk_best_practices_36t_30s_2016-02-11_11-59-19/Solexa-272221_realign.bam -L /mnt/ssdbroad/Broad_Ref_Pipeline_approved_package/workflow_profiler/.queue/scatterGather/ExamplePrintReads-1-sg/temp_03_of_36/scatter.intervals -R /mnt/ssdbroad/Broad_Ref_Pipeline_approved_package/homosapiensrefgenome/Homo_sapiens_assembly19.fasta -BQSR /mnt/ssdbroad/output/Solexa-272221_gatk_best_practices_36t_30s_2016-02-11_11-59-19/Solexa-272221_recal.grp -o /mnt/ssdbroad/Broad_Ref_Pipeline_approved_package/workflow_profiler/.queue/scatterGather/ExamplePrintReads-1-sg/temp_03_of_36/Solexa-272221_final.bam 
INFO  09:26:31,443 HelpFormatter - Executing as beris@dna on Linux 2.6.32-573.el6.x86_64 amd64; OpenJDK 64-Bit Server VM 1.7.0_79-mockbuild_2015_07_24_09_26-b00. 
INFO  09:26:31,443 HelpFormatter - Date/Time: 2016/02/12 09:26:31 
INFO  09:26:31,443 HelpFormatter - --------------------------------------------------------------------------------- 
INFO  09:26:31,444 HelpFormatter - --------------------------------------------------------------------------------- 
INFO  09:26:31,546 GenomeAnalysisEngine - Strictness is SILENT 
INFO  09:26:32,778 ContextCovariate - 		Context sizes: base substitution model 2, indel substitution model 3 
INFO  09:26:32,832 GenomeAnalysisEngine - Downsampling Settings: No downsampling 
INFO  09:26:32,839 SAMDataSource$SAMReaders - Initializing SAMRecords in serial 
INFO  09:26:32,877 SAMDataSource$SAMReaders - Done initializing BAM readers: total time 0.04 
INFO  09:26:32,894 IntervalUtils - Processing 198022430 bp from intervals 
INFO  09:26:32,983 GenomeAnalysisEngine - Preparing for traversal over 1 BAM files 
INFO  09:26:33,770 GenomeAnalysisEngine - Done preparing for traversal 
INFO  09:26:33,770 ProgressMeter - [INITIALIZATION COMPLETE; STARTING PROCESSING] 
INFO  09:26:33,770 ProgressMeter -                 | processed |    time |    per 1M |           |   total | remaining 
INFO  09:26:33,770 ProgressMeter -        Location |     reads | elapsed |     reads | completed | runtime |   runtime 
INFO  09:26:33,798 ReadShardBalancer$1 - Loading BAM index data 
INFO  09:26:34,730 ReadShardBalancer$1 - Done loading BAM index data 
INFO  09:27:04,095 ProgressMeter -        3:219516         0.0    30.0 s      50.1 w        0.1%     7.5 h       7.5 h 
INFO  09:27:34,607 ProgressMeter -        3:802017    200003.0    60.0 s       5.1 m        0.4%     4.1 h       4.1 h 
INFO  09:28:06,931 ProgressMeter -       3:1157533    300004.0    93.0 s       5.2 m        0.6%     4.4 h       4.4 h 
INFO  09:28:38,024 ProgressMeter -       3:2064634    500007.0     2.1 m       4.1 m        1.0%     3.3 h       3.3 h 
INFO  09:29:08,035 ProgressMeter -       3:3010389    800012.0     2.6 m       3.2 m        1.5%     2.8 h       2.8 h 
INFO  09:29:38,148 ProgressMeter -       3:3960935   1000014.0     3.1 m       3.1 m        2.0%     2.6 h       2.5 h 
INFO  09:30:18,149 ProgressMeter -       3:5048800   1300019.0     3.7 m       2.9 m        2.5%     2.4 h       2.4 h 
INFO  09:30:58,150 ProgressMeter -       3:6352595   1700023.0     4.4 m       2.6 m        3.2%     2.3 h       2.2 h 
INFO  09:31:28,549 ProgressMeter -       3:7271037   2000027.0     4.9 m       2.5 m        3.7%     2.2 h       2.1 h 
INFO  09:31:58,550 ProgressMeter -       3:8293400   2300035.0     5.4 m       2.4 m        4.2%     2.1 h       2.1 h 
INFO  09:32:28,569 ProgressMeter -       3:9115960   2500038.0     5.9 m       2.4 m        4.6%     2.1 h       2.0 h 
INFO  09:32:58,571 ProgressMeter -      3:10182914   2800042.0     6.4 m       2.3 m        5.1%     2.1 h     118.1 m 
INFO  09:33:28,571 ProgressMeter -      3:11254937   3000044.0     6.9 m       2.3 m        5.7%     2.0 h     114.5 m 
INFO  09:33:58,572 ProgressMeter -      3:12308915   3300048.0     7.4 m       2.2 m        6.2%   119.0 m     111.6 m 
INFO  09:34:28,574 ProgressMeter -      3:13397063   3600051.0     7.9 m       2.2 m        6.8%   116.8 m     108.9 m 
INFO  09:34:58,575 ProgressMeter -      3:14504271   3900054.0     8.4 m       2.2 m        7.3%   114.7 m     106.3 m 
INFO  09:35:38,576 ProgressMeter -      3:15835213   4200058.0     9.1 m       2.2 m        8.0%   113.4 m     104.3 m 
INFO  09:36:08,577 ProgressMeter -      3:16876324   4500061.0     9.6 m       2.1 m        8.5%   112.3 m     102.7 m 
INFO  09:36:38,578 ProgressMeter -      3:17778506   4800064.0    10.1 m       2.1 m        9.0%   112.1 m     102.1 m 
INFO  09:37:08,579 ProgressMeter -      3:18804898   5100071.0    10.6 m       2.1 m        9.5%   111.3 m     100.7 m 
INFO  09:37:38,580 ProgressMeter -      3:19811309   5400076.0    11.1 m       2.1 m       10.0%   110.6 m      99.5 m 
INFO  09:38:08,583 ProgressMeter -      3:20848878   5700079.0    11.6 m       2.0 m       10.5%   109.9 m      98.3 m 
INFO  09:38:38,584 ProgressMeter -      3:21836353   5900083.0    12.1 m       2.0 m       11.0%   109.4 m      97.4 m 
INFO  09:39:08,585 ProgressMeter -      3:22855294   6200088.0    12.6 m       2.0 m       11.5%   108.9 m      96.3 m 
INFO  09:39:48,586 ProgressMeter -      3:24068371   6600094.0    13.2 m     120.0 s       12.2%   108.9 m      95.6 m 
INFO  09:40:18,587 ProgressMeter -      3:25091670   6800096.0    13.7 m       2.0 m       12.7%   108.4 m      94.6 m 
INFO  09:40:48,588 ProgressMeter -      3:26153562   7100151.0    14.2 m     120.0 s       13.2%   107.8 m      93.5 m 
INFO  09:41:18,589 ProgressMeter -      3:27185737   7400156.0    14.7 m     119.0 s       13.7%   107.3 m      92.6 m 
INFO  09:41:48,697 ProgressMeter -      3:28095964   7700160.0    15.2 m     118.0 s       14.2%   107.4 m      92.1 m 
INFO  09:42:18,854 ProgressMeter -      3:29136999   8000163.0    15.8 m     118.0 s       14.7%   107.0 m      91.3 m 
INFO  09:42:50,813 ProgressMeter -      3:30159236   8300167.0    16.3 m     117.0 s       15.2%   106.9 m      90.6 m 
INFO  09:43:20,814 ProgressMeter -      3:31204766   8500169.0    16.8 m     118.0 s       15.8%   106.5 m      89.7 m 
INFO  09:43:50,815 ProgressMeter -      3:32223052   8800173.0    17.3 m     117.0 s       16.3%   106.2 m      88.9 m 
INFO  09:44:20,816 ProgressMeter -      3:33252327   9100176.0    17.8 m     117.0 s       16.8%   105.9 m      88.1 m 
INFO  09:44:50,817 ProgressMeter -      3:34302955   9400181.0    18.3 m     116.0 s       17.3%   105.5 m      87.3 m 
INFO  09:45:20,818 ProgressMeter -      3:35251935   9700187.0    18.8 m     116.0 s       17.8%   105.5 m      86.7 m 
INFO  09:45:50,965 ProgressMeter -      3:36306554   1.000019E7    19.3 m     115.0 s       18.3%   105.2 m      85.9 m 
INFO  09:46:21,062 ProgressMeter -      3:37388756   1.0300195E7    19.8 m     115.0 s       18.9%   104.8 m      85.0 m 
INFO  09:46:51,063 ProgressMeter -      3:38471818   1.0500198E7    20.3 m     115.0 s       19.4%   104.4 m      84.1 m 
INFO  09:47:21,064 ProgressMeter -      3:39533501   1.0800202E7    20.8 m     115.0 s       20.0%   104.1 m      83.3 m 
INFO  09:47:51,065 ProgressMeter -      3:40519603   1.1100205E7    21.3 m     115.0 s       20.5%   104.0 m      82.7 m 
INFO  09:48:21,066 ProgressMeter -      3:41592016   1.140021E7    21.8 m     114.0 s       21.0%   103.7 m      81.9 m 
INFO  09:48:51,067 ProgressMeter -      3:42691008   1.1700214E7    22.3 m     114.0 s       21.6%   103.4 m      81.1 m 
INFO  09:49:21,068 ProgressMeter -      3:43773358   1.2000217E7    22.8 m     113.0 s       22.1%   103.1 m      80.3 m 
INFO  09:49:51,070 ProgressMeter -      3:44866656   1.2300221E7    23.3 m     113.0 s       22.7%   102.8 m      79.5 m 
INFO  09:50:21,298 ProgressMeter -      3:45826491   1.2600225E7    23.8 m     113.0 s       23.1%   102.8 m      79.0 m 
INFO  09:50:51,386 ProgressMeter -      3:46919520   1.2901764E7    24.3 m     112.0 s       23.7%   102.5 m      78.2 m 
INFO  09:51:21,388 ProgressMeter -      3:48051997   1.3101767E7    24.8 m     113.0 s       24.3%   102.1 m      77.3 m 
INFO  09:51:51,389 ProgressMeter -      3:49140901   1.3401771E7    25.3 m     113.0 s       24.8%   101.9 m      76.6 m 
INFO  09:52:21,390 ProgressMeter -      3:50252260   1.3701776E7    25.8 m     112.0 s       25.4%   101.6 m      75.8 m 
INFO  09:52:51,391 ProgressMeter -      3:51276999   1.4001779E7    26.3 m     112.0 s       25.9%   101.5 m      75.2 m 
INFO  09:53:23,054 ProgressMeter -      3:52353649   1.4301782E7    26.8 m     112.0 s       26.4%   101.4 m      74.6 m 
INFO  09:53:53,055 ProgressMeter -      3:53411355   1.4501784E7    27.3 m     113.0 s       27.0%   101.3 m      74.0 m 
INFO  09:54:23,056 ProgressMeter -      3:54494190   1.4801787E7    27.8 m     112.0 s       27.5%   101.1 m      73.3 m 
INFO  09:54:53,057 ProgressMeter -      3:55401173   1.5101791E7    28.3 m     112.0 s       28.0%   101.2 m      72.9 m 
INFO  09:55:23,084 ProgressMeter -      3:56419502   1.5401794E7    28.8 m     112.0 s       28.5%   101.1 m      72.3 m 
INFO  09:55:53,085 ProgressMeter -      3:57476114   1.5701797E7    29.3 m     112.0 s       29.0%   101.0 m      71.7 m 
INFO  09:56:23,584 ProgressMeter -      3:58562137   1.5901801E7    29.8 m     112.0 s       29.6%   100.8 m      71.0 m 
INFO  09:56:53,585 ProgressMeter -      3:59628424   1.6201805E7    30.3 m     112.0 s       30.1%   100.7 m      70.4 m 
INFO  09:57:23,586 ProgressMeter -      3:60714627   1.650181E7    30.8 m     112.0 s       30.7%   100.5 m      69.7 m 
INFO  09:57:53,588 ProgressMeter -      3:61783951   1.6801816E7    31.3 m     111.0 s       31.2%   100.4 m      69.1 m 
INFO  09:58:23,589 ProgressMeter -      3:62867023   1.7101819E7    31.8 m     111.0 s       31.7%   100.2 m      68.4 m 
INFO  09:58:53,590 ProgressMeter -      3:63921528   1.7401825E7    32.3 m     111.0 s       32.3%   100.1 m      67.8 m 
INFO  09:59:23,591 ProgressMeter -      3:64933240   1.770183E7    32.8 m     111.0 s       32.8%   100.1 m      67.3 m 
INFO  09:59:53,592 ProgressMeter -      3:65971146   1.8001836E7    33.3 m     111.0 s       33.3%   100.0 m      66.7 m 
INFO  10:00:24,339 ProgressMeter -      3:67097475   1.8301877E7    33.8 m     110.0 s       33.9%    99.9 m      66.0 m 
INFO  10:00:56,822 ProgressMeter -      3:68161744   1.8601884E7    34.4 m     110.0 s       34.4%    99.9 m      65.5 m 
INFO  10:01:27,038 ProgressMeter -      3:69257670   1.8801886E7    34.9 m     111.0 s       35.0%    99.7 m      64.9 m 
INFO  10:01:57,039 ProgressMeter -      3:70291249   1.9101889E7    35.4 m     111.0 s       35.5%    99.7 m      64.3 m 
INFO  10:02:27,040 ProgressMeter -      3:71332419   1.9401893E7    35.9 m     110.0 s       36.0%    99.6 m      63.7 m 
INFO  10:02:57,041 ProgressMeter -      3:72364144   1.9701896E7    36.4 m     110.0 s       36.5%    99.6 m      63.2 m 
INFO  10:03:27,042 ProgressMeter -      3:73347787   2.0001902E7    36.9 m     110.0 s       37.0%    99.6 m      62.7 m 
INFO  10:03:58,212 ProgressMeter -      3:74356596   2.0201904E7    37.4 m     111.0 s       37.5%    99.6 m      62.2 m 
INFO  10:04:28,213 ProgressMeter -      3:75373637   2.0501908E7    37.9 m     110.0 s       38.1%    99.6 m      61.7 m 
INFO  10:04:58,214 ProgressMeter -      3:76270390   2.0801914E7    38.4 m     110.0 s       38.5%    99.7 m      61.3 m 
INFO  10:05:28,215 ProgressMeter -      3:77306802   2.1101919E7    38.9 m     110.0 s       39.0%    99.6 m      60.7 m 
INFO  10:05:58,228 ProgressMeter -      3:78307831   2.1401923E7    39.4 m     110.0 s       39.5%    99.6 m      60.2 m 
INFO  10:06:28,228 ProgressMeter -      3:79362633   2.1701928E7    39.9 m     110.0 s       40.1%    99.6 m      59.7 m 
INFO  10:06:58,229 ProgressMeter -      3:80423331   2.2001931E7    40.4 m     110.0 s       40.6%    99.5 m      59.1 m 
INFO  10:07:28,230 ProgressMeter -      3:81459715   2.2301935E7    40.9 m     110.0 s       41.1%    99.4 m      58.5 m 
INFO  10:07:58,231 ProgressMeter -      3:82517313   2.2601939E7    41.4 m     109.0 s       41.7%    99.4 m      58.0 m 
INFO  10:08:28,232 ProgressMeter -      3:83567390   2.2901942E7    41.9 m     109.0 s       42.2%    99.3 m      57.4 m 
INFO  10:09:08,233 ProgressMeter -      3:84971186   2.3301946E7    42.6 m     109.0 s       42.9%    99.2 m      56.6 m 
INFO  10:09:38,234 ProgressMeter -      3:86032200   2.3601951E7    43.1 m     109.0 s       43.4%    99.1 m      56.1 m 
INFO  10:10:08,235 ProgressMeter -      3:87078367   2.3901954E7    43.6 m     109.0 s       44.0%    99.1 m      55.5 m 
INFO  10:10:38,236 ProgressMeter -      3:88151347   2.4201957E7    44.1 m     109.0 s       44.5%    99.0 m      54.9 m 
INFO  10:11:18,267 ProgressMeter -      3:89551730   2.4601961E7    44.7 m     109.0 s       45.2%    98.9 m      54.2 m 
INFO  10:11:48,268 ProgressMeter -      3:90457428   2.4901964E7    45.2 m     109.0 s       45.7%    99.0 m      53.8 m 
INFO  10:12:18,269 ProgressMeter -      3:94433786   2.5201968E7    45.7 m     108.0 s       47.7%    95.9 m      50.2 m 
INFO  10:12:48,270 ProgressMeter -      3:95483005   2.5501973E7    46.2 m     108.0 s       48.2%    95.9 m      49.7 m 
INFO  10:13:18,271 ProgressMeter -      3:96576175   2.5801977E7    46.7 m     108.0 s       48.8%    95.8 m      49.1 m 
INFO  10:13:48,272 ProgressMeter -      3:97637504   2.610198E7    47.2 m     108.0 s       49.3%    95.8 m      48.6 m 
INFO  10:14:18,273 ProgressMeter -      3:98697692   2.6401984E7    47.7 m     108.0 s       49.8%    95.8 m      48.0 m 
INFO  10:14:58,274 ProgressMeter -     3:100146577   2.680199E7    48.4 m     108.0 s       50.6%    95.7 m      47.3 m 
INFO  10:15:38,301 ProgressMeter -     3:101580429   2.7201995E7    49.1 m     108.0 s       51.3%    95.7 m      46.6 m 
INFO  10:16:08,335 ProgressMeter -     3:102655072   2.7501998E7    49.6 m     108.0 s       51.8%    95.6 m      46.0 m 
INFO  10:16:38,336 ProgressMeter -     3:103729971   2.7902002E7    50.1 m     107.0 s       52.4%    95.6 m      45.5 m 
INFO  10:17:08,389 ProgressMeter -     3:104870445   2.8202005E7    50.6 m     107.0 s       53.0%    95.5 m      44.9 m 
INFO  10:17:38,390 ProgressMeter -     3:106035794   2.8502008E7    51.1 m     107.0 s       53.5%    95.4 m      44.3 m 
INFO  10:18:08,392 ProgressMeter -     3:107207937   2.8802011E7    51.6 m     107.0 s       54.1%    95.2 m      43.7 m 
INFO  10:18:38,393 ProgressMeter -     3:108337092   2.9202015E7    52.1 m     107.0 s       54.7%    95.2 m      43.1 m 
INFO  10:19:09,047 ProgressMeter -     3:109405613   2.9502019E7    52.6 m     106.0 s       55.2%    95.2 m      42.6 m 
INFO  10:19:39,448 ProgressMeter -     3:110424573   2.9702021E7    53.1 m     107.0 s       55.8%    95.2 m      42.1 m 
INFO  10:20:10,843 ProgressMeter -     3:111478466   3.0002025E7    53.6 m     107.0 s       56.3%    95.2 m      41.6 m 
INFO  10:20:41,541 ProgressMeter -     3:112506999   3.030203E7    54.1 m     107.0 s       56.8%    95.3 m      41.1 m 
INFO  10:21:11,542 ProgressMeter -     3:113534854   3.0602035E7    54.6 m     107.0 s       57.3%    95.3 m      40.6 m 
INFO  10:21:41,543 ProgressMeter -     3:114577633   3.0902038E7    55.1 m     107.0 s       57.9%    95.3 m      40.1 m 
INFO  10:22:11,564 ProgressMeter -     3:115578400   3.1202041E7    55.6 m     106.0 s       58.4%    95.3 m      39.7 m 
INFO  10:22:41,566 ProgressMeter -     3:116662282   3.1502044E7    56.1 m     106.0 s       58.9%    95.3 m      39.1 m 
INFO  10:23:11,567 ProgressMeter -     3:117726513   3.1802048E7    56.6 m     106.0 s       59.5%    95.2 m      38.6 m 
INFO  10:23:41,568 ProgressMeter -     3:118766204   3.2102052E7    57.1 m     106.0 s       60.0%    95.2 m      38.1 m 
INFO  10:24:11,591 ProgressMeter -     3:119807819   3.2402057E7    57.6 m     106.0 s       60.5%    95.2 m      37.6 m 
INFO  10:24:41,592 ProgressMeter -     3:120793452   3.2702063E7    58.1 m     106.0 s       61.0%    95.3 m      37.2 m 
INFO  10:25:11,593 ProgressMeter -     3:121842875   3.3002067E7    58.6 m     106.0 s       61.5%    95.3 m      36.6 m 
INFO  10:25:41,599 ProgressMeter -     3:122892055   3.330207E7    59.1 m     106.0 s       62.1%    95.3 m      36.1 m 
INFO  10:26:11,600 ProgressMeter -     3:123926104   3.3602076E7    59.6 m     106.0 s       62.6%    95.3 m      35.6 m 
INFO  10:26:41,601 ProgressMeter -     3:125045906   3.390208E7    60.1 m     106.0 s       63.1%    95.2 m      35.1 m 
INFO  10:27:11,602 ProgressMeter -     3:126126481   3.4202083E7    60.6 m     106.0 s       63.7%    95.2 m      34.6 m 
INFO  10:27:41,603 ProgressMeter -     3:127307460   3.450209E7    61.1 m     106.0 s       64.3%    95.1 m      33.9 m 
INFO  10:28:11,604 ProgressMeter -     3:128528099   3.4802093E7    61.6 m     106.0 s       64.9%    94.9 m      33.3 m 
INFO  10:28:41,605 ProgressMeter -     3:129734215   3.5102108E7    62.1 m     106.0 s       65.5%    94.8 m      32.7 m 
INFO  10:29:11,606 ProgressMeter -     3:130883149   3.5402113E7    62.6 m     106.0 s       66.1%    94.7 m      32.1 m 
INFO  10:29:41,607 ProgressMeter -     3:131976378   3.5702117E7    63.1 m     106.0 s       66.6%    94.7 m      31.6 m 
INFO  10:30:11,608 ProgressMeter -     3:133034244   3.600212E7    63.6 m     106.0 s       67.2%    94.7 m      31.1 m 
INFO  10:30:41,609 ProgressMeter -     3:134126259   3.6302124E7    64.1 m     105.0 s       67.7%    94.7 m      30.5 m 
INFO  10:31:11,610 ProgressMeter -     3:135152211   3.6602127E7    64.6 m     105.0 s       68.3%    94.7 m      30.1 m 
INFO  10:31:41,611 ProgressMeter -     3:136286718   3.690213E7    65.1 m     105.0 s       68.8%    94.6 m      29.5 m 
INFO  10:32:11,612 ProgressMeter -     3:137416846   3.7202133E7    65.6 m     105.0 s       69.4%    94.6 m      28.9 m 
INFO  10:32:41,614 ProgressMeter -     3:138570581   3.7502138E7    66.1 m     105.0 s       70.0%    94.5 m      28.4 m 
INFO  10:33:11,615 ProgressMeter -     3:139755076   3.7902144E7    66.6 m     105.0 s       70.6%    94.4 m      27.8 m 
INFO  10:33:41,702 ProgressMeter -     3:140854051   3.8202148E7    67.1 m     105.0 s       71.1%    94.4 m      27.2 m 
INFO  10:34:11,704 ProgressMeter -     3:142005931   3.8502152E7    67.6 m     105.0 s       71.7%    94.3 m      26.7 m 
INFO  10:34:41,705 ProgressMeter -     3:143113858   3.8802155E7    68.1 m     105.0 s       72.3%    94.3 m      26.1 m 
INFO  10:35:11,706 ProgressMeter -     3:144227457   3.9102158E7    68.6 m     105.0 s       72.8%    94.2 m      25.6 m 
INFO  10:35:41,708 ProgressMeter -     3:145310987   3.9402161E7    69.1 m     105.0 s       73.4%    94.2 m      25.1 m 
INFO  10:36:11,709 ProgressMeter -     3:146344662   3.9702166E7    69.6 m     105.0 s       73.9%    94.2 m      24.6 m 
INFO  10:36:41,710 ProgressMeter -     3:147320181   4.0002171E7    70.1 m     105.0 s       74.4%    94.2 m      24.1 m 
INFO  10:37:11,711 ProgressMeter -     3:148341903   4.0302174E7    70.6 m     105.0 s       74.9%    94.3 m      23.6 m 
INFO  10:37:41,712 ProgressMeter -     3:149469932   4.0602177E7    71.1 m     105.0 s       75.5%    94.2 m      23.1 m 
INFO  10:38:11,713 ProgressMeter -     3:150715561   4.0902182E7    71.6 m     105.0 s       76.1%    94.1 m      22.5 m 
INFO  10:38:41,714 ProgressMeter -     3:151867332   4.1302186E7    72.1 m     104.0 s       76.7%    94.0 m      21.9 m 
INFO  10:39:11,715 ProgressMeter -     3:153092116   4.160219E7    72.6 m     104.0 s       77.3%    93.9 m      21.3 m 
INFO  10:39:41,717 ProgressMeter -     3:154375926   4.2002195E7    73.1 m     104.0 s       78.0%    93.8 m      20.7 m 
INFO  10:40:11,718 ProgressMeter -     3:155637448   4.2302199E7    73.6 m     104.0 s       78.6%    93.7 m      20.0 m 
INFO  10:40:41,719 ProgressMeter -     3:156807531   4.2702205E7    74.1 m     104.0 s       79.2%    93.6 m      19.5 m 
INFO  10:41:11,720 ProgressMeter -     3:158013239   4.3002211E7    74.6 m     104.0 s       79.8%    93.5 m      18.9 m 
INFO  10:41:41,721 ProgressMeter -     3:159184960   4.3302214E7    75.1 m     104.0 s       80.4%    93.4 m      18.3 m 
INFO  10:42:11,722 ProgressMeter -     3:160375689   4.370222E7    75.6 m     103.0 s       81.0%    93.4 m      17.8 m 
INFO  10:42:41,723 ProgressMeter -     3:161588603   4.4002224E7    76.1 m     103.0 s       81.6%    93.3 m      17.2 m 
INFO  10:43:11,724 ProgressMeter -     3:162844109   4.4402231E7    76.6 m     103.0 s       82.2%    93.2 m      16.6 m 
INFO  10:43:41,725 ProgressMeter -     3:164073728   4.4702235E7    77.1 m     103.0 s       82.9%    93.1 m      16.0 m 
INFO  10:44:11,726 ProgressMeter -     3:165205389   4.5002239E7    77.6 m     103.0 s       83.4%    93.0 m      15.4 m 
INFO  10:44:41,754 ProgressMeter -     3:166251047   4.5302242E7    78.1 m     103.0 s       84.0%    93.0 m      14.9 m 
INFO  10:45:11,755 ProgressMeter -     3:167350349   4.5602246E7    78.6 m     103.0 s       84.5%    93.0 m      14.4 m 
INFO  10:45:41,881 ProgressMeter -     3:168458139   4.600225E7    79.1 m     103.0 s       85.1%    93.0 m      13.9 m 
INFO  10:46:11,976 ProgressMeter -     3:169645615   4.6302253E7    79.6 m     103.0 s       85.7%    93.0 m      13.3 m 
INFO  10:46:41,977 ProgressMeter -     3:170919938   4.6602256E7    80.1 m     103.0 s       86.3%    92.8 m      12.7 m 
INFO  10:47:11,978 ProgressMeter -     3:172104568   4.700226E7    80.6 m     102.0 s       86.9%    92.8 m      12.1 m 
INFO  10:47:41,979 ProgressMeter -     3:173308487   4.7302263E7    81.1 m     102.0 s       87.5%    92.7 m      11.6 m 
INFO  10:48:11,980 ProgressMeter -     3:174496115   4.7702267E7    81.6 m     102.0 s       88.1%    92.6 m      11.0 m 
INFO  10:48:41,981 ProgressMeter -     3:175616976   4.800227E7    82.1 m     102.0 s       88.7%    92.6 m      10.5 m 
INFO  10:49:11,982 ProgressMeter -     3:176774182   4.8302274E7    82.6 m     102.0 s       89.3%    92.6 m       9.9 m 
INFO  10:49:41,984 ProgressMeter -     3:177920776   4.8602277E7    83.1 m     102.0 s       89.8%    92.5 m       9.4 m 
INFO  10:50:11,985 ProgressMeter -     3:179047321   4.890228E7    83.6 m     102.0 s       90.4%    92.5 m       8.9 m 
INFO  10:50:42,043 ProgressMeter -     3:180311495   4.9302284E7    84.1 m     102.0 s       91.1%    92.4 m       8.3 m 
INFO  10:51:12,044 ProgressMeter -     3:181590889   4.9602288E7    84.6 m     102.0 s       91.7%    92.3 m       7.7 m 
INFO  10:51:42,046 ProgressMeter -     3:182876576   5.0002293E7    85.1 m     102.0 s       92.4%    92.2 m       7.1 m 
INFO  10:52:12,047 ProgressMeter -     3:184259674   5.04023E7    85.6 m     101.0 s       93.0%    92.0 m       6.4 m 
INFO  10:52:42,048 ProgressMeter -     3:185625775   5.0702303E7    86.1 m     101.0 s       93.7%    91.9 m       5.8 m 
INFO  10:53:12,049 ProgressMeter -     3:186934602   5.1102309E7    86.6 m     101.0 s       94.4%    91.8 m       5.1 m 
INFO  10:53:42,050 ProgressMeter -     3:188281146   5.1402313E7    87.1 m     101.0 s       95.1%    91.6 m       4.5 m 
INFO  10:54:12,052 ProgressMeter -     3:189536513   5.1802318E7    87.6 m     101.0 s       95.7%    91.6 m       3.9 m 
INFO  10:54:42,052 ProgressMeter -     3:190811142   5.2202324E7    88.1 m     101.0 s       96.4%    91.5 m       3.3 m 
INFO  10:55:12,053 ProgressMeter -     3:192097899   5.2502328E7    88.6 m     101.0 s       97.0%    91.4 m       2.7 m 
INFO  10:55:42,055 ProgressMeter -     3:193357490   5.2902332E7    89.1 m     101.0 s       97.6%    91.3 m       2.2 m 
INFO  10:56:12,056 ProgressMeter -     3:194726068   5.3202336E7    89.6 m     101.0 s       98.3%    91.2 m      91.0 s 
INFO  10:56:42,057 ProgressMeter -     3:195835205   5.360234E7    90.1 m     100.0 s       98.9%    91.1 m      60.0 s 
INFO  10:57:12,058 ProgressMeter -     3:197114158   5.3902343E7    90.6 m     100.0 s       99.5%    91.1 m      25.0 s 
INFO  10:57:30,845 Walker - [REDUCE RESULT] Traversal result is: org.broadinstitute.gatk.engine.io.stubs.SAMFileWriterStub@4bf1ec5 
INFO  10:57:30,977 ProgressMeter -            done   5.4232616E7    91.0 m     100.0 s      100.0%    91.0 m       1.0 s 
INFO  10:57:30,977 ProgressMeter - Total runtime 5457.21 secs, 90.95 min, 1.52 hours 
INFO  10:57:30,977 MicroScheduler - 0 reads were filtered out during the traversal out of approximately 54232616 total reads (0.00%) 
INFO  10:57:30,977 MicroScheduler -   -> 0 reads (0.00% of total) failing BadCigarFilter 
INFO  10:57:30,977 MicroScheduler -   -> 0 reads (0.00% of total) failing MalformedReadFilter 
