INFO  16:35:32,686 HelpFormatter - --------------------------------------------------------------------------------- 
INFO  16:35:32,689 HelpFormatter - The Genome Analysis Toolkit (GATK) v3.4-46-g8ea4dca, Compiled 2015/08/13 20:41:56 
INFO  16:35:32,689 HelpFormatter - Copyright (c) 2010 The Broad Institute 
INFO  16:35:32,689 HelpFormatter - For support and documentation go to http://www.broadinstitute.org/gatk 
INFO  16:35:32,692 HelpFormatter - Program Args: -T IndelRealigner -I /cluster_share/data/out/HG02769_gatk_best_practices_36t_30s_2016-11-28_15-18-37/HG02769_dupRem.bam -L /cluster_share/data/Broad_Ref_Pipeline_approved_package/workflow_profiler/.queue/scatterGather/ExampleIndelRealigner-1-sg/temp_05_of_36/scatter.intervals -R /cluster_share/data/reference/b37bundle/human_g1k_v37.fasta -known /cluster_share/data/reference/b37bundle/1000G_phase1.indels.b37.vcf -targetIntervals /cluster_share/data/out/HG02769_gatk_best_practices_36t_30s_2016-11-28_15-18-37/HG02769_realn.intervals -o /cluster_share/data/Broad_Ref_Pipeline_approved_package/workflow_profiler/.queue/scatterGather/ExampleIndelRealigner-1-sg/temp_05_of_36/HG02769_realign.bam -filterNoBases 
INFO  16:35:32,704 HelpFormatter - Executing as bshifaw@compute-1-1.hudson.intel.com on Linux 3.10.0-327.13.1.el7.x86_64 amd64; OpenJDK 64-Bit Server VM 1.8.0_111-b15. 
INFO  16:35:32,705 HelpFormatter - Date/Time: 2016/11/28 16:35:32 
INFO  16:35:32,705 HelpFormatter - --------------------------------------------------------------------------------- 
INFO  16:35:32,705 HelpFormatter - --------------------------------------------------------------------------------- 
INFO  16:35:32,920 GenomeAnalysisEngine - Strictness is SILENT 
INFO  16:35:33,155 GenomeAnalysisEngine - Downsampling Settings: No downsampling 
INFO  16:35:33,171 SAMDataSource$SAMReaders - Initializing SAMRecords in serial 
INFO  16:35:33,249 SAMDataSource$SAMReaders - Done initializing BAM readers: total time 0.08 
WARN  16:35:33,326 FSLockWithShared$LockAcquisitionTask - WARNING: Unable to lock file /cluster_share/data/reference/b37bundle/1000G_phase1.indels.b37.vcf.idx because an IOException occurred with message: Function not implemented. 
INFO  16:35:33,338 RMDTrackBuilder - Could not acquire a shared lock on index file /cluster_share/data/reference/b37bundle/1000G_phase1.indels.b37.vcf.idx, falling back to using an in-memory index for this GATK run. 
INFO  16:35:42,335 IntervalUtils - Processing 180915260 bp from intervals 
INFO  16:35:42,471 GenomeAnalysisEngine - Preparing for traversal over 1 BAM files 
INFO  16:35:42,897 GenomeAnalysisEngine - Done preparing for traversal 
INFO  16:35:42,898 ProgressMeter - [INITIALIZATION COMPLETE; STARTING PROCESSING] 
INFO  16:35:42,898 ProgressMeter -                 | processed |    time |    per 1M |           |   total | remaining 
INFO  16:35:42,898 ProgressMeter -        Location |     reads | elapsed |     reads | completed | runtime |   runtime 
INFO  16:35:43,001 ReadShardBalancer$1 - Loading BAM index data 
INFO  16:35:43,325 ReadShardBalancer$1 - Done loading BAM index data 
INFO  16:36:12,901 ProgressMeter -      5:72479547   1400030.0    30.0 s      21.0 s       40.1%    74.0 s      44.0 s 
INFO  16:36:42,902 ProgressMeter -     5:149210455   3500086.0    60.0 s      17.0 s       82.5%    72.0 s      12.0 s 
INFO  16:36:58,034 ProgressMeter -            done   4626738.0    75.0 s      16.0 s      100.0%    75.0 s       0.0 s 
INFO  16:36:58,034 ProgressMeter - Total runtime 75.14 secs, 1.25 min, 0.02 hours 
INFO  16:36:58,039 MicroScheduler - 128031 reads were filtered out during the traversal out of approximately 4754769 total reads (2.69%) 
INFO  16:36:58,040 MicroScheduler -   -> 0 reads (0.00% of total) failing BadCigarFilter 
INFO  16:36:58,040 MicroScheduler -   -> 128031 reads (2.69% of total) failing MalformedReadFilter 
