INFO  17:41:17,889 HelpFormatter - --------------------------------------------------------------------------------- 
INFO  17:41:17,892 HelpFormatter - The Genome Analysis Toolkit (GATK) v3.4-46-g8ea4dca, Compiled 2015/08/13 20:41:56 
INFO  17:41:17,893 HelpFormatter - Copyright (c) 2010 The Broad Institute 
INFO  17:41:17,893 HelpFormatter - For support and documentation go to http://www.broadinstitute.org/gatk 
INFO  17:41:17,898 HelpFormatter - Program Args: -T PrintReads -I /home/opt/data/broadout/FC1-NA12878-01_S1_L001_gatk_best_practices_36t_30s_2015-11-10_16-39-49/FC1-NA12878-01_S1_L001_realign.bam -L /home/beris/Broad_Ref_Pipeline_approved_package/workflow_profiler/.queue/scatterGather/ExamplePrintReads-1-sg/temp_23_of_36/scatter.intervals -R /home/beris/Broad_Ref_Pipeline_approved_package/homosapiensrefgenome/Homo_sapiens_assembly19.fasta -BQSR /home/opt/data/broadout/FC1-NA12878-01_S1_L001_gatk_best_practices_36t_30s_2015-11-10_16-39-49/FC1-NA12878-01_S1_L001_recal.grp -o /home/beris/Broad_Ref_Pipeline_approved_package/workflow_profiler/.queue/scatterGather/ExamplePrintReads-1-sg/temp_23_of_36/FC1-NA12878-01_S1_L001_final.bam 
INFO  17:41:17,910 HelpFormatter - Executing as beris@dna on Linux 2.6.32-573.el6.x86_64 amd64; OpenJDK 64-Bit Server VM 1.7.0_79-mockbuild_2015_07_24_09_26-b00. 
INFO  17:41:17,913 HelpFormatter - Date/Time: 2015/11/10 17:41:17 
INFO  17:41:17,914 HelpFormatter - --------------------------------------------------------------------------------- 
INFO  17:41:17,914 HelpFormatter - --------------------------------------------------------------------------------- 
INFO  17:41:17,997 GenomeAnalysisEngine - Strictness is SILENT 
INFO  17:41:18,983 ContextCovariate - 		Context sizes: base substitution model 2, indel substitution model 3 
INFO  17:41:19,031 GenomeAnalysisEngine - Downsampling Settings: No downsampling 
INFO  17:41:19,038 SAMDataSource$SAMReaders - Initializing SAMRecords in serial 
INFO  17:41:19,102 SAMDataSource$SAMReaders - Done initializing BAM readers: total time 0.06 
INFO  17:41:19,142 IntervalUtils - Processing 155270560 bp from intervals 
INFO  17:41:19,328 GenomeAnalysisEngine - Preparing for traversal over 1 BAM files 
INFO  17:41:19,955 GenomeAnalysisEngine - Done preparing for traversal 
INFO  17:41:19,956 ProgressMeter - [INITIALIZATION COMPLETE; STARTING PROCESSING] 
INFO  17:41:19,956 ProgressMeter -                 | processed |    time |    per 1M |           |   total | remaining 
INFO  17:41:19,956 ProgressMeter -        Location |     reads | elapsed |     reads | completed | runtime |   runtime 
INFO  17:41:19,984 ReadShardBalancer$1 - Loading BAM index data 
INFO  17:41:20,952 ReadShardBalancer$1 - Done loading BAM index data 
INFO  17:41:49,967 ProgressMeter -      X:31697687    200004.0    30.0 s       2.5 m       20.4%     2.4 m     116.0 s 
INFO  17:42:19,968 ProgressMeter -      X:54168470    500010.0    60.0 s     120.0 s       34.9%     2.9 m     111.0 s 
INFO  17:42:49,969 ProgressMeter -      X:96434311    800015.0    90.0 s     112.0 s       62.1%     2.4 m      54.0 s 
INFO  17:43:19,970 ProgressMeter -     X:131810114   1200020.0   120.0 s     100.0 s       84.9%     2.4 m      21.0 s 
INFO  17:43:40,950 Walker - [REDUCE RESULT] Traversal result is: org.broadinstitute.gatk.engine.io.stubs.SAMFileWriterStub@3c65666c 
INFO  17:43:42,181 ProgressMeter -            done   1484235.0     2.4 m      95.0 s      100.0%     2.4 m       0.0 s 
INFO  17:43:42,182 ProgressMeter - Total runtime 142.23 secs, 2.37 min, 0.04 hours 
INFO  17:43:42,182 MicroScheduler - 0 reads were filtered out during the traversal out of approximately 1484235 total reads (0.00%) 
INFO  17:43:42,183 MicroScheduler -   -> 0 reads (0.00% of total) failing BadCigarFilter 
INFO  17:43:42,184 MicroScheduler -   -> 0 reads (0.00% of total) failing MalformedReadFilter 
