INFO  16:06:17,839 HelpFormatter - --------------------------------------------------------------------------------- 
INFO  16:06:17,841 HelpFormatter - The Genome Analysis Toolkit (GATK) v3.4-46-g8ea4dca, Compiled 2015/08/13 20:41:56 
INFO  16:06:17,841 HelpFormatter - Copyright (c) 2010 The Broad Institute 
INFO  16:06:17,841 HelpFormatter - For support and documentation go to http://www.broadinstitute.org/gatk 
INFO  16:06:17,844 HelpFormatter - Program Args: -T PrintReads -I /mnt/sdb/data/broadout/sim1M_pairs_gatk_best_practices_36t_30s_2016-09-26_15-40-42/sim1M_pairs_realign.bam -L /home/bshifaw/gitrepos/Reference-Design/Broad_Ref_Pip/workflow_profiler/.queue/scatterGather/ExamplePrintReads-1-sg/temp_23_of_36/scatter.intervals -R /mnt/sdb/Broad_Ref_Pipeline_approved_package/homosapiensrefgenome/Homo_sapiens_assembly19.fasta -BQSR /mnt/sdb/data/broadout/sim1M_pairs_gatk_best_practices_36t_30s_2016-09-26_15-40-42/sim1M_pairs_recal.grp -o /home/bshifaw/gitrepos/Reference-Design/Broad_Ref_Pip/workflow_profiler/.queue/scatterGather/ExamplePrintReads-1-sg/temp_23_of_36/sim1M_pairs_final.bam 
INFO  16:06:17,879 HelpFormatter - Executing as bshifaw@application-0-1.hudson.intel.com on Linux 3.10.0-327.13.1.el7.x86_64 amd64; OpenJDK 64-Bit Server VM 1.8.0_102-b14. 
INFO  16:06:17,879 HelpFormatter - Date/Time: 2016/09/26 16:06:17 
INFO  16:06:17,879 HelpFormatter - --------------------------------------------------------------------------------- 
INFO  16:06:17,879 HelpFormatter - --------------------------------------------------------------------------------- 
INFO  16:06:18,131 GenomeAnalysisEngine - Strictness is SILENT 
INFO  16:06:20,102 ContextCovariate - 		Context sizes: base substitution model 2, indel substitution model 3 
INFO  16:06:20,354 GenomeAnalysisEngine - Downsampling Settings: No downsampling 
INFO  16:06:20,403 SAMDataSource$SAMReaders - Initializing SAMRecords in serial 
INFO  16:06:20,565 SAMDataSource$SAMReaders - Done initializing BAM readers: total time 0.16 
INFO  16:06:20,628 IntervalUtils - Processing 155270560 bp from intervals 
INFO  16:06:20,893 GenomeAnalysisEngine - Preparing for traversal over 1 BAM files 
INFO  16:06:21,547 GenomeAnalysisEngine - Done preparing for traversal 
INFO  16:06:21,557 ProgressMeter - [INITIALIZATION COMPLETE; STARTING PROCESSING] 
INFO  16:06:21,557 ProgressMeter -                 | processed |    time |    per 1M |           |   total | remaining 
INFO  16:06:21,562 ProgressMeter -        Location |     reads | elapsed |     reads | completed | runtime |   runtime 
INFO  16:06:21,588 ReadShardBalancer$1 - Loading BAM index data 
INFO  16:06:22,328 ReadShardBalancer$1 - Done loading BAM index data 
INFO  16:06:36,204 Walker - [REDUCE RESULT] Traversal result is: org.broadinstitute.gatk.engine.io.stubs.SAMFileWriterStub@5b58129f 
INFO  16:06:36,292 ProgressMeter -            done     97466.0    14.0 s       2.5 m       99.9%    14.0 s       0.0 s 
INFO  16:06:36,292 ProgressMeter - Total runtime 14.74 secs, 0.25 min, 0.00 hours 
INFO  16:06:36,293 MicroScheduler - 0 reads were filtered out during the traversal out of approximately 97466 total reads (0.00%) 
INFO  16:06:36,293 MicroScheduler -   -> 0 reads (0.00% of total) failing BadCigarFilter 
INFO  16:06:36,293 MicroScheduler -   -> 0 reads (0.00% of total) failing MalformedReadFilter 
