INFO  09:26:31,715 HelpFormatter - --------------------------------------------------------------------------------- 
INFO  09:26:31,717 HelpFormatter - The Genome Analysis Toolkit (GATK) v3.4-46-g8ea4dca, Compiled 2015/08/13 20:41:56 
INFO  09:26:31,717 HelpFormatter - Copyright (c) 2010 The Broad Institute 
INFO  09:26:31,717 HelpFormatter - For support and documentation go to http://www.broadinstitute.org/gatk 
INFO  09:26:31,721 HelpFormatter - Program Args: -T PrintReads -I /mnt/ssdbroad/output/Solexa-272221_gatk_best_practices_36t_30s_2016-02-11_11-59-19/Solexa-272221_realign.bam -L /mnt/ssdbroad/Broad_Ref_Pipeline_approved_package/workflow_profiler/.queue/scatterGather/ExamplePrintReads-1-sg/temp_23_of_36/scatter.intervals -R /mnt/ssdbroad/Broad_Ref_Pipeline_approved_package/homosapiensrefgenome/Homo_sapiens_assembly19.fasta -BQSR /mnt/ssdbroad/output/Solexa-272221_gatk_best_practices_36t_30s_2016-02-11_11-59-19/Solexa-272221_recal.grp -o /mnt/ssdbroad/Broad_Ref_Pipeline_approved_package/workflow_profiler/.queue/scatterGather/ExamplePrintReads-1-sg/temp_23_of_36/Solexa-272221_final.bam 
INFO  09:26:31,728 HelpFormatter - Executing as beris@dna on Linux 2.6.32-573.el6.x86_64 amd64; OpenJDK 64-Bit Server VM 1.7.0_79-mockbuild_2015_07_24_09_26-b00. 
INFO  09:26:31,728 HelpFormatter - Date/Time: 2016/02/12 09:26:31 
INFO  09:26:31,729 HelpFormatter - --------------------------------------------------------------------------------- 
INFO  09:26:31,729 HelpFormatter - --------------------------------------------------------------------------------- 
INFO  09:26:31,863 GenomeAnalysisEngine - Strictness is SILENT 
INFO  09:26:33,232 ContextCovariate - 		Context sizes: base substitution model 2, indel substitution model 3 
INFO  09:26:33,312 GenomeAnalysisEngine - Downsampling Settings: No downsampling 
INFO  09:26:33,319 SAMDataSource$SAMReaders - Initializing SAMRecords in serial 
INFO  09:26:33,356 SAMDataSource$SAMReaders - Done initializing BAM readers: total time 0.04 
INFO  09:26:33,374 IntervalUtils - Processing 155270560 bp from intervals 
INFO  09:26:33,463 GenomeAnalysisEngine - Preparing for traversal over 1 BAM files 
INFO  09:26:34,172 GenomeAnalysisEngine - Done preparing for traversal 
INFO  09:26:34,183 ProgressMeter - [INITIALIZATION COMPLETE; STARTING PROCESSING] 
INFO  09:26:34,183 ProgressMeter -                 | processed |    time |    per 1M |           |   total | remaining 
INFO  09:26:34,184 ProgressMeter -        Location |     reads | elapsed |     reads | completed | runtime |   runtime 
INFO  09:26:34,203 ReadShardBalancer$1 - Loading BAM index data 
INFO  09:26:35,144 ReadShardBalancer$1 - Done loading BAM index data 
INFO  09:27:09,713 ProgressMeter -        X:436010         0.0    35.0 s      58.7 w        0.3%     3.5 h       3.5 h 
INFO  09:27:39,743 ProgressMeter -       X:1211070    200003.0    65.0 s       5.5 m        0.8%     2.3 h       2.3 h 
INFO  09:28:10,034 ProgressMeter -       X:1790440    300004.0    95.0 s       5.3 m        1.2%     2.3 h       2.3 h 
INFO  09:28:40,035 ProgressMeter -       X:3070648    600007.0     2.1 m       3.5 m        2.0%   105.3 m     103.3 m 
INFO  09:29:10,052 ProgressMeter -       X:5031148    900012.0     2.6 m       2.9 m        3.2%    79.7 m      77.1 m 
INFO  09:29:40,266 ProgressMeter -       X:6836330   1100014.0     3.1 m       2.8 m        4.4%    70.4 m      67.3 m 
INFO  09:30:11,893 ProgressMeter -       X:8607477   1300016.0     3.6 m       2.8 m        5.5%    65.2 m      61.6 m 
INFO  09:30:41,893 ProgressMeter -      X:10702750   1600021.0     4.1 m       2.6 m        6.9%    59.7 m      55.6 m 
INFO  09:31:11,895 ProgressMeter -      X:12461769   1900024.0     4.6 m       2.4 m        8.0%    57.5 m      52.9 m 
INFO  09:31:43,326 ProgressMeter -      X:14184501   2100026.0     5.2 m       2.5 m        9.1%    56.4 m      51.2 m 
INFO  09:32:13,327 ProgressMeter -      X:16065584   2400029.0     5.7 m       2.4 m       10.3%    54.6 m      49.0 m 
INFO  09:32:44,287 ProgressMeter -      X:17882539   2600032.0     6.2 m       2.4 m       11.5%    53.5 m      47.4 m 
INFO  09:33:14,288 ProgressMeter -      X:19798868   2900035.0     6.7 m       2.3 m       12.8%    52.3 m      45.6 m 
INFO  09:33:44,289 ProgressMeter -      X:21706747   3200038.0     7.2 m       2.2 m       14.0%    51.3 m      44.1 m 
INFO  09:34:14,290 ProgressMeter -      X:23546271   3500045.0     7.7 m       2.2 m       15.2%    50.6 m      42.9 m 
INFO  09:34:44,291 ProgressMeter -      X:25628837   3700048.0     8.2 m       2.2 m       16.5%    49.5 m      41.3 m 
INFO  09:35:14,297 ProgressMeter -      X:27387844   4000054.0     8.7 m       2.2 m       17.6%    49.1 m      40.5 m 
INFO  09:35:45,980 ProgressMeter -      X:29276307   4300059.0     9.2 m       2.1 m       18.9%    48.7 m      39.5 m 
INFO  09:36:16,275 ProgressMeter -      X:31133607   4500061.0     9.7 m       2.2 m       20.1%    48.4 m      38.7 m 
INFO  09:36:46,277 ProgressMeter -      X:33050373   4800064.0    10.2 m       2.1 m       21.3%    47.9 m      37.7 m 
INFO  09:37:16,278 ProgressMeter -      X:35019358   5100067.0    10.7 m       2.1 m       22.6%    47.4 m      36.7 m 
INFO  09:37:46,279 ProgressMeter -      X:36992817   5400072.0    11.2 m       2.1 m       23.8%    47.0 m      35.8 m 
INFO  09:38:16,280 ProgressMeter -      X:38986444   5700075.0    11.7 m       2.1 m       25.1%    46.6 m      34.9 m 
INFO  09:38:46,281 ProgressMeter -      X:40844961   5900077.0    12.2 m       2.1 m       26.3%    46.4 m      34.2 m 
INFO  09:39:16,283 ProgressMeter -      X:42869790   6200081.0    12.7 m       2.0 m       27.6%    46.0 m      33.3 m 
INFO  09:39:46,283 ProgressMeter -      X:44754908   6500084.0    13.2 m       2.0 m       28.8%    45.8 m      32.6 m 
INFO  09:40:16,284 ProgressMeter -      X:46720089   6700087.0    13.7 m       2.0 m       30.1%    45.5 m      31.8 m 
INFO  09:40:46,286 ProgressMeter -      X:48552250   7000090.0    14.2 m       2.0 m       31.3%    45.4 m      31.2 m 
INFO  09:41:16,287 ProgressMeter -      X:50618367   7300093.0    14.7 m     120.0 s       32.6%    45.1 m      30.4 m 
INFO  09:41:46,873 ProgressMeter -      X:52829573   7600096.0    15.2 m     120.0 s       34.0%    44.7 m      29.5 m 
INFO  09:42:16,874 ProgressMeter -      X:54983262   7800098.0    15.7 m     120.0 s       35.4%    44.3 m      28.6 m 
INFO  09:42:46,897 ProgressMeter -      X:56937462   8100101.0    16.2 m     120.0 s       36.7%    44.2 m      28.0 m 
INFO  09:43:16,898 ProgressMeter -      X:58567355   8400104.0    16.7 m     119.0 s       37.7%    44.3 m      27.6 m 
INFO  09:43:46,906 ProgressMeter -      X:58579865   8700256.0    17.2 m     118.0 s       37.7%    45.6 m      28.4 m 
INFO  09:44:16,908 ProgressMeter -      X:61719653   9000284.0    17.7 m     118.0 s       39.7%    44.5 m      26.8 m 
INFO  09:44:46,976 ProgressMeter -      X:61881903   9300302.0    18.2 m     117.0 s       39.9%    45.7 m      27.5 m 
INFO  09:45:16,977 ProgressMeter -      X:63740503   9500305.0    18.7 m     118.0 s       41.1%    45.6 m      26.9 m 
INFO  09:45:46,979 ProgressMeter -      X:65668579   9800308.0    19.2 m     117.0 s       42.3%    45.4 m      26.2 m 
INFO  09:46:16,980 ProgressMeter -      X:67709156   1.0100311E7    19.7 m     117.0 s       43.6%    45.2 m      25.5 m 
INFO  09:46:47,003 ProgressMeter -      X:69761625   1.0400314E7    20.2 m     116.0 s       44.9%    45.0 m      24.8 m 
INFO  09:47:17,004 ProgressMeter -      X:71742881   1.0700317E7    20.7 m     116.0 s       46.2%    44.8 m      24.1 m 
INFO  09:47:47,451 ProgressMeter -      X:73701384   1.0900321E7    21.2 m     116.0 s       47.5%    44.7 m      23.5 m 
INFO  09:48:17,452 ProgressMeter -      X:75548411   1.1200324E7    21.7 m     116.0 s       48.7%    44.6 m      22.9 m 
INFO  09:48:47,453 ProgressMeter -      X:77562210   1.1500328E7    22.2 m     115.0 s       50.0%    44.5 m      22.3 m 
INFO  09:49:17,455 ProgressMeter -      X:79495365   1.1800332E7    22.7 m     115.0 s       51.2%    44.4 m      21.7 m 
INFO  09:49:47,499 ProgressMeter -      X:81546571   1.2100335E7    23.2 m     115.0 s       52.5%    44.2 m      21.0 m 
INFO  09:50:17,774 ProgressMeter -      X:83509039   1.2300337E7    23.7 m     115.0 s       53.8%    44.1 m      20.4 m 
INFO  09:50:47,792 ProgressMeter -      X:85435496   1.260034E7    24.2 m     115.0 s       55.0%    44.0 m      19.8 m 
INFO  09:51:17,793 ProgressMeter -      X:87479439   1.2900343E7    24.7 m     115.0 s       56.3%    43.9 m      19.2 m 
INFO  09:51:47,794 ProgressMeter -      X:89336804   1.3200348E7    25.2 m     114.0 s       57.5%    43.8 m      18.6 m 
INFO  09:52:18,504 ProgressMeter -      X:91350022   1.3400351E7    25.7 m     115.0 s       58.8%    43.7 m      18.0 m 
INFO  09:52:48,506 ProgressMeter -      X:93358583   1.3700354E7    26.2 m     114.0 s       60.1%    43.6 m      17.4 m 
INFO  09:53:18,507 ProgressMeter -      X:95265718   1.4000358E7    26.7 m     114.0 s       61.4%    43.6 m      16.8 m 
INFO  09:53:48,508 ProgressMeter -      X:97217727   1.4300361E7    27.2 m     114.0 s       62.6%    43.5 m      16.3 m 
INFO  09:54:18,509 ProgressMeter -      X:99182051   1.4500364E7    27.7 m     114.0 s       63.9%    43.4 m      15.7 m 
INFO  09:54:48,510 ProgressMeter -     X:101174220   1.4800369E7    28.2 m     114.0 s       65.2%    43.3 m      15.1 m 
INFO  09:55:18,512 ProgressMeter -     X:103196683   1.5100372E7    28.7 m     114.0 s       66.5%    43.2 m      14.5 m 
INFO  09:55:48,515 ProgressMeter -     X:105169841   1.5400376E7    29.2 m     113.0 s       67.7%    43.2 m      13.9 m 
INFO  09:56:18,528 ProgressMeter -     X:107215832   1.5700381E7    29.7 m     113.0 s       69.1%    43.1 m      13.3 m 
INFO  09:56:48,656 ProgressMeter -     X:109199990   1.6000384E7    30.2 m     113.0 s       70.3%    43.0 m      12.8 m 
INFO  09:57:18,701 ProgressMeter -     X:111287754   1.6300392E7    30.7 m     113.0 s       71.7%    42.9 m      12.1 m 
INFO  09:57:48,709 ProgressMeter -     X:113391472   1.6600504E7    31.2 m     112.0 s       73.0%    42.8 m      11.5 m 
INFO  09:58:28,710 ProgressMeter -     X:116156827   1.6900508E7    31.9 m     113.0 s       74.8%    42.6 m      10.7 m 
INFO  09:59:08,711 ProgressMeter -     X:118893045   1.7300513E7    32.6 m     112.0 s       76.6%    42.5 m      10.0 m 
INFO  09:59:38,712 ProgressMeter -     X:120948406   1.7600516E7    33.1 m     112.0 s       77.9%    42.5 m       9.4 m 
INFO  10:00:08,713 ProgressMeter -     X:122722897   1.7900519E7    33.6 m     112.0 s       79.0%    42.5 m       8.9 m 
INFO  10:00:38,813 ProgressMeter -     X:124721860   1.8100522E7    34.1 m     112.0 s       80.3%    42.4 m       8.3 m 
INFO  10:01:08,814 ProgressMeter -     X:126561083   1.8400525E7    34.6 m     112.0 s       81.5%    42.4 m       7.8 m 
INFO  10:01:38,891 ProgressMeter -     X:128302474   1.8700529E7    35.1 m     112.0 s       82.6%    42.4 m       7.4 m 
INFO  10:02:08,892 ProgressMeter -     X:130415621   1.8900532E7    35.6 m     112.0 s       84.0%    42.3 m       6.8 m 
INFO  10:02:38,893 ProgressMeter -     X:132325612   1.9200536E7    36.1 m     112.0 s       85.2%    42.3 m       6.3 m 
INFO  10:03:08,894 ProgressMeter -     X:134479266   1.9500543E7    36.6 m     112.0 s       86.6%    42.2 m       5.7 m 
INFO  10:03:38,895 ProgressMeter -     X:136441799   1.9800547E7    37.1 m     112.0 s       87.9%    42.2 m       5.1 m 
INFO  10:04:08,896 ProgressMeter -     X:138452685   2.010055E7    37.6 m     112.0 s       89.2%    42.1 m       4.6 m 
INFO  10:04:40,721 ProgressMeter -     X:140521299   2.0400554E7    38.1 m     112.0 s       90.5%    42.1 m       4.0 m 
INFO  10:05:10,722 ProgressMeter -     X:142522991   2.0600557E7    38.6 m     112.0 s       91.8%    42.1 m       3.5 m 
INFO  10:05:40,737 ProgressMeter -     X:144415256   2.090056E7    39.1 m     112.0 s       93.0%    42.0 m       2.9 m 
INFO  10:06:10,738 ProgressMeter -     X:146508382   2.1200564E7    39.6 m     112.0 s       94.4%    42.0 m       2.4 m 
INFO  10:06:40,938 ProgressMeter -     X:148443646   2.1400608E7    40.1 m     112.0 s       95.6%    41.9 m     110.0 s 
INFO  10:07:10,939 ProgressMeter -     X:150504056   2.1700612E7    40.6 m     112.0 s       96.9%    41.9 m      77.0 s 
INFO  10:07:40,940 ProgressMeter -     X:152722007   2.2000615E7    41.1 m     112.0 s       98.4%    41.8 m      41.0 s 
INFO  10:08:20,501 Walker - [REDUCE RESULT] Traversal result is: org.broadinstitute.gatk.engine.io.stubs.SAMFileWriterStub@51f2bcf6 
INFO  10:08:20,640 ProgressMeter -            done   2.2495795E7    41.8 m     111.0 s      100.0%    41.8 m       0.0 s 
INFO  10:08:20,641 ProgressMeter - Total runtime 2506.46 secs, 41.77 min, 0.70 hours 
INFO  10:08:20,641 MicroScheduler - 0 reads were filtered out during the traversal out of approximately 22495795 total reads (0.00%) 
INFO  10:08:20,641 MicroScheduler -   -> 0 reads (0.00% of total) failing BadCigarFilter 
INFO  10:08:20,642 MicroScheduler -   -> 0 reads (0.00% of total) failing MalformedReadFilter 
