INFO  20:39:39,314 HelpFormatter - --------------------------------------------------------------------------------- 
INFO  20:39:39,317 HelpFormatter - The Genome Analysis Toolkit (GATK) v3.4-46-g8ea4dca, Compiled 2015/08/13 20:41:56 
INFO  20:39:39,317 HelpFormatter - Copyright (c) 2010 The Broad Institute 
INFO  20:39:39,317 HelpFormatter - For support and documentation go to http://www.broadinstitute.org/gatk 
INFO  20:39:39,323 HelpFormatter - Program Args: -T HaplotypeCaller -I /home/opt/data/broadout/FC1-NA12878-01_S1_L001_R1_001_gatk_best_practices_36t_30s_2015-11-05_19-14-59/FC1-NA12878-01_S1_L001_R1_001_realign.bam -L /home/beris/Broad_Ref_Pipeline_approved_package/workflow_profiler/.queue/scatterGather/ExampleHaplotypeCaller-1-sg/temp_30_of_36/scatter.intervals -R /home/beris/Broad_Ref_Pipeline_approved_package/homosapiensrefgenome/Homo_sapiens_assembly19.fasta -variant_index_type LINEAR -variant_index_parameter 128000 -o /home/beris/Broad_Ref_Pipeline_approved_package/workflow_profiler/.queue/scatterGather/ExampleHaplotypeCaller-1-sg/temp_30_of_36/FC1-NA12878-01_S1_L001_R1_001_realign.bam_HaplotypeCaller.g.vcf -ERC GVCF 
INFO  20:39:39,330 HelpFormatter - Executing as beris@dna on Linux 2.6.32-573.el6.x86_64 amd64; OpenJDK 64-Bit Server VM 1.7.0_79-mockbuild_2015_07_24_09_26-b00. 
INFO  20:39:39,330 HelpFormatter - Date/Time: 2015/11/05 20:39:39 
INFO  20:39:39,330 HelpFormatter - --------------------------------------------------------------------------------- 
INFO  20:39:39,331 HelpFormatter - --------------------------------------------------------------------------------- 
WARN  20:39:39,359 GATKVCFUtils - Naming your output file using the .g.vcf extension will automatically set the appropriate values  for --variant_index_type and --variant_index_parameter 
INFO  20:39:39,515 GenomeAnalysisEngine - Strictness is SILENT 
INFO  20:39:39,684 GenomeAnalysisEngine - Downsampling Settings: Method: BY_SAMPLE, Target Coverage: 500 
INFO  20:39:39,697 SAMDataSource$SAMReaders - Initializing SAMRecords in serial 
INFO  20:39:39,772 SAMDataSource$SAMReaders - Done initializing BAM readers: total time 0.07 
INFO  20:39:39,783 HCMappingQualityFilter - Filtering out reads with MAPQ < 20 
INFO  20:39:40,075 IntervalUtils - Processing 1017715 bp from intervals 
INFO  20:39:40,194 GenomeAnalysisEngine - Preparing for traversal over 1 BAM files 
INFO  20:39:40,653 GenomeAnalysisEngine - Done preparing for traversal 
INFO  20:39:40,654 ProgressMeter - [INITIALIZATION COMPLETE; STARTING PROCESSING] 
INFO  20:39:40,655 ProgressMeter -                 |      processed |    time |         per 1M |           |   total | remaining 
INFO  20:39:40,655 ProgressMeter -        Location | active regions | elapsed | active regions | completed | runtime |   runtime 
INFO  20:39:40,658 HaplotypeCaller - Standard Emitting and Calling confidence set to 0.0 for reference-model confidence output 
INFO  20:39:40,659 HaplotypeCaller - All sites annotated with PLs forced to true for reference-model confidence output 
INFO  20:39:40,904 HaplotypeCaller - Using global mismapping rate of 45 => -4.5 in log10 likelihood units 
Using AVX accelerated implementation of PairHMM
INFO  20:39:41,723 VectorLoglessPairHMM - libVectorLoglessPairHMM unpacked successfully from GATK jar file 
INFO  20:39:41,724 VectorLoglessPairHMM - Using vectorized implementation of PairHMM 
WARN  20:39:41,868 HaplotypeScore - Annotation will not be calculated, must be called from UnifiedGenotyper 
WARN  20:39:41,869 InbreedingCoeff - Annotation will not be calculated, must provide a valid PED file (-ped) from the command line. 
INFO  20:40:10,661 ProgressMeter -     17:42427896     1.03828458E8    30.0 s            0.0 s       22.3%     2.2 m     104.0 s 
INFO  20:40:40,665 ProgressMeter -     17:64025422    1.048864031E9    60.0 s            0.0 s       65.6%    91.0 s      31.0 s 
INFO  20:41:08,739 VectorLoglessPairHMM - Time spent in setup for JNI call : 0.026118754 
INFO  20:41:08,740 PairHMM - Total compute time in PairHMM computeLikelihoods() : 4.174404654 
INFO  20:41:08,740 HaplotypeCaller - Ran local assembly on 10202 active regions 
INFO  20:41:08,748 ProgressMeter -            done      2.4119697E9    88.0 s            0.0 s      100.0%    88.0 s       0.0 s 
INFO  20:41:08,748 ProgressMeter - Total runtime 88.09 secs, 1.47 min, 0.02 hours 
INFO  20:41:08,749 MicroScheduler - 130174 reads were filtered out during the traversal out of approximately 465802 total reads (27.95%) 
INFO  20:41:08,749 MicroScheduler -   -> 0 reads (0.00% of total) failing BadCigarFilter 
INFO  20:41:08,749 MicroScheduler -   -> 105558 reads (22.66% of total) failing DuplicateReadFilter 
INFO  20:41:08,749 MicroScheduler -   -> 0 reads (0.00% of total) failing FailsVendorQualityCheckFilter 
INFO  20:41:08,749 MicroScheduler -   -> 24526 reads (5.27% of total) failing HCMappingQualityFilter 
INFO  20:41:08,750 MicroScheduler -   -> 0 reads (0.00% of total) failing MalformedReadFilter 
INFO  20:41:08,750 MicroScheduler -   -> 0 reads (0.00% of total) failing MappingQualityUnavailableFilter 
INFO  20:41:08,750 MicroScheduler -   -> 90 reads (0.02% of total) failing NotPrimaryAlignmentFilter 
INFO  20:41:08,750 MicroScheduler -   -> 0 reads (0.00% of total) failing UnmappedReadFilter 
