INFO  16:30:44,824 HelpFormatter - --------------------------------------------------------------------------------- 
INFO  16:30:44,826 HelpFormatter - The Genome Analysis Toolkit (GATK) v3.4-46-g8ea4dca, Compiled 2015/08/13 20:41:56 
INFO  16:30:44,826 HelpFormatter - Copyright (c) 2010 The Broad Institute 
INFO  16:30:44,826 HelpFormatter - For support and documentation go to http://www.broadinstitute.org/gatk 
INFO  16:30:44,830 HelpFormatter - Program Args: -T HaplotypeCaller -I /mnt/ssdbroad/output/Solexa-272221_gatk_best_practices_36t_30s_2016-02-11_11-59-19/Solexa-272221_final.bam -L /mnt/ssdbroad/Broad_Ref_Pipeline_approved_package/workflow_profiler/.queue/scatterGather/ExampleHaplotypeCaller-1-sg/temp_30_of_36/scatter.intervals -R /mnt/ssdbroad/Broad_Ref_Pipeline_approved_package/homosapiensrefgenome/Homo_sapiens_assembly19.fasta -variant_index_type LINEAR -variant_index_parameter 128000 -o /mnt/ssdbroad/Broad_Ref_Pipeline_approved_package/workflow_profiler/.queue/scatterGather/ExampleHaplotypeCaller-1-sg/temp_30_of_36/Solexa-272221_HaplotypeCaller.g.vcf -ERC GVCF 
INFO  16:30:44,843 HelpFormatter - Executing as beris@dna on Linux 2.6.32-573.el6.x86_64 amd64; OpenJDK 64-Bit Server VM 1.7.0_79-mockbuild_2015_07_24_09_26-b00. 
INFO  16:30:44,853 HelpFormatter - Date/Time: 2016/02/12 16:30:44 
INFO  16:30:44,853 HelpFormatter - --------------------------------------------------------------------------------- 
INFO  16:30:44,853 HelpFormatter - --------------------------------------------------------------------------------- 
WARN  16:30:44,894 GATKVCFUtils - Naming your output file using the .g.vcf extension will automatically set the appropriate values  for --variant_index_type and --variant_index_parameter 
INFO  16:30:45,069 GenomeAnalysisEngine - Strictness is SILENT 
INFO  16:30:45,232 GenomeAnalysisEngine - Downsampling Settings: Method: BY_SAMPLE, Target Coverage: 500 
INFO  16:30:45,250 SAMDataSource$SAMReaders - Initializing SAMRecords in serial 
INFO  16:30:45,308 SAMDataSource$SAMReaders - Done initializing BAM readers: total time 0.06 
INFO  16:30:45,315 HCMappingQualityFilter - Filtering out reads with MAPQ < 20 
INFO  16:30:45,331 IntervalUtils - Processing 86166015 bp from intervals 
INFO  16:30:45,501 GenomeAnalysisEngine - Preparing for traversal over 1 BAM files 
INFO  16:30:45,675 GenomeAnalysisEngine - Done preparing for traversal 
INFO  16:30:45,675 ProgressMeter - [INITIALIZATION COMPLETE; STARTING PROCESSING] 
INFO  16:30:45,676 ProgressMeter -                 |      processed |    time |         per 1M |           |   total | remaining 
INFO  16:30:45,676 ProgressMeter -        Location | active regions | elapsed | active regions | completed | runtime |   runtime 
INFO  16:30:45,702 HaplotypeCaller - Standard Emitting and Calling confidence set to 0.0 for reference-model confidence output 
INFO  16:30:45,703 HaplotypeCaller - All sites annotated with PLs forced to true for reference-model confidence output 
INFO  16:30:45,951 HaplotypeCaller - Using global mismapping rate of 45 => -4.5 in log10 likelihood units 
Using AVX accelerated implementation of PairHMM
INFO  16:30:48,413 VectorLoglessPairHMM - libVectorLoglessPairHMM unpacked successfully from GATK jar file 
INFO  16:30:48,413 VectorLoglessPairHMM - Using vectorized implementation of PairHMM 
WARN  16:30:48,643 HaplotypeScore - Annotation will not be calculated, must be called from UnifiedGenotyper 
WARN  16:30:48,644 InbreedingCoeff - Annotation will not be calculated, must provide a valid PED file (-ped) from the command line. 
INFO  16:31:15,741 ProgressMeter -     16:89099030              0.0    30.0 s           49.7 w        0.1%     7.1 h       7.1 h 
INFO  16:31:45,742 ProgressMeter -     16:89370617              0.0    60.0 s           99.3 w        0.4%     3.8 h       3.8 h 
INFO  16:32:15,743 ProgressMeter -     16:89702327              0.0    90.0 s          148.9 w        0.8%     3.1 h       3.0 h 
INFO  16:32:45,744 ProgressMeter -     16:89995239              0.0   120.0 s          198.5 w        1.2%     2.9 h       2.8 h 
INFO  16:33:15,745 ProgressMeter -     16:90259821              0.0     2.5 m          248.1 w        1.5%     2.8 h       2.8 h 
INFO  16:33:55,746 ProgressMeter -       17:442654        1357429.0     3.2 m            2.3 m        2.1%     2.5 h       2.5 h 
INFO  16:34:25,746 ProgressMeter -       17:759749        1357429.0     3.7 m            2.7 m        2.5%     2.5 h       2.4 h 
INFO  16:34:55,747 ProgressMeter -      17:1023480        1357429.0     4.2 m            3.1 m        2.8%     2.5 h       2.4 h 
INFO  16:35:25,748 ProgressMeter -      17:1309191        1357429.0     4.7 m            3.4 m        3.1%     2.5 h       2.4 h 
INFO  16:36:05,749 ProgressMeter -      17:1721614        1357429.0     5.3 m            3.9 m        3.6%     2.5 h       2.4 h 
INFO  16:36:35,749 ProgressMeter -      17:2001392        1357429.0     5.8 m            4.3 m        3.9%     2.5 h       2.4 h 
INFO  16:37:05,750 ProgressMeter -      17:2375765        1357429.0     6.3 m            4.7 m        4.3%     2.4 h       2.3 h 
INFO  16:37:35,751 ProgressMeter -      17:2692684        1357429.0     6.8 m            5.0 m        4.7%     2.4 h       2.3 h 
INFO  16:38:05,752 ProgressMeter -      17:2972804        1357429.0     7.3 m            5.4 m        5.0%     2.4 h       2.3 h 
INFO  16:38:45,753 ProgressMeter -      17:3315047        1357429.0     8.0 m            5.9 m        5.4%     2.5 h       2.3 h 
INFO  16:39:15,753 ProgressMeter -      17:3545665        1357429.0     8.5 m            6.3 m        5.7%     2.5 h       2.3 h 
INFO  16:39:45,754 ProgressMeter -      17:3859728        1357429.0     9.0 m            6.6 m        6.1%     2.5 h       2.3 h 
INFO  16:40:15,755 ProgressMeter -      17:4144734        1357429.0     9.5 m            7.0 m        6.4%     2.5 h       2.3 h 
INFO  16:40:45,775 ProgressMeter -      17:4450585        1357429.0    10.0 m            7.4 m        6.7%     2.5 h       2.3 h 
INFO  16:41:15,776 ProgressMeter -      17:4643150        1357429.0    10.5 m            7.7 m        7.0%     2.5 h       2.3 h 
INFO  16:41:45,812 ProgressMeter -      17:4970426        1357429.0    11.0 m            8.1 m        7.3%     2.5 h       2.3 h 
INFO  16:42:25,813 ProgressMeter -      17:5320083        1357429.0    11.7 m            8.6 m        7.7%     2.5 h       2.3 h 
INFO  16:43:05,814 ProgressMeter -      17:5726057        1357429.0    12.3 m            9.1 m        8.2%     2.5 h       2.3 h 
INFO  16:43:35,814 ProgressMeter -      17:6041082        1357429.0    12.8 m            9.5 m        8.6%     2.5 h       2.3 h 
INFO  16:44:05,815 ProgressMeter -      17:6340805        1357429.0    13.3 m            9.8 m        8.9%     2.5 h       2.3 h 
INFO  16:44:45,816 ProgressMeter -      17:6745961        1357429.0    14.0 m           10.3 m        9.4%     2.5 h       2.2 h 
INFO  16:45:25,817 ProgressMeter -      17:7207219        1357429.0    14.7 m           10.8 m        9.9%     2.5 h       2.2 h 
INFO  16:45:55,817 ProgressMeter -      17:7549434        1357429.0    15.2 m           11.2 m       10.3%     2.4 h       2.2 h 
INFO  16:46:25,818 ProgressMeter -      17:7927261        1357429.0    15.7 m           11.5 m       10.8%     2.4 h       2.2 h 
INFO  16:46:55,819 ProgressMeter -      17:8251314        1357429.0    16.2 m           11.9 m       11.2%     2.4 h       2.1 h 
INFO  16:47:35,819 ProgressMeter -      17:8631369        1357429.0    16.8 m           12.4 m       11.6%     2.4 h       2.1 h 
INFO  16:48:05,934 ProgressMeter -      17:8919853        1357429.0    17.3 m           12.8 m       11.9%     2.4 h       2.1 h 
INFO  16:48:35,935 ProgressMeter -      17:9127605        1357429.0    17.8 m           13.1 m       12.2%     2.4 h       2.1 h 
INFO  16:49:05,936 ProgressMeter -      17:9441248        1357429.0    18.3 m           13.5 m       12.5%     2.4 h       2.1 h 
INFO  16:49:36,018 ProgressMeter -      17:9737298        1357429.0    18.8 m           13.9 m       12.9%     2.4 h       2.1 h 
INFO  16:50:06,019 ProgressMeter -     17:10013148        1357429.0    19.3 m           14.2 m       13.2%     2.4 h       2.1 h 
INFO  16:50:46,020 ProgressMeter -     17:10450364        1357429.0    20.0 m           14.7 m       13.7%     2.4 h       2.1 h 
INFO  16:51:26,020 ProgressMeter -     17:10861600        1357429.0    20.7 m           15.2 m       14.2%     2.4 h       2.1 h 
INFO  16:51:56,021 ProgressMeter -     17:11213964        1357429.0    21.2 m           15.6 m       14.6%     2.4 h       2.1 h 
INFO  16:52:26,022 ProgressMeter -     17:11547234        1357429.0    21.7 m           16.0 m       15.0%     2.4 h       2.1 h 
INFO  16:52:56,053 ProgressMeter -     17:11767286        1357429.0    22.2 m           16.3 m       15.2%     2.4 h       2.1 h 
INFO  16:53:26,054 ProgressMeter -     17:12095302        1357429.0    22.7 m           16.7 m       15.6%     2.4 h       2.0 h 
INFO  16:53:56,055 ProgressMeter -     17:12405017        1357429.0    23.2 m           17.1 m       16.0%     2.4 h       2.0 h 
INFO  16:54:36,056 ProgressMeter -     17:12888824        1357429.0    23.8 m           17.6 m       16.5%     2.4 h       2.0 h 
INFO  16:55:06,056 ProgressMeter -     17:13232657        1357429.0    24.3 m           17.9 m       16.9%     2.4 h     119.4 m 
INFO  16:55:36,057 ProgressMeter -     17:13574371        1357429.0    24.8 m           18.3 m       17.3%     2.4 h     118.5 m 
INFO  16:56:16,058 ProgressMeter -     17:13979097        1357429.0    25.5 m           18.8 m       17.8%     2.4 h     117.8 m 
INFO  16:56:56,059 ProgressMeter -     17:14381905        1357429.0    26.2 m           19.3 m       18.3%     2.4 h     117.1 m 
INFO  16:57:26,059 ProgressMeter -     17:14669259        1357429.0    26.7 m           19.6 m       18.6%     2.4 h     116.7 m 
INFO  16:57:56,060 ProgressMeter -     17:14900284        1357429.0    27.2 m           20.0 m       18.9%     2.4 h     116.8 m 
INFO  16:58:36,061 ProgressMeter -     17:15320153        1357429.0    27.8 m           20.5 m       19.4%     2.4 h     116.0 m 
INFO  16:59:16,062 ProgressMeter -     17:15765544        1357429.0    28.5 m           21.0 m       19.9%     2.4 h     114.9 m 
INFO  16:59:46,063 ProgressMeter -     17:16069803        1357429.0    29.0 m           21.4 m       20.2%     2.4 h     114.4 m 
INFO  17:00:16,063 ProgressMeter -     17:16344879        1357429.0    29.5 m           21.7 m       20.5%     2.4 h     114.1 m 
INFO  17:00:46,070 ProgressMeter -     17:16685590        1357429.0    30.0 m           22.1 m       20.9%     2.4 h     113.3 m 
INFO  17:01:16,071 ProgressMeter -     17:16978018        1357429.0    30.5 m           22.5 m       21.3%     2.4 h     112.8 m 
INFO  17:01:46,072 ProgressMeter -     17:17394974        1357429.0    31.0 m           22.8 m       21.8%     2.4 h     111.4 m 
INFO  17:02:26,072 ProgressMeter -     17:17920491        1357429.0    31.7 m           23.3 m       22.4%     2.4 h     109.9 m 
INFO  17:02:56,073 ProgressMeter -     17:18291619        1357429.0    32.2 m           23.7 m       22.8%     2.4 h     108.9 m 
INFO  17:03:26,074 ProgressMeter -     17:18619989        1357429.0    32.7 m           24.1 m       23.2%     2.3 h     108.2 m 
INFO  17:04:06,075 ProgressMeter -     17:19237474        1357429.0    33.3 m           24.6 m       23.9%     2.3 h     106.1 m 
INFO  17:04:46,075 ProgressMeter -     17:19748028        1357429.0    34.0 m           25.1 m       24.5%     2.3 h     104.8 m 
INFO  17:05:16,076 ProgressMeter -     17:20073701        1357429.0    34.5 m           25.4 m       24.9%     2.3 h     104.2 m 
INFO  17:05:46,077 ProgressMeter -     17:20435689        1357429.0    35.0 m           25.8 m       25.3%     2.3 h     103.4 m 
INFO  17:06:26,078 ProgressMeter -     17:20771796        1357429.0    35.7 m           26.3 m       25.7%     2.3 h     103.2 m 
INFO  17:06:56,118 ProgressMeter -     17:20781607        1357429.0    36.2 m           26.6 m       25.7%     2.3 h     104.6 m 
INFO  17:07:26,119 ProgressMeter -     17:20927227        1357429.0    36.7 m           27.0 m       25.9%     2.4 h     105.1 m 
INFO  17:08:06,119 ProgressMeter -     17:21203487        1357429.0    37.3 m           27.5 m       26.2%     2.4 h     105.3 m 
INFO  17:08:36,120 ProgressMeter -     17:21213152        1357429.0    37.8 m           27.9 m       26.2%     2.4 h     106.6 m 
INFO  17:09:06,121 ProgressMeter -     17:21224291        1357429.0    38.3 m           28.2 m       26.2%     2.4 h     107.9 m 
INFO  17:09:46,122 ProgressMeter -     17:21234603        1357429.0    39.0 m           28.7 m       26.2%     2.5 h     109.7 m 
INFO  17:10:16,122 ProgressMeter -     17:21243504        1357429.0    39.5 m           29.1 m       26.2%     2.5 h     111.1 m 
INFO  17:10:46,123 ProgressMeter -     17:21250838        1357429.0    40.0 m           29.5 m       26.2%     2.5 h     112.5 m 
INFO  17:11:26,124 ProgressMeter -     17:21309378        1357429.0    40.7 m           30.0 m       26.3%     2.6 h     113.9 m 
INFO  17:11:56,132 ProgressMeter -     17:21316993        1357429.0    41.2 m           30.3 m       26.3%     2.6 h     115.3 m 
INFO  17:12:26,133 ProgressMeter -     17:21326476        1357429.0    41.7 m           30.7 m       26.3%     2.6 h     116.6 m 
INFO  17:12:56,134 ProgressMeter -     17:21334484        1357429.0    42.2 m           31.1 m       26.3%     2.7 h     117.9 m 
INFO  17:13:36,134 ProgressMeter -     17:21345441        1357429.0    42.8 m           31.6 m       26.3%     2.7 h     119.7 m 
INFO  17:14:06,135 ProgressMeter -     17:21352549        1357429.0    43.3 m           31.9 m       26.4%     2.7 h       2.0 h 
INFO  17:14:36,136 ProgressMeter -     17:21510384        1357429.0    43.8 m           32.3 m       26.5%     2.8 h       2.0 h 
INFO  17:15:06,137 ProgressMeter -     17:21518137        1357429.0    44.3 m           32.7 m       26.5%     2.8 h       2.0 h 
INFO  17:15:36,138 ProgressMeter -     17:21523996        1357429.0    44.8 m           33.0 m       26.6%     2.8 h       2.1 h 
INFO  17:16:16,139 ProgressMeter -     17:21536301        1357429.0    45.5 m           33.5 m       26.6%     2.9 h       2.1 h 
INFO  17:16:56,139 ProgressMeter -     17:21546177        1357429.0    46.2 m           34.0 m       26.6%     2.9 h       2.1 h 
INFO  17:17:26,140 ProgressMeter -     17:21550042        1357429.0    46.7 m           34.4 m       26.6%     2.9 h       2.1 h 
INFO  17:17:56,141 ProgressMeter -     17:21555497        1357429.0    47.2 m           34.8 m       26.6%     3.0 h       2.2 h 
INFO  17:18:36,142 ProgressMeter -     17:21563911        1357429.0    47.8 m           35.2 m       26.6%     3.0 h       2.2 h 
INFO  17:19:16,143 ProgressMeter -     17:21685269        1357429.0    48.5 m           35.7 m       26.7%     3.0 h       2.2 h 
INFO  17:19:46,143 ProgressMeter -     17:21904807        1357429.0    49.0 m           36.1 m       27.0%     3.0 h       2.2 h 
INFO  17:20:16,144 ProgressMeter -     17:22189308        1357429.0    49.5 m           36.5 m       27.3%     3.0 h       2.2 h 
INFO  17:20:56,145 ProgressMeter -     17:22245805        1357429.0    50.2 m           37.0 m       27.4%     3.1 h       2.2 h 
INFO  17:21:36,145 ProgressMeter -     17:22246728        1357429.0    50.8 m           37.5 m       27.4%     3.1 h       2.2 h 
INFO  17:22:06,146 ProgressMeter -     17:22247316        1357429.0    51.3 m           37.8 m       27.4%     3.1 h       2.3 h 
INFO  17:22:36,147 ProgressMeter -     17:22248171        1357429.0    51.8 m           38.2 m       27.4%     3.2 h       2.3 h 
INFO  17:23:16,148 ProgressMeter -     17:22249836        1357429.0    52.5 m           38.7 m       27.4%     3.2 h       2.3 h 
INFO  17:23:47,556 ProgressMeter -     17:22250018        1357429.0    53.0 m           39.1 m       27.4%     3.2 h       2.3 h 
INFO  17:24:17,557 ProgressMeter -     17:22250334        1357429.0    53.5 m           39.4 m       27.4%     3.3 h       2.4 h 
INFO  17:24:57,558 ProgressMeter -     17:22250698        1357429.0    54.2 m           39.9 m       27.4%     3.3 h       2.4 h 
INFO  17:25:37,558 ProgressMeter -     17:22251480        1357429.0    54.9 m           40.4 m       27.4%     3.3 h       2.4 h 
INFO  17:26:07,607 ProgressMeter -     17:22251749        1357429.0    55.4 m           40.8 m       27.4%     3.4 h       2.4 h 
INFO  17:26:37,608 ProgressMeter -     17:22252165        1357429.0    55.9 m           41.2 m       27.4%     3.4 h       2.5 h 
INFO  17:27:07,609 ProgressMeter -     17:22252165        1357429.0    56.4 m           41.5 m       27.4%     3.4 h       2.5 h 
INFO  17:27:37,610 ProgressMeter -     17:22252453        1357429.0    56.9 m           41.9 m       27.4%     3.5 h       2.5 h 
INFO  17:28:17,611 ProgressMeter -     17:22252453        1357429.0    57.5 m           42.4 m       27.4%     3.5 h       2.5 h 
INFO  17:28:47,659 ProgressMeter -     17:22252453        1357429.0    58.0 m           42.8 m       27.4%     3.5 h       2.6 h 
INFO  17:29:17,660 ProgressMeter -     17:22252901        1357429.0    58.5 m           43.1 m       27.4%     3.6 h       2.6 h 
INFO  17:29:57,701 ProgressMeter -     17:22253151        1357429.0    59.2 m           43.6 m       27.4%     3.6 h       2.6 h 
INFO  17:30:27,702 ProgressMeter -     17:22253410        1357429.0    59.7 m           44.0 m       27.4%     3.6 h       2.6 h 
INFO  17:30:58,188 ProgressMeter -     17:22253640        1357429.0    60.2 m           44.4 m       27.4%     3.7 h       2.7 h 
INFO  17:31:28,189 ProgressMeter -     17:22254591        1357429.0    60.7 m           44.7 m       27.4%     3.7 h       2.7 h 
INFO  17:31:58,286 ProgressMeter -     17:22254827        1357429.0    61.2 m           45.1 m       27.4%     3.7 h       2.7 h 
INFO  17:32:28,287 ProgressMeter -     17:22255258        1357429.0    61.7 m           45.5 m       27.4%     3.8 h       2.7 h 
INFO  17:33:08,288 ProgressMeter -     17:22256277        1357429.0    62.4 m           46.0 m       27.4%     3.8 h       2.8 h 
INFO  17:33:48,289 ProgressMeter -     17:22257188        1357429.0    63.0 m           46.4 m       27.4%     3.8 h       2.8 h 
INFO  17:34:18,289 ProgressMeter -     17:22257442        1357429.0    63.5 m           46.8 m       27.4%     3.9 h       2.8 h 
INFO  17:34:48,290 ProgressMeter -     17:22257932        1357429.0    64.0 m           47.2 m       27.4%     3.9 h       2.8 h 
INFO  17:35:18,291 ProgressMeter -     17:22258473        1357429.0    64.5 m           47.5 m       27.4%     3.9 h       2.8 h 
INFO  17:35:48,292 ProgressMeter -     17:22258473        1357429.0    65.0 m           47.9 m       27.4%     4.0 h       2.9 h 
INFO  17:36:28,293 ProgressMeter -     17:22258899        1357429.0    65.7 m           48.4 m       27.4%     4.0 h       2.9 h 
INFO  17:36:58,293 ProgressMeter -     17:22259805        1357429.0    66.2 m           48.8 m       27.4%     4.0 h       2.9 h 
INFO  17:37:28,300 ProgressMeter -     17:22260739        1357429.0    66.7 m           49.1 m       27.4%     4.1 h       2.9 h 
INFO  17:37:58,301 ProgressMeter -     17:22260876        1357429.0    67.2 m           49.5 m       27.4%     4.1 h       3.0 h 
INFO  17:38:38,302 ProgressMeter -     17:22261127        1357429.0    67.9 m           50.0 m       27.4%     4.1 h       3.0 h 
INFO  17:39:08,302 ProgressMeter -     17:22261578        1357429.0    68.4 m           50.4 m       27.4%     4.2 h       3.0 h 
INFO  17:39:38,303 ProgressMeter -     17:22261790        1357429.0    68.9 m           50.7 m       27.4%     4.2 h       3.0 h 
INFO  17:40:08,304 ProgressMeter -     17:24002557        1357429.0    69.4 m           51.1 m       29.4%     3.9 h       2.8 h 
INFO  17:40:48,305 ProgressMeter -     17:25266440        1357429.0    70.0 m           51.6 m       30.9%     3.8 h       2.6 h 
INFO  17:41:28,305 ProgressMeter -     17:25268010        1357429.0    70.7 m           52.1 m       30.9%     3.8 h       2.6 h 
INFO  17:41:58,306 ProgressMeter -     17:25270763        1357429.0    71.2 m           52.5 m       30.9%     3.8 h       2.7 h 
INFO  17:42:28,307 ProgressMeter -     17:25274267        1357429.0    71.7 m           52.8 m       30.9%     3.9 h       2.7 h 
INFO  17:43:08,308 ProgressMeter -     17:25280173        1357429.0    72.4 m           53.3 m       30.9%     3.9 h       2.7 h 
INFO  17:43:38,308 ProgressMeter -     17:25283903        1357429.0    72.9 m           53.7 m       30.9%     3.9 h       2.7 h 
INFO  17:44:08,309 ProgressMeter -     17:25288531        1357429.0    73.4 m           54.1 m       30.9%     4.0 h       2.7 h 
INFO  17:44:38,310 ProgressMeter -     17:25294129        1357429.0    73.9 m           54.4 m       30.9%     4.0 h       2.7 h 
INFO  17:45:18,311 ProgressMeter -     17:25297778        1357429.0    74.5 m           54.9 m       30.9%     4.0 h       2.8 h 
INFO  17:45:48,311 ProgressMeter -     17:25300659        1357429.0    75.0 m           55.3 m       30.9%     4.0 h       2.8 h 
INFO  17:46:18,312 ProgressMeter -     17:25302791        1357429.0    75.5 m           55.7 m       30.9%     4.1 h       2.8 h 
INFO  17:46:48,313 ProgressMeter -     17:25306082        1357429.0    76.0 m           56.0 m       30.9%     4.1 h       2.8 h 
INFO  17:47:18,314 ProgressMeter -     17:25326994        1357429.0    76.5 m           56.4 m       31.0%     4.1 h       2.8 h 
INFO  17:47:48,315 ProgressMeter -     17:25351272        1357429.0    77.0 m           56.8 m       31.0%     4.1 h       2.9 h 
INFO  17:48:18,322 ProgressMeter -     17:25744028        1357429.0    77.5 m           57.1 m       31.5%     4.1 h       2.8 h 
INFO  17:48:48,323 ProgressMeter -     17:26065199        1357429.0    78.0 m           57.5 m       31.8%     4.1 h       2.8 h 
INFO  17:49:28,323 ProgressMeter -     17:26589992        1357429.0    78.7 m           58.0 m       32.4%     4.0 h       2.7 h 
INFO  17:49:58,324 ProgressMeter -     17:26825503        1357429.0    79.2 m           58.4 m       32.7%     4.0 h       2.7 h 
INFO  17:50:28,325 ProgressMeter -     17:27250704        1357429.0    79.7 m           58.7 m       33.2%     4.0 h       2.7 h 
INFO  17:50:58,326 ProgressMeter -     17:27660938        1357429.0    80.2 m           59.1 m       33.7%     4.0 h       2.6 h 
INFO  17:51:38,327 ProgressMeter -     17:28168625        1357429.0    80.9 m           59.6 m       34.3%     3.9 h       2.6 h 
INFO  17:52:08,329 ProgressMeter -     17:28571878        1357429.0    81.4 m           59.9 m       34.7%     3.9 h       2.5 h 
INFO  17:52:38,330 ProgressMeter -     17:28993984        1357429.0    81.9 m           60.3 m       35.2%     3.9 h       2.5 h 
INFO  17:53:08,330 ProgressMeter -     17:29428683        1357429.0    82.4 m           60.7 m       35.7%     3.8 h       2.5 h 
INFO  17:53:38,331 ProgressMeter -     17:29770458        1357429.0    82.9 m           61.1 m       36.1%     3.8 h       2.4 h 
INFO  17:54:08,332 ProgressMeter -     17:30087969        1357429.0    83.4 m           61.4 m       36.5%     3.8 h       2.4 h 
INFO  17:54:38,333 ProgressMeter -     17:30491186        1357429.0    83.9 m           61.8 m       37.0%     3.8 h       2.4 h 
INFO  17:55:08,334 ProgressMeter -     17:30879111        1357429.0    84.4 m           62.2 m       37.4%     3.8 h       2.4 h 
INFO  17:55:48,335 ProgressMeter -     17:31366267        1357429.0    85.0 m           62.7 m       38.0%     3.7 h       2.3 h 
INFO  17:56:18,336 ProgressMeter -     17:31711083        1357429.0    85.5 m           63.0 m       38.4%     3.7 h       2.3 h 
INFO  17:56:48,337 ProgressMeter -     17:32023307        1357429.0    86.0 m           63.4 m       38.7%     3.7 h       2.3 h 
INFO  17:57:28,338 ProgressMeter -     17:32444445        1357429.0    86.7 m           63.9 m       39.2%     3.7 h       2.2 h 
INFO  17:57:58,339 ProgressMeter -     17:32771280        1357429.0    87.2 m           64.2 m       39.6%     3.7 h       2.2 h 
INFO  17:58:38,340 ProgressMeter -     17:33222094        1357429.0    87.9 m           64.7 m       40.1%     3.6 h       2.2 h 
INFO  17:59:08,341 ProgressMeter -     17:33562174        1357429.0    88.4 m           65.1 m       40.5%     3.6 h       2.2 h 
INFO  17:59:48,342 ProgressMeter -     17:34003568        1357429.0    89.0 m           65.6 m       41.0%     3.6 h       2.1 h 
INFO  18:00:18,342 ProgressMeter -     17:34382603        1357429.0    89.5 m           66.0 m       41.5%     3.6 h       2.1 h 
INFO  18:00:48,343 ProgressMeter -     17:34726254        1357429.0    90.0 m           66.3 m       41.9%     3.6 h       2.1 h 
INFO  18:01:18,344 ProgressMeter -     17:35082952        1357429.0    90.5 m           66.7 m       42.3%     3.6 h       2.1 h 
INFO  18:01:58,345 ProgressMeter -     17:35561879        1357429.0    91.2 m           67.2 m       42.8%     3.5 h       2.0 h 
INFO  18:02:28,346 ProgressMeter -     17:35922238        1357429.0    91.7 m           67.6 m       43.3%     3.5 h       2.0 h 
INFO  18:02:58,385 ProgressMeter -     17:36211641        1357429.0    92.2 m           67.9 m       43.6%     3.5 h     119.3 m 
INFO  18:03:28,392 ProgressMeter -     17:36318096        1357429.0    92.7 m           68.3 m       43.7%     3.5 h     119.3 m 
INFO  18:03:58,393 ProgressMeter -     17:36392258        1357429.0    93.2 m           68.7 m       43.8%     3.5 h     119.5 m 
WARN  18:04:03,628 ExactAFCalculator - this tool is currently set to genotype at most 6 alternate alleles in a given context, but the context at 17:36394027 has 17 alternate alleles so only the top alleles will be used; see the --max_alternate_alleles argument 
INFO  18:04:28,394 ProgressMeter -     17:36565849        1357429.0    93.7 m           69.0 m       44.0%     3.5 h     119.2 m 
INFO  18:04:58,395 ProgressMeter -     17:36939267        1357429.0    94.2 m           69.4 m       44.4%     3.5 h     117.7 m 
INFO  18:05:38,396 ProgressMeter -     17:37406502        1357429.0    94.9 m           69.9 m       45.0%     3.5 h     116.0 m 
INFO  18:06:08,396 ProgressMeter -     17:37794714        1357429.0    95.4 m           70.3 m       45.4%     3.5 h     114.5 m 
INFO  18:06:38,397 ProgressMeter -     17:38156202        1357429.0    95.9 m           70.6 m       45.9%     3.5 h     113.2 m 
INFO  18:07:08,398 ProgressMeter -     17:38591069        1357429.0    96.4 m           71.0 m       46.4%     3.5 h     111.5 m 
INFO  18:07:38,399 ProgressMeter -     17:38968600        1357429.0    96.9 m           71.4 m       46.8%     3.4 h     110.1 m 
INFO  18:08:08,400 ProgressMeter -     17:39214018        1357429.0    97.4 m           71.7 m       47.1%     3.4 h     109.4 m 
INFO  18:08:48,401 ProgressMeter -     17:39550381        1357429.0    98.0 m           72.2 m       47.5%     3.4 h     108.5 m 
INFO  18:09:18,408 ProgressMeter -     17:39864916        1357429.0    98.5 m           72.6 m       47.8%     3.4 h     107.4 m 
INFO  18:09:48,409 ProgressMeter -     17:40212083        1357429.0    99.0 m           73.0 m       48.2%     3.4 h     106.2 m 
INFO  18:10:18,410 ProgressMeter -     17:40584352        1357429.0    99.5 m           73.3 m       48.7%     3.4 h     104.9 m 
INFO  18:10:58,411 ProgressMeter -     17:41041889        1357429.0   100.2 m           73.8 m       49.2%     3.4 h     103.4 m 
INFO  18:11:28,412 ProgressMeter -     17:41361812        1357429.0   100.7 m           74.2 m       49.6%     3.4 h     102.4 m 
INFO  18:11:58,413 ProgressMeter -     17:41400162        1357429.0   101.2 m           74.6 m       49.6%     3.4 h     102.7 m 
INFO  18:12:28,413 ProgressMeter -     17:41466207        1357429.0   101.7 m           74.9 m       49.7%     3.4 h     102.9 m 
INFO  18:12:58,414 ProgressMeter -     17:41552002        1357429.0   102.2 m           75.3 m       49.8%     3.4 h     103.0 m 
INFO  18:13:28,415 ProgressMeter -     17:41929997        1357429.0   102.7 m           75.7 m       50.2%     3.4 h     101.7 m 
INFO  18:14:08,416 ProgressMeter -     17:42375315        1357429.0   103.4 m           76.2 m       50.8%     3.4 h     100.3 m 
INFO  18:14:38,417 ProgressMeter -     17:42753720        1357429.0   103.9 m           76.5 m       51.2%     3.4 h      99.0 m 
INFO  18:15:18,418 ProgressMeter -     17:43271643        1357429.0   104.5 m           77.0 m       51.8%     3.4 h      97.3 m 
INFO  18:15:48,419 ProgressMeter -     17:43651874        1357429.0   105.0 m           77.4 m       52.2%     3.4 h      96.0 m 
INFO  18:16:18,420 ProgressMeter -     17:43792690        1357429.0   105.5 m           77.8 m       52.4%     3.4 h      95.9 m 
INFO  18:16:48,421 ProgressMeter -     17:43958398        1357429.0   106.0 m           78.1 m       52.6%     3.4 h      95.6 m 
INFO  18:17:18,422 ProgressMeter -     17:44125485        1357429.0   106.5 m           78.5 m       52.8%     3.4 h      95.3 m 
INFO  18:17:58,423 ProgressMeter -     17:44331577        1357429.0   107.2 m           79.0 m       53.0%     3.4 h      95.0 m 
INFO  18:18:28,424 ProgressMeter -     17:44710391        1357429.0   107.7 m           79.4 m       53.5%     3.4 h      93.7 m 
INFO  18:19:08,425 ProgressMeter -     17:45253950        1357429.0   108.4 m           79.8 m       54.1%     3.3 h      92.0 m 
INFO  18:19:38,429 ProgressMeter -     17:45428623        1357429.0   108.9 m           80.2 m       54.3%     3.3 h      91.6 m 
INFO  18:20:08,430 ProgressMeter -     17:45726972        1357429.0   109.4 m           80.6 m       54.6%     3.3 h      90.8 m 
INFO  18:20:38,431 ProgressMeter -     17:46080949        1357429.0   109.9 m           80.9 m       55.1%     3.3 h      89.7 m 
INFO  18:21:08,432 ProgressMeter -     17:46404900        1357429.0   110.4 m           81.3 m       55.4%     3.3 h      88.7 m 
INFO  18:21:38,433 ProgressMeter -     17:46748433        1357429.0   110.9 m           81.7 m       55.8%     3.3 h      87.7 m 
INFO  18:22:08,434 ProgressMeter -     17:47070852        1357429.0   111.4 m           82.1 m       56.2%     3.3 h      86.8 m 
INFO  18:22:38,435 ProgressMeter -     17:47428699        1357429.0   111.9 m           82.4 m       56.6%     3.3 h      85.7 m 
INFO  18:23:08,436 ProgressMeter -     17:47828005        1357429.0   112.4 m           82.8 m       57.1%     3.3 h      84.5 m 
INFO  18:23:48,438 ProgressMeter -     17:48357075        1357429.0   113.0 m           83.3 m       57.7%     3.3 h      82.9 m 
INFO  18:24:18,439 ProgressMeter -     17:48686127        1357429.0   113.5 m           83.6 m       58.1%     3.3 h      82.0 m 
INFO  18:24:48,440 ProgressMeter -     17:49062515        1357429.0   114.0 m           84.0 m       58.5%     3.2 h      80.8 m 
INFO  18:25:18,441 ProgressMeter -     17:49435846        1357429.0   114.5 m           84.4 m       58.9%     3.2 h      79.8 m 
INFO  18:25:48,442 ProgressMeter -     17:49782239        1357429.0   115.0 m           84.8 m       59.4%     3.2 h      78.8 m 
INFO  18:26:18,443 ProgressMeter -     17:50143558        1357429.0   115.5 m           85.1 m       59.8%     3.2 h      77.8 m 
INFO  18:26:58,444 ProgressMeter -     17:50622477        1357429.0   116.2 m           85.6 m       60.3%     3.2 h      76.4 m 
INFO  18:27:28,445 ProgressMeter -     17:50872247        1357429.0   116.7 m           86.0 m       60.6%     3.2 h      75.8 m 
INFO  18:27:58,446 ProgressMeter -     17:51154502        1357429.0   117.2 m           86.3 m       60.9%     3.2 h      75.1 m 
INFO  18:28:28,447 ProgressMeter -     17:51457502        1357429.0   117.7 m           86.7 m       61.3%     3.2 h      74.3 m 
INFO  18:28:58,448 ProgressMeter -     17:51778212        1357429.0   118.2 m           87.1 m       61.7%     3.2 h      73.5 m 
INFO  18:29:38,449 ProgressMeter -     17:52264255        1357429.0   118.9 m           87.6 m       62.2%     3.2 h      72.1 m 
INFO  18:30:08,450 ProgressMeter -     17:52640159        1357429.0   119.4 m           87.9 m       62.7%     3.2 h      71.1 m 
INFO  18:30:38,451 ProgressMeter -     17:52961789        1357429.0   119.9 m           88.3 m       63.0%     3.2 h      70.3 m 
INFO  18:31:08,452 ProgressMeter -     17:53289919        1357429.0     2.0 h           88.7 m       63.4%     3.2 h      69.4 m 
INFO  18:31:38,453 ProgressMeter -     17:53633028        1357429.0     2.0 h           89.1 m       63.8%     3.2 h      68.5 m 
INFO  18:32:08,454 ProgressMeter -     17:54047970        1357429.0     2.0 h           89.4 m       64.3%     3.1 h      67.4 m 
INFO  18:32:38,455 ProgressMeter -     17:54393874        1357429.0     2.0 h           89.8 m       64.7%     3.1 h      66.5 m 
INFO  18:33:08,456 ProgressMeter -     17:54752058        1357429.0     2.0 h           90.2 m       65.1%     3.1 h      65.5 m 
INFO  18:33:38,457 ProgressMeter -     17:55116891        1357429.0     2.0 h           90.5 m       65.5%     3.1 h      64.6 m 
INFO  18:34:08,458 ProgressMeter -     17:55467787        1357429.0     2.1 h           90.9 m       65.9%     3.1 h      63.7 m 
INFO  18:34:38,602 ProgressMeter -     17:55805882        1357429.0     2.1 h           91.3 m       66.3%     3.1 h      62.8 m 
INFO  18:35:08,606 ProgressMeter -     17:55918103        1357429.0     2.1 h           91.6 m       66.5%     3.1 h      62.7 m 
INFO  18:35:38,607 ProgressMeter -     17:56274979        1357429.0     2.1 h           92.0 m       66.9%     3.1 h      61.8 m 
INFO  18:36:08,608 ProgressMeter -     17:56670538        1357429.0     2.1 h           92.4 m       67.3%     3.1 h      60.8 m 
INFO  18:36:38,609 ProgressMeter -     17:57055553        1357429.0     2.1 h           92.7 m       67.8%     3.1 h      59.8 m 
INFO  18:37:08,610 ProgressMeter -     17:57438454        1357429.0     2.1 h           93.1 m       68.2%     3.1 h      58.8 m 
INFO  18:37:38,611 ProgressMeter -     17:57824362        1357429.0     2.1 h           93.5 m       68.7%     3.1 h      57.8 m 
INFO  18:38:08,612 ProgressMeter -     17:58206035        1357429.0     2.1 h           93.8 m       69.1%     3.1 h      56.9 m 
INFO  18:38:38,613 ProgressMeter -     17:58688589        1357429.0     2.1 h           94.2 m       69.7%     3.1 h      55.6 m 
INFO  18:39:08,614 ProgressMeter -     17:59135989        1357429.0     2.1 h           94.6 m       70.2%     3.0 h      54.5 m 
INFO  18:39:38,615 ProgressMeter -     17:59527195        1357429.0     2.1 h           94.9 m       70.7%     3.0 h      53.5 m 
INFO  18:40:08,616 ProgressMeter -     17:59883728        1357429.0     2.2 h           95.3 m       71.1%     3.0 h      52.7 m 
INFO  18:40:38,617 ProgressMeter -     17:60256153        1357429.0     2.2 h           95.7 m       71.5%     3.0 h      51.8 m 
INFO  18:41:08,618 ProgressMeter -     17:60622216        1357429.0     2.2 h           96.1 m       71.9%     3.0 h      50.9 m 
INFO  18:41:38,619 ProgressMeter -     17:61026733        1357429.0     2.2 h           96.4 m       72.4%     3.0 h      49.9 m 
INFO  18:42:08,622 ProgressMeter -     17:61410689        1357429.0     2.2 h           96.8 m       72.8%     3.0 h      49.0 m 
INFO  18:42:38,623 ProgressMeter -     17:61815118        1357429.0     2.2 h           97.2 m       73.3%     3.0 h      48.0 m 
INFO  18:43:08,624 ProgressMeter -     17:62147550        1357429.0     2.2 h           97.5 m       73.7%     3.0 h      47.2 m 
INFO  18:43:38,625 ProgressMeter -     17:62587458        1357429.0     2.2 h           97.9 m       74.2%     3.0 h      46.2 m 
INFO  18:44:08,626 ProgressMeter -     17:62918963        1357429.0     2.2 h           98.3 m       74.6%     3.0 h      45.4 m 
INFO  18:44:38,627 ProgressMeter -     17:63253964        1357429.0     2.2 h           98.6 m       75.0%     3.0 h      44.7 m 
INFO  18:45:08,628 ProgressMeter -     17:63659941        1357429.0     2.2 h           99.0 m       75.5%     3.0 h      43.7 m 
INFO  18:45:48,629 ProgressMeter -     17:64020598        1357429.0     2.3 h           99.5 m       75.9%     3.0 h      42.9 m 
INFO  18:46:18,630 ProgressMeter -     17:64321372        1357429.0     2.3 h           99.9 m       76.2%     3.0 h      42.3 m 
INFO  18:46:48,631 ProgressMeter -     17:64637625        1357429.0     2.3 h          100.2 m       76.6%     3.0 h      41.6 m 
INFO  18:47:18,633 ProgressMeter -     17:65023855        1357429.0     2.3 h          100.6 m       77.0%     3.0 h      40.7 m 
INFO  18:47:48,634 ProgressMeter -     17:65422543        1357429.0     2.3 h          101.0 m       77.5%     2.9 h      39.8 m 
INFO  18:48:18,635 ProgressMeter -     17:65791902        1357429.0     2.3 h          101.3 m       77.9%     2.9 h      38.9 m 
INFO  18:48:48,636 ProgressMeter -     17:66101884        1357429.0     2.3 h          101.7 m       78.3%     2.9 h      38.3 m 
INFO  18:49:18,637 ProgressMeter -     17:66425727        1357429.0     2.3 h          102.1 m       78.7%     2.9 h      37.6 m 
INFO  18:49:58,638 ProgressMeter -     17:66900202        1357429.0     2.3 h          102.6 m       79.2%     2.9 h      36.5 m 
INFO  18:50:28,639 ProgressMeter -     17:67260735        1357429.0     2.3 h          102.9 m       79.6%     2.9 h      35.7 m 
INFO  18:50:58,640 ProgressMeter -     17:67611583        1357429.0     2.3 h          103.3 m       80.0%     2.9 h      35.0 m 
INFO  18:51:28,641 ProgressMeter -     17:67956651        1357429.0     2.3 h          103.7 m       80.4%     2.9 h      34.2 m 
INFO  18:51:58,642 ProgressMeter -     17:68272717        1357429.0     2.4 h          104.0 m       80.8%     2.9 h      33.5 m 
INFO  18:52:38,643 ProgressMeter -     17:68742600        1357429.0     2.4 h          104.5 m       81.4%     2.9 h      32.5 m 
INFO  18:53:18,644 ProgressMeter -     17:69136809        1357429.0     2.4 h          105.0 m       81.8%     2.9 h      31.7 m 
INFO  18:53:48,645 ProgressMeter -     17:69462245        1357429.0     2.4 h          105.4 m       82.2%     2.9 h      31.0 m 
INFO  18:54:18,646 ProgressMeter -     17:69876526        1357429.0     2.4 h          105.8 m       82.7%     2.9 h      30.1 m 
INFO  18:54:48,647 ProgressMeter -     17:70287722        1357429.0     2.4 h          106.1 m       83.1%     2.9 h      29.2 m 
INFO  18:55:18,648 ProgressMeter -     17:70665639        1357429.0     2.4 h          106.5 m       83.6%     2.9 h      28.4 m 
INFO  18:55:48,649 ProgressMeter -     17:70976761        1357429.0     2.4 h          106.9 m       83.9%     2.9 h      27.7 m 
INFO  18:56:18,650 ProgressMeter -     17:71312107        1357429.0     2.4 h          107.2 m       84.3%     2.9 h      27.0 m 
INFO  18:56:48,651 ProgressMeter -     17:71683675        1357429.0     2.4 h          107.6 m       84.8%     2.9 h      26.2 m 
INFO  18:57:18,652 ProgressMeter -     17:72044338        1357429.0     2.4 h          108.0 m       85.2%     2.9 h      25.5 m 
INFO  18:57:48,653 ProgressMeter -     17:72424890        1357429.0     2.5 h          108.3 m       85.6%     2.9 h      24.7 m 
INFO  18:58:18,654 ProgressMeter -     17:72781463        1357429.0     2.5 h          108.7 m       86.0%     2.9 h      23.9 m 
INFO  18:58:48,655 ProgressMeter -     17:73196085        1357429.0     2.5 h          109.1 m       86.5%     2.9 h      23.1 m 
INFO  18:59:18,656 ProgressMeter -     17:73524212        1357429.0     2.5 h          109.4 m       86.9%     2.8 h      22.4 m 
INFO  18:59:48,657 ProgressMeter -     17:73935845        1357429.0     2.5 h          109.8 m       87.4%     2.8 h      21.5 m 
INFO  19:00:18,662 ProgressMeter -     17:74377670        1357429.0     2.5 h          110.2 m       87.9%     2.8 h      20.6 m 
INFO  19:00:48,663 ProgressMeter -     17:74688140        1357429.0     2.5 h          110.5 m       88.3%     2.8 h      20.0 m 
INFO  19:01:18,665 ProgressMeter -     17:74967868        1357429.0     2.5 h          110.9 m       88.6%     2.8 h      19.4 m 
INFO  19:01:48,666 ProgressMeter -     17:75318669        1357429.0     2.5 h          111.3 m       89.0%     2.8 h      18.7 m 
INFO  19:02:18,667 ProgressMeter -     17:75684084        1357429.0     2.5 h          111.6 m       89.4%     2.8 h      17.9 m 
INFO  19:02:48,668 ProgressMeter -     17:76105470        1357429.0     2.5 h          112.0 m       89.9%     2.8 h      17.1 m 
INFO  19:03:18,673 ProgressMeter -     17:76424786        1357429.0     2.5 h          112.4 m       90.3%     2.8 h      16.4 m 
INFO  19:03:48,675 ProgressMeter -     17:76732365        1357429.0     2.6 h          112.7 m       90.6%     2.8 h      15.8 m 
INFO  19:04:18,675 ProgressMeter -     17:77108026        1357429.0     2.6 h          113.1 m       91.1%     2.8 h      15.1 m 
INFO  19:04:48,676 ProgressMeter -     17:77387547        1357429.0     2.6 h          113.5 m       91.4%     2.8 h      14.5 m 
INFO  19:05:18,677 ProgressMeter -     17:77888734        1357429.0     2.6 h          113.9 m       92.0%     2.8 h      13.5 m 
INFO  19:05:48,678 ProgressMeter -     17:78181480        1357429.0     2.6 h          114.2 m       92.3%     2.8 h      12.9 m 
INFO  19:06:18,679 ProgressMeter -     17:78528543        1357429.0     2.6 h          114.6 m       92.7%     2.8 h      12.2 m 
INFO  19:06:48,680 ProgressMeter -     17:78865909        1357429.0     2.6 h          115.0 m       93.1%     2.8 h      11.6 m 
INFO  19:07:18,681 ProgressMeter -     17:79161750        1357429.0     2.6 h          115.3 m       93.4%     2.8 h      11.0 m 
INFO  19:07:48,682 ProgressMeter -     17:79528711        1357429.0     2.6 h          115.7 m       93.9%     2.8 h      10.3 m 
INFO  19:08:18,683 ProgressMeter -     17:79975470        1357429.0     2.6 h          116.1 m       94.4%     2.8 h       9.4 m 
INFO  19:08:48,684 ProgressMeter -     17:80351887        1357429.0     2.6 h          116.4 m       94.8%     2.8 h       8.6 m 
INFO  19:09:18,685 ProgressMeter -     17:80691899        1357429.0     2.6 h          116.8 m       95.2%     2.8 h       8.0 m 
INFO  19:09:48,686 ProgressMeter -     17:81074565        1357429.0     2.7 h          117.2 m       95.7%     2.8 h       7.2 m 
INFO  19:10:18,687 ProgressMeter -       18:107468      8.2552639E7     2.7 h          115.0 s       95.9%     2.8 h       6.8 m 
INFO  19:10:48,688 ProgressMeter -       18:108293      8.2552639E7     2.7 h          116.0 s       95.9%     2.8 h       6.8 m 
INFO  19:11:18,689 ProgressMeter -       18:108293      8.2552639E7     2.7 h          116.0 s       95.9%     2.8 h       6.8 m 
INFO  19:11:48,690 ProgressMeter -       18:108406      8.2552639E7     2.7 h          117.0 s       95.9%     2.8 h       6.8 m 
INFO  19:12:18,691 ProgressMeter -       18:108669      8.2552639E7     2.7 h          117.0 s       95.9%     2.8 h       6.8 m 
INFO  19:12:48,692 ProgressMeter -       18:108917      8.2552639E7     2.7 h          117.0 s       95.9%     2.8 h       6.9 m 
INFO  19:13:18,693 ProgressMeter -       18:109238      8.2552639E7     2.7 h          118.0 s       95.9%     2.8 h       6.9 m 
INFO  19:13:48,694 ProgressMeter -       18:110305      8.2552639E7     2.7 h          118.0 s       95.9%     2.8 h       6.9 m 
INFO  19:14:18,695 ProgressMeter -       18:110567      8.2552639E7     2.7 h          118.0 s       95.9%     2.8 h       6.9 m 
INFO  19:14:48,696 ProgressMeter -       18:110567      8.2552639E7     2.7 h          119.0 s       95.9%     2.9 h       7.0 m 
INFO  19:15:18,697 ProgressMeter -       18:110818      8.2552639E7     2.7 h          119.0 s       95.9%     2.9 h       7.0 m 
INFO  19:15:48,698 ProgressMeter -       18:111190      8.2552639E7     2.8 h          119.0 s       95.9%     2.9 h       7.0 m 
INFO  19:16:18,699 ProgressMeter -       18:238026      8.2552639E7     2.8 h          120.0 s       96.1%     2.9 h       6.7 m 
INFO  19:16:48,700 ProgressMeter -       18:572274      8.2552639E7     2.8 h          120.0 s       96.5%     2.9 h       6.1 m 
INFO  19:17:18,701 ProgressMeter -       18:893434      8.2552639E7     2.8 h            2.0 m       96.8%     2.9 h       5.4 m 
INFO  19:17:48,702 ProgressMeter -      18:1321349      8.2552639E7     2.8 h            2.0 m       97.3%     2.9 h       4.6 m 
INFO  19:18:18,706 ProgressMeter -      18:1681298      8.2552639E7     2.8 h            2.0 m       97.8%     2.9 h       3.8 m 
INFO  19:18:48,707 ProgressMeter -      18:1985390      8.2552639E7     2.8 h            2.0 m       98.1%     2.9 h       3.2 m 
INFO  19:19:18,708 ProgressMeter -      18:2325880      8.2552639E7     2.8 h            2.0 m       98.5%     2.9 h       2.6 m 
INFO  19:19:48,709 ProgressMeter -      18:2638011      8.2552639E7     2.8 h            2.0 m       98.9%     2.8 h     116.0 s 
INFO  19:20:18,710 ProgressMeter -      18:2955740      8.2552639E7     2.8 h            2.1 m       99.2%     2.8 h      78.0 s 
INFO  19:20:48,711 ProgressMeter -      18:3318222      8.2552639E7     2.8 h            2.1 m       99.7%     2.8 h      35.0 s 
INFO  19:21:12,094 VectorLoglessPairHMM - Time spent in setup for JNI call : 3.2804027920000003 
INFO  19:21:12,095 PairHMM - Total compute time in PairHMM computeLikelihoods() : 2548.133444845 
INFO  19:21:12,096 HaplotypeCaller - Ran local assembly on 436731 active regions 
INFO  19:21:12,104 ProgressMeter -            done      8.6166015E7     2.8 h          118.0 s      100.0%     2.8 h       0.0 s 
INFO  19:21:12,104 ProgressMeter - Total runtime 10226.43 secs, 170.44 min, 2.84 hours 
INFO  19:21:12,105 MicroScheduler - 4304892 reads were filtered out during the traversal out of approximately 23462394 total reads (18.35%) 
INFO  19:21:12,106 MicroScheduler -   -> 0 reads (0.00% of total) failing BadCigarFilter 
INFO  19:21:12,107 MicroScheduler -   -> 2544814 reads (10.85% of total) failing DuplicateReadFilter 
INFO  19:21:12,108 MicroScheduler -   -> 0 reads (0.00% of total) failing FailsVendorQualityCheckFilter 
INFO  19:21:12,109 MicroScheduler -   -> 1725769 reads (7.36% of total) failing HCMappingQualityFilter 
INFO  19:21:12,110 MicroScheduler -   -> 0 reads (0.00% of total) failing MalformedReadFilter 
INFO  19:21:12,110 MicroScheduler -   -> 0 reads (0.00% of total) failing MappingQualityUnavailableFilter 
INFO  19:21:12,111 MicroScheduler -   -> 34309 reads (0.15% of total) failing NotPrimaryAlignmentFilter 
INFO  19:21:12,112 MicroScheduler -   -> 0 reads (0.00% of total) failing UnmappedReadFilter 
