INFO  20:17:54,184 HelpFormatter - --------------------------------------------------------------------------------- 
INFO  20:17:54,186 HelpFormatter - The Genome Analysis Toolkit (GATK) v3.4-46-g8ea4dca, Compiled 2015/08/13 20:41:56 
INFO  20:17:54,186 HelpFormatter - Copyright (c) 2010 The Broad Institute 
INFO  20:17:54,187 HelpFormatter - For support and documentation go to http://www.broadinstitute.org/gatk 
INFO  20:17:54,190 HelpFormatter - Program Args: -T BaseRecalibrator -I /home/opt/data/broadout/FC1-NA12878-01_S1_L001_R1_001_gatk_best_practices_36t_30s_2015-11-05_19-14-59/FC1-NA12878-01_S1_L001_R1_001_realign.bam -L /home/beris/Broad_Ref_Pipeline_approved_package/workflow_profiler/.queue/scatterGather/ExampleBaseRecalibrator-1-sg/temp_17_of_24/scatter.intervals -R /home/beris/Broad_Ref_Pipeline_approved_package/homosapiensrefgenome/Homo_sapiens_assembly19.fasta -knownSites /home/beris/Broad_Ref_Pipeline_approved_package/homosapiensrefgenome/Homo_sapiens_assembly19.dbsnp.vcf -o /home/beris/Broad_Ref_Pipeline_approved_package/workflow_profiler/.queue/scatterGather/ExampleBaseRecalibrator-1-sg/temp_17_of_24/FC1-NA12878-01_S1_L001_R1_001_recal.grp 
INFO  20:17:54,197 HelpFormatter - Executing as beris@dna on Linux 2.6.32-573.el6.x86_64 amd64; OpenJDK 64-Bit Server VM 1.7.0_79-mockbuild_2015_07_24_09_26-b00. 
INFO  20:17:54,198 HelpFormatter - Date/Time: 2015/11/05 20:17:54 
INFO  20:17:54,198 HelpFormatter - --------------------------------------------------------------------------------- 
INFO  20:17:54,199 HelpFormatter - --------------------------------------------------------------------------------- 
INFO  20:17:54,286 GenomeAnalysisEngine - Strictness is SILENT 
INFO  20:17:54,395 GenomeAnalysisEngine - Downsampling Settings: No downsampling 
INFO  20:17:54,406 SAMDataSource$SAMReaders - Initializing SAMRecords in serial 
INFO  20:17:54,453 SAMDataSource$SAMReaders - Done initializing BAM readers: total time 0.05 
INFO  20:17:54,937 IntervalUtils - Processing 2105649 bp from intervals 
INFO  20:17:55,024 GenomeAnalysisEngine - Preparing for traversal over 1 BAM files 
INFO  20:17:55,362 GenomeAnalysisEngine - Done preparing for traversal 
INFO  20:17:55,363 ProgressMeter - [INITIALIZATION COMPLETE; STARTING PROCESSING] 
INFO  20:17:55,363 ProgressMeter -                 | processed |    time |    per 1M |           |   total | remaining 
INFO  20:17:55,364 ProgressMeter -        Location |     reads | elapsed |     reads | completed | runtime |   runtime 
INFO  20:17:55,485 BaseRecalibrator - The covariates being used here:  
INFO  20:17:55,485 BaseRecalibrator - 	ReadGroupCovariate 
INFO  20:17:55,486 BaseRecalibrator - 	QualityScoreCovariate 
INFO  20:17:55,486 BaseRecalibrator - 	ContextCovariate 
INFO  20:17:55,486 ContextCovariate - 		Context sizes: base substitution model 2, indel substitution model 3 
INFO  20:17:55,486 BaseRecalibrator - 	CycleCovariate 
INFO  20:17:55,489 ReadShardBalancer$1 - Loading BAM index data 
INFO  20:17:55,861 ReadShardBalancer$1 - Done loading BAM index data 
INFO  20:18:31,293 ProgressMeter -      17:7983142         0.0    35.0 s      59.3 w       16.8%     3.5 m       2.9 m 
INFO  20:19:02,251 ProgressMeter -     17:35696788    200004.0    66.0 s       5.6 m       42.4%     2.6 m      89.0 s 
INFO  20:19:32,257 ProgressMeter -     17:73947753    500010.0    96.0 s       3.2 m       87.9%   109.0 s      13.0 s 
INFO  20:19:37,542 BaseRecalibrator - Calculating quantized quality scores... 
INFO  20:19:37,605 BaseRecalibrator - Writing recalibration report... 
INFO  20:19:38,260 BaseRecalibrator - ...done! 
INFO  20:19:38,261 BaseRecalibrator - BaseRecalibrator was able to recalibrate 619442 reads 
INFO  20:19:38,261 ProgressMeter -            done    619442.0   102.0 s       2.8 m      100.0%   102.0 s       0.0 s 
INFO  20:19:38,262 ProgressMeter - Total runtime 102.90 secs, 1.71 min, 0.03 hours 
INFO  20:19:38,262 MicroScheduler - 231235 reads were filtered out during the traversal out of approximately 850677 total reads (27.18%) 
INFO  20:19:38,262 MicroScheduler -   -> 0 reads (0.00% of total) failing BadCigarFilter 
INFO  20:19:38,262 MicroScheduler -   -> 205844 reads (24.20% of total) failing DuplicateReadFilter 
INFO  20:19:38,263 MicroScheduler -   -> 0 reads (0.00% of total) failing FailsVendorQualityCheckFilter 
INFO  20:19:38,263 MicroScheduler -   -> 0 reads (0.00% of total) failing MalformedReadFilter 
INFO  20:19:38,263 MicroScheduler -   -> 0 reads (0.00% of total) failing MappingQualityUnavailableFilter 
INFO  20:19:38,263 MicroScheduler -   -> 25289 reads (2.97% of total) failing MappingQualityZeroFilter 
INFO  20:19:38,263 MicroScheduler -   -> 102 reads (0.01% of total) failing NotPrimaryAlignmentFilter 
INFO  20:19:38,263 MicroScheduler -   -> 0 reads (0.00% of total) failing UnmappedReadFilter 
