INFO  19:54:45,578 HelpFormatter - --------------------------------------------------------------------------------- 
INFO  19:54:45,582 HelpFormatter - The Genome Analysis Toolkit (GATK) v3.4-46-g8ea4dca, Compiled 2015/08/13 20:41:56 
INFO  19:54:45,583 HelpFormatter - Copyright (c) 2010 The Broad Institute 
INFO  19:54:45,583 HelpFormatter - For support and documentation go to http://www.broadinstitute.org/gatk 
INFO  19:54:45,593 HelpFormatter - Program Args: -T BaseRecalibrator -I /mnt/nvme0n1/data/broadout/HG02771_gatk_best_practices_8t_30s_2016-07-06_18-21-02/HG02771_realign.bam -L /mnt/nvme0n1/Broad_Ref_Pipeline_approved_package/workflow_profiler/.queue/scatterGather/ExampleBaseRecalibrator-1-sg/temp_17_of_24/scatter.intervals -R /mnt/nvme0n1/Broad_Ref_Pipeline_approved_package/b37bundle/human_g1k_v37.fasta -knownSites /mnt/nvme0n1/Broad_Ref_Pipeline_approved_package/b37bundle/dbsnp_138.b37.vcf -o /mnt/nvme0n1/Broad_Ref_Pipeline_approved_package/workflow_profiler/.queue/scatterGather/ExampleBaseRecalibrator-1-sg/temp_17_of_24/HG02771_recal.grp 
INFO  19:54:45,607 HelpFormatter - Executing as bshifaw@application-1-1.hudson.intel.com on Linux 3.10.0-327.el7.x86_64 amd64; OpenJDK 64-Bit Server VM 1.8.0_91-b14. 
INFO  19:54:45,611 HelpFormatter - Date/Time: 2016/07/06 19:54:45 
INFO  19:54:45,611 HelpFormatter - --------------------------------------------------------------------------------- 
INFO  19:54:45,612 HelpFormatter - --------------------------------------------------------------------------------- 
INFO  19:54:45,832 GenomeAnalysisEngine - Strictness is SILENT 
INFO  19:54:46,587 GenomeAnalysisEngine - Downsampling Settings: No downsampling 
INFO  19:54:46,613 SAMDataSource$SAMReaders - Initializing SAMRecords in serial 
INFO  19:54:46,740 SAMDataSource$SAMReaders - Done initializing BAM readers: total time 0.13 
INFO  19:54:47,893 IntervalUtils - Processing 3010362 bp from intervals 
INFO  19:54:48,109 GenomeAnalysisEngine - Preparing for traversal over 1 BAM files 
INFO  19:54:48,506 GenomeAnalysisEngine - Done preparing for traversal 
INFO  19:54:48,517 ProgressMeter - [INITIALIZATION COMPLETE; STARTING PROCESSING] 
INFO  19:54:48,517 ProgressMeter -                 | processed |    time |    per 1M |           |   total | remaining 
INFO  19:54:48,517 ProgressMeter -        Location |     reads | elapsed |     reads | completed | runtime |   runtime 
INFO  19:54:48,606 BaseRecalibrator - The covariates being used here:  
INFO  19:54:48,618 BaseRecalibrator - 	ReadGroupCovariate 
INFO  19:54:48,620 BaseRecalibrator - 	QualityScoreCovariate 
INFO  19:54:48,620 BaseRecalibrator - 	ContextCovariate 
INFO  19:54:48,620 ContextCovariate - 		Context sizes: base substitution model 2, indel substitution model 3 
INFO  19:54:48,621 BaseRecalibrator - 	CycleCovariate 
INFO  19:54:48,624 ReadShardBalancer$1 - Loading BAM index data 
INFO  19:54:49,043 ReadShardBalancer$1 - Done loading BAM index data 
INFO  19:55:18,607 ProgressMeter -       17:530472         0.0    30.0 s      49.8 w        0.2%     4.1 h       4.1 h 
INFO  19:55:48,618 ProgressMeter -      17:2076043    100003.0    60.0 s      10.0 m        2.8%    35.9 m      34.9 m 
INFO  19:56:19,295 ProgressMeter -      17:4542153    200004.0    90.0 s       7.6 m        7.1%    21.0 m      19.5 m 
INFO  19:56:49,299 ProgressMeter -      17:5463130    400011.0   120.0 s       5.0 m       10.3%    19.5 m      17.5 m 
INFO  19:57:19,300 ProgressMeter -      17:7734181    700018.0     2.5 m       3.6 m       15.7%    15.9 m      13.4 m 
INFO  19:57:49,301 ProgressMeter -     17:10409422    900023.0     3.0 m       3.3 m       21.0%    14.3 m      11.3 m 
INFO  19:58:20,701 ProgressMeter -     17:18178281   1200029.0     3.5 m       2.9 m       27.7%    12.8 m       9.2 m 
INFO  19:58:50,747 ProgressMeter -     17:27943808   1500032.0     4.0 m       2.7 m       35.2%    11.5 m       7.4 m 
INFO  19:59:20,748 ProgressMeter -     17:36091756   1800035.0     4.5 m       2.5 m       43.3%    10.5 m       5.9 m 
INFO  19:59:50,750 ProgressMeter -     17:40693305   2300045.0     5.0 m       2.2 m       52.9%     9.5 m       4.5 m 
INFO  20:00:20,752 ProgressMeter -     17:48356656   2800055.0     5.5 m     118.0 s       65.7%     8.4 m       2.9 m 
INFO  20:00:50,755 ProgressMeter -     17:65900872   3400081.0     6.0 m     106.0 s       79.9%     7.6 m      91.0 s 
INFO  20:01:20,758 ProgressMeter -     17:78897360   4000091.0     6.5 m      98.0 s       94.8%     6.9 m      21.0 s 
INFO  20:01:26,931 BaseRecalibrator - Calculating quantized quality scores... 
INFO  20:01:26,972 BaseRecalibrator - Writing recalibration report... 
INFO  20:01:27,828 BaseRecalibrator - ...done! 
INFO  20:01:27,829 BaseRecalibrator - BaseRecalibrator was able to recalibrate 4197426 reads 
INFO  20:01:27,831 ProgressMeter -            done   4197426.0     6.7 m      95.0 s      100.0%     6.7 m       0.0 s 
INFO  20:01:27,831 ProgressMeter - Total runtime 399.31 secs, 6.66 min, 0.11 hours 
INFO  20:01:27,831 MicroScheduler - 1170282 reads were filtered out during the traversal out of approximately 5367708 total reads (21.80%) 
INFO  20:01:27,832 MicroScheduler -   -> 0 reads (0.00% of total) failing BadCigarFilter 
INFO  20:01:27,832 MicroScheduler -   -> 726761 reads (13.54% of total) failing DuplicateReadFilter 
INFO  20:01:27,832 MicroScheduler -   -> 0 reads (0.00% of total) failing FailsVendorQualityCheckFilter 
INFO  20:01:27,832 MicroScheduler -   -> 0 reads (0.00% of total) failing MalformedReadFilter 
INFO  20:01:27,832 MicroScheduler -   -> 0 reads (0.00% of total) failing MappingQualityUnavailableFilter 
INFO  20:01:27,832 MicroScheduler -   -> 443071 reads (8.25% of total) failing MappingQualityZeroFilter 
INFO  20:01:27,833 MicroScheduler -   -> 450 reads (0.01% of total) failing NotPrimaryAlignmentFilter 
INFO  20:01:27,833 MicroScheduler -   -> 0 reads (0.00% of total) failing UnmappedReadFilter 
