INFO  19:49:47,190 HelpFormatter - --------------------------------------------------------------------------------- 
INFO  19:49:47,214 HelpFormatter - The Genome Analysis Toolkit (GATK) v3.4-46-g8ea4dca, Compiled 2015/08/13 20:41:56 
INFO  19:49:47,214 HelpFormatter - Copyright (c) 2010 The Broad Institute 
INFO  19:49:47,214 HelpFormatter - For support and documentation go to http://www.broadinstitute.org/gatk 
INFO  19:49:47,218 HelpFormatter - Program Args: -T BaseRecalibrator -I /mnt/nvme0n1/data/broadout/HG02561_gatk_best_practices_8t_30s_2016-07-06_18-21-00/HG02561_realign.bam -L /mnt/nvme0n1/Broad_Ref_Pipeline_approved_package/workflow_profiler/.queue/scatterGather/ExampleBaseRecalibrator-1-sg/temp_17_of_24/scatter.intervals -R /mnt/nvme0n1/Broad_Ref_Pipeline_approved_package/b37bundle/human_g1k_v37.fasta -knownSites /mnt/nvme0n1/Broad_Ref_Pipeline_approved_package/b37bundle/dbsnp_138.b37.vcf -o /mnt/nvme0n1/Broad_Ref_Pipeline_approved_package/workflow_profiler/.queue/scatterGather/ExampleBaseRecalibrator-1-sg/temp_17_of_24/HG02561_recal.grp 
INFO  19:49:47,242 HelpFormatter - Executing as bshifaw@application-1-1.hudson.intel.com on Linux 3.10.0-327.el7.x86_64 amd64; OpenJDK 64-Bit Server VM 1.8.0_91-b14. 
INFO  19:49:47,376 HelpFormatter - Date/Time: 2016/07/06 19:49:47 
INFO  19:49:47,377 HelpFormatter - --------------------------------------------------------------------------------- 
INFO  19:49:47,377 HelpFormatter - --------------------------------------------------------------------------------- 
INFO  19:49:47,616 GenomeAnalysisEngine - Strictness is SILENT 
INFO  19:49:47,849 GenomeAnalysisEngine - Downsampling Settings: No downsampling 
INFO  19:49:47,876 SAMDataSource$SAMReaders - Initializing SAMRecords in serial 
INFO  19:49:48,128 SAMDataSource$SAMReaders - Done initializing BAM readers: total time 0.25 
INFO  19:49:49,053 IntervalUtils - Processing 3010362 bp from intervals 
INFO  19:49:49,420 GenomeAnalysisEngine - Preparing for traversal over 1 BAM files 
INFO  19:49:50,016 GenomeAnalysisEngine - Done preparing for traversal 
INFO  19:49:50,017 ProgressMeter - [INITIALIZATION COMPLETE; STARTING PROCESSING] 
INFO  19:49:50,017 ProgressMeter -                 | processed |    time |    per 1M |           |   total | remaining 
INFO  19:49:50,026 ProgressMeter -        Location |     reads | elapsed |     reads | completed | runtime |   runtime 
INFO  19:49:50,162 BaseRecalibrator - The covariates being used here:  
INFO  19:49:50,163 BaseRecalibrator - 	ReadGroupCovariate 
INFO  19:49:50,164 BaseRecalibrator - 	QualityScoreCovariate 
INFO  19:49:50,166 BaseRecalibrator - 	ContextCovariate 
INFO  19:49:50,166 ContextCovariate - 		Context sizes: base substitution model 2, indel substitution model 3 
INFO  19:49:50,167 BaseRecalibrator - 	CycleCovariate 
INFO  19:49:50,169 ReadShardBalancer$1 - Loading BAM index data 
INFO  19:49:50,576 ReadShardBalancer$1 - Done loading BAM index data 
INFO  19:50:29,852 ProgressMeter -      17:1401289         0.0    39.0 s      65.9 w        1.2%    55.6 m      55.0 m 
INFO  19:50:59,854 ProgressMeter -      17:2270564    100003.0    69.0 s      11.6 m        3.2%    35.7 m      34.5 m 
INFO  19:51:29,911 ProgressMeter -      17:4446087    200005.0    99.0 s       8.3 m        6.8%    24.4 m      22.7 m 
INFO  19:52:00,594 ProgressMeter -      17:5289636    400011.0     2.2 m       5.4 m        9.7%    22.3 m      20.1 m 
INFO  19:52:30,596 ProgressMeter -      17:7680838    700017.0     2.7 m       3.8 m       15.3%    17.4 m      14.8 m 
INFO  19:53:00,956 ProgressMeter -     17:10227511    900019.0     3.2 m       3.5 m       20.0%    15.8 m      12.6 m 
INFO  19:53:30,958 ProgressMeter -     17:16220027   1100026.0     3.7 m       3.3 m       24.5%    15.0 m      11.3 m 
INFO  19:54:00,959 ProgressMeter -     17:25639224   1400031.0     4.2 m       3.0 m       30.7%    13.6 m       9.4 m 
INFO  19:54:30,961 ProgressMeter -     17:29622939   1600041.0     4.7 m       2.9 m       37.1%    12.6 m       7.9 m 
INFO  19:55:01,441 ProgressMeter -     17:33951577   1800046.0     5.2 m       2.9 m       40.4%    12.8 m       7.6 m 
INFO  19:55:31,443 ProgressMeter -     17:36863297   2000048.0     5.7 m       2.8 m       44.1%    12.9 m       7.2 m 
INFO  19:56:01,727 ProgressMeter -     17:38928007   2200056.0     6.2 m       2.8 m       48.4%    12.8 m       6.6 m 
INFO  19:56:31,728 ProgressMeter -     17:40489481   2400059.0     6.7 m       2.8 m       52.6%    12.7 m       6.0 m 
INFO  19:57:01,730 ProgressMeter -     17:42451751   2600065.0     7.2 m       2.8 m       57.5%    12.5 m       5.3 m 
INFO  19:57:31,733 ProgressMeter -     17:46703241   2800071.0     7.7 m       2.7 m       63.4%    12.1 m       4.4 m 
INFO  19:58:01,735 ProgressMeter -     17:56355470   3100076.0     8.2 m       2.6 m       69.9%    11.7 m       3.5 m 
INFO  19:58:31,737 ProgressMeter -     17:61908519   3400079.0     8.7 m       2.6 m       76.6%    11.3 m       2.7 m 
INFO  19:59:01,738 ProgressMeter -     17:72938119   3800089.0     9.2 m       2.4 m       84.7%    10.8 m      99.0 s 
INFO  19:59:31,781 ProgressMeter -     17:78332149   4200096.0     9.7 m       2.3 m       94.3%    10.3 m      35.0 s 
INFO  19:59:42,987 BaseRecalibrator - Calculating quantized quality scores... 
INFO  19:59:43,024 BaseRecalibrator - Writing recalibration report... 
INFO  19:59:44,160 BaseRecalibrator - ...done! 
INFO  19:59:44,161 BaseRecalibrator - BaseRecalibrator was able to recalibrate 4383694 reads 
INFO  19:59:44,162 ProgressMeter -            done   4383694.0     9.9 m       2.3 m      100.0%     9.9 m       0.0 s 
INFO  19:59:44,162 ProgressMeter - Total runtime 594.15 secs, 9.90 min, 0.17 hours 
INFO  19:59:44,163 MicroScheduler - 1342098 reads were filtered out during the traversal out of approximately 5725792 total reads (23.44%) 
INFO  19:59:44,163 MicroScheduler -   -> 0 reads (0.00% of total) failing BadCigarFilter 
INFO  19:59:44,164 MicroScheduler -   -> 821561 reads (14.35% of total) failing DuplicateReadFilter 
INFO  19:59:44,164 MicroScheduler -   -> 0 reads (0.00% of total) failing FailsVendorQualityCheckFilter 
INFO  19:59:44,164 MicroScheduler -   -> 0 reads (0.00% of total) failing MalformedReadFilter 
INFO  19:59:44,164 MicroScheduler -   -> 0 reads (0.00% of total) failing MappingQualityUnavailableFilter 
INFO  19:59:44,164 MicroScheduler -   -> 520073 reads (9.08% of total) failing MappingQualityZeroFilter 
INFO  19:59:44,164 MicroScheduler -   -> 464 reads (0.01% of total) failing NotPrimaryAlignmentFilter 
INFO  19:59:44,165 MicroScheduler -   -> 0 reads (0.00% of total) failing UnmappedReadFilter 
