INFO  17:23:15,102 HelpFormatter - --------------------------------------------------------------------------------- 
INFO  17:23:15,104 HelpFormatter - The Genome Analysis Toolkit (GATK) v3.4-46-g8ea4dca, Compiled 2015/08/13 20:41:56 
INFO  17:23:15,104 HelpFormatter - Copyright (c) 2010 The Broad Institute 
INFO  17:23:15,104 HelpFormatter - For support and documentation go to http://www.broadinstitute.org/gatk 
INFO  17:23:15,118 HelpFormatter - Program Args: -T IndelRealigner -I /home/opt/data/broadout/FC1-NA12878-01_S1_L001_gatk_best_practices_36t_30s_2015-11-10_16-39-49/FC1-NA12878-01_S1_L001_dupRem.bam -L /home/beris/Broad_Ref_Pipeline_approved_package/workflow_profiler/.queue/scatterGather/ExampleIndelRealigner-1-sg/temp_09_of_36/scatter.intervals -R /home/beris/Broad_Ref_Pipeline_approved_package/homosapiensrefgenome/Homo_sapiens_assembly19.fasta -known /home/beris/Broad_Ref_Pipeline_approved_package/homosapiensrefgenome/Homo_sapiens_assembly19.known_indels.vcf -targetIntervals /home/opt/data/broadout/FC1-NA12878-01_S1_L001_gatk_best_practices_36t_30s_2015-11-10_16-39-49/FC1-NA12878-01_S1_L001_realn.intervals -o /home/beris/Broad_Ref_Pipeline_approved_package/workflow_profiler/.queue/scatterGather/ExampleIndelRealigner-1-sg/temp_09_of_36/FC1-NA12878-01_S1_L001_realign.bam -filterNoBases 
INFO  17:23:15,128 HelpFormatter - Executing as beris@dna on Linux 2.6.32-573.el6.x86_64 amd64; OpenJDK 64-Bit Server VM 1.7.0_79-mockbuild_2015_07_24_09_26-b00. 
INFO  17:23:15,128 HelpFormatter - Date/Time: 2015/11/10 17:23:15 
INFO  17:23:15,128 HelpFormatter - --------------------------------------------------------------------------------- 
INFO  17:23:15,129 HelpFormatter - --------------------------------------------------------------------------------- 
INFO  17:23:15,290 GenomeAnalysisEngine - Strictness is SILENT 
INFO  17:23:15,484 GenomeAnalysisEngine - Downsampling Settings: No downsampling 
INFO  17:23:15,492 SAMDataSource$SAMReaders - Initializing SAMRecords in serial 
INFO  17:23:15,547 SAMDataSource$SAMReaders - Done initializing BAM readers: total time 0.05 
INFO  17:23:15,688 IntervalUtils - Processing 141213431 bp from intervals 
INFO  17:23:15,910 GenomeAnalysisEngine - Preparing for traversal over 1 BAM files 
INFO  17:23:20,052 GenomeAnalysisEngine - Done preparing for traversal 
INFO  17:23:20,052 ProgressMeter - [INITIALIZATION COMPLETE; STARTING PROCESSING] 
INFO  17:23:20,053 ProgressMeter -                 | processed |    time |    per 1M |           |   total | remaining 
INFO  17:23:20,053 ProgressMeter -        Location |     reads | elapsed |     reads | completed | runtime |   runtime 
INFO  17:23:20,504 ReadShardBalancer$1 - Loading BAM index data 
INFO  17:23:21,540 ReadShardBalancer$1 - Done loading BAM index data 
INFO  17:23:50,421 ProgressMeter -      9:21239711    100001.0    30.0 s       5.1 m       15.0%     3.3 m       2.8 m 
INFO  17:24:20,477 ProgressMeter -     9:131289835   1100020.0    60.0 s      54.0 s       93.0%    64.0 s       4.0 s 
INFO  17:24:25,057 ProgressMeter -            done   1402859.0    65.0 s      46.0 s       99.9%    65.0 s       0.0 s 
INFO  17:24:25,058 ProgressMeter - Total runtime 65.01 secs, 1.08 min, 0.02 hours 
INFO  17:24:25,064 MicroScheduler - 132234 reads were filtered out during the traversal out of approximately 1535093 total reads (8.61%) 
INFO  17:24:25,065 MicroScheduler -   -> 0 reads (0.00% of total) failing BadCigarFilter 
INFO  17:24:25,065 MicroScheduler -   -> 132234 reads (8.61% of total) failing MalformedReadFilter 
