INFO  16:35:32,262 HelpFormatter - --------------------------------------------------------------------------------- 
INFO  16:35:32,264 HelpFormatter - The Genome Analysis Toolkit (GATK) v3.4-46-g8ea4dca, Compiled 2015/08/13 20:41:56 
INFO  16:35:32,264 HelpFormatter - Copyright (c) 2010 The Broad Institute 
INFO  16:35:32,264 HelpFormatter - For support and documentation go to http://www.broadinstitute.org/gatk 
INFO  16:35:32,285 HelpFormatter - Program Args: -T IndelRealigner -I /cluster_share/data/out/HG02769_gatk_best_practices_36t_30s_2016-11-28_15-18-37/HG02769_dupRem.bam -L /cluster_share/data/Broad_Ref_Pipeline_approved_package/workflow_profiler/.queue/scatterGather/ExampleIndelRealigner-1-sg/temp_09_of_36/scatter.intervals -R /cluster_share/data/reference/b37bundle/human_g1k_v37.fasta -known /cluster_share/data/reference/b37bundle/1000G_phase1.indels.b37.vcf -targetIntervals /cluster_share/data/out/HG02769_gatk_best_practices_36t_30s_2016-11-28_15-18-37/HG02769_realn.intervals -o /cluster_share/data/Broad_Ref_Pipeline_approved_package/workflow_profiler/.queue/scatterGather/ExampleIndelRealigner-1-sg/temp_09_of_36/HG02769_realign.bam -filterNoBases 
INFO  16:35:32,289 HelpFormatter - Executing as bshifaw@compute-1-1.hudson.intel.com on Linux 3.10.0-327.13.1.el7.x86_64 amd64; OpenJDK 64-Bit Server VM 1.8.0_111-b15. 
INFO  16:35:32,289 HelpFormatter - Date/Time: 2016/11/28 16:35:32 
INFO  16:35:32,290 HelpFormatter - --------------------------------------------------------------------------------- 
INFO  16:35:32,290 HelpFormatter - --------------------------------------------------------------------------------- 
INFO  16:35:32,452 GenomeAnalysisEngine - Strictness is SILENT 
INFO  16:35:32,579 GenomeAnalysisEngine - Downsampling Settings: No downsampling 
INFO  16:35:32,588 SAMDataSource$SAMReaders - Initializing SAMRecords in serial 
INFO  16:35:32,652 SAMDataSource$SAMReaders - Done initializing BAM readers: total time 0.06 
WARN  16:35:32,759 FSLockWithShared$LockAcquisitionTask - WARNING: Unable to lock file /cluster_share/data/reference/b37bundle/1000G_phase1.indels.b37.vcf.idx because an IOException occurred with message: Function not implemented. 
INFO  16:35:32,763 RMDTrackBuilder - Could not acquire a shared lock on index file /cluster_share/data/reference/b37bundle/1000G_phase1.indels.b37.vcf.idx, falling back to using an in-memory index for this GATK run. 
INFO  16:35:43,382 IntervalUtils - Processing 141213431 bp from intervals 
INFO  16:35:43,483 GenomeAnalysisEngine - Preparing for traversal over 1 BAM files 
INFO  16:35:44,162 GenomeAnalysisEngine - Done preparing for traversal 
INFO  16:35:44,162 ProgressMeter - [INITIALIZATION COMPLETE; STARTING PROCESSING] 
INFO  16:35:44,162 ProgressMeter -                 | processed |    time |    per 1M |           |   total | remaining 
INFO  16:35:44,162 ProgressMeter -        Location |     reads | elapsed |     reads | completed | runtime |   runtime 
INFO  16:35:44,369 ReadShardBalancer$1 - Loading BAM index data 
INFO  16:35:44,822 ReadShardBalancer$1 - Done loading BAM index data 
INFO  16:36:14,207 ProgressMeter -      9:70914589   1400044.0    30.0 s      21.0 s       50.2%    59.0 s      29.0 s 
INFO  16:36:44,210 ProgressMeter -     9:131847936   3600101.0    60.0 s      16.0 s       93.4%    64.0 s       4.0 s 
INFO  16:36:53,995 ProgressMeter -            done   4281947.0    69.0 s      16.0 s      100.0%    69.0 s       0.0 s 
INFO  16:36:53,996 ProgressMeter - Total runtime 69.83 secs, 1.16 min, 0.02 hours 
INFO  16:36:54,001 MicroScheduler - 120653 reads were filtered out during the traversal out of approximately 4402600 total reads (2.74%) 
INFO  16:36:54,002 MicroScheduler -   -> 0 reads (0.00% of total) failing BadCigarFilter 
INFO  16:36:54,002 MicroScheduler -   -> 120653 reads (2.74% of total) failing MalformedReadFilter 
