INFO  17:50:49,182 HelpFormatter - --------------------------------------------------------------------------------- 
INFO  17:50:49,202 HelpFormatter - The Genome Analysis Toolkit (GATK) v3.4-46-g8ea4dca, Compiled 2015/08/13 20:41:56 
INFO  17:50:49,202 HelpFormatter - Copyright (c) 2010 The Broad Institute 
INFO  17:50:49,202 HelpFormatter - For support and documentation go to http://www.broadinstitute.org/gatk 
INFO  17:50:49,205 HelpFormatter - Program Args: -T IndelRealigner -I /mnt/sdb/data/broadout/HG02769_gatk_best_practices_8t_30s_2016-07-25_16-38-44/HG02769_dupRem.bam -L /mnt/sdb/Broad_Ref_Pipeline_approved_package/workflow_profiler/.queue/scatterGather/ExampleIndelRealigner-1-sg/temp_13_of_36/scatter.intervals -R /mnt/sdb/Broad_Ref_Pipeline_approved_package/b37bundle/human_g1k_v37.fasta -known /mnt/sdb/Broad_Ref_Pipeline_approved_package/b37bundle/1000G_phase1.indels.b37.vcf -targetIntervals /mnt/sdb/data/broadout/HG02769_gatk_best_practices_8t_30s_2016-07-25_16-38-44/HG02769_realn.intervals -o /mnt/sdb/Broad_Ref_Pipeline_approved_package/workflow_profiler/.queue/scatterGather/ExampleIndelRealigner-1-sg/temp_13_of_36/HG02769_realign.bam -filterNoBases 
INFO  17:50:49,221 HelpFormatter - Executing as bshifaw@application-0-1.hudson.intel.com on Linux 3.10.0-327.el7.x86_64 amd64; OpenJDK 64-Bit Server VM 1.8.0_101-b13. 
INFO  17:50:49,221 HelpFormatter - Date/Time: 2016/07/25 17:50:49 
INFO  17:50:49,221 HelpFormatter - --------------------------------------------------------------------------------- 
INFO  17:50:49,222 HelpFormatter - --------------------------------------------------------------------------------- 
INFO  17:50:49,507 GenomeAnalysisEngine - Strictness is SILENT 
INFO  17:50:49,667 GenomeAnalysisEngine - Downsampling Settings: No downsampling 
INFO  17:50:49,682 SAMDataSource$SAMReaders - Initializing SAMRecords in serial 
INFO  17:50:49,820 SAMDataSource$SAMReaders - Done initializing BAM readers: total time 0.14 
INFO  17:50:50,205 IntervalUtils - Processing 115169878 bp from intervals 
INFO  17:50:50,506 GenomeAnalysisEngine - Preparing for traversal over 1 BAM files 
INFO  17:50:51,365 GenomeAnalysisEngine - Done preparing for traversal 
INFO  17:50:51,365 ProgressMeter - [INITIALIZATION COMPLETE; STARTING PROCESSING] 
INFO  17:50:51,365 ProgressMeter -                 | processed |    time |    per 1M |           |   total | remaining 
INFO  17:50:51,366 ProgressMeter -        Location |     reads | elapsed |     reads | completed | runtime |   runtime 
INFO  17:50:51,713 ReadShardBalancer$1 - Loading BAM index data 
INFO  17:50:52,109 ReadShardBalancer$1 - Done loading BAM index data 
INFO  17:51:21,437 ProgressMeter -     13:21729984    100002.0    30.0 s       5.0 m       18.9%     2.7 m       2.2 m 
INFO  17:51:53,392 ProgressMeter -     13:42830521    600023.0    62.0 s     103.0 s       37.2%     2.8 m     104.0 s 
INFO  17:52:36,691 ProgressMeter -     13:53391638    900032.0   105.0 s     117.0 s       46.4%     3.8 m       2.0 m 
INFO  17:53:06,693 ProgressMeter -     13:77834718   1100035.0     2.3 m       2.1 m       67.6%     3.3 m      64.0 s 
INFO  17:53:36,694 ProgressMeter -    13:103514511   1400041.0     2.8 m     118.0 s       89.9%     3.1 m      18.0 s 
INFO  17:53:48,306 ProgressMeter -            done   1726714.0     2.9 m     102.0 s       99.9%     2.9 m       0.0 s 
INFO  17:53:48,307 ProgressMeter - Total runtime 176.94 secs, 2.95 min, 0.05 hours 
INFO  17:53:48,310 MicroScheduler - 51469 reads were filtered out during the traversal out of approximately 1778183 total reads (2.89%) 
INFO  17:53:48,311 MicroScheduler -   -> 0 reads (0.00% of total) failing BadCigarFilter 
INFO  17:53:48,311 MicroScheduler -   -> 51469 reads (2.89% of total) failing MalformedReadFilter 
