INFO  03:48:54,276 HelpFormatter - --------------------------------------------------------------------------------- 
INFO  03:48:54,278 HelpFormatter - The Genome Analysis Toolkit (GATK) v3.4-46-g8ea4dca, Compiled 2015/08/13 20:41:56 
INFO  03:48:54,279 HelpFormatter - Copyright (c) 2010 The Broad Institute 
INFO  03:48:54,279 HelpFormatter - For support and documentation go to http://www.broadinstitute.org/gatk 
INFO  03:48:54,282 HelpFormatter - Program Args: -T IndelRealigner -I /mnt/ssdbroad/output/Solexa-272221_gatk_best_practices_36t_30s_2016-02-11_11-59-19/Solexa-272221_dupRem.bam -L /mnt/ssdbroad/Broad_Ref_Pipeline_approved_package/workflow_profiler/.queue/scatterGather/ExampleIndelRealigner-1-sg/temp_13_of_36/scatter.intervals -R /mnt/ssdbroad/Broad_Ref_Pipeline_approved_package/homosapiensrefgenome/Homo_sapiens_assembly19.fasta -known /mnt/ssdbroad/Broad_Ref_Pipeline_approved_package/homosapiensrefgenome/Homo_sapiens_assembly19.known_indels.vcf -targetIntervals /mnt/ssdbroad/output/Solexa-272221_gatk_best_practices_36t_30s_2016-02-11_11-59-19/Solexa-272221_realn.intervals -o /mnt/ssdbroad/Broad_Ref_Pipeline_approved_package/workflow_profiler/.queue/scatterGather/ExampleIndelRealigner-1-sg/temp_13_of_36/Solexa-272221_realign.bam -filterNoBases 
INFO  03:48:54,294 HelpFormatter - Executing as beris@dna on Linux 2.6.32-573.el6.x86_64 amd64; OpenJDK 64-Bit Server VM 1.7.0_79-mockbuild_2015_07_24_09_26-b00. 
INFO  03:48:54,294 HelpFormatter - Date/Time: 2016/02/12 03:48:54 
INFO  03:48:54,294 HelpFormatter - --------------------------------------------------------------------------------- 
INFO  03:48:54,303 HelpFormatter - --------------------------------------------------------------------------------- 
INFO  03:48:54,562 GenomeAnalysisEngine - Strictness is SILENT 
INFO  03:48:55,089 GenomeAnalysisEngine - Downsampling Settings: No downsampling 
INFO  03:48:55,097 SAMDataSource$SAMReaders - Initializing SAMRecords in serial 
INFO  03:48:55,159 SAMDataSource$SAMReaders - Done initializing BAM readers: total time 0.06 
INFO  03:48:55,469 IntervalUtils - Processing 115169878 bp from intervals 
INFO  03:48:55,994 GenomeAnalysisEngine - Preparing for traversal over 1 BAM files 
INFO  03:49:03,818 GenomeAnalysisEngine - Done preparing for traversal 
INFO  03:49:03,819 ProgressMeter - [INITIALIZATION COMPLETE; STARTING PROCESSING] 
INFO  03:49:03,819 ProgressMeter -                 | processed |    time |    per 1M |           |   total | remaining 
INFO  03:49:03,820 ProgressMeter -        Location |     reads | elapsed |     reads | completed | runtime |   runtime 
INFO  03:49:20,454 ReadShardBalancer$1 - Loading BAM index data 
INFO  03:49:22,378 ReadShardBalancer$1 - Done loading BAM index data 
INFO  03:49:34,286 ProgressMeter -        Starting         0.0    30.0 s      50.0 w      100.0%    30.0 s       0.0 s 
INFO  03:50:05,900 ProgressMeter -     13:19883945    200003.0    62.0 s       5.2 m       17.3%     6.0 m       5.0 m 
INFO  03:50:36,197 ProgressMeter -     13:20861486    400006.0    92.0 s       3.8 m       18.1%     8.5 m       6.9 m 
INFO  03:51:06,316 ProgressMeter -     13:23238570   1100015.0     2.0 m     111.0 s       20.2%    10.1 m       8.0 m 
INFO  03:51:36,317 ProgressMeter -     13:25470050   1700021.0     2.5 m      89.0 s       22.1%    11.5 m       8.9 m 
INFO  03:52:06,318 ProgressMeter -     13:28001082   2400030.0     3.0 m      76.0 s       24.3%    12.5 m       9.4 m 
INFO  03:52:36,319 ProgressMeter -     13:30925787   3200040.0     3.5 m      66.0 s       26.9%    13.2 m       9.6 m 
INFO  03:53:06,321 ProgressMeter -     13:34049425   4000050.0     4.0 m      60.0 s       29.6%    13.6 m       9.6 m 
INFO  03:53:36,322 ProgressMeter -     13:36879044   4800058.0     4.5 m      56.0 s       32.0%    14.2 m       9.6 m 
INFO  03:54:07,334 ProgressMeter -     13:39859540   5700071.0     5.1 m      53.0 s       34.6%    14.6 m       9.5 m 
INFO  03:54:38,241 ProgressMeter -     13:42985767   6500084.0     5.6 m      51.0 s       37.3%    14.9 m       9.3 m 
INFO  03:55:08,387 ProgressMeter -     13:46012782   7400093.0     6.1 m      49.0 s       40.0%    15.2 m       9.1 m 
INFO  03:55:38,388 ProgressMeter -     13:49101649   8300108.0     6.6 m      47.0 s       42.6%    15.4 m       8.8 m 
INFO  03:56:08,388 ProgressMeter -     13:52323753   9200118.0     7.1 m      46.0 s       45.4%    15.6 m       8.5 m 
INFO  03:56:38,389 ProgressMeter -     13:55600678   1.0100128E7     7.6 m      45.0 s       48.3%    15.7 m       8.1 m 
INFO  03:57:08,390 ProgressMeter -     13:58729276   1.0900139E7     8.1 m      44.0 s       51.0%    15.8 m       7.8 m 
INFO  03:57:39,120 ProgressMeter -     13:61861556   1.1800151E7     8.6 m      43.0 s       53.7%    16.0 m       7.4 m 
INFO  03:58:09,121 ProgressMeter -     13:63637191   1.2300158E7     9.1 m      44.0 s       55.3%    16.4 m       7.4 m 
INFO  03:58:39,122 ProgressMeter -     13:66106313   1.3000167E7     9.6 m      44.0 s       57.4%    16.7 m       7.1 m 
INFO  03:59:09,124 ProgressMeter -     13:69240869   1.3900177E7    10.1 m      43.0 s       60.1%    16.8 m       6.7 m 
INFO  03:59:39,125 ProgressMeter -     13:72081929   1.4700188E7    10.6 m      43.0 s       62.6%    16.9 m       6.3 m 
INFO  04:00:09,126 ProgressMeter -     13:75302049   1.56002E7    11.1 m      42.0 s       65.4%    17.0 m       5.9 m 
INFO  04:00:39,127 ProgressMeter -     13:78341717   1.6500212E7    11.6 m      42.0 s       68.0%    17.0 m       5.4 m 
INFO  04:01:09,128 ProgressMeter -     13:81526472   1.7400222E7    12.1 m      41.0 s       70.8%    17.1 m       5.0 m 
INFO  04:01:39,129 ProgressMeter -     13:84616906   1.8300234E7    12.6 m      41.0 s       73.5%    17.1 m       4.5 m 
INFO  04:02:09,335 ProgressMeter -     13:87592497   1.9000245E7    13.1 m      41.0 s       76.1%    17.2 m       4.1 m 
INFO  04:02:39,586 ProgressMeter -     13:90662291   1.9900259E7    13.6 m      40.0 s       78.7%    17.3 m       3.7 m 
INFO  04:03:09,587 ProgressMeter -     13:93693656   2.0800269E7    14.1 m      40.0 s       81.4%    17.3 m       3.2 m 
INFO  04:03:39,754 ProgressMeter -     13:96800247   2.1600277E7    14.6 m      40.0 s       84.0%    17.4 m       2.8 m 
INFO  04:04:09,755 ProgressMeter -     13:99909725   2.2500291E7    15.1 m      40.0 s       86.7%    17.4 m       2.3 m 
INFO  04:04:39,756 ProgressMeter -    13:103048518   2.3300302E7    15.6 m      40.0 s       89.5%    17.4 m     109.0 s 
INFO  04:05:09,757 ProgressMeter -    13:105918234   2.4100314E7    16.1 m      40.0 s       92.0%    17.5 m      84.0 s 
INFO  04:05:39,758 ProgressMeter -    13:109017064   2.5000328E7    16.6 m      39.0 s       94.7%    17.5 m      56.0 s 
INFO  04:06:09,822 ProgressMeter -    13:111995859   2.5800336E7    17.1 m      39.0 s       97.2%    17.6 m      29.0 s 
INFO  04:06:39,089 ProgressMeter -            done   2.656701E7    17.6 m      39.0 s       99.9%    17.6 m       0.0 s 
INFO  04:06:39,089 ProgressMeter - Total runtime 1055.27 secs, 17.59 min, 0.29 hours 
INFO  04:06:39,092 MicroScheduler - 8003054 reads were filtered out during the traversal out of approximately 34570064 total reads (23.15%) 
INFO  04:06:39,093 MicroScheduler -   -> 0 reads (0.00% of total) failing BadCigarFilter 
INFO  04:06:39,093 MicroScheduler -   -> 8003054 reads (23.15% of total) failing MalformedReadFilter 
