INFO  20:06:27,671 HelpFormatter - --------------------------------------------------------------------------------- 
INFO  20:06:27,689 HelpFormatter - The Genome Analysis Toolkit (GATK) v3.4-46-g8ea4dca, Compiled 2015/08/13 20:41:56 
INFO  20:06:27,689 HelpFormatter - Copyright (c) 2010 The Broad Institute 
INFO  20:06:27,690 HelpFormatter - For support and documentation go to http://www.broadinstitute.org/gatk 
INFO  20:06:27,693 HelpFormatter - Program Args: -T PrintReads -I /mnt/nvme0n1/data/broadout/HG02561_gatk_best_practices_8t_30s_2016-07-06_18-21-00/HG02561_realign.bam -L /mnt/nvme0n1/Broad_Ref_Pipeline_approved_package/workflow_profiler/.queue/scatterGather/ExamplePrintReads-1-sg/temp_17_of_36/scatter.intervals -R /mnt/nvme0n1/Broad_Ref_Pipeline_approved_package/b37bundle/human_g1k_v37.fasta -BQSR /mnt/nvme0n1/data/broadout/HG02561_gatk_best_practices_8t_30s_2016-07-06_18-21-00/HG02561_recal.grp -o /mnt/nvme0n1/Broad_Ref_Pipeline_approved_package/workflow_profiler/.queue/scatterGather/ExamplePrintReads-1-sg/temp_17_of_36/HG02561_final.bam 
INFO  20:06:27,723 HelpFormatter - Executing as bshifaw@application-1-1.hudson.intel.com on Linux 3.10.0-327.el7.x86_64 amd64; OpenJDK 64-Bit Server VM 1.8.0_91-b14. 
INFO  20:06:27,728 HelpFormatter - Date/Time: 2016/07/06 20:06:27 
INFO  20:06:27,729 HelpFormatter - --------------------------------------------------------------------------------- 
INFO  20:06:27,736 HelpFormatter - --------------------------------------------------------------------------------- 
INFO  20:06:28,081 GenomeAnalysisEngine - Strictness is SILENT 
INFO  20:06:30,620 ContextCovariate - 		Context sizes: base substitution model 2, indel substitution model 3 
INFO  20:06:30,863 GenomeAnalysisEngine - Downsampling Settings: No downsampling 
INFO  20:06:30,924 SAMDataSource$SAMReaders - Initializing SAMRecords in serial 
INFO  20:06:31,151 SAMDataSource$SAMReaders - Done initializing BAM readers: total time 0.23 
INFO  20:06:31,275 IntervalUtils - Processing 81195210 bp from intervals 
INFO  20:06:31,944 GenomeAnalysisEngine - Preparing for traversal over 1 BAM files 
INFO  20:06:32,937 GenomeAnalysisEngine - Done preparing for traversal 
INFO  20:06:32,937 ProgressMeter - [INITIALIZATION COMPLETE; STARTING PROCESSING] 
INFO  20:06:32,940 ProgressMeter -                 | processed |    time |    per 1M |           |   total | remaining 
INFO  20:06:32,940 ProgressMeter -        Location |     reads | elapsed |     reads | completed | runtime |   runtime 
INFO  20:06:33,001 ReadShardBalancer$1 - Loading BAM index data 
INFO  20:06:33,901 ReadShardBalancer$1 - Done loading BAM index data 
INFO  20:07:03,078 ProgressMeter -      17:1083168         0.0    30.0 s      49.8 w        1.3%    37.5 m      37.0 m 
INFO  20:07:33,094 ProgressMeter -      17:2291047    100001.0    60.0 s      10.0 m        2.8%    35.4 m      34.4 m 
INFO  20:08:03,095 ProgressMeter -      17:3788674    300004.0    90.0 s       5.0 m        4.7%    32.1 m      30.6 m 
INFO  20:08:33,335 ProgressMeter -      17:4453587    300004.0   120.0 s       6.7 m        5.5%    36.5 m      34.5 m 
INFO  20:09:03,352 ProgressMeter -      17:4873236    400009.0     2.5 m       6.3 m        6.0%    41.7 m      39.2 m 
INFO  20:09:33,554 ProgressMeter -      17:6719199    600016.0     3.0 m       5.0 m        8.3%    36.3 m      33.3 m 
INFO  20:10:03,560 ProgressMeter -      17:7369087    800020.0     3.5 m       4.4 m        9.1%    38.6 m      35.1 m 
INFO  20:10:33,561 ProgressMeter -      17:7814199    900021.0     4.0 m       4.5 m        9.6%    41.6 m      37.6 m 
INFO  20:11:03,726 ProgressMeter -      17:8791541   1100034.0     4.5 m       4.1 m       10.8%    41.6 m      37.1 m 
INFO  20:11:33,727 ProgressMeter -     17:11550461   1300039.0     5.0 m       3.9 m       14.2%    35.1 m      30.1 m 
INFO  20:12:03,728 ProgressMeter -     17:16746235   1500041.0     5.5 m       3.7 m       20.6%    26.7 m      21.2 m 
INFO  20:12:33,729 ProgressMeter -     17:18423023   1700044.0     6.0 m       3.5 m       22.7%    26.4 m      20.4 m 
INFO  20:13:03,730 ProgressMeter -     17:20407376   1900047.0     6.5 m       3.4 m       25.1%    25.9 m      19.4 m 
INFO  20:13:33,731 ProgressMeter -     17:26942830   2100052.0     7.0 m       3.3 m       33.2%    21.1 m      14.1 m 
INFO  20:14:03,732 ProgressMeter -     17:29124405   2300055.0     7.5 m       3.3 m       35.9%    20.9 m      13.4 m 
INFO  20:14:33,733 ProgressMeter -     17:33491024   2500060.0     8.0 m       3.2 m       41.2%    19.4 m      11.4 m 
INFO  20:15:03,734 ProgressMeter -     17:34748613   2800071.0     8.5 m       3.0 m       42.8%    19.9 m      11.4 m 
INFO  20:15:33,735 ProgressMeter -     17:35956331   3000087.0     9.0 m       3.0 m       44.3%    20.3 m      11.3 m 
INFO  20:16:03,736 ProgressMeter -     17:36971327   3200116.0     9.5 m       3.0 m       45.5%    20.9 m      11.4 m 
INFO  20:16:33,737 ProgressMeter -     17:38976892   3500120.0    10.0 m       2.9 m       48.0%    20.8 m      10.8 m 
INFO  20:17:04,043 ProgressMeter -     17:40462499   3700128.0    10.5 m       2.8 m       49.8%    21.1 m      10.6 m 
INFO  20:17:34,044 ProgressMeter -     17:41960352   4000136.0    11.0 m       2.8 m       51.7%    21.3 m      10.3 m 
INFO  20:18:14,045 ProgressMeter -     17:44952536   4400150.0    11.7 m       2.7 m       55.4%    21.1 m       9.4 m 
INFO  20:18:44,046 ProgressMeter -     17:48276665   4700158.0    12.2 m       2.6 m       59.5%    20.5 m       8.3 m 
INFO  20:19:14,073 ProgressMeter -     17:57758562   5000161.0    12.7 m       2.5 m       71.1%    17.8 m       5.1 m 
INFO  20:19:44,074 ProgressMeter -     17:62865255   5500174.0    13.2 m       2.4 m       77.4%    17.0 m       3.8 m 
INFO  20:20:14,075 ProgressMeter -     17:73699914   5900184.0    13.7 m       2.3 m       90.8%    15.1 m      83.0 s 
INFO  20:20:44,075 ProgressMeter -     17:80789438   6500215.0    14.2 m       2.2 m       99.5%    14.3 m       4.0 s 
INFO  20:20:44,676 Walker - [REDUCE RESULT] Traversal result is: org.broadinstitute.gatk.engine.io.stubs.SAMFileWriterStub@5b58129f 
INFO  20:20:44,757 ProgressMeter -            done   6588988.0    14.2 m       2.2 m      100.0%    14.2 m       0.0 s 
INFO  20:20:44,758 ProgressMeter - Total runtime 851.82 secs, 14.20 min, 0.24 hours 
INFO  20:20:44,758 MicroScheduler - 0 reads were filtered out during the traversal out of approximately 6588988 total reads (0.00%) 
INFO  20:20:44,758 MicroScheduler -   -> 0 reads (0.00% of total) failing BadCigarFilter 
INFO  20:20:44,758 MicroScheduler -   -> 0 reads (0.00% of total) failing MalformedReadFilter 
