INFO  20:07:57,107 HelpFormatter - --------------------------------------------------------------------------------- 
INFO  20:07:57,119 HelpFormatter - The Genome Analysis Toolkit (GATK) v3.4-46-g8ea4dca, Compiled 2015/08/13 20:41:56 
INFO  20:07:57,119 HelpFormatter - Copyright (c) 2010 The Broad Institute 
INFO  20:07:57,120 HelpFormatter - For support and documentation go to http://www.broadinstitute.org/gatk 
INFO  20:07:57,123 HelpFormatter - Program Args: -T PrintReads -I /mnt/nvme0n1/data/broadout/HG02771_gatk_best_practices_8t_30s_2016-07-06_18-21-02/HG02771_realign.bam -L /mnt/nvme0n1/Broad_Ref_Pipeline_approved_package/workflow_profiler/.queue/scatterGather/ExamplePrintReads-1-sg/temp_17_of_36/scatter.intervals -R /mnt/nvme0n1/Broad_Ref_Pipeline_approved_package/b37bundle/human_g1k_v37.fasta -BQSR /mnt/nvme0n1/data/broadout/HG02771_gatk_best_practices_8t_30s_2016-07-06_18-21-02/HG02771_recal.grp -o /mnt/nvme0n1/Broad_Ref_Pipeline_approved_package/workflow_profiler/.queue/scatterGather/ExamplePrintReads-1-sg/temp_17_of_36/HG02771_final.bam 
INFO  20:07:57,299 HelpFormatter - Executing as bshifaw@application-1-1.hudson.intel.com on Linux 3.10.0-327.el7.x86_64 amd64; OpenJDK 64-Bit Server VM 1.8.0_91-b14. 
INFO  20:07:57,299 HelpFormatter - Date/Time: 2016/07/06 20:07:57 
INFO  20:07:57,299 HelpFormatter - --------------------------------------------------------------------------------- 
INFO  20:07:57,300 HelpFormatter - --------------------------------------------------------------------------------- 
INFO  20:07:57,680 GenomeAnalysisEngine - Strictness is SILENT 
INFO  20:08:00,322 ContextCovariate - 		Context sizes: base substitution model 2, indel substitution model 3 
INFO  20:08:00,514 GenomeAnalysisEngine - Downsampling Settings: No downsampling 
INFO  20:08:00,548 SAMDataSource$SAMReaders - Initializing SAMRecords in serial 
INFO  20:08:00,776 SAMDataSource$SAMReaders - Done initializing BAM readers: total time 0.23 
INFO  20:08:00,863 IntervalUtils - Processing 81195210 bp from intervals 
INFO  20:08:01,294 GenomeAnalysisEngine - Preparing for traversal over 1 BAM files 
INFO  20:08:02,037 GenomeAnalysisEngine - Done preparing for traversal 
INFO  20:08:02,047 ProgressMeter - [INITIALIZATION COMPLETE; STARTING PROCESSING] 
INFO  20:08:02,048 ProgressMeter -                 | processed |    time |    per 1M |           |   total | remaining 
INFO  20:08:02,054 ProgressMeter -        Location |     reads | elapsed |     reads | completed | runtime |   runtime 
INFO  20:08:02,100 ReadShardBalancer$1 - Loading BAM index data 
INFO  20:08:03,620 ReadShardBalancer$1 - Done loading BAM index data 
INFO  20:08:32,167 ProgressMeter -       17:131629         0.0    30.0 s      49.8 w        0.2%     5.1 h       5.1 h 
INFO  20:09:04,177 ProgressMeter -      17:1401416         0.0    62.0 s     102.7 w        1.7%    59.9 m      58.8 m 
INFO  20:09:34,260 ProgressMeter -      17:2232457    100015.0    92.0 s      15.4 m        2.7%    55.8 m      54.2 m 
INFO  20:10:05,888 ProgressMeter -      17:3664468    200018.0     2.1 m      10.3 m        4.5%    45.4 m      43.4 m 
INFO  20:10:35,891 ProgressMeter -      17:4647714    400022.0     2.6 m       6.4 m        5.7%    44.5 m      42.0 m 
INFO  20:11:06,128 ProgressMeter -      17:5357315    500032.0     3.1 m       6.1 m        6.6%    46.5 m      43.4 m 
INFO  20:11:36,681 ProgressMeter -      17:7230329    700039.0     3.6 m       5.1 m        8.9%    40.1 m      36.5 m 
INFO  20:12:06,967 ProgressMeter -      17:7736316    900049.0     4.1 m       4.5 m        9.5%    42.7 m      38.6 m 
INFO  20:12:36,968 ProgressMeter -      17:8701086   1000060.0     4.6 m       4.6 m       10.7%    42.6 m      38.0 m 
INFO  20:13:08,626 ProgressMeter -     17:10448771   1200064.0     5.1 m       4.3 m       12.9%    39.6 m      34.5 m 
INFO  20:13:38,627 ProgressMeter -     17:16323586   1400067.0     5.6 m       4.0 m       20.1%    27.9 m      22.3 m 
INFO  20:14:08,628 ProgressMeter -     17:18156890   1600071.0     6.1 m       3.8 m       22.4%    27.3 m      21.2 m 
INFO  20:14:38,629 ProgressMeter -     17:20160942   1800080.0     6.6 m       3.7 m       24.8%    26.6 m      20.0 m 
INFO  20:15:10,767 ProgressMeter -     17:26939129   2000086.0     7.1 m       3.6 m       33.2%    21.5 m      14.4 m 
INFO  20:15:40,769 ProgressMeter -     17:28882412   2200092.0     7.6 m       3.5 m       35.6%    21.5 m      13.8 m 
INFO  20:16:10,771 ProgressMeter -     17:33586218   2400103.0     8.1 m       3.4 m       41.4%    19.7 m      11.5 m 
INFO  20:16:40,772 ProgressMeter -     17:34753345   2600107.0     8.6 m       3.3 m       42.8%    20.2 m      11.5 m 
INFO  20:17:10,773 ProgressMeter -     17:36344948   2900199.0     9.1 m       3.2 m       44.8%    20.4 m      11.3 m 
INFO  20:17:41,749 ProgressMeter -     17:38457137   3200207.0     9.7 m       3.0 m       47.4%    20.4 m      10.7 m 
INFO  20:18:11,919 ProgressMeter -     17:40278824   3500215.0    10.2 m       2.9 m       49.6%    20.5 m      10.3 m 
INFO  20:18:43,062 ProgressMeter -     17:42335411   3800227.0    10.7 m       2.8 m       52.1%    20.5 m       9.8 m 
INFO  20:19:13,063 ProgressMeter -     17:45098989   4100236.0    11.2 m       2.7 m       55.5%    20.1 m       9.0 m 
INFO  20:19:43,064 ProgressMeter -     17:49280132   4500251.0    11.7 m       2.6 m       60.7%    19.2 m       7.6 m 
INFO  20:20:13,065 ProgressMeter -     17:61498501   5000264.0    12.2 m       2.4 m       75.7%    16.1 m       3.9 m 
INFO  20:20:43,066 ProgressMeter -     17:72942879   5600273.0    12.7 m       2.3 m       89.8%    14.1 m      86.0 s 
INFO  20:21:13,067 ProgressMeter -     17:79803877   6100279.0    13.2 m       2.2 m       98.3%    13.4 m      13.0 s 
INFO  20:21:18,619 Walker - [REDUCE RESULT] Traversal result is: org.broadinstitute.gatk.engine.io.stubs.SAMFileWriterStub@5b58129f 
INFO  20:21:18,709 ProgressMeter -            done   6283355.0    13.3 m       2.1 m      100.0%    13.3 m       0.0 s 
INFO  20:21:18,710 ProgressMeter - Total runtime 796.66 secs, 13.28 min, 0.22 hours 
INFO  20:21:18,710 MicroScheduler - 0 reads were filtered out during the traversal out of approximately 6283355 total reads (0.00%) 
INFO  20:21:18,711 MicroScheduler -   -> 0 reads (0.00% of total) failing BadCigarFilter 
INFO  20:21:18,711 MicroScheduler -   -> 0 reads (0.00% of total) failing MalformedReadFilter 
