INFO  20:39:40,086 HelpFormatter - --------------------------------------------------------------------------------- 
INFO  20:39:40,088 HelpFormatter - The Genome Analysis Toolkit (GATK) v3.4-46-g8ea4dca, Compiled 2015/08/13 20:41:56 
INFO  20:39:40,088 HelpFormatter - Copyright (c) 2010 The Broad Institute 
INFO  20:39:40,088 HelpFormatter - For support and documentation go to http://www.broadinstitute.org/gatk 
INFO  20:39:40,092 HelpFormatter - Program Args: -T HaplotypeCaller -I /home/opt/data/broadout/FC1-NA12878-01_S1_L001_R1_001_gatk_best_practices_36t_30s_2015-11-05_19-14-59/FC1-NA12878-01_S1_L001_R1_001_realign.bam -L /home/beris/Broad_Ref_Pipeline_approved_package/workflow_profiler/.queue/scatterGather/ExampleHaplotypeCaller-1-sg/temp_36_of_36/scatter.intervals -R /home/beris/Broad_Ref_Pipeline_approved_package/homosapiensrefgenome/Homo_sapiens_assembly19.fasta -variant_index_type LINEAR -variant_index_parameter 128000 -o /home/beris/Broad_Ref_Pipeline_approved_package/workflow_profiler/.queue/scatterGather/ExampleHaplotypeCaller-1-sg/temp_36_of_36/FC1-NA12878-01_S1_L001_R1_001_realign.bam_HaplotypeCaller.g.vcf -ERC GVCF 
INFO  20:39:40,102 HelpFormatter - Executing as beris@dna on Linux 2.6.32-573.el6.x86_64 amd64; OpenJDK 64-Bit Server VM 1.7.0_79-mockbuild_2015_07_24_09_26-b00. 
INFO  20:39:40,103 HelpFormatter - Date/Time: 2015/11/05 20:39:40 
INFO  20:39:40,103 HelpFormatter - --------------------------------------------------------------------------------- 
INFO  20:39:40,103 HelpFormatter - --------------------------------------------------------------------------------- 
WARN  20:39:40,183 GATKVCFUtils - Naming your output file using the .g.vcf extension will automatically set the appropriate values  for --variant_index_type and --variant_index_parameter 
INFO  20:39:40,367 GenomeAnalysisEngine - Strictness is SILENT 
INFO  20:39:40,484 GenomeAnalysisEngine - Downsampling Settings: Method: BY_SAMPLE, Target Coverage: 500 
INFO  20:39:40,496 SAMDataSource$SAMReaders - Initializing SAMRecords in serial 
INFO  20:39:40,540 SAMDataSource$SAMReaders - Done initializing BAM readers: total time 0.04 
INFO  20:39:40,559 HCMappingQualityFilter - Filtering out reads with MAPQ < 20 
INFO  20:39:40,788 IntervalUtils - Processing 1017749 bp from intervals 
INFO  20:39:40,953 GenomeAnalysisEngine - Preparing for traversal over 1 BAM files 
INFO  20:39:41,333 GenomeAnalysisEngine - Done preparing for traversal 
INFO  20:39:41,334 ProgressMeter - [INITIALIZATION COMPLETE; STARTING PROCESSING] 
INFO  20:39:41,334 ProgressMeter -                 |      processed |    time |         per 1M |           |   total | remaining 
INFO  20:39:41,335 ProgressMeter -        Location | active regions | elapsed | active regions | completed | runtime |   runtime 
INFO  20:39:41,336 HaplotypeCaller - Standard Emitting and Calling confidence set to 0.0 for reference-model confidence output 
INFO  20:39:41,336 HaplotypeCaller - All sites annotated with PLs forced to true for reference-model confidence output 
INFO  20:39:41,645 HaplotypeCaller - Using global mismapping rate of 45 => -4.5 in log10 likelihood units 
Using AVX accelerated implementation of PairHMM
INFO  20:39:43,314 VectorLoglessPairHMM - libVectorLoglessPairHMM unpacked successfully from GATK jar file 
INFO  20:39:43,315 VectorLoglessPairHMM - Using vectorized implementation of PairHMM 
WARN  20:39:43,537 HaplotypeScore - Annotation will not be calculated, must be called from UnifiedGenotyper 
WARN  20:39:43,537 InbreedingCoeff - Annotation will not be calculated, must provide a valid PED file (-ped) from the command line. 
INFO  20:40:11,351 ProgressMeter -      X:53654638      9.5483659E7    30.0 s            0.0 s       21.1%     2.4 m     112.0 s 
INFO  20:40:41,355 ProgressMeter -     X:117925775     9.20293823E8    60.0 s            0.0 s       61.6%    97.0 s      37.0 s 
INFO  20:41:06,254 VectorLoglessPairHMM - Time spent in setup for JNI call : 0.049062207000000004 
INFO  20:41:06,255 PairHMM - Total compute time in PairHMM computeLikelihoods() : 2.618761889 
INFO  20:41:06,255 HaplotypeCaller - Ran local assembly on 9273 active regions 
INFO  20:41:06,264 ProgressMeter -            done    2.133453957E9    84.0 s            0.0 s      100.0%    84.0 s       0.0 s 
INFO  20:41:06,264 ProgressMeter - Total runtime 84.93 secs, 1.42 min, 0.02 hours 
INFO  20:41:06,264 MicroScheduler - 163697 reads were filtered out during the traversal out of approximately 550313 total reads (29.75%) 
INFO  20:41:06,265 MicroScheduler -   -> 0 reads (0.00% of total) failing BadCigarFilter 
INFO  20:41:06,265 MicroScheduler -   -> 139954 reads (25.43% of total) failing DuplicateReadFilter 
INFO  20:41:06,265 MicroScheduler -   -> 0 reads (0.00% of total) failing FailsVendorQualityCheckFilter 
INFO  20:41:06,265 MicroScheduler -   -> 23699 reads (4.31% of total) failing HCMappingQualityFilter 
INFO  20:41:06,265 MicroScheduler -   -> 0 reads (0.00% of total) failing MalformedReadFilter 
INFO  20:41:06,266 MicroScheduler -   -> 0 reads (0.00% of total) failing MappingQualityUnavailableFilter 
INFO  20:41:06,266 MicroScheduler -   -> 44 reads (0.01% of total) failing NotPrimaryAlignmentFilter 
INFO  20:41:06,266 MicroScheduler -   -> 0 reads (0.00% of total) failing UnmappedReadFilter 
