INFO  20:47:28,949 HelpFormatter - --------------------------------------------------------------------------------- 
INFO  20:47:28,973 HelpFormatter - The Genome Analysis Toolkit (GATK) v3.4-46-g8ea4dca, Compiled 2015/08/13 20:41:56 
INFO  20:47:28,974 HelpFormatter - Copyright (c) 2010 The Broad Institute 
INFO  20:47:28,974 HelpFormatter - For support and documentation go to http://www.broadinstitute.org/gatk 
INFO  20:47:28,978 HelpFormatter - Program Args: -T HaplotypeCaller -I /mnt/nvme0n1/data/broadout/HG02561_gatk_best_practices_8t_30s_2016-07-06_18-21-00/HG02561_final.bam -L /mnt/nvme0n1/Broad_Ref_Pipeline_approved_package/workflow_profiler/.queue/scatterGather/ExampleHaplotypeCaller-1-sg/temp_36_of_36/scatter.intervals -R /mnt/nvme0n1/Broad_Ref_Pipeline_approved_package/b37bundle/human_g1k_v37.fasta -variant_index_type LINEAR -variant_index_parameter 128000 -o /mnt/nvme0n1/Broad_Ref_Pipeline_approved_package/workflow_profiler/.queue/scatterGather/ExampleHaplotypeCaller-1-sg/temp_36_of_36/HG02561_HaplotypeCaller.g.vcf -ERC GVCF 
INFO  20:47:29,013 HelpFormatter - Executing as bshifaw@application-1-1.hudson.intel.com on Linux 3.10.0-327.el7.x86_64 amd64; OpenJDK 64-Bit Server VM 1.8.0_91-b14. 
INFO  20:47:29,014 HelpFormatter - Date/Time: 2016/07/06 20:47:28 
INFO  20:47:29,014 HelpFormatter - --------------------------------------------------------------------------------- 
INFO  20:47:29,014 HelpFormatter - --------------------------------------------------------------------------------- 
WARN  20:47:29,026 GATKVCFUtils - Naming your output file using the .g.vcf extension will automatically set the appropriate values  for --variant_index_type and --variant_index_parameter 
INFO  20:47:29,161 GenomeAnalysisEngine - Strictness is SILENT 
INFO  20:47:29,273 GenomeAnalysisEngine - Downsampling Settings: Method: BY_SAMPLE, Target Coverage: 500 
INFO  20:47:29,281 SAMDataSource$SAMReaders - Initializing SAMRecords in serial 
INFO  20:47:29,354 SAMDataSource$SAMReaders - Done initializing BAM readers: total time 0.07 
INFO  20:47:29,373 HCMappingQualityFilter - Filtering out reads with MAPQ < 20 
INFO  20:47:29,482 IntervalUtils - Processing 1437993 bp from intervals 
INFO  20:47:29,609 GenomeAnalysisEngine - Preparing for traversal over 1 BAM files 
INFO  20:47:29,899 GenomeAnalysisEngine - Done preparing for traversal 
INFO  20:47:29,900 ProgressMeter - [INITIALIZATION COMPLETE; STARTING PROCESSING] 
INFO  20:47:29,900 ProgressMeter -                 |      processed |    time |         per 1M |           |   total | remaining 
INFO  20:47:29,901 ProgressMeter -        Location | active regions | elapsed | active regions | completed | runtime |   runtime 
INFO  20:47:29,902 HaplotypeCaller - Standard Emitting and Calling confidence set to 0.0 for reference-model confidence output 
INFO  20:47:29,910 HaplotypeCaller - All sites annotated with PLs forced to true for reference-model confidence output 
INFO  20:47:30,124 HaplotypeCaller - Using global mismapping rate of 45 => -4.5 in log10 likelihood units 
Using AVX accelerated implementation of PairHMM
INFO  20:47:32,896 VectorLoglessPairHMM - libVectorLoglessPairHMM unpacked successfully from GATK jar file 
INFO  20:47:32,897 VectorLoglessPairHMM - Using vectorized implementation of PairHMM 
WARN  20:47:33,037 HaplotypeScore - Annotation will not be calculated, must be called from UnifiedGenotyper 
WARN  20:47:33,060 InbreedingCoeff - Annotation will not be calculated, must provide a valid PED file (-ped) from the command line. 
INFO  20:47:59,970 ProgressMeter -      X:53439798        3062153.0    30.0 s            9.0 s        3.3%    15.2 m      14.7 m 
INFO  20:48:29,972 ProgressMeter -      X:54476652      1.3352562E7    60.0 s            4.0 s        6.6%    15.2 m      14.2 m 
INFO  20:48:59,973 ProgressMeter -      X:55250368       2.400522E7    90.0 s            3.0 s        8.8%    17.0 m      15.5 m 
INFO  20:49:29,974 ProgressMeter -      X:65824838      4.5585831E7   120.0 s            2.0 s       12.5%    16.0 m      14.0 m 
INFO  20:49:59,975 ProgressMeter -      X:70325981      8.6676201E7     2.5 m            1.0 s       17.0%    14.7 m      12.2 m 
INFO  20:50:29,976 ProgressMeter -      X:73047053     1.43799782E8     3.0 m            1.0 s       22.9%    13.1 m      10.1 m 
INFO  20:51:09,977 ProgressMeter -      X:90690926      2.7318951E8     3.7 m            0.0 s       31.3%    11.7 m       8.0 m 
INFO  20:51:39,978 ProgressMeter -     X:102335452     3.91550594E8     4.2 m            0.0 s       38.1%    10.9 m       6.8 m 
INFO  20:52:19,979 ProgressMeter -     X:109695460     6.15375573E8     4.8 m            0.0 s       46.5%    10.4 m       5.6 m 
INFO  20:52:49,980 ProgressMeter -     X:118780651     8.32465616E8     5.3 m            0.0 s       52.9%    10.1 m       4.8 m 
INFO  20:53:19,983 ProgressMeter -     X:129148417    1.105596962E9     5.8 m            0.0 s       60.4%     9.7 m       3.8 m 
INFO  20:53:49,984 ProgressMeter -     X:135053320    1.337853657E9     6.3 m            0.0 s       66.7%     9.5 m       3.2 m 
INFO  20:54:19,985 ProgressMeter -     X:140786439    1.541299949E9     6.8 m            0.0 s       71.1%     9.6 m       2.8 m 
INFO  20:54:49,986 ProgressMeter -     X:150842605    1.728470008E9     7.3 m            0.0 s       75.5%     9.7 m       2.4 m 
INFO  20:55:19,987 ProgressMeter -     X:153223036     1.98546043E9     7.8 m            0.0 s       82.8%     9.5 m      97.0 s 
INFO  20:55:49,988 ProgressMeter -     X:155232519    2.289891815E9     8.3 m            0.0 s       90.1%     9.3 m      55.0 s 
INFO  20:56:15,029 VectorLoglessPairHMM - Time spent in setup for JNI call : 0.068909312 
INFO  20:56:15,036 PairHMM - Total compute time in PairHMM computeLikelihoods() : 23.781600376 
INFO  20:56:15,049 HaplotypeCaller - Ran local assembly on 7388 active regions 
INFO  20:56:15,072 ProgressMeter -            done    2.332457986E9     8.8 m            0.0 s      100.0%     8.8 m       0.0 s 
INFO  20:56:15,077 ProgressMeter - Total runtime 525.18 secs, 8.75 min, 0.15 hours 
INFO  20:56:15,078 MicroScheduler - 552732 reads were filtered out during the traversal out of approximately 1763351 total reads (31.35%) 
INFO  20:56:15,078 MicroScheduler -   -> 0 reads (0.00% of total) failing BadCigarFilter 
INFO  20:56:15,078 MicroScheduler -   -> 213434 reads (12.10% of total) failing DuplicateReadFilter 
INFO  20:56:15,079 MicroScheduler -   -> 0 reads (0.00% of total) failing FailsVendorQualityCheckFilter 
INFO  20:56:15,079 MicroScheduler -   -> 339215 reads (19.24% of total) failing HCMappingQualityFilter 
INFO  20:56:15,079 MicroScheduler -   -> 0 reads (0.00% of total) failing MalformedReadFilter 
INFO  20:56:15,079 MicroScheduler -   -> 0 reads (0.00% of total) failing MappingQualityUnavailableFilter 
INFO  20:56:15,079 MicroScheduler -   -> 83 reads (0.00% of total) failing NotPrimaryAlignmentFilter 
INFO  20:56:15,080 MicroScheduler -   -> 0 reads (0.00% of total) failing UnmappedReadFilter 
