INFO  17:50:51,927 HelpFormatter - --------------------------------------------------------------------------------- 
INFO  17:50:51,939 HelpFormatter - The Genome Analysis Toolkit (GATK) v3.4-46-g8ea4dca, Compiled 2015/08/13 20:41:56 
INFO  17:50:51,940 HelpFormatter - Copyright (c) 2010 The Broad Institute 
INFO  17:50:51,940 HelpFormatter - For support and documentation go to http://www.broadinstitute.org/gatk 
INFO  17:50:51,946 HelpFormatter - Program Args: -T IndelRealigner -I /mnt/sdb/data/broadout/HG02769_gatk_best_practices_8t_30s_2016-07-25_16-38-44/HG02769_dupRem.bam -L /mnt/sdb/Broad_Ref_Pipeline_approved_package/workflow_profiler/.queue/scatterGather/ExampleIndelRealigner-1-sg/temp_11_of_36/scatter.intervals -R /mnt/sdb/Broad_Ref_Pipeline_approved_package/b37bundle/human_g1k_v37.fasta -known /mnt/sdb/Broad_Ref_Pipeline_approved_package/b37bundle/1000G_phase1.indels.b37.vcf -targetIntervals /mnt/sdb/data/broadout/HG02769_gatk_best_practices_8t_30s_2016-07-25_16-38-44/HG02769_realn.intervals -o /mnt/sdb/Broad_Ref_Pipeline_approved_package/workflow_profiler/.queue/scatterGather/ExampleIndelRealigner-1-sg/temp_11_of_36/HG02769_realign.bam -filterNoBases 
INFO  17:50:51,984 HelpFormatter - Executing as bshifaw@application-0-1.hudson.intel.com on Linux 3.10.0-327.el7.x86_64 amd64; OpenJDK 64-Bit Server VM 1.8.0_101-b13. 
INFO  17:50:51,986 HelpFormatter - Date/Time: 2016/07/25 17:50:51 
INFO  17:50:51,986 HelpFormatter - --------------------------------------------------------------------------------- 
INFO  17:50:51,987 HelpFormatter - --------------------------------------------------------------------------------- 
INFO  17:50:52,431 GenomeAnalysisEngine - Strictness is SILENT 
INFO  17:50:52,517 GenomeAnalysisEngine - Downsampling Settings: No downsampling 
INFO  17:50:52,525 SAMDataSource$SAMReaders - Initializing SAMRecords in serial 
INFO  17:50:52,837 SAMDataSource$SAMReaders - Done initializing BAM readers: total time 0.31 
INFO  17:50:53,221 IntervalUtils - Processing 135006516 bp from intervals 
INFO  17:50:53,670 GenomeAnalysisEngine - Preparing for traversal over 1 BAM files 
INFO  17:50:54,774 GenomeAnalysisEngine - Done preparing for traversal 
INFO  17:50:54,790 ProgressMeter - [INITIALIZATION COMPLETE; STARTING PROCESSING] 
INFO  17:50:54,790 ProgressMeter -                 | processed |    time |    per 1M |           |   total | remaining 
INFO  17:50:54,790 ProgressMeter -        Location |     reads | elapsed |     reads | completed | runtime |   runtime 
INFO  17:50:55,192 ReadShardBalancer$1 - Loading BAM index data 
INFO  17:50:56,177 ReadShardBalancer$1 - Done loading BAM index data 
INFO  17:51:24,899 ProgressMeter -       11:764933    100002.0    30.0 s       5.0 m        0.6%    88.2 m      87.7 m 
INFO  17:51:55,727 ProgressMeter -      11:6977092    600014.0    60.0 s     101.0 s        5.2%    19.3 m      18.3 m 
INFO  17:52:26,696 ProgressMeter -     11:14246311    900019.0    91.0 s     102.0 s       10.6%    14.4 m      12.9 m 
INFO  17:52:56,697 ProgressMeter -     11:18745732   1200025.0     2.0 m     101.0 s       13.9%    14.5 m      12.5 m 
INFO  17:53:26,876 ProgressMeter -     11:33350131   1400027.0     2.5 m     108.0 s       24.7%    10.3 m       7.7 m 
INFO  17:53:57,024 ProgressMeter -     11:47744801   1800035.0     3.0 m     101.0 s       35.4%     8.6 m       5.5 m 
INFO  17:54:34,879 ProgressMeter -     11:58893402   2200049.0     3.7 m     100.0 s       43.6%     8.4 m       4.7 m 
INFO  17:55:05,885 ProgressMeter -     11:62415914   2700074.0     4.2 m      92.0 s       46.2%     9.0 m       4.9 m 
INFO  17:55:35,886 ProgressMeter -     11:67310993   3400087.0     4.7 m      82.0 s       49.9%     9.4 m       4.7 m 
INFO  17:56:05,887 ProgressMeter -     11:89914805   4200120.0     5.2 m      74.0 s       66.6%     7.8 m       2.6 m 
INFO  17:56:35,888 ProgressMeter -    11:124619772   5400160.0     5.7 m      63.0 s       92.3%     6.2 m      28.0 s 
INFO  17:56:41,747 ProgressMeter -            done   5752086.0     5.8 m      60.0 s       99.9%     5.8 m       0.0 s 
INFO  17:56:41,748 ProgressMeter - Total runtime 346.96 secs, 5.78 min, 0.10 hours 
INFO  17:56:41,751 MicroScheduler - 97925 reads were filtered out during the traversal out of approximately 5850011 total reads (1.67%) 
INFO  17:56:41,751 MicroScheduler -   -> 0 reads (0.00% of total) failing BadCigarFilter 
INFO  17:56:41,751 MicroScheduler -   -> 97925 reads (1.67% of total) failing MalformedReadFilter 
