INFO  19:30:01,628 HelpFormatter - --------------------------------------------------------------------------------- 
INFO  19:30:01,944 HelpFormatter - The Genome Analysis Toolkit (GATK) v3.4-46-g8ea4dca, Compiled 2015/08/13 20:41:56 
INFO  19:30:01,946 HelpFormatter - Copyright (c) 2010 The Broad Institute 
INFO  19:30:01,946 HelpFormatter - For support and documentation go to http://www.broadinstitute.org/gatk 
INFO  19:30:01,950 HelpFormatter - Program Args: -T IndelRealigner -I /mnt/nvme0n1/data/broadout/HG02561_gatk_best_practices_8t_30s_2016-07-06_18-21-00/HG02561_dupRem.bam -L /mnt/nvme0n1/Broad_Ref_Pipeline_approved_package/workflow_profiler/.queue/scatterGather/ExampleIndelRealigner-1-sg/temp_11_of_36/scatter.intervals -R /mnt/nvme0n1/Broad_Ref_Pipeline_approved_package/b37bundle/human_g1k_v37.fasta -known /mnt/nvme0n1/Broad_Ref_Pipeline_approved_package/b37bundle/1000G_phase1.indels.b37.vcf -targetIntervals /mnt/nvme0n1/data/broadout/HG02561_gatk_best_practices_8t_30s_2016-07-06_18-21-00/HG02561_realn.intervals -o /mnt/nvme0n1/Broad_Ref_Pipeline_approved_package/workflow_profiler/.queue/scatterGather/ExampleIndelRealigner-1-sg/temp_11_of_36/HG02561_realign.bam -filterNoBases 
INFO  19:30:01,996 HelpFormatter - Executing as bshifaw@application-1-1.hudson.intel.com on Linux 3.10.0-327.el7.x86_64 amd64; OpenJDK 64-Bit Server VM 1.8.0_91-b14. 
INFO  19:30:01,999 HelpFormatter - Date/Time: 2016/07/06 19:30:01 
INFO  19:30:02,000 HelpFormatter - --------------------------------------------------------------------------------- 
INFO  19:30:02,000 HelpFormatter - --------------------------------------------------------------------------------- 
INFO  19:30:03,489 GenomeAnalysisEngine - Strictness is SILENT 
INFO  19:30:03,638 GenomeAnalysisEngine - Downsampling Settings: No downsampling 
INFO  19:30:03,665 SAMDataSource$SAMReaders - Initializing SAMRecords in serial 
INFO  19:30:03,867 SAMDataSource$SAMReaders - Done initializing BAM readers: total time 0.20 
INFO  19:30:04,193 IntervalUtils - Processing 135006516 bp from intervals 
INFO  19:30:04,529 GenomeAnalysisEngine - Preparing for traversal over 1 BAM files 
INFO  19:30:05,393 GenomeAnalysisEngine - Done preparing for traversal 
INFO  19:30:05,403 ProgressMeter - [INITIALIZATION COMPLETE; STARTING PROCESSING] 
INFO  19:30:05,404 ProgressMeter -                 | processed |    time |    per 1M |           |   total | remaining 
INFO  19:30:05,404 ProgressMeter -        Location |     reads | elapsed |     reads | completed | runtime |   runtime 
INFO  19:30:06,266 ReadShardBalancer$1 - Loading BAM index data 
INFO  19:30:06,988 ReadShardBalancer$1 - Done loading BAM index data 
INFO  19:30:38,630 ProgressMeter -       11:760129         0.0    33.0 s      54.9 w        0.6%    97.7 m      97.1 m 
INFO  19:31:10,989 ProgressMeter -      11:5799735    500008.0    65.0 s       2.2 m        4.3%    25.2 m      24.1 m 
INFO  19:31:41,445 ProgressMeter -     11:12549430    900019.0    96.0 s     106.0 s        9.3%    17.2 m      15.6 m 
INFO  19:32:11,446 ProgressMeter -     11:46405066   1700030.0     2.1 m      74.0 s       34.4%     6.1 m       4.0 m 
INFO  19:32:41,447 ProgressMeter -     11:62064990   2700066.0     2.6 m      57.0 s       46.0%     5.7 m       3.1 m 
INFO  19:33:11,448 ProgressMeter -     11:86176249   4200107.0     3.1 m      44.0 s       63.8%     4.9 m     105.0 s 
INFO  19:33:37,225 ProgressMeter -            done   5932946.0     3.5 m      35.0 s       99.9%     3.5 m       0.0 s 
INFO  19:33:37,227 ProgressMeter - Total runtime 211.82 secs, 3.53 min, 0.06 hours 
INFO  19:33:37,235 MicroScheduler - 85865 reads were filtered out during the traversal out of approximately 6018811 total reads (1.43%) 
INFO  19:33:37,235 MicroScheduler -   -> 0 reads (0.00% of total) failing BadCigarFilter 
INFO  19:33:37,236 MicroScheduler -   -> 85865 reads (1.43% of total) failing MalformedReadFilter 
