INFO  16:01:10,850 HelpFormatter - --------------------------------------------------------------------------------- 
INFO  16:01:10,888 HelpFormatter - The Genome Analysis Toolkit (GATK) v3.4-46-g8ea4dca, Compiled 2015/08/13 20:41:56 
INFO  16:01:10,888 HelpFormatter - Copyright (c) 2010 The Broad Institute 
INFO  16:01:10,888 HelpFormatter - For support and documentation go to http://www.broadinstitute.org/gatk 
INFO  16:01:10,891 HelpFormatter - Program Args: -T BaseRecalibrator -I /mnt/sdb/data/broadout/sim1M_pairs_gatk_best_practices_36t_30s_2016-09-26_15-40-42/sim1M_pairs_realign.bam -L /home/bshifaw/gitrepos/Reference-Design/Broad_Ref_Pip/workflow_profiler/.queue/scatterGather/ExampleBaseRecalibrator-1-sg/temp_13_of_36/scatter.intervals -R /mnt/sdb/Broad_Ref_Pipeline_approved_package/homosapiensrefgenome/Homo_sapiens_assembly19.fasta -knownSites /mnt/sdb/Broad_Ref_Pipeline_approved_package/homosapiensrefgenome/Homo_sapiens_assembly19.dbsnp.vcf -o /home/bshifaw/gitrepos/Reference-Design/Broad_Ref_Pip/workflow_profiler/.queue/scatterGather/ExampleBaseRecalibrator-1-sg/temp_13_of_36/sim1M_pairs_recal.grp 
INFO  16:01:10,900 HelpFormatter - Executing as bshifaw@application-0-1.hudson.intel.com on Linux 3.10.0-327.13.1.el7.x86_64 amd64; OpenJDK 64-Bit Server VM 1.8.0_102-b14. 
INFO  16:01:10,904 HelpFormatter - Date/Time: 2016/09/26 16:01:10 
INFO  16:01:10,904 HelpFormatter - --------------------------------------------------------------------------------- 
INFO  16:01:10,904 HelpFormatter - --------------------------------------------------------------------------------- 
INFO  16:01:11,081 GenomeAnalysisEngine - Strictness is SILENT 
INFO  16:01:11,245 GenomeAnalysisEngine - Downsampling Settings: No downsampling 
INFO  16:01:11,265 SAMDataSource$SAMReaders - Initializing SAMRecords in serial 
INFO  16:01:11,286 SAMDataSource$SAMReaders - Done initializing BAM readers: total time 0.02 
INFO  16:01:11,628 IntervalUtils - Processing 115169878 bp from intervals 
INFO  16:01:11,775 GenomeAnalysisEngine - Preparing for traversal over 1 BAM files 
INFO  16:01:12,221 GenomeAnalysisEngine - Done preparing for traversal 
INFO  16:01:12,222 ProgressMeter - [INITIALIZATION COMPLETE; STARTING PROCESSING] 
INFO  16:01:12,222 ProgressMeter -                 | processed |    time |    per 1M |           |   total | remaining 
INFO  16:01:12,222 ProgressMeter -        Location |     reads | elapsed |     reads | completed | runtime |   runtime 
INFO  16:01:12,330 BaseRecalibrator - The covariates being used here:  
INFO  16:01:12,331 BaseRecalibrator - 	ReadGroupCovariate 
INFO  16:01:12,344 BaseRecalibrator - 	QualityScoreCovariate 
INFO  16:01:12,344 BaseRecalibrator - 	ContextCovariate 
INFO  16:01:12,344 ContextCovariate - 		Context sizes: base substitution model 2, indel substitution model 3 
INFO  16:01:12,345 BaseRecalibrator - 	CycleCovariate 
INFO  16:01:12,347 ReadShardBalancer$1 - Loading BAM index data 
INFO  16:01:12,612 ReadShardBalancer$1 - Done loading BAM index data 
INFO  16:01:42,277 ProgressMeter -        Starting         0.0    30.0 s      49.7 w      100.0%    30.0 s       0.0 s 
INFO  16:02:12,279 ProgressMeter -        Starting         0.0    60.0 s      99.3 w      100.0%    60.0 s       0.0 s 
INFO  16:02:18,622 BaseRecalibrator - Calculating quantized quality scores... 
INFO  16:02:18,643 BaseRecalibrator - Writing recalibration report... 
INFO  16:02:19,363 BaseRecalibrator - ...done! 
INFO  16:02:19,364 BaseRecalibrator - BaseRecalibrator was able to recalibrate 61141 reads 
INFO  16:02:19,365 ProgressMeter -            done     61141.0    67.0 s      18.3 m       99.9%    67.0 s       0.0 s 
INFO  16:02:19,365 ProgressMeter - Total runtime 67.14 secs, 1.12 min, 0.02 hours 
INFO  16:02:19,365 MicroScheduler - 394 reads were filtered out during the traversal out of approximately 61535 total reads (0.64%) 
INFO  16:02:19,365 MicroScheduler -   -> 0 reads (0.00% of total) failing BadCigarFilter 
INFO  16:02:19,366 MicroScheduler -   -> 0 reads (0.00% of total) failing DuplicateReadFilter 
INFO  16:02:19,366 MicroScheduler -   -> 0 reads (0.00% of total) failing FailsVendorQualityCheckFilter 
INFO  16:02:19,366 MicroScheduler -   -> 0 reads (0.00% of total) failing MalformedReadFilter 
INFO  16:02:19,366 MicroScheduler -   -> 0 reads (0.00% of total) failing MappingQualityUnavailableFilter 
INFO  16:02:19,366 MicroScheduler -   -> 389 reads (0.63% of total) failing MappingQualityZeroFilter 
INFO  16:02:19,366 MicroScheduler -   -> 5 reads (0.01% of total) failing NotPrimaryAlignmentFilter 
INFO  16:02:19,367 MicroScheduler -   -> 0 reads (0.00% of total) failing UnmappedReadFilter 
