INFO  17:23:09,947 HelpFormatter - --------------------------------------------------------------------------------- 
INFO  17:23:09,955 HelpFormatter - The Genome Analysis Toolkit (GATK) v3.4-46-g8ea4dca, Compiled 2015/08/13 20:41:56 
INFO  17:23:09,956 HelpFormatter - Copyright (c) 2010 The Broad Institute 
INFO  17:23:09,956 HelpFormatter - For support and documentation go to http://www.broadinstitute.org/gatk 
INFO  17:23:09,960 HelpFormatter - Program Args: -T IndelRealigner -I /home/opt/data/broadout/FC1-NA12878-01_S1_L001_gatk_best_practices_36t_30s_2015-11-10_16-39-49/FC1-NA12878-01_S1_L001_dupRem.bam -L /home/beris/Broad_Ref_Pipeline_approved_package/workflow_profiler/.queue/scatterGather/ExampleIndelRealigner-1-sg/temp_07_of_36/scatter.intervals -R /home/beris/Broad_Ref_Pipeline_approved_package/homosapiensrefgenome/Homo_sapiens_assembly19.fasta -known /home/beris/Broad_Ref_Pipeline_approved_package/homosapiensrefgenome/Homo_sapiens_assembly19.known_indels.vcf -targetIntervals /home/opt/data/broadout/FC1-NA12878-01_S1_L001_gatk_best_practices_36t_30s_2015-11-10_16-39-49/FC1-NA12878-01_S1_L001_realn.intervals -o /home/beris/Broad_Ref_Pipeline_approved_package/workflow_profiler/.queue/scatterGather/ExampleIndelRealigner-1-sg/temp_07_of_36/FC1-NA12878-01_S1_L001_realign.bam -filterNoBases 
INFO  17:23:09,983 HelpFormatter - Executing as beris@dna on Linux 2.6.32-573.el6.x86_64 amd64; OpenJDK 64-Bit Server VM 1.7.0_79-mockbuild_2015_07_24_09_26-b00. 
INFO  17:23:09,983 HelpFormatter - Date/Time: 2015/11/10 17:23:09 
INFO  17:23:09,983 HelpFormatter - --------------------------------------------------------------------------------- 
INFO  17:23:09,984 HelpFormatter - --------------------------------------------------------------------------------- 
INFO  17:23:10,230 GenomeAnalysisEngine - Strictness is SILENT 
INFO  17:23:10,550 GenomeAnalysisEngine - Downsampling Settings: No downsampling 
INFO  17:23:10,559 SAMDataSource$SAMReaders - Initializing SAMRecords in serial 
INFO  17:23:10,643 SAMDataSource$SAMReaders - Done initializing BAM readers: total time 0.08 
INFO  17:23:11,059 IntervalUtils - Processing 159138663 bp from intervals 
INFO  17:23:11,430 GenomeAnalysisEngine - Preparing for traversal over 1 BAM files 
INFO  17:23:14,503 GenomeAnalysisEngine - Done preparing for traversal 
INFO  17:23:14,504 ProgressMeter - [INITIALIZATION COMPLETE; STARTING PROCESSING] 
INFO  17:23:14,504 ProgressMeter -                 | processed |    time |    per 1M |           |   total | remaining 
INFO  17:23:14,505 ProgressMeter -        Location |     reads | elapsed |     reads | completed | runtime |   runtime 
INFO  17:23:15,054 ReadShardBalancer$1 - Loading BAM index data 
INFO  17:23:16,367 ReadShardBalancer$1 - Done loading BAM index data 
INFO  17:23:47,847 ProgressMeter -       7:8126116         0.0    33.0 s      55.1 w        5.1%    10.8 m      10.2 m 
INFO  17:24:17,849 ProgressMeter -     7:100551057   1000014.0    63.0 s      63.0 s       63.2%    99.0 s      36.0 s 
INFO  17:24:35,678 ProgressMeter -            done   1729922.0    81.0 s      46.0 s      100.0%    81.0 s       0.0 s 
INFO  17:24:35,679 ProgressMeter - Total runtime 81.18 secs, 1.35 min, 0.02 hours 
INFO  17:24:35,681 MicroScheduler - 185862 reads were filtered out during the traversal out of approximately 1915784 total reads (9.70%) 
INFO  17:24:35,682 MicroScheduler -   -> 0 reads (0.00% of total) failing BadCigarFilter 
INFO  17:24:35,682 MicroScheduler -   -> 185862 reads (9.70% of total) failing MalformedReadFilter 
