INFO  19:35:11,007 HelpFormatter - --------------------------------------------------------------------------------- 
INFO  19:35:11,009 HelpFormatter - The Genome Analysis Toolkit (GATK) v3.4-46-g8ea4dca, Compiled 2015/08/13 20:41:56 
INFO  19:35:11,009 HelpFormatter - Copyright (c) 2010 The Broad Institute 
INFO  19:35:11,009 HelpFormatter - For support and documentation go to http://www.broadinstitute.org/gatk 
INFO  19:35:11,039 HelpFormatter - Program Args: -T IndelRealigner -I /mnt/nvme0n1/data/broadout/HG02771_gatk_best_practices_8t_30s_2016-07-06_18-21-02/HG02771_dupRem.bam -L /mnt/nvme0n1/Broad_Ref_Pipeline_approved_package/workflow_profiler/.queue/scatterGather/ExampleIndelRealigner-1-sg/temp_07_of_36/scatter.intervals -R /mnt/nvme0n1/Broad_Ref_Pipeline_approved_package/b37bundle/human_g1k_v37.fasta -known /mnt/nvme0n1/Broad_Ref_Pipeline_approved_package/b37bundle/1000G_phase1.indels.b37.vcf -targetIntervals /mnt/nvme0n1/data/broadout/HG02771_gatk_best_practices_8t_30s_2016-07-06_18-21-02/HG02771_realn.intervals -o /mnt/nvme0n1/Broad_Ref_Pipeline_approved_package/workflow_profiler/.queue/scatterGather/ExampleIndelRealigner-1-sg/temp_07_of_36/HG02771_realign.bam -filterNoBases 
INFO  19:35:11,051 HelpFormatter - Executing as bshifaw@application-1-1.hudson.intel.com on Linux 3.10.0-327.el7.x86_64 amd64; OpenJDK 64-Bit Server VM 1.8.0_91-b14. 
INFO  19:35:11,051 HelpFormatter - Date/Time: 2016/07/06 19:35:11 
INFO  19:35:11,051 HelpFormatter - --------------------------------------------------------------------------------- 
INFO  19:35:11,051 HelpFormatter - --------------------------------------------------------------------------------- 
INFO  19:35:11,247 GenomeAnalysisEngine - Strictness is SILENT 
INFO  19:35:11,333 GenomeAnalysisEngine - Downsampling Settings: No downsampling 
INFO  19:35:11,342 SAMDataSource$SAMReaders - Initializing SAMRecords in serial 
INFO  19:35:11,442 SAMDataSource$SAMReaders - Done initializing BAM readers: total time 0.10 
INFO  19:35:11,703 IntervalUtils - Processing 159138663 bp from intervals 
INFO  19:35:11,808 GenomeAnalysisEngine - Preparing for traversal over 1 BAM files 
INFO  19:35:12,248 GenomeAnalysisEngine - Done preparing for traversal 
INFO  19:35:12,248 ProgressMeter - [INITIALIZATION COMPLETE; STARTING PROCESSING] 
INFO  19:35:12,264 ProgressMeter -                 | processed |    time |    per 1M |           |   total | remaining 
INFO  19:35:12,264 ProgressMeter -        Location |     reads | elapsed |     reads | completed | runtime |   runtime 
INFO  19:35:12,494 ReadShardBalancer$1 - Loading BAM index data 
INFO  19:35:13,085 ReadShardBalancer$1 - Done loading BAM index data 
INFO  19:35:42,292 ProgressMeter -      7:36455437    800012.0    30.0 s      37.0 s       22.9%     2.2 m     100.0 s 
INFO  19:36:12,293 ProgressMeter -      7:99051638   2600053.0    60.0 s      23.0 s       62.2%    96.0 s      36.0 s 
INFO  19:36:42,295 ProgressMeter -     7:148485753   4600151.0    90.0 s      19.0 s       93.3%    96.0 s       6.0 s 
INFO  19:36:48,042 ProgressMeter -            done   5089098.0    95.0 s      18.0 s      100.0%    95.0 s       0.0 s 
INFO  19:36:48,042 ProgressMeter - Total runtime 95.79 secs, 1.60 min, 0.03 hours 
INFO  19:36:48,045 MicroScheduler - 184373 reads were filtered out during the traversal out of approximately 5273471 total reads (3.50%) 
INFO  19:36:48,045 MicroScheduler -   -> 0 reads (0.00% of total) failing BadCigarFilter 
INFO  19:36:48,046 MicroScheduler -   -> 184373 reads (3.50% of total) failing MalformedReadFilter 
