INFO  14:18:40,754 HelpFormatter - --------------------------------------------------------------------------------- 
INFO  14:18:40,756 HelpFormatter - The Genome Analysis Toolkit (GATK) v3.4-46-g8ea4dca, Compiled 2015/08/13 20:41:56 
INFO  14:18:40,756 HelpFormatter - Copyright (c) 2010 The Broad Institute 
INFO  14:18:40,756 HelpFormatter - For support and documentation go to http://www.broadinstitute.org/gatk 
INFO  14:18:40,786 HelpFormatter - Program Args: -T IndelRealigner -I /mnt/sdb/data/broadout/sim1M_pairs_gatk_best_practices_12t_30s_2016-07-25_14-09-52/sim1M_pairs_dupRem.bam -L /mnt/sdb/Broad_Ref_Pipeline_approved_package/workflow_profiler/.queue/scatterGather/ExampleIndelRealigner-1-sg/temp_07_of_36/scatter.intervals -R /mnt/sdb/Broad_Ref_Pipeline_approved_package/b37bundle/human_g1k_v37.fasta -known /mnt/sdb/Broad_Ref_Pipeline_approved_package/b37bundle/1000G_phase1.indels.b37.vcf -targetIntervals /mnt/sdb/data/broadout/sim1M_pairs_gatk_best_practices_12t_30s_2016-07-25_14-09-52/sim1M_pairs_realn.intervals -o /mnt/sdb/Broad_Ref_Pipeline_approved_package/workflow_profiler/.queue/scatterGather/ExampleIndelRealigner-1-sg/temp_07_of_36/sim1M_pairs_realign.bam -filterNoBases 
INFO  14:18:40,851 HelpFormatter - Executing as bshifaw@application-0-1.hudson.intel.com on Linux 3.10.0-327.el7.x86_64 amd64; OpenJDK 64-Bit Server VM 1.8.0_101-b13. 
INFO  14:18:40,853 HelpFormatter - Date/Time: 2016/07/25 14:18:40 
INFO  14:18:40,853 HelpFormatter - --------------------------------------------------------------------------------- 
INFO  14:18:40,853 HelpFormatter - --------------------------------------------------------------------------------- 
INFO  14:18:41,045 GenomeAnalysisEngine - Strictness is SILENT 
INFO  14:18:41,161 GenomeAnalysisEngine - Downsampling Settings: No downsampling 
INFO  14:18:41,179 SAMDataSource$SAMReaders - Initializing SAMRecords in serial 
INFO  14:18:41,310 SAMDataSource$SAMReaders - Done initializing BAM readers: total time 0.13 
INFO  14:18:41,498 IntervalUtils - Processing 159138663 bp from intervals 
INFO  14:18:41,596 GenomeAnalysisEngine - Preparing for traversal over 1 BAM files 
INFO  14:18:42,013 GenomeAnalysisEngine - Done preparing for traversal 
INFO  14:18:42,022 ProgressMeter - [INITIALIZATION COMPLETE; STARTING PROCESSING] 
INFO  14:18:42,022 ProgressMeter -                 | processed |    time |    per 1M |           |   total | remaining 
INFO  14:18:42,022 ProgressMeter -        Location |     reads | elapsed |     reads | completed | runtime |   runtime 
INFO  14:18:42,254 ReadShardBalancer$1 - Loading BAM index data 
INFO  14:18:42,888 ReadShardBalancer$1 - Done loading BAM index data 
INFO  14:18:51,214 ProgressMeter -            done    100253.0     9.0 s      91.0 s       99.9%     9.0 s       0.0 s 
INFO  14:18:51,214 ProgressMeter - Total runtime 9.19 secs, 0.15 min, 0.00 hours 
INFO  14:18:51,219 MicroScheduler - 304 reads were filtered out during the traversal out of approximately 100557 total reads (0.30%) 
INFO  14:18:51,220 MicroScheduler -   -> 0 reads (0.00% of total) failing BadCigarFilter 
INFO  14:18:51,220 MicroScheduler -   -> 304 reads (0.30% of total) failing MalformedReadFilter 
