INFO  17:23:10,728 HelpFormatter - --------------------------------------------------------------------------------- 
INFO  17:23:10,731 HelpFormatter - The Genome Analysis Toolkit (GATK) v3.4-46-g8ea4dca, Compiled 2015/08/13 20:41:56 
INFO  17:23:10,731 HelpFormatter - Copyright (c) 2010 The Broad Institute 
INFO  17:23:10,731 HelpFormatter - For support and documentation go to http://www.broadinstitute.org/gatk 
INFO  17:23:10,735 HelpFormatter - Program Args: -T IndelRealigner -I /home/opt/data/broadout/FC1-NA12878-01_S1_L001_gatk_best_practices_36t_30s_2015-11-10_16-39-49/FC1-NA12878-01_S1_L001_dupRem.bam -L /home/beris/Broad_Ref_Pipeline_approved_package/workflow_profiler/.queue/scatterGather/ExampleIndelRealigner-1-sg/temp_17_of_36/scatter.intervals -R /home/beris/Broad_Ref_Pipeline_approved_package/homosapiensrefgenome/Homo_sapiens_assembly19.fasta -known /home/beris/Broad_Ref_Pipeline_approved_package/homosapiensrefgenome/Homo_sapiens_assembly19.known_indels.vcf -targetIntervals /home/opt/data/broadout/FC1-NA12878-01_S1_L001_gatk_best_practices_36t_30s_2015-11-10_16-39-49/FC1-NA12878-01_S1_L001_realn.intervals -o /home/beris/Broad_Ref_Pipeline_approved_package/workflow_profiler/.queue/scatterGather/ExampleIndelRealigner-1-sg/temp_17_of_36/FC1-NA12878-01_S1_L001_realign.bam -filterNoBases 
INFO  17:23:10,747 HelpFormatter - Executing as beris@dna on Linux 2.6.32-573.el6.x86_64 amd64; OpenJDK 64-Bit Server VM 1.7.0_79-mockbuild_2015_07_24_09_26-b00. 
INFO  17:23:10,747 HelpFormatter - Date/Time: 2015/11/10 17:23:10 
INFO  17:23:10,748 HelpFormatter - --------------------------------------------------------------------------------- 
INFO  17:23:10,748 HelpFormatter - --------------------------------------------------------------------------------- 
INFO  17:23:10,867 GenomeAnalysisEngine - Strictness is SILENT 
INFO  17:23:11,232 GenomeAnalysisEngine - Downsampling Settings: No downsampling 
INFO  17:23:11,240 SAMDataSource$SAMReaders - Initializing SAMRecords in serial 
INFO  17:23:11,293 SAMDataSource$SAMReaders - Done initializing BAM readers: total time 0.05 
INFO  17:23:11,418 IntervalUtils - Processing 81195210 bp from intervals 
INFO  17:23:11,555 GenomeAnalysisEngine - Preparing for traversal over 1 BAM files 
INFO  17:23:12,189 GenomeAnalysisEngine - Done preparing for traversal 
INFO  17:23:12,191 ProgressMeter - [INITIALIZATION COMPLETE; STARTING PROCESSING] 
INFO  17:23:12,191 ProgressMeter -                 | processed |    time |    per 1M |           |   total | remaining 
INFO  17:23:12,192 ProgressMeter -        Location |     reads | elapsed |     reads | completed | runtime |   runtime 
INFO  17:23:14,223 ReadShardBalancer$1 - Loading BAM index data 
INFO  17:23:14,827 ReadShardBalancer$1 - Done loading BAM index data 
INFO  17:23:42,234 ProgressMeter -      17:7216699    100001.0    30.0 s       5.0 m        8.9%     5.6 m       5.1 m 
INFO  17:24:14,171 ProgressMeter -     17:47784452    900025.0    61.0 s      68.0 s       58.9%   103.0 s      42.0 s 
INFO  17:24:26,312 ProgressMeter -            done   1502014.0    74.0 s      49.0 s      100.0%    74.0 s       0.0 s 
INFO  17:24:26,313 ProgressMeter - Total runtime 74.12 secs, 1.24 min, 0.02 hours 
INFO  17:24:26,317 MicroScheduler - 100343 reads were filtered out during the traversal out of approximately 1602357 total reads (6.26%) 
INFO  17:24:26,317 MicroScheduler -   -> 0 reads (0.00% of total) failing BadCigarFilter 
INFO  17:24:26,318 MicroScheduler -   -> 100343 reads (6.26% of total) failing MalformedReadFilter 
