INFO  20:07:46,236 HelpFormatter - --------------------------------------------------------------------------------- 
INFO  20:07:46,239 HelpFormatter - The Genome Analysis Toolkit (GATK) v3.4-46-g8ea4dca, Compiled 2015/08/13 20:41:56 
INFO  20:07:46,239 HelpFormatter - Copyright (c) 2010 The Broad Institute 
INFO  20:07:46,240 HelpFormatter - For support and documentation go to http://www.broadinstitute.org/gatk 
INFO  20:07:46,245 HelpFormatter - Program Args: -T IndelRealigner -I /home/opt/data/broadout/FC1-NA12878-01_S1_L001_R1_001_gatk_best_practices_36t_30s_2015-11-05_19-14-59/FC1-NA12878-01_S1_L001_R1_001_dupRem.bam -L /home/beris/Broad_Ref_Pipeline_approved_package/workflow_profiler/.queue/scatterGather/ExampleIndelRealigner-1-sg/temp_29_of_36/scatter.intervals -R /home/beris/Broad_Ref_Pipeline_approved_package/homosapiensrefgenome/Homo_sapiens_assembly19.fasta -known /home/beris/Broad_Ref_Pipeline_approved_package/homosapiensrefgenome/Homo_sapiens_assembly19.known_indels.vcf -targetIntervals /home/opt/data/broadout/FC1-NA12878-01_S1_L001_R1_001_gatk_best_practices_36t_30s_2015-11-05_19-14-59/FC1-NA12878-01_S1_L001_R1_001_realn.intervals -o /home/beris/Broad_Ref_Pipeline_approved_package/workflow_profiler/.queue/scatterGather/ExampleIndelRealigner-1-sg/temp_29_of_36/FC1-NA12878-01_S1_L001_R1_001_realign.bam -filterNoBases 
INFO  20:07:46,253 HelpFormatter - Executing as beris@dna on Linux 2.6.32-573.el6.x86_64 amd64; OpenJDK 64-Bit Server VM 1.7.0_79-mockbuild_2015_07_24_09_26-b00. 
INFO  20:07:46,254 HelpFormatter - Date/Time: 2015/11/05 20:07:46 
INFO  20:07:46,254 HelpFormatter - --------------------------------------------------------------------------------- 
INFO  20:07:46,254 HelpFormatter - --------------------------------------------------------------------------------- 
INFO  20:07:46,383 GenomeAnalysisEngine - Strictness is SILENT 
INFO  20:07:46,475 GenomeAnalysisEngine - Downsampling Settings: No downsampling 
INFO  20:07:46,486 SAMDataSource$SAMReaders - Initializing SAMRecords in serial 
INFO  20:07:46,538 SAMDataSource$SAMReaders - Done initializing BAM readers: total time 0.05 
INFO  20:07:46,698 IntervalUtils - Processing 27386 bp from intervals 
INFO  20:07:46,806 GenomeAnalysisEngine - Preparing for traversal over 1 BAM files 
INFO  20:07:46,935 GenomeAnalysisEngine - Done preparing for traversal 
INFO  20:07:46,938 ProgressMeter - [INITIALIZATION COMPLETE; STARTING PROCESSING] 
INFO  20:07:46,939 ProgressMeter -                 | processed |    time |    per 1M |           |   total | remaining 
INFO  20:07:46,939 ProgressMeter -        Location |     reads | elapsed |     reads | completed | runtime |   runtime 
INFO  20:07:47,283 ReadShardBalancer$1 - Loading BAM index data 
INFO  20:07:47,284 ReadShardBalancer$1 - Done loading BAM index data 
INFO  20:07:54,789 ProgressMeter -            done       438.0     7.0 s       5.0 h       89.8%     7.0 s       0.0 s 
INFO  20:07:54,789 ProgressMeter - Total runtime 7.85 secs, 0.13 min, 0.00 hours 
INFO  20:07:54,793 MicroScheduler - 1914 reads were filtered out during the traversal out of approximately 2352 total reads (81.38%) 
INFO  20:07:54,793 MicroScheduler -   -> 0 reads (0.00% of total) failing BadCigarFilter 
INFO  20:07:54,794 MicroScheduler -   -> 1914 reads (81.38% of total) failing MalformedReadFilter 
