INFO  19:29:18,229 HelpFormatter - --------------------------------------------------------------------------------- 
INFO  19:29:18,248 HelpFormatter - The Genome Analysis Toolkit (GATK) v3.4-46-g8ea4dca, Compiled 2015/08/13 20:41:56 
INFO  19:29:18,249 HelpFormatter - Copyright (c) 2010 The Broad Institute 
INFO  19:29:18,249 HelpFormatter - For support and documentation go to http://www.broadinstitute.org/gatk 
INFO  19:29:18,252 HelpFormatter - Program Args: -T IndelRealigner -I /mnt/nvme0n1/data/broadout/HG02571_gatk_best_practices_8t_30s_2016-07-06_18-21-01/HG02571_dupRem.bam -L /mnt/nvme0n1/Broad_Ref_Pipeline_approved_package/workflow_profiler/.queue/scatterGather/ExampleIndelRealigner-1-sg/temp_29_of_36/scatter.intervals -R /mnt/nvme0n1/Broad_Ref_Pipeline_approved_package/b37bundle/human_g1k_v37.fasta -known /mnt/nvme0n1/Broad_Ref_Pipeline_approved_package/b37bundle/1000G_phase1.indels.b37.vcf -targetIntervals /mnt/nvme0n1/data/broadout/HG02571_gatk_best_practices_8t_30s_2016-07-06_18-21-01/HG02571_realn.intervals -o /mnt/nvme0n1/Broad_Ref_Pipeline_approved_package/workflow_profiler/.queue/scatterGather/ExampleIndelRealigner-1-sg/temp_29_of_36/HG02571_realign.bam -filterNoBases 
INFO  19:29:18,273 HelpFormatter - Executing as bshifaw@application-1-1.hudson.intel.com on Linux 3.10.0-327.el7.x86_64 amd64; OpenJDK 64-Bit Server VM 1.8.0_91-b14. 
INFO  19:29:18,284 HelpFormatter - Date/Time: 2016/07/06 19:29:18 
INFO  19:29:18,284 HelpFormatter - --------------------------------------------------------------------------------- 
INFO  19:29:18,285 HelpFormatter - --------------------------------------------------------------------------------- 
INFO  19:29:18,532 GenomeAnalysisEngine - Strictness is SILENT 
INFO  19:29:18,668 GenomeAnalysisEngine - Downsampling Settings: No downsampling 
INFO  19:29:18,689 SAMDataSource$SAMReaders - Initializing SAMRecords in serial 
INFO  19:29:18,892 SAMDataSource$SAMReaders - Done initializing BAM readers: total time 0.20 
INFO  19:29:19,161 IntervalUtils - Processing 27386 bp from intervals 
INFO  19:29:19,703 GenomeAnalysisEngine - Preparing for traversal over 1 BAM files 
INFO  19:29:19,995 GenomeAnalysisEngine - Done preparing for traversal 
INFO  19:29:19,995 ProgressMeter - [INITIALIZATION COMPLETE; STARTING PROCESSING] 
INFO  19:29:19,996 ProgressMeter -                 | processed |    time |    per 1M |           |   total | remaining 
INFO  19:29:19,996 ProgressMeter -        Location |     reads | elapsed |     reads | completed | runtime |   runtime 
INFO  19:29:20,405 ReadShardBalancer$1 - Loading BAM index data 
INFO  19:29:20,417 ReadShardBalancer$1 - Done loading BAM index data 
INFO  19:29:20,766 ProgressMeter -            done         5.0     0.0 s      42.8 h        5.9%     0.0 s       0.0 s 
INFO  19:29:20,768 ProgressMeter - Total runtime 0.77 secs, 0.01 min, 0.00 hours 
INFO  19:29:20,772 MicroScheduler - 25 reads were filtered out during the traversal out of approximately 30 total reads (83.33%) 
INFO  19:29:20,773 MicroScheduler -   -> 0 reads (0.00% of total) failing BadCigarFilter 
INFO  19:29:20,774 MicroScheduler -   -> 25 reads (83.33% of total) failing MalformedReadFilter 
