INFO  11:41:27,126 HelpFormatter - --------------------------------------------------------------------------------- 
INFO  11:41:27,128 HelpFormatter - The Genome Analysis Toolkit (GATK) v3.4-46-g8ea4dca, Compiled 2015/08/13 20:41:56 
INFO  11:41:27,128 HelpFormatter - Copyright (c) 2010 The Broad Institute 
INFO  11:41:27,129 HelpFormatter - For support and documentation go to http://www.broadinstitute.org/gatk 
INFO  11:41:27,132 HelpFormatter - Program Args: -T HaplotypeCaller -I /mnt/ssdbroad/output/sim1M_pairs_gatk_best_practices_36t_30s_2016-02-11_11-03-56/sim1M_pairs_final.bam -L /mnt/ssdbroad/Broad_Ref_Pipeline_approved_package/workflow_profiler/.queue/scatterGather/ExampleHaplotypeCaller-1-sg/temp_22_of_36/scatter.intervals -R /mnt/ssdbroad/Broad_Ref_Pipeline_approved_package/homosapiensrefgenome/Homo_sapiens_assembly19.fasta -variant_index_type LINEAR -variant_index_parameter 128000 -o /mnt/ssdbroad/Broad_Ref_Pipeline_approved_package/workflow_profiler/.queue/scatterGather/ExampleHaplotypeCaller-1-sg/temp_22_of_36/sim1M_pairs_HaplotypeCaller.g.vcf -ERC GVCF 
INFO  11:41:27,163 HelpFormatter - Executing as beris@dna on Linux 2.6.32-573.el6.x86_64 amd64; OpenJDK 64-Bit Server VM 1.7.0_79-mockbuild_2015_07_24_09_26-b00. 
INFO  11:41:27,163 HelpFormatter - Date/Time: 2016/02/11 11:41:27 
INFO  11:41:27,164 HelpFormatter - --------------------------------------------------------------------------------- 
INFO  11:41:27,164 HelpFormatter - --------------------------------------------------------------------------------- 
WARN  11:41:27,205 GATKVCFUtils - Naming your output file using the .g.vcf extension will automatically set the appropriate values  for --variant_index_type and --variant_index_parameter 
INFO  11:41:27,316 GenomeAnalysisEngine - Strictness is SILENT 
INFO  11:41:27,475 GenomeAnalysisEngine - Downsampling Settings: Method: BY_SAMPLE, Target Coverage: 500 
INFO  11:41:27,483 SAMDataSource$SAMReaders - Initializing SAMRecords in serial 
INFO  11:41:27,533 SAMDataSource$SAMReaders - Done initializing BAM readers: total time 0.05 
INFO  11:41:27,539 HCMappingQualityFilter - Filtering out reads with MAPQ < 20 
INFO  11:41:27,550 IntervalUtils - Processing 86166015 bp from intervals 
INFO  11:41:27,675 GenomeAnalysisEngine - Preparing for traversal over 1 BAM files 
INFO  11:41:27,915 GenomeAnalysisEngine - Done preparing for traversal 
INFO  11:41:27,916 ProgressMeter - [INITIALIZATION COMPLETE; STARTING PROCESSING] 
INFO  11:41:27,916 ProgressMeter -                 |      processed |    time |         per 1M |           |   total | remaining 
INFO  11:41:27,916 ProgressMeter -        Location | active regions | elapsed | active regions | completed | runtime |   runtime 
INFO  11:41:27,923 HaplotypeCaller - Standard Emitting and Calling confidence set to 0.0 for reference-model confidence output 
INFO  11:41:27,923 HaplotypeCaller - All sites annotated with PLs forced to true for reference-model confidence output 
INFO  11:41:28,163 HaplotypeCaller - Using global mismapping rate of 45 => -4.5 in log10 likelihood units 
Using AVX accelerated implementation of PairHMM
INFO  11:41:33,294 VectorLoglessPairHMM - libVectorLoglessPairHMM unpacked successfully from GATK jar file 
INFO  11:41:33,303 VectorLoglessPairHMM - Using vectorized implementation of PairHMM 
WARN  11:41:33,522 HaplotypeScore - Annotation will not be calculated, must be called from UnifiedGenotyper 
WARN  11:41:33,530 InbreedingCoeff - Annotation will not be calculated, must provide a valid PED file (-ped) from the command line. 
INFO  11:41:57,952 ProgressMeter -    10:134299017              0.0    30.0 s           49.7 w        6.0%     8.3 m       7.8 m 
INFO  11:42:27,954 ProgressMeter -      11:6963475        6421575.0    60.0 s            9.0 s       15.5%     6.4 m       5.4 m 
INFO  11:42:57,955 ProgressMeter -     11:15493169        6421575.0    90.0 s           14.0 s       25.4%     5.9 m       4.4 m 
INFO  11:43:27,956 ProgressMeter -     11:23983595        6421575.0   120.0 s           18.0 s       35.3%     5.7 m       3.7 m 
INFO  11:43:57,957 ProgressMeter -     11:31777173        6421575.0     2.5 m           23.0 s       44.3%     5.6 m       3.1 m 
INFO  11:44:27,959 ProgressMeter -     11:39526526        6421575.0     3.0 m           28.0 s       53.3%     5.6 m       2.6 m 
INFO  11:44:57,960 ProgressMeter -     11:47346401        6421575.0     3.5 m           32.0 s       62.4%     5.6 m       2.1 m 
INFO  11:45:27,961 ProgressMeter -     11:56483673        6421575.0     4.0 m           37.0 s       73.0%     5.5 m      88.0 s 
INFO  11:45:57,962 ProgressMeter -     11:64642315        6421575.0     4.5 m           42.0 s       82.5%     5.5 m      57.0 s 
INFO  11:46:27,963 ProgressMeter -     11:73110319        6421575.0     5.0 m           46.0 s       92.3%     5.4 m      25.0 s 
INFO  11:46:50,204 VectorLoglessPairHMM - Time spent in setup for JNI call : 0.003717419 
INFO  11:46:50,204 PairHMM - Total compute time in PairHMM computeLikelihoods() : 0.053507985 
INFO  11:46:50,204 HaplotypeCaller - Ran local assembly on 293273 active regions 
INFO  11:46:50,211 ProgressMeter -            done      8.6166015E7     5.4 m            3.0 s      100.0%     5.4 m       0.0 s 
INFO  11:46:50,211 ProgressMeter - Total runtime 322.30 secs, 5.37 min, 0.09 hours 
INFO  11:46:50,211 MicroScheduler - 719 reads were filtered out during the traversal out of approximately 52777 total reads (1.36%) 
INFO  11:46:50,211 MicroScheduler -   -> 0 reads (0.00% of total) failing BadCigarFilter 
INFO  11:46:50,212 MicroScheduler -   -> 0 reads (0.00% of total) failing DuplicateReadFilter 
INFO  11:46:50,212 MicroScheduler -   -> 0 reads (0.00% of total) failing FailsVendorQualityCheckFilter 
INFO  11:46:50,212 MicroScheduler -   -> 718 reads (1.36% of total) failing HCMappingQualityFilter 
INFO  11:46:50,212 MicroScheduler -   -> 0 reads (0.00% of total) failing MalformedReadFilter 
INFO  11:46:50,212 MicroScheduler -   -> 0 reads (0.00% of total) failing MappingQualityUnavailableFilter 
INFO  11:46:50,213 MicroScheduler -   -> 1 reads (0.00% of total) failing NotPrimaryAlignmentFilter 
INFO  11:46:50,213 MicroScheduler -   -> 0 reads (0.00% of total) failing UnmappedReadFilter 
