INFO  16:30:44,643 HelpFormatter - --------------------------------------------------------------------------------- 
INFO  16:30:44,646 HelpFormatter - The Genome Analysis Toolkit (GATK) v3.4-46-g8ea4dca, Compiled 2015/08/13 20:41:56 
INFO  16:30:44,646 HelpFormatter - Copyright (c) 2010 The Broad Institute 
INFO  16:30:44,646 HelpFormatter - For support and documentation go to http://www.broadinstitute.org/gatk 
INFO  16:30:44,650 HelpFormatter - Program Args: -T HaplotypeCaller -I /mnt/ssdbroad/output/Solexa-272221_gatk_best_practices_36t_30s_2016-02-11_11-59-19/Solexa-272221_final.bam -L /mnt/ssdbroad/Broad_Ref_Pipeline_approved_package/workflow_profiler/.queue/scatterGather/ExampleHaplotypeCaller-1-sg/temp_22_of_36/scatter.intervals -R /mnt/ssdbroad/Broad_Ref_Pipeline_approved_package/homosapiensrefgenome/Homo_sapiens_assembly19.fasta -variant_index_type LINEAR -variant_index_parameter 128000 -o /mnt/ssdbroad/Broad_Ref_Pipeline_approved_package/workflow_profiler/.queue/scatterGather/ExampleHaplotypeCaller-1-sg/temp_22_of_36/Solexa-272221_HaplotypeCaller.g.vcf -ERC GVCF 
INFO  16:30:44,657 HelpFormatter - Executing as beris@dna on Linux 2.6.32-573.el6.x86_64 amd64; OpenJDK 64-Bit Server VM 1.7.0_79-mockbuild_2015_07_24_09_26-b00. 
INFO  16:30:44,658 HelpFormatter - Date/Time: 2016/02/12 16:30:44 
INFO  16:30:44,658 HelpFormatter - --------------------------------------------------------------------------------- 
INFO  16:30:44,658 HelpFormatter - --------------------------------------------------------------------------------- 
WARN  16:30:44,691 GATKVCFUtils - Naming your output file using the .g.vcf extension will automatically set the appropriate values  for --variant_index_type and --variant_index_parameter 
INFO  16:30:44,821 GenomeAnalysisEngine - Strictness is SILENT 
INFO  16:30:44,966 GenomeAnalysisEngine - Downsampling Settings: Method: BY_SAMPLE, Target Coverage: 500 
INFO  16:30:44,974 SAMDataSource$SAMReaders - Initializing SAMRecords in serial 
INFO  16:30:45,013 SAMDataSource$SAMReaders - Done initializing BAM readers: total time 0.04 
INFO  16:30:45,019 HCMappingQualityFilter - Filtering out reads with MAPQ < 20 
INFO  16:30:45,038 IntervalUtils - Processing 86166015 bp from intervals 
INFO  16:30:45,104 GenomeAnalysisEngine - Preparing for traversal over 1 BAM files 
INFO  16:30:45,316 GenomeAnalysisEngine - Done preparing for traversal 
INFO  16:30:45,323 ProgressMeter - [INITIALIZATION COMPLETE; STARTING PROCESSING] 
INFO  16:30:45,323 ProgressMeter -                 |      processed |    time |         per 1M |           |   total | remaining 
INFO  16:30:45,331 ProgressMeter -        Location | active regions | elapsed | active regions | completed | runtime |   runtime 
INFO  16:30:45,335 HaplotypeCaller - Standard Emitting and Calling confidence set to 0.0 for reference-model confidence output 
INFO  16:30:45,335 HaplotypeCaller - All sites annotated with PLs forced to true for reference-model confidence output 
INFO  16:30:45,563 HaplotypeCaller - Using global mismapping rate of 45 => -4.5 in log10 likelihood units 
Using AVX accelerated implementation of PairHMM
INFO  16:30:48,820 VectorLoglessPairHMM - libVectorLoglessPairHMM unpacked successfully from GATK jar file 
INFO  16:30:48,821 VectorLoglessPairHMM - Using vectorized implementation of PairHMM 
WARN  16:30:48,950 HaplotypeScore - Annotation will not be calculated, must be called from UnifiedGenotyper 
WARN  16:30:48,951 InbreedingCoeff - Annotation will not be calculated, must provide a valid PED file (-ped) from the command line. 
INFO  16:31:15,344 ProgressMeter -    10:129164169              0.0    30.0 s           49.6 w        0.1%    14.1 h      14.1 h 
INFO  16:32:15,345 ProgressMeter -    10:129573236              0.0    90.0 s          148.8 w        0.5%     4.7 h       4.7 h 
INFO  16:32:45,346 ProgressMeter -    10:129807612              0.0   120.0 s          198.5 w        0.8%     4.1 h       4.1 h 
INFO  16:33:15,348 ProgressMeter -    10:130133761              0.0     2.5 m          248.1 w        1.2%     3.5 h       3.5 h 
INFO  16:33:45,349 ProgressMeter -    10:130437626              0.0     3.0 m          297.7 w        1.5%     3.3 h       3.2 h 
INFO  16:34:15,350 ProgressMeter -    10:130759421              0.0     3.5 m          347.3 w        1.9%     3.1 h       3.0 h 
INFO  16:34:55,351 ProgressMeter -    10:131183775              0.0     4.2 m          413.4 w        2.4%     2.9 h       2.8 h 
INFO  16:35:25,351 ProgressMeter -    10:131521459              0.0     4.7 m          463.0 w        2.8%     2.8 h       2.7 h 
INFO  16:35:55,352 ProgressMeter -    10:131878454              0.0     5.2 m          512.6 w        3.2%     2.7 h       2.6 h 
INFO  16:36:25,353 ProgressMeter -    10:132167216              0.0     5.7 m          562.2 w        3.5%     2.7 h       2.6 h 
INFO  16:37:05,354 ProgressMeter -    10:132495505              0.0     6.3 m          628.4 w        3.9%     2.7 h       2.6 h 
INFO  16:37:45,355 ProgressMeter -    10:132868823              0.0     7.0 m          694.5 w        4.4%     2.7 h       2.6 h 
INFO  16:38:15,355 ProgressMeter -    10:133138971              0.0     7.5 m          744.1 w        4.7%     2.7 h       2.6 h 
INFO  16:38:45,356 ProgressMeter -    10:133485044              0.0     8.0 m          793.7 w        5.1%     2.6 h       2.5 h 
INFO  16:39:15,359 ProgressMeter -    10:133878240              0.0     8.5 m          843.3 w        5.5%     2.6 h       2.4 h 
INFO  16:39:45,360 ProgressMeter -    10:134183284              0.0     9.0 m          892.9 w        5.9%     2.5 h       2.4 h 
INFO  16:40:15,361 ProgressMeter -    10:134544433              0.0     9.5 m          942.5 w        6.3%     2.5 h       2.4 h 
INFO  16:40:45,362 ProgressMeter -    10:134843520              0.0    10.0 m          992.1 w        6.7%     2.5 h       2.3 h 
INFO  16:41:15,363 ProgressMeter -    10:135034977              0.0    10.5 m         1041.7 w        6.9%     2.5 h       2.4 h 
INFO  16:41:55,364 ProgressMeter -    10:135439221              0.0    11.2 m         1107.9 w        7.3%     2.5 h       2.3 h 
INFO  16:42:25,365 ProgressMeter -    10:135453644              0.0    11.7 m         1157.5 w        7.4%     2.6 h       2.4 h 
INFO  16:43:05,366 ProgressMeter -    10:135470341              0.0    12.3 m         1223.6 w        7.4%     2.8 h       2.6 h 
INFO  16:43:35,366 ProgressMeter -    10:135500866              0.0    12.8 m         1273.2 w        7.4%     2.9 h       2.7 h 
INFO  16:44:05,367 ProgressMeter -    10:135501400              0.0    13.3 m         1322.8 w        7.4%     3.0 h       2.8 h 
INFO  16:44:35,368 ProgressMeter -       11:217503        6421575.0    13.8 m            2.2 m        7.7%     3.0 h       2.8 h 
INFO  16:45:05,372 ProgressMeter -       11:512854        6421575.0    14.3 m            2.2 m        8.0%     3.0 h       2.7 h 
INFO  16:45:35,373 ProgressMeter -       11:865695        6421575.0    14.8 m            2.3 m        8.5%     2.9 h       2.7 h 
INFO  16:46:15,374 ProgressMeter -      11:1213534        6421575.0    15.5 m            2.4 m        8.9%     2.9 h       2.7 h 
INFO  16:46:45,374 ProgressMeter -      11:1524365        6421575.0    16.0 m            2.5 m        9.2%     2.9 h       2.6 h 
INFO  16:47:15,375 ProgressMeter -      11:1781660        6421575.0    16.5 m            2.6 m        9.5%     2.9 h       2.6 h 
INFO  16:47:45,376 ProgressMeter -      11:2124471        6421575.0    17.0 m            2.6 m        9.9%     2.9 h       2.6 h 
INFO  16:48:25,735 ProgressMeter -      11:2422432        6421575.0    17.7 m            2.8 m       10.3%     2.9 h       2.6 h 
INFO  16:48:55,735 ProgressMeter -      11:2755696        6421575.0    18.2 m            2.8 m       10.7%     2.8 h       2.5 h 
INFO  16:49:25,736 ProgressMeter -      11:3070679        6421575.0    18.7 m            2.9 m       11.0%     2.8 h       2.5 h 
INFO  16:49:55,737 ProgressMeter -      11:3404781        6421575.0    19.2 m            3.0 m       11.4%     2.8 h       2.5 h 
INFO  16:50:25,738 ProgressMeter -      11:3536349        6421575.0    19.7 m            3.1 m       11.6%     2.8 h       2.5 h 
INFO  16:51:05,739 ProgressMeter -      11:3817788        6421575.0    20.3 m            3.2 m       11.9%     2.9 h       2.5 h 
INFO  16:51:45,740 ProgressMeter -      11:4226936        6421575.0    21.0 m            3.3 m       12.4%     2.8 h       2.5 h 
INFO  16:52:15,740 ProgressMeter -      11:4371182        6421575.0    21.5 m            3.3 m       12.5%     2.9 h       2.5 h 
INFO  16:52:45,741 ProgressMeter -      11:4553770        6421575.0    22.0 m            3.4 m       12.7%     2.9 h       2.5 h 
INFO  16:53:15,742 ProgressMeter -      11:4671465        6421575.0    22.5 m            3.5 m       12.9%     2.9 h       2.5 h 
INFO  16:53:45,743 ProgressMeter -      11:4893605        6421575.0    23.0 m            3.6 m       13.1%     2.9 h       2.5 h 
INFO  16:54:15,744 ProgressMeter -      11:5104065        6421575.0    23.5 m            3.7 m       13.4%     2.9 h       2.5 h 
INFO  16:54:45,745 ProgressMeter -      11:5315280        6421575.0    24.0 m            3.7 m       13.6%     2.9 h       2.5 h 
INFO  16:55:25,746 ProgressMeter -      11:5434475        6421575.0    24.7 m            3.8 m       13.8%     3.0 h       2.6 h 
INFO  16:56:05,747 ProgressMeter -      11:5690345        6421575.0    25.3 m            3.9 m       14.1%     3.0 h       2.6 h 
INFO  16:56:35,748 ProgressMeter -      11:5878923        6421575.0    25.8 m            4.0 m       14.3%     3.0 h       2.6 h 
INFO  16:57:05,778 ProgressMeter -      11:6083170        6421575.0    26.3 m            4.1 m       14.5%     3.0 h       2.6 h 
INFO  16:57:45,779 ProgressMeter -      11:6517891        6421575.0    27.0 m            4.2 m       15.0%     3.0 h       2.5 h 
INFO  16:58:25,780 ProgressMeter -      11:6888384        6421575.0    27.7 m            4.3 m       15.4%     3.0 h       2.5 h 
INFO  16:58:55,781 ProgressMeter -      11:7109433        6421575.0    28.2 m            4.4 m       15.7%     3.0 h       2.5 h 
INFO  16:59:25,781 ProgressMeter -      11:7414171        6421575.0    28.7 m            4.5 m       16.1%     3.0 h       2.5 h 
INFO  16:59:55,782 ProgressMeter -      11:7679023        6421575.0    29.2 m            4.5 m       16.4%     3.0 h       2.5 h 
INFO  17:00:25,783 ProgressMeter -      11:7837946        6421575.0    29.7 m            4.6 m       16.5%     3.0 h       2.5 h 
INFO  17:00:55,784 ProgressMeter -      11:8094088        6421575.0    30.2 m            4.7 m       16.8%     3.0 h       2.5 h 
INFO  17:01:35,785 ProgressMeter -      11:8479106        6421575.0    30.8 m            4.8 m       17.3%     3.0 h       2.5 h 
INFO  17:02:05,785 ProgressMeter -      11:8836280        6421575.0    31.3 m            4.9 m       17.7%     2.9 h       2.4 h 
INFO  17:02:35,786 ProgressMeter -      11:9193869        6421575.0    31.8 m            5.0 m       18.1%     2.9 h       2.4 h 
INFO  17:03:05,787 ProgressMeter -      11:9511078        6421575.0    32.3 m            5.0 m       18.5%     2.9 h       2.4 h 
INFO  17:03:45,788 ProgressMeter -      11:9928704        6421575.0    33.0 m            5.1 m       19.0%     2.9 h       2.3 h 
INFO  17:04:15,789 ProgressMeter -     11:10376143        6421575.0    33.5 m            5.2 m       19.5%     2.9 h       2.3 h 
INFO  17:04:45,789 ProgressMeter -     11:10660430        6421575.0    34.0 m            5.3 m       19.8%     2.9 h       2.3 h 
INFO  17:05:15,790 ProgressMeter -     11:10983781        6421575.0    34.5 m            5.4 m       20.2%     2.8 h       2.3 h 
INFO  17:05:45,791 ProgressMeter -     11:11210868        6421575.0    35.0 m            5.5 m       20.5%     2.9 h       2.3 h 
INFO  17:06:25,792 ProgressMeter -     11:11530003        6421575.0    35.7 m            5.6 m       20.8%     2.9 h       2.3 h 
INFO  17:06:55,792 ProgressMeter -     11:11865582        6421575.0    36.2 m            5.6 m       21.2%     2.8 h       2.2 h 
INFO  17:07:25,793 ProgressMeter -     11:12166478        6421575.0    36.7 m            5.7 m       21.6%     2.8 h       2.2 h 
INFO  17:07:55,794 ProgressMeter -     11:12463108        6421575.0    37.2 m            5.8 m       21.9%     2.8 h       2.2 h 
INFO  17:08:35,795 ProgressMeter -     11:12931314        6421575.0    37.8 m            5.9 m       22.5%     2.8 h       2.2 h 
INFO  17:09:15,796 ProgressMeter -     11:13221321        6421575.0    38.5 m            6.0 m       22.8%     2.8 h       2.2 h 
INFO  17:09:45,796 ProgressMeter -     11:13533449        6421575.0    39.0 m            6.1 m       23.2%     2.8 h       2.2 h 
INFO  17:10:15,797 ProgressMeter -     11:13895770        6421575.0    39.5 m            6.2 m       23.6%     2.8 h       2.1 h 
INFO  17:10:45,798 ProgressMeter -     11:14199824        6421575.0    40.0 m            6.2 m       23.9%     2.8 h       2.1 h 
INFO  17:11:15,813 ProgressMeter -     11:14556780        6421575.0    40.5 m            6.3 m       24.3%     2.8 h       2.1 h 
INFO  17:11:45,814 ProgressMeter -     11:14966557        6421575.0    41.0 m            6.4 m       24.8%     2.8 h       2.1 h 
INFO  17:12:25,815 ProgressMeter -     11:15396090        6421575.0    41.7 m            6.5 m       25.3%     2.7 h       2.0 h 
INFO  17:12:55,815 ProgressMeter -     11:15743735        6421575.0    42.2 m            6.6 m       25.7%     2.7 h       2.0 h 
INFO  17:13:25,821 ProgressMeter -     11:16092245        6421575.0    42.7 m            6.6 m       26.1%     2.7 h       2.0 h 
INFO  17:13:55,822 ProgressMeter -     11:16431857        6421575.0    43.2 m            6.7 m       26.5%     2.7 h     119.6 m 
INFO  17:14:35,823 ProgressMeter -     11:16910233        6421575.0    43.8 m            6.8 m       27.1%     2.7 h     118.0 m 
INFO  17:15:05,824 ProgressMeter -     11:17189072        6421575.0    44.3 m            6.9 m       27.4%     2.7 h     117.5 m 
INFO  17:15:35,825 ProgressMeter -     11:17485711        6421575.0    44.8 m            7.0 m       27.7%     2.7 h     116.8 m 
INFO  17:16:05,826 ProgressMeter -     11:17829237        6421575.0    45.3 m            7.1 m       28.1%     2.7 h     115.7 m 
INFO  17:16:35,827 ProgressMeter -     11:18165779        6421575.0    45.8 m            7.1 m       28.5%     2.7 h     114.8 m 
WARN  17:16:48,374 ExactAFCalculator - this tool is currently set to genotype at most 6 alternate alleles in a given context, but the context at 11:18273521 has 11 alternate alleles so only the top alleles will be used; see the --max_alternate_alleles argument 
INFO  17:17:15,828 ProgressMeter -     11:18539501        6421575.0    46.5 m            7.2 m       29.0%     2.7 h     114.0 m 
INFO  17:17:45,828 ProgressMeter -     11:18848942        6421575.0    47.0 m            7.3 m       29.3%     2.7 h     113.3 m 
INFO  17:18:15,829 ProgressMeter -     11:19079734        6421575.0    47.5 m            7.4 m       29.6%     2.7 h     113.0 m 
INFO  17:18:45,830 ProgressMeter -     11:19410015        6421575.0    48.0 m            7.5 m       30.0%     2.7 h     112.1 m 
INFO  17:19:25,831 ProgressMeter -     11:19803761        6421575.0    48.7 m            7.6 m       30.4%     2.7 h     111.2 m 
INFO  17:19:55,832 ProgressMeter -     11:20073120        6421575.0    49.2 m            7.7 m       30.7%     2.7 h     110.7 m 
INFO  17:20:25,868 ProgressMeter -     11:20356532        6421575.0    49.7 m            7.7 m       31.1%     2.7 h     110.1 m 
INFO  17:21:05,869 ProgressMeter -     11:20733541        6421575.0    50.3 m            7.8 m       31.5%     2.7 h     109.4 m 
INFO  17:21:35,869 ProgressMeter -     11:21082996        6421575.0    50.8 m            7.9 m       31.9%     2.7 h     108.4 m 
WARN  17:22:01,165 ExactAFCalculator - this tool is currently set to genotype at most 6 alternate alleles in a given context, but the context at 11:21358220 has 8 alternate alleles so only the top alleles will be used; see the --max_alternate_alleles argument 
INFO  17:22:05,870 ProgressMeter -     11:21398449        6421575.0    51.3 m            8.0 m       32.3%     2.6 h     107.7 m 
INFO  17:22:35,871 ProgressMeter -     11:21736188        6421575.0    51.8 m            8.1 m       32.7%     2.6 h     106.8 m 
INFO  17:23:05,872 ProgressMeter -     11:21964055        6421575.0    52.3 m            8.2 m       32.9%     2.6 h     106.5 m 
INFO  17:23:45,873 ProgressMeter -     11:22393595        6421575.0    53.0 m            8.3 m       33.4%     2.6 h     105.5 m 
INFO  17:24:25,874 ProgressMeter -     11:22773715        6421575.0    53.7 m            8.4 m       33.9%     2.6 h     104.7 m 
INFO  17:24:55,875 ProgressMeter -     11:23070039        6421575.0    54.2 m            8.4 m       34.2%     2.6 h     104.1 m 
INFO  17:25:35,876 ProgressMeter -     11:23284390        6421575.0    54.8 m            8.5 m       34.5%     2.7 h     104.2 m 
INFO  17:26:15,876 ProgressMeter -     11:23584730        6421575.0    55.5 m            8.6 m       34.8%     2.7 h     103.9 m 
INFO  17:26:45,877 ProgressMeter -     11:23931549        6421575.0    56.0 m            8.7 m       35.2%     2.6 h     103.0 m 
INFO  17:27:15,878 ProgressMeter -     11:24272843        6421575.0    56.5 m            8.8 m       35.6%     2.6 h     102.1 m 
INFO  17:27:45,879 ProgressMeter -     11:24563806        6421575.0    57.0 m            8.9 m       36.0%     2.6 h     101.5 m 
INFO  17:28:15,888 ProgressMeter -     11:24848825        6421575.0    57.5 m            9.0 m       36.3%     2.6 h     100.9 m 
INFO  17:28:45,890 ProgressMeter -     11:25080823        6421575.0    58.0 m            9.0 m       36.6%     2.6 h     100.6 m 
INFO  17:29:15,891 ProgressMeter -     11:25272275        6421575.0    58.5 m            9.1 m       36.8%     2.7 h     100.5 m 
INFO  17:29:55,892 ProgressMeter -     11:25639075        6421575.0    59.2 m            9.2 m       37.2%     2.7 h      99.8 m 
INFO  17:30:25,892 ProgressMeter -     11:25796971        6421575.0    59.7 m            9.3 m       37.4%     2.7 h      99.9 m 
INFO  17:30:55,893 ProgressMeter -     11:26037407        6421575.0    60.2 m            9.4 m       37.7%     2.7 h      99.6 m 
INFO  17:31:25,894 ProgressMeter -     11:26356580        6421575.0    60.7 m            9.4 m       38.0%     2.7 h      98.8 m 
INFO  17:32:05,895 ProgressMeter -     11:26659870        6421575.0    61.3 m            9.6 m       38.4%     2.7 h      98.4 m 
INFO  17:32:35,895 ProgressMeter -     11:26980841        6421575.0    61.8 m            9.6 m       38.8%     2.7 h      97.7 m 
INFO  17:33:05,896 ProgressMeter -     11:27304189        6421575.0    62.3 m            9.7 m       39.1%     2.7 h      96.9 m 
INFO  17:33:35,897 ProgressMeter -     11:27640673        6421575.0    62.8 m            9.8 m       39.5%     2.6 h      96.1 m 
INFO  17:34:15,898 ProgressMeter -     11:28140117        6421575.0    63.5 m            9.9 m       40.1%     2.6 h      94.8 m 
INFO  17:34:45,898 ProgressMeter -     11:28526215        6421575.0    64.0 m           10.0 m       40.6%     2.6 h      93.8 m 
WARN  17:34:49,986 ExactAFCalculator - this tool is currently set to genotype at most 6 alternate alleles in a given context, but the context at 11:28584390 has 9 alternate alleles so only the top alleles will be used; see the --max_alternate_alleles argument 
INFO  17:35:15,899 ProgressMeter -     11:28868323        6421575.0    64.5 m           10.0 m       41.0%     2.6 h      93.0 m 
INFO  17:35:45,912 ProgressMeter -     11:29131188        6421575.0    65.0 m           10.1 m       41.3%     2.6 h      92.5 m 
INFO  17:36:15,913 ProgressMeter -     11:29494760        6421575.0    65.5 m           10.2 m       41.7%     2.6 h      91.6 m 
INFO  17:36:45,914 ProgressMeter -     11:29844834        6421575.0    66.0 m           10.3 m       42.1%     2.6 h      90.8 m 
INFO  17:37:25,915 ProgressMeter -     11:30294939        6421575.0    66.7 m           10.4 m       42.6%     2.6 h      89.8 m 
INFO  17:37:55,915 ProgressMeter -     11:30654679        6421575.0    67.2 m           10.5 m       43.0%     2.6 h      88.9 m 
INFO  17:38:25,919 ProgressMeter -     11:30993994        6421575.0    67.7 m           10.5 m       43.4%     2.6 h      88.2 m 
INFO  17:38:55,920 ProgressMeter -     11:31427391        6421575.0    68.2 m           10.6 m       43.9%     2.6 h      87.0 m 
INFO  17:39:35,921 ProgressMeter -     11:31989517        6421575.0    68.8 m           10.7 m       44.6%     2.6 h      85.6 m 
INFO  17:40:05,921 ProgressMeter -     11:32356501        6421575.0    69.3 m           10.8 m       45.0%     2.6 h      84.7 m 
INFO  17:40:35,922 ProgressMeter -     11:32622528        6421575.0    69.8 m           10.9 m       45.3%     2.6 h      84.3 m 
INFO  17:41:05,923 ProgressMeter -     11:32939718        6421575.0    70.3 m           11.0 m       45.7%     2.6 h      83.6 m 
INFO  17:41:45,924 ProgressMeter -     11:33373409        6421575.0    71.0 m           11.1 m       46.2%     2.6 h      82.7 m 
INFO  17:42:25,925 ProgressMeter -     11:33856155        6421575.0    71.7 m           11.2 m       46.7%     2.6 h      81.6 m 
INFO  17:42:55,926 ProgressMeter -     11:34186394        6421575.0    72.2 m           11.2 m       47.1%     2.6 h      81.0 m 
INFO  17:43:25,927 ProgressMeter -     11:34457138        6421575.0    72.7 m           11.3 m       47.4%     2.6 h      80.5 m 
INFO  17:43:55,937 ProgressMeter -     11:34783411        6421575.0    73.2 m           11.4 m       47.8%     2.6 h      79.8 m 
INFO  17:44:25,938 ProgressMeter -     11:35037448        6421575.0    73.7 m           11.5 m       48.1%     2.6 h      79.4 m 
INFO  17:44:55,941 ProgressMeter -     11:35437666        6421575.0    74.2 m           11.6 m       48.6%     2.5 h      78.5 m 
INFO  17:45:25,942 ProgressMeter -     11:35840221        6421575.0    74.7 m           11.6 m       49.0%     2.5 h      77.6 m 
INFO  17:45:55,943 ProgressMeter -     11:36155863        6421575.0    75.2 m           11.7 m       49.4%     2.5 h      77.0 m 
INFO  17:46:25,944 ProgressMeter -     11:36507484        6421575.0    75.7 m           11.8 m       49.8%     2.5 h      76.2 m 
INFO  17:46:55,945 ProgressMeter -     11:36871886        6421575.0    76.2 m           11.9 m       50.2%     2.5 h      75.4 m 
INFO  17:47:25,946 ProgressMeter -     11:37177001        6421575.0    76.7 m           11.9 m       50.6%     2.5 h      74.9 m 
INFO  17:47:55,949 ProgressMeter -     11:37583717        6421575.0    77.2 m           12.0 m       51.1%     2.5 h      73.9 m 
INFO  17:48:25,950 ProgressMeter -     11:37971330        6421575.0    77.7 m           12.1 m       51.5%     2.5 h      73.1 m 
INFO  17:48:55,951 ProgressMeter -     11:38357564        6421575.0    78.2 m           12.2 m       52.0%     2.5 h      72.2 m 
INFO  17:49:35,952 ProgressMeter -     11:38759958        6421575.0    78.8 m           12.3 m       52.4%     2.5 h      71.5 m 
INFO  17:50:05,952 ProgressMeter -     11:38987404        6421575.0    79.3 m           12.4 m       52.7%     2.5 h      71.2 m 
INFO  17:50:35,953 ProgressMeter -     11:39315016        6421575.0    79.8 m           12.4 m       53.1%     2.5 h      70.6 m 
INFO  17:51:05,954 ProgressMeter -     11:39635815        6421575.0    80.3 m           12.5 m       53.5%     2.5 h      70.0 m 
INFO  17:51:35,955 ProgressMeter -     11:39879260        6421575.0    80.8 m           12.6 m       53.7%     2.5 h      69.6 m 
INFO  17:52:15,956 ProgressMeter -     11:40276702        6421575.0    81.5 m           12.7 m       54.2%     2.5 h      68.9 m 
INFO  17:52:45,957 ProgressMeter -     11:40634913        6421575.0    82.0 m           12.8 m       54.6%     2.5 h      68.2 m 
INFO  17:53:25,958 ProgressMeter -     11:41073965        6421575.0    82.7 m           12.9 m       55.1%     2.5 h      67.3 m 
INFO  17:53:55,959 ProgressMeter -     11:41426863        6421575.0    83.2 m           13.0 m       55.5%     2.5 h      66.6 m 
INFO  17:54:35,960 ProgressMeter -     11:41815469        6421575.0    83.8 m           13.1 m       56.0%     2.5 h      65.9 m 
INFO  17:55:05,960 ProgressMeter -     11:42113203        6421575.0    84.3 m           13.1 m       56.3%     2.5 h      65.4 m 
INFO  17:55:35,961 ProgressMeter -     11:42399822        6421575.0    84.8 m           13.2 m       56.7%     2.5 h      64.9 m 
INFO  17:56:05,962 ProgressMeter -     11:42685999        6421575.0    85.3 m           13.3 m       57.0%     2.5 h      64.4 m 
INFO  17:56:35,963 ProgressMeter -     11:42901940        6421575.0    85.8 m           13.4 m       57.2%     2.5 h      64.1 m 
INFO  17:57:05,964 ProgressMeter -     11:43175734        6421575.0    86.3 m           13.4 m       57.6%     2.5 h      63.7 m 
INFO  17:57:35,965 ProgressMeter -     11:43544957        6421575.0    86.8 m           13.5 m       58.0%     2.5 h      62.9 m 
INFO  17:58:05,966 ProgressMeter -     11:43884163        6421575.0    87.3 m           13.6 m       58.4%     2.5 h      62.3 m 
INFO  17:58:35,979 ProgressMeter -     11:44194229        6421575.0    87.8 m           13.7 m       58.7%     2.5 h      61.7 m 
INFO  17:59:06,468 ProgressMeter -     11:44467477        6421575.0    88.4 m           13.8 m       59.1%     2.5 h      61.2 m 
INFO  17:59:36,469 ProgressMeter -     11:44794807        6421575.0    88.9 m           13.8 m       59.4%     2.5 h      60.6 m 
INFO  18:00:06,469 ProgressMeter -     11:45106121        6421575.0    89.4 m           13.9 m       59.8%     2.5 h      60.1 m 
INFO  18:00:36,470 ProgressMeter -     11:45462048        6421575.0    89.9 m           14.0 m       60.2%     2.5 h      59.4 m 
INFO  18:01:06,472 ProgressMeter -     11:45793504        6421575.0    90.4 m           14.1 m       60.6%     2.5 h      58.7 m 
INFO  18:01:36,472 ProgressMeter -     11:46144924        6421575.0    90.9 m           14.1 m       61.0%     2.5 h      58.1 m 
INFO  18:02:06,473 ProgressMeter -     11:46589300        6421575.0    91.4 m           14.2 m       61.5%     2.5 h      57.1 m 
INFO  18:02:36,474 ProgressMeter -     11:47009399        6421575.0    91.9 m           14.3 m       62.0%     2.5 h      56.3 m 
INFO  18:03:06,475 ProgressMeter -     11:47402192        6421575.0    92.4 m           14.4 m       62.5%     2.5 h      55.5 m 
INFO  18:03:46,476 ProgressMeter -     11:47865161        6421575.0    93.0 m           14.5 m       63.0%     2.5 h      54.6 m 
INFO  18:04:26,477 ProgressMeter -     11:48309120        6421575.0    93.7 m           14.6 m       63.5%     2.5 h      53.8 m 
INFO  18:05:06,477 ProgressMeter -     11:48350948        6421575.0    94.4 m           14.7 m       63.6%     2.5 h      54.1 m 
INFO  18:05:36,509 ProgressMeter -     11:48360450        6421575.0    94.9 m           14.8 m       63.6%     2.5 h      54.3 m 
INFO  18:06:06,510 ProgressMeter -     11:48367687        6421575.0    95.4 m           14.8 m       63.6%     2.5 h      54.6 m 
INFO  18:06:46,511 ProgressMeter -     11:48387832        6421575.0    96.0 m           15.0 m       63.6%     2.5 h      54.9 m 
INFO  18:07:16,512 ProgressMeter -     11:48586082        6421575.0    96.5 m           15.0 m       63.8%     2.5 h      54.7 m 
INFO  18:07:46,513 ProgressMeter -     11:48756705        6421575.0    97.0 m           15.1 m       64.0%     2.5 h      54.5 m 
WARN  18:07:53,994 ExactAFCalculator - this tool is currently set to genotype at most 6 alternate alleles in a given context, but the context at 11:48763102 has 36 alternate alleles so only the top alleles will be used; see the --max_alternate_alleles argument 
INFO  18:08:16,514 ProgressMeter -     11:48829880        6421575.0    97.5 m           15.2 m       64.1%     2.5 h      54.6 m 
INFO  18:08:46,520 ProgressMeter -     11:48946454        6421575.0    98.0 m           15.3 m       64.3%     2.5 h      54.5 m 
INFO  18:09:16,521 ProgressMeter -     11:48989183        6421575.0    98.5 m           15.3 m       64.3%     2.6 h      54.7 m 
INFO  18:09:46,522 ProgressMeter -     11:49231148        6421575.0    99.0 m           15.4 m       64.6%     2.6 h      54.3 m 
INFO  18:10:26,523 ProgressMeter -     11:49652646        6421575.0    99.7 m           15.5 m       65.1%     2.6 h      53.5 m 
INFO  18:11:06,524 ProgressMeter -     11:49967776        6421575.0   100.4 m           15.6 m       65.4%     2.6 h      53.0 m 
INFO  18:11:36,524 ProgressMeter -     11:50256824        6421575.0   100.9 m           15.7 m       65.8%     2.6 h      52.5 m 
INFO  18:12:06,525 ProgressMeter -     11:50518121        6421575.0   101.4 m           15.8 m       66.1%     2.6 h      52.0 m 
INFO  18:12:36,526 ProgressMeter -     11:50703493        6421575.0   101.9 m           15.9 m       66.3%     2.6 h      51.8 m 
INFO  18:13:06,527 ProgressMeter -     11:50748856        6421575.0   102.4 m           15.9 m       66.3%     2.6 h      51.9 m 
INFO  18:13:37,653 ProgressMeter -     11:51140212        6421575.0   102.9 m           16.0 m       66.8%     2.6 h      51.1 m 
INFO  18:14:07,654 ProgressMeter -     11:51335517        6421575.0   103.4 m           16.1 m       67.0%     2.6 h      50.8 m 
INFO  18:14:37,655 ProgressMeter -     11:51543633        6421575.0   103.9 m           16.2 m       67.3%     2.6 h      50.5 m 
INFO  18:15:07,656 ProgressMeter -     11:51572890        6421575.0   104.4 m           16.3 m       67.3%     2.6 h      50.7 m 
INFO  18:15:37,657 ProgressMeter -     11:51579514        6421575.0   104.9 m           16.3 m       67.3%     2.6 h      50.9 m 
INFO  18:16:08,574 ProgressMeter -     11:51579873        6421575.0   105.4 m           16.4 m       67.3%     2.6 h      51.2 m 
INFO  18:16:48,575 ProgressMeter -     11:51580023        6421575.0   106.1 m           16.5 m       67.3%     2.6 h      51.5 m 
INFO  18:17:18,576 ProgressMeter -     11:51580509        6421575.0   106.6 m           16.6 m       67.3%     2.6 h      51.7 m 
INFO  18:17:48,577 ProgressMeter -     11:51580951        6421575.0   107.1 m           16.7 m       67.3%     2.7 h      52.0 m 
INFO  18:18:18,578 ProgressMeter -     11:51580951        6421575.0   107.6 m           16.7 m       67.3%     2.7 h      52.2 m 
INFO  18:18:58,579 ProgressMeter -     11:51582834        6421575.0   108.2 m           16.9 m       67.3%     2.7 h      52.5 m 
INFO  18:19:38,580 ProgressMeter -     11:51582834        6421575.0   108.9 m           17.0 m       67.3%     2.7 h      52.9 m 
INFO  18:20:18,581 ProgressMeter -     11:51582834        6421575.0   109.6 m           17.1 m       67.3%     2.7 h      53.2 m 
INFO  18:20:58,582 ProgressMeter -     11:51583087        6421575.0   110.2 m           17.2 m       67.3%     2.7 h      53.5 m 
INFO  18:21:28,582 ProgressMeter -     11:51583280        6421575.0   110.7 m           17.2 m       67.3%     2.7 h      53.8 m 
INFO  18:21:58,583 ProgressMeter -     11:51584155        6421575.0   111.2 m           17.3 m       67.3%     2.8 h      54.0 m 
INFO  18:22:28,585 ProgressMeter -     11:51590521        6421575.0   111.7 m           17.4 m       67.3%     2.8 h      54.2 m 
INFO  18:22:58,586 ProgressMeter -     11:51590700        6421575.0   112.2 m           17.5 m       67.3%     2.8 h      54.5 m 
INFO  18:23:28,587 ProgressMeter -     11:51590700        6421575.0   112.7 m           17.6 m       67.3%     2.8 h      54.7 m 
INFO  18:23:58,588 ProgressMeter -     11:51590700        6421575.0   113.2 m           17.6 m       67.3%     2.8 h      54.9 m 
INFO  18:24:28,589 ProgressMeter -     11:51591191        6421575.0   113.7 m           17.7 m       67.3%     2.8 h      55.2 m 
INFO  18:24:58,590 ProgressMeter -     11:51591191        6421575.0   114.2 m           17.8 m       67.3%     2.8 h      55.4 m 
INFO  18:25:28,591 ProgressMeter -     11:51591191        6421575.0   114.7 m           17.9 m       67.3%     2.8 h      55.7 m 
INFO  18:25:58,592 ProgressMeter -     11:51591191        6421575.0   115.2 m           17.9 m       67.3%     2.9 h      55.9 m 
INFO  18:26:28,593 ProgressMeter -     11:51591445        6421575.0   115.7 m           18.0 m       67.3%     2.9 h      56.2 m 
INFO  18:26:58,594 ProgressMeter -     11:51591728        6421575.0   116.2 m           18.1 m       67.3%     2.9 h      56.4 m 
INFO  18:27:28,595 ProgressMeter -     11:54714976        6421575.0   116.7 m           18.2 m       71.0%     2.7 h      47.8 m 
INFO  18:27:58,596 ProgressMeter -     11:54956115        6421575.0   117.2 m           18.3 m       71.2%     2.7 h      47.3 m 
INFO  18:28:38,597 ProgressMeter -     11:55120932        6421575.0   117.9 m           18.4 m       71.4%     2.8 h      47.2 m 
INFO  18:29:18,598 ProgressMeter -     11:55298457        6421575.0   118.6 m           18.5 m       71.6%     2.8 h      47.0 m 
INFO  18:29:48,599 ProgressMeter -     11:55502640        6421575.0   119.1 m           18.5 m       71.9%     2.8 h      46.6 m 
INFO  18:30:28,600 ProgressMeter -     11:55669955        6421575.0   119.7 m           18.6 m       72.1%     2.8 h      46.4 m 
INFO  18:30:58,601 ProgressMeter -     11:55765521        6421575.0     2.0 h           18.7 m       72.2%     2.8 h      46.4 m 
INFO  18:31:28,602 ProgressMeter -     11:55865839        6421575.0     2.0 h           18.8 m       72.3%     2.8 h      46.3 m 
INFO  18:31:58,603 ProgressMeter -     11:56075916        6421575.0     2.0 h           18.9 m       72.5%     2.8 h      45.9 m 
INFO  18:32:38,604 ProgressMeter -     11:56380466        6421575.0     2.0 h           19.0 m       72.9%     2.8 h      45.3 m 
INFO  18:33:08,610 ProgressMeter -     11:56475565        6421575.0     2.0 h           19.1 m       73.0%     2.8 h      45.3 m 
INFO  18:33:38,614 ProgressMeter -     11:56811539        6421575.0     2.0 h           19.1 m       73.4%     2.8 h      44.6 m 
INFO  18:34:08,615 ProgressMeter -     11:57196559        6421575.0     2.1 h           19.2 m       73.8%     2.8 h      43.7 m 
INFO  18:34:38,616 ProgressMeter -     11:57575456        6421575.0     2.1 h           19.3 m       74.3%     2.8 h      42.9 m 
INFO  18:35:08,617 ProgressMeter -     11:57705779        6421575.0     2.1 h           19.4 m       74.4%     2.8 h      42.7 m 
INFO  18:35:38,618 ProgressMeter -     11:57991831        6421575.0     2.1 h           19.4 m       74.8%     2.8 h      42.2 m 
INFO  18:36:08,619 ProgressMeter -     11:58334556        6421575.0     2.1 h           19.5 m       75.2%     2.8 h      41.5 m 
INFO  18:36:38,620 ProgressMeter -     11:58647007        6421575.0     2.1 h           19.6 m       75.5%     2.8 h      40.8 m 
INFO  18:37:08,621 ProgressMeter -     11:58963668        6421575.0     2.1 h           19.7 m       75.9%     2.8 h      40.2 m 
INFO  18:37:38,622 ProgressMeter -     11:59341004        6421575.0     2.1 h           19.8 m       76.3%     2.8 h      39.4 m 
INFO  18:38:18,623 ProgressMeter -     11:59924354        6421575.0     2.1 h           19.9 m       77.0%     2.8 h      38.1 m 
INFO  18:38:48,624 ProgressMeter -     11:60203110        6421575.0     2.1 h           19.9 m       77.3%     2.8 h      37.6 m 
INFO  18:39:18,625 ProgressMeter -     11:60565417        6421575.0     2.1 h           20.0 m       77.7%     2.8 h      36.8 m 
INFO  18:39:48,632 ProgressMeter -     11:60890147        6421575.0     2.2 h           20.1 m       78.1%     2.8 h      36.1 m 
INFO  18:40:18,633 ProgressMeter -     11:61294627        6421575.0     2.2 h           20.2 m       78.6%     2.7 h      35.3 m 
INFO  18:40:48,634 ProgressMeter -     11:61706075        6421575.0     2.2 h           20.3 m       79.1%     2.7 h      34.4 m 
INFO  18:41:18,635 ProgressMeter -     11:61984956        6421575.0     2.2 h           20.3 m       79.4%     2.7 h      33.9 m 
INFO  18:41:58,636 ProgressMeter -     11:62420215        6421575.0     2.2 h           20.4 m       79.9%     2.7 h      33.0 m 
INFO  18:42:38,637 ProgressMeter -     11:62887920        6421575.0     2.2 h           20.5 m       80.4%     2.7 h      32.1 m 
INFO  18:43:08,638 ProgressMeter -     11:63283471        6421575.0     2.2 h           20.6 m       80.9%     2.7 h      31.3 m 
INFO  18:43:38,639 ProgressMeter -     11:63705557        6421575.0     2.2 h           20.7 m       81.4%     2.7 h      30.4 m 
INFO  18:44:08,640 ProgressMeter -     11:64121189        6421575.0     2.2 h           20.8 m       81.9%     2.7 h      29.5 m 
INFO  18:44:38,641 ProgressMeter -     11:64498988        6421575.0     2.2 h           20.8 m       82.3%     2.7 h      28.8 m 
INFO  18:45:08,642 ProgressMeter -     11:64919555        6421575.0     2.2 h           20.9 m       82.8%     2.7 h      27.9 m 
INFO  18:45:38,643 ProgressMeter -     11:65342807        6421575.0     2.2 h           21.0 m       83.3%     2.7 h      27.1 m 
INFO  18:46:08,644 ProgressMeter -     11:65703496        6421575.0     2.3 h           21.1 m       83.7%     2.7 h      26.4 m 
INFO  18:46:38,645 ProgressMeter -     11:66055186        6421575.0     2.3 h           21.2 m       84.1%     2.7 h      25.7 m 
INFO  18:47:08,646 ProgressMeter -     11:66427704        6421575.0     2.3 h           21.2 m       84.5%     2.7 h      24.9 m 
INFO  18:47:38,647 ProgressMeter -     11:66892546        6421575.0     2.3 h           21.3 m       85.1%     2.7 h      24.0 m 
INFO  18:48:08,648 ProgressMeter -     11:67336561        6421575.0     2.3 h           21.4 m       85.6%     2.7 h      23.1 m 
INFO  18:48:38,649 ProgressMeter -     11:67540426        6421575.0     2.3 h           21.5 m       85.8%     2.7 h      22.8 m 
INFO  18:49:08,651 ProgressMeter -     11:67672843        6421575.0     2.3 h           21.6 m       86.0%     2.7 h      22.5 m 
INFO  18:49:38,652 ProgressMeter -     11:68039602        6421575.0     2.3 h           21.6 m       86.4%     2.7 h      21.8 m 
INFO  18:50:08,657 ProgressMeter -     11:68474237        6421575.0     2.3 h           21.7 m       86.9%     2.7 h      21.0 m 
INFO  18:50:38,658 ProgressMeter -     11:68832812        6421575.0     2.3 h           21.8 m       87.3%     2.7 h      20.3 m 
INFO  18:51:08,659 ProgressMeter -     11:69254386        6421575.0     2.3 h           21.9 m       87.8%     2.7 h      19.5 m 
INFO  18:51:38,660 ProgressMeter -     11:69617149        6421575.0     2.3 h           21.9 m       88.2%     2.7 h      18.8 m 
INFO  18:52:08,661 ProgressMeter -     11:69960086        6421575.0     2.4 h           22.0 m       88.6%     2.7 h      18.1 m 
INFO  18:52:38,662 ProgressMeter -     11:70404488        6421575.0     2.4 h           22.1 m       89.2%     2.7 h      17.2 m 
INFO  18:53:08,663 ProgressMeter -     11:70753768        6421575.0     2.4 h           22.2 m       89.6%     2.6 h      16.6 m 
INFO  18:53:38,664 ProgressMeter -     11:71145933        6421575.0     2.4 h           22.3 m       90.0%     2.6 h      15.8 m 
INFO  18:54:08,665 ProgressMeter -     11:71390454        6421575.0     2.4 h           22.3 m       90.3%     2.6 h      15.4 m 
INFO  18:54:38,666 ProgressMeter -     11:71612184        6421575.0     2.4 h           22.4 m       90.6%     2.6 h      15.0 m 
INFO  18:55:08,667 ProgressMeter -     11:71892852        6421575.0     2.4 h           22.5 m       90.9%     2.6 h      14.5 m 
INFO  18:55:38,668 ProgressMeter -     11:72335236        6421575.0     2.4 h           22.6 m       91.4%     2.6 h      13.6 m 
INFO  18:56:08,669 ProgressMeter -     11:72754789        6421575.0     2.4 h           22.6 m       91.9%     2.6 h      12.8 m 
INFO  18:56:38,670 ProgressMeter -     11:73176362        6421575.0     2.4 h           22.7 m       92.4%     2.6 h      12.0 m 
INFO  18:57:08,671 ProgressMeter -     11:73509501        6421575.0     2.4 h           22.8 m       92.8%     2.6 h      11.4 m 
INFO  18:57:38,672 ProgressMeter -     11:73877817        6421575.0     2.4 h           22.9 m       93.2%     2.6 h      10.7 m 
INFO  18:58:08,673 ProgressMeter -     11:74226653        6421575.0     2.5 h           23.0 m       93.6%     2.6 h      10.1 m 
INFO  18:58:38,674 ProgressMeter -     11:74571079        6421575.0     2.5 h           23.0 m       94.0%     2.6 h       9.4 m 
INFO  18:59:08,675 ProgressMeter -     11:75005503        6421575.0     2.5 h           23.1 m       94.5%     2.6 h       8.6 m 
INFO  18:59:38,676 ProgressMeter -     11:75404030        6421575.0     2.5 h           23.2 m       95.0%     2.6 h       7.9 m 
INFO  19:00:08,677 ProgressMeter -     11:75840630        6421575.0     2.5 h           23.3 m       95.5%     2.6 h       7.1 m 
INFO  19:00:38,678 ProgressMeter -     11:76209397        6421575.0     2.5 h           23.3 m       95.9%     2.6 h       6.4 m 
INFO  19:01:08,679 ProgressMeter -     11:76560447        6421575.0     2.5 h           23.4 m       96.3%     2.6 h       5.8 m 
INFO  19:01:38,680 ProgressMeter -     11:76893154        6421575.0     2.5 h           23.5 m       96.7%     2.6 h       5.2 m 
INFO  19:02:08,681 ProgressMeter -     11:77282082        6421575.0     2.5 h           23.6 m       97.1%     2.6 h       4.5 m 
INFO  19:02:38,682 ProgressMeter -     11:77672451        6421575.0     2.5 h           23.7 m       97.6%     2.6 h       3.7 m 
INFO  19:03:08,683 ProgressMeter -     11:78114374        6421575.0     2.5 h           23.7 m       98.1%     2.6 h       2.9 m 
INFO  19:03:38,684 ProgressMeter -     11:78563849        6421575.0     2.5 h           23.8 m       98.6%     2.6 h       2.1 m 
INFO  19:04:08,685 ProgressMeter -     11:78955607        6421575.0     2.6 h           23.9 m       99.1%     2.6 h      85.0 s 
INFO  19:04:38,686 ProgressMeter -     11:79351556        6421575.0     2.6 h           24.0 m       99.5%     2.6 h      42.0 s 
INFO  19:05:06,674 VectorLoglessPairHMM - Time spent in setup for JNI call : 3.209563579 
INFO  19:05:06,675 PairHMM - Total compute time in PairHMM computeLikelihoods() : 1487.5624687200002 
INFO  19:05:06,676 HaplotypeCaller - Ran local assembly on 440943 active regions 
INFO  19:05:06,684 ProgressMeter -            done      8.6166015E7     2.6 h          107.0 s      100.0%     2.6 h       0.0 s 
INFO  19:05:06,685 ProgressMeter - Total runtime 9261.36 secs, 154.36 min, 2.57 hours 
INFO  19:05:06,686 MicroScheduler - 4398738 reads were filtered out during the traversal out of approximately 23727011 total reads (18.54%) 
INFO  19:05:06,687 MicroScheduler -   -> 0 reads (0.00% of total) failing BadCigarFilter 
INFO  19:05:06,688 MicroScheduler -   -> 2764566 reads (11.65% of total) failing DuplicateReadFilter 
INFO  19:05:06,689 MicroScheduler -   -> 0 reads (0.00% of total) failing FailsVendorQualityCheckFilter 
INFO  19:05:06,690 MicroScheduler -   -> 1605535 reads (6.77% of total) failing HCMappingQualityFilter 
INFO  19:05:06,691 MicroScheduler -   -> 0 reads (0.00% of total) failing MalformedReadFilter 
INFO  19:05:06,691 MicroScheduler -   -> 0 reads (0.00% of total) failing MappingQualityUnavailableFilter 
INFO  19:05:06,692 MicroScheduler -   -> 28637 reads (0.12% of total) failing NotPrimaryAlignmentFilter 
INFO  19:05:06,693 MicroScheduler -   -> 0 reads (0.00% of total) failing UnmappedReadFilter 
