INFO  20:07:46,543 HelpFormatter - --------------------------------------------------------------------------------- 
INFO  20:07:46,545 HelpFormatter - The Genome Analysis Toolkit (GATK) v3.4-46-g8ea4dca, Compiled 2015/08/13 20:41:56 
INFO  20:07:46,545 HelpFormatter - Copyright (c) 2010 The Broad Institute 
INFO  20:07:46,545 HelpFormatter - For support and documentation go to http://www.broadinstitute.org/gatk 
INFO  20:07:46,549 HelpFormatter - Program Args: -T IndelRealigner -I /home/opt/data/broadout/FC1-NA12878-01_S1_L001_R1_001_gatk_best_practices_36t_30s_2015-11-05_19-14-59/FC1-NA12878-01_S1_L001_R1_001_dupRem.bam -L /home/beris/Broad_Ref_Pipeline_approved_package/workflow_profiler/.queue/scatterGather/ExampleIndelRealigner-1-sg/temp_23_of_36/scatter.intervals -R /home/beris/Broad_Ref_Pipeline_approved_package/homosapiensrefgenome/Homo_sapiens_assembly19.fasta -known /home/beris/Broad_Ref_Pipeline_approved_package/homosapiensrefgenome/Homo_sapiens_assembly19.known_indels.vcf -targetIntervals /home/opt/data/broadout/FC1-NA12878-01_S1_L001_R1_001_gatk_best_practices_36t_30s_2015-11-05_19-14-59/FC1-NA12878-01_S1_L001_R1_001_realn.intervals -o /home/beris/Broad_Ref_Pipeline_approved_package/workflow_profiler/.queue/scatterGather/ExampleIndelRealigner-1-sg/temp_23_of_36/FC1-NA12878-01_S1_L001_R1_001_realign.bam -filterNoBases 
INFO  20:07:46,556 HelpFormatter - Executing as beris@dna on Linux 2.6.32-573.el6.x86_64 amd64; OpenJDK 64-Bit Server VM 1.7.0_79-mockbuild_2015_07_24_09_26-b00. 
INFO  20:07:46,557 HelpFormatter - Date/Time: 2015/11/05 20:07:46 
INFO  20:07:46,557 HelpFormatter - --------------------------------------------------------------------------------- 
INFO  20:07:46,557 HelpFormatter - --------------------------------------------------------------------------------- 
INFO  20:07:46,693 GenomeAnalysisEngine - Strictness is SILENT 
INFO  20:07:46,786 GenomeAnalysisEngine - Downsampling Settings: No downsampling 
INFO  20:07:46,797 SAMDataSource$SAMReaders - Initializing SAMRecords in serial 
INFO  20:07:46,845 SAMDataSource$SAMReaders - Done initializing BAM readers: total time 0.05 
INFO  20:07:47,008 IntervalUtils - Processing 155270560 bp from intervals 
INFO  20:07:47,095 GenomeAnalysisEngine - Preparing for traversal over 1 BAM files 
INFO  20:07:47,698 GenomeAnalysisEngine - Done preparing for traversal 
INFO  20:07:47,698 ProgressMeter - [INITIALIZATION COMPLETE; STARTING PROCESSING] 
INFO  20:07:47,699 ProgressMeter -                 | processed |    time |    per 1M |           |   total | remaining 
INFO  20:07:47,699 ProgressMeter -        Location |     reads | elapsed |     reads | completed | runtime |   runtime 
INFO  20:07:48,139 ReadShardBalancer$1 - Loading BAM index data 
INFO  20:07:49,223 ReadShardBalancer$1 - Done loading BAM index data 
INFO  20:08:20,663 ProgressMeter -        Starting         0.0    32.0 s      54.5 w      100.0%    32.0 s       0.0 s 
INFO  20:08:52,925 ProgressMeter -      X:47044575    300003.0    65.0 s       3.6 m       30.3%     3.6 m       2.5 m 
INFO  20:09:24,480 ProgressMeter -     X:138873858   1200017.0    96.0 s      80.0 s       89.4%   107.0 s      11.0 s 
INFO  20:09:27,381 ProgressMeter -            done   1483221.0    99.0 s      67.0 s      100.0%    99.0 s       0.0 s 
INFO  20:09:27,382 ProgressMeter - Total runtime 99.68 secs, 1.66 min, 0.03 hours 
INFO  20:09:27,388 MicroScheduler - 3451915 reads were filtered out during the traversal out of approximately 4935136 total reads (69.95%) 
INFO  20:09:27,388 MicroScheduler -   -> 0 reads (0.00% of total) failing BadCigarFilter 
INFO  20:09:27,389 MicroScheduler -   -> 3451915 reads (69.95% of total) failing MalformedReadFilter 
