INFO  19:29:10,072 HelpFormatter - --------------------------------------------------------------------------------- 
INFO  19:29:10,084 HelpFormatter - The Genome Analysis Toolkit (GATK) v3.4-46-g8ea4dca, Compiled 2015/08/13 20:41:56 
INFO  19:29:10,092 HelpFormatter - Copyright (c) 2010 The Broad Institute 
INFO  19:29:10,092 HelpFormatter - For support and documentation go to http://www.broadinstitute.org/gatk 
INFO  19:29:10,096 HelpFormatter - Program Args: -T IndelRealigner -I /mnt/nvme0n1/data/broadout/HG02571_gatk_best_practices_8t_30s_2016-07-06_18-21-01/HG02571_dupRem.bam -L /mnt/nvme0n1/Broad_Ref_Pipeline_approved_package/workflow_profiler/.queue/scatterGather/ExampleIndelRealigner-1-sg/temp_23_of_36/scatter.intervals -R /mnt/nvme0n1/Broad_Ref_Pipeline_approved_package/b37bundle/human_g1k_v37.fasta -known /mnt/nvme0n1/Broad_Ref_Pipeline_approved_package/b37bundle/1000G_phase1.indels.b37.vcf -targetIntervals /mnt/nvme0n1/data/broadout/HG02571_gatk_best_practices_8t_30s_2016-07-06_18-21-01/HG02571_realn.intervals -o /mnt/nvme0n1/Broad_Ref_Pipeline_approved_package/workflow_profiler/.queue/scatterGather/ExampleIndelRealigner-1-sg/temp_23_of_36/HG02571_realign.bam -filterNoBases 
INFO  19:29:10,139 HelpFormatter - Executing as bshifaw@application-1-1.hudson.intel.com on Linux 3.10.0-327.el7.x86_64 amd64; OpenJDK 64-Bit Server VM 1.8.0_91-b14. 
INFO  19:29:10,144 HelpFormatter - Date/Time: 2016/07/06 19:29:10 
INFO  19:29:10,144 HelpFormatter - --------------------------------------------------------------------------------- 
INFO  19:29:10,145 HelpFormatter - --------------------------------------------------------------------------------- 
INFO  19:29:10,682 GenomeAnalysisEngine - Strictness is SILENT 
INFO  19:29:10,988 GenomeAnalysisEngine - Downsampling Settings: No downsampling 
INFO  19:29:11,019 SAMDataSource$SAMReaders - Initializing SAMRecords in serial 
INFO  19:29:11,233 SAMDataSource$SAMReaders - Done initializing BAM readers: total time 0.21 
INFO  19:29:11,507 IntervalUtils - Processing 155270560 bp from intervals 
INFO  19:29:11,743 GenomeAnalysisEngine - Preparing for traversal over 1 BAM files 
INFO  19:29:12,454 GenomeAnalysisEngine - Done preparing for traversal 
INFO  19:29:12,454 ProgressMeter - [INITIALIZATION COMPLETE; STARTING PROCESSING] 
INFO  19:29:12,454 ProgressMeter -                 | processed |    time |    per 1M |           |   total | remaining 
INFO  19:29:12,455 ProgressMeter -        Location |     reads | elapsed |     reads | completed | runtime |   runtime 
INFO  19:29:12,851 ReadShardBalancer$1 - Loading BAM index data 
INFO  19:29:14,858 ReadShardBalancer$1 - Done loading BAM index data 
INFO  19:29:43,192 ProgressMeter -       X:2942075         0.0    30.0 s      50.8 w        1.9%    26.4 m      25.9 m 
INFO  19:30:13,194 ProgressMeter -      X:15543490    300005.0    60.0 s       3.4 m       10.0%    10.0 m       9.0 m 
INFO  19:30:43,195 ProgressMeter -      X:23740049    700022.0    90.0 s       2.2 m       15.3%     9.8 m       8.3 m 
INFO  19:31:13,199 ProgressMeter -      X:48015300   1100030.0   120.0 s     109.0 s       30.9%     6.5 m       4.5 m 
INFO  19:31:43,200 ProgressMeter -      X:53607988   1800078.0     2.5 m      83.0 s       34.5%     7.2 m       4.7 m 
INFO  19:32:13,201 ProgressMeter -     X:100364522   2600105.0     3.0 m      69.0 s       64.6%     4.6 m      98.0 s 
INFO  19:32:43,202 ProgressMeter -     X:129263638   3700155.0     3.5 m      56.0 s       83.3%     4.2 m      42.0 s 
INFO  19:33:06,518 ProgressMeter -            done   5010355.0     3.9 m      46.0 s      100.0%     3.9 m       0.0 s 
INFO  19:33:06,518 ProgressMeter - Total runtime 234.06 secs, 3.90 min, 0.07 hours 
INFO  19:33:06,521 MicroScheduler - 186005 reads were filtered out during the traversal out of approximately 5196360 total reads (3.58%) 
INFO  19:33:06,522 MicroScheduler -   -> 0 reads (0.00% of total) failing BadCigarFilter 
INFO  19:33:06,522 MicroScheduler -   -> 186005 reads (3.58% of total) failing MalformedReadFilter 
