INFO  20:06:28,602 HelpFormatter - --------------------------------------------------------------------------------- 
INFO  20:06:28,605 HelpFormatter - The Genome Analysis Toolkit (GATK) v3.4-46-g8ea4dca, Compiled 2015/08/13 20:41:56 
INFO  20:06:28,605 HelpFormatter - Copyright (c) 2010 The Broad Institute 
INFO  20:06:28,606 HelpFormatter - For support and documentation go to http://www.broadinstitute.org/gatk 
INFO  20:06:28,609 HelpFormatter - Program Args: -T PrintReads -I /mnt/nvme0n1/data/broadout/HG02561_gatk_best_practices_8t_30s_2016-07-06_18-21-00/HG02561_realign.bam -L /mnt/nvme0n1/Broad_Ref_Pipeline_approved_package/workflow_profiler/.queue/scatterGather/ExamplePrintReads-1-sg/temp_35_of_36/scatter.intervals -R /mnt/nvme0n1/Broad_Ref_Pipeline_approved_package/b37bundle/human_g1k_v37.fasta -BQSR /mnt/nvme0n1/data/broadout/HG02561_gatk_best_practices_8t_30s_2016-07-06_18-21-00/HG02561_recal.grp -o /mnt/nvme0n1/Broad_Ref_Pipeline_approved_package/workflow_profiler/.queue/scatterGather/ExamplePrintReads-1-sg/temp_35_of_36/HG02561_final.bam 
INFO  20:06:28,639 HelpFormatter - Executing as bshifaw@application-1-1.hudson.intel.com on Linux 3.10.0-327.el7.x86_64 amd64; OpenJDK 64-Bit Server VM 1.8.0_91-b14. 
INFO  20:06:28,640 HelpFormatter - Date/Time: 2016/07/06 20:06:28 
INFO  20:06:28,640 HelpFormatter - --------------------------------------------------------------------------------- 
INFO  20:06:28,641 HelpFormatter - --------------------------------------------------------------------------------- 
INFO  20:06:29,000 GenomeAnalysisEngine - Strictness is SILENT 
INFO  20:06:31,352 ContextCovariate - 		Context sizes: base substitution model 2, indel substitution model 3 
INFO  20:06:31,669 GenomeAnalysisEngine - Downsampling Settings: No downsampling 
INFO  20:06:31,710 SAMDataSource$SAMReaders - Initializing SAMRecords in serial 
INFO  20:06:31,890 SAMDataSource$SAMReaders - Done initializing BAM readers: total time 0.18 
INFO  20:06:31,972 IntervalUtils - Processing 36651 bp from intervals 
INFO  20:06:32,523 GenomeAnalysisEngine - Preparing for traversal over 1 BAM files 
INFO  20:06:33,022 GenomeAnalysisEngine - Done preparing for traversal 
INFO  20:06:33,022 ProgressMeter - [INITIALIZATION COMPLETE; STARTING PROCESSING] 
INFO  20:06:33,025 ProgressMeter -                 | processed |    time |    per 1M |           |   total | remaining 
INFO  20:06:33,025 ProgressMeter -        Location |     reads | elapsed |     reads | completed | runtime |   runtime 
INFO  20:06:33,262 ReadShardBalancer$1 - Loading BAM index data 
INFO  20:06:33,264 ReadShardBalancer$1 - Done loading BAM index data 
INFO  20:06:34,262 Walker - [REDUCE RESULT] Traversal result is: org.broadinstitute.gatk.engine.io.stubs.SAMFileWriterStub@5b58129f 
INFO  20:06:34,399 ProgressMeter -            done        10.0     1.0 s      38.0 h        7.3%    13.0 s      12.0 s 
INFO  20:06:34,399 ProgressMeter - Total runtime 1.38 secs, 0.02 min, 0.00 hours 
INFO  20:06:34,400 MicroScheduler - 0 reads were filtered out during the traversal out of approximately 10 total reads (0.00%) 
INFO  20:06:34,400 MicroScheduler -   -> 0 reads (0.00% of total) failing BadCigarFilter 
INFO  20:06:34,400 MicroScheduler -   -> 0 reads (0.00% of total) failing MalformedReadFilter 
