INFO  17:06:50,140 HelpFormatter - --------------------------------------------------------------------------------- 
INFO  17:06:50,142 HelpFormatter - The Genome Analysis Toolkit (GATK) v3.4-46-g8ea4dca, Compiled 2015/08/13 20:41:56 
INFO  17:06:50,142 HelpFormatter - Copyright (c) 2010 The Broad Institute 
INFO  17:06:50,142 HelpFormatter - For support and documentation go to http://www.broadinstitute.org/gatk 
INFO  17:06:50,145 HelpFormatter - Program Args: -T PrintReads -I /cluster_share/data/out/HG02769_gatk_best_practices_36t_30s_2016-11-28_15-18-37/HG02769_realign.bam -L /cluster_share/data/Broad_Ref_Pipeline_approved_package/workflow_profiler/.queue/scatterGather/ExamplePrintReads-1-sg/temp_35_of_36/scatter.intervals -R /cluster_share/data/reference/b37bundle/human_g1k_v37.fasta -BQSR /cluster_share/data/out/HG02769_gatk_best_practices_36t_30s_2016-11-28_15-18-37/HG02769_recal.grp -o /cluster_share/data/Broad_Ref_Pipeline_approved_package/workflow_profiler/.queue/scatterGather/ExamplePrintReads-1-sg/temp_35_of_36/HG02769_final.bam 
INFO  17:06:50,149 HelpFormatter - Executing as bshifaw@compute-1-1.hudson.intel.com on Linux 3.10.0-327.13.1.el7.x86_64 amd64; OpenJDK 64-Bit Server VM 1.8.0_111-b15. 
INFO  17:06:50,150 HelpFormatter - Date/Time: 2016/11/28 17:06:50 
INFO  17:06:50,150 HelpFormatter - --------------------------------------------------------------------------------- 
INFO  17:06:50,150 HelpFormatter - --------------------------------------------------------------------------------- 
INFO  17:06:50,582 GenomeAnalysisEngine - Strictness is SILENT 
INFO  17:06:52,578 ContextCovariate - 		Context sizes: base substitution model 2, indel substitution model 3 
INFO  17:06:52,776 GenomeAnalysisEngine - Downsampling Settings: No downsampling 
INFO  17:06:52,805 SAMDataSource$SAMReaders - Initializing SAMRecords in serial 
INFO  17:06:53,066 SAMDataSource$SAMReaders - Done initializing BAM readers: total time 0.26 
INFO  17:06:53,121 IntervalUtils - Processing 36651 bp from intervals 
INFO  17:06:53,466 GenomeAnalysisEngine - Preparing for traversal over 1 BAM files 
INFO  17:06:53,688 GenomeAnalysisEngine - Done preparing for traversal 
INFO  17:06:53,691 ProgressMeter - [INITIALIZATION COMPLETE; STARTING PROCESSING] 
INFO  17:06:53,693 ProgressMeter -                 | processed |    time |    per 1M |           |   total | remaining 
INFO  17:06:53,702 ProgressMeter -        Location |     reads | elapsed |     reads | completed | runtime |   runtime 
INFO  17:06:53,741 ReadShardBalancer$1 - Loading BAM index data 
INFO  17:06:53,743 ReadShardBalancer$1 - Done loading BAM index data 
INFO  17:06:54,391 Walker - [REDUCE RESULT] Traversal result is: org.broadinstitute.gatk.engine.io.stubs.SAMFileWriterStub@2a6e54c2 
INFO  17:06:54,584 ProgressMeter -            done        10.0     0.0 s      24.9 h       29.4%     0.0 s       0.0 s 
INFO  17:06:54,584 ProgressMeter - Total runtime 0.90 secs, 0.01 min, 0.00 hours 
INFO  17:06:54,585 MicroScheduler - 0 reads were filtered out during the traversal out of approximately 10 total reads (0.00%) 
INFO  17:06:54,585 MicroScheduler -   -> 0 reads (0.00% of total) failing BadCigarFilter 
INFO  17:06:54,585 MicroScheduler -   -> 0 reads (0.00% of total) failing MalformedReadFilter 
