INFO  19:29:15,833 HelpFormatter - --------------------------------------------------------------------------------- 
INFO  19:29:15,835 HelpFormatter - The Genome Analysis Toolkit (GATK) v3.4-46-g8ea4dca, Compiled 2015/08/13 20:41:56 
INFO  19:29:15,856 HelpFormatter - Copyright (c) 2010 The Broad Institute 
INFO  19:29:15,857 HelpFormatter - For support and documentation go to http://www.broadinstitute.org/gatk 
INFO  19:29:15,891 HelpFormatter - Program Args: -T IndelRealigner -I /mnt/nvme0n1/data/broadout/HG02571_gatk_best_practices_8t_30s_2016-07-06_18-21-01/HG02571_dupRem.bam -L /mnt/nvme0n1/Broad_Ref_Pipeline_approved_package/workflow_profiler/.queue/scatterGather/ExampleIndelRealigner-1-sg/temp_21_of_36/scatter.intervals -R /mnt/nvme0n1/Broad_Ref_Pipeline_approved_package/b37bundle/human_g1k_v37.fasta -known /mnt/nvme0n1/Broad_Ref_Pipeline_approved_package/b37bundle/1000G_phase1.indels.b37.vcf -targetIntervals /mnt/nvme0n1/data/broadout/HG02571_gatk_best_practices_8t_30s_2016-07-06_18-21-01/HG02571_realn.intervals -o /mnt/nvme0n1/Broad_Ref_Pipeline_approved_package/workflow_profiler/.queue/scatterGather/ExampleIndelRealigner-1-sg/temp_21_of_36/HG02571_realign.bam -filterNoBases 
INFO  19:29:15,938 HelpFormatter - Executing as bshifaw@application-1-1.hudson.intel.com on Linux 3.10.0-327.el7.x86_64 amd64; OpenJDK 64-Bit Server VM 1.8.0_91-b14. 
INFO  19:29:15,939 HelpFormatter - Date/Time: 2016/07/06 19:29:15 
INFO  19:29:15,940 HelpFormatter - --------------------------------------------------------------------------------- 
INFO  19:29:15,940 HelpFormatter - --------------------------------------------------------------------------------- 
INFO  19:29:16,211 GenomeAnalysisEngine - Strictness is SILENT 
INFO  19:29:16,355 GenomeAnalysisEngine - Downsampling Settings: No downsampling 
INFO  19:29:16,371 SAMDataSource$SAMReaders - Initializing SAMRecords in serial 
INFO  19:29:16,534 SAMDataSource$SAMReaders - Done initializing BAM readers: total time 0.16 
INFO  19:29:16,819 IntervalUtils - Processing 48129895 bp from intervals 
INFO  19:29:16,999 GenomeAnalysisEngine - Preparing for traversal over 1 BAM files 
INFO  19:29:17,664 GenomeAnalysisEngine - Done preparing for traversal 
INFO  19:29:17,665 ProgressMeter - [INITIALIZATION COMPLETE; STARTING PROCESSING] 
INFO  19:29:17,665 ProgressMeter -                 | processed |    time |    per 1M |           |   total | remaining 
INFO  19:29:17,665 ProgressMeter -        Location |     reads | elapsed |     reads | completed | runtime |   runtime 
INFO  19:29:18,181 ReadShardBalancer$1 - Loading BAM index data 
INFO  19:29:18,288 ReadShardBalancer$1 - Done loading BAM index data 
INFO  19:29:50,972 ProgressMeter -     21:16338848         0.0    33.0 s      55.1 w       33.9%    97.0 s      64.0 s 
INFO  19:30:20,981 ProgressMeter -     21:35190739    400012.0    63.0 s       2.6 m       73.1%    86.0 s      23.0 s 
INFO  19:30:51,022 ProgressMeter -     21:45546011    800027.0    93.0 s     116.0 s       94.6%    98.0 s       5.0 s 
INFO  19:31:04,116 ProgressMeter -            done   1044079.0   106.0 s     101.0 s      100.0%   106.0 s       0.0 s 
INFO  19:31:04,116 ProgressMeter - Total runtime 106.45 secs, 1.77 min, 0.03 hours 
INFO  19:31:04,119 MicroScheduler - 26015 reads were filtered out during the traversal out of approximately 1070094 total reads (2.43%) 
INFO  19:31:04,120 MicroScheduler -   -> 0 reads (0.00% of total) failing BadCigarFilter 
INFO  19:31:04,120 MicroScheduler -   -> 26015 reads (2.43% of total) failing MalformedReadFilter 
