INFO  07:30:26,751 HelpFormatter - --------------------------------------------------------------------------------- 
INFO  07:30:26,753 HelpFormatter - The Genome Analysis Toolkit (GATK) v3.4-46-g8ea4dca, Compiled 2015/08/13 20:41:56 
INFO  07:30:26,754 HelpFormatter - Copyright (c) 2010 The Broad Institute 
INFO  07:30:26,754 HelpFormatter - For support and documentation go to http://www.broadinstitute.org/gatk 
INFO  07:30:26,757 HelpFormatter - Program Args: -T BaseRecalibrator -I /mnt/ssdbroad/output/Solexa-272221_gatk_best_practices_36t_30s_2016-02-11_11-59-19/Solexa-272221_realign.bam -L /mnt/ssdbroad/Broad_Ref_Pipeline_approved_package/workflow_profiler/.queue/scatterGather/ExampleBaseRecalibrator-1-sg/temp_26_of_36/scatter.intervals -R /mnt/ssdbroad/Broad_Ref_Pipeline_approved_package/homosapiensrefgenome/Homo_sapiens_assembly19.fasta -knownSites /mnt/ssdbroad/Broad_Ref_Pipeline_approved_package/homosapiensrefgenome/Homo_sapiens_assembly19.dbsnp.vcf -o /mnt/ssdbroad/Broad_Ref_Pipeline_approved_package/workflow_profiler/.queue/scatterGather/ExampleBaseRecalibrator-1-sg/temp_26_of_36/Solexa-272221_recal.grp 
INFO  07:30:26,767 HelpFormatter - Executing as beris@dna on Linux 2.6.32-573.el6.x86_64 amd64; OpenJDK 64-Bit Server VM 1.7.0_79-mockbuild_2015_07_24_09_26-b00. 
INFO  07:30:26,768 HelpFormatter - Date/Time: 2016/02/12 07:30:26 
INFO  07:30:26,768 HelpFormatter - --------------------------------------------------------------------------------- 
INFO  07:30:26,768 HelpFormatter - --------------------------------------------------------------------------------- 
INFO  07:30:26,867 GenomeAnalysisEngine - Strictness is SILENT 
INFO  07:30:27,023 GenomeAnalysisEngine - Downsampling Settings: No downsampling 
INFO  07:30:27,031 SAMDataSource$SAMReaders - Initializing SAMRecords in serial 
INFO  07:30:27,080 SAMDataSource$SAMReaders - Done initializing BAM readers: total time 0.05 
INFO  07:30:27,310 IntervalUtils - Processing 4262 bp from intervals 
INFO  07:30:27,429 GenomeAnalysisEngine - Preparing for traversal over 1 BAM files 
INFO  07:30:27,542 GenomeAnalysisEngine - Done preparing for traversal 
INFO  07:30:27,542 ProgressMeter - [INITIALIZATION COMPLETE; STARTING PROCESSING] 
INFO  07:30:27,542 ProgressMeter -                 | processed |    time |    per 1M |           |   total | remaining 
INFO  07:30:27,543 ProgressMeter -        Location |     reads | elapsed |     reads | completed | runtime |   runtime 
INFO  07:30:28,228 BaseRecalibrator - The covariates being used here:  
INFO  07:30:28,245 BaseRecalibrator - 	ReadGroupCovariate 
INFO  07:30:28,245 BaseRecalibrator - 	QualityScoreCovariate 
INFO  07:30:28,245 BaseRecalibrator - 	ContextCovariate 
INFO  07:30:28,246 ContextCovariate - 		Context sizes: base substitution model 2, indel substitution model 3 
INFO  07:30:28,246 BaseRecalibrator - 	CycleCovariate 
INFO  07:30:28,248 ReadShardBalancer$1 - Loading BAM index data 
INFO  07:30:28,249 ReadShardBalancer$1 - Done loading BAM index data 
INFO  07:30:30,209 BaseRecalibrator - Calculating quantized quality scores... 
INFO  07:30:30,283 BaseRecalibrator - Writing recalibration report... 
INFO  07:30:32,662 BaseRecalibrator - ...done! 
INFO  07:30:32,673 BaseRecalibrator - BaseRecalibrator was able to recalibrate 1844 reads 
INFO  07:30:32,675 ProgressMeter -            done      1844.0     5.0 s      46.4 m       99.8%     5.0 s       0.0 s 
INFO  07:30:32,676 ProgressMeter - Total runtime 5.13 secs, 0.09 min, 0.00 hours 
INFO  07:30:32,676 MicroScheduler - 429 reads were filtered out during the traversal out of approximately 2273 total reads (18.87%) 
INFO  07:30:32,683 MicroScheduler -   -> 0 reads (0.00% of total) failing BadCigarFilter 
INFO  07:30:32,683 MicroScheduler -   -> 287 reads (12.63% of total) failing DuplicateReadFilter 
INFO  07:30:32,691 MicroScheduler -   -> 0 reads (0.00% of total) failing FailsVendorQualityCheckFilter 
INFO  07:30:32,691 MicroScheduler -   -> 0 reads (0.00% of total) failing MalformedReadFilter 
INFO  07:30:32,691 MicroScheduler -   -> 0 reads (0.00% of total) failing MappingQualityUnavailableFilter 
INFO  07:30:32,692 MicroScheduler -   -> 79 reads (3.48% of total) failing MappingQualityZeroFilter 
INFO  07:30:32,692 MicroScheduler -   -> 63 reads (2.77% of total) failing NotPrimaryAlignmentFilter 
INFO  07:30:32,692 MicroScheduler -   -> 0 reads (0.00% of total) failing UnmappedReadFilter 
