INFO  11:29:12,434 HelpFormatter - --------------------------------------------------------------------------------- 
INFO  11:29:12,436 HelpFormatter - The Genome Analysis Toolkit (GATK) v3.4-46-g8ea4dca, Compiled 2015/08/13 20:41:56 
INFO  11:29:12,436 HelpFormatter - Copyright (c) 2010 The Broad Institute 
INFO  11:29:12,436 HelpFormatter - For support and documentation go to http://www.broadinstitute.org/gatk 
INFO  11:29:12,440 HelpFormatter - Program Args: -T BaseRecalibrator -I /mnt/ssdbroad/output/sim1M_pairs_gatk_best_practices_36t_30s_2016-02-11_11-03-56/sim1M_pairs_realign.bam -L /mnt/ssdbroad/Broad_Ref_Pipeline_approved_package/workflow_profiler/.queue/scatterGather/ExampleBaseRecalibrator-1-sg/temp_26_of_36/scatter.intervals -R /mnt/ssdbroad/Broad_Ref_Pipeline_approved_package/homosapiensrefgenome/Homo_sapiens_assembly19.fasta -knownSites /mnt/ssdbroad/Broad_Ref_Pipeline_approved_package/homosapiensrefgenome/Homo_sapiens_assembly19.dbsnp.vcf -o /mnt/ssdbroad/Broad_Ref_Pipeline_approved_package/workflow_profiler/.queue/scatterGather/ExampleBaseRecalibrator-1-sg/temp_26_of_36/sim1M_pairs_recal.grp 
INFO  11:29:12,452 HelpFormatter - Executing as beris@dna on Linux 2.6.32-573.el6.x86_64 amd64; OpenJDK 64-Bit Server VM 1.7.0_79-mockbuild_2015_07_24_09_26-b00. 
INFO  11:29:12,453 HelpFormatter - Date/Time: 2016/02/11 11:29:12 
INFO  11:29:12,453 HelpFormatter - --------------------------------------------------------------------------------- 
INFO  11:29:12,453 HelpFormatter - --------------------------------------------------------------------------------- 
INFO  11:29:12,587 GenomeAnalysisEngine - Strictness is SILENT 
INFO  11:29:12,729 GenomeAnalysisEngine - Downsampling Settings: No downsampling 
INFO  11:29:12,738 SAMDataSource$SAMReaders - Initializing SAMRecords in serial 
INFO  11:29:12,787 SAMDataSource$SAMReaders - Done initializing BAM readers: total time 0.05 
WARN  11:33:11,412 RMDTrackBuilder - Unable to write to /mnt/ssdbroad/Broad_Ref_Pipeline_approved_package/homosapiensrefgenome/Homo_sapiens_assembly19.dbsnp.vcf.idx for the index file, creating index in memory only 
INFO  11:33:11,441 IntervalUtils - Processing 4262 bp from intervals 
INFO  11:33:11,516 GenomeAnalysisEngine - Preparing for traversal over 1 BAM files 
INFO  11:33:11,618 GenomeAnalysisEngine - Done preparing for traversal 
INFO  11:33:11,619 ProgressMeter - [INITIALIZATION COMPLETE; STARTING PROCESSING] 
INFO  11:33:11,620 ProgressMeter -                 | processed |    time |    per 1M |           |   total | remaining 
INFO  11:33:11,620 ProgressMeter -        Location |     reads | elapsed |     reads | completed | runtime |   runtime 
INFO  11:33:11,659 BaseRecalibrator - The covariates being used here:  
INFO  11:33:11,660 BaseRecalibrator - 	ReadGroupCovariate 
INFO  11:33:11,660 BaseRecalibrator - 	QualityScoreCovariate 
INFO  11:33:11,660 BaseRecalibrator - 	ContextCovariate 
INFO  11:33:11,660 ContextCovariate - 		Context sizes: base substitution model 2, indel substitution model 3 
INFO  11:33:11,661 BaseRecalibrator - 	CycleCovariate 
INFO  11:33:11,663 ReadShardBalancer$1 - Loading BAM index data 
INFO  11:33:11,663 ReadShardBalancer$1 - Done loading BAM index data 
INFO  11:33:11,711 BaseRecalibrator - Calculating quantized quality scores... 
INFO  11:33:11,774 BaseRecalibrator - Writing recalibration report... 
INFO  11:33:12,469 BaseRecalibrator - ...done! 
INFO  11:33:12,469 BaseRecalibrator - BaseRecalibrator was able to recalibrate 2 reads 
INFO  11:33:12,471 ProgressMeter -            done         2.0     0.0 s       4.9 d       92.8%     0.0 s       0.0 s 
INFO  11:33:12,472 ProgressMeter - Total runtime 0.85 secs, 0.01 min, 0.00 hours 
INFO  11:33:12,472 MicroScheduler - 0 reads were filtered out during the traversal out of approximately 2 total reads (0.00%) 
INFO  11:33:12,472 MicroScheduler -   -> 0 reads (0.00% of total) failing BadCigarFilter 
INFO  11:33:12,473 MicroScheduler -   -> 0 reads (0.00% of total) failing DuplicateReadFilter 
INFO  11:33:12,473 MicroScheduler -   -> 0 reads (0.00% of total) failing FailsVendorQualityCheckFilter 
INFO  11:33:12,473 MicroScheduler -   -> 0 reads (0.00% of total) failing MalformedReadFilter 
INFO  11:33:12,473 MicroScheduler -   -> 0 reads (0.00% of total) failing MappingQualityUnavailableFilter 
INFO  11:33:12,474 MicroScheduler -   -> 0 reads (0.00% of total) failing MappingQualityZeroFilter 
INFO  11:33:12,474 MicroScheduler -   -> 0 reads (0.00% of total) failing NotPrimaryAlignmentFilter 
INFO  11:33:12,474 MicroScheduler -   -> 0 reads (0.00% of total) failing UnmappedReadFilter 
