INFO  17:23:14,842 HelpFormatter - --------------------------------------------------------------------------------- 
INFO  17:23:14,844 HelpFormatter - The Genome Analysis Toolkit (GATK) v3.4-46-g8ea4dca, Compiled 2015/08/13 20:41:56 
INFO  17:23:14,844 HelpFormatter - Copyright (c) 2010 The Broad Institute 
INFO  17:23:14,844 HelpFormatter - For support and documentation go to http://www.broadinstitute.org/gatk 
INFO  17:23:14,848 HelpFormatter - Program Args: -T IndelRealigner -I /home/opt/data/broadout/FC1-NA12878-01_S1_L001_gatk_best_practices_36t_30s_2015-11-10_16-39-49/FC1-NA12878-01_S1_L001_dupRem.bam -L /home/beris/Broad_Ref_Pipeline_approved_package/workflow_profiler/.queue/scatterGather/ExampleIndelRealigner-1-sg/temp_25_of_36/scatter.intervals -R /home/beris/Broad_Ref_Pipeline_approved_package/homosapiensrefgenome/Homo_sapiens_assembly19.fasta -known /home/beris/Broad_Ref_Pipeline_approved_package/homosapiensrefgenome/Homo_sapiens_assembly19.known_indels.vcf -targetIntervals /home/opt/data/broadout/FC1-NA12878-01_S1_L001_gatk_best_practices_36t_30s_2015-11-10_16-39-49/FC1-NA12878-01_S1_L001_realn.intervals -o /home/beris/Broad_Ref_Pipeline_approved_package/workflow_profiler/.queue/scatterGather/ExampleIndelRealigner-1-sg/temp_25_of_36/FC1-NA12878-01_S1_L001_realign.bam -filterNoBases 
INFO  17:23:14,865 HelpFormatter - Executing as beris@dna on Linux 2.6.32-573.el6.x86_64 amd64; OpenJDK 64-Bit Server VM 1.7.0_79-mockbuild_2015_07_24_09_26-b00. 
INFO  17:23:14,865 HelpFormatter - Date/Time: 2015/11/10 17:23:14 
INFO  17:23:14,866 HelpFormatter - --------------------------------------------------------------------------------- 
INFO  17:23:14,866 HelpFormatter - --------------------------------------------------------------------------------- 
INFO  17:23:14,997 GenomeAnalysisEngine - Strictness is SILENT 
INFO  17:23:15,134 GenomeAnalysisEngine - Downsampling Settings: No downsampling 
INFO  17:23:15,142 SAMDataSource$SAMReaders - Initializing SAMRecords in serial 
INFO  17:23:15,199 SAMDataSource$SAMReaders - Done initializing BAM readers: total time 0.06 
INFO  17:23:15,433 IntervalUtils - Processing 16569 bp from intervals 
INFO  17:23:15,768 GenomeAnalysisEngine - Preparing for traversal over 1 BAM files 
INFO  17:23:17,665 GenomeAnalysisEngine - Done preparing for traversal 
INFO  17:23:17,665 ProgressMeter - [INITIALIZATION COMPLETE; STARTING PROCESSING] 
INFO  17:23:17,671 ProgressMeter -                 | processed |    time |    per 1M |           |   total | remaining 
INFO  17:23:17,672 ProgressMeter -        Location |     reads | elapsed |     reads | completed | runtime |   runtime 
INFO  17:23:18,687 ReadShardBalancer$1 - Loading BAM index data 
INFO  17:23:18,696 ReadShardBalancer$1 - Done loading BAM index data 
INFO  17:23:23,237 ProgressMeter -            done     29114.0     5.0 s       3.2 m      100.0%     5.0 s       0.0 s 
INFO  17:23:23,237 ProgressMeter - Total runtime 5.57 secs, 0.09 min, 0.00 hours 
INFO  17:23:23,241 MicroScheduler - 31 reads were filtered out during the traversal out of approximately 29145 total reads (0.11%) 
INFO  17:23:23,245 MicroScheduler -   -> 0 reads (0.00% of total) failing BadCigarFilter 
INFO  17:23:23,246 MicroScheduler -   -> 31 reads (0.11% of total) failing MalformedReadFilter 
