INFO  17:23:17,672 HelpFormatter - --------------------------------------------------------------------------------- 
INFO  17:23:17,674 HelpFormatter - The Genome Analysis Toolkit (GATK) v3.4-46-g8ea4dca, Compiled 2015/08/13 20:41:56 
INFO  17:23:17,675 HelpFormatter - Copyright (c) 2010 The Broad Institute 
INFO  17:23:17,675 HelpFormatter - For support and documentation go to http://www.broadinstitute.org/gatk 
INFO  17:23:17,689 HelpFormatter - Program Args: -T IndelRealigner -I /home/opt/data/broadout/FC1-NA12878-01_S1_L001_gatk_best_practices_36t_30s_2015-11-10_16-39-49/FC1-NA12878-01_S1_L001_dupRem.bam -L /home/beris/Broad_Ref_Pipeline_approved_package/workflow_profiler/.queue/scatterGather/ExampleIndelRealigner-1-sg/temp_23_of_36/scatter.intervals -R /home/beris/Broad_Ref_Pipeline_approved_package/homosapiensrefgenome/Homo_sapiens_assembly19.fasta -known /home/beris/Broad_Ref_Pipeline_approved_package/homosapiensrefgenome/Homo_sapiens_assembly19.known_indels.vcf -targetIntervals /home/opt/data/broadout/FC1-NA12878-01_S1_L001_gatk_best_practices_36t_30s_2015-11-10_16-39-49/FC1-NA12878-01_S1_L001_realn.intervals -o /home/beris/Broad_Ref_Pipeline_approved_package/workflow_profiler/.queue/scatterGather/ExampleIndelRealigner-1-sg/temp_23_of_36/FC1-NA12878-01_S1_L001_realign.bam -filterNoBases 
INFO  17:23:17,716 HelpFormatter - Executing as beris@dna on Linux 2.6.32-573.el6.x86_64 amd64; OpenJDK 64-Bit Server VM 1.7.0_79-mockbuild_2015_07_24_09_26-b00. 
INFO  17:23:17,716 HelpFormatter - Date/Time: 2015/11/10 17:23:17 
INFO  17:23:17,717 HelpFormatter - --------------------------------------------------------------------------------- 
INFO  17:23:17,717 HelpFormatter - --------------------------------------------------------------------------------- 
INFO  17:23:17,944 GenomeAnalysisEngine - Strictness is SILENT 
INFO  17:23:18,255 GenomeAnalysisEngine - Downsampling Settings: No downsampling 
INFO  17:23:18,263 SAMDataSource$SAMReaders - Initializing SAMRecords in serial 
INFO  17:23:18,328 SAMDataSource$SAMReaders - Done initializing BAM readers: total time 0.06 
INFO  17:23:18,571 IntervalUtils - Processing 155270560 bp from intervals 
INFO  17:23:18,935 GenomeAnalysisEngine - Preparing for traversal over 1 BAM files 
INFO  17:23:19,774 GenomeAnalysisEngine - Done preparing for traversal 
INFO  17:23:19,774 ProgressMeter - [INITIALIZATION COMPLETE; STARTING PROCESSING] 
INFO  17:23:19,775 ProgressMeter -                 | processed |    time |    per 1M |           |   total | remaining 
INFO  17:23:19,775 ProgressMeter -        Location |     reads | elapsed |     reads | completed | runtime |   runtime 
INFO  17:23:24,609 ReadShardBalancer$1 - Loading BAM index data 
INFO  17:23:26,380 ReadShardBalancer$1 - Done loading BAM index data 
INFO  17:23:53,196 ProgressMeter -      X:13764549         0.0    33.0 s      55.3 w        8.9%     6.2 m       5.7 m 
INFO  17:24:23,690 ProgressMeter -     X:129271538   1200020.0    63.0 s      53.0 s       83.3%    75.0 s      12.0 s 
INFO  17:24:29,602 ProgressMeter -            done   1484235.0    69.0 s      47.0 s      100.0%    69.0 s       0.0 s 
INFO  17:24:29,603 ProgressMeter - Total runtime 69.83 secs, 1.16 min, 0.02 hours 
INFO  17:24:29,607 MicroScheduler - 142422 reads were filtered out during the traversal out of approximately 1626657 total reads (8.76%) 
INFO  17:24:29,608 MicroScheduler -   -> 0 reads (0.00% of total) failing BadCigarFilter 
INFO  17:24:29,608 MicroScheduler -   -> 142422 reads (8.76% of total) failing MalformedReadFilter 
