INFO  20:39:40,058 HelpFormatter - --------------------------------------------------------------------------------- 
INFO  20:39:40,061 HelpFormatter - The Genome Analysis Toolkit (GATK) v3.4-46-g8ea4dca, Compiled 2015/08/13 20:41:56 
INFO  20:39:40,062 HelpFormatter - Copyright (c) 2010 The Broad Institute 
INFO  20:39:40,062 HelpFormatter - For support and documentation go to http://www.broadinstitute.org/gatk 
INFO  20:39:40,066 HelpFormatter - Program Args: -T HaplotypeCaller -I /home/opt/data/broadout/FC1-NA12878-01_S1_L001_R1_001_gatk_best_practices_36t_30s_2015-11-05_19-14-59/FC1-NA12878-01_S1_L001_R1_001_realign.bam -L /home/beris/Broad_Ref_Pipeline_approved_package/workflow_profiler/.queue/scatterGather/ExampleHaplotypeCaller-1-sg/temp_33_of_36/scatter.intervals -R /home/beris/Broad_Ref_Pipeline_approved_package/homosapiensrefgenome/Homo_sapiens_assembly19.fasta -variant_index_type LINEAR -variant_index_parameter 128000 -o /home/beris/Broad_Ref_Pipeline_approved_package/workflow_profiler/.queue/scatterGather/ExampleHaplotypeCaller-1-sg/temp_33_of_36/FC1-NA12878-01_S1_L001_R1_001_realign.bam_HaplotypeCaller.g.vcf -ERC GVCF 
INFO  20:39:40,074 HelpFormatter - Executing as beris@dna on Linux 2.6.32-573.el6.x86_64 amd64; OpenJDK 64-Bit Server VM 1.7.0_79-mockbuild_2015_07_24_09_26-b00. 
INFO  20:39:40,074 HelpFormatter - Date/Time: 2015/11/05 20:39:40 
INFO  20:39:40,075 HelpFormatter - --------------------------------------------------------------------------------- 
INFO  20:39:40,075 HelpFormatter - --------------------------------------------------------------------------------- 
WARN  20:39:40,101 GATKVCFUtils - Naming your output file using the .g.vcf extension will automatically set the appropriate values  for --variant_index_type and --variant_index_parameter 
INFO  20:39:40,202 GenomeAnalysisEngine - Strictness is SILENT 
INFO  20:39:40,308 GenomeAnalysisEngine - Downsampling Settings: Method: BY_SAMPLE, Target Coverage: 500 
INFO  20:39:40,318 SAMDataSource$SAMReaders - Initializing SAMRecords in serial 
INFO  20:39:40,365 SAMDataSource$SAMReaders - Done initializing BAM readers: total time 0.05 
INFO  20:39:40,373 HCMappingQualityFilter - Filtering out reads with MAPQ < 20 
INFO  20:39:40,532 IntervalUtils - Processing 1017715 bp from intervals 
INFO  20:39:40,621 GenomeAnalysisEngine - Preparing for traversal over 1 BAM files 
INFO  20:39:40,846 GenomeAnalysisEngine - Done preparing for traversal 
INFO  20:39:40,846 ProgressMeter - [INITIALIZATION COMPLETE; STARTING PROCESSING] 
INFO  20:39:40,846 ProgressMeter -                 |      processed |    time |         per 1M |           |   total | remaining 
INFO  20:39:40,847 ProgressMeter -        Location | active regions | elapsed | active regions | completed | runtime |   runtime 
INFO  20:39:40,847 HaplotypeCaller - Standard Emitting and Calling confidence set to 0.0 for reference-model confidence output 
INFO  20:39:40,847 HaplotypeCaller - All sites annotated with PLs forced to true for reference-model confidence output 
INFO  20:39:40,973 HaplotypeCaller - Using global mismapping rate of 45 => -4.5 in log10 likelihood units 
Using AVX accelerated implementation of PairHMM
INFO  20:39:42,103 VectorLoglessPairHMM - libVectorLoglessPairHMM unpacked successfully from GATK jar file 
INFO  20:39:42,103 VectorLoglessPairHMM - Using vectorized implementation of PairHMM 
WARN  20:39:42,253 HaplotypeScore - Annotation will not be calculated, must be called from UnifiedGenotyper 
WARN  20:39:42,254 InbreedingCoeff - Annotation will not be calculated, must provide a valid PED file (-ped) from the command line. 
INFO  20:40:10,851 ProgressMeter -     19:48052451      9.5279337E7    30.0 s            0.0 s       20.1%     2.5 m     119.0 s 
INFO  20:40:40,856 ProgressMeter -     19:55708107     7.01278464E8    60.0 s            0.0 s       55.8%   107.0 s      47.0 s 
INFO  20:41:10,859 ProgressMeter -     20:25011589    1.188610935E9    90.0 s            0.0 s       91.7%    98.0 s       8.0 s 
INFO  20:41:20,144 VectorLoglessPairHMM - Time spent in setup for JNI call : 0.030985542 
INFO  20:41:20,144 PairHMM - Total compute time in PairHMM computeLikelihoods() : 4.506299241000001 
INFO  20:41:20,144 HaplotypeCaller - Ran local assembly on 10310 active regions 
INFO  20:41:20,151 ProgressMeter -            done    1.321860668E9    99.0 s            0.0 s      100.0%    99.0 s       0.0 s 
INFO  20:41:20,152 ProgressMeter - Total runtime 99.31 secs, 1.66 min, 0.03 hours 
INFO  20:41:20,152 MicroScheduler - 104515 reads were filtered out during the traversal out of approximately 395296 total reads (26.44%) 
INFO  20:41:20,153 MicroScheduler -   -> 0 reads (0.00% of total) failing BadCigarFilter 
INFO  20:41:20,153 MicroScheduler -   -> 82294 reads (20.82% of total) failing DuplicateReadFilter 
INFO  20:41:20,153 MicroScheduler -   -> 0 reads (0.00% of total) failing FailsVendorQualityCheckFilter 
INFO  20:41:20,153 MicroScheduler -   -> 22191 reads (5.61% of total) failing HCMappingQualityFilter 
INFO  20:41:20,154 MicroScheduler -   -> 0 reads (0.00% of total) failing MalformedReadFilter 
INFO  20:41:20,154 MicroScheduler -   -> 0 reads (0.00% of total) failing MappingQualityUnavailableFilter 
INFO  20:41:20,154 MicroScheduler -   -> 30 reads (0.01% of total) failing NotPrimaryAlignmentFilter 
INFO  20:41:20,154 MicroScheduler -   -> 0 reads (0.00% of total) failing UnmappedReadFilter 
