INFO  14:30:02,695 HelpFormatter - --------------------------------------------------------------------------------- 
INFO  14:30:02,697 HelpFormatter - The Genome Analysis Toolkit (GATK) v3.4-46-g8ea4dca, Compiled 2015/08/13 20:41:56 
INFO  14:30:02,705 HelpFormatter - Copyright (c) 2010 The Broad Institute 
INFO  14:30:02,705 HelpFormatter - For support and documentation go to http://www.broadinstitute.org/gatk 
INFO  14:30:02,709 HelpFormatter - Program Args: -T HaplotypeCaller -I /mnt/sdb/data/broadout/sim1M_pairs_gatk_best_practices_12t_30s_2016-07-25_14-09-52/sim1M_pairs_realign.bam -L /mnt/sdb/Broad_Ref_Pipeline_approved_package/workflow_profiler/.queue/scatterGather/ExampleHaplotypeCaller-1-sg/temp_33_of_36/scatter.intervals -R /mnt/sdb/Broad_Ref_Pipeline_approved_package/b37bundle/human_g1k_v37.fasta -variant_index_type LINEAR -variant_index_parameter 128000 -o /mnt/sdb/Broad_Ref_Pipeline_approved_package/workflow_profiler/.queue/scatterGather/ExampleHaplotypeCaller-1-sg/temp_33_of_36/sim1M_pairs_realign.bam_HaplotypeCaller.g.vcf -ERC GVCF 
INFO  14:30:02,719 HelpFormatter - Executing as bshifaw@application-0-1.hudson.intel.com on Linux 3.10.0-327.el7.x86_64 amd64; OpenJDK 64-Bit Server VM 1.8.0_101-b13. 
INFO  14:30:02,729 HelpFormatter - Date/Time: 2016/07/25 14:30:02 
INFO  14:30:02,729 HelpFormatter - --------------------------------------------------------------------------------- 
INFO  14:30:02,730 HelpFormatter - --------------------------------------------------------------------------------- 
WARN  14:30:02,744 GATKVCFUtils - Naming your output file using the .g.vcf extension will automatically set the appropriate values  for --variant_index_type and --variant_index_parameter 
INFO  14:30:02,865 GenomeAnalysisEngine - Strictness is SILENT 
INFO  14:30:03,054 GenomeAnalysisEngine - Downsampling Settings: Method: BY_SAMPLE, Target Coverage: 500 
INFO  14:30:03,107 SAMDataSource$SAMReaders - Initializing SAMRecords in serial 
INFO  14:30:03,188 SAMDataSource$SAMReaders - Done initializing BAM readers: total time 0.08 
INFO  14:30:03,225 HCMappingQualityFilter - Filtering out reads with MAPQ < 20 
INFO  14:30:03,323 IntervalUtils - Processing 1437965 bp from intervals 
INFO  14:30:03,449 GenomeAnalysisEngine - Preparing for traversal over 1 BAM files 
INFO  14:30:03,651 GenomeAnalysisEngine - Done preparing for traversal 
INFO  14:30:03,652 ProgressMeter - [INITIALIZATION COMPLETE; STARTING PROCESSING] 
INFO  14:30:03,652 ProgressMeter -                 |      processed |    time |         per 1M |           |   total | remaining 
INFO  14:30:03,653 ProgressMeter -        Location | active regions | elapsed | active regions | completed | runtime |   runtime 
INFO  14:30:03,654 HaplotypeCaller - Standard Emitting and Calling confidence set to 0.0 for reference-model confidence output 
INFO  14:30:03,654 HaplotypeCaller - All sites annotated with PLs forced to true for reference-model confidence output 
INFO  14:30:03,850 HaplotypeCaller - Using global mismapping rate of 45 => -4.5 in log10 likelihood units 
Using AVX accelerated implementation of PairHMM
INFO  14:30:18,960 VectorLoglessPairHMM - libVectorLoglessPairHMM unpacked successfully from GATK jar file 
INFO  14:30:18,961 VectorLoglessPairHMM - Using vectorized implementation of PairHMM 
WARN  14:30:19,250 HaplotypeScore - Annotation will not be calculated, must be called from UnifiedGenotyper 
WARN  14:30:19,260 InbreedingCoeff - Annotation will not be calculated, must provide a valid PED file (-ped) from the command line. 
INFO  14:30:33,679 ProgressMeter -      20:5086782     6.47835395E8    30.0 s            0.0 s       63.9%    46.0 s      16.0 s 
INFO  14:30:42,609 VectorLoglessPairHMM - Time spent in setup for JNI call : 2.21976E-4 
INFO  14:30:42,614 PairHMM - Total compute time in PairHMM computeLikelihoods() : 0.001851846 
INFO  14:30:42,614 HaplotypeCaller - Ran local assembly on 6749 active regions 
INFO  14:30:42,636 ProgressMeter -            done     1.39774752E9    38.0 s            0.0 s      100.0%    38.0 s       0.0 s 
INFO  14:30:42,636 ProgressMeter - Total runtime 38.98 secs, 0.65 min, 0.01 hours 
INFO  14:30:42,637 MicroScheduler - 16 reads were filtered out during the traversal out of approximately 1707 total reads (0.94%) 
INFO  14:30:42,637 MicroScheduler -   -> 0 reads (0.00% of total) failing BadCigarFilter 
INFO  14:30:42,637 MicroScheduler -   -> 0 reads (0.00% of total) failing DuplicateReadFilter 
INFO  14:30:42,637 MicroScheduler -   -> 0 reads (0.00% of total) failing FailsVendorQualityCheckFilter 
INFO  14:30:42,638 MicroScheduler -   -> 16 reads (0.94% of total) failing HCMappingQualityFilter 
INFO  14:30:42,638 MicroScheduler -   -> 0 reads (0.00% of total) failing MalformedReadFilter 
INFO  14:30:42,638 MicroScheduler -   -> 0 reads (0.00% of total) failing MappingQualityUnavailableFilter 
INFO  14:30:42,638 MicroScheduler -   -> 0 reads (0.00% of total) failing NotPrimaryAlignmentFilter 
INFO  14:30:42,638 MicroScheduler -   -> 0 reads (0.00% of total) failing UnmappedReadFilter 
