INFO  16:30:45,514 HelpFormatter - --------------------------------------------------------------------------------- 
INFO  16:30:45,516 HelpFormatter - The Genome Analysis Toolkit (GATK) v3.4-46-g8ea4dca, Compiled 2015/08/13 20:41:56 
INFO  16:30:45,517 HelpFormatter - Copyright (c) 2010 The Broad Institute 
INFO  16:30:45,517 HelpFormatter - For support and documentation go to http://www.broadinstitute.org/gatk 
INFO  16:30:45,520 HelpFormatter - Program Args: -T HaplotypeCaller -I /mnt/ssdbroad/output/Solexa-272221_gatk_best_practices_36t_30s_2016-02-11_11-59-19/Solexa-272221_final.bam -L /mnt/ssdbroad/Broad_Ref_Pipeline_approved_package/workflow_profiler/.queue/scatterGather/ExampleHaplotypeCaller-1-sg/temp_33_of_36/scatter.intervals -R /mnt/ssdbroad/Broad_Ref_Pipeline_approved_package/homosapiensrefgenome/Homo_sapiens_assembly19.fasta -variant_index_type LINEAR -variant_index_parameter 128000 -o /mnt/ssdbroad/Broad_Ref_Pipeline_approved_package/workflow_profiler/.queue/scatterGather/ExampleHaplotypeCaller-1-sg/temp_33_of_36/Solexa-272221_HaplotypeCaller.g.vcf -ERC GVCF 
INFO  16:30:45,526 HelpFormatter - Executing as beris@dna on Linux 2.6.32-573.el6.x86_64 amd64; OpenJDK 64-Bit Server VM 1.7.0_79-mockbuild_2015_07_24_09_26-b00. 
INFO  16:30:45,527 HelpFormatter - Date/Time: 2016/02/12 16:30:45 
INFO  16:30:45,527 HelpFormatter - --------------------------------------------------------------------------------- 
INFO  16:30:45,527 HelpFormatter - --------------------------------------------------------------------------------- 
WARN  16:30:45,553 GATKVCFUtils - Naming your output file using the .g.vcf extension will automatically set the appropriate values  for --variant_index_type and --variant_index_parameter 
INFO  16:30:45,667 GenomeAnalysisEngine - Strictness is SILENT 
INFO  16:30:45,791 GenomeAnalysisEngine - Downsampling Settings: Method: BY_SAMPLE, Target Coverage: 500 
INFO  16:30:45,799 SAMDataSource$SAMReaders - Initializing SAMRecords in serial 
INFO  16:30:45,843 SAMDataSource$SAMReaders - Done initializing BAM readers: total time 0.04 
INFO  16:30:45,850 HCMappingQualityFilter - Filtering out reads with MAPQ < 20 
INFO  16:30:45,861 IntervalUtils - Processing 86166015 bp from intervals 
INFO  16:30:46,010 GenomeAnalysisEngine - Preparing for traversal over 1 BAM files 
INFO  16:30:46,374 GenomeAnalysisEngine - Done preparing for traversal 
INFO  16:30:46,375 ProgressMeter - [INITIALIZATION COMPLETE; STARTING PROCESSING] 
INFO  16:30:46,375 ProgressMeter -                 |      processed |    time |         per 1M |           |   total | remaining 
INFO  16:30:46,376 ProgressMeter -        Location | active regions | elapsed | active regions | completed | runtime |   runtime 
INFO  16:30:46,376 HaplotypeCaller - Standard Emitting and Calling confidence set to 0.0 for reference-model confidence output 
INFO  16:30:46,376 HaplotypeCaller - All sites annotated with PLs forced to true for reference-model confidence output 
INFO  16:30:46,576 HaplotypeCaller - Using global mismapping rate of 45 => -4.5 in log10 likelihood units 
Using AVX accelerated implementation of PairHMM
INFO  16:30:50,158 VectorLoglessPairHMM - libVectorLoglessPairHMM unpacked successfully from GATK jar file 
INFO  16:30:50,158 VectorLoglessPairHMM - Using vectorized implementation of PairHMM 
WARN  16:30:50,538 HaplotypeScore - Annotation will not be calculated, must be called from UnifiedGenotyper 
WARN  16:30:50,553 InbreedingCoeff - Annotation will not be calculated, must provide a valid PED file (-ped) from the command line. 
INFO  16:31:16,394 ProgressMeter -     20:38805156              0.0    30.0 s           49.6 w        0.1%    10.9 h      10.9 h 
INFO  16:31:46,396 ProgressMeter -     20:39165859              0.0    60.0 s           99.2 w        0.5%     3.4 h       3.3 h 
INFO  16:32:26,397 ProgressMeter -     20:39682121              0.0   100.0 s          165.4 w        1.1%     2.5 h       2.5 h 
INFO  16:33:06,398 ProgressMeter -     20:40207542              0.0     2.3 m          231.5 w        1.7%     2.3 h       2.2 h 
INFO  16:33:46,399 ProgressMeter -     20:40709280              0.0     3.0 m          297.7 w        2.3%     2.2 h       2.1 h 
INFO  16:34:16,403 ProgressMeter -     20:41063782              0.0     3.5 m          347.3 w        2.7%     2.2 h       2.1 h 
INFO  16:34:46,404 ProgressMeter -     20:41352368              0.0     4.0 m          396.9 w        3.0%     2.2 h       2.1 h 
INFO  16:35:16,405 ProgressMeter -     20:41747707              0.0     4.5 m          446.5 w        3.5%     2.1 h       2.1 h 
INFO  16:35:56,406 ProgressMeter -     20:42221969              0.0     5.2 m          512.6 w        4.0%     2.1 h       2.0 h 
INFO  16:36:36,407 ProgressMeter -     20:42665510              0.0     5.8 m          578.8 w        4.6%     2.1 h       2.0 h 
INFO  16:37:06,407 ProgressMeter -     20:43000553              0.0     6.3 m          628.4 w        4.9%     2.1 h       2.0 h 
INFO  16:37:36,408 ProgressMeter -     20:43374222              0.0     6.8 m          678.0 w        5.4%     2.1 h       2.0 h 
INFO  16:38:06,409 ProgressMeter -     20:43735455              0.0     7.3 m          727.6 w        5.8%     2.1 h     119.1 m 
INFO  16:38:46,410 ProgressMeter -     20:44195201              0.0     8.0 m          793.7 w        6.3%     2.1 h     118.3 m 
INFO  16:39:16,410 ProgressMeter -     20:44444822              0.0     8.5 m          843.3 w        6.6%     2.1 h     119.9 m 
INFO  16:39:46,411 ProgressMeter -     20:44800580              0.0     9.0 m          892.9 w        7.0%     2.1 h     118.9 m 
INFO  16:40:16,412 ProgressMeter -     20:45177356              0.0     9.5 m          942.5 w        7.5%     2.1 h     117.6 m 
INFO  16:40:56,421 ProgressMeter -     20:45574113              0.0    10.2 m         1008.7 w        7.9%     2.1 h     118.0 m 
INFO  16:41:26,422 ProgressMeter -     20:45816851              0.0    10.7 m         1058.3 w        8.2%     2.2 h     119.2 m 
INFO  16:41:56,423 ProgressMeter -     20:46186976              0.0    11.2 m         1107.9 w        8.6%     2.2 h     118.0 m 
INFO  16:42:26,424 ProgressMeter -     20:46519643              0.0    11.7 m         1157.5 w        9.0%     2.2 h     117.5 m 
INFO  16:43:06,425 ProgressMeter -     20:46839078              0.0    12.3 m         1223.6 w        9.4%     2.2 h     118.9 m 
INFO  16:43:36,425 ProgressMeter -     20:47132121              0.0    12.8 m         1273.2 w        9.7%     2.2 h     118.9 m 
INFO  16:44:06,432 ProgressMeter -     20:47405551              0.0    13.3 m         1322.8 w       10.1%     2.2 h     119.2 m 
INFO  16:44:46,433 ProgressMeter -     20:47837489              0.0    14.0 m         1389.0 w       10.6%     2.2 h     118.6 m 
INFO  16:45:26,433 ProgressMeter -     20:48327246              0.0    14.7 m         1455.1 w       11.1%     2.2 h     117.1 m 
INFO  16:45:56,434 ProgressMeter -     20:48687721              0.0    15.2 m         1504.7 w       11.5%     2.2 h     116.2 m 
INFO  16:46:26,435 ProgressMeter -     20:49055634              0.0    15.7 m         1554.3 w       12.0%     2.2 h     115.2 m 
INFO  16:46:56,436 ProgressMeter -     20:49425821              0.0    16.2 m         1603.9 w       12.4%     2.2 h     114.2 m 
INFO  16:47:36,437 ProgressMeter -     20:49904144              0.0    16.8 m         1670.1 w       13.0%     2.2 h     113.1 m 
INFO  16:48:06,437 ProgressMeter -     20:50252023              0.0    17.3 m         1719.7 w       13.4%     2.2 h     112.4 m 
INFO  16:48:36,438 ProgressMeter -     20:50551019              0.0    17.8 m         1769.3 w       13.7%     2.2 h     112.3 m 
INFO  16:49:06,439 ProgressMeter -     20:50879981              0.0    18.3 m         1818.9 w       14.1%     2.2 h     111.8 m 
INFO  16:49:36,440 ProgressMeter -     20:51245949              0.0    18.8 m         1868.5 w       14.5%     2.2 h     110.9 m 
INFO  16:50:16,441 ProgressMeter -     20:51688861              0.0    19.5 m         1934.6 w       15.0%     2.2 h     110.3 m 
INFO  16:50:46,441 ProgressMeter -     20:52065739              0.0    20.0 m         1984.2 w       15.5%     2.2 h     109.3 m 
INFO  16:51:16,442 ProgressMeter -     20:52400543              0.0    20.5 m         2033.8 w       15.9%     2.2 h     108.8 m 
INFO  16:51:46,443 ProgressMeter -     20:52500441              0.0    21.0 m         2083.4 w       16.0%     2.2 h     110.5 m 
INFO  16:52:16,444 ProgressMeter -     20:52827841              0.0    21.5 m         2133.1 w       16.4%     2.2 h     110.0 m 
INFO  16:52:56,580 ProgressMeter -     20:52943433              0.0    22.2 m         2199.4 w       16.5%     2.2 h     112.3 m 
INFO  16:53:26,753 ProgressMeter -     20:53297854              0.0    22.7 m         2249.3 w       16.9%     2.2 h     111.5 m 
INFO  16:53:56,753 ProgressMeter -     20:53566016              0.0    23.2 m         2298.9 w       17.2%     2.2 h     111.5 m 
WARN  16:53:58,667 ExactAFCalculator - this tool is currently set to genotype at most 6 alternate alleles in a given context, but the context at 20:53586998 has 10 alternate alleles so only the top alleles will be used; see the --max_alternate_alleles argument 
INFO  16:54:26,754 ProgressMeter -     20:53813342              0.0    23.7 m         2348.5 w       17.5%     2.3 h     111.6 m 
INFO  16:55:06,759 ProgressMeter -     20:54182235              0.0    24.3 m         2414.7 w       17.9%     2.3 h     111.4 m 
INFO  16:55:36,759 ProgressMeter -     20:54453058              0.0    24.8 m         2464.3 w       18.2%     2.3 h     111.3 m 
INFO  16:56:06,760 ProgressMeter -     20:54781329              0.0    25.3 m         2513.9 w       18.6%     2.3 h     110.7 m 
INFO  16:56:36,761 ProgressMeter -     20:55090985              0.0    25.8 m         2563.5 w       19.0%     2.3 h     110.3 m 
INFO  16:57:06,765 ProgressMeter -     20:55385793              0.0    26.3 m         2613.1 w       19.3%     2.3 h     110.0 m 
INFO  16:57:36,766 ProgressMeter -     20:55621640              0.0    26.8 m         2662.7 w       19.6%     2.3 h     110.1 m 
INFO  16:58:06,767 ProgressMeter -     20:55928908              0.0    27.3 m         2712.3 w       19.9%     2.3 h     109.7 m 
INFO  16:58:36,768 ProgressMeter -     20:56207886              0.0    27.8 m         2761.9 w       20.3%     2.3 h     109.5 m 
INFO  16:59:16,769 ProgressMeter -     20:56664019              0.0    28.5 m         2828.0 w       20.8%     2.3 h     108.5 m 
INFO  16:59:56,770 ProgressMeter -     20:57090782              0.0    29.2 m         2894.2 w       21.3%     2.3 h     107.8 m 
INFO  17:00:26,770 ProgressMeter -     20:57424578              0.0    29.7 m         2943.8 w       21.7%     2.3 h     107.1 m 
INFO  17:00:56,771 ProgressMeter -     20:57808648              0.0    30.2 m         2993.4 w       22.1%     2.3 h     106.1 m 
INFO  17:01:26,772 ProgressMeter -     20:58149740              0.0    30.7 m         3043.0 w       22.5%     2.3 h     105.5 m 
INFO  17:02:06,777 ProgressMeter -     20:58687662              0.0    31.3 m         3109.1 w       23.2%     2.3 h     104.0 m 
INFO  17:02:36,778 ProgressMeter -     20:59032068              0.0    31.8 m         3158.7 w       23.6%     2.3 h     103.3 m 
INFO  17:03:06,778 ProgressMeter -     20:59348718              0.0    32.3 m         3208.3 w       23.9%     2.3 h     102.8 m 
INFO  17:03:36,779 ProgressMeter -     20:59653716              0.0    32.8 m         3257.9 w       24.3%     2.3 h     102.4 m 
INFO  17:04:06,780 ProgressMeter -     20:59955916              0.0    33.3 m         3307.5 w       24.6%     2.3 h     102.0 m 
INFO  17:04:36,781 ProgressMeter -     20:60237660              0.0    33.8 m         3357.2 w       25.0%     2.3 h     101.8 m 
INFO  17:05:16,782 ProgressMeter -     20:60607937              0.0    34.5 m         3423.3 w       25.4%     2.3 h     101.4 m 
INFO  17:05:46,782 ProgressMeter -     20:60917368              0.0    35.0 m         3472.9 w       25.7%     2.3 h     101.0 m 
INFO  17:06:16,783 ProgressMeter -     20:61272921              0.0    35.5 m         3522.5 w       26.2%     2.3 h     100.2 m 
INFO  17:06:46,784 ProgressMeter -     20:61595121              0.0    36.0 m         3572.1 w       26.5%     2.3 h      99.7 m 
INFO  17:07:16,785 ProgressMeter -     20:61855387              0.0    36.5 m         3621.7 w       26.8%     2.3 h      99.6 m 
INFO  17:07:46,786 ProgressMeter -     20:62173925              0.0    37.0 m         3671.3 w       27.2%     2.3 h      99.0 m 
INFO  17:08:16,792 ProgressMeter -     20:62539050              0.0    37.5 m         3720.9 w       27.6%     2.3 h      98.3 m 
INFO  17:08:56,793 ProgressMeter -      21:2756201      2.4286345E7    38.2 m           94.0 s       31.4%     2.0 h      83.4 m 
INFO  17:09:36,794 ProgressMeter -      21:9419569      2.4286345E7    38.8 m           95.0 s       39.1%    99.3 m      60.4 m 
INFO  17:10:06,794 ProgressMeter -      21:9453528      2.4286345E7    39.3 m           97.0 s       39.2%   100.5 m      61.1 m 
INFO  17:10:36,795 ProgressMeter -      21:9525526      2.4286345E7    39.8 m           98.0 s       39.2%   101.5 m      61.7 m 
INFO  17:11:06,796 ProgressMeter -      21:9576114      2.4286345E7    40.3 m           99.0 s       39.3%   102.6 m      62.3 m 
INFO  17:11:36,797 ProgressMeter -      21:9589183      2.4286345E7    40.8 m          100.0 s       39.3%   103.9 m      63.0 m 
INFO  17:12:16,798 ProgressMeter -      21:9655135      2.4286345E7    41.5 m          102.0 s       39.4%   105.4 m      63.9 m 
INFO  17:12:46,798 ProgressMeter -      21:9667579      2.4286345E7    42.0 m          103.0 s       39.4%   106.6 m      64.6 m 
INFO  17:13:16,845 ProgressMeter -      21:9675056      2.4286345E7    42.5 m          105.0 s       39.4%   107.8 m      65.3 m 
WARN  17:13:23,370 ExactAFCalculator - this tool is currently set to genotype at most 6 alternate alleles in a given context, but the context at 21:9676853 has 10 alternate alleles so only the top alleles will be used; see the --max_alternate_alleles argument 
WARN  17:13:23,374 ExactAFCalculator - this tool is currently set to genotype at most 6 alternate alleles in a given context, but the context at 21:9676886 has 9 alternate alleles so only the top alleles will be used; see the --max_alternate_alleles argument 
INFO  17:13:46,846 ProgressMeter -      21:9700731      2.4286345E7    43.0 m          106.0 s       39.4%   109.0 m      66.0 m 
INFO  17:14:26,847 ProgressMeter -      21:9825894      2.4286345E7    43.7 m          107.0 s       39.6%   110.3 m      66.6 m 
INFO  17:15:06,848 ProgressMeter -      21:9828377      2.4286345E7    44.3 m          109.0 s       39.6%   112.0 m      67.6 m 
INFO  17:15:36,848 ProgressMeter -      21:9832091      2.4286345E7    44.8 m          110.0 s       39.6%   113.2 m      68.4 m 
INFO  17:16:06,849 ProgressMeter -      21:9836291      2.4286345E7    45.3 m          112.0 s       39.6%   114.5 m      69.1 m 
INFO  17:16:36,850 ProgressMeter -      21:9843222      2.4286345E7    45.8 m          113.0 s       39.6%   115.7 m      69.9 m 
INFO  17:17:06,851 ProgressMeter -      21:9847534      2.4286345E7    46.3 m          114.0 s       39.6%   117.0 m      70.6 m 
INFO  17:17:36,852 ProgressMeter -      21:9855371      2.4286345E7    46.8 m          115.0 s       39.6%   118.2 m      71.4 m 
INFO  17:18:06,853 ProgressMeter -      21:9875237      2.4286345E7    47.3 m          116.0 s       39.6%   119.4 m      72.1 m 
INFO  17:18:46,854 ProgressMeter -      21:9926031      2.4286345E7    48.0 m          118.0 s       39.7%     2.0 h      72.9 m 
INFO  17:19:16,859 ProgressMeter -      21:9977279      2.4286345E7    48.5 m          119.0 s       39.8%     2.0 h      73.5 m 
INFO  17:19:46,860 ProgressMeter -     21:10025680      2.4286345E7    49.0 m            2.0 m       39.8%     2.1 h      74.1 m 
INFO  17:20:16,885 ProgressMeter -     21:10086431      2.4286345E7    49.5 m            2.0 m       39.9%     2.1 h      74.6 m 
WARN  17:20:27,591 ExactAFCalculator - this tool is currently set to genotype at most 6 alternate alleles in a given context, but the context at 21:10086366 has 11 alternate alleles so only the top alleles will be used; see the --max_alternate_alleles argument 
INFO  17:20:46,886 ProgressMeter -     21:10087486      2.4286345E7    50.0 m            2.1 m       39.9%     2.1 h      75.3 m 
INFO  17:21:16,887 ProgressMeter -     21:10111231      2.4286345E7    50.5 m            2.1 m       39.9%     2.1 h      76.0 m 
INFO  17:21:56,887 ProgressMeter -     21:10140056      2.4286345E7    51.2 m            2.1 m       40.0%     2.1 h      76.9 m 
INFO  17:22:26,888 ProgressMeter -     21:10154667      2.4286345E7    51.7 m            2.1 m       40.0%     2.2 h      77.6 m 
INFO  17:22:56,889 ProgressMeter -     21:10407050      2.4286345E7    52.2 m            2.1 m       40.3%     2.2 h      77.4 m 
INFO  17:23:26,890 ProgressMeter -     21:10441907      2.4286345E7    52.7 m            2.2 m       40.3%     2.2 h      78.0 m 
WARN  17:23:40,520 ExactAFCalculator - this tool is currently set to genotype at most 6 alternate alleles in a given context, but the context at 21:10467220 has 8 alternate alleles so only the top alleles will be used; see the --max_alternate_alleles argument 
INFO  17:23:56,891 ProgressMeter -     21:10511009      2.4286345E7    53.2 m            2.2 m       40.4%     2.2 h      78.5 m 
INFO  17:24:36,892 ProgressMeter -     21:10573971      2.4286345E7    53.8 m            2.2 m       40.5%     2.2 h      79.2 m 
INFO  17:25:16,893 ProgressMeter -     21:10634995      2.4286345E7    54.5 m            2.2 m       40.5%     2.2 h      80.0 m 
INFO  17:25:46,893 ProgressMeter -     21:10698731      2.4286345E7    55.0 m            2.3 m       40.6%     2.3 h      80.5 m 
INFO  17:26:16,894 ProgressMeter -     21:10699173      2.4286345E7    55.5 m            2.3 m       40.6%     2.3 h      81.2 m 
INFO  17:26:46,895 ProgressMeter -     21:10700133      2.4286345E7    56.0 m            2.3 m       40.6%     2.3 h      81.9 m 
INFO  17:27:26,896 ProgressMeter -     21:10700667      2.4286345E7    56.7 m            2.3 m       40.6%     2.3 h      82.9 m 
INFO  17:27:56,896 ProgressMeter -     21:10701000      2.4286345E7    57.2 m            2.4 m       40.6%     2.3 h      83.6 m 
INFO  17:28:26,897 ProgressMeter -     21:10701480      2.4286345E7    57.7 m            2.4 m       40.6%     2.4 h      84.4 m 
INFO  17:28:57,208 ProgressMeter -     21:10702237      2.4286345E7    58.2 m            2.4 m       40.6%     2.4 h      85.1 m 
INFO  17:29:27,209 ProgressMeter -     21:10702492      2.4286345E7    58.7 m            2.4 m       40.6%     2.4 h      85.8 m 
INFO  17:30:07,210 ProgressMeter -     21:10702987      2.4286345E7    59.3 m            2.4 m       40.6%     2.4 h      86.8 m 
INFO  17:30:37,210 ProgressMeter -     21:10703275      2.4286345E7    59.8 m            2.5 m       40.6%     2.5 h      87.5 m 
INFO  17:31:07,211 ProgressMeter -     21:10703558      2.4286345E7    60.3 m            2.5 m       40.6%     2.5 h      88.2 m 
INFO  17:31:37,212 ProgressMeter -     21:10703652      2.4286345E7    60.8 m            2.5 m       40.6%     2.5 h      89.0 m 
INFO  17:32:07,213 ProgressMeter -     21:10705065      2.4286345E7    61.3 m            2.5 m       40.6%     2.5 h      89.7 m 
INFO  17:32:37,214 ProgressMeter -     21:10705645      2.4286345E7    61.8 m            2.5 m       40.6%     2.5 h      90.4 m 
INFO  17:33:07,215 ProgressMeter -     21:10706672      2.4286345E7    62.3 m            2.6 m       40.6%     2.6 h      91.2 m 
INFO  17:33:47,216 ProgressMeter -     21:10707479      2.4286345E7    63.0 m            2.6 m       40.6%     2.6 h      92.1 m 
INFO  17:34:27,217 ProgressMeter -     21:10709803      2.4286345E7    63.7 m            2.6 m       40.6%     2.6 h      93.1 m 
INFO  17:34:57,274 ProgressMeter -     21:10710598      2.4286345E7    64.2 m            2.6 m       40.6%     2.6 h      93.8 m 
INFO  17:35:27,275 ProgressMeter -     21:10711570      2.4286345E7    64.7 m            2.7 m       40.6%     2.7 h      94.5 m 
INFO  17:35:57,277 ProgressMeter -     21:10712838      2.4286345E7    65.2 m            2.7 m       40.6%     2.7 h      95.3 m 
INFO  17:36:27,278 ProgressMeter -     21:10714207      2.4286345E7    65.7 m            2.7 m       40.6%     2.7 h      96.0 m 
INFO  17:37:07,279 ProgressMeter -     21:10715252      2.4286345E7    66.3 m            2.7 m       40.6%     2.7 h      97.0 m 
INFO  17:37:37,834 ProgressMeter -     21:10715640      2.4286345E7    66.9 m            2.8 m       40.6%     2.7 h      97.7 m 
INFO  17:38:07,835 ProgressMeter -     21:10716067      2.4286345E7    67.4 m            2.8 m       40.6%     2.8 h      98.4 m 
INFO  17:38:47,836 ProgressMeter -     21:10717296      2.4286345E7    68.0 m            2.8 m       40.6%     2.8 h      99.4 m 
INFO  17:39:17,836 ProgressMeter -     21:10718468      2.4286345E7    68.5 m            2.8 m       40.6%     2.8 h     100.1 m 
INFO  17:39:47,837 ProgressMeter -     21:10719464      2.4286345E7    69.0 m            2.8 m       40.6%     2.8 h     100.9 m 
INFO  17:40:17,838 ProgressMeter -     21:10720099      2.4286345E7    69.5 m            2.9 m       40.6%     2.9 h     101.6 m 
INFO  17:40:47,839 ProgressMeter -     21:10721212      2.4286345E7    70.0 m            2.9 m       40.6%     2.9 h     102.3 m 
INFO  17:41:27,840 ProgressMeter -     21:10721918      2.4286345E7    70.7 m            2.9 m       40.6%     2.9 h     103.3 m 
INFO  17:41:57,865 ProgressMeter -     21:10722576      2.4286345E7    71.2 m            2.9 m       40.6%     2.9 h     104.0 m 
INFO  17:42:27,865 ProgressMeter -     21:10723242      2.4286345E7    71.7 m            3.0 m       40.6%     2.9 h     104.7 m 
INFO  17:42:57,866 ProgressMeter -     21:10724046      2.4286345E7    72.2 m            3.0 m       40.6%     3.0 h     105.5 m 
INFO  17:43:27,867 ProgressMeter -     21:10725061      2.4286345E7    72.7 m            3.0 m       40.6%     3.0 h     106.2 m 
INFO  17:43:57,868 ProgressMeter -     21:10726711      2.4286345E7    73.2 m            3.0 m       40.6%     3.0 h     106.9 m 
INFO  17:44:27,869 ProgressMeter -     21:10730525      2.4286345E7    73.7 m            3.0 m       40.6%     3.0 h     107.6 m 
INFO  17:44:57,870 ProgressMeter -     21:10733002      2.4286345E7    74.2 m            3.1 m       40.6%     3.0 h     108.3 m 
INFO  17:45:37,871 ProgressMeter -     21:10735053      2.4286345E7    74.9 m            3.1 m       40.6%     3.1 h     109.3 m 
INFO  17:46:07,872 ProgressMeter -     21:10737145      2.4286345E7    75.4 m            3.1 m       40.6%     3.1 h     110.0 m 
INFO  17:46:37,873 ProgressMeter -     21:10743835      2.4286345E7    75.9 m            3.1 m       40.7%     3.1 h     110.7 m 
INFO  17:47:07,874 ProgressMeter -     21:10746407      2.4286345E7    76.4 m            3.1 m       40.7%     3.1 h     111.4 m 
INFO  17:47:47,875 ProgressMeter -     21:10751701      2.4286345E7    77.0 m            3.2 m       40.7%     3.2 h     112.4 m 
INFO  17:48:17,875 ProgressMeter -     21:10752982      2.4286345E7    77.5 m            3.2 m       40.7%     3.2 h     113.1 m 
INFO  17:48:47,876 ProgressMeter -     21:10755808      2.4286345E7    78.0 m            3.2 m       40.7%     3.2 h     113.8 m 
INFO  17:49:17,877 ProgressMeter -     21:10757766      2.4286345E7    78.5 m            3.2 m       40.7%     3.2 h     114.5 m 
INFO  17:49:48,491 ProgressMeter -     21:10759725      2.4286345E7    79.0 m            3.3 m       40.7%     3.2 h     115.3 m 
INFO  17:50:18,492 ProgressMeter -     21:10762033      2.4286345E7    79.5 m            3.3 m       40.7%     3.3 h     116.0 m 
INFO  17:50:48,493 ProgressMeter -     21:10763665      2.4286345E7    80.0 m            3.3 m       40.7%     3.3 h     116.7 m 
INFO  17:51:18,494 ProgressMeter -     21:10766195      2.4286345E7    80.5 m            3.3 m       40.7%     3.3 h     117.4 m 
INFO  17:51:58,495 ProgressMeter -     21:10773740      2.4286345E7    81.2 m            3.3 m       40.7%     3.3 h     118.4 m 
INFO  17:52:28,495 ProgressMeter -     21:10777735      2.4286345E7    81.7 m            3.4 m       40.7%     3.3 h     119.1 m 
INFO  17:52:58,496 ProgressMeter -     21:10781369      2.4286345E7    82.2 m            3.4 m       40.7%     3.4 h     119.8 m 
INFO  17:53:28,499 ProgressMeter -     21:10789439      2.4286345E7    82.7 m            3.4 m       40.7%     3.4 h       2.0 h 
INFO  17:53:58,500 ProgressMeter -     21:10793845      2.4286345E7    83.2 m            3.4 m       40.7%     3.4 h       2.0 h 
INFO  17:54:28,501 ProgressMeter -     21:10797152      2.4286345E7    83.7 m            3.4 m       40.7%     3.4 h       2.0 h 
INFO  17:55:08,502 ProgressMeter -     21:10801130      2.4286345E7    84.4 m            3.5 m       40.7%     3.5 h       2.0 h 
INFO  17:55:48,503 ProgressMeter -     21:10809417      2.4286345E7    85.0 m            3.5 m       40.7%     3.5 h       2.1 h 
INFO  17:56:18,503 ProgressMeter -     21:10819147      2.4286345E7    85.5 m            3.5 m       40.7%     3.5 h       2.1 h 
INFO  17:56:48,504 ProgressMeter -     21:10829461      2.4286345E7    86.0 m            3.5 m       40.8%     3.5 h       2.1 h 
INFO  17:57:18,505 ProgressMeter -     21:10841924      2.4286345E7    86.5 m            3.6 m       40.8%     3.5 h       2.1 h 
INFO  17:57:48,506 ProgressMeter -     21:10853233      2.4286345E7    87.0 m            3.6 m       40.8%     3.6 h       2.1 h 
WARN  17:58:11,622 ExactAFCalculator - this tool is currently set to genotype at most 6 alternate alleles in a given context, but the context at 21:10861527 has 13 alternate alleles so only the top alleles will be used; see the --max_alternate_alleles argument 
INFO  17:58:18,507 ProgressMeter -     21:10876572      2.4286345E7    87.5 m            3.6 m       40.8%     3.6 h       2.1 h 
INFO  17:58:48,508 ProgressMeter -     21:10918357      2.4286345E7    88.0 m            3.6 m       40.9%     3.6 h       2.1 h 
INFO  17:59:18,509 ProgressMeter -     21:11021126      2.4286345E7    88.5 m            3.6 m       41.0%     3.6 h       2.1 h 
INFO  17:59:58,510 ProgressMeter -     21:11029243      2.4286345E7    89.2 m            3.7 m       41.0%     3.6 h       2.1 h 
INFO  18:00:28,553 ProgressMeter -     21:11034617      2.4286345E7    89.7 m            3.7 m       41.0%     3.6 h       2.2 h 
INFO  18:00:58,554 ProgressMeter -     21:11038701      2.4286345E7    90.2 m            3.7 m       41.0%     3.7 h       2.2 h 
INFO  18:01:28,555 ProgressMeter -     21:11043205      2.4286345E7    90.7 m            3.7 m       41.0%     3.7 h       2.2 h 
INFO  18:02:08,556 ProgressMeter -     21:11047442      2.4286345E7    91.4 m            3.8 m       41.0%     3.7 h       2.2 h 
INFO  18:02:38,557 ProgressMeter -     21:11051230      2.4286345E7    91.9 m            3.8 m       41.0%     3.7 h       2.2 h 
INFO  18:03:08,557 ProgressMeter -     21:11055255      2.4286345E7    92.4 m            3.8 m       41.0%     3.8 h       2.2 h 
INFO  18:03:38,558 ProgressMeter -     21:11057743      2.4286345E7    92.9 m            3.8 m       41.0%     3.8 h       2.2 h 
INFO  18:04:08,559 ProgressMeter -     21:11061270      2.4286345E7    93.4 m            3.8 m       41.0%     3.8 h       2.2 h 
INFO  18:04:38,560 ProgressMeter -     21:11063052      2.4286345E7    93.9 m            3.9 m       41.0%     3.8 h       2.2 h 
INFO  18:05:08,561 ProgressMeter -     21:11065114      2.4286345E7    94.4 m            3.9 m       41.0%     3.8 h       2.3 h 
INFO  18:05:48,562 ProgressMeter -     21:11068402      2.4286345E7    95.0 m            3.9 m       41.0%     3.9 h       2.3 h 
INFO  18:06:18,562 ProgressMeter -     21:11071111      2.4286345E7    95.5 m            3.9 m       41.0%     3.9 h       2.3 h 
INFO  18:06:48,563 ProgressMeter -     21:11073277      2.4286345E7    96.0 m            4.0 m       41.0%     3.9 h       2.3 h 
INFO  18:07:18,564 ProgressMeter -     21:11075919      2.4286345E7    96.5 m            4.0 m       41.0%     3.9 h       2.3 h 
INFO  18:07:48,565 ProgressMeter -     21:11078154      2.4286345E7    97.0 m            4.0 m       41.0%     3.9 h       2.3 h 
INFO  18:08:18,566 ProgressMeter -     21:11080985      2.4286345E7    97.5 m            4.0 m       41.0%     4.0 h       2.3 h 
INFO  18:08:48,567 ProgressMeter -     21:11083473      2.4286345E7    98.0 m            4.0 m       41.0%     4.0 h       2.3 h 
INFO  18:09:18,568 ProgressMeter -     21:11086384      2.4286345E7    98.5 m            4.1 m       41.1%     4.0 h       2.4 h 
INFO  18:09:58,569 ProgressMeter -     21:11089464      2.4286345E7    99.2 m            4.1 m       41.1%     4.0 h       2.4 h 
INFO  18:10:38,570 ProgressMeter -     21:11093957      2.4286345E7    99.9 m            4.1 m       41.1%     4.1 h       2.4 h 
INFO  18:11:18,571 ProgressMeter -     21:11096550      2.4286345E7   100.5 m            4.1 m       41.1%     4.1 h       2.4 h 
INFO  18:11:48,571 ProgressMeter -     21:11106676      2.4286345E7   101.0 m            4.2 m       41.1%     4.1 h       2.4 h 
INFO  18:12:18,572 ProgressMeter -     21:11112346      2.4286345E7   101.5 m            4.2 m       41.1%     4.1 h       2.4 h 
INFO  18:12:48,573 ProgressMeter -     21:11115824      2.4286345E7   102.0 m            4.2 m       41.1%     4.1 h       2.4 h 
INFO  18:13:28,574 ProgressMeter -     21:11126988      2.4286345E7   102.7 m            4.2 m       41.1%     4.2 h       2.5 h 
INFO  18:14:08,575 ProgressMeter -     21:11136875      2.4286345E7   103.4 m            4.3 m       41.1%     4.2 h       2.5 h 
WARN  18:14:25,536 ExactAFCalculator - this tool is currently set to genotype at most 6 alternate alleles in a given context, but the context at 21:11140907 has 9 alternate alleles so only the top alleles will be used; see the --max_alternate_alleles argument 
INFO  18:14:38,575 ProgressMeter -     21:11144295      2.4286345E7   103.9 m            4.3 m       41.1%     4.2 h       2.5 h 
WARN  18:14:42,367 ExactAFCalculator - this tool is currently set to genotype at most 6 alternate alleles in a given context, but the context at 21:11144772 has 8 alternate alleles so only the top alleles will be used; see the --max_alternate_alleles argument 
INFO  18:15:09,721 ProgressMeter -     21:11149664      2.4286345E7   104.4 m            4.3 m       41.1%     4.2 h       2.5 h 
INFO  18:15:39,721 ProgressMeter -     21:11152620      2.4286345E7   104.9 m            4.3 m       41.1%     4.3 h       2.5 h 
INFO  18:16:09,722 ProgressMeter -     21:11160850      2.4286345E7   105.4 m            4.3 m       41.1%     4.3 h       2.5 h 
INFO  18:16:39,725 ProgressMeter -     21:11171279      2.4286345E7   105.9 m            4.4 m       41.2%     4.3 h       2.5 h 
INFO  18:17:09,726 ProgressMeter -     21:11183277      2.4286345E7   106.4 m            4.4 m       41.2%     4.3 h       2.5 h 
INFO  18:17:39,727 ProgressMeter -     21:11186715      2.4286345E7   106.9 m            4.4 m       41.2%     4.3 h       2.5 h 
INFO  18:18:09,728 ProgressMeter -     21:11186888      2.4286345E7   107.4 m            4.4 m       41.2%     4.3 h       2.6 h 
INFO  18:18:39,729 ProgressMeter -     21:11187910      2.4286345E7   107.9 m            4.4 m       41.2%     4.4 h       2.6 h 
INFO  18:19:10,672 ProgressMeter -     21:14338626      2.4286345E7   108.4 m            4.5 m       44.8%     4.0 h       2.2 h 
INFO  18:19:40,673 ProgressMeter -     21:14350856      2.4286345E7   108.9 m            4.5 m       44.8%     4.0 h       2.2 h 
INFO  18:20:10,674 ProgressMeter -     21:14357081      2.4286345E7   109.4 m            4.5 m       44.8%     4.1 h       2.2 h 
INFO  18:20:40,674 ProgressMeter -     21:14360979      2.4286345E7   109.9 m            4.5 m       44.9%     4.1 h       2.3 h 
INFO  18:21:10,675 ProgressMeter -     21:14366432      2.4286345E7   110.4 m            4.5 m       44.9%     4.1 h       2.3 h 
INFO  18:21:40,676 ProgressMeter -     21:14394118      2.4286345E7   110.9 m            4.6 m       44.9%     4.1 h       2.3 h 
INFO  18:22:20,677 ProgressMeter -     21:14445045      2.4286345E7   111.6 m            4.6 m       44.9%     4.1 h       2.3 h 
INFO  18:23:00,678 ProgressMeter -     21:14678642      2.4286345E7   112.2 m            4.6 m       45.2%     4.1 h       2.3 h 
INFO  18:23:30,679 ProgressMeter -     21:14925295      2.4286345E7   112.7 m            4.6 m       45.5%     4.1 h       2.2 h 
INFO  18:24:00,680 ProgressMeter -     21:15243810      2.4286345E7   113.2 m            4.7 m       45.9%     4.1 h       2.2 h 
INFO  18:24:30,681 ProgressMeter -     21:15352349      2.4286345E7   113.7 m            4.7 m       46.0%     4.1 h       2.2 h 
INFO  18:25:10,682 ProgressMeter -     21:15615389      2.4286345E7   114.4 m            4.7 m       46.3%     4.1 h       2.2 h 
INFO  18:25:50,683 ProgressMeter -     21:16009535      2.4286345E7   115.1 m            4.7 m       46.8%     4.1 h       2.2 h 
INFO  18:26:20,683 ProgressMeter -     21:16282270      2.4286345E7   115.6 m            4.8 m       47.1%     4.1 h       2.2 h 
INFO  18:26:50,684 ProgressMeter -     21:16635259      2.4286345E7   116.1 m            4.8 m       47.5%     4.1 h       2.1 h 
INFO  18:27:20,686 ProgressMeter -     21:17042061      2.4286345E7   116.6 m            4.8 m       48.0%     4.1 h       2.1 h 
INFO  18:27:50,686 ProgressMeter -     21:17444946      2.4286345E7   117.1 m            4.8 m       48.4%     4.0 h       2.1 h 
INFO  18:28:20,692 ProgressMeter -     21:17768186      2.4286345E7   117.6 m            4.8 m       48.8%     4.0 h       2.1 h 
INFO  18:28:50,693 ProgressMeter -     21:18116751      2.4286345E7   118.1 m            4.9 m       49.2%     4.0 h       2.0 h 
INFO  18:29:20,693 ProgressMeter -     21:18428365      2.4286345E7   118.6 m            4.9 m       49.6%     4.0 h       2.0 h 
INFO  18:29:50,694 ProgressMeter -     21:18651516      2.4286345E7   119.1 m            4.9 m       49.8%     4.0 h     119.9 m 
INFO  18:30:20,695 ProgressMeter -     21:18916553      2.4286345E7   119.6 m            4.9 m       50.1%     4.0 h     118.9 m 
INFO  18:30:50,697 ProgressMeter -     21:19247080      2.4286345E7     2.0 h            4.9 m       50.5%     4.0 h     117.6 m 
INFO  18:31:20,698 ProgressMeter -     21:19540720      2.4286345E7     2.0 h            5.0 m       50.9%     4.0 h     116.5 m 
INFO  18:31:50,699 ProgressMeter -     21:19875755      2.4286345E7     2.0 h            5.0 m       51.3%     3.9 h     115.2 m 
INFO  18:32:20,700 ProgressMeter -     21:20125792      2.4286345E7     2.0 h            5.0 m       51.5%     3.9 h     114.3 m 
INFO  18:32:50,701 ProgressMeter -     21:20339384      2.4286345E7     2.0 h            5.0 m       51.8%     3.9 h     113.6 m 
INFO  18:33:20,702 ProgressMeter -     21:20682524      2.4286345E7     2.0 h            5.0 m       52.2%     3.9 h     112.3 m 
INFO  18:34:00,703 ProgressMeter -     21:21125709      2.4286345E7     2.1 h            5.1 m       52.7%     3.9 h     110.6 m 
INFO  18:34:30,704 ProgressMeter -     21:21405932      2.4286345E7     2.1 h            5.1 m       53.0%     3.9 h     109.6 m 
INFO  18:35:00,705 ProgressMeter -     21:21673393      2.4286345E7     2.1 h            5.1 m       53.3%     3.9 h     108.7 m 
INFO  18:35:30,706 ProgressMeter -     21:21879426      2.4286345E7     2.1 h            5.1 m       53.6%     3.9 h     108.1 m 
INFO  18:36:00,707 ProgressMeter -     21:22162475      2.4286345E7     2.1 h            5.2 m       53.9%     3.9 h     107.1 m 
INFO  18:36:30,708 ProgressMeter -     21:22453324      2.4286345E7     2.1 h            5.2 m       54.2%     3.9 h     106.1 m 
INFO  18:37:00,709 ProgressMeter -     21:22699507      2.4286345E7     2.1 h            5.2 m       54.5%     3.9 h     105.3 m 
INFO  18:37:30,710 ProgressMeter -     21:23002217      2.4286345E7     2.1 h            5.2 m       54.9%     3.8 h     104.2 m 
INFO  18:38:00,742 ProgressMeter -     21:23292266      2.4286345E7     2.1 h            5.2 m       55.2%     3.8 h     103.2 m 
INFO  18:38:30,743 ProgressMeter -     21:23642647      2.4286345E7     2.1 h            5.3 m       55.6%     3.8 h     101.9 m 
INFO  18:39:00,744 ProgressMeter -     21:23916636      2.4286345E7     2.1 h            5.3 m       55.9%     3.8 h     101.0 m 
INFO  18:39:30,746 ProgressMeter -     21:24241535      2.4286345E7     2.1 h            5.3 m       56.3%     3.8 h      99.8 m 
INFO  18:40:00,767 ProgressMeter -     21:24536372      2.4286345E7     2.2 h            5.3 m       56.7%     3.8 h      98.8 m 
INFO  18:40:30,768 ProgressMeter -     21:24788425      2.4286345E7     2.2 h            5.3 m       57.0%     3.8 h      98.1 m 
INFO  18:41:00,769 ProgressMeter -     21:25004007      2.4286345E7     2.2 h            5.4 m       57.2%     3.8 h      97.4 m 
INFO  18:41:30,770 ProgressMeter -     21:25293937      2.4286345E7     2.2 h            5.4 m       57.5%     3.8 h      96.5 m 
INFO  18:42:10,771 ProgressMeter -     21:25587242      2.4286345E7     2.2 h            5.4 m       57.9%     3.8 h      95.6 m 
INFO  18:42:50,772 ProgressMeter -     21:26004743      2.4286345E7     2.2 h            5.4 m       58.4%     3.8 h      94.2 m 
INFO  18:43:20,773 ProgressMeter -     21:26272630      2.4286345E7     2.2 h            5.5 m       58.7%     3.8 h      93.4 m 
INFO  18:43:50,800 ProgressMeter -     21:26606289      2.4286345E7     2.2 h            5.5 m       59.1%     3.8 h      92.2 m 
WARN  18:43:58,207 ExactAFCalculator - this tool is currently set to genotype at most 6 alternate alleles in a given context, but the context at 21:26682414 has 13 alternate alleles so only the top alleles will be used; see the --max_alternate_alleles argument 
INFO  18:44:20,801 ProgressMeter -     21:26955128      2.4286345E7     2.2 h            5.5 m       59.5%     3.7 h      91.0 m 
INFO  18:44:50,802 ProgressMeter -     21:27273867      2.4286345E7     2.2 h            5.5 m       59.8%     3.7 h      90.0 m 
INFO  18:45:20,804 ProgressMeter -     21:27571475      2.4286345E7     2.2 h            5.5 m       60.2%     3.7 h      89.0 m 
INFO  18:45:50,805 ProgressMeter -     21:27892295      2.4286345E7     2.3 h            5.6 m       60.6%     3.7 h      88.0 m 
INFO  18:46:20,806 ProgressMeter -     21:28225237      2.4286345E7     2.3 h            5.6 m       60.9%     3.7 h      86.9 m 
INFO  18:46:50,806 ProgressMeter -     21:28532673      2.4286345E7     2.3 h            5.6 m       61.3%     3.7 h      85.9 m 
INFO  18:47:20,808 ProgressMeter -     21:28804709      2.4286345E7     2.3 h            5.6 m       61.6%     3.7 h      85.1 m 
INFO  18:47:50,809 ProgressMeter -     21:29097256      2.4286345E7     2.3 h            5.6 m       62.0%     3.7 h      84.2 m 
INFO  18:48:20,810 ProgressMeter -     21:29395958      2.4286345E7     2.3 h            5.7 m       62.3%     3.7 h      83.2 m 
INFO  18:48:50,835 ProgressMeter -     21:29699376      2.4286345E7     2.3 h            5.7 m       62.7%     3.7 h      82.3 m 
INFO  18:49:20,878 ProgressMeter -     21:29960515      2.4286345E7     2.3 h            5.7 m       63.0%     3.7 h      81.5 m 
INFO  18:49:50,879 ProgressMeter -     21:30366953      2.4286345E7     2.3 h            5.7 m       63.4%     3.7 h      80.2 m 
INFO  18:50:20,880 ProgressMeter -     21:30721745      2.4286345E7     2.3 h            5.7 m       63.8%     3.6 h      79.1 m 
INFO  18:50:50,881 ProgressMeter -     21:31091734      2.4286345E7     2.3 h            5.8 m       64.3%     3.6 h      77.9 m 
INFO  18:51:20,882 ProgressMeter -     21:31451991      2.4286345E7     2.3 h            5.8 m       64.7%     3.6 h      76.7 m 
INFO  18:51:50,883 ProgressMeter -     21:31784160      2.4286345E7     2.4 h            5.8 m       65.1%     3.6 h      75.7 m 
INFO  18:52:20,884 ProgressMeter -     21:32088089      2.4286345E7     2.4 h            5.8 m       65.4%     3.6 h      74.8 m 
INFO  18:53:00,885 ProgressMeter -     21:32490760      2.4286345E7     2.4 h            5.9 m       65.9%     3.6 h      73.6 m 
INFO  18:53:30,886 ProgressMeter -     21:32839435      2.4286345E7     2.4 h            5.9 m       66.3%     3.6 h      72.6 m 
INFO  18:54:00,887 ProgressMeter -     21:33158779      2.4286345E7     2.4 h            5.9 m       66.7%     3.6 h      71.6 m 
INFO  18:54:30,888 ProgressMeter -     21:33442233      2.4286345E7     2.4 h            5.9 m       67.0%     3.6 h      70.8 m 
INFO  18:55:00,889 ProgressMeter -     21:33778482      2.4286345E7     2.4 h            5.9 m       67.4%     3.6 h      69.8 m 
INFO  18:55:30,890 ProgressMeter -     21:34128190      2.4286345E7     2.4 h            6.0 m       67.8%     3.6 h      68.8 m 
INFO  18:56:00,891 ProgressMeter -     21:34462855      2.4286345E7     2.4 h            6.0 m       68.2%     3.6 h      67.8 m 
INFO  18:56:30,892 ProgressMeter -     21:34761354      2.4286345E7     2.4 h            6.0 m       68.5%     3.5 h      66.9 m 
INFO  18:57:00,893 ProgressMeter -     21:35118692      2.4286345E7     2.4 h            6.0 m       68.9%     3.5 h      65.9 m 
INFO  18:57:30,894 ProgressMeter -     21:35460859      2.4286345E7     2.4 h            6.0 m       69.3%     3.5 h      64.9 m 
INFO  18:58:00,895 ProgressMeter -     21:35826025      2.4286345E7     2.5 h            6.1 m       69.8%     3.5 h      63.8 m 
INFO  18:58:30,896 ProgressMeter -     21:36115994      2.4286345E7     2.5 h            6.1 m       70.1%     3.5 h      63.0 m 
INFO  18:59:00,897 ProgressMeter -     21:36508541      2.4286345E7     2.5 h            6.1 m       70.6%     3.5 h      61.9 m 
INFO  18:59:30,898 ProgressMeter -     21:36925871      2.4286345E7     2.5 h            6.1 m       71.0%     3.5 h      60.6 m 
INFO  19:00:00,899 ProgressMeter -     21:37289929      2.4286345E7     2.5 h            6.1 m       71.5%     3.5 h      59.6 m 
INFO  19:00:30,900 ProgressMeter -     21:37595341      2.4286345E7     2.5 h            6.2 m       71.8%     3.5 h      58.8 m 
INFO  19:01:00,901 ProgressMeter -     21:37975920      2.4286345E7     2.5 h            6.2 m       72.3%     3.5 h      57.7 m 
INFO  19:01:30,902 ProgressMeter -     21:38343482      2.4286345E7     2.5 h            6.2 m       72.7%     3.5 h      56.6 m 
INFO  19:02:00,903 ProgressMeter -     21:38655054      2.4286345E7     2.5 h            6.2 m       73.0%     3.5 h      55.8 m 
INFO  19:02:30,904 ProgressMeter -     21:38998811      2.4286345E7     2.5 h            6.2 m       73.4%     3.4 h      54.9 m 
INFO  19:03:00,905 ProgressMeter -     21:39311490      2.4286345E7     2.5 h            6.3 m       73.8%     3.4 h      54.0 m 
INFO  19:03:30,906 ProgressMeter -     21:39706832      2.4286345E7     2.5 h            6.3 m       74.3%     3.4 h      52.9 m 
INFO  19:04:00,907 ProgressMeter -     21:40033398      2.4286345E7     2.6 h            6.3 m       74.6%     3.4 h      52.0 m 
INFO  19:04:30,908 ProgressMeter -     21:40376982      2.4286345E7     2.6 h            6.3 m       75.0%     3.4 h      51.1 m 
INFO  19:05:10,909 ProgressMeter -     21:40814161      2.4286345E7     2.6 h            6.4 m       75.6%     3.4 h      50.0 m 
INFO  19:05:40,910 ProgressMeter -     21:41118842      2.4286345E7     2.6 h            6.4 m       75.9%     3.4 h      49.2 m 
INFO  19:06:20,911 ProgressMeter -     21:41393113      2.4286345E7     2.6 h            6.4 m       76.2%     3.4 h      48.5 m 
INFO  19:06:50,912 ProgressMeter -     21:41730139      2.4286345E7     2.6 h            6.4 m       76.6%     3.4 h      47.6 m 
INFO  19:07:20,913 ProgressMeter -     21:42048418      2.4286345E7     2.6 h            6.4 m       77.0%     3.4 h      46.8 m 
INFO  19:07:50,914 ProgressMeter -     21:42414036      2.4286345E7     2.6 h            6.5 m       77.4%     3.4 h      45.8 m 
INFO  19:08:20,917 ProgressMeter -     21:42728318      2.4286345E7     2.6 h            6.5 m       77.8%     3.4 h      45.0 m 
INFO  19:08:50,918 ProgressMeter -     21:43089260      2.4286345E7     2.6 h            6.5 m       78.2%     3.4 h      44.1 m 
INFO  19:09:20,919 ProgressMeter -     21:43394712      2.4286345E7     2.6 h            6.5 m       78.5%     3.4 h      43.3 m 
INFO  19:09:50,920 ProgressMeter -     21:43742177      2.4286345E7     2.7 h            6.6 m       79.0%     3.4 h      42.4 m 
INFO  19:10:20,921 ProgressMeter -     21:44069810      2.4286345E7     2.7 h            6.6 m       79.3%     3.4 h      41.6 m 
INFO  19:11:00,922 ProgressMeter -     21:44460315      2.4286345E7     2.7 h            6.6 m       79.8%     3.3 h      40.6 m 
INFO  19:11:40,923 ProgressMeter -     21:44986820      2.4286345E7     2.7 h            6.6 m       80.4%     3.3 h      39.2 m 
INFO  19:12:10,924 ProgressMeter -     21:45381380      2.4286345E7     2.7 h            6.6 m       80.9%     3.3 h      38.2 m 
INFO  19:12:40,925 ProgressMeter -     21:45737042      2.4286345E7     2.7 h            6.7 m       81.3%     3.3 h      37.3 m 
INFO  19:13:20,926 ProgressMeter -     21:46177270      2.4286345E7     2.7 h            6.7 m       81.8%     3.3 h      36.2 m 
INFO  19:13:50,926 ProgressMeter -     21:46583550      2.4286345E7     2.7 h            6.7 m       82.2%     3.3 h      35.2 m 
INFO  19:14:20,927 ProgressMeter -     21:46961383      2.4286345E7     2.7 h            6.7 m       82.7%     3.3 h      34.2 m 
INFO  19:14:50,928 ProgressMeter -     21:47410708      2.4286345E7     2.7 h            6.8 m       83.2%     3.3 h      33.1 m 
INFO  19:15:20,929 ProgressMeter -     21:47688257      2.4286345E7     2.7 h            6.8 m       83.5%     3.3 h      32.4 m 
INFO  19:15:50,930 ProgressMeter -     21:48096162      2.4286345E7     2.8 h            6.8 m       84.0%     3.3 h      31.4 m 
INFO  19:16:20,931 ProgressMeter -     22:11968047       7.241624E7     2.8 h            2.3 m       97.9%     2.8 h       3.5 m 
INFO  19:16:25,077 VectorLoglessPairHMM - Time spent in setup for JNI call : 3.3052378100000004 
INFO  19:16:25,078 PairHMM - Total compute time in PairHMM computeLikelihoods() : 3332.5524257290003 
INFO  19:16:25,079 HaplotypeCaller - Ran local assembly on 395668 active regions 
INFO  19:16:25,084 ProgressMeter -            done      8.6166015E7     2.8 h          115.0 s      100.0%     2.8 h       0.0 s 
INFO  19:16:25,085 ProgressMeter - Total runtime 9938.71 secs, 165.65 min, 2.76 hours 
INFO  19:16:25,086 MicroScheduler - 3188328 reads were filtered out during the traversal out of approximately 17547988 total reads (18.17%) 
INFO  19:16:25,086 MicroScheduler -   -> 0 reads (0.00% of total) failing BadCigarFilter 
INFO  19:16:25,087 MicroScheduler -   -> 1947268 reads (11.10% of total) failing DuplicateReadFilter 
INFO  19:16:25,087 MicroScheduler -   -> 0 reads (0.00% of total) failing FailsVendorQualityCheckFilter 
INFO  19:16:25,088 MicroScheduler -   -> 1217056 reads (6.94% of total) failing HCMappingQualityFilter 
INFO  19:16:25,088 MicroScheduler -   -> 0 reads (0.00% of total) failing MalformedReadFilter 
INFO  19:16:25,089 MicroScheduler -   -> 0 reads (0.00% of total) failing MappingQualityUnavailableFilter 
INFO  19:16:25,089 MicroScheduler -   -> 24004 reads (0.14% of total) failing NotPrimaryAlignmentFilter 
INFO  19:16:25,090 MicroScheduler -   -> 0 reads (0.00% of total) failing UnmappedReadFilter 
