INFO  19:49:44,905 HelpFormatter - --------------------------------------------------------------------------------- 
INFO  19:49:44,925 HelpFormatter - The Genome Analysis Toolkit (GATK) v3.4-46-g8ea4dca, Compiled 2015/08/13 20:41:56 
INFO  19:49:44,925 HelpFormatter - Copyright (c) 2010 The Broad Institute 
INFO  19:49:44,925 HelpFormatter - For support and documentation go to http://www.broadinstitute.org/gatk 
INFO  19:49:44,929 HelpFormatter - Program Args: -T BaseRecalibrator -I /mnt/nvme0n1/data/broadout/HG02561_gatk_best_practices_8t_30s_2016-07-06_18-21-00/HG02561_realign.bam -L /mnt/nvme0n1/Broad_Ref_Pipeline_approved_package/workflow_profiler/.queue/scatterGather/ExampleBaseRecalibrator-1-sg/temp_07_of_24/scatter.intervals -R /mnt/nvme0n1/Broad_Ref_Pipeline_approved_package/b37bundle/human_g1k_v37.fasta -knownSites /mnt/nvme0n1/Broad_Ref_Pipeline_approved_package/b37bundle/dbsnp_138.b37.vcf -o /mnt/nvme0n1/Broad_Ref_Pipeline_approved_package/workflow_profiler/.queue/scatterGather/ExampleBaseRecalibrator-1-sg/temp_07_of_24/HG02561_recal.grp 
INFO  19:49:44,950 HelpFormatter - Executing as bshifaw@application-1-1.hudson.intel.com on Linux 3.10.0-327.el7.x86_64 amd64; OpenJDK 64-Bit Server VM 1.8.0_91-b14. 
INFO  19:49:44,950 HelpFormatter - Date/Time: 2016/07/06 19:49:44 
INFO  19:49:44,951 HelpFormatter - --------------------------------------------------------------------------------- 
INFO  19:49:44,951 HelpFormatter - --------------------------------------------------------------------------------- 
INFO  19:49:45,226 GenomeAnalysisEngine - Strictness is SILENT 
INFO  19:49:45,519 GenomeAnalysisEngine - Downsampling Settings: No downsampling 
INFO  19:49:45,526 SAMDataSource$SAMReaders - Initializing SAMRecords in serial 
INFO  19:49:45,716 SAMDataSource$SAMReaders - Done initializing BAM readers: total time 0.19 
INFO  19:49:46,526 IntervalUtils - Processing 2414879 bp from intervals 
INFO  19:49:46,846 GenomeAnalysisEngine - Preparing for traversal over 1 BAM files 
INFO  19:49:47,378 GenomeAnalysisEngine - Done preparing for traversal 
INFO  19:49:47,378 ProgressMeter - [INITIALIZATION COMPLETE; STARTING PROCESSING] 
INFO  19:49:47,378 ProgressMeter -                 | processed |    time |    per 1M |           |   total | remaining 
INFO  19:49:47,387 ProgressMeter -        Location |     reads | elapsed |     reads | completed | runtime |   runtime 
INFO  19:49:47,469 BaseRecalibrator - The covariates being used here:  
INFO  19:49:47,495 BaseRecalibrator - 	ReadGroupCovariate 
INFO  19:49:47,495 BaseRecalibrator - 	QualityScoreCovariate 
INFO  19:49:47,496 BaseRecalibrator - 	ContextCovariate 
INFO  19:49:47,496 ContextCovariate - 		Context sizes: base substitution model 2, indel substitution model 3 
INFO  19:49:47,496 BaseRecalibrator - 	CycleCovariate 
INFO  19:49:47,498 ReadShardBalancer$1 - Loading BAM index data 
INFO  19:49:47,875 ReadShardBalancer$1 - Done loading BAM index data 
INFO  19:50:21,657 ProgressMeter -       7:1489939         0.0    34.0 s      56.7 w        1.3%    43.2 m      42.6 m 
INFO  19:50:51,894 ProgressMeter -       7:4167023    100001.0    64.0 s      10.8 m        3.9%    27.4 m      26.4 m 
INFO  19:51:25,759 ProgressMeter -       7:6509203    100001.0    98.0 s      16.4 m        7.4%    22.1 m      20.5 m 
INFO  19:51:56,132 ProgressMeter -      7:18624942    200002.0     2.1 m      10.7 m       11.0%    19.5 m      17.3 m 
INFO  19:52:26,162 ProgressMeter -      7:29111488    400004.0     2.6 m       6.6 m       16.6%    15.9 m      13.3 m 
INFO  19:52:56,164 ProgressMeter -      7:43503406    700011.0     3.1 m       4.5 m       23.2%    13.5 m      10.4 m 
INFO  19:53:26,165 ProgressMeter -      7:55240789    900024.0     3.6 m       4.1 m       29.9%    12.1 m       8.5 m 
INFO  19:53:56,167 ProgressMeter -      7:77166961   1100031.0     4.1 m       3.8 m       38.8%    10.7 m       6.5 m 
INFO  19:54:26,168 ProgressMeter -      7:93090214   1400035.0     4.6 m       3.3 m       47.3%     9.8 m       5.2 m 
INFO  19:55:00,512 ProgressMeter -      7:99313478   1600045.0     5.2 m       3.3 m       52.6%     9.9 m       4.7 m 
INFO  19:55:30,516 ProgressMeter -     7:100304882   1700046.0     5.7 m       3.4 m       56.6%    10.1 m       4.4 m 
INFO  19:56:00,518 ProgressMeter -     7:101848505   1900051.0     6.2 m       3.3 m       59.9%    10.4 m       4.2 m 
INFO  19:56:30,733 ProgressMeter -     7:107720189   2100055.0     6.7 m       3.2 m       65.9%    10.2 m       3.5 m 
INFO  19:57:01,015 ProgressMeter -     7:122114493   2300062.0     7.2 m       3.1 m       71.1%    10.1 m       2.9 m 
INFO  19:57:31,218 ProgressMeter -     7:130039875   2500066.0     7.7 m       3.1 m       76.7%    10.1 m       2.3 m 
INFO  19:58:01,220 ProgressMeter -     7:141750193   2800073.0     8.2 m       2.9 m       84.7%     9.7 m      89.0 s 
INFO  19:58:31,312 ProgressMeter -     7:150167941   3000078.0     8.7 m       2.9 m       92.8%     9.4 m      40.0 s 
INFO  19:58:50,646 BaseRecalibrator - Calculating quantized quality scores... 
INFO  19:58:50,681 BaseRecalibrator - Writing recalibration report... 
INFO  19:58:52,247 BaseRecalibrator - ...done! 
INFO  19:58:52,275 BaseRecalibrator - BaseRecalibrator was able to recalibrate 3324796 reads 
INFO  19:58:52,278 ProgressMeter -            done   3324796.0     9.1 m       2.7 m      100.0%     9.1 m       0.0 s 
INFO  19:58:52,278 ProgressMeter - Total runtime 544.90 secs, 9.08 min, 0.15 hours 
INFO  19:58:52,278 MicroScheduler - 879320 reads were filtered out during the traversal out of approximately 4204116 total reads (20.92%) 
INFO  19:58:52,279 MicroScheduler -   -> 0 reads (0.00% of total) failing BadCigarFilter 
INFO  19:58:52,279 MicroScheduler -   -> 587292 reads (13.97% of total) failing DuplicateReadFilter 
INFO  19:58:52,279 MicroScheduler -   -> 0 reads (0.00% of total) failing FailsVendorQualityCheckFilter 
INFO  19:58:52,279 MicroScheduler -   -> 0 reads (0.00% of total) failing MalformedReadFilter 
INFO  19:58:52,279 MicroScheduler -   -> 0 reads (0.00% of total) failing MappingQualityUnavailableFilter 
INFO  19:58:52,279 MicroScheduler -   -> 291736 reads (6.94% of total) failing MappingQualityZeroFilter 
INFO  19:58:52,279 MicroScheduler -   -> 292 reads (0.01% of total) failing NotPrimaryAlignmentFilter 
INFO  19:58:52,280 MicroScheduler -   -> 0 reads (0.00% of total) failing UnmappedReadFilter 
