INFO  20:17:54,397 HelpFormatter - --------------------------------------------------------------------------------- 
INFO  20:17:54,399 HelpFormatter - The Genome Analysis Toolkit (GATK) v3.4-46-g8ea4dca, Compiled 2015/08/13 20:41:56 
INFO  20:17:54,399 HelpFormatter - Copyright (c) 2010 The Broad Institute 
INFO  20:17:54,399 HelpFormatter - For support and documentation go to http://www.broadinstitute.org/gatk 
INFO  20:17:54,403 HelpFormatter - Program Args: -T BaseRecalibrator -I /home/opt/data/broadout/FC1-NA12878-01_S1_L001_R1_001_gatk_best_practices_36t_30s_2015-11-05_19-14-59/FC1-NA12878-01_S1_L001_R1_001_realign.bam -L /home/beris/Broad_Ref_Pipeline_approved_package/workflow_profiler/.queue/scatterGather/ExampleBaseRecalibrator-1-sg/temp_01_of_24/scatter.intervals -R /home/beris/Broad_Ref_Pipeline_approved_package/homosapiensrefgenome/Homo_sapiens_assembly19.fasta -knownSites /home/beris/Broad_Ref_Pipeline_approved_package/homosapiensrefgenome/Homo_sapiens_assembly19.dbsnp.vcf -o /home/beris/Broad_Ref_Pipeline_approved_package/workflow_profiler/.queue/scatterGather/ExampleBaseRecalibrator-1-sg/temp_01_of_24/FC1-NA12878-01_S1_L001_R1_001_recal.grp 
INFO  20:17:54,410 HelpFormatter - Executing as beris@dna on Linux 2.6.32-573.el6.x86_64 amd64; OpenJDK 64-Bit Server VM 1.7.0_79-mockbuild_2015_07_24_09_26-b00. 
INFO  20:17:54,410 HelpFormatter - Date/Time: 2015/11/05 20:17:54 
INFO  20:17:54,410 HelpFormatter - --------------------------------------------------------------------------------- 
INFO  20:17:54,411 HelpFormatter - --------------------------------------------------------------------------------- 
INFO  20:17:54,506 GenomeAnalysisEngine - Strictness is SILENT 
INFO  20:17:54,615 GenomeAnalysisEngine - Downsampling Settings: No downsampling 
INFO  20:17:54,626 SAMDataSource$SAMReaders - Initializing SAMRecords in serial 
INFO  20:17:54,676 SAMDataSource$SAMReaders - Done initializing BAM readers: total time 0.05 
INFO  20:17:55,181 IntervalUtils - Processing 3736548 bp from intervals 
INFO  20:17:55,340 GenomeAnalysisEngine - Preparing for traversal over 1 BAM files 
INFO  20:17:55,783 GenomeAnalysisEngine - Done preparing for traversal 
INFO  20:17:55,783 ProgressMeter - [INITIALIZATION COMPLETE; STARTING PROCESSING] 
INFO  20:17:55,783 ProgressMeter -                 | processed |    time |    per 1M |           |   total | remaining 
INFO  20:17:55,784 ProgressMeter -        Location |     reads | elapsed |     reads | completed | runtime |   runtime 
INFO  20:17:55,807 BaseRecalibrator - The covariates being used here:  
INFO  20:17:55,807 BaseRecalibrator - 	ReadGroupCovariate 
INFO  20:17:55,807 BaseRecalibrator - 	QualityScoreCovariate 
INFO  20:17:55,807 BaseRecalibrator - 	ContextCovariate 
INFO  20:17:55,808 ContextCovariate - 		Context sizes: base substitution model 2, indel substitution model 3 
INFO  20:17:55,808 BaseRecalibrator - 	CycleCovariate 
INFO  20:17:55,810 ReadShardBalancer$1 - Loading BAM index data 
INFO  20:17:56,193 ReadShardBalancer$1 - Done loading BAM index data 
INFO  20:18:25,945 ProgressMeter -      1:16358264         0.0    30.0 s      49.9 w       11.0%     4.6 m       4.1 m 
INFO  20:18:55,949 ProgressMeter -      1:40879894    200004.0    60.0 s       5.0 m       28.2%     3.6 m       2.6 m 
INFO  20:19:26,590 ProgressMeter -      1:95428695    400008.0    90.0 s       3.8 m       47.4%     3.2 m     100.0 s 
INFO  20:19:56,591 ProgressMeter -     1:176175869    800018.0   120.0 s       2.5 m       75.2%     2.7 m      39.0 s 
INFO  20:20:21,923 BaseRecalibrator - Calculating quantized quality scores... 
INFO  20:20:21,965 BaseRecalibrator - Writing recalibration report... 
INFO  20:20:22,511 BaseRecalibrator - ...done! 
INFO  20:20:22,512 BaseRecalibrator - BaseRecalibrator was able to recalibrate 1154014 reads 
INFO  20:20:22,512 ProgressMeter -            done   1154014.0     2.4 m       2.1 m      100.0%     2.4 m       0.0 s 
INFO  20:20:22,512 ProgressMeter - Total runtime 146.73 secs, 2.45 min, 0.04 hours 
INFO  20:20:22,513 MicroScheduler - 501904 reads were filtered out during the traversal out of approximately 1655918 total reads (30.31%) 
INFO  20:20:22,513 MicroScheduler -   -> 0 reads (0.00% of total) failing BadCigarFilter 
INFO  20:20:22,513 MicroScheduler -   -> 420298 reads (25.38% of total) failing DuplicateReadFilter 
INFO  20:20:22,513 MicroScheduler -   -> 0 reads (0.00% of total) failing FailsVendorQualityCheckFilter 
INFO  20:20:22,513 MicroScheduler -   -> 0 reads (0.00% of total) failing MalformedReadFilter 
INFO  20:20:22,513 MicroScheduler -   -> 0 reads (0.00% of total) failing MappingQualityUnavailableFilter 
INFO  20:20:22,513 MicroScheduler -   -> 81468 reads (4.92% of total) failing MappingQualityZeroFilter 
INFO  20:20:22,514 MicroScheduler -   -> 138 reads (0.01% of total) failing NotPrimaryAlignmentFilter 
INFO  20:20:22,514 MicroScheduler -   -> 0 reads (0.00% of total) failing UnmappedReadFilter 
