INFO  17:35:09,864 HelpFormatter - --------------------------------------------------------------------------------- 
INFO  17:35:09,866 HelpFormatter - The Genome Analysis Toolkit (GATK) v3.4-46-g8ea4dca, Compiled 2015/08/13 20:41:56 
INFO  17:35:09,867 HelpFormatter - Copyright (c) 2010 The Broad Institute 
INFO  17:35:09,867 HelpFormatter - For support and documentation go to http://www.broadinstitute.org/gatk 
INFO  17:35:09,873 HelpFormatter - Program Args: -T BaseRecalibrator -I /home/opt/data/broadout/FC1-NA12878-01_S1_L001_gatk_best_practices_36t_30s_2015-11-10_16-39-49/FC1-NA12878-01_S1_L001_realign.bam -L /home/beris/Broad_Ref_Pipeline_approved_package/workflow_profiler/.queue/scatterGather/ExampleBaseRecalibrator-1-sg/temp_01_of_24/scatter.intervals -R /home/beris/Broad_Ref_Pipeline_approved_package/homosapiensrefgenome/Homo_sapiens_assembly19.fasta -knownSites /home/beris/Broad_Ref_Pipeline_approved_package/homosapiensrefgenome/Homo_sapiens_assembly19.dbsnp.vcf -o /home/beris/Broad_Ref_Pipeline_approved_package/workflow_profiler/.queue/scatterGather/ExampleBaseRecalibrator-1-sg/temp_01_of_24/FC1-NA12878-01_S1_L001_recal.grp 
INFO  17:35:09,879 HelpFormatter - Executing as beris@dna on Linux 2.6.32-573.el6.x86_64 amd64; OpenJDK 64-Bit Server VM 1.7.0_79-mockbuild_2015_07_24_09_26-b00. 
INFO  17:35:09,879 HelpFormatter - Date/Time: 2015/11/10 17:35:09 
INFO  17:35:09,879 HelpFormatter - --------------------------------------------------------------------------------- 
INFO  17:35:09,879 HelpFormatter - --------------------------------------------------------------------------------- 
INFO  17:35:09,946 GenomeAnalysisEngine - Strictness is SILENT 
INFO  17:35:10,037 GenomeAnalysisEngine - Downsampling Settings: No downsampling 
INFO  17:35:10,044 SAMDataSource$SAMReaders - Initializing SAMRecords in serial 
INFO  17:35:10,077 SAMDataSource$SAMReaders - Done initializing BAM readers: total time 0.03 
INFO  17:35:10,520 IntervalUtils - Processing 3736548 bp from intervals 
INFO  17:35:10,695 GenomeAnalysisEngine - Preparing for traversal over 1 BAM files 
INFO  17:35:11,070 GenomeAnalysisEngine - Done preparing for traversal 
INFO  17:35:11,070 ProgressMeter - [INITIALIZATION COMPLETE; STARTING PROCESSING] 
INFO  17:35:11,071 ProgressMeter -                 | processed |    time |    per 1M |           |   total | remaining 
INFO  17:35:11,071 ProgressMeter -        Location |     reads | elapsed |     reads | completed | runtime |   runtime 
INFO  17:35:11,094 BaseRecalibrator - The covariates being used here:  
INFO  17:35:11,095 BaseRecalibrator - 	ReadGroupCovariate 
INFO  17:35:11,095 BaseRecalibrator - 	QualityScoreCovariate 
INFO  17:35:11,095 BaseRecalibrator - 	ContextCovariate 
INFO  17:35:11,095 ContextCovariate - 		Context sizes: base substitution model 2, indel substitution model 3 
INFO  17:35:11,096 BaseRecalibrator - 	CycleCovariate 
INFO  17:35:11,098 ReadShardBalancer$1 - Loading BAM index data 
INFO  17:35:11,597 ReadShardBalancer$1 - Done loading BAM index data 
INFO  17:35:41,075 ProgressMeter -      1:16902902    100002.0    30.0 s       5.0 m       11.6%     4.3 m       3.8 m 
INFO  17:36:11,078 ProgressMeter -      1:43642955    300004.0    60.0 s       3.3 m       29.4%     3.4 m       2.4 m 
INFO  17:36:41,081 ProgressMeter -      1:89409263    600007.0    90.0 s       2.5 m       44.8%     3.3 m     110.0 s 
INFO  17:37:11,166 ProgressMeter -     1:155308001    900010.0   120.0 s       2.2 m       64.3%     3.1 m      66.0 s 
INFO  17:37:41,174 ProgressMeter -     1:205567070   1200013.0     2.5 m       2.1 m       85.8%     2.9 m      24.0 s 
INFO  17:38:03,046 BaseRecalibrator - Calculating quantized quality scores... 
INFO  17:38:03,088 BaseRecalibrator - Writing recalibration report... 
INFO  17:38:03,649 BaseRecalibrator - ...done! 
INFO  17:38:03,650 BaseRecalibrator - BaseRecalibrator was able to recalibrate 1537907 reads 
INFO  17:38:03,651 ProgressMeter -            done   1537907.0     2.9 m     112.0 s      100.0%     2.9 m       0.0 s 
INFO  17:38:03,651 ProgressMeter - Total runtime 172.58 secs, 2.88 min, 0.05 hours 
INFO  17:38:03,651 MicroScheduler - 118941 reads were filtered out during the traversal out of approximately 1656848 total reads (7.18%) 
INFO  17:38:03,651 MicroScheduler -   -> 0 reads (0.00% of total) failing BadCigarFilter 
INFO  17:38:03,651 MicroScheduler -   -> 63704 reads (3.84% of total) failing DuplicateReadFilter 
INFO  17:38:03,652 MicroScheduler -   -> 0 reads (0.00% of total) failing FailsVendorQualityCheckFilter 
INFO  17:38:03,652 MicroScheduler -   -> 0 reads (0.00% of total) failing MalformedReadFilter 
INFO  17:38:03,652 MicroScheduler -   -> 0 reads (0.00% of total) failing MappingQualityUnavailableFilter 
INFO  17:38:03,652 MicroScheduler -   -> 55082 reads (3.32% of total) failing MappingQualityZeroFilter 
INFO  17:38:03,652 MicroScheduler -   -> 155 reads (0.01% of total) failing NotPrimaryAlignmentFilter 
INFO  17:38:03,652 MicroScheduler -   -> 0 reads (0.00% of total) failing UnmappedReadFilter 
