INFO  19:54:43,563 HelpFormatter - --------------------------------------------------------------------------------- 
INFO  19:54:43,577 HelpFormatter - The Genome Analysis Toolkit (GATK) v3.4-46-g8ea4dca, Compiled 2015/08/13 20:41:56 
INFO  19:54:43,577 HelpFormatter - Copyright (c) 2010 The Broad Institute 
INFO  19:54:43,577 HelpFormatter - For support and documentation go to http://www.broadinstitute.org/gatk 
INFO  19:54:43,658 HelpFormatter - Program Args: -T BaseRecalibrator -I /mnt/nvme0n1/data/broadout/HG02771_gatk_best_practices_8t_30s_2016-07-06_18-21-02/HG02771_realign.bam -L /mnt/nvme0n1/Broad_Ref_Pipeline_approved_package/workflow_profiler/.queue/scatterGather/ExampleBaseRecalibrator-1-sg/temp_01_of_24/scatter.intervals -R /mnt/nvme0n1/Broad_Ref_Pipeline_approved_package/b37bundle/human_g1k_v37.fasta -knownSites /mnt/nvme0n1/Broad_Ref_Pipeline_approved_package/b37bundle/dbsnp_138.b37.vcf -o /mnt/nvme0n1/Broad_Ref_Pipeline_approved_package/workflow_profiler/.queue/scatterGather/ExampleBaseRecalibrator-1-sg/temp_01_of_24/HG02771_recal.grp 
INFO  19:54:43,696 HelpFormatter - Executing as bshifaw@application-1-1.hudson.intel.com on Linux 3.10.0-327.el7.x86_64 amd64; OpenJDK 64-Bit Server VM 1.8.0_91-b14. 
INFO  19:54:43,717 HelpFormatter - Date/Time: 2016/07/06 19:54:43 
INFO  19:54:43,718 HelpFormatter - --------------------------------------------------------------------------------- 
INFO  19:54:43,718 HelpFormatter - --------------------------------------------------------------------------------- 
INFO  19:54:43,947 GenomeAnalysisEngine - Strictness is SILENT 
INFO  19:54:44,314 GenomeAnalysisEngine - Downsampling Settings: No downsampling 
INFO  19:54:44,323 SAMDataSource$SAMReaders - Initializing SAMRecords in serial 
INFO  19:54:44,382 SAMDataSource$SAMReaders - Done initializing BAM readers: total time 0.06 
INFO  19:54:45,067 IntervalUtils - Processing 5277211 bp from intervals 
INFO  19:54:45,270 GenomeAnalysisEngine - Preparing for traversal over 1 BAM files 
INFO  19:54:45,698 GenomeAnalysisEngine - Done preparing for traversal 
INFO  19:54:45,712 ProgressMeter - [INITIALIZATION COMPLETE; STARTING PROCESSING] 
INFO  19:54:45,713 ProgressMeter -                 | processed |    time |    per 1M |           |   total | remaining 
INFO  19:54:45,713 ProgressMeter -        Location |     reads | elapsed |     reads | completed | runtime |   runtime 
INFO  19:54:45,791 BaseRecalibrator - The covariates being used here:  
INFO  19:54:45,794 BaseRecalibrator - 	ReadGroupCovariate 
INFO  19:54:45,794 BaseRecalibrator - 	QualityScoreCovariate 
INFO  19:54:45,795 BaseRecalibrator - 	ContextCovariate 
INFO  19:54:45,795 ContextCovariate - 		Context sizes: base substitution model 2, indel substitution model 3 
INFO  19:54:45,795 BaseRecalibrator - 	CycleCovariate 
INFO  19:54:45,797 ReadShardBalancer$1 - Loading BAM index data 
INFO  19:54:46,355 ReadShardBalancer$1 - Done loading BAM index data 
INFO  19:55:16,576 ProgressMeter -        1:957559         0.0    30.0 s      51.0 w        0.4%     2.3 h       2.3 h 
INFO  19:55:48,918 ProgressMeter -       1:3394994    100003.0    63.0 s      10.5 m        2.9%    36.4 m      35.4 m 
INFO  19:56:19,188 ProgressMeter -       1:9784148    300005.0    93.0 s       5.2 m        5.7%    27.0 m      25.5 m 
INFO  19:56:50,512 ProgressMeter -      1:12316549    400006.0     2.1 m       5.2 m        8.0%    25.8 m      23.8 m 
INFO  19:57:22,342 ProgressMeter -      1:16893785    700033.0     2.6 m       3.7 m       10.8%    24.0 m      21.4 m 
INFO  19:57:52,343 ProgressMeter -      1:21220030    900037.0     3.1 m       3.5 m       13.6%    22.7 m      19.6 m 
INFO  19:58:22,345 ProgressMeter -      1:26440864   1100039.0     3.6 m       3.3 m       17.1%    21.0 m      17.4 m 
INFO  19:58:52,346 ProgressMeter -      1:32670232   1400044.0     4.1 m       2.9 m       21.1%    19.4 m      15.3 m 
INFO  19:59:22,389 ProgressMeter -      1:40313800   1800056.0     4.6 m       2.6 m       26.3%    17.5 m      12.9 m 
INFO  19:59:52,391 ProgressMeter -      1:47080813   2200078.0     5.1 m       2.3 m       31.4%    16.2 m      11.1 m 
INFO  20:00:22,473 ProgressMeter -      1:74832984   2800088.0     5.6 m     120.0 s       39.0%    14.4 m       8.8 m 
INFO  20:00:52,649 ProgressMeter -     1:104116454   3300097.0     6.1 m     111.0 s       46.3%    13.2 m       7.1 m 
INFO  20:01:22,653 ProgressMeter -     1:144866601   3800119.0     6.6 m     104.0 s       53.4%    12.4 m       5.8 m 
INFO  20:01:52,658 ProgressMeter -     1:152636773   4400164.0     7.1 m      97.0 s       59.1%    12.0 m       4.9 m 
INFO  20:02:22,662 ProgressMeter -     1:158632609   5100192.0     7.6 m      89.0 s       66.4%    11.5 m       3.9 m 
INFO  20:02:52,883 ProgressMeter -     1:176734848   5700201.0     8.1 m      85.0 s       74.0%    11.0 m       2.9 m 
INFO  20:03:23,721 ProgressMeter -     1:203155815   6300218.0     8.6 m      82.0 s       82.8%    10.4 m     107.0 s 
INFO  20:03:53,725 ProgressMeter -     1:224491464   6900229.0     9.1 m      79.0 s       90.6%    10.1 m      56.0 s 
INFO  20:04:23,727 ProgressMeter -     1:248486969   7500236.0     9.6 m      77.0 s       99.5%     9.7 m       2.0 s 
INFO  20:04:25,109 BaseRecalibrator - Calculating quantized quality scores... 
INFO  20:04:25,130 BaseRecalibrator - Writing recalibration report... 
INFO  20:04:25,763 BaseRecalibrator - ...done! 
INFO  20:04:25,763 BaseRecalibrator - BaseRecalibrator was able to recalibrate 7604147 reads 
INFO  20:04:25,764 ProgressMeter -            done   7604147.0     9.7 m      76.0 s      100.0%     9.7 m       0.0 s 
INFO  20:04:25,764 ProgressMeter - Total runtime 580.05 secs, 9.67 min, 0.16 hours 
INFO  20:04:25,764 MicroScheduler - 1973434 reads were filtered out during the traversal out of approximately 9577581 total reads (20.60%) 
INFO  20:04:25,764 MicroScheduler -   -> 0 reads (0.00% of total) failing BadCigarFilter 
INFO  20:04:25,765 MicroScheduler -   -> 1275245 reads (13.31% of total) failing DuplicateReadFilter 
INFO  20:04:25,765 MicroScheduler -   -> 0 reads (0.00% of total) failing FailsVendorQualityCheckFilter 
INFO  20:04:25,765 MicroScheduler -   -> 0 reads (0.00% of total) failing MalformedReadFilter 
INFO  20:04:25,765 MicroScheduler -   -> 0 reads (0.00% of total) failing MappingQualityUnavailableFilter 
INFO  20:04:25,765 MicroScheduler -   -> 697383 reads (7.28% of total) failing MappingQualityZeroFilter 
INFO  20:04:25,765 MicroScheduler -   -> 806 reads (0.01% of total) failing NotPrimaryAlignmentFilter 
INFO  20:04:25,765 MicroScheduler -   -> 0 reads (0.00% of total) failing UnmappedReadFilter 
