INFO  16:52:39,608 HelpFormatter - --------------------------------------------------------------------------------- 
INFO  16:52:39,610 HelpFormatter - The Genome Analysis Toolkit (GATK) v3.4-46-g8ea4dca, Compiled 2015/08/13 20:41:56 
INFO  16:52:39,610 HelpFormatter - Copyright (c) 2010 The Broad Institute 
INFO  16:52:39,611 HelpFormatter - For support and documentation go to http://www.broadinstitute.org/gatk 
INFO  16:52:39,614 HelpFormatter - Program Args: -T BaseRecalibrator -I /cluster_share/data/out/HG02769_gatk_best_practices_36t_30s_2016-11-28_15-18-37/HG02769_realign.bam -L /cluster_share/data/Broad_Ref_Pipeline_approved_package/workflow_profiler/.queue/scatterGather/ExampleBaseRecalibrator-1-sg/temp_11_of_24/scatter.intervals -R /cluster_share/data/reference/b37bundle/human_g1k_v37.fasta -knownSites /cluster_share/data/reference/b37bundle/dbsnp_138.b37.vcf -o /cluster_share/data/Broad_Ref_Pipeline_approved_package/workflow_profiler/.queue/scatterGather/ExampleBaseRecalibrator-1-sg/temp_11_of_24/HG02769_recal.grp 
INFO  16:52:39,617 HelpFormatter - Executing as bshifaw@compute-1-1.hudson.intel.com on Linux 3.10.0-327.13.1.el7.x86_64 amd64; OpenJDK 64-Bit Server VM 1.8.0_111-b15. 
INFO  16:52:39,618 HelpFormatter - Date/Time: 2016/11/28 16:52:39 
INFO  16:52:39,618 HelpFormatter - --------------------------------------------------------------------------------- 
INFO  16:52:39,618 HelpFormatter - --------------------------------------------------------------------------------- 
INFO  16:52:39,676 GenomeAnalysisEngine - Strictness is SILENT 
INFO  16:52:39,838 GenomeAnalysisEngine - Downsampling Settings: No downsampling 
INFO  16:52:39,844 SAMDataSource$SAMReaders - Initializing SAMRecords in serial 
INFO  16:52:39,900 SAMDataSource$SAMReaders - Done initializing BAM readers: total time 0.06 
WARN  16:52:39,921 FSLockWithShared$LockAcquisitionTask - WARNING: Unable to lock file /cluster_share/data/reference/b37bundle/dbsnp_138.b37.vcf.idx because an IOException occurred with message: Function not implemented. 
INFO  16:52:39,923 RMDTrackBuilder - Could not acquire a shared lock on index file /cluster_share/data/reference/b37bundle/dbsnp_138.b37.vcf.idx, falling back to using an in-memory index for this GATK run. 
INFO  16:56:34,702 IntervalUtils - Processing 2986593 bp from intervals 
INFO  16:56:34,774 GenomeAnalysisEngine - Preparing for traversal over 1 BAM files 
INFO  16:56:34,949 GenomeAnalysisEngine - Done preparing for traversal 
INFO  16:56:34,950 ProgressMeter - [INITIALIZATION COMPLETE; STARTING PROCESSING] 
INFO  16:56:34,950 ProgressMeter -                 | processed |    time |    per 1M |           |   total | remaining 
INFO  16:56:34,951 ProgressMeter -        Location |     reads | elapsed |     reads | completed | runtime |   runtime 
INFO  16:56:34,984 BaseRecalibrator - The covariates being used here:  
INFO  16:56:34,984 BaseRecalibrator - 	ReadGroupCovariate 
INFO  16:56:34,984 BaseRecalibrator - 	QualityScoreCovariate 
INFO  16:56:34,984 BaseRecalibrator - 	ContextCovariate 
INFO  16:56:34,984 ContextCovariate - 		Context sizes: base substitution model 2, indel substitution model 3 
INFO  16:56:34,985 BaseRecalibrator - 	CycleCovariate 
INFO  16:56:34,989 ReadShardBalancer$1 - Loading BAM index data 
INFO  16:56:35,076 ReadShardBalancer$1 - Done loading BAM index data 
INFO  16:57:05,043 ProgressMeter -      11:6636140    400018.0    30.0 s      75.0 s       12.1%     4.1 m       3.6 m 
INFO  16:57:35,047 ProgressMeter -     11:26725156   1000031.0    60.0 s      60.0 s       23.6%     4.2 m       3.2 m 
INFO  16:58:05,049 ProgressMeter -     11:56511333   1500038.0    90.0 s      60.0 s       36.3%     4.1 m       2.6 m 
INFO  16:58:35,051 ProgressMeter -     11:64023223   2100058.0   120.0 s      57.0 s       48.2%     4.2 m       2.2 m 
INFO  16:59:05,054 ProgressMeter -     11:71715360   2700068.0     2.5 m      55.0 s       63.6%     3.9 m      85.0 s 
INFO  16:59:35,856 ProgressMeter -    11:103049803   3300078.0     3.0 m      54.0 s       78.5%     3.8 m      49.0 s 
INFO  17:00:05,875 ProgressMeter -    11:121498344   3900090.0     3.5 m      54.0 s       92.6%     3.8 m      16.0 s 
INFO  17:00:20,613 BaseRecalibrator - Calculating quantized quality scores... 
INFO  17:00:20,637 BaseRecalibrator - Writing recalibration report... 
INFO  17:00:22,025 BaseRecalibrator - ...done! 
INFO  17:00:22,025 BaseRecalibrator - BaseRecalibrator was able to recalibrate 4285024 reads 
INFO  17:00:22,027 ProgressMeter -            done   4285024.0     3.8 m      52.0 s      100.0%     3.8 m       0.0 s 
INFO  17:00:22,027 ProgressMeter - Total runtime 227.08 secs, 3.78 min, 0.06 hours 
INFO  17:00:22,027 MicroScheduler - 862641 reads were filtered out during the traversal out of approximately 5147665 total reads (16.76%) 
INFO  17:00:22,028 MicroScheduler -   -> 0 reads (0.00% of total) failing BadCigarFilter 
INFO  17:00:22,028 MicroScheduler -   -> 718093 reads (13.95% of total) failing DuplicateReadFilter 
INFO  17:00:22,028 MicroScheduler -   -> 0 reads (0.00% of total) failing FailsVendorQualityCheckFilter 
INFO  17:00:22,028 MicroScheduler -   -> 0 reads (0.00% of total) failing MalformedReadFilter 
INFO  17:00:22,028 MicroScheduler -   -> 0 reads (0.00% of total) failing MappingQualityUnavailableFilter 
INFO  17:00:22,029 MicroScheduler -   -> 143993 reads (2.80% of total) failing MappingQualityZeroFilter 
INFO  17:00:22,029 MicroScheduler -   -> 555 reads (0.01% of total) failing NotPrimaryAlignmentFilter 
INFO  17:00:22,029 MicroScheduler -   -> 0 reads (0.00% of total) failing UnmappedReadFilter 
