INFO  19:30:03,184 HelpFormatter - --------------------------------------------------------------------------------- 
INFO  19:30:03,194 HelpFormatter - The Genome Analysis Toolkit (GATK) v3.4-46-g8ea4dca, Compiled 2015/08/13 20:41:56 
INFO  19:30:03,199 HelpFormatter - Copyright (c) 2010 The Broad Institute 
INFO  19:30:03,199 HelpFormatter - For support and documentation go to http://www.broadinstitute.org/gatk 
INFO  19:30:03,203 HelpFormatter - Program Args: -T IndelRealigner -I /mnt/nvme0n1/data/broadout/HG02561_gatk_best_practices_8t_30s_2016-07-06_18-21-00/HG02561_dupRem.bam -L /mnt/nvme0n1/Broad_Ref_Pipeline_approved_package/workflow_profiler/.queue/scatterGather/ExampleIndelRealigner-1-sg/temp_02_of_36/scatter.intervals -R /mnt/nvme0n1/Broad_Ref_Pipeline_approved_package/b37bundle/human_g1k_v37.fasta -known /mnt/nvme0n1/Broad_Ref_Pipeline_approved_package/b37bundle/1000G_phase1.indels.b37.vcf -targetIntervals /mnt/nvme0n1/data/broadout/HG02561_gatk_best_practices_8t_30s_2016-07-06_18-21-00/HG02561_realn.intervals -o /mnt/nvme0n1/Broad_Ref_Pipeline_approved_package/workflow_profiler/.queue/scatterGather/ExampleIndelRealigner-1-sg/temp_02_of_36/HG02561_realign.bam -filterNoBases 
INFO  19:30:03,232 HelpFormatter - Executing as bshifaw@application-1-1.hudson.intel.com on Linux 3.10.0-327.el7.x86_64 amd64; OpenJDK 64-Bit Server VM 1.8.0_91-b14. 
INFO  19:30:03,232 HelpFormatter - Date/Time: 2016/07/06 19:30:03 
INFO  19:30:03,232 HelpFormatter - --------------------------------------------------------------------------------- 
INFO  19:30:03,233 HelpFormatter - --------------------------------------------------------------------------------- 
INFO  19:30:03,659 GenomeAnalysisEngine - Strictness is SILENT 
INFO  19:30:03,999 GenomeAnalysisEngine - Downsampling Settings: No downsampling 
INFO  19:30:04,013 SAMDataSource$SAMReaders - Initializing SAMRecords in serial 
INFO  19:30:04,187 SAMDataSource$SAMReaders - Done initializing BAM readers: total time 0.17 
INFO  19:30:04,709 IntervalUtils - Processing 243199373 bp from intervals 
INFO  19:30:05,447 GenomeAnalysisEngine - Preparing for traversal over 1 BAM files 
INFO  19:30:06,716 GenomeAnalysisEngine - Done preparing for traversal 
INFO  19:30:06,716 ProgressMeter - [INITIALIZATION COMPLETE; STARTING PROCESSING] 
INFO  19:30:06,725 ProgressMeter -                 | processed |    time |    per 1M |           |   total | remaining 
INFO  19:30:06,726 ProgressMeter -        Location |     reads | elapsed |     reads | completed | runtime |   runtime 
INFO  19:30:07,352 ReadShardBalancer$1 - Loading BAM index data 
INFO  19:30:09,014 ReadShardBalancer$1 - Done loading BAM index data 
INFO  19:30:36,745 ProgressMeter -      2:10016179    100001.0    30.0 s       5.0 m        4.1%    12.1 m      11.6 m 
INFO  19:31:06,747 ProgressMeter -      2:27356045    600009.0    60.0 s     100.0 s       11.2%     8.9 m       7.9 m 
INFO  19:31:36,867 ProgressMeter -      2:44565595   1200035.0    90.0 s      75.0 s       18.3%     8.2 m       6.7 m 
INFO  19:32:07,148 ProgressMeter -      2:74689741   2000065.0   120.0 s      60.0 s       30.7%     6.5 m       4.5 m 
INFO  19:32:37,151 ProgressMeter -     2:107029613   3100092.0     2.5 m      48.0 s       44.0%     5.7 m       3.2 m 
INFO  19:33:07,152 ProgressMeter -     2:160205554   4600153.0     3.0 m      39.0 s       65.9%     4.6 m      93.0 s 
INFO  19:33:37,301 ProgressMeter -     2:216230262   6400231.0     3.5 m      32.0 s       88.9%     3.9 m      26.0 s 
INFO  19:33:56,635 ProgressMeter -            done   7663836.0     3.8 m      30.0 s      100.0%     3.8 m       0.0 s 
INFO  19:33:56,635 ProgressMeter - Total runtime 229.92 secs, 3.83 min, 0.06 hours 
INFO  19:33:56,638 MicroScheduler - 201217 reads were filtered out during the traversal out of approximately 7865053 total reads (2.56%) 
INFO  19:33:56,638 MicroScheduler -   -> 0 reads (0.00% of total) failing BadCigarFilter 
INFO  19:33:56,638 MicroScheduler -   -> 201217 reads (2.56% of total) failing MalformedReadFilter 
