INFO  17:23:09,601 HelpFormatter - --------------------------------------------------------------------------------- 
INFO  17:23:09,604 HelpFormatter - The Genome Analysis Toolkit (GATK) v3.4-46-g8ea4dca, Compiled 2015/08/13 20:41:56 
INFO  17:23:09,604 HelpFormatter - Copyright (c) 2010 The Broad Institute 
INFO  17:23:09,605 HelpFormatter - For support and documentation go to http://www.broadinstitute.org/gatk 
INFO  17:23:09,609 HelpFormatter - Program Args: -T IndelRealigner -I /home/opt/data/broadout/FC1-NA12878-01_S1_L001_gatk_best_practices_36t_30s_2015-11-10_16-39-49/FC1-NA12878-01_S1_L001_dupRem.bam -L /home/beris/Broad_Ref_Pipeline_approved_package/workflow_profiler/.queue/scatterGather/ExampleIndelRealigner-1-sg/temp_02_of_36/scatter.intervals -R /home/beris/Broad_Ref_Pipeline_approved_package/homosapiensrefgenome/Homo_sapiens_assembly19.fasta -known /home/beris/Broad_Ref_Pipeline_approved_package/homosapiensrefgenome/Homo_sapiens_assembly19.known_indels.vcf -targetIntervals /home/opt/data/broadout/FC1-NA12878-01_S1_L001_gatk_best_practices_36t_30s_2015-11-10_16-39-49/FC1-NA12878-01_S1_L001_realn.intervals -o /home/beris/Broad_Ref_Pipeline_approved_package/workflow_profiler/.queue/scatterGather/ExampleIndelRealigner-1-sg/temp_02_of_36/FC1-NA12878-01_S1_L001_realign.bam -filterNoBases 
INFO  17:23:09,616 HelpFormatter - Executing as beris@dna on Linux 2.6.32-573.el6.x86_64 amd64; OpenJDK 64-Bit Server VM 1.7.0_79-mockbuild_2015_07_24_09_26-b00. 
INFO  17:23:09,616 HelpFormatter - Date/Time: 2015/11/10 17:23:09 
INFO  17:23:09,617 HelpFormatter - --------------------------------------------------------------------------------- 
INFO  17:23:09,617 HelpFormatter - --------------------------------------------------------------------------------- 
INFO  17:23:09,947 GenomeAnalysisEngine - Strictness is SILENT 
INFO  17:23:10,173 GenomeAnalysisEngine - Downsampling Settings: No downsampling 
INFO  17:23:10,191 SAMDataSource$SAMReaders - Initializing SAMRecords in serial 
INFO  17:23:10,227 SAMDataSource$SAMReaders - Done initializing BAM readers: total time 0.04 
INFO  17:23:10,591 IntervalUtils - Processing 243199373 bp from intervals 
INFO  17:23:10,725 GenomeAnalysisEngine - Preparing for traversal over 1 BAM files 
INFO  17:23:14,477 GenomeAnalysisEngine - Done preparing for traversal 
INFO  17:23:14,485 ProgressMeter - [INITIALIZATION COMPLETE; STARTING PROCESSING] 
INFO  17:23:14,485 ProgressMeter -                 | processed |    time |    per 1M |           |   total | remaining 
INFO  17:23:14,485 ProgressMeter -        Location |     reads | elapsed |     reads | completed | runtime |   runtime 
INFO  17:23:15,118 ReadShardBalancer$1 - Loading BAM index data 
INFO  17:23:17,170 ReadShardBalancer$1 - Done loading BAM index data 
INFO  17:23:45,097 ProgressMeter -      2:15629017         0.0    30.0 s      49.7 w        6.4%     7.8 m       7.3 m 
INFO  17:24:19,004 ProgressMeter -     2:107042524   1000019.0    64.0 s      64.0 s       44.0%     2.4 m      81.0 s 
INFO  17:24:49,005 ProgressMeter -     2:219875372   2300057.0    94.0 s      41.0 s       90.4%   103.0 s       9.0 s 
INFO  17:24:54,803 ProgressMeter -            done   2636090.0   100.0 s      38.0 s      100.0%   100.0 s       0.0 s 
INFO  17:24:54,804 ProgressMeter - Total runtime 100.32 secs, 1.67 min, 0.03 hours 
INFO  17:24:54,808 MicroScheduler - 300090 reads were filtered out during the traversal out of approximately 2936180 total reads (10.22%) 
INFO  17:24:54,809 MicroScheduler -   -> 0 reads (0.00% of total) failing BadCigarFilter 
INFO  17:24:54,809 MicroScheduler -   -> 300090 reads (10.22% of total) failing MalformedReadFilter 
