INFO  17:50:47,802 HelpFormatter - --------------------------------------------------------------------------------- 
INFO  17:50:47,805 HelpFormatter - The Genome Analysis Toolkit (GATK) v3.4-46-g8ea4dca, Compiled 2015/08/13 20:41:56 
INFO  17:50:47,806 HelpFormatter - Copyright (c) 2010 The Broad Institute 
INFO  17:50:47,806 HelpFormatter - For support and documentation go to http://www.broadinstitute.org/gatk 
INFO  17:50:47,823 HelpFormatter - Program Args: -T IndelRealigner -I /mnt/sdb/data/broadout/HG02769_gatk_best_practices_8t_30s_2016-07-25_16-38-44/HG02769_dupRem.bam -L /mnt/sdb/Broad_Ref_Pipeline_approved_package/workflow_profiler/.queue/scatterGather/ExampleIndelRealigner-1-sg/temp_02_of_36/scatter.intervals -R /mnt/sdb/Broad_Ref_Pipeline_approved_package/b37bundle/human_g1k_v37.fasta -known /mnt/sdb/Broad_Ref_Pipeline_approved_package/b37bundle/1000G_phase1.indels.b37.vcf -targetIntervals /mnt/sdb/data/broadout/HG02769_gatk_best_practices_8t_30s_2016-07-25_16-38-44/HG02769_realn.intervals -o /mnt/sdb/Broad_Ref_Pipeline_approved_package/workflow_profiler/.queue/scatterGather/ExampleIndelRealigner-1-sg/temp_02_of_36/HG02769_realign.bam -filterNoBases 
INFO  17:50:47,829 HelpFormatter - Executing as bshifaw@application-0-1.hudson.intel.com on Linux 3.10.0-327.el7.x86_64 amd64; OpenJDK 64-Bit Server VM 1.8.0_101-b13. 
INFO  17:50:47,830 HelpFormatter - Date/Time: 2016/07/25 17:50:47 
INFO  17:50:47,830 HelpFormatter - --------------------------------------------------------------------------------- 
INFO  17:50:47,830 HelpFormatter - --------------------------------------------------------------------------------- 
INFO  17:50:48,595 GenomeAnalysisEngine - Strictness is SILENT 
INFO  17:50:48,897 GenomeAnalysisEngine - Downsampling Settings: No downsampling 
INFO  17:50:48,943 SAMDataSource$SAMReaders - Initializing SAMRecords in serial 
INFO  17:50:49,088 SAMDataSource$SAMReaders - Done initializing BAM readers: total time 0.13 
INFO  17:50:49,425 IntervalUtils - Processing 243199373 bp from intervals 
INFO  17:50:49,539 GenomeAnalysisEngine - Preparing for traversal over 1 BAM files 
INFO  17:50:50,319 GenomeAnalysisEngine - Done preparing for traversal 
INFO  17:50:50,330 ProgressMeter - [INITIALIZATION COMPLETE; STARTING PROCESSING] 
INFO  17:50:50,330 ProgressMeter -                 | processed |    time |    per 1M |           |   total | remaining 
INFO  17:50:50,330 ProgressMeter -        Location |     reads | elapsed |     reads | completed | runtime |   runtime 
INFO  17:50:50,693 ReadShardBalancer$1 - Loading BAM index data 
INFO  17:50:52,050 ReadShardBalancer$1 - Done loading BAM index data 
INFO  17:51:20,368 ProgressMeter -       2:9985388    100001.0    30.0 s       5.0 m        4.1%    12.2 m      11.7 m 
INFO  17:51:52,964 ProgressMeter -      2:27605317    600008.0    62.0 s     104.0 s       11.4%     9.1 m       8.1 m 
INFO  17:52:31,189 ProgressMeter -      2:33783841    900021.0   100.0 s     112.0 s       13.9%    12.0 m      10.3 m 
INFO  17:53:01,323 ProgressMeter -      2:43520452   1100024.0     2.2 m     119.0 s       17.9%    12.1 m       9.9 m 
INFO  17:53:34,762 ProgressMeter -      2:54036360   1300028.0     2.7 m       2.1 m       22.2%    12.3 m       9.6 m 
INFO  17:54:04,763 ProgressMeter -      2:71043147   1800044.0     3.2 m     108.0 s       29.2%    11.1 m       7.8 m 
INFO  17:54:34,770 ProgressMeter -      2:85820131   2200048.0     3.7 m     102.0 s       35.3%    10.6 m       6.8 m 
INFO  17:55:04,772 ProgressMeter -      2:96968978   2700064.0     4.2 m      94.0 s       39.9%    10.6 m       6.4 m 
INFO  17:55:34,773 ProgressMeter -     2:113147139   3400105.0     4.7 m      83.0 s       46.5%    10.2 m       5.4 m 
INFO  17:56:04,773 ProgressMeter -     2:152487684   4300140.0     5.2 m      73.0 s       62.7%     8.3 m       3.1 m 
INFO  17:56:34,774 ProgressMeter -     2:190640344   5600187.0     5.7 m      61.0 s       78.4%     7.3 m      94.0 s 
INFO  17:57:04,776 ProgressMeter -     2:242435959   7300224.0     6.2 m      51.0 s       99.7%     6.3 m       1.0 s 
INFO  17:57:05,314 ProgressMeter -            done   7428168.0     6.2 m      50.0 s      100.0%     6.2 m       0.0 s 
INFO  17:57:05,315 ProgressMeter - Total runtime 374.98 secs, 6.25 min, 0.10 hours 
INFO  17:57:05,320 MicroScheduler - 225737 reads were filtered out during the traversal out of approximately 7653905 total reads (2.95%) 
INFO  17:57:05,320 MicroScheduler -   -> 0 reads (0.00% of total) failing BadCigarFilter 
INFO  17:57:05,321 MicroScheduler -   -> 225737 reads (2.95% of total) failing MalformedReadFilter 
