INFO  19:29:08,654 HelpFormatter - --------------------------------------------------------------------------------- 
INFO  19:29:08,661 HelpFormatter - The Genome Analysis Toolkit (GATK) v3.4-46-g8ea4dca, Compiled 2015/08/13 20:41:56 
INFO  19:29:08,666 HelpFormatter - Copyright (c) 2010 The Broad Institute 
INFO  19:29:08,667 HelpFormatter - For support and documentation go to http://www.broadinstitute.org/gatk 
INFO  19:29:08,671 HelpFormatter - Program Args: -T IndelRealigner -I /mnt/nvme0n1/data/broadout/HG02571_gatk_best_practices_8t_30s_2016-07-06_18-21-01/HG02571_dupRem.bam -L /mnt/nvme0n1/Broad_Ref_Pipeline_approved_package/workflow_profiler/.queue/scatterGather/ExampleIndelRealigner-1-sg/temp_02_of_36/scatter.intervals -R /mnt/nvme0n1/Broad_Ref_Pipeline_approved_package/b37bundle/human_g1k_v37.fasta -known /mnt/nvme0n1/Broad_Ref_Pipeline_approved_package/b37bundle/1000G_phase1.indels.b37.vcf -targetIntervals /mnt/nvme0n1/data/broadout/HG02571_gatk_best_practices_8t_30s_2016-07-06_18-21-01/HG02571_realn.intervals -o /mnt/nvme0n1/Broad_Ref_Pipeline_approved_package/workflow_profiler/.queue/scatterGather/ExampleIndelRealigner-1-sg/temp_02_of_36/HG02571_realign.bam -filterNoBases 
INFO  19:29:08,690 HelpFormatter - Executing as bshifaw@application-1-1.hudson.intel.com on Linux 3.10.0-327.el7.x86_64 amd64; OpenJDK 64-Bit Server VM 1.8.0_91-b14. 
INFO  19:29:08,697 HelpFormatter - Date/Time: 2016/07/06 19:29:08 
INFO  19:29:08,698 HelpFormatter - --------------------------------------------------------------------------------- 
INFO  19:29:08,698 HelpFormatter - --------------------------------------------------------------------------------- 
INFO  19:29:09,562 GenomeAnalysisEngine - Strictness is SILENT 
INFO  19:29:09,927 GenomeAnalysisEngine - Downsampling Settings: No downsampling 
INFO  19:29:10,081 SAMDataSource$SAMReaders - Initializing SAMRecords in serial 
INFO  19:29:11,919 SAMDataSource$SAMReaders - Done initializing BAM readers: total time 1.84 
INFO  19:29:12,365 IntervalUtils - Processing 243199373 bp from intervals 
INFO  19:29:12,718 GenomeAnalysisEngine - Preparing for traversal over 1 BAM files 
INFO  19:29:13,583 GenomeAnalysisEngine - Done preparing for traversal 
INFO  19:29:13,596 ProgressMeter - [INITIALIZATION COMPLETE; STARTING PROCESSING] 
INFO  19:29:13,597 ProgressMeter -                 | processed |    time |    per 1M |           |   total | remaining 
INFO  19:29:13,612 ProgressMeter -        Location |     reads | elapsed |     reads | completed | runtime |   runtime 
INFO  19:29:13,962 ReadShardBalancer$1 - Loading BAM index data 
INFO  19:29:15,004 ReadShardBalancer$1 - Done loading BAM index data 
INFO  19:29:43,784 ProgressMeter -       2:8940628    100002.0    30.0 s       5.0 m        3.7%    13.6 m      13.1 m 
INFO  19:30:13,893 ProgressMeter -      2:25037327    400008.0    60.0 s       2.5 m       10.3%     9.7 m       8.7 m 
INFO  19:30:43,894 ProgressMeter -      2:31178757    800020.0    90.0 s     112.0 s       12.8%    11.7 m      10.2 m 
INFO  19:31:13,895 ProgressMeter -      2:55473484   1400037.0   120.0 s      85.0 s       22.8%     8.8 m       6.8 m 
INFO  19:31:43,896 ProgressMeter -      2:79254372   2100057.0     2.5 m      71.0 s       32.6%     7.7 m       5.2 m 
INFO  19:32:14,140 ProgressMeter -     2:102785017   2900071.0     3.0 m      62.0 s       42.3%     7.1 m       4.1 m 
INFO  19:32:44,440 ProgressMeter -     2:136743042   4100103.0     3.5 m      51.0 s       56.2%     6.2 m       2.7 m 
INFO  19:33:14,441 ProgressMeter -     2:201719408   5800143.0     4.0 m      41.0 s       82.9%     4.8 m      49.0 s 
INFO  19:33:38,502 ProgressMeter -            done   7417191.0     4.4 m      35.0 s      100.0%     4.4 m       0.0 s 
INFO  19:33:38,503 ProgressMeter - Total runtime 264.92 secs, 4.42 min, 0.07 hours 
INFO  19:33:38,506 MicroScheduler - 214551 reads were filtered out during the traversal out of approximately 7631742 total reads (2.81%) 
INFO  19:33:38,506 MicroScheduler -   -> 0 reads (0.00% of total) failing BadCigarFilter 
INFO  19:33:38,506 MicroScheduler -   -> 214551 reads (2.81% of total) failing MalformedReadFilter 
