INFO  15:57:33,359 HelpFormatter - --------------------------------------------------------------------------------- 
INFO  15:57:33,361 HelpFormatter - The Genome Analysis Toolkit (GATK) v3.4-46-g8ea4dca, Compiled 2015/08/13 20:41:56 
INFO  15:57:33,361 HelpFormatter - Copyright (c) 2010 The Broad Institute 
INFO  15:57:33,361 HelpFormatter - For support and documentation go to http://www.broadinstitute.org/gatk 
INFO  15:57:33,364 HelpFormatter - Program Args: -T IndelRealigner -I /mnt/sdb/data/broadout/sim1M_pairs_gatk_best_practices_36t_30s_2016-09-26_15-40-42/sim1M_pairs_dupRem.bam -L /home/bshifaw/gitrepos/Reference-Design/Broad_Ref_Pip/workflow_profiler/.queue/scatterGather/ExampleIndelRealigner-1-sg/temp_02_of_36/scatter.intervals -R /mnt/sdb/Broad_Ref_Pipeline_approved_package/homosapiensrefgenome/Homo_sapiens_assembly19.fasta -known /mnt/sdb/Broad_Ref_Pipeline_approved_package/homosapiensrefgenome/Homo_sapiens_assembly19.known_indels.vcf -targetIntervals /mnt/sdb/data/broadout/sim1M_pairs_gatk_best_practices_36t_30s_2016-09-26_15-40-42/sim1M_pairs_realn.intervals -o /home/bshifaw/gitrepos/Reference-Design/Broad_Ref_Pip/workflow_profiler/.queue/scatterGather/ExampleIndelRealigner-1-sg/temp_02_of_36/sim1M_pairs_realign.bam -filterNoBases 
INFO  15:57:33,381 HelpFormatter - Executing as bshifaw@application-0-1.hudson.intel.com on Linux 3.10.0-327.13.1.el7.x86_64 amd64; OpenJDK 64-Bit Server VM 1.8.0_102-b14. 
INFO  15:57:33,382 HelpFormatter - Date/Time: 2016/09/26 15:57:33 
INFO  15:57:33,382 HelpFormatter - --------------------------------------------------------------------------------- 
INFO  15:57:33,382 HelpFormatter - --------------------------------------------------------------------------------- 
INFO  15:57:33,542 GenomeAnalysisEngine - Strictness is SILENT 
INFO  15:57:33,680 GenomeAnalysisEngine - Downsampling Settings: No downsampling 
INFO  15:57:33,694 SAMDataSource$SAMReaders - Initializing SAMRecords in serial 
INFO  15:57:33,750 SAMDataSource$SAMReaders - Done initializing BAM readers: total time 0.06 
INFO  15:57:34,085 IntervalUtils - Processing 243199373 bp from intervals 
INFO  15:57:34,312 GenomeAnalysisEngine - Preparing for traversal over 1 BAM files 
INFO  15:57:34,748 GenomeAnalysisEngine - Done preparing for traversal 
INFO  15:57:34,748 ProgressMeter - [INITIALIZATION COMPLETE; STARTING PROCESSING] 
INFO  15:57:34,757 ProgressMeter -                 | processed |    time |    per 1M |           |   total | remaining 
INFO  15:57:34,758 ProgressMeter -        Location |     reads | elapsed |     reads | completed | runtime |   runtime 
INFO  15:57:36,151 ReadShardBalancer$1 - Loading BAM index data 
INFO  15:57:36,894 ReadShardBalancer$1 - Done loading BAM index data 
INFO  15:57:50,915 ProgressMeter -            done    153588.0    16.0 s     105.0 s       99.9%    16.0 s       0.0 s 
INFO  15:57:50,915 ProgressMeter - Total runtime 16.17 secs, 0.27 min, 0.00 hours 
INFO  15:57:50,918 MicroScheduler - 423 reads were filtered out during the traversal out of approximately 154011 total reads (0.27%) 
INFO  15:57:50,918 MicroScheduler -   -> 0 reads (0.00% of total) failing BadCigarFilter 
INFO  15:57:50,918 MicroScheduler -   -> 423 reads (0.27% of total) failing MalformedReadFilter 
