INFO  18:00:54,808 HelpFormatter - --------------------------------------------------------------------------------- 
INFO  18:00:54,811 HelpFormatter - The Genome Analysis Toolkit (GATK) v3.4-46-g8ea4dca, Compiled 2015/08/13 20:41:56 
INFO  18:00:54,811 HelpFormatter - Copyright (c) 2010 The Broad Institute 
INFO  18:00:54,811 HelpFormatter - For support and documentation go to http://www.broadinstitute.org/gatk 
INFO  18:00:54,814 HelpFormatter - Program Args: -T HaplotypeCaller -I /home/opt/data/broadout/FC1-NA12878-01_S1_L001_gatk_best_practices_36t_30s_2015-11-10_16-39-49/FC1-NA12878-01_S1_L001_realign.bam -L /home/beris/Broad_Ref_Pipeline_approved_package/workflow_profiler/.queue/scatterGather/ExampleHaplotypeCaller-1-sg/temp_01_of_36/scatter.intervals -R /home/beris/Broad_Ref_Pipeline_approved_package/homosapiensrefgenome/Homo_sapiens_assembly19.fasta -variant_index_type LINEAR -variant_index_parameter 128000 -o /home/beris/Broad_Ref_Pipeline_approved_package/workflow_profiler/.queue/scatterGather/ExampleHaplotypeCaller-1-sg/temp_01_of_36/FC1-NA12878-01_S1_L001_realign.bam_HaplotypeCaller.g.vcf -ERC GVCF 
INFO  18:00:54,823 HelpFormatter - Executing as beris@dna on Linux 2.6.32-573.el6.x86_64 amd64; OpenJDK 64-Bit Server VM 1.7.0_79-mockbuild_2015_07_24_09_26-b00. 
INFO  18:00:54,824 HelpFormatter - Date/Time: 2015/11/10 18:00:54 
INFO  18:00:54,824 HelpFormatter - --------------------------------------------------------------------------------- 
INFO  18:00:54,824 HelpFormatter - --------------------------------------------------------------------------------- 
WARN  18:00:54,862 GATKVCFUtils - Naming your output file using the .g.vcf extension will automatically set the appropriate values  for --variant_index_type and --variant_index_parameter 
INFO  18:00:54,955 GenomeAnalysisEngine - Strictness is SILENT 
INFO  18:00:55,072 GenomeAnalysisEngine - Downsampling Settings: Method: BY_SAMPLE, Target Coverage: 500 
INFO  18:00:55,079 SAMDataSource$SAMReaders - Initializing SAMRecords in serial 
INFO  18:00:55,124 SAMDataSource$SAMReaders - Done initializing BAM readers: total time 0.04 
INFO  18:00:55,148 HCMappingQualityFilter - Filtering out reads with MAPQ < 20 
INFO  18:00:55,380 IntervalUtils - Processing 1017715 bp from intervals 
INFO  18:00:55,495 GenomeAnalysisEngine - Preparing for traversal over 1 BAM files 
INFO  18:00:55,814 GenomeAnalysisEngine - Done preparing for traversal 
INFO  18:00:55,815 ProgressMeter - [INITIALIZATION COMPLETE; STARTING PROCESSING] 
INFO  18:00:55,819 ProgressMeter -                 |      processed |    time |         per 1M |           |   total | remaining 
INFO  18:00:55,820 ProgressMeter -        Location | active regions | elapsed | active regions | completed | runtime |   runtime 
INFO  18:00:55,820 HaplotypeCaller - Standard Emitting and Calling confidence set to 0.0 for reference-model confidence output 
INFO  18:00:55,820 HaplotypeCaller - All sites annotated with PLs forced to true for reference-model confidence output 
INFO  18:00:55,961 HaplotypeCaller - Using global mismapping rate of 45 => -4.5 in log10 likelihood units 
Using AVX accelerated implementation of PairHMM
INFO  18:00:58,235 VectorLoglessPairHMM - libVectorLoglessPairHMM unpacked successfully from GATK jar file 
INFO  18:00:58,246 VectorLoglessPairHMM - Using vectorized implementation of PairHMM 
WARN  18:00:58,608 HaplotypeScore - Annotation will not be calculated, must be called from UnifiedGenotyper 
WARN  18:00:58,609 InbreedingCoeff - Annotation will not be calculated, must provide a valid PED file (-ped) from the command line. 
INFO  18:01:25,844 ProgressMeter -       1:3424464       3.776723E7    30.0 s            0.0 s       13.8%     3.6 m       3.1 m 
INFO  18:01:55,845 ProgressMeter -      1:16863244     4.29986096E8    60.0 s            0.0 s       42.4%     2.4 m      81.0 s 
INFO  18:02:25,847 ProgressMeter -      1:21953406     7.62569056E8    90.0 s            0.0 s       55.7%     2.7 m      71.0 s 
INFO  18:02:53,796 VectorLoglessPairHMM - Time spent in setup for JNI call : 0.07083136000000001 
INFO  18:02:53,796 PairHMM - Total compute time in PairHMM computeLikelihoods() : 17.148725018 
INFO  18:02:53,796 HaplotypeCaller - Ran local assembly on 9802 active regions 
INFO  18:02:53,802 ProgressMeter -            done    2.380857192E9   117.0 s            0.0 s      100.0%   117.0 s       0.0 s 
INFO  18:02:53,802 ProgressMeter - Total runtime 117.99 secs, 1.97 min, 0.03 hours 
INFO  18:02:53,802 MicroScheduler - 38791 reads were filtered out during the traversal out of approximately 420786 total reads (9.22%) 
INFO  18:02:53,803 MicroScheduler -   -> 0 reads (0.00% of total) failing BadCigarFilter 
INFO  18:02:53,803 MicroScheduler -   -> 17354 reads (4.12% of total) failing DuplicateReadFilter 
INFO  18:02:53,803 MicroScheduler -   -> 0 reads (0.00% of total) failing FailsVendorQualityCheckFilter 
INFO  18:02:53,803 MicroScheduler -   -> 21401 reads (5.09% of total) failing HCMappingQualityFilter 
INFO  18:02:53,803 MicroScheduler -   -> 0 reads (0.00% of total) failing MalformedReadFilter 
INFO  18:02:53,804 MicroScheduler -   -> 0 reads (0.00% of total) failing MappingQualityUnavailableFilter 
INFO  18:02:53,804 MicroScheduler -   -> 36 reads (0.01% of total) failing NotPrimaryAlignmentFilter 
INFO  18:02:53,804 MicroScheduler -   -> 0 reads (0.00% of total) failing UnmappedReadFilter 
