INFO  19:03:17,117 HelpFormatter - --------------------------------------------------------------------------------- 
INFO  19:03:17,121 HelpFormatter - The Genome Analysis Toolkit (GATK) v3.4-46-g8ea4dca, Compiled 2015/08/13 20:41:56 
INFO  19:03:17,121 HelpFormatter - Copyright (c) 2010 The Broad Institute 
INFO  19:03:17,121 HelpFormatter - For support and documentation go to http://www.broadinstitute.org/gatk 
INFO  19:03:17,124 HelpFormatter - Program Args: -T HaplotypeCaller -I /mnt/sdb/data/broadout/HG02769_gatk_best_practices_8t_30s_2016-07-25_16-38-44/HG02769_final.bam -L /mnt/sdb/Broad_Ref_Pipeline_approved_package/workflow_profiler/.queue/scatterGather/ExampleHaplotypeCaller-1-sg/temp_01_of_36/scatter.intervals -R /mnt/sdb/Broad_Ref_Pipeline_approved_package/b37bundle/human_g1k_v37.fasta -variant_index_type LINEAR -variant_index_parameter 128000 -o /mnt/sdb/Broad_Ref_Pipeline_approved_package/workflow_profiler/.queue/scatterGather/ExampleHaplotypeCaller-1-sg/temp_01_of_36/HG02769_HaplotypeCaller.g.vcf -ERC GVCF 
INFO  19:03:17,133 HelpFormatter - Executing as bshifaw@application-0-1.hudson.intel.com on Linux 3.10.0-327.el7.x86_64 amd64; OpenJDK 64-Bit Server VM 1.8.0_101-b13. 
INFO  19:03:17,134 HelpFormatter - Date/Time: 2016/07/25 19:03:17 
INFO  19:03:17,134 HelpFormatter - --------------------------------------------------------------------------------- 
INFO  19:03:17,135 HelpFormatter - --------------------------------------------------------------------------------- 
WARN  19:03:17,148 GATKVCFUtils - Naming your output file using the .g.vcf extension will automatically set the appropriate values  for --variant_index_type and --variant_index_parameter 
INFO  19:03:17,327 GenomeAnalysisEngine - Strictness is SILENT 
INFO  19:03:17,606 GenomeAnalysisEngine - Downsampling Settings: Method: BY_SAMPLE, Target Coverage: 500 
INFO  19:03:17,635 SAMDataSource$SAMReaders - Initializing SAMRecords in serial 
INFO  19:03:17,825 SAMDataSource$SAMReaders - Done initializing BAM readers: total time 0.19 
INFO  19:03:17,841 HCMappingQualityFilter - Filtering out reads with MAPQ < 20 
INFO  19:03:18,114 IntervalUtils - Processing 1437965 bp from intervals 
INFO  19:03:18,316 GenomeAnalysisEngine - Preparing for traversal over 1 BAM files 
INFO  19:03:18,559 GenomeAnalysisEngine - Done preparing for traversal 
INFO  19:03:18,560 ProgressMeter - [INITIALIZATION COMPLETE; STARTING PROCESSING] 
INFO  19:03:18,560 ProgressMeter -                 |      processed |    time |         per 1M |           |   total | remaining 
INFO  19:03:18,561 ProgressMeter -        Location | active regions | elapsed | active regions | completed | runtime |   runtime 
INFO  19:03:18,573 HaplotypeCaller - Standard Emitting and Calling confidence set to 0.0 for reference-model confidence output 
INFO  19:03:18,573 HaplotypeCaller - All sites annotated with PLs forced to true for reference-model confidence output 
INFO  19:03:18,794 HaplotypeCaller - Using global mismapping rate of 45 => -4.5 in log10 likelihood units 
Using AVX accelerated implementation of PairHMM
INFO  19:03:22,284 VectorLoglessPairHMM - libVectorLoglessPairHMM unpacked successfully from GATK jar file 
INFO  19:03:22,299 VectorLoglessPairHMM - Using vectorized implementation of PairHMM 
WARN  19:03:22,595 HaplotypeScore - Annotation will not be calculated, must be called from UnifiedGenotyper 
WARN  19:03:22,648 InbreedingCoeff - Annotation will not be calculated, must provide a valid PED file (-ped) from the command line. 
INFO  19:03:48,640 ProgressMeter -        1:906441         221233.0    30.0 s            2.3 m        1.1%    47.4 m      46.9 m 
INFO  19:04:18,647 ProgressMeter -       1:1154165        1168221.0    60.0 s           51.0 s        2.5%    39.5 m      38.5 m 
INFO  19:04:48,648 ProgressMeter -       1:1447597        5389383.0    90.0 s           16.0 s        5.2%    28.9 m      27.4 m 
INFO  19:05:18,648 ProgressMeter -       1:2421149      2.1463065E7   120.0 s            5.0 s        8.8%    22.7 m      20.7 m 
INFO  19:05:48,649 ProgressMeter -       1:3809395      5.0038007E7     2.5 m            2.0 s       12.7%    19.6 m      17.1 m 
INFO  19:06:18,650 ProgressMeter -       1:6738402      9.1720848E7     3.0 m            1.0 s       17.2%    17.4 m      14.4 m 
INFO  19:06:48,651 ProgressMeter -      1:10228142     1.56833415E8     3.5 m            1.0 s       22.1%    15.8 m      12.3 m 
INFO  19:07:28,652 ProgressMeter -      1:12010362      2.5623298E8     4.2 m            0.0 s       28.2%    14.8 m      10.6 m 
INFO  19:08:08,653 ProgressMeter -      1:12907209     3.18913774E8     4.8 m            0.0 s       31.3%    15.4 m      10.6 m 
INFO  19:08:38,654 ProgressMeter -      1:16058795     4.03189094E8     5.3 m            0.0 s       36.1%    14.8 m       9.5 m 
INFO  19:09:08,655 ProgressMeter -      1:16892078     4.74368919E8     5.8 m            0.0 s       39.7%    14.7 m       8.9 m 
INFO  19:09:38,656 ProgressMeter -      1:16894424     4.75512154E8     6.3 m            0.0 s       39.8%    15.9 m       9.6 m 
INFO  19:10:08,657 ProgressMeter -      1:16903762     4.78947097E8     6.8 m            0.0 s       39.9%    17.1 m      10.3 m 
INFO  19:10:38,658 ProgressMeter -      1:17248462     4.85844691E8     7.3 m            0.0 s       40.1%    18.3 m      11.0 m 
INFO  19:11:08,659 ProgressMeter -      1:19448376     6.33061815E8     7.8 m            0.0 s       45.1%    17.4 m       9.5 m 
INFO  19:11:38,660 ProgressMeter -      1:21268459      8.0368682E8     8.3 m            0.0 s       50.2%    16.6 m       8.3 m 
INFO  19:12:08,661 ProgressMeter -      1:22416384     9.26510881E8     8.8 m            0.0 s       53.8%    16.4 m       7.6 m 
INFO  19:12:38,662 ProgressMeter -      1:24661083     1.11553237E9     9.3 m            0.0 s       59.3%    15.7 m       6.4 m 
INFO  19:13:08,663 ProgressMeter -      1:27117255    1.388278153E9     9.8 m            0.0 s       65.7%    15.0 m       5.1 m 
INFO  19:13:38,664 ProgressMeter -      1:29442159    1.663366422E9    10.3 m            0.0 s       72.3%    14.3 m       4.0 m 
INFO  19:14:08,684 ProgressMeter -      1:33764479     2.08605479E9    10.8 m            0.0 s       80.8%    13.4 m       2.6 m 
INFO  19:14:38,686 ProgressMeter -      1:38453503    2.669170844E9    11.3 m            0.0 s       91.9%    12.3 m      59.0 s 
INFO  19:14:52,444 VectorLoglessPairHMM - Time spent in setup for JNI call : 0.527437711 
INFO  19:14:52,445 PairHMM - Total compute time in PairHMM computeLikelihoods() : 123.103183516 
INFO  19:14:52,445 HaplotypeCaller - Ran local assembly on 8730 active regions 
INFO  19:14:52,452 ProgressMeter -            done    3.121377335E9    11.6 m            0.0 s      100.0%    11.6 m       0.0 s 
INFO  19:14:52,453 ProgressMeter - Total runtime 693.89 secs, 11.56 min, 0.19 hours 
INFO  19:14:52,453 MicroScheduler - 570584 reads were filtered out during the traversal out of approximately 2622699 total reads (21.76%) 
INFO  19:14:52,454 MicroScheduler -   -> 0 reads (0.00% of total) failing BadCigarFilter 
INFO  19:14:52,454 MicroScheduler -   -> 344678 reads (13.14% of total) failing DuplicateReadFilter 
INFO  19:14:52,454 MicroScheduler -   -> 0 reads (0.00% of total) failing FailsVendorQualityCheckFilter 
INFO  19:14:52,455 MicroScheduler -   -> 225579 reads (8.60% of total) failing HCMappingQualityFilter 
INFO  19:14:52,455 MicroScheduler -   -> 0 reads (0.00% of total) failing MalformedReadFilter 
INFO  19:14:52,455 MicroScheduler -   -> 0 reads (0.00% of total) failing MappingQualityUnavailableFilter 
INFO  19:14:52,456 MicroScheduler -   -> 327 reads (0.01% of total) failing NotPrimaryAlignmentFilter 
INFO  19:14:52,457 MicroScheduler -   -> 0 reads (0.00% of total) failing UnmappedReadFilter 
