INFO  16:30:44,707 HelpFormatter - --------------------------------------------------------------------------------- 
INFO  16:30:44,709 HelpFormatter - The Genome Analysis Toolkit (GATK) v3.4-46-g8ea4dca, Compiled 2015/08/13 20:41:56 
INFO  16:30:44,710 HelpFormatter - Copyright (c) 2010 The Broad Institute 
INFO  16:30:44,710 HelpFormatter - For support and documentation go to http://www.broadinstitute.org/gatk 
INFO  16:30:44,713 HelpFormatter - Program Args: -T HaplotypeCaller -I /mnt/ssdbroad/output/Solexa-272221_gatk_best_practices_36t_30s_2016-02-11_11-59-19/Solexa-272221_final.bam -L /mnt/ssdbroad/Broad_Ref_Pipeline_approved_package/workflow_profiler/.queue/scatterGather/ExampleHaplotypeCaller-1-sg/temp_29_of_36/scatter.intervals -R /mnt/ssdbroad/Broad_Ref_Pipeline_approved_package/homosapiensrefgenome/Homo_sapiens_assembly19.fasta -variant_index_type LINEAR -variant_index_parameter 128000 -o /mnt/ssdbroad/Broad_Ref_Pipeline_approved_package/workflow_profiler/.queue/scatterGather/ExampleHaplotypeCaller-1-sg/temp_29_of_36/Solexa-272221_HaplotypeCaller.g.vcf -ERC GVCF 
INFO  16:30:44,736 HelpFormatter - Executing as beris@dna on Linux 2.6.32-573.el6.x86_64 amd64; OpenJDK 64-Bit Server VM 1.7.0_79-mockbuild_2015_07_24_09_26-b00. 
INFO  16:30:44,736 HelpFormatter - Date/Time: 2016/02/12 16:30:44 
INFO  16:30:44,736 HelpFormatter - --------------------------------------------------------------------------------- 
INFO  16:30:44,736 HelpFormatter - --------------------------------------------------------------------------------- 
WARN  16:30:44,775 GATKVCFUtils - Naming your output file using the .g.vcf extension will automatically set the appropriate values  for --variant_index_type and --variant_index_parameter 
INFO  16:30:44,889 GenomeAnalysisEngine - Strictness is SILENT 
INFO  16:30:45,025 GenomeAnalysisEngine - Downsampling Settings: Method: BY_SAMPLE, Target Coverage: 500 
INFO  16:30:45,033 SAMDataSource$SAMReaders - Initializing SAMRecords in serial 
INFO  16:30:45,067 SAMDataSource$SAMReaders - Done initializing BAM readers: total time 0.03 
INFO  16:30:45,083 HCMappingQualityFilter - Filtering out reads with MAPQ < 20 
INFO  16:30:45,104 IntervalUtils - Processing 86166015 bp from intervals 
INFO  16:30:45,279 GenomeAnalysisEngine - Preparing for traversal over 1 BAM files 
INFO  16:30:45,879 GenomeAnalysisEngine - Done preparing for traversal 
INFO  16:30:45,880 ProgressMeter - [INITIALIZATION COMPLETE; STARTING PROCESSING] 
INFO  16:30:45,880 ProgressMeter -                 |      processed |    time |         per 1M |           |   total | remaining 
INFO  16:30:45,881 ProgressMeter -        Location | active regions | elapsed | active regions | completed | runtime |   runtime 
INFO  16:30:45,881 HaplotypeCaller - Standard Emitting and Calling confidence set to 0.0 for reference-model confidence output 
INFO  16:30:45,881 HaplotypeCaller - All sites annotated with PLs forced to true for reference-model confidence output 
INFO  16:30:46,054 HaplotypeCaller - Using global mismapping rate of 45 => -4.5 in log10 likelihood units 
Using AVX accelerated implementation of PairHMM
INFO  16:30:48,798 VectorLoglessPairHMM - libVectorLoglessPairHMM unpacked successfully from GATK jar file 
INFO  16:30:48,804 VectorLoglessPairHMM - Using vectorized implementation of PairHMM 
WARN  16:30:49,085 HaplotypeScore - Annotation will not be calculated, must be called from UnifiedGenotyper 
WARN  16:30:49,093 InbreedingCoeff - Annotation will not be calculated, must provide a valid PED file (-ped) from the command line. 
INFO  16:31:15,976 ProgressMeter -      16:2884830              0.0    30.0 s           49.8 w        0.1%    13.4 h      13.4 h 
INFO  16:32:15,978 ProgressMeter -      16:3437130              0.0    90.0 s          149.0 w        0.7%     3.6 h       3.5 h 
INFO  16:32:45,978 ProgressMeter -      16:3827418              0.0   120.0 s          198.6 w        1.2%     2.9 h       2.9 h 
INFO  16:33:15,979 ProgressMeter -      16:4139363              0.0     2.5 m          248.2 w        1.5%     2.7 h       2.7 h 
INFO  16:33:45,980 ProgressMeter -      16:4508034              0.0     3.0 m          297.8 w        1.9%     2.6 h       2.5 h 
INFO  16:34:25,981 ProgressMeter -      16:4956227              0.0     3.7 m          363.9 w        2.5%     2.5 h       2.4 h 
INFO  16:35:05,982 ProgressMeter -      16:5280474              0.0     4.3 m          430.1 w        2.8%     2.5 h       2.5 h 
INFO  16:35:35,982 ProgressMeter -      16:5529772              0.0     4.8 m          479.7 w        3.1%     2.6 h       2.5 h 
INFO  16:36:05,983 ProgressMeter -      16:5780904              0.0     5.3 m          529.3 w        3.4%     2.6 h       2.5 h 
INFO  16:36:45,984 ProgressMeter -      16:6172713              0.0     6.0 m          595.4 w        3.9%     2.6 h       2.5 h 
INFO  16:37:25,985 ProgressMeter -      16:6518652              0.0     6.7 m          661.5 w        4.3%     2.6 h       2.5 h 
INFO  16:37:55,985 ProgressMeter -      16:6738728              0.0     7.2 m          711.2 w        4.5%     2.6 h       2.5 h 
INFO  16:38:25,986 ProgressMeter -      16:6928071              0.0     7.7 m          760.8 w        4.8%     2.7 h       2.6 h 
INFO  16:39:05,987 ProgressMeter -      16:7205901              0.0     8.3 m          826.9 w        5.1%     2.7 h       2.6 h 
INFO  16:39:35,988 ProgressMeter -      16:7456115              0.0     8.8 m          876.5 w        5.4%     2.7 h       2.6 h 
INFO  16:40:15,989 ProgressMeter -      16:7743249              0.0     9.5 m          942.6 w        5.7%     2.8 h       2.6 h 
INFO  16:40:46,072 ProgressMeter -      16:7975975              0.0    10.0 m          992.4 w        6.0%     2.8 h       2.6 h 
INFO  16:41:16,072 ProgressMeter -      16:8127991              0.0    10.5 m         1042.0 w        6.1%     2.8 h       2.7 h 
INFO  16:41:46,073 ProgressMeter -      16:8317607              0.0    11.0 m         1091.6 w        6.4%     2.9 h       2.7 h 
INFO  16:42:16,074 ProgressMeter -      16:8531947              0.0    11.5 m         1141.2 w        6.6%     2.9 h       2.7 h 
INFO  16:42:46,081 ProgressMeter -      16:8740158              0.0    12.0 m         1190.8 w        6.9%     2.9 h       2.7 h 
INFO  16:43:26,082 ProgressMeter -      16:9045200              0.0    12.7 m         1256.9 w        7.2%     2.9 h       2.7 h 
INFO  16:43:56,082 ProgressMeter -      16:9308338              0.0    13.2 m         1306.6 w        7.5%     2.9 h       2.7 h 
INFO  16:44:26,083 ProgressMeter -      16:9539048              0.0    13.7 m         1356.2 w        7.8%     2.9 h       2.7 h 
INFO  16:45:06,084 ProgressMeter -      16:9870449              0.0    14.3 m         1422.3 w        8.2%     2.9 h       2.7 h 
INFO  16:45:36,085 ProgressMeter -     16:10138827              0.0    14.8 m         1471.9 w        8.5%     2.9 h       2.7 h 
INFO  16:46:16,085 ProgressMeter -     16:10445356              0.0    15.5 m         1538.0 w        8.8%     2.9 h       2.7 h 
INFO  16:46:46,086 ProgressMeter -     16:10716453              0.0    16.0 m         1587.6 w        9.2%     2.9 h       2.6 h 
INFO  16:47:16,087 ProgressMeter -     16:11004987              0.0    16.5 m         1637.2 w        9.5%     2.9 h       2.6 h 
INFO  16:47:46,088 ProgressMeter -     16:11324750              0.0    17.0 m         1686.9 w        9.9%     2.9 h       2.6 h 
INFO  16:48:26,089 ProgressMeter -     16:11577513              0.0    17.7 m         1753.0 w       10.2%     2.9 h       2.6 h 
INFO  16:48:56,089 ProgressMeter -     16:11858323              0.0    18.2 m         1802.6 w       10.5%     2.9 h       2.6 h 
INFO  16:49:26,090 ProgressMeter -     16:12205783              0.0    18.7 m         1852.2 w       10.9%     2.9 h       2.5 h 
INFO  16:50:06,091 ProgressMeter -     16:12648956              0.0    19.3 m         1918.3 w       11.4%     2.8 h       2.5 h 
INFO  16:50:36,095 ProgressMeter -     16:12696077              0.0    19.8 m         1967.9 w       11.4%     2.9 h       2.6 h 
INFO  16:51:06,096 ProgressMeter -     16:12910676              0.0    20.3 m         2017.6 w       11.7%     2.9 h       2.6 h 
INFO  16:51:46,097 ProgressMeter -     16:13291314              0.0    21.0 m         2083.7 w       12.1%     2.9 h       2.5 h 
INFO  16:52:16,097 ProgressMeter -     16:13569543              0.0    21.5 m         2133.3 w       12.5%     2.9 h       2.5 h 
INFO  16:52:46,098 ProgressMeter -     16:13817244              0.0    22.0 m         2182.9 w       12.7%     2.9 h       2.5 h 
INFO  16:53:16,099 ProgressMeter -     16:14059558              0.0    22.5 m         2232.5 w       13.0%     2.9 h       2.5 h 
INFO  16:53:46,100 ProgressMeter -     16:14423594              0.0    23.0 m         2282.1 w       13.5%     2.8 h       2.5 h 
INFO  16:54:26,101 ProgressMeter -     16:15041017              0.0    23.7 m         2348.2 w       14.2%     2.8 h       2.4 h 
INFO  16:54:56,101 ProgressMeter -     16:15180534              0.0    24.2 m         2397.9 w       14.3%     2.8 h       2.4 h 
INFO  16:55:26,102 ProgressMeter -     16:15570788              0.0    24.7 m         2447.5 w       14.8%     2.8 h       2.4 h 
INFO  16:55:56,103 ProgressMeter -     16:15927494              0.0    25.2 m         2497.1 w       15.2%     2.8 h       2.3 h 
INFO  16:56:36,103 ProgressMeter -     16:16344927              0.0    25.8 m         2563.2 w       15.7%     2.7 h       2.3 h 
INFO  16:57:06,170 ProgressMeter -     16:16715393              0.0    26.3 m         2612.9 w       16.1%     2.7 h       2.3 h 
INFO  16:57:36,170 ProgressMeter -     16:16910598              0.0    26.8 m         2662.5 w       16.3%     2.7 h       2.3 h 
INFO  16:58:06,171 ProgressMeter -     16:17218247              0.0    27.3 m         2712.1 w       16.7%     2.7 h       2.3 h 
INFO  16:58:36,172 ProgressMeter -     16:17512251              0.0    27.8 m         2761.7 w       17.0%     2.7 h       2.3 h 
INFO  16:59:16,173 ProgressMeter -     16:17923961              0.0    28.5 m         2827.9 w       17.5%     2.7 h       2.2 h 
INFO  16:59:46,173 ProgressMeter -     16:18222664              0.0    29.0 m         2877.5 w       17.9%     2.7 h       2.2 h 
INFO  17:00:16,174 ProgressMeter -     16:18707856              0.0    29.5 m         2927.1 w       18.4%     2.7 h       2.2 h 
INFO  17:00:46,381 ProgressMeter -     16:19004145              0.0    30.0 m         2977.0 w       18.8%     2.7 h       2.2 h 
INFO  17:01:16,381 ProgressMeter -     16:19328170              0.0    30.5 m         3026.6 w       19.1%     2.7 h       2.1 h 
INFO  17:01:46,382 ProgressMeter -     16:19617565              0.0    31.0 m         3076.2 w       19.5%     2.7 h       2.1 h 
INFO  17:02:26,383 ProgressMeter -     16:20079424              0.0    31.7 m         3142.4 w       20.0%     2.6 h       2.1 h 
INFO  17:02:56,383 ProgressMeter -     16:20357761              0.0    32.2 m         3192.0 w       20.3%     2.6 h       2.1 h 
INFO  17:03:26,384 ProgressMeter -     16:20655113              0.0    32.7 m         3241.6 w       20.7%     2.6 h       2.1 h 
INFO  17:03:56,385 ProgressMeter -     16:21013824              0.0    33.2 m         3291.2 w       21.1%     2.6 h       2.1 h 
INFO  17:04:36,386 ProgressMeter -     16:21553882              0.0    33.8 m         3357.3 w       21.7%     2.6 h       2.0 h 
INFO  17:05:16,386 ProgressMeter -     16:22168967              0.0    34.5 m         3423.5 w       22.4%     2.6 h     119.2 m 
INFO  17:05:46,387 ProgressMeter -     16:22670467              0.0    35.0 m         3473.1 w       23.0%     2.5 h     117.0 m 
INFO  17:06:16,388 ProgressMeter -     16:22970118              0.0    35.5 m         3522.7 w       23.4%     2.5 h     116.4 m 
INFO  17:06:56,465 ProgressMeter -     16:23475260              0.0    36.2 m         3588.9 w       24.0%     2.5 h     114.8 m 
INFO  17:07:26,466 ProgressMeter -     16:23795394              0.0    36.7 m         3638.5 w       24.3%     2.5 h     114.0 m 
INFO  17:07:56,466 ProgressMeter -     16:24099933              0.0    37.2 m         3688.1 w       24.7%     2.5 h     113.4 m 
INFO  17:08:26,467 ProgressMeter -     16:24401401              0.0    37.7 m         3737.7 w       25.0%     2.5 h     112.8 m 
INFO  17:08:56,468 ProgressMeter -     16:24688936              0.0    38.2 m         3787.3 w       25.4%     2.5 h     112.3 m 
INFO  17:09:36,468 ProgressMeter -     16:25092482              0.0    38.8 m         3853.5 w       25.8%     2.5 h     111.5 m 
WARN  17:10:03,633 ExactAFCalculator - this tool is currently set to genotype at most 6 alternate alleles in a given context, but the context at 16:25347371 has 8 alternate alleles so only the top alleles will be used; see the --max_alternate_alleles argument 
INFO  17:10:06,469 ProgressMeter -     16:25353727              0.0    39.3 m         3903.1 w       26.1%     2.5 h     111.1 m 
INFO  17:10:36,472 ProgressMeter -     16:25668515              0.0    39.8 m         3952.7 w       26.5%     2.5 h     110.5 m 
INFO  17:11:16,473 ProgressMeter -     16:26087835              0.0    40.5 m         4018.8 w       27.0%     2.5 h     109.6 m 
INFO  17:11:46,473 ProgressMeter -     16:26389784              0.0    41.0 m         4068.4 w       27.3%     2.5 h     109.0 m 
INFO  17:12:16,474 ProgressMeter -     16:26732485              0.0    41.5 m         4118.0 w       27.7%     2.5 h     108.1 m 
INFO  17:12:56,475 ProgressMeter -     16:27075891              0.0    42.2 m         4184.2 w       28.1%     2.5 h     107.7 m 
INFO  17:13:26,489 ProgressMeter -     16:27393382              0.0    42.7 m         4233.8 w       28.5%     2.5 h     107.0 m 
INFO  17:13:56,490 ProgressMeter -     16:27829313              0.0    43.2 m         4283.4 w       29.0%     2.5 h     105.6 m 
INFO  17:14:26,491 ProgressMeter -     16:28179447              0.0    43.7 m         4333.0 w       29.4%     2.5 h     104.8 m 
INFO  17:14:56,498 ProgressMeter -     16:28646802              0.0    44.2 m         4382.6 w       30.0%     2.5 h     103.3 m 
INFO  17:15:26,510 ProgressMeter -     16:29143199              0.0    44.7 m         4432.3 w       30.5%     2.4 h     101.6 m 
INFO  17:15:56,511 ProgressMeter -     16:29358789              0.0    45.2 m         4481.9 w       30.8%     2.4 h     101.5 m 
INFO  17:16:26,511 ProgressMeter -     16:29825621              0.0    45.7 m         4531.5 w       31.3%     2.4 h     100.1 m 
INFO  17:16:56,512 ProgressMeter -     16:30203096              0.0    46.2 m         4581.1 w       31.8%     2.4 h      99.2 m 
INFO  17:17:26,513 ProgressMeter -     16:30652761              0.0    46.7 m         4630.7 w       32.3%     2.4 h      97.9 m 
INFO  17:18:06,513 ProgressMeter -     16:31139379              0.0    47.3 m         4696.8 w       32.9%     2.4 h      96.7 m 
INFO  17:18:36,514 ProgressMeter -     16:31524494              0.0    47.8 m         4746.4 w       33.3%     2.4 h      95.8 m 
INFO  17:19:06,515 ProgressMeter -     16:31920572              0.0    48.3 m         4796.0 w       33.8%     2.4 h      94.8 m 
INFO  17:19:46,516 ProgressMeter -     16:32102960              0.0    49.0 m         4862.2 w       34.0%     2.4 h      95.2 m 
INFO  17:20:16,516 ProgressMeter -     16:32109404              0.0    49.5 m         4911.8 w       34.0%     2.4 h      96.2 m 
INFO  17:20:46,517 ProgressMeter -     16:32119044              0.0    50.0 m         4961.4 w       34.0%     2.5 h      97.1 m 
INFO  17:21:26,518 ProgressMeter -     16:32136490              0.0    50.7 m         5027.5 w       34.0%     2.5 h      98.3 m 
INFO  17:21:56,518 ProgressMeter -     16:32144723              0.0    51.2 m         5077.1 w       34.0%     2.5 h      99.2 m 
INFO  17:22:26,519 ProgressMeter -     16:32154874              0.0    51.7 m         5126.7 w       34.0%     2.5 h     100.2 m 
INFO  17:22:56,520 ProgressMeter -     16:32300618              0.0    52.2 m         5176.3 w       34.2%     2.5 h     100.4 m 
INFO  17:23:37,047 ProgressMeter -     16:32363948              0.0    52.9 m         5243.3 w       34.3%     2.6 h     101.3 m 
INFO  17:24:07,048 ProgressMeter -     16:32400871              0.0    53.4 m         5292.9 w       34.3%     2.6 h     102.1 m 
INFO  17:24:47,049 ProgressMeter -     16:32416264              0.0    54.0 m         5359.1 w       34.3%     2.6 h     103.3 m 
INFO  17:25:17,049 ProgressMeter -     16:32427208              0.0    54.5 m         5408.7 w       34.3%     2.6 h     104.2 m 
INFO  17:25:47,050 ProgressMeter -     16:32438637              0.0    55.0 m         5458.3 w       34.4%     2.7 h     105.1 m 
INFO  17:26:17,051 ProgressMeter -     16:32459028              0.0    55.5 m         5507.9 w       34.4%     2.7 h     105.9 m 
INFO  17:26:47,052 ProgressMeter -     16:32478164              0.0    56.0 m         5557.5 w       34.4%     2.7 h     106.8 m 
INFO  17:27:27,053 ProgressMeter -     16:32492454              0.0    56.7 m         5623.6 w       34.4%     2.7 h     108.0 m 
INFO  17:28:07,053 ProgressMeter -     16:32526250              0.0    57.4 m         5689.8 w       34.5%     2.8 h     109.1 m 
INFO  17:28:38,499 ProgressMeter -     16:32534853              0.0    57.9 m         5741.8 w       34.5%     2.8 h     110.0 m 
INFO  17:29:08,500 ProgressMeter -     16:32539083              0.0    58.4 m         5791.4 w       34.5%     2.8 h     110.9 m 
INFO  17:29:48,501 ProgressMeter -     16:32557107              0.0    59.0 m         5857.5 w       34.5%     2.9 h     112.1 m 
INFO  17:30:18,501 ProgressMeter -     16:32601167              0.0    59.5 m         5907.1 w       34.5%     2.9 h     112.8 m 
INFO  17:30:48,502 ProgressMeter -     16:32802387              0.0    60.0 m         5956.7 w       34.8%     2.9 h     112.6 m 
WARN  17:31:01,750 ExactAFCalculator - this tool is currently set to genotype at most 6 alternate alleles in a given context, but the context at 16:32817549 has 8 alternate alleles so only the top alleles will be used; see the --max_alternate_alleles argument 
INFO  17:31:28,503 ProgressMeter -     16:32822147              0.0    60.7 m         6022.9 w       34.8%     2.9 h     113.7 m 
INFO  17:31:58,814 ProgressMeter -     16:32829702              0.0    61.2 m         6073.0 w       34.8%     2.9 h     114.6 m 
INFO  17:32:38,814 ProgressMeter -     16:32838688              0.0    61.9 m         6139.1 w       34.8%     3.0 h     115.8 m 
INFO  17:33:08,815 ProgressMeter -     16:32844588              0.0    62.4 m         6188.7 w       34.8%     3.0 h     116.7 m 
INFO  17:33:38,816 ProgressMeter -     16:32846690              0.0    62.9 m         6238.3 w       34.8%     3.0 h     117.6 m 
INFO  17:34:18,817 ProgressMeter -     16:32849486              0.0    63.5 m         6304.5 w       34.8%     3.0 h     118.8 m 
INFO  17:34:58,817 ProgressMeter -     16:32899149              0.0    64.2 m         6370.6 w       34.9%     3.1 h     119.8 m 
INFO  17:35:28,821 ProgressMeter -     16:33040805              0.0    64.7 m         6420.2 w       35.1%     3.1 h     119.8 m 
INFO  17:35:58,822 ProgressMeter -     16:33044173              0.0    65.2 m         6469.8 w       35.1%     3.1 h       2.0 h 
INFO  17:36:38,825 ProgressMeter -     16:33051149              0.0    65.9 m         6536.0 w       35.1%     3.1 h       2.0 h 
INFO  17:37:18,825 ProgressMeter -     16:33062988              0.0    66.5 m         6602.1 w       35.1%     3.2 h       2.1 h 
INFO  17:37:49,235 ProgressMeter -     16:33068692              0.0    67.1 m         6652.4 w       35.1%     3.2 h       2.1 h 
INFO  17:38:19,236 ProgressMeter -     16:33169195              0.0    67.6 m         6702.0 w       35.2%     3.2 h       2.1 h 
INFO  17:38:59,237 ProgressMeter -     16:33294695              0.0    68.2 m         6768.1 w       35.4%     3.2 h       2.1 h 
INFO  17:39:29,237 ProgressMeter -     16:33351164              0.0    68.7 m         6817.7 w       35.4%     3.2 h       2.1 h 
INFO  17:39:59,238 ProgressMeter -     16:33392151              0.0    69.2 m         6867.3 w       35.5%     3.3 h       2.1 h 
WARN  17:40:00,384 ExactAFCalculator - this tool is currently set to genotype at most 6 alternate alleles in a given context, but the context at 16:33391860 has 8 alternate alleles so only the top alleles will be used; see the --max_alternate_alleles argument 
INFO  17:40:39,239 ProgressMeter -     16:33420206              0.0    69.9 m         6933.5 w       35.5%     3.3 h       2.1 h 
INFO  17:41:19,239 ProgressMeter -     16:33480929              0.0    70.6 m         6999.6 w       35.6%     3.3 h       2.1 h 
INFO  17:41:49,240 ProgressMeter -     16:33518419              0.0    71.1 m         7049.2 w       35.6%     3.3 h       2.1 h 
INFO  17:42:19,243 ProgressMeter -     16:33522191              0.0    71.6 m         7098.8 w       35.6%     3.3 h       2.2 h 
INFO  17:42:49,244 ProgressMeter -     16:33531717              0.0    72.1 m         7148.4 w       35.6%     3.4 h       2.2 h 
INFO  17:43:19,245 ProgressMeter -     16:33535627              0.0    72.6 m         7198.0 w       35.6%     3.4 h       2.2 h 
INFO  17:43:49,246 ProgressMeter -     16:33537929              0.0    73.1 m         7247.6 w       35.6%     3.4 h       2.2 h 
INFO  17:44:29,247 ProgressMeter -     16:33542418              0.0    73.7 m         7313.8 w       35.6%     3.4 h       2.2 h 
INFO  17:44:59,248 ProgressMeter -     16:33547750              0.0    74.2 m         7363.4 w       35.6%     3.5 h       2.2 h 
INFO  17:45:29,249 ProgressMeter -     16:33582951              0.0    74.7 m         7413.0 w       35.7%     3.5 h       2.2 h 
INFO  17:45:59,250 ProgressMeter -     16:33656205              0.0    75.2 m         7462.6 w       35.8%     3.5 h       2.3 h 
INFO  17:46:29,250 ProgressMeter -     16:33849652              0.0    75.7 m         7512.2 w       36.0%     3.5 h       2.2 h 
INFO  17:46:59,253 ProgressMeter -     16:33867077              0.0    76.2 m         7561.8 w       36.0%     3.5 h       2.3 h 
INFO  17:47:39,254 ProgressMeter -     16:33916280              0.0    76.9 m         7627.9 w       36.1%     3.6 h       2.3 h 
INFO  17:48:09,254 ProgressMeter -     16:33924627              0.0    77.4 m         7677.5 w       36.1%     3.6 h       2.3 h 
INFO  17:48:39,255 ProgressMeter -     16:33939997              0.0    77.9 m         7727.1 w       36.1%     3.6 h       2.3 h 
INFO  17:49:09,256 ProgressMeter -     16:33946731              0.0    78.4 m         7776.7 w       36.1%     3.6 h       2.3 h 
INFO  17:49:49,257 ProgressMeter -     16:33955802              0.0    79.1 m         7842.9 w       36.1%     3.6 h       2.3 h 
INFO  17:50:29,258 ProgressMeter -     16:33961685              0.0    79.7 m         7909.0 w       36.1%     3.7 h       2.3 h 
INFO  17:50:59,259 ProgressMeter -     16:33965666              0.0    80.2 m         7958.6 w       36.1%     3.7 h       2.4 h 
INFO  17:51:29,260 ProgressMeter -     16:33967969              0.0    80.7 m         8008.2 w       36.1%     3.7 h       2.4 h 
INFO  17:51:59,261 ProgressMeter -     16:33970159              0.0    81.2 m         8057.8 w       36.1%     3.7 h       2.4 h 
INFO  17:52:39,262 ProgressMeter -     16:33972545              0.0    81.9 m         8124.0 w       36.1%     3.8 h       2.4 h 
INFO  17:53:09,262 ProgressMeter -     16:33973288              0.0    82.4 m         8173.6 w       36.1%     3.8 h       2.4 h 
INFO  17:53:39,263 ProgressMeter -     16:33974093              0.0    82.9 m         8223.2 w       36.1%     3.8 h       2.4 h 
INFO  17:54:11,745 ProgressMeter -     16:33974241              0.0    83.4 m         8276.9 w       36.1%     3.8 h       2.5 h 
INFO  17:54:41,746 ProgressMeter -     16:33974483              0.0    83.9 m         8326.5 w       36.1%     3.9 h       2.5 h 
INFO  17:55:11,747 ProgressMeter -     16:33974821              0.0    84.4 m         8376.1 w       36.1%     3.9 h       2.5 h 
INFO  17:55:51,748 ProgressMeter -     16:33974821              0.0    85.1 m         8442.2 w       36.1%     3.9 h       2.5 h 
INFO  17:56:21,748 ProgressMeter -     16:33975073              0.0    85.6 m         8491.8 w       36.1%     3.9 h       2.5 h 
INFO  17:56:51,749 ProgressMeter -     16:33975498              0.0    86.1 m         8541.5 w       36.1%     4.0 h       2.5 h 
INFO  17:57:21,750 ProgressMeter -     16:33975595              0.0    86.6 m         8591.1 w       36.1%     4.0 h       2.5 h 
INFO  17:57:51,751 ProgressMeter -     16:33975595              0.0    87.1 m         8640.7 w       36.1%     4.0 h       2.6 h 
INFO  17:58:21,752 ProgressMeter -     16:33976030              0.0    87.6 m         8690.3 w       36.1%     4.0 h       2.6 h 
INFO  17:58:51,758 ProgressMeter -     16:33976213              0.0    88.1 m         8739.9 w       36.1%     4.1 h       2.6 h 
INFO  17:59:21,759 ProgressMeter -     16:33977526              0.0    88.6 m         8789.5 w       36.1%     4.1 h       2.6 h 
INFO  18:00:01,760 ProgressMeter -     16:33983058              0.0    89.3 m         8855.6 w       36.2%     4.1 h       2.6 h 
INFO  18:00:31,773 ProgressMeter -     16:33984432              0.0    89.8 m         8905.2 w       36.2%     4.1 h       2.6 h 
INFO  18:01:01,774 ProgressMeter -     16:33986023              0.0    90.3 m         8954.9 w       36.2%     4.2 h       2.7 h 
INFO  18:01:31,775 ProgressMeter -     16:33988282              0.0    90.8 m         9004.5 w       36.2%     4.2 h       2.7 h 
INFO  18:02:11,776 ProgressMeter -     16:33995741              0.0    91.4 m         9070.6 w       36.2%     4.2 h       2.7 h 
INFO  18:02:41,776 ProgressMeter -     16:33998973              0.0    91.9 m         9120.2 w       36.2%     4.2 h       2.7 h 
INFO  18:03:11,777 ProgressMeter -     16:34022065              0.0    92.4 m         9169.8 w       36.2%     4.3 h       2.7 h 
INFO  18:03:41,787 ProgressMeter -     16:34187816              0.0    92.9 m         9219.4 w       36.4%     4.3 h       2.7 h 
INFO  18:04:11,788 ProgressMeter -     16:34228913              0.0    93.4 m         9269.0 w       36.4%     4.3 h       2.7 h 
INFO  18:04:41,848 ProgressMeter -     16:34610797              0.0    93.9 m         9318.7 w       36.9%     4.2 h       2.7 h 
INFO  18:05:11,857 ProgressMeter -     16:34993342              0.0    94.4 m         9368.3 w       37.3%     4.2 h       2.6 h 
INFO  18:05:51,858 ProgressMeter -     16:35232884              0.0    95.1 m         9434.5 w       37.6%     4.2 h       2.6 h 
INFO  18:06:21,858 ProgressMeter -     16:35270436              0.0    95.6 m         9484.1 w       37.6%     4.2 h       2.6 h 
INFO  18:06:51,859 ProgressMeter -     16:43809252              0.0    96.1 m         9533.7 w       47.6%     3.4 h     106.0 m 
INFO  18:07:21,860 ProgressMeter -     16:46386583              0.0    96.6 m         9583.3 w       50.5%     3.2 h      94.5 m 
INFO  18:08:01,861 ProgressMeter -     16:46387131              0.0    97.3 m         9649.4 w       50.5%     3.2 h      95.1 m 
INFO  18:08:31,862 ProgressMeter -     16:46387325              0.0    97.8 m         9699.0 w       50.5%     3.2 h      95.6 m 
INFO  18:09:01,862 ProgressMeter -     16:46387624              0.0    98.3 m         9748.6 w       50.5%     3.2 h      96.1 m 
INFO  18:09:31,863 ProgressMeter -     16:46387845              0.0    98.8 m         9798.3 w       50.5%     3.3 h      96.6 m 
INFO  18:10:01,864 ProgressMeter -     16:46387845              0.0    99.3 m         9847.9 w       50.5%     3.3 h      97.1 m 
INFO  18:10:31,865 ProgressMeter -     16:46388115              0.0    99.8 m         9897.5 w       50.5%     3.3 h      97.6 m 
INFO  18:11:11,866 ProgressMeter -     16:46388290              0.0   100.4 m         9963.6 w       50.6%     3.3 h      98.2 m 
INFO  18:11:41,866 ProgressMeter -     16:46388748              0.0   100.9 m        10013.2 w       50.6%     3.3 h      98.7 m 
INFO  18:12:11,867 ProgressMeter -     16:46389109              0.0   101.4 m        10062.8 w       50.6%     3.3 h      99.2 m 
INFO  18:12:41,868 ProgressMeter -     16:46389458              0.0   101.9 m        10112.4 w       50.6%     3.4 h      99.7 m 
INFO  18:13:21,869 ProgressMeter -     16:46389975              0.0   102.6 m        10178.6 w       50.6%     3.4 h     100.3 m 
INFO  18:13:51,869 ProgressMeter -     16:46390210              0.0   103.1 m        10228.2 w       50.6%     3.4 h     100.8 m 
INFO  18:14:21,871 ProgressMeter -     16:46390380              0.0   103.6 m        10277.8 w       50.6%     3.4 h     101.3 m 
INFO  18:14:51,881 ProgressMeter -     16:46390887              0.0   104.1 m        10327.4 w       50.6%     3.4 h     101.8 m 
INFO  18:15:31,882 ProgressMeter -     16:46391178              0.0   104.8 m        10393.5 w       50.6%     3.5 h     102.5 m 
INFO  18:16:01,883 ProgressMeter -     16:46391178              0.0   105.3 m        10443.1 w       50.6%     3.5 h     103.0 m 
INFO  18:16:41,884 ProgressMeter -     16:46391573              0.0   105.9 m        10509.3 w       50.6%     3.5 h     103.6 m 
INFO  18:17:11,894 ProgressMeter -     16:46391782              0.0   106.4 m        10558.9 w       50.6%     3.5 h     104.1 m 
INFO  18:17:51,895 ProgressMeter -     16:46392106              0.0   107.1 m        10625.0 w       50.6%     3.5 h     104.8 m 
INFO  18:18:31,895 ProgressMeter -     16:46392307              0.0   107.8 m        10691.2 w       50.6%     3.6 h     105.4 m 
INFO  18:19:01,896 ProgressMeter -     16:46392657              0.0   108.3 m        10740.8 w       50.6%     3.6 h     105.9 m 
INFO  18:19:31,897 ProgressMeter -     16:46393006              0.0   108.8 m        10790.4 w       50.6%     3.6 h     106.4 m 
INFO  18:20:01,898 ProgressMeter -     16:46393556              0.0   109.3 m        10840.0 w       50.6%     3.6 h     106.9 m 
INFO  18:20:31,899 ProgressMeter -     16:46393955              0.0   109.8 m        10889.6 w       50.6%     3.6 h     107.3 m 
INFO  18:21:01,900 ProgressMeter -     16:46394221              0.0   110.3 m        10939.2 w       50.6%     3.6 h     107.8 m 
INFO  18:21:31,901 ProgressMeter -     16:46394561              0.0   110.8 m        10988.8 w       50.6%     3.7 h     108.3 m 
INFO  18:22:11,937 ProgressMeter -     16:46394940              0.0   111.4 m        11055.0 w       50.6%     3.7 h     109.0 m 
INFO  18:22:41,937 ProgressMeter -     16:46395247              0.0   111.9 m        11104.6 w       50.6%     3.7 h     109.5 m 
INFO  18:23:11,938 ProgressMeter -     16:46395247              0.0   112.4 m        11154.2 w       50.6%     3.7 h     110.0 m 
INFO  18:23:41,939 ProgressMeter -     16:46395826              0.0   112.9 m        11203.8 w       50.6%     3.7 h     110.4 m 
INFO  18:24:11,940 ProgressMeter -     16:46396297              0.0   113.4 m        11253.4 w       50.6%     3.7 h     110.9 m 
INFO  18:24:41,941 ProgressMeter -     16:46396297              0.0   113.9 m        11303.0 w       50.6%     3.8 h     111.4 m 
INFO  18:25:11,942 ProgressMeter -     16:46396852              0.0   114.4 m        11352.6 w       50.6%     3.8 h     111.9 m 
INFO  18:25:51,943 ProgressMeter -     16:46397017              0.0   115.1 m        11418.8 w       50.6%     3.8 h     112.5 m 
INFO  18:26:21,944 ProgressMeter -     16:46397903              0.0   115.6 m        11468.4 w       50.6%     3.8 h     113.0 m 
INFO  18:26:51,944 ProgressMeter -     16:46398154              0.0   116.1 m        11518.0 w       50.6%     3.8 h     113.5 m 
INFO  18:27:21,945 ProgressMeter -     16:46398564              0.0   116.6 m        11567.6 w       50.6%     3.8 h     114.0 m 
INFO  18:27:51,947 ProgressMeter -     16:46398768              0.0   117.1 m        11617.2 w       50.6%     3.9 h     114.5 m 
INFO  18:28:21,974 ProgressMeter -     16:46398768              0.0   117.6 m        11666.8 w       50.6%     3.9 h     115.0 m 
INFO  18:28:51,974 ProgressMeter -     16:46399103              0.0   118.1 m        11716.4 w       50.6%     3.9 h     115.5 m 
INFO  18:29:21,975 ProgressMeter -     16:46399555              0.0   118.6 m        11766.0 w       50.6%     3.9 h     116.0 m 
INFO  18:29:51,977 ProgressMeter -     16:46399994              0.0   119.1 m        11815.6 w       50.6%     3.9 h     116.4 m 
INFO  18:30:31,978 ProgressMeter -     16:46400353              0.0   119.8 m        11881.8 w       50.6%     3.9 h     117.1 m 
INFO  18:31:01,979 ProgressMeter -     16:46401049              0.0     2.0 h        11931.4 w       50.6%     4.0 h     117.6 m 
INFO  18:31:31,980 ProgressMeter -     16:46401597              0.0     2.0 h        11981.0 w       50.6%     4.0 h     118.1 m 
INFO  18:32:01,980 ProgressMeter -     16:46401597              0.0     2.0 h        12030.6 w       50.6%     4.0 h     118.6 m 
INFO  18:32:31,981 ProgressMeter -     16:46401949              0.0     2.0 h        12080.2 w       50.6%     4.0 h     119.0 m 
INFO  18:33:01,982 ProgressMeter -     16:46402310              0.0     2.0 h        12129.8 w       50.6%     4.0 h     119.5 m 
INFO  18:33:31,983 ProgressMeter -     16:46402827              0.0     2.0 h        12179.4 w       50.6%     4.0 h     120.0 m 
INFO  18:34:01,984 ProgressMeter -     16:46402827              0.0     2.1 h        12229.0 w       50.6%     4.1 h       2.0 h 
INFO  18:34:31,985 ProgressMeter -     16:46403118              0.0     2.1 h        12278.6 w       50.6%     4.1 h       2.0 h 
INFO  18:35:01,986 ProgressMeter -     16:46403335              0.0     2.1 h        12328.2 w       50.6%     4.1 h       2.0 h 
INFO  18:35:31,987 ProgressMeter -     16:46403656              0.0     2.1 h        12377.8 w       50.6%     4.1 h       2.0 h 
INFO  18:36:01,988 ProgressMeter -     16:46403663              0.0     2.1 h        12427.4 w       50.6%     4.1 h       2.0 h 
INFO  18:36:31,989 ProgressMeter -     16:46404411              0.0     2.1 h        12477.0 w       50.6%     4.1 h       2.0 h 
INFO  18:37:01,990 ProgressMeter -     16:46404670              0.0     2.1 h        12526.6 w       50.6%     4.2 h       2.1 h 
INFO  18:37:31,991 ProgressMeter -     16:46404874              0.0     2.1 h        12576.2 w       50.6%     4.2 h       2.1 h 
INFO  18:38:01,992 ProgressMeter -     16:46405157              0.0     2.1 h        12625.8 w       50.6%     4.2 h       2.1 h 
INFO  18:38:41,993 ProgressMeter -     16:46405411              0.0     2.1 h        12692.0 w       50.6%     4.2 h       2.1 h 
INFO  18:39:11,994 ProgressMeter -     16:46405576              0.0     2.1 h        12741.6 w       50.6%     4.2 h       2.1 h 
INFO  18:39:41,995 ProgressMeter -     16:46405874              0.0     2.1 h        12791.2 w       50.6%     4.2 h       2.1 h 
INFO  18:40:11,996 ProgressMeter -     16:46406122              0.0     2.2 h        12840.8 w       50.6%     4.3 h       2.1 h 
INFO  18:40:41,997 ProgressMeter -     16:46406358              0.0     2.2 h        12890.4 w       50.6%     4.3 h       2.1 h 
INFO  18:41:21,998 ProgressMeter -     16:46406860              0.0     2.2 h        12956.5 w       50.6%     4.3 h       2.1 h 
INFO  18:41:51,999 ProgressMeter -     16:46406860              0.0     2.2 h        13006.1 w       50.6%     4.3 h       2.1 h 
INFO  18:42:22,000 ProgressMeter -     16:46407337              0.0     2.2 h        13055.8 w       50.6%     4.3 h       2.1 h 
INFO  18:42:52,001 ProgressMeter -     16:46407699              0.0     2.2 h        13105.4 w       50.6%     4.4 h       2.2 h 
INFO  18:43:22,002 ProgressMeter -     16:46407847              0.0     2.2 h        13155.0 w       50.6%     4.4 h       2.2 h 
INFO  18:43:52,002 ProgressMeter -     16:46408300              0.0     2.2 h        13204.6 w       50.6%     4.4 h       2.2 h 
INFO  18:44:22,003 ProgressMeter -     16:46409061              0.0     2.2 h        13254.2 w       50.6%     4.4 h       2.2 h 
INFO  18:44:52,004 ProgressMeter -     16:46409930              0.0     2.2 h        13303.8 w       50.6%     4.4 h       2.2 h 
INFO  18:45:22,005 ProgressMeter -     16:46411420              0.0     2.2 h        13353.4 w       50.6%     4.4 h       2.2 h 
INFO  18:45:52,006 ProgressMeter -     16:46412526              0.0     2.3 h        13403.0 w       50.6%     4.5 h       2.2 h 
INFO  18:46:22,007 ProgressMeter -     16:46413464              0.0     2.3 h        13452.6 w       50.6%     4.5 h       2.2 h 
INFO  18:46:52,008 ProgressMeter -     16:46413689              0.0     2.3 h        13502.2 w       50.6%     4.5 h       2.2 h 
INFO  18:47:22,009 ProgressMeter -     16:46417116              0.0     2.3 h        13551.8 w       50.6%     4.5 h       2.2 h 
INFO  18:47:52,010 ProgressMeter -     16:46417350              0.0     2.3 h        13601.4 w       50.6%     4.5 h       2.2 h 
INFO  18:48:22,011 ProgressMeter -     16:46417519              0.0     2.3 h        13651.0 w       50.6%     4.5 h       2.2 h 
INFO  18:48:52,012 ProgressMeter -     16:46417519              0.0     2.3 h        13700.6 w       50.6%     4.6 h       2.2 h 
INFO  18:49:22,013 ProgressMeter -     16:46417519              0.0     2.3 h        13750.2 w       50.6%     4.6 h       2.3 h 
WARN  18:49:32,401 ExactAFCalculator - this tool is currently set to genotype at most 6 alternate alleles in a given context, but the context at 16:46417216 has 11 alternate alleles so only the top alleles will be used; see the --max_alternate_alleles argument 
WARN  18:49:32,461 ExactAFCalculator - this tool is currently set to genotype at most 6 alternate alleles in a given context, but the context at 16:46417233 has 11 alternate alleles so only the top alleles will be used; see the --max_alternate_alleles argument 
INFO  18:49:52,014 ProgressMeter -     16:46418136              0.0     2.3 h        13799.8 w       50.6%     4.6 h       2.3 h 
INFO  18:50:22,015 ProgressMeter -     16:46419742              0.0     2.3 h        13849.4 w       50.6%     4.6 h       2.3 h 
INFO  18:50:52,016 ProgressMeter -     16:46419983              0.0     2.3 h        13899.0 w       50.6%     4.6 h       2.3 h 
INFO  18:51:22,017 ProgressMeter -     16:46420237              0.0     2.3 h        13948.6 w       50.6%     4.6 h       2.3 h 
INFO  18:51:52,018 ProgressMeter -     16:46420538              0.0     2.4 h        13998.2 w       50.6%     4.6 h       2.3 h 
INFO  18:52:32,019 ProgressMeter -     16:46421057              0.0     2.4 h        14064.4 w       50.6%     4.7 h       2.3 h 
INFO  18:53:02,020 ProgressMeter -     16:46421294              0.0     2.4 h        14114.0 w       50.6%     4.7 h       2.3 h 
INFO  18:53:32,021 ProgressMeter -     16:46421525              0.0     2.4 h        14163.6 w       50.6%     4.7 h       2.3 h 
INFO  18:54:02,022 ProgressMeter -     16:46421949              0.0     2.4 h        14213.2 w       50.6%     4.7 h       2.3 h 
INFO  18:54:32,023 ProgressMeter -     16:46422472              0.0     2.4 h        14262.8 w       50.6%     4.7 h       2.3 h 
INFO  18:55:02,024 ProgressMeter -     16:46424123              0.0     2.4 h        14312.4 w       50.6%     4.8 h       2.3 h 
WARN  18:55:38,114 ExactAFCalculator - this tool is currently set to genotype at most 6 alternate alleles in a given context, but the context at 16:46424116 has 8 alternate alleles so only the top alleles will be used; see the --max_alternate_alleles argument 
INFO  18:55:42,025 ProgressMeter -     16:46424703              0.0     2.4 h        14378.5 w       50.6%     4.8 h       2.4 h 
INFO  18:56:12,026 ProgressMeter -     16:46425056              0.0     2.4 h        14428.2 w       50.6%     4.8 h       2.4 h 
INFO  18:56:42,027 ProgressMeter -     16:46425056              0.0     2.4 h        14477.8 w       50.6%     4.8 h       2.4 h 
INFO  18:57:12,028 ProgressMeter -     16:46426059              0.0     2.4 h        14527.4 w       50.6%     4.8 h       2.4 h 
INFO  18:57:42,029 ProgressMeter -     16:46426059              0.0     2.4 h        14577.0 w       50.6%     4.8 h       2.4 h 
INFO  18:58:12,030 ProgressMeter -     16:46426987              0.0     2.5 h        14626.6 w       50.6%     4.9 h       2.4 h 
INFO  18:58:42,031 ProgressMeter -     16:46427438              0.0     2.5 h        14676.2 w       50.6%     4.9 h       2.4 h 
INFO  18:59:12,032 ProgressMeter -     16:46427754              0.0     2.5 h        14725.8 w       50.6%     4.9 h       2.4 h 
INFO  18:59:42,033 ProgressMeter -     16:46427754              0.0     2.5 h        14775.4 w       50.6%     4.9 h       2.4 h 
INFO  19:00:12,034 ProgressMeter -     16:46428261              0.0     2.5 h        14825.0 w       50.6%     4.9 h       2.4 h 
INFO  19:00:42,035 ProgressMeter -     16:46428563              0.0     2.5 h        14874.6 w       50.6%     4.9 h       2.4 h 
INFO  19:01:12,036 ProgressMeter -     16:46428563              0.0     2.5 h        14924.2 w       50.6%     5.0 h       2.4 h 
INFO  19:01:42,037 ProgressMeter -     16:46429302              0.0     2.5 h        14973.8 w       50.6%     5.0 h       2.5 h 
INFO  19:02:12,038 ProgressMeter -     16:46429788              0.0     2.5 h        15023.4 w       50.6%     5.0 h       2.5 h 
INFO  19:02:42,039 ProgressMeter -     16:46431519              0.0     2.5 h        15073.0 w       50.6%     5.0 h       2.5 h 
INFO  19:03:12,040 ProgressMeter -     16:46432747              0.0     2.5 h        15122.6 w       50.6%     5.0 h       2.5 h 
INFO  19:03:42,041 ProgressMeter -     16:46433106              0.0     2.5 h        15172.2 w       50.6%     5.0 h       2.5 h 
INFO  19:04:12,042 ProgressMeter -     16:46433305              0.0     2.6 h        15221.8 w       50.6%     5.1 h       2.5 h 
INFO  19:04:42,043 ProgressMeter -     16:46434164              0.0     2.6 h        15250.3 w       50.6%     5.1 h       2.5 h 
INFO  19:05:12,044 ProgressMeter -     16:46434992              0.0     2.6 h        15250.3 w       50.6%     5.1 h       2.5 h 
INFO  19:05:42,045 ProgressMeter -     16:46435223              0.0     2.6 h        15250.3 w       50.6%     5.1 h       2.5 h 
INFO  19:06:22,046 ProgressMeter -     16:46436124              0.0     2.6 h        15250.3 w       50.6%     5.1 h       2.5 h 
INFO  19:06:52,046 ProgressMeter -     16:46446039              0.0     2.6 h        15250.3 w       50.6%     5.1 h       2.5 h 
INFO  19:07:22,047 ProgressMeter -     16:46456662              0.0     2.6 h        15250.3 w       50.6%     5.2 h       2.5 h 
INFO  19:07:52,048 ProgressMeter -     16:46468289              0.0     2.6 h        15250.3 w       50.6%     5.2 h       2.6 h 
INFO  19:08:22,049 ProgressMeter -     16:46480977              0.0     2.6 h        15250.3 w       50.7%     5.2 h       2.6 h 
INFO  19:08:52,050 ProgressMeter -     16:46493723              0.0     2.6 h        15250.3 w       50.7%     5.2 h       2.6 h 
INFO  19:09:22,051 ProgressMeter -     16:46498355              0.0     2.6 h        15250.3 w       50.7%     5.2 h       2.6 h 
INFO  19:09:52,052 ProgressMeter -     16:46804100              0.0     2.7 h        15250.3 w       51.0%     5.2 h       2.5 h 
INFO  19:10:22,053 ProgressMeter -     16:47282575              0.0     2.7 h        15250.3 w       51.6%     5.2 h       2.5 h 
INFO  19:10:52,054 ProgressMeter -     16:47802307              0.0     2.7 h        15250.3 w       52.2%     5.1 h       2.4 h 
INFO  19:11:22,055 ProgressMeter -     16:48341019              0.0     2.7 h        15250.3 w       52.8%     5.1 h       2.4 h 
INFO  19:11:52,056 ProgressMeter -     16:48840271              0.0     2.7 h        15250.3 w       53.4%     5.0 h       2.3 h 
INFO  19:12:22,057 ProgressMeter -     16:49232902              0.0     2.7 h        15250.3 w       53.9%     5.0 h       2.3 h 
INFO  19:12:52,058 ProgressMeter -     16:49667920              0.0     2.7 h        15250.3 w       54.4%     5.0 h       2.3 h 
INFO  19:13:22,059 ProgressMeter -     16:50100140              0.0     2.7 h        15250.3 w       54.9%     4.9 h       2.2 h 
INFO  19:13:52,060 ProgressMeter -     16:50477175              0.0     2.7 h        15250.3 w       55.3%     4.9 h       2.2 h 
INFO  19:14:22,061 ProgressMeter -     16:50949208              0.0     2.7 h        15250.3 w       55.8%     4.9 h       2.2 h 
INFO  19:14:52,062 ProgressMeter -     16:51378855              0.0     2.7 h        15250.3 w       56.3%     4.9 h       2.1 h 
INFO  19:15:22,063 ProgressMeter -     16:51733406              0.0     2.7 h        15250.3 w       56.8%     4.8 h       2.1 h 
INFO  19:15:52,064 ProgressMeter -     16:52139496              0.0     2.8 h        15250.3 w       57.2%     4.8 h       2.1 h 
INFO  19:16:22,065 ProgressMeter -     16:52625101              0.0     2.8 h        15250.3 w       57.8%     4.8 h       2.0 h 
INFO  19:16:52,066 ProgressMeter -     16:52951344              0.0     2.8 h        15250.3 w       58.2%     4.8 h     119.5 m 
INFO  19:17:22,067 ProgressMeter -     16:53351844              0.0     2.8 h        15250.3 w       58.6%     4.7 h     117.5 m 
INFO  19:17:52,068 ProgressMeter -     16:53742277              0.0     2.8 h        15250.3 w       59.1%     4.7 h     115.7 m 
INFO  19:18:22,069 ProgressMeter -     16:54120693              0.0     2.8 h        15250.3 w       59.5%     4.7 h     114.0 m 
INFO  19:18:52,070 ProgressMeter -     16:54520310              0.0     2.8 h        15250.3 w       60.0%     4.7 h     112.1 m 
INFO  19:19:22,071 ProgressMeter -     16:54985370              0.0     2.8 h        15250.3 w       60.5%     4.6 h     110.0 m 
INFO  19:19:52,072 ProgressMeter -     16:55397793              0.0     2.8 h        15250.3 w       61.0%     4.6 h     108.1 m 
INFO  19:20:22,073 ProgressMeter -     16:55764615              0.0     2.8 h        15250.3 w       61.4%     4.6 h     106.5 m 
INFO  19:20:52,074 ProgressMeter -     16:56122200              0.0     2.8 h        15250.3 w       61.8%     4.6 h     104.9 m 
INFO  19:21:22,075 ProgressMeter -     16:56581243              0.0     2.8 h        15250.3 w       62.4%     4.6 h     102.9 m 
INFO  19:21:52,076 ProgressMeter -     16:57005252              0.0     2.9 h        15250.3 w       62.9%     4.5 h     101.0 m 
INFO  19:22:22,077 ProgressMeter -     16:57455666              0.0     2.9 h        15250.3 w       63.4%     4.5 h      99.1 m 
INFO  19:22:52,078 ProgressMeter -     16:57923011              0.0     2.9 h        15250.3 w       63.9%     4.5 h      97.1 m 
INFO  19:23:22,079 ProgressMeter -     16:58399883              0.0     2.9 h        15250.3 w       64.5%     4.5 h      95.0 m 
INFO  19:23:52,080 ProgressMeter -     16:58818671              0.0     2.9 h        15250.3 w       65.0%     4.4 h      93.3 m 
INFO  19:24:22,081 ProgressMeter -     16:59192119              0.0     2.9 h        15250.3 w       65.4%     4.4 h      91.8 m 
INFO  19:24:52,082 ProgressMeter -     16:59652067              0.0     2.9 h        15250.3 w       65.9%     4.4 h      89.9 m 
INFO  19:25:22,083 ProgressMeter -     16:60047458              0.0     2.9 h        15250.3 w       66.4%     4.4 h      88.3 m 
INFO  19:25:52,084 ProgressMeter -     16:60454571              0.0     2.9 h        15250.3 w       66.9%     4.4 h      86.7 m 
INFO  19:26:22,085 ProgressMeter -     16:60919468              0.0     2.9 h        15250.3 w       67.4%     4.3 h      84.9 m 
INFO  19:26:52,086 ProgressMeter -     16:61447762              0.0     2.9 h        15250.3 w       68.0%     4.3 h      82.8 m 
INFO  19:27:22,087 ProgressMeter -     16:61930252              0.0     2.9 h        15250.3 w       68.6%     4.3 h      80.9 m 
INFO  19:27:52,088 ProgressMeter -     16:62355660              0.0     3.0 h        15250.3 w       69.1%     4.3 h      79.3 m 
INFO  19:28:22,089 ProgressMeter -     16:62794511              0.0     3.0 h        15250.3 w       69.6%     4.3 h      77.6 m 
INFO  19:28:52,090 ProgressMeter -     16:63246172              0.0     3.0 h        15250.3 w       70.1%     4.2 h      75.9 m 
INFO  19:29:22,091 ProgressMeter -     16:63735721              0.0     3.0 h        15250.3 w       70.7%     4.2 h      74.1 m 
INFO  19:30:02,092 ProgressMeter -     16:64396015              0.0     3.0 h        15250.3 w       71.4%     4.2 h      71.6 m 
INFO  19:30:32,093 ProgressMeter -     16:64909732              0.0     3.0 h        15250.3 w       72.0%     4.2 h      69.8 m 
INFO  19:31:02,094 ProgressMeter -     16:65288729              0.0     3.0 h        15250.3 w       72.5%     4.1 h      68.4 m 
INFO  19:31:32,095 ProgressMeter -     16:65768060              0.0     3.0 h        15250.3 w       73.0%     4.1 h      66.7 m 
INFO  19:32:02,096 ProgressMeter -     16:66226315              0.0     3.0 h        15250.3 w       73.6%     4.1 h      65.1 m 
INFO  19:32:32,097 ProgressMeter -     16:66779417              0.0     3.0 h        15250.3 w       74.2%     4.1 h      63.2 m 
INFO  19:33:02,098 ProgressMeter -     16:67409272              0.0     3.0 h        15250.3 w       74.9%     4.1 h      60.9 m 
INFO  19:33:32,099 ProgressMeter -     16:68029486              0.0     3.0 h        15250.3 w       75.7%     4.0 h      58.8 m 
INFO  19:34:02,100 ProgressMeter -     16:68488832              0.0     3.1 h        15250.3 w       76.2%     4.0 h      57.2 m 
INFO  19:34:32,101 ProgressMeter -     16:68931854              0.0     3.1 h        15250.3 w       76.7%     4.0 h      55.8 m 
INFO  19:35:02,102 ProgressMeter -     16:69461730              0.0     3.1 h        15250.3 w       77.3%     4.0 h      54.0 m 
INFO  19:35:32,104 ProgressMeter -     16:69891341              0.0     3.1 h        15250.3 w       77.8%     4.0 h      52.6 m 
INFO  19:36:02,105 ProgressMeter -     16:70314316              0.0     3.1 h        15250.3 w       78.3%     3.9 h      51.3 m 
INFO  19:36:32,108 ProgressMeter -     16:70829549              0.0     3.1 h        15250.3 w       78.9%     3.9 h      49.6 m 
INFO  19:37:02,109 ProgressMeter -     16:71366935              0.0     3.1 h        15250.3 w       79.5%     3.9 h      47.9 m 
INFO  19:37:32,110 ProgressMeter -     16:71836832              0.0     3.1 h        15250.3 w       80.1%     3.9 h      46.4 m 
INFO  19:38:02,111 ProgressMeter -     16:72288780              0.0     3.1 h        15250.3 w       80.6%     3.9 h      45.0 m 
INFO  19:38:32,112 ProgressMeter -     16:72833659              0.0     3.1 h        15250.3 w       81.2%     3.9 h      43.4 m 
INFO  19:39:02,113 ProgressMeter -     16:73345569              0.0     3.1 h        15250.3 w       81.8%     3.8 h      41.8 m 
INFO  19:39:32,114 ProgressMeter -     16:73779498              0.0     3.1 h        15250.3 w       82.3%     3.8 h      40.5 m 
INFO  19:40:02,115 ProgressMeter -     16:74251373              0.0     3.2 h        15250.3 w       82.9%     3.8 h      39.1 m 
INFO  19:40:32,116 ProgressMeter -     16:74642899              0.0     3.2 h        15250.3 w       83.3%     3.8 h      37.9 m 
INFO  19:41:02,117 ProgressMeter -     16:75075577              0.0     3.2 h        15250.3 w       83.8%     3.8 h      36.7 m 
INFO  19:41:32,118 ProgressMeter -     16:75466619              0.0     3.2 h        15250.3 w       84.3%     3.8 h      35.5 m 
INFO  19:42:02,119 ProgressMeter -     16:75971748              0.0     3.2 h        15250.3 w       84.9%     3.8 h      34.1 m 
INFO  19:42:32,120 ProgressMeter -     16:76445144              0.0     3.2 h        15250.3 w       85.4%     3.7 h      32.7 m 
INFO  19:43:02,121 ProgressMeter -     16:76844887              0.0     3.2 h        15250.3 w       85.9%     3.7 h      31.6 m 
INFO  19:43:32,122 ProgressMeter -     16:77162618              0.0     3.2 h        15250.3 w       86.3%     3.7 h      30.7 m 
INFO  19:44:02,123 ProgressMeter -     16:77547668              0.0     3.2 h        15250.3 w       86.7%     3.7 h      29.6 m 
INFO  19:44:32,124 ProgressMeter -     16:77934911              0.0     3.2 h        15250.3 w       87.2%     3.7 h      28.5 m 
INFO  19:45:02,125 ProgressMeter -     16:78251004              0.0     3.2 h        15250.3 w       87.5%     3.7 h      27.7 m 
INFO  19:45:32,126 ProgressMeter -     16:78514927              0.0     3.2 h        15250.3 w       87.8%     3.7 h      27.0 m 
INFO  19:46:02,127 ProgressMeter -     16:78803781              0.0     3.3 h        15250.3 w       88.2%     3.7 h      26.2 m 
INFO  19:46:32,128 ProgressMeter -     16:79091688              0.0     3.3 h        15250.3 w       88.5%     3.7 h      25.4 m 
INFO  19:47:12,129 ProgressMeter -     16:79627733              0.0     3.3 h        15250.3 w       89.1%     3.7 h      24.0 m 
INFO  19:47:42,130 ProgressMeter -     16:80111066              0.0     3.3 h        15250.3 w       89.7%     3.7 h      22.6 m 
INFO  19:48:12,131 ProgressMeter -     16:80519706              0.0     3.3 h        15250.3 w       90.2%     3.6 h      21.5 m 
INFO  19:48:52,132 ProgressMeter -     16:81074564              0.0     3.3 h        15250.3 w       90.8%     3.6 h      20.1 m 
INFO  19:49:32,133 ProgressMeter -     16:81486683              0.0     3.3 h        15250.3 w       91.3%     3.6 h      19.0 m 
INFO  19:50:02,134 ProgressMeter -     16:81897210              0.0     3.3 h        15250.3 w       91.8%     3.6 h      17.9 m 
INFO  19:50:32,139 ProgressMeter -     16:82245082              0.0     3.3 h        15250.3 w       92.2%     3.6 h      17.0 m 
INFO  19:51:02,140 ProgressMeter -     16:82653294              0.0     3.3 h        15250.3 w       92.6%     3.6 h      15.9 m 
INFO  19:51:32,141 ProgressMeter -     16:83090832              0.0     3.3 h        15250.3 w       93.1%     3.6 h      14.8 m 
INFO  19:52:02,142 ProgressMeter -     16:83409166              0.0     3.4 h        15250.3 w       93.5%     3.6 h      14.0 m 
INFO  19:52:32,143 ProgressMeter -     16:83746338              0.0     3.4 h        15250.3 w       93.9%     3.6 h      13.1 m 
INFO  19:53:02,144 ProgressMeter -     16:84034754              0.0     3.4 h        15250.3 w       94.2%     3.6 h      12.4 m 
INFO  19:53:32,145 ProgressMeter -     16:84371657              0.0     3.4 h        15250.3 w       94.6%     3.6 h      11.5 m 
INFO  19:54:02,147 ProgressMeter -     16:84664827              0.0     3.4 h        15250.3 w       95.0%     3.6 h      10.8 m 
WARN  19:54:04,641 ExactAFCalculator - this tool is currently set to genotype at most 6 alternate alleles in a given context, but the context at 16:84680906 has 9 alternate alleles so only the top alleles will be used; see the --max_alternate_alleles argument 
INFO  19:54:32,148 ProgressMeter -     16:85014265              0.0     3.4 h        15250.3 w       95.4%     3.6 h       9.9 m 
INFO  19:55:02,149 ProgressMeter -     16:85457446              0.0     3.4 h        15250.3 w       95.9%     3.6 h       8.8 m 
INFO  19:55:32,149 ProgressMeter -     16:85893607              0.0     3.4 h        15250.3 w       96.4%     3.5 h       7.7 m 
INFO  19:56:02,150 ProgressMeter -     16:86285450              0.0     3.4 h        15250.3 w       96.9%     3.5 h       6.7 m 
INFO  19:56:32,151 ProgressMeter -     16:86688659              0.0     3.4 h        15250.3 w       97.3%     3.5 h       5.7 m 
INFO  19:57:02,152 ProgressMeter -     16:87085660              0.0     3.4 h        15250.3 w       97.8%     3.5 h       4.7 m 
INFO  19:57:32,153 ProgressMeter -     16:87483038              0.0     3.4 h        15250.3 w       98.2%     3.5 h       3.7 m 
INFO  19:58:02,155 ProgressMeter -     16:88004345              0.0     3.5 h        15250.3 w       98.8%     3.5 h       2.4 m 
INFO  19:58:32,156 ProgressMeter -     16:88323761              0.0     3.5 h        15250.3 w       99.2%     3.5 h      98.0 s 
INFO  19:59:02,156 ProgressMeter -     16:88782388              0.0     3.5 h        15250.3 w       99.8%     3.5 h      31.0 s 
INFO  19:59:14,163 VectorLoglessPairHMM - Time spent in setup for JNI call : 4.279146611000001 
INFO  19:59:14,164 PairHMM - Total compute time in PairHMM computeLikelihoods() : 5237.075892049001 
INFO  19:59:14,165 HaplotypeCaller - Ran local assembly on 425736 active regions 
INFO  19:59:14,170 ProgressMeter -            done      8.6166015E7     3.5 h            2.4 m      100.0%     3.5 h       0.0 s 
INFO  19:59:14,170 ProgressMeter - Total runtime 12508.29 secs, 208.47 min, 3.47 hours 
INFO  19:59:14,171 MicroScheduler - 5267674 reads were filtered out during the traversal out of approximately 23597879 total reads (22.32%) 
INFO  19:59:14,171 MicroScheduler -   -> 0 reads (0.00% of total) failing BadCigarFilter 
INFO  19:59:14,172 MicroScheduler -   -> 2574305 reads (10.91% of total) failing DuplicateReadFilter 
INFO  19:59:14,172 MicroScheduler -   -> 0 reads (0.00% of total) failing FailsVendorQualityCheckFilter 
INFO  19:59:14,173 MicroScheduler -   -> 2661959 reads (11.28% of total) failing HCMappingQualityFilter 
INFO  19:59:14,173 MicroScheduler -   -> 0 reads (0.00% of total) failing MalformedReadFilter 
INFO  19:59:14,174 MicroScheduler -   -> 0 reads (0.00% of total) failing MappingQualityUnavailableFilter 
INFO  19:59:14,174 MicroScheduler -   -> 31410 reads (0.13% of total) failing NotPrimaryAlignmentFilter 
INFO  19:59:14,175 MicroScheduler -   -> 0 reads (0.00% of total) failing UnmappedReadFilter 
