INFO  20:39:39,127 HelpFormatter - --------------------------------------------------------------------------------- 
INFO  20:39:39,130 HelpFormatter - The Genome Analysis Toolkit (GATK) v3.4-46-g8ea4dca, Compiled 2015/08/13 20:41:56 
INFO  20:39:39,130 HelpFormatter - Copyright (c) 2010 The Broad Institute 
INFO  20:39:39,130 HelpFormatter - For support and documentation go to http://www.broadinstitute.org/gatk 
INFO  20:39:39,133 HelpFormatter - Program Args: -T HaplotypeCaller -I /home/opt/data/broadout/FC1-NA12878-01_S1_L001_R1_001_gatk_best_practices_36t_30s_2015-11-05_19-14-59/FC1-NA12878-01_S1_L001_R1_001_realign.bam -L /home/beris/Broad_Ref_Pipeline_approved_package/workflow_profiler/.queue/scatterGather/ExampleHaplotypeCaller-1-sg/temp_21_of_36/scatter.intervals -R /home/beris/Broad_Ref_Pipeline_approved_package/homosapiensrefgenome/Homo_sapiens_assembly19.fasta -variant_index_type LINEAR -variant_index_parameter 128000 -o /home/beris/Broad_Ref_Pipeline_approved_package/workflow_profiler/.queue/scatterGather/ExampleHaplotypeCaller-1-sg/temp_21_of_36/FC1-NA12878-01_S1_L001_R1_001_realign.bam_HaplotypeCaller.g.vcf -ERC GVCF 
INFO  20:39:39,138 HelpFormatter - Executing as beris@dna on Linux 2.6.32-573.el6.x86_64 amd64; OpenJDK 64-Bit Server VM 1.7.0_79-mockbuild_2015_07_24_09_26-b00. 
INFO  20:39:39,139 HelpFormatter - Date/Time: 2015/11/05 20:39:39 
INFO  20:39:39,139 HelpFormatter - --------------------------------------------------------------------------------- 
INFO  20:39:39,139 HelpFormatter - --------------------------------------------------------------------------------- 
WARN  20:39:39,163 GATKVCFUtils - Naming your output file using the .g.vcf extension will automatically set the appropriate values  for --variant_index_type and --variant_index_parameter 
INFO  20:39:39,246 GenomeAnalysisEngine - Strictness is SILENT 
INFO  20:39:39,350 GenomeAnalysisEngine - Downsampling Settings: Method: BY_SAMPLE, Target Coverage: 500 
INFO  20:39:39,357 SAMDataSource$SAMReaders - Initializing SAMRecords in serial 
INFO  20:39:39,393 SAMDataSource$SAMReaders - Done initializing BAM readers: total time 0.04 
INFO  20:39:39,399 HCMappingQualityFilter - Filtering out reads with MAPQ < 20 
INFO  20:39:39,698 IntervalUtils - Processing 1017715 bp from intervals 
INFO  20:39:39,796 GenomeAnalysisEngine - Preparing for traversal over 1 BAM files 
INFO  20:39:40,349 GenomeAnalysisEngine - Done preparing for traversal 
INFO  20:39:40,349 ProgressMeter - [INITIALIZATION COMPLETE; STARTING PROCESSING] 
INFO  20:39:40,350 ProgressMeter -                 |      processed |    time |         per 1M |           |   total | remaining 
INFO  20:39:40,351 ProgressMeter -        Location | active regions | elapsed | active regions | completed | runtime |   runtime 
INFO  20:39:40,351 HaplotypeCaller - Standard Emitting and Calling confidence set to 0.0 for reference-model confidence output 
INFO  20:39:40,351 HaplotypeCaller - All sites annotated with PLs forced to true for reference-model confidence output 
INFO  20:39:40,589 HaplotypeCaller - Using global mismapping rate of 45 => -4.5 in log10 likelihood units 
Using AVX accelerated implementation of PairHMM
INFO  20:39:42,070 VectorLoglessPairHMM - libVectorLoglessPairHMM unpacked successfully from GATK jar file 
INFO  20:39:42,071 VectorLoglessPairHMM - Using vectorized implementation of PairHMM 
WARN  20:39:42,311 HaplotypeScore - Annotation will not be calculated, must be called from UnifiedGenotyper 
WARN  20:39:42,312 InbreedingCoeff - Annotation will not be calculated, must provide a valid PED file (-ped) from the command line. 
INFO  20:40:10,355 ProgressMeter -     11:65396777     1.21869488E8    30.0 s            0.0 s       26.2%   114.0 s      84.0 s 
INFO  20:40:40,358 ProgressMeter -     11:87037485    1.044838131E9    60.0 s            0.0 s       67.0%    89.0 s      29.0 s 
INFO  20:41:10,362 ProgressMeter -    11:118849865     2.58637835E9    90.0 s            0.0 s       99.8%    90.0 s       0.0 s 
INFO  20:41:10,456 VectorLoglessPairHMM - Time spent in setup for JNI call : 0.027066641000000002 
INFO  20:41:10,456 PairHMM - Total compute time in PairHMM computeLikelihoods() : 4.98713164 
INFO  20:41:10,457 HaplotypeCaller - Ran local assembly on 10072 active regions 
INFO  20:41:10,462 ProgressMeter -            done    2.596545016E9    90.0 s            0.0 s      100.0%    90.0 s       0.0 s 
INFO  20:41:10,462 ProgressMeter - Total runtime 90.11 secs, 1.50 min, 0.03 hours 
INFO  20:41:10,463 MicroScheduler - 114827 reads were filtered out during the traversal out of approximately 441777 total reads (25.99%) 
INFO  20:41:10,463 MicroScheduler -   -> 0 reads (0.00% of total) failing BadCigarFilter 
INFO  20:41:10,463 MicroScheduler -   -> 101736 reads (23.03% of total) failing DuplicateReadFilter 
INFO  20:41:10,463 MicroScheduler -   -> 0 reads (0.00% of total) failing FailsVendorQualityCheckFilter 
INFO  20:41:10,464 MicroScheduler -   -> 13043 reads (2.95% of total) failing HCMappingQualityFilter 
INFO  20:41:10,464 MicroScheduler -   -> 0 reads (0.00% of total) failing MalformedReadFilter 
INFO  20:41:10,464 MicroScheduler -   -> 0 reads (0.00% of total) failing MappingQualityUnavailableFilter 
INFO  20:41:10,464 MicroScheduler -   -> 48 reads (0.01% of total) failing NotPrimaryAlignmentFilter 
INFO  20:41:10,464 MicroScheduler -   -> 0 reads (0.00% of total) failing UnmappedReadFilter 
