INFO  16:30:43,207 HelpFormatter - --------------------------------------------------------------------------------- 
INFO  16:30:43,209 HelpFormatter - The Genome Analysis Toolkit (GATK) v3.4-46-g8ea4dca, Compiled 2015/08/13 20:41:56 
INFO  16:30:43,209 HelpFormatter - Copyright (c) 2010 The Broad Institute 
INFO  16:30:43,209 HelpFormatter - For support and documentation go to http://www.broadinstitute.org/gatk 
INFO  16:30:43,213 HelpFormatter - Program Args: -T HaplotypeCaller -I /mnt/ssdbroad/output/Solexa-272221_gatk_best_practices_36t_30s_2016-02-11_11-59-19/Solexa-272221_final.bam -L /mnt/ssdbroad/Broad_Ref_Pipeline_approved_package/workflow_profiler/.queue/scatterGather/ExampleHaplotypeCaller-1-sg/temp_21_of_36/scatter.intervals -R /mnt/ssdbroad/Broad_Ref_Pipeline_approved_package/homosapiensrefgenome/Homo_sapiens_assembly19.fasta -variant_index_type LINEAR -variant_index_parameter 128000 -o /mnt/ssdbroad/Broad_Ref_Pipeline_approved_package/workflow_profiler/.queue/scatterGather/ExampleHaplotypeCaller-1-sg/temp_21_of_36/Solexa-272221_HaplotypeCaller.g.vcf -ERC GVCF 
INFO  16:30:43,226 HelpFormatter - Executing as beris@dna on Linux 2.6.32-573.el6.x86_64 amd64; OpenJDK 64-Bit Server VM 1.7.0_79-mockbuild_2015_07_24_09_26-b00. 
INFO  16:30:43,226 HelpFormatter - Date/Time: 2016/02/12 16:30:43 
INFO  16:30:43,226 HelpFormatter - --------------------------------------------------------------------------------- 
INFO  16:30:43,227 HelpFormatter - --------------------------------------------------------------------------------- 
WARN  16:30:43,268 GATKVCFUtils - Naming your output file using the .g.vcf extension will automatically set the appropriate values  for --variant_index_type and --variant_index_parameter 
INFO  16:30:43,387 GenomeAnalysisEngine - Strictness is SILENT 
INFO  16:30:43,554 GenomeAnalysisEngine - Downsampling Settings: Method: BY_SAMPLE, Target Coverage: 500 
INFO  16:30:43,561 SAMDataSource$SAMReaders - Initializing SAMRecords in serial 
INFO  16:30:43,593 SAMDataSource$SAMReaders - Done initializing BAM readers: total time 0.03 
INFO  16:30:43,602 HCMappingQualityFilter - Filtering out reads with MAPQ < 20 
INFO  16:30:43,627 IntervalUtils - Processing 86166015 bp from intervals 
INFO  16:30:43,706 GenomeAnalysisEngine - Preparing for traversal over 1 BAM files 
INFO  16:30:44,168 GenomeAnalysisEngine - Done preparing for traversal 
INFO  16:30:44,169 ProgressMeter - [INITIALIZATION COMPLETE; STARTING PROCESSING] 
INFO  16:30:44,169 ProgressMeter -                 |      processed |    time |         per 1M |           |   total | remaining 
INFO  16:30:44,170 ProgressMeter -        Location | active regions | elapsed | active regions | completed | runtime |   runtime 
INFO  16:30:44,170 HaplotypeCaller - Standard Emitting and Calling confidence set to 0.0 for reference-model confidence output 
INFO  16:30:44,170 HaplotypeCaller - All sites annotated with PLs forced to true for reference-model confidence output 
INFO  16:30:44,342 HaplotypeCaller - Using global mismapping rate of 45 => -4.5 in log10 likelihood units 
Using AVX accelerated implementation of PairHMM
INFO  16:30:47,482 VectorLoglessPairHMM - libVectorLoglessPairHMM unpacked successfully from GATK jar file 
INFO  16:30:47,482 VectorLoglessPairHMM - Using vectorized implementation of PairHMM 
WARN  16:30:47,753 HaplotypeScore - Annotation will not be calculated, must be called from UnifiedGenotyper 
WARN  16:30:47,758 InbreedingCoeff - Annotation will not be calculated, must provide a valid PED file (-ped) from the command line. 
INFO  16:31:15,700 ProgressMeter -     10:42984828              0.0    31.0 s           52.1 w        0.0%    19.7 h      19.7 h 
INFO  16:32:15,702 ProgressMeter -     10:43627018              0.0    91.0 s          151.3 w        0.8%     3.2 h       3.2 h 
INFO  16:32:45,702 ProgressMeter -     10:43973388              0.0     2.0 m          200.9 w        1.2%     2.8 h       2.8 h 
INFO  16:33:15,703 ProgressMeter -     10:44302403              0.0     2.5 m          250.6 w        1.6%     2.7 h       2.6 h 
INFO  16:33:45,704 ProgressMeter -     10:44676976              0.0     3.0 m          300.2 w        2.0%     2.5 h       2.5 h 
INFO  16:34:25,704 ProgressMeter -     10:45175253              0.0     3.7 m          366.3 w        2.6%     2.4 h       2.3 h 
INFO  16:34:55,705 ProgressMeter -     10:45552389              0.0     4.2 m          415.9 w        3.0%     2.3 h       2.2 h 
INFO  16:35:25,706 ProgressMeter -     10:45834764              0.0     4.7 m          465.5 w        3.4%     2.3 h       2.3 h 
INFO  16:36:05,707 ProgressMeter -     10:46729466              0.0     5.4 m          531.6 w        4.4%     2.0 h     116.5 m 
INFO  16:36:45,707 ProgressMeter -     10:47029099              0.0     6.0 m          597.8 w        4.7%     2.1 h       2.0 h 
INFO  16:37:15,708 ProgressMeter -     10:47092372              0.0     6.5 m          647.4 w        4.8%     2.3 h       2.1 h 
INFO  16:37:45,709 ProgressMeter -     10:47127801              0.0     7.0 m          697.0 w        4.9%     2.4 h       2.3 h 
INFO  16:38:25,710 ProgressMeter -     10:47637457              0.0     7.7 m          763.1 w        5.4%     2.4 h       2.2 h 
INFO  16:38:55,710 ProgressMeter -     10:48322183              0.0     8.2 m          812.7 w        6.2%     2.2 h       2.1 h 
INFO  16:39:25,714 ProgressMeter -     10:48529329              0.0     8.7 m          862.3 w        6.5%     2.2 h       2.1 h 
INFO  16:40:05,715 ProgressMeter -     10:49473463              0.0     9.4 m          928.5 w        7.6%     2.1 h     114.1 m 
INFO  16:40:35,715 ProgressMeter -     10:49817857              0.0     9.9 m          978.1 w        8.0%     2.1 h     113.7 m 
INFO  16:41:05,716 ProgressMeter -     10:50098929              0.0    10.4 m         1027.7 w        8.3%     2.1 h     114.3 m 
INFO  16:41:35,717 ProgressMeter -     10:50393300              0.0    10.9 m         1077.3 w        8.6%     2.1 h     114.7 m 
INFO  16:42:05,739 ProgressMeter -     10:50732967              0.0    11.4 m         1126.9 w        9.0%     2.1 h     114.3 m 
INFO  16:42:35,746 ProgressMeter -     10:51101794              0.0    11.9 m         1176.5 w        9.5%     2.1 h     113.4 m 
INFO  16:43:05,747 ProgressMeter -     10:51623005              0.0    12.4 m         1226.2 w       10.1%     2.0 h     110.3 m 
INFO  16:43:45,748 ProgressMeter -     10:52223045              0.0    13.0 m         1292.3 w       10.8%     2.0 h     107.9 m 
INFO  16:44:25,749 ProgressMeter -     10:52684331              0.0    13.7 m         1358.4 w       11.3%     2.0 h     107.4 m 
INFO  16:44:55,749 ProgressMeter -     10:53024213              0.0    14.2 m         1408.0 w       11.7%     2.0 h     107.1 m 
INFO  16:45:25,751 ProgressMeter -     10:53347084              0.0    14.7 m         1457.6 w       12.1%     2.0 h     107.0 m 
INFO  16:45:55,752 ProgressMeter -     10:53682382              0.0    15.2 m         1507.2 w       12.5%     2.0 h     106.7 m 
INFO  16:46:25,753 ProgressMeter -     10:53980575              0.0    15.7 m         1556.9 w       12.8%     2.0 h     106.8 m 
INFO  16:46:55,754 ProgressMeter -     10:54348061              0.0    16.2 m         1606.5 w       13.2%     2.0 h     106.1 m 
INFO  16:47:35,755 ProgressMeter -     10:54629459              0.0    16.9 m         1672.6 w       13.6%     2.1 h     107.4 m 
INFO  16:48:05,756 ProgressMeter -     10:54790445              0.0    17.4 m         1722.2 w       13.7%     2.1 h     108.9 m 
INFO  16:48:35,757 ProgressMeter -     10:54983855              0.0    17.9 m         1771.8 w       14.0%     2.1 h     109.9 m 
INFO  16:49:05,757 ProgressMeter -     10:55259496              0.0    18.4 m         1821.4 w       14.3%     2.1 h     110.1 m 
INFO  16:49:35,758 ProgressMeter -     10:55638272              0.0    18.9 m         1871.0 w       14.7%     2.1 h     109.1 m 
INFO  16:50:05,759 ProgressMeter -     10:55870357              0.0    19.4 m         1920.6 w       15.0%     2.2 h     109.7 m 
INFO  16:50:45,764 ProgressMeter -     10:56213180              0.0    20.0 m         1986.8 w       15.4%     2.2 h     110.0 m 
INFO  16:51:15,764 ProgressMeter -     10:56519813              0.0    20.5 m         2036.4 w       15.8%     2.2 h     109.7 m 
INFO  16:51:45,765 ProgressMeter -     10:56818007              0.0    21.0 m         2086.0 w       16.1%     2.2 h     109.5 m 
INFO  16:52:15,766 ProgressMeter -     10:57059593              0.0    21.5 m         2135.6 w       16.4%     2.2 h     109.9 m 
INFO  16:52:45,782 ProgressMeter -     10:57288163              0.0    22.0 m         2185.2 w       16.6%     2.2 h     110.3 m 
INFO  16:53:15,784 ProgressMeter -     10:57511000              0.0    22.5 m         2234.8 w       16.9%     2.2 h     110.7 m 
INFO  16:53:45,784 ProgressMeter -     10:57807312              0.0    23.0 m         2284.4 w       17.2%     2.2 h     110.4 m 
INFO  16:54:15,786 ProgressMeter -     10:58037040              0.0    23.5 m         2334.0 w       17.5%     2.2 h     110.8 m 
INFO  16:54:45,786 ProgressMeter -     10:58360646              0.0    24.0 m         2383.6 w       17.9%     2.2 h     110.2 m 
INFO  16:55:15,787 ProgressMeter -     10:58603610              0.0    24.5 m         2433.2 w       18.2%     2.2 h     110.4 m 
INFO  16:55:45,788 ProgressMeter -     10:58787684              0.0    25.0 m         2482.8 w       18.4%     2.3 h     111.1 m 
INFO  16:56:15,789 ProgressMeter -     10:59233958              0.0    25.5 m         2532.4 w       18.9%     2.2 h     109.5 m 
INFO  16:56:55,790 ProgressMeter -     10:59627188              0.0    26.2 m         2598.6 w       19.4%     2.3 h     109.1 m 
INFO  16:57:25,800 ProgressMeter -     10:59811234              0.0    26.7 m         2648.2 w       19.6%     2.3 h     109.7 m 
INFO  16:57:55,801 ProgressMeter -     10:60057892              0.0    27.2 m         2697.8 w       19.9%     2.3 h     109.7 m 
INFO  16:58:25,802 ProgressMeter -     10:60333949              0.0    27.7 m         2747.4 w       20.2%     2.3 h     109.5 m 
INFO  16:58:55,803 ProgressMeter -     10:60654941              0.0    28.2 m         2797.0 w       20.6%     2.3 h     109.0 m 
INFO  16:59:25,804 ProgressMeter -     10:61065466              0.0    28.7 m         2846.6 w       21.0%     2.3 h     107.7 m 
INFO  17:00:05,805 ProgressMeter -     10:61485643              0.0    29.4 m         2912.8 w       21.5%     2.3 h     107.1 m 
INFO  17:00:45,806 ProgressMeter -     10:61884412              0.0    30.0 m         2978.9 w       22.0%     2.3 h     106.6 m 
INFO  17:01:15,806 ProgressMeter -     10:62205426              0.0    30.5 m         3028.5 w       22.4%     2.3 h     106.0 m 
INFO  17:01:45,807 ProgressMeter -     10:62519540              0.0    31.0 m         3078.1 w       22.7%     2.3 h     105.5 m 
INFO  17:02:15,808 ProgressMeter -     10:62957169              0.0    31.5 m         3127.7 w       23.2%     2.3 h     104.2 m 
INFO  17:02:55,809 ProgressMeter -     10:63449587              0.0    32.2 m         3193.8 w       23.8%     2.3 h     103.1 m 
INFO  17:03:25,809 ProgressMeter -     10:63802020              0.0    32.7 m         3243.5 w       24.2%     2.3 h     102.4 m 
INFO  17:03:55,816 ProgressMeter -     10:64136693              0.0    33.2 m         3293.1 w       24.6%     2.2 h     101.8 m 
INFO  17:04:25,817 ProgressMeter -     10:64479251              0.0    33.7 m         3342.7 w       25.0%     2.2 h     101.1 m 
INFO  17:04:55,818 ProgressMeter -     10:64846525              0.0    34.2 m         3392.3 w       25.4%     2.2 h     100.3 m 
INFO  17:05:25,819 ProgressMeter -     10:65166727              0.0    34.7 m         3441.9 w       25.8%     2.2 h      99.8 m 
INFO  17:06:05,820 ProgressMeter -     10:65573499              0.0    35.4 m         3508.0 w       26.3%     2.2 h      99.3 m 
INFO  17:06:35,820 ProgressMeter -     10:65834724              0.0    35.9 m         3557.6 w       26.6%     2.2 h      99.1 m 
INFO  17:07:05,821 ProgressMeter -     10:66200205              0.0    36.4 m         3607.2 w       27.0%     2.2 h      98.3 m 
INFO  17:07:35,822 ProgressMeter -     10:66521995              0.0    36.9 m         3656.8 w       27.4%     2.2 h      97.8 m 
INFO  17:08:05,823 ProgressMeter -     10:66837929              0.0    37.4 m         3706.4 w       27.7%     2.2 h      97.4 m 
INFO  17:08:35,824 ProgressMeter -     10:67151024              0.0    37.9 m         3756.0 w       28.1%     2.2 h      96.9 m 
INFO  17:09:15,825 ProgressMeter -     10:67476570              0.0    38.5 m         3822.2 w       28.5%     2.3 h      96.8 m 
INFO  17:09:45,825 ProgressMeter -     10:67721799              0.0    39.0 m         3871.8 w       28.8%     2.3 h      96.7 m 
INFO  17:10:15,826 ProgressMeter -     10:68001270              0.0    39.5 m         3921.4 w       29.1%     2.3 h      96.4 m 
INFO  17:10:45,827 ProgressMeter -     10:68253831              0.0    40.0 m         3971.0 w       29.4%     2.3 h      96.2 m 
INFO  17:11:25,828 ProgressMeter -     10:68609698              0.0    40.7 m         4037.1 w       29.8%     2.3 h      95.9 m 
INFO  17:11:55,828 ProgressMeter -     10:68909963              0.0    41.2 m         4086.7 w       30.1%     2.3 h      95.5 m 
INFO  17:12:25,829 ProgressMeter -     10:69319979              0.0    41.7 m         4136.3 w       30.6%     2.3 h      94.5 m 
INFO  17:12:55,830 ProgressMeter -     10:69626686              0.0    42.2 m         4185.9 w       31.0%     2.3 h      94.1 m 
INFO  17:13:26,779 ProgressMeter -     10:69958208              0.0    42.7 m         4237.1 w       31.3%     2.3 h      93.5 m 
INFO  17:14:06,780 ProgressMeter -     10:70310328              0.0    43.4 m         4303.3 w       31.8%     2.3 h      93.2 m 
INFO  17:14:36,781 ProgressMeter -     10:70651770              0.0    43.9 m         4352.9 w       32.2%     2.3 h      92.6 m 
INFO  17:15:16,782 ProgressMeter -     10:71095761              0.0    44.5 m         4419.0 w       32.7%     2.3 h      91.8 m 
INFO  17:15:46,782 ProgressMeter -     10:71388031              0.0    45.0 m         4468.6 w       33.0%     2.3 h      91.4 m 
INFO  17:16:16,783 ProgressMeter -     10:71665417              0.0    45.5 m         4518.2 w       33.3%     2.3 h      91.1 m 
INFO  17:16:46,784 ProgressMeter -     10:72039198              0.0    46.0 m         4567.8 w       33.8%     2.3 h      90.3 m 
INFO  17:17:26,785 ProgressMeter -     10:72372818              0.0    46.7 m         4634.0 w       34.1%     2.3 h      90.0 m 
INFO  17:17:56,785 ProgressMeter -     10:72665757              0.0    47.2 m         4683.6 w       34.5%     2.3 h      89.7 m 
INFO  17:18:26,786 ProgressMeter -     10:73037001              0.0    47.7 m         4733.2 w       34.9%     2.3 h      88.9 m 
INFO  17:18:56,787 ProgressMeter -     10:73410946              0.0    48.2 m         4782.8 w       35.4%     2.3 h      88.1 m 
INFO  17:19:36,788 ProgressMeter -     10:73879477              0.0    48.9 m         4848.9 w       35.9%     2.3 h      87.3 m 
INFO  17:20:16,789 ProgressMeter -     10:74364803              0.0    49.5 m         4915.0 w       36.5%     2.3 h      86.3 m 
INFO  17:20:46,790 ProgressMeter -     10:74767899              0.0    50.0 m         4964.7 w       36.9%     2.3 h      85.4 m 
INFO  17:21:26,791 ProgressMeter -     10:75401027              0.0    50.7 m         5030.8 w       37.7%     2.2 h      83.9 m 
INFO  17:21:56,791 ProgressMeter -     10:75793523              0.0    51.2 m         5080.4 w       38.1%     2.2 h      83.1 m 
INFO  17:22:26,792 ProgressMeter -     10:76138501              0.0    51.7 m         5130.0 w       38.5%     2.2 h      82.5 m 
INFO  17:22:56,793 ProgressMeter -     10:76497326              0.0    52.2 m         5179.6 w       38.9%     2.2 h      81.9 m 
INFO  17:23:36,794 ProgressMeter -     10:77075654              0.0    52.9 m         5245.7 w       39.6%     2.2 h      80.6 m 
INFO  17:24:06,795 ProgressMeter -     10:77489237              0.0    53.4 m         5295.3 w       40.1%     2.2 h      79.8 m 
INFO  17:24:46,796 ProgressMeter -     10:77983104              0.0    54.0 m         5361.5 w       40.7%     2.2 h      78.9 m 
INFO  17:25:16,796 ProgressMeter -     10:78330188              0.0    54.5 m         5411.1 w       41.1%     2.2 h      78.3 m 
INFO  17:25:46,803 ProgressMeter -     10:78734240              0.0    55.0 m         5460.7 w       41.5%     2.2 h      77.5 m 
INFO  17:26:16,804 ProgressMeter -     10:79107497              0.0    55.5 m         5510.3 w       42.0%     2.2 h      76.8 m 
INFO  17:26:46,805 ProgressMeter -     10:79511161              0.0    56.0 m         5559.9 w       42.4%     2.2 h      76.0 m 
INFO  17:27:16,806 ProgressMeter -     10:79890198              0.0    56.5 m         5609.5 w       42.9%     2.2 h      75.3 m 
INFO  17:27:56,807 ProgressMeter -     10:80403850              0.0    57.2 m         5675.7 w       43.5%     2.2 h      74.4 m 
INFO  17:28:37,431 ProgressMeter -     10:80868513              0.0    57.9 m         5742.8 w       44.0%     2.2 h      73.6 m 
INFO  17:29:07,432 ProgressMeter -     10:81131659              0.0    58.4 m         5792.4 w       44.3%     2.2 h      73.4 m 
INFO  17:29:37,433 ProgressMeter -     10:81482090              0.0    58.9 m         5842.0 w       44.7%     2.2 h      72.8 m 
INFO  17:30:07,433 ProgressMeter -     10:81770409              0.0    59.4 m         5891.6 w       45.1%     2.2 h      72.4 m 
INFO  17:30:37,434 ProgressMeter -     10:82081140              0.0    59.9 m         5941.2 w       45.4%     2.2 h      72.0 m 
INFO  17:31:07,435 ProgressMeter -     10:82418320              0.0    60.4 m         5990.8 w       45.8%     2.2 h      71.4 m 
INFO  17:31:47,442 ProgressMeter -     10:82827077              0.0    61.1 m         6057.0 w       46.3%     2.2 h      70.9 m 
INFO  17:32:27,443 ProgressMeter -     10:83175769              0.0    61.7 m         6123.1 w       46.7%     2.2 h      70.5 m 
INFO  17:33:07,444 ProgressMeter -     10:83585381              0.0    62.4 m         6189.3 w       47.2%     2.2 h      69.9 m 
INFO  17:33:37,444 ProgressMeter -     10:83880416              0.0    62.9 m         6238.9 w       47.5%     2.2 h      69.5 m 
INFO  17:34:07,445 ProgressMeter -     10:84311134              0.0    63.4 m         6288.5 w       48.0%     2.2 h      68.7 m 
INFO  17:34:37,447 ProgressMeter -     10:84654774              0.0    63.9 m         6338.1 w       48.4%     2.2 h      68.1 m 
INFO  17:35:07,447 ProgressMeter -     10:84927912              0.0    64.4 m         6387.7 w       48.7%     2.2 h      67.8 m 
INFO  17:35:37,448 ProgressMeter -     10:85141373              0.0    64.9 m         6437.3 w       49.0%     2.2 h      67.6 m 
INFO  17:36:07,449 ProgressMeter -     10:85412944              0.0    65.4 m         6486.9 w       49.3%     2.2 h      67.3 m 
INFO  17:36:37,450 ProgressMeter -     10:85723036              0.0    65.9 m         6536.5 w       49.6%     2.2 h      66.8 m 
INFO  17:37:17,451 ProgressMeter -     10:86154474              0.0    66.6 m         6602.6 w       50.1%     2.2 h      66.2 m 
INFO  17:37:47,451 ProgressMeter -     10:86462130              0.0    67.1 m         6652.3 w       50.5%     2.2 h      65.7 m 
INFO  17:38:17,452 ProgressMeter -     10:86743240              0.0    67.6 m         6701.9 w       50.8%     2.2 h      65.4 m 
INFO  17:38:47,453 ProgressMeter -     10:87091898              0.0    68.1 m         6751.5 w       51.2%     2.2 h      64.8 m 
INFO  17:39:27,454 ProgressMeter -     10:87491282              0.0    68.7 m         6817.6 w       51.7%     2.2 h      64.2 m 
INFO  17:40:07,455 ProgressMeter -     10:88024632              0.0    69.4 m         6883.7 w       52.3%     2.2 h      63.2 m 
INFO  17:40:37,455 ProgressMeter -     10:88359488              0.0    69.9 m         6933.3 w       52.7%     2.2 h      62.7 m 
INFO  17:41:07,456 ProgressMeter -     10:88693180              0.0    70.4 m         6982.9 w       53.1%     2.2 h      62.2 m 
INFO  17:41:37,457 ProgressMeter -     10:89071951              0.0    70.9 m         7032.6 w       53.5%     2.2 h      61.5 m 
INFO  17:42:07,467 ProgressMeter -     10:89432780              0.0    71.4 m         7082.2 w       53.9%     2.2 h      60.9 m 
INFO  17:42:37,470 ProgressMeter -     10:89882655              0.0    71.9 m         7131.8 w       54.5%     2.2 h      60.1 m 
INFO  17:43:07,471 ProgressMeter -     10:90249075              0.0    72.4 m         7181.4 w       54.9%     2.2 h      59.5 m 
INFO  17:43:47,472 ProgressMeter -     10:90743068              0.0    73.1 m         7247.5 w       55.5%     2.2 h      58.6 m 
INFO  17:44:17,472 ProgressMeter -     10:91049758              0.0    73.6 m         7297.1 w       55.8%     2.2 h      58.2 m 
INFO  17:44:47,473 ProgressMeter -     10:91398137              0.0    74.1 m         7346.7 w       56.2%     2.2 h      57.6 m 
INFO  17:45:17,474 ProgressMeter -     10:91651352              0.0    74.6 m         7396.3 w       56.5%     2.2 h      57.3 m 
INFO  17:45:47,475 ProgressMeter -     10:91962373              0.0    75.1 m         7445.9 w       56.9%     2.2 h      56.9 m 
INFO  17:46:17,476 ProgressMeter -     10:92341247              0.0    75.6 m         7495.5 w       57.3%     2.2 h      56.2 m 
INFO  17:46:47,477 ProgressMeter -     10:92687764              0.0    76.1 m         7545.2 w       57.7%     2.2 h      55.7 m 
INFO  17:47:17,478 ProgressMeter -     10:93045978              0.0    76.6 m         7594.8 w       58.1%     2.2 h      55.1 m 
INFO  17:47:47,479 ProgressMeter -     10:93417650              0.0    77.1 m         7644.4 w       58.6%     2.2 h      54.5 m 
INFO  17:48:27,480 ProgressMeter -     10:93793410              0.0    77.7 m         7710.5 w       59.0%     2.2 h      54.0 m 
INFO  17:49:07,481 ProgressMeter -     10:94251731              0.0    78.4 m         7776.6 w       59.5%     2.2 h      53.3 m 
INFO  17:49:37,481 ProgressMeter -     10:94590478              0.0    78.9 m         7826.2 w       59.9%     2.2 h      52.7 m 
INFO  17:50:07,482 ProgressMeter -     10:94899157              0.0    79.4 m         7875.8 w       60.3%     2.2 h      52.3 m 
INFO  17:50:37,483 ProgressMeter -     10:95159998              0.0    79.9 m         7925.5 w       60.6%     2.2 h      51.9 m 
INFO  17:51:07,484 ProgressMeter -     10:95466763              0.0    80.4 m         7975.1 w       61.0%     2.2 h      51.5 m 
INFO  17:51:37,485 ProgressMeter -     10:95762841              0.0    80.9 m         8024.7 w       61.3%     2.2 h      51.1 m 
INFO  17:52:07,486 ProgressMeter -     10:96121644              0.0    81.4 m         8074.3 w       61.7%     2.2 h      50.5 m 
INFO  17:52:47,487 ProgressMeter -     10:96669010              0.0    82.1 m         8140.4 w       62.3%     2.2 h      49.6 m 
INFO  17:53:17,487 ProgressMeter -     10:97021354              0.0    82.6 m         8190.0 w       62.8%     2.2 h      49.0 m 
INFO  17:53:47,505 ProgressMeter -     10:97337412              0.0    83.1 m         8239.6 w       63.1%     2.2 h      48.5 m 
INFO  17:54:17,506 ProgressMeter -     10:97663451              0.0    83.6 m         8289.2 w       63.5%     2.2 h      48.0 m 
INFO  17:54:57,507 ProgressMeter -     10:98122288              0.0    84.2 m         8355.4 w       64.0%     2.2 h      47.3 m 
INFO  17:55:27,507 ProgressMeter -     10:98466005              0.0    84.7 m         8405.0 w       64.4%     2.2 h      46.8 m 
INFO  17:55:57,508 ProgressMeter -     10:98844212              0.0    85.2 m         8454.6 w       64.9%     2.2 h      46.1 m 
INFO  17:56:27,509 ProgressMeter -     10:99211480              0.0    85.7 m         8504.2 w       65.3%     2.2 h      45.6 m 
INFO  17:56:57,510 ProgressMeter -     10:99587716              0.0    86.2 m         8553.8 w       65.7%     2.2 h      44.9 m 
INFO  17:57:27,511 ProgressMeter -     10:99991232              0.0    86.7 m         8603.4 w       66.2%     2.2 h      44.3 m 
INFO  17:57:57,520 ProgressMeter -    10:100334679              0.0    87.2 m         8653.0 w       66.6%     2.2 h      43.7 m 
INFO  17:58:27,520 ProgressMeter -    10:100613195              0.0    87.7 m         8702.6 w       66.9%     2.2 h      43.4 m 
INFO  17:58:57,521 ProgressMeter -    10:101000932              0.0    88.2 m         8752.2 w       67.4%     2.2 h      42.7 m 
INFO  17:59:27,522 ProgressMeter -    10:101343792              0.0    88.7 m         8801.8 w       67.8%     2.2 h      42.2 m 
INFO  18:00:07,523 ProgressMeter -    10:101736468              0.0    89.4 m         8868.0 w       68.2%     2.2 h      41.6 m 
INFO  18:00:47,524 ProgressMeter -    10:102239016              0.0    90.1 m         8934.1 w       68.8%     2.2 h      40.8 m 
INFO  18:01:17,568 ProgressMeter -    10:102610798              0.0    90.6 m         8983.8 w       69.2%     2.2 h      40.2 m 
INFO  18:01:47,569 ProgressMeter -    10:102968043              0.0    91.1 m         9033.4 w       69.7%     2.2 h      39.7 m 
INFO  18:02:27,570 ProgressMeter -    10:103422557              0.0    91.7 m         9099.5 w       70.2%     2.2 h      39.0 m 
INFO  18:02:57,571 ProgressMeter -    10:103818473              0.0    92.2 m         9149.1 w       70.6%     2.2 h      38.3 m 
INFO  18:03:27,571 ProgressMeter -    10:104243249              0.0    92.7 m         9198.7 w       71.1%     2.2 h      37.6 m 
INFO  18:03:57,572 ProgressMeter -    10:104599292              0.0    93.2 m         9248.4 w       71.6%     2.2 h      37.1 m 
INFO  18:04:27,573 ProgressMeter -    10:105014817              0.0    93.7 m         9298.0 w       72.0%     2.2 h      36.4 m 
INFO  18:04:57,574 ProgressMeter -    10:105419650              0.0    94.2 m         9347.6 w       72.5%     2.2 h      35.7 m 
INFO  18:05:27,575 ProgressMeter -    10:105748871              0.0    94.7 m         9397.2 w       72.9%     2.2 h      35.2 m 
INFO  18:06:07,576 ProgressMeter -    10:106306843              0.0    95.4 m         9463.3 w       73.5%     2.2 h      34.3 m 
INFO  18:06:47,577 ProgressMeter -    10:106836426              0.0    96.1 m         9529.4 w       74.1%     2.2 h      33.5 m 
INFO  18:07:17,577 ProgressMeter -    10:107256334              0.0    96.6 m         9579.0 w       74.6%     2.2 h      32.8 m 
INFO  18:07:47,578 ProgressMeter -    10:107640783              0.0    97.1 m         9628.7 w       75.1%     2.2 h      32.2 m 
INFO  18:08:17,579 ProgressMeter -    10:107950367              0.0    97.6 m         9678.3 w       75.4%     2.2 h      31.8 m 
INFO  18:08:47,580 ProgressMeter -    10:108201972              0.0    98.1 m         9727.9 w       75.7%     2.2 h      31.4 m 
INFO  18:09:17,581 ProgressMeter -    10:108565399              0.0    98.6 m         9777.5 w       76.2%     2.2 h      30.9 m 
INFO  18:09:47,582 ProgressMeter -    10:108937634              0.0    99.1 m         9827.1 w       76.6%     2.2 h      30.3 m 
INFO  18:10:17,583 ProgressMeter -    10:109303721              0.0    99.6 m         9876.7 w       77.0%     2.2 h      29.7 m 
INFO  18:10:47,586 ProgressMeter -    10:109601893              0.0   100.1 m         9926.3 w       77.4%     2.2 h      29.3 m 
INFO  18:11:17,587 ProgressMeter -    10:109885023              0.0   100.6 m         9975.9 w       77.7%     2.2 h      28.9 m 
INFO  18:11:47,588 ProgressMeter -    10:110175453              0.0   101.1 m        10025.5 w       78.0%     2.2 h      28.5 m 
INFO  18:12:17,627 ProgressMeter -    10:110469906              0.0   101.6 m        10075.2 w       78.4%     2.2 h      28.0 m 
INFO  18:12:47,628 ProgressMeter -    10:110793568              0.0   102.1 m        10124.8 w       78.7%     2.2 h      27.6 m 
INFO  18:13:17,629 ProgressMeter -    10:111173926              0.0   102.6 m        10174.4 w       79.2%     2.2 h      27.0 m 
INFO  18:13:47,630 ProgressMeter -    10:111550635              0.0   103.1 m        10224.0 w       79.6%     2.2 h      26.4 m 
INFO  18:14:17,631 ProgressMeter -    10:111868599              0.0   103.6 m        10273.6 w       80.0%     2.2 h      25.9 m 
INFO  18:14:57,632 ProgressMeter -    10:112344067              0.0   104.2 m        10339.7 w       80.5%     2.2 h      25.2 m 
INFO  18:15:27,633 ProgressMeter -    10:112632917              0.0   104.7 m        10389.3 w       80.9%     2.2 h      24.8 m 
INFO  18:16:07,634 ProgressMeter -    10:113118745              0.0   105.4 m        10455.5 w       81.4%     2.2 h      24.0 m 
WARN  18:16:09,770 ExactAFCalculator - this tool is currently set to genotype at most 6 alternate alleles in a given context, but the context at 10:113135395 has 9 alternate alleles so only the top alleles will be used; see the --max_alternate_alleles argument 
INFO  18:16:37,634 ProgressMeter -    10:113354808              0.0   105.9 m        10505.1 w       81.7%     2.2 h      23.7 m 
INFO  18:17:07,635 ProgressMeter -    10:113658642              0.0   106.4 m        10554.7 w       82.1%     2.2 h      23.3 m 
INFO  18:17:37,636 ProgressMeter -    10:114037841              0.0   106.9 m        10604.3 w       82.5%     2.2 h      22.7 m 
INFO  18:18:07,637 ProgressMeter -    10:114429133              0.0   107.4 m        10653.9 w       83.0%     2.2 h      22.1 m 
INFO  18:18:37,638 ProgressMeter -    10:114783936              0.0   107.9 m        10703.5 w       83.4%     2.2 h      21.5 m 
INFO  18:19:07,639 ProgressMeter -    10:115196211              0.0   108.4 m        10753.1 w       83.8%     2.2 h      20.9 m 
INFO  18:19:37,640 ProgressMeter -    10:115448276              0.0   108.9 m        10802.7 w       84.1%     2.2 h      20.5 m 
INFO  18:20:07,641 ProgressMeter -    10:115819131              0.0   109.4 m        10852.3 w       84.6%     2.2 h      20.0 m 
INFO  18:20:37,642 ProgressMeter -    10:116211252              0.0   109.9 m        10901.9 w       85.0%     2.2 h      19.4 m 
INFO  18:21:07,643 ProgressMeter -    10:116584052              0.0   110.4 m        10951.5 w       85.5%     2.2 h      18.8 m 
INFO  18:21:37,650 ProgressMeter -    10:116929854              0.0   110.9 m        11001.1 w       85.9%     2.2 h      18.3 m 
INFO  18:22:07,651 ProgressMeter -    10:117342650              0.0   111.4 m        11050.7 w       86.3%     2.2 h      17.6 m 
INFO  18:22:37,652 ProgressMeter -    10:117584716              0.0   111.9 m        11100.3 w       86.6%     2.2 h      17.3 m 
INFO  18:23:07,653 ProgressMeter -    10:117926470              0.0   112.4 m        11149.9 w       87.0%     2.2 h      16.8 m 
INFO  18:23:37,654 ProgressMeter -    10:118253243              0.0   112.9 m        11199.5 w       87.4%     2.2 h      16.3 m 
INFO  18:24:07,655 ProgressMeter -    10:118528633              0.0   113.4 m        11249.2 w       87.7%     2.2 h      15.9 m 
INFO  18:24:37,656 ProgressMeter -    10:118894568              0.0   113.9 m        11298.8 w       88.1%     2.2 h      15.3 m 
INFO  18:25:17,657 ProgressMeter -    10:119372833              0.0   114.6 m        11364.9 w       88.7%     2.2 h      14.6 m 
INFO  18:25:47,658 ProgressMeter -    10:119688690              0.0   115.1 m        11414.5 w       89.1%     2.2 h      14.1 m 
INFO  18:26:27,659 ProgressMeter -    10:120207516              0.0   115.7 m        11480.6 w       89.7%     2.2 h      13.3 m 
INFO  18:26:57,660 ProgressMeter -    10:120545068              0.0   116.2 m        11530.2 w       90.1%     2.2 h      12.8 m 
INFO  18:27:27,661 ProgressMeter -    10:120850527              0.0   116.7 m        11579.8 w       90.4%     2.2 h      12.4 m 
INFO  18:27:57,662 ProgressMeter -    10:121155802              0.0   117.2 m        11629.5 w       90.8%     2.2 h      11.9 m 
INFO  18:28:27,663 ProgressMeter -    10:121523361              0.0   117.7 m        11679.1 w       91.2%     2.2 h      11.4 m 
INFO  18:28:57,664 ProgressMeter -    10:121839902              0.0   118.2 m        11728.7 w       91.6%     2.2 h      10.9 m 
INFO  18:29:27,665 ProgressMeter -    10:122079296              0.0   118.7 m        11778.3 w       91.8%     2.2 h      10.6 m 
INFO  18:29:57,666 ProgressMeter -    10:122405784              0.0   119.2 m        11827.9 w       92.2%     2.2 h      10.1 m 
INFO  18:30:27,667 ProgressMeter -    10:122678231              0.0   119.7 m        11877.5 w       92.5%     2.2 h       9.7 m 
INFO  18:30:57,668 ProgressMeter -    10:122994311              0.0     2.0 h        11927.1 w       92.9%     2.2 h       9.2 m 
INFO  18:31:27,669 ProgressMeter -    10:123330450              0.0     2.0 h        11976.7 w       93.3%     2.2 h       8.7 m 
INFO  18:31:57,670 ProgressMeter -    10:123599544              0.0     2.0 h        12026.3 w       93.6%     2.2 h       8.3 m 
WARN  18:32:11,800 ExactAFCalculator - this tool is currently set to genotype at most 6 alternate alleles in a given context, but the context at 10:123767779 has 8 alternate alleles so only the top alleles will be used; see the --max_alternate_alleles argument 
INFO  18:32:27,671 ProgressMeter -    10:123925683              0.0     2.0 h        12075.9 w       94.0%     2.2 h       7.8 m 
INFO  18:33:07,672 ProgressMeter -    10:124325932              0.0     2.0 h        12142.0 w       94.4%     2.2 h       7.2 m 
INFO  18:33:37,673 ProgressMeter -    10:124709612              0.0     2.0 h        12191.6 w       94.9%     2.2 h       6.6 m 
INFO  18:34:17,674 ProgressMeter -    10:125162872              0.0     2.1 h        12257.8 w       95.4%     2.2 h       5.9 m 
INFO  18:34:47,919 ProgressMeter -    10:125427431              0.0     2.1 h        12307.8 w       95.7%     2.2 h       5.5 m 
INFO  18:35:17,920 ProgressMeter -    10:125575255              0.0     2.1 h        12357.4 w       95.9%     2.2 h       5.3 m 
INFO  18:35:57,921 ProgressMeter -    10:126109731              0.0     2.1 h        12423.5 w       96.5%     2.2 h       4.5 m 
INFO  18:36:27,922 ProgressMeter -    10:126427477              0.0     2.1 h        12473.1 w       96.9%     2.2 h       4.0 m 
INFO  18:37:07,923 ProgressMeter -    10:126830761              0.0     2.1 h        12539.3 w       97.4%     2.2 h       3.4 m 
INFO  18:37:47,924 ProgressMeter -    10:127415961              0.0     2.1 h        12605.4 w       98.0%     2.2 h       2.6 m 
INFO  18:38:17,925 ProgressMeter -    10:127579985              0.0     2.1 h        12655.0 w       98.2%     2.2 h       2.3 m 
INFO  18:38:47,926 ProgressMeter -    10:127584977              0.0     2.1 h        12704.6 w       98.2%     2.2 h       2.3 m 
INFO  18:39:17,927 ProgressMeter -    10:127680544              0.0     2.1 h        12754.2 w       98.3%     2.2 h       2.2 m 
INFO  18:39:47,928 ProgressMeter -    10:127946330              0.0     2.2 h        12803.8 w       98.6%     2.2 h     106.0 s 
INFO  18:40:17,929 ProgressMeter -    10:128282658              0.0     2.2 h        12853.4 w       99.0%     2.2 h      75.0 s 
INFO  18:40:47,930 ProgressMeter -    10:128565883              0.0     2.2 h        12903.0 w       99.4%     2.2 h      49.0 s 
INFO  18:41:17,931 ProgressMeter -    10:129030753              0.0     2.2 h        12952.6 w       99.9%     2.2 h       7.0 s 
INFO  18:41:25,690 VectorLoglessPairHMM - Time spent in setup for JNI call : 2.7152191720000003 
INFO  18:41:25,690 PairHMM - Total compute time in PairHMM computeLikelihoods() : 516.329424969 
INFO  18:41:25,691 HaplotypeCaller - Ran local assembly on 428487 active regions 
INFO  18:41:25,697 ProgressMeter -            done      8.6166015E7     2.2 h           91.0 s      100.0%     2.2 h       0.0 s 
INFO  18:41:25,698 ProgressMeter - Total runtime 7841.53 secs, 130.69 min, 2.18 hours 
INFO  18:41:25,698 MicroScheduler - 3564821 reads were filtered out during the traversal out of approximately 23206395 total reads (15.36%) 
INFO  18:41:25,698 MicroScheduler -   -> 0 reads (0.00% of total) failing BadCigarFilter 
INFO  18:41:25,698 MicroScheduler -   -> 2722989 reads (11.73% of total) failing DuplicateReadFilter 
INFO  18:41:25,699 MicroScheduler -   -> 0 reads (0.00% of total) failing FailsVendorQualityCheckFilter 
INFO  18:41:25,699 MicroScheduler -   -> 810941 reads (3.49% of total) failing HCMappingQualityFilter 
INFO  18:41:25,699 MicroScheduler -   -> 0 reads (0.00% of total) failing MalformedReadFilter 
INFO  18:41:25,699 MicroScheduler -   -> 0 reads (0.00% of total) failing MappingQualityUnavailableFilter 
INFO  18:41:25,699 MicroScheduler -   -> 30891 reads (0.13% of total) failing NotPrimaryAlignmentFilter 
INFO  18:41:25,700 MicroScheduler -   -> 0 reads (0.00% of total) failing UnmappedReadFilter 
