INFO  20:06:28,826 HelpFormatter - --------------------------------------------------------------------------------- 
INFO  20:06:28,846 HelpFormatter - The Genome Analysis Toolkit (GATK) v3.4-46-g8ea4dca, Compiled 2015/08/13 20:41:56 
INFO  20:06:28,846 HelpFormatter - Copyright (c) 2010 The Broad Institute 
INFO  20:06:28,847 HelpFormatter - For support and documentation go to http://www.broadinstitute.org/gatk 
INFO  20:06:28,850 HelpFormatter - Program Args: -T PrintReads -I /mnt/nvme0n1/data/broadout/HG02561_gatk_best_practices_8t_30s_2016-07-06_18-21-00/HG02561_realign.bam -L /mnt/nvme0n1/Broad_Ref_Pipeline_approved_package/workflow_profiler/.queue/scatterGather/ExamplePrintReads-1-sg/temp_20_of_36/scatter.intervals -R /mnt/nvme0n1/Broad_Ref_Pipeline_approved_package/b37bundle/human_g1k_v37.fasta -BQSR /mnt/nvme0n1/data/broadout/HG02561_gatk_best_practices_8t_30s_2016-07-06_18-21-00/HG02561_recal.grp -o /mnt/nvme0n1/Broad_Ref_Pipeline_approved_package/workflow_profiler/.queue/scatterGather/ExamplePrintReads-1-sg/temp_20_of_36/HG02561_final.bam 
INFO  20:06:28,891 HelpFormatter - Executing as bshifaw@application-1-1.hudson.intel.com on Linux 3.10.0-327.el7.x86_64 amd64; OpenJDK 64-Bit Server VM 1.8.0_91-b14. 
INFO  20:06:28,895 HelpFormatter - Date/Time: 2016/07/06 20:06:28 
INFO  20:06:28,896 HelpFormatter - --------------------------------------------------------------------------------- 
INFO  20:06:28,897 HelpFormatter - --------------------------------------------------------------------------------- 
INFO  20:06:29,162 GenomeAnalysisEngine - Strictness is SILENT 
INFO  20:06:32,138 ContextCovariate - 		Context sizes: base substitution model 2, indel substitution model 3 
INFO  20:06:32,448 GenomeAnalysisEngine - Downsampling Settings: No downsampling 
INFO  20:06:32,570 SAMDataSource$SAMReaders - Initializing SAMRecords in serial 
INFO  20:06:32,792 SAMDataSource$SAMReaders - Done initializing BAM readers: total time 0.22 
INFO  20:06:32,921 IntervalUtils - Processing 63025520 bp from intervals 
INFO  20:06:33,445 GenomeAnalysisEngine - Preparing for traversal over 1 BAM files 
INFO  20:06:34,602 GenomeAnalysisEngine - Done preparing for traversal 
INFO  20:06:34,603 ProgressMeter - [INITIALIZATION COMPLETE; STARTING PROCESSING] 
INFO  20:06:34,615 ProgressMeter -                 | processed |    time |    per 1M |           |   total | remaining 
INFO  20:06:34,615 ProgressMeter -        Location |     reads | elapsed |     reads | completed | runtime |   runtime 
INFO  20:06:34,737 ReadShardBalancer$1 - Loading BAM index data 
INFO  20:06:35,362 ReadShardBalancer$1 - Done loading BAM index data 
INFO  20:07:05,313 ProgressMeter -       20:480492         0.0    30.0 s      50.8 w        0.8%    65.6 m      65.1 m 
INFO  20:07:35,528 ProgressMeter -      20:3212152    100003.0    60.0 s      10.2 m        5.1%    19.6 m      18.6 m 
INFO  20:08:05,544 ProgressMeter -      20:4705740    200005.0    90.0 s       7.6 m        7.5%    20.1 m      18.6 m 
INFO  20:08:37,168 ProgressMeter -      20:9382204    300007.0     2.0 m       6.8 m       14.9%    13.7 m      11.6 m 
INFO  20:09:12,004 ProgressMeter -     20:16347981    400010.0     2.6 m       6.6 m       25.9%    10.1 m       7.5 m 
INFO  20:09:42,005 ProgressMeter -     20:23017283    600015.0     3.1 m       5.2 m       36.5%     8.5 m       5.4 m 
INFO  20:10:14,508 ProgressMeter -     20:30507717    700017.0     3.7 m       5.2 m       48.4%     7.5 m       3.9 m 
INFO  20:10:44,510 ProgressMeter -     20:32378889    900025.0     4.2 m       4.6 m       51.4%     8.1 m       3.9 m 
INFO  20:11:14,725 ProgressMeter -     20:34257548   1100031.0     4.7 m       4.2 m       54.4%     8.6 m       3.9 m 
INFO  20:11:44,729 ProgressMeter -     20:36959496   1200039.0     5.2 m       4.3 m       58.6%     8.8 m       3.6 m 
INFO  20:12:14,730 ProgressMeter -     20:42343870   1400041.0     5.7 m       4.0 m       67.2%     8.4 m       2.8 m 
INFO  20:12:48,549 ProgressMeter -     20:44589274   1600054.0     6.2 m       3.9 m       70.7%     8.8 m       2.6 m 
INFO  20:13:18,612 ProgressMeter -     20:47752427   1700057.0     6.7 m       4.0 m       75.8%     8.9 m       2.2 m 
INFO  20:13:48,764 ProgressMeter -     20:55212970   1900062.0     7.2 m       3.8 m       87.6%     8.3 m      61.0 s 
INFO  20:14:18,765 ProgressMeter -     20:60904925   2100065.0     7.7 m       3.7 m       96.6%     8.0 m      16.0 s 
INFO  20:14:46,855 Walker - [REDUCE RESULT] Traversal result is: org.broadinstitute.gatk.engine.io.stubs.SAMFileWriterStub@5b58129f 
INFO  20:14:46,973 ProgressMeter -            done   2364264.0     8.2 m       3.5 m       99.9%     8.2 m       0.0 s 
INFO  20:14:46,973 ProgressMeter - Total runtime 492.37 secs, 8.21 min, 0.14 hours 
INFO  20:14:46,974 MicroScheduler - 0 reads were filtered out during the traversal out of approximately 2364264 total reads (0.00%) 
INFO  20:14:46,974 MicroScheduler -   -> 0 reads (0.00% of total) failing BadCigarFilter 
INFO  20:14:46,975 MicroScheduler -   -> 0 reads (0.00% of total) failing MalformedReadFilter 
