INFO  09:26:31,709 HelpFormatter - --------------------------------------------------------------------------------- 
INFO  09:26:31,711 HelpFormatter - The Genome Analysis Toolkit (GATK) v3.4-46-g8ea4dca, Compiled 2015/08/13 20:41:56 
INFO  09:26:31,711 HelpFormatter - Copyright (c) 2010 The Broad Institute 
INFO  09:26:31,712 HelpFormatter - For support and documentation go to http://www.broadinstitute.org/gatk 
INFO  09:26:31,715 HelpFormatter - Program Args: -T PrintReads -I /mnt/ssdbroad/output/Solexa-272221_gatk_best_practices_36t_30s_2016-02-11_11-59-19/Solexa-272221_realign.bam -L /mnt/ssdbroad/Broad_Ref_Pipeline_approved_package/workflow_profiler/.queue/scatterGather/ExamplePrintReads-1-sg/temp_20_of_36/scatter.intervals -R /mnt/ssdbroad/Broad_Ref_Pipeline_approved_package/homosapiensrefgenome/Homo_sapiens_assembly19.fasta -BQSR /mnt/ssdbroad/output/Solexa-272221_gatk_best_practices_36t_30s_2016-02-11_11-59-19/Solexa-272221_recal.grp -o /mnt/ssdbroad/Broad_Ref_Pipeline_approved_package/workflow_profiler/.queue/scatterGather/ExamplePrintReads-1-sg/temp_20_of_36/Solexa-272221_final.bam 
INFO  09:26:31,721 HelpFormatter - Executing as beris@dna on Linux 2.6.32-573.el6.x86_64 amd64; OpenJDK 64-Bit Server VM 1.7.0_79-mockbuild_2015_07_24_09_26-b00. 
INFO  09:26:31,722 HelpFormatter - Date/Time: 2016/02/12 09:26:31 
INFO  09:26:31,722 HelpFormatter - --------------------------------------------------------------------------------- 
INFO  09:26:31,722 HelpFormatter - --------------------------------------------------------------------------------- 
INFO  09:26:31,817 GenomeAnalysisEngine - Strictness is SILENT 
INFO  09:26:33,261 ContextCovariate - 		Context sizes: base substitution model 2, indel substitution model 3 
INFO  09:26:33,408 GenomeAnalysisEngine - Downsampling Settings: No downsampling 
INFO  09:26:33,420 SAMDataSource$SAMReaders - Initializing SAMRecords in serial 
INFO  09:26:33,481 SAMDataSource$SAMReaders - Done initializing BAM readers: total time 0.06 
INFO  09:26:33,507 IntervalUtils - Processing 63025520 bp from intervals 
INFO  09:26:33,579 GenomeAnalysisEngine - Preparing for traversal over 1 BAM files 
INFO  09:26:34,119 GenomeAnalysisEngine - Done preparing for traversal 
INFO  09:26:34,119 ProgressMeter - [INITIALIZATION COMPLETE; STARTING PROCESSING] 
INFO  09:26:34,120 ProgressMeter -                 | processed |    time |    per 1M |           |   total | remaining 
INFO  09:26:34,120 ProgressMeter -        Location |     reads | elapsed |     reads | completed | runtime |   runtime 
INFO  09:26:34,149 ReadShardBalancer$1 - Loading BAM index data 
INFO  09:26:34,703 ReadShardBalancer$1 - Done loading BAM index data 
INFO  09:27:09,708 ProgressMeter -       20:298069         0.0    35.0 s      58.8 w        0.5%     2.1 h       2.0 h 
INFO  09:27:39,853 ProgressMeter -       20:953563    200005.0    65.0 s       5.5 m        1.5%    71.6 m      70.5 m 
INFO  09:28:15,593 ProgressMeter -      20:1631771    400007.0   101.0 s       4.2 m        2.6%    65.0 m      63.3 m 
INFO  09:28:48,457 ProgressMeter -      20:2680354    600009.0     2.2 m       3.7 m        4.3%    52.5 m      50.3 m 
INFO  09:29:18,785 ProgressMeter -      20:3499650    800011.0     2.7 m       3.4 m        5.6%    49.2 m      46.5 m 
INFO  09:30:00,687 ProgressMeter -      20:4676487   1200015.0     3.4 m       2.9 m        7.4%    46.3 m      42.8 m 
INFO  09:30:30,935 ProgressMeter -      20:5725559   1400018.0     3.9 m       2.8 m        9.1%    43.3 m      39.4 m 
INFO  09:31:00,944 ProgressMeter -      20:6696575   1700021.0     4.4 m       2.6 m       10.6%    41.7 m      37.3 m 
INFO  09:31:32,038 ProgressMeter -      20:7622618   2000025.0     5.0 m       2.5 m       12.1%    40.9 m      36.0 m 
INFO  09:32:02,039 ProgressMeter -      20:8607470   2200028.0     5.5 m       2.5 m       13.7%    39.9 m      34.5 m 
INFO  09:32:32,040 ProgressMeter -      20:9369010   2500221.0     6.0 m       2.4 m       14.9%    40.0 m      34.1 m 
INFO  09:33:02,642 ProgressMeter -     20:10402703   2700223.0     6.5 m       2.4 m       16.5%    39.2 m      32.7 m 
INFO  09:33:32,643 ProgressMeter -     20:11345435   3000226.0     7.0 m       2.3 m       18.0%    38.7 m      31.7 m 
INFO  09:34:02,644 ProgressMeter -     20:12344627   3300230.0     7.5 m       2.3 m       19.6%    38.1 m      30.7 m 
INFO  09:34:32,645 ProgressMeter -     20:13386189   3600233.0     8.0 m       2.2 m       21.2%    37.5 m      29.5 m 
INFO  09:35:02,656 ProgressMeter -     20:14434818   3900237.0     8.5 m       2.2 m       22.9%    37.0 m      28.5 m 
INFO  09:35:32,657 ProgressMeter -     20:15348394   4100240.0     9.0 m       2.2 m       24.4%    36.8 m      27.9 m 
INFO  09:36:02,674 ProgressMeter -     20:16364889   4400244.0     9.5 m       2.2 m       26.0%    36.5 m      27.0 m 
INFO  09:36:42,675 ProgressMeter -     20:17785115   4800250.0    10.1 m       2.1 m       28.2%    35.9 m      25.8 m 
INFO  09:37:12,676 ProgressMeter -     20:18811323   5000253.0    10.6 m       2.1 m       29.8%    35.6 m      25.0 m 
INFO  09:37:52,677 ProgressMeter -     20:20253979   5400258.0    11.3 m       2.1 m       32.1%    35.2 m      23.9 m 
INFO  09:38:32,678 ProgressMeter -     20:21570906   5800263.0    12.0 m       2.1 m       34.2%    35.0 m      23.0 m 
INFO  09:39:02,679 ProgressMeter -     20:22598184   6100266.0    12.5 m       2.0 m       35.9%    34.8 m      22.3 m 
INFO  09:39:32,687 ProgressMeter -     20:23644124   6400270.0    13.0 m       2.0 m       37.5%    34.6 m      21.6 m 
INFO  09:40:02,688 ProgressMeter -     20:24699267   6600272.0    13.5 m       2.0 m       39.2%    34.4 m      20.9 m 
INFO  09:40:32,689 ProgressMeter -     20:25734036   6900275.0    14.0 m       2.0 m       40.8%    34.2 m      20.2 m 
INFO  09:41:02,690 ProgressMeter -     20:26317416   7200530.0    14.5 m     120.0 s       41.8%    34.6 m      20.2 m 
INFO  09:41:33,049 ProgressMeter -     20:29824081   7500564.0    15.0 m     119.0 s       47.3%    31.6 m      16.7 m 
INFO  09:42:03,050 ProgressMeter -     20:30408448   7800671.0    15.5 m     119.0 s       48.2%    32.1 m      16.6 m 
INFO  09:42:33,477 ProgressMeter -     20:31557886   8100674.0    16.0 m     118.0 s       50.1%    31.9 m      15.9 m 
INFO  09:43:04,089 ProgressMeter -     20:32653152   8300676.0    16.5 m     119.0 s       51.8%    31.8 m      15.3 m 
INFO  09:43:34,556 ProgressMeter -     20:33606481   8600680.0    17.0 m     118.0 s       53.3%    31.9 m      14.9 m 
INFO  09:44:04,557 ProgressMeter -     20:34649679   8900683.0    17.5 m     118.0 s       55.0%    31.8 m      14.3 m 
INFO  09:44:34,743 ProgressMeter -     20:35779158   9200687.0    18.0 m     117.0 s       56.8%    31.7 m      13.7 m 
INFO  09:45:04,743 ProgressMeter -     20:36835116   9500691.0    18.5 m     116.0 s       58.4%    31.7 m      13.2 m 
INFO  09:45:34,744 ProgressMeter -     20:37923763   9700693.0    19.0 m     117.0 s       60.2%    31.6 m      12.6 m 
INFO  09:46:04,745 ProgressMeter -     20:38921114   1.0000696E7    19.5 m     117.0 s       61.8%    31.6 m      12.1 m 
INFO  09:46:34,746 ProgressMeter -     20:40014857   1.03007E7    20.0 m     116.0 s       63.5%    31.5 m      11.5 m 
INFO  09:47:04,747 ProgressMeter -     20:40993857   1.0600704E7    20.5 m     116.0 s       65.0%    31.5 m      11.0 m 
INFO  09:47:34,776 ProgressMeter -     20:42074359   1.0900707E7    21.0 m     115.0 s       66.8%    31.5 m      10.5 m 
INFO  09:48:04,777 ProgressMeter -     20:43192336   1.120071E7    21.5 m     115.0 s       68.5%    31.4 m       9.9 m 
INFO  09:48:34,778 ProgressMeter -     20:44282915   1.1400714E7    22.0 m     115.0 s       70.3%    31.3 m       9.3 m 
INFO  09:49:04,779 ProgressMeter -     20:45428160   1.1700718E7    22.5 m     115.0 s       72.1%    31.2 m       8.7 m 
INFO  09:49:34,780 ProgressMeter -     20:46530214   1.2000721E7    23.0 m     115.0 s       73.8%    31.2 m       8.2 m 
INFO  09:50:04,781 ProgressMeter -     20:47640929   1.2300725E7    23.5 m     114.0 s       75.6%    31.1 m       7.6 m 
INFO  09:50:34,782 ProgressMeter -     20:48684660   1.2600731E7    24.0 m     114.0 s       77.2%    31.1 m       7.1 m 
INFO  09:51:04,783 ProgressMeter -     20:49746178   1.2900736E7    24.5 m     113.0 s       78.9%    31.0 m       6.5 m 
INFO  09:51:34,785 ProgressMeter -     20:50857879   1.3200742E7    25.0 m     113.0 s       80.7%    31.0 m       6.0 m 
INFO  09:52:06,808 ProgressMeter -     20:51920473   1.3500745E7    25.5 m     113.0 s       82.4%    31.0 m       5.5 m 
INFO  09:52:36,809 ProgressMeter -     20:52990299   1.3800752E7    26.0 m     113.0 s       84.1%    31.0 m       4.9 m 
INFO  09:53:16,810 ProgressMeter -     20:54336998   1.4100756E7    26.7 m     113.0 s       86.2%    31.0 m       4.3 m 
INFO  09:53:56,811 ProgressMeter -     20:55752371   1.4500763E7    27.4 m     113.0 s       88.5%    30.9 m       3.6 m 
INFO  09:54:36,812 ProgressMeter -     20:57245266   1.490077E7    28.0 m     112.0 s       90.8%    30.9 m       2.8 m 
INFO  09:55:06,813 ProgressMeter -     20:58288174   1.5200776E7    28.5 m     112.0 s       92.5%    30.9 m       2.3 m 
INFO  09:55:36,833 ProgressMeter -     20:59376526   1.550078E7    29.0 m     112.0 s       94.2%    30.8 m     107.0 s 
INFO  09:56:07,516 ProgressMeter -     20:60529504   1.5800783E7    29.6 m     112.0 s       96.0%    30.8 m      73.0 s 
INFO  09:56:37,517 ProgressMeter -     20:61818220   1.6000786E7    30.1 m     112.0 s       98.1%    30.6 m      35.0 s 
INFO  09:57:05,231 Walker - [REDUCE RESULT] Traversal result is: org.broadinstitute.gatk.engine.io.stubs.SAMFileWriterStub@3b2bdbb5 
INFO  09:57:05,301 ProgressMeter -            done   1.638054E7    30.5 m     111.0 s       99.9%    30.5 m       1.0 s 
INFO  09:57:05,302 ProgressMeter - Total runtime 1831.18 secs, 30.52 min, 0.51 hours 
INFO  09:57:05,302 MicroScheduler - 0 reads were filtered out during the traversal out of approximately 16380540 total reads (0.00%) 
INFO  09:57:05,302 MicroScheduler -   -> 0 reads (0.00% of total) failing BadCigarFilter 
INFO  09:57:05,302 MicroScheduler -   -> 0 reads (0.00% of total) failing MalformedReadFilter 
