INFO  20:07:46,168 HelpFormatter - --------------------------------------------------------------------------------- 
INFO  20:07:46,171 HelpFormatter - The Genome Analysis Toolkit (GATK) v3.4-46-g8ea4dca, Compiled 2015/08/13 20:41:56 
INFO  20:07:46,171 HelpFormatter - Copyright (c) 2010 The Broad Institute 
INFO  20:07:46,171 HelpFormatter - For support and documentation go to http://www.broadinstitute.org/gatk 
INFO  20:07:46,175 HelpFormatter - Program Args: -T IndelRealigner -I /home/opt/data/broadout/FC1-NA12878-01_S1_L001_R1_001_gatk_best_practices_36t_30s_2015-11-05_19-14-59/FC1-NA12878-01_S1_L001_R1_001_dupRem.bam -L /home/beris/Broad_Ref_Pipeline_approved_package/workflow_profiler/.queue/scatterGather/ExampleIndelRealigner-1-sg/temp_20_of_36/scatter.intervals -R /home/beris/Broad_Ref_Pipeline_approved_package/homosapiensrefgenome/Homo_sapiens_assembly19.fasta -known /home/beris/Broad_Ref_Pipeline_approved_package/homosapiensrefgenome/Homo_sapiens_assembly19.known_indels.vcf -targetIntervals /home/opt/data/broadout/FC1-NA12878-01_S1_L001_R1_001_gatk_best_practices_36t_30s_2015-11-05_19-14-59/FC1-NA12878-01_S1_L001_R1_001_realn.intervals -o /home/beris/Broad_Ref_Pipeline_approved_package/workflow_profiler/.queue/scatterGather/ExampleIndelRealigner-1-sg/temp_20_of_36/FC1-NA12878-01_S1_L001_R1_001_realign.bam -filterNoBases 
INFO  20:07:46,182 HelpFormatter - Executing as beris@dna on Linux 2.6.32-573.el6.x86_64 amd64; OpenJDK 64-Bit Server VM 1.7.0_79-mockbuild_2015_07_24_09_26-b00. 
INFO  20:07:46,183 HelpFormatter - Date/Time: 2015/11/05 20:07:46 
INFO  20:07:46,183 HelpFormatter - --------------------------------------------------------------------------------- 
INFO  20:07:46,183 HelpFormatter - --------------------------------------------------------------------------------- 
INFO  20:07:46,329 GenomeAnalysisEngine - Strictness is SILENT 
INFO  20:07:46,403 GenomeAnalysisEngine - Downsampling Settings: No downsampling 
INFO  20:07:46,412 SAMDataSource$SAMReaders - Initializing SAMRecords in serial 
INFO  20:07:46,450 SAMDataSource$SAMReaders - Done initializing BAM readers: total time 0.04 
INFO  20:07:46,573 IntervalUtils - Processing 63025520 bp from intervals 
INFO  20:07:46,665 GenomeAnalysisEngine - Preparing for traversal over 1 BAM files 
INFO  20:07:47,091 GenomeAnalysisEngine - Done preparing for traversal 
INFO  20:07:47,092 ProgressMeter - [INITIALIZATION COMPLETE; STARTING PROCESSING] 
INFO  20:07:47,092 ProgressMeter -                 | processed |    time |    per 1M |           |   total | remaining 
INFO  20:07:47,093 ProgressMeter -        Location |     reads | elapsed |     reads | completed | runtime |   runtime 
INFO  20:07:47,321 ReadShardBalancer$1 - Loading BAM index data 
INFO  20:07:47,868 ReadShardBalancer$1 - Done loading BAM index data 
INFO  20:08:17,097 ProgressMeter -        Starting         0.0    30.0 s      49.6 w      100.0%    30.0 s       0.0 s 
INFO  20:08:54,415 ProgressMeter -     20:45232392    400014.0    67.0 s       2.8 m       71.8%    93.0 s      26.0 s 
INFO  20:08:58,454 ProgressMeter -            done    632705.0    71.0 s     112.0 s       99.9%    71.0 s       0.0 s 
INFO  20:08:58,455 ProgressMeter - Total runtime 71.36 secs, 1.19 min, 0.02 hours 
INFO  20:08:58,461 MicroScheduler - 873008 reads were filtered out during the traversal out of approximately 1505713 total reads (57.98%) 
INFO  20:08:58,461 MicroScheduler -   -> 0 reads (0.00% of total) failing BadCigarFilter 
INFO  20:08:58,462 MicroScheduler -   -> 873008 reads (57.98% of total) failing MalformedReadFilter 
