INFO  18:00:55,754 HelpFormatter - --------------------------------------------------------------------------------- 
INFO  18:00:55,756 HelpFormatter - The Genome Analysis Toolkit (GATK) v3.4-46-g8ea4dca, Compiled 2015/08/13 20:41:56 
INFO  18:00:55,757 HelpFormatter - Copyright (c) 2010 The Broad Institute 
INFO  18:00:55,757 HelpFormatter - For support and documentation go to http://www.broadinstitute.org/gatk 
INFO  18:00:55,760 HelpFormatter - Program Args: -T HaplotypeCaller -I /home/opt/data/broadout/FC1-NA12878-01_S1_L001_gatk_best_practices_36t_30s_2015-11-10_16-39-49/FC1-NA12878-01_S1_L001_realign.bam -L /home/beris/Broad_Ref_Pipeline_approved_package/workflow_profiler/.queue/scatterGather/ExampleHaplotypeCaller-1-sg/temp_32_of_36/scatter.intervals -R /home/beris/Broad_Ref_Pipeline_approved_package/homosapiensrefgenome/Homo_sapiens_assembly19.fasta -variant_index_type LINEAR -variant_index_parameter 128000 -o /home/beris/Broad_Ref_Pipeline_approved_package/workflow_profiler/.queue/scatterGather/ExampleHaplotypeCaller-1-sg/temp_32_of_36/FC1-NA12878-01_S1_L001_realign.bam_HaplotypeCaller.g.vcf -ERC GVCF 
INFO  18:00:55,765 HelpFormatter - Executing as beris@dna on Linux 2.6.32-573.el6.x86_64 amd64; OpenJDK 64-Bit Server VM 1.7.0_79-mockbuild_2015_07_24_09_26-b00. 
INFO  18:00:55,766 HelpFormatter - Date/Time: 2015/11/10 18:00:55 
INFO  18:00:55,766 HelpFormatter - --------------------------------------------------------------------------------- 
INFO  18:00:55,766 HelpFormatter - --------------------------------------------------------------------------------- 
WARN  18:00:55,790 GATKVCFUtils - Naming your output file using the .g.vcf extension will automatically set the appropriate values  for --variant_index_type and --variant_index_parameter 
INFO  18:00:55,897 GenomeAnalysisEngine - Strictness is SILENT 
INFO  18:00:56,035 GenomeAnalysisEngine - Downsampling Settings: Method: BY_SAMPLE, Target Coverage: 500 
INFO  18:00:56,042 SAMDataSource$SAMReaders - Initializing SAMRecords in serial 
INFO  18:00:56,088 SAMDataSource$SAMReaders - Done initializing BAM readers: total time 0.04 
INFO  18:00:56,094 HCMappingQualityFilter - Filtering out reads with MAPQ < 20 
INFO  18:00:56,296 IntervalUtils - Processing 1017715 bp from intervals 
INFO  18:00:56,395 GenomeAnalysisEngine - Preparing for traversal over 1 BAM files 
INFO  18:00:56,758 GenomeAnalysisEngine - Done preparing for traversal 
INFO  18:00:56,759 ProgressMeter - [INITIALIZATION COMPLETE; STARTING PROCESSING] 
INFO  18:00:56,759 ProgressMeter -                 |      processed |    time |         per 1M |           |   total | remaining 
INFO  18:00:56,766 ProgressMeter -        Location | active regions | elapsed | active regions | completed | runtime |   runtime 
INFO  18:00:56,775 HaplotypeCaller - Standard Emitting and Calling confidence set to 0.0 for reference-model confidence output 
INFO  18:00:56,776 HaplotypeCaller - All sites annotated with PLs forced to true for reference-model confidence output 
INFO  18:00:57,015 HaplotypeCaller - Using global mismapping rate of 45 => -4.5 in log10 likelihood units 
Using AVX accelerated implementation of PairHMM
INFO  18:00:58,755 VectorLoglessPairHMM - libVectorLoglessPairHMM unpacked successfully from GATK jar file 
INFO  18:00:58,756 VectorLoglessPairHMM - Using vectorized implementation of PairHMM 
WARN  18:00:59,063 HaplotypeScore - Annotation will not be calculated, must be called from UnifiedGenotyper 
WARN  18:00:59,068 InbreedingCoeff - Annotation will not be calculated, must provide a valid PED file (-ped) from the command line. 
INFO  18:01:26,778 ProgressMeter -     19:10270520      3.5370849E7    30.0 s            0.0 s       12.9%     3.9 m       3.4 m 
INFO  18:01:56,780 ProgressMeter -     19:19416606     7.06718924E8    60.0 s            0.0 s       56.2%   106.0 s      46.0 s 
INFO  18:02:26,781 ProgressMeter -     19:41211227     1.95690226E9    90.0 s            0.0 s       94.8%    94.0 s       4.0 s 
INFO  18:02:30,970 VectorLoglessPairHMM - Time spent in setup for JNI call : 0.026884048 
INFO  18:02:30,971 PairHMM - Total compute time in PairHMM computeLikelihoods() : 3.090408109 
INFO  18:02:30,971 HaplotypeCaller - Ran local assembly on 9454 active regions 
INFO  18:02:30,976 ProgressMeter -            done    2.186797716E9    94.0 s            0.0 s      100.0%    94.0 s       0.0 s 
INFO  18:02:30,977 ProgressMeter - Total runtime 94.22 secs, 1.57 min, 0.03 hours 
INFO  18:02:30,977 MicroScheduler - 16975 reads were filtered out during the traversal out of approximately 374792 total reads (4.53%) 
INFO  18:02:30,978 MicroScheduler -   -> 0 reads (0.00% of total) failing BadCigarFilter 
INFO  18:02:30,978 MicroScheduler -   -> 10670 reads (2.85% of total) failing DuplicateReadFilter 
INFO  18:02:30,978 MicroScheduler -   -> 0 reads (0.00% of total) failing FailsVendorQualityCheckFilter 
INFO  18:02:30,978 MicroScheduler -   -> 6251 reads (1.67% of total) failing HCMappingQualityFilter 
INFO  18:02:30,979 MicroScheduler -   -> 0 reads (0.00% of total) failing MalformedReadFilter 
INFO  18:02:30,979 MicroScheduler -   -> 0 reads (0.00% of total) failing MappingQualityUnavailableFilter 
INFO  18:02:30,979 MicroScheduler -   -> 54 reads (0.01% of total) failing NotPrimaryAlignmentFilter 
INFO  18:02:30,979 MicroScheduler -   -> 0 reads (0.00% of total) failing UnmappedReadFilter 
