INFO  14:30:02,001 HelpFormatter - --------------------------------------------------------------------------------- 
INFO  14:30:02,003 HelpFormatter - The Genome Analysis Toolkit (GATK) v3.4-46-g8ea4dca, Compiled 2015/08/13 20:41:56 
INFO  14:30:02,003 HelpFormatter - Copyright (c) 2010 The Broad Institute 
INFO  14:30:02,003 HelpFormatter - For support and documentation go to http://www.broadinstitute.org/gatk 
INFO  14:30:02,007 HelpFormatter - Program Args: -T HaplotypeCaller -I /mnt/sdb/data/broadout/sim1M_pairs_gatk_best_practices_12t_30s_2016-07-25_14-09-52/sim1M_pairs_realign.bam -L /mnt/sdb/Broad_Ref_Pipeline_approved_package/workflow_profiler/.queue/scatterGather/ExampleHaplotypeCaller-1-sg/temp_32_of_36/scatter.intervals -R /mnt/sdb/Broad_Ref_Pipeline_approved_package/b37bundle/human_g1k_v37.fasta -variant_index_type LINEAR -variant_index_parameter 128000 -o /mnt/sdb/Broad_Ref_Pipeline_approved_package/workflow_profiler/.queue/scatterGather/ExampleHaplotypeCaller-1-sg/temp_32_of_36/sim1M_pairs_realign.bam_HaplotypeCaller.g.vcf -ERC GVCF 
INFO  14:30:02,027 HelpFormatter - Executing as bshifaw@application-0-1.hudson.intel.com on Linux 3.10.0-327.el7.x86_64 amd64; OpenJDK 64-Bit Server VM 1.8.0_101-b13. 
INFO  14:30:02,027 HelpFormatter - Date/Time: 2016/07/25 14:30:02 
INFO  14:30:02,027 HelpFormatter - --------------------------------------------------------------------------------- 
INFO  14:30:02,028 HelpFormatter - --------------------------------------------------------------------------------- 
WARN  14:30:02,031 GATKVCFUtils - Naming your output file using the .g.vcf extension will automatically set the appropriate values  for --variant_index_type and --variant_index_parameter 
INFO  14:30:02,181 GenomeAnalysisEngine - Strictness is SILENT 
INFO  14:30:02,336 GenomeAnalysisEngine - Downsampling Settings: Method: BY_SAMPLE, Target Coverage: 500 
INFO  14:30:02,343 SAMDataSource$SAMReaders - Initializing SAMRecords in serial 
INFO  14:30:02,429 SAMDataSource$SAMReaders - Done initializing BAM readers: total time 0.07 
INFO  14:30:02,449 HCMappingQualityFilter - Filtering out reads with MAPQ < 20 
INFO  14:30:02,704 IntervalUtils - Processing 1437965 bp from intervals 
INFO  14:30:02,950 GenomeAnalysisEngine - Preparing for traversal over 1 BAM files 
INFO  14:30:03,292 GenomeAnalysisEngine - Done preparing for traversal 
INFO  14:30:03,293 ProgressMeter - [INITIALIZATION COMPLETE; STARTING PROCESSING] 
INFO  14:30:03,293 ProgressMeter -                 |      processed |    time |         per 1M |           |   total | remaining 
INFO  14:30:03,293 ProgressMeter -        Location | active regions | elapsed | active regions | completed | runtime |   runtime 
INFO  14:30:03,295 HaplotypeCaller - Standard Emitting and Calling confidence set to 0.0 for reference-model confidence output 
INFO  14:30:03,295 HaplotypeCaller - All sites annotated with PLs forced to true for reference-model confidence output 
INFO  14:30:03,542 HaplotypeCaller - Using global mismapping rate of 45 => -4.5 in log10 likelihood units 
Using AVX accelerated implementation of PairHMM
INFO  14:30:12,064 VectorLoglessPairHMM - libVectorLoglessPairHMM unpacked successfully from GATK jar file 
INFO  14:30:12,065 VectorLoglessPairHMM - Using vectorized implementation of PairHMM 
WARN  14:30:12,388 HaplotypeScore - Annotation will not be calculated, must be called from UnifiedGenotyper 
WARN  14:30:12,388 InbreedingCoeff - Annotation will not be calculated, must provide a valid PED file (-ped) from the command line. 
INFO  14:30:33,328 ProgressMeter -     19:42584007    1.426307166E9    30.0 s            0.0 s       74.8%    40.0 s      10.0 s 
INFO  14:30:40,082 VectorLoglessPairHMM - Time spent in setup for JNI call : 1.8707400000000002E-4 
INFO  14:30:40,102 PairHMM - Total compute time in PairHMM computeLikelihoods() : 0.001150257 
INFO  14:30:40,103 HaplotypeCaller - Ran local assembly on 6762 active regions 
INFO  14:30:40,108 ProgressMeter -            done    2.562981775E9    36.0 s            0.0 s      100.0%    36.0 s       0.0 s 
INFO  14:30:40,128 ProgressMeter - Total runtime 36.84 secs, 0.61 min, 0.01 hours 
INFO  14:30:40,129 MicroScheduler - 17 reads were filtered out during the traversal out of approximately 1690 total reads (1.01%) 
INFO  14:30:40,139 MicroScheduler -   -> 0 reads (0.00% of total) failing BadCigarFilter 
INFO  14:30:40,145 MicroScheduler -   -> 0 reads (0.00% of total) failing DuplicateReadFilter 
INFO  14:30:40,146 MicroScheduler -   -> 0 reads (0.00% of total) failing FailsVendorQualityCheckFilter 
INFO  14:30:40,146 MicroScheduler -   -> 16 reads (0.95% of total) failing HCMappingQualityFilter 
INFO  14:30:40,146 MicroScheduler -   -> 0 reads (0.00% of total) failing MalformedReadFilter 
INFO  14:30:40,146 MicroScheduler -   -> 0 reads (0.00% of total) failing MappingQualityUnavailableFilter 
INFO  14:30:40,146 MicroScheduler -   -> 1 reads (0.06% of total) failing NotPrimaryAlignmentFilter 
INFO  14:30:40,147 MicroScheduler -   -> 0 reads (0.00% of total) failing UnmappedReadFilter 
