INFO  14:22:17,069 HelpFormatter - --------------------------------------------------------------------------------- 
INFO  14:22:17,071 HelpFormatter - The Genome Analysis Toolkit (GATK) v3.4-46-g8ea4dca, Compiled 2015/08/13 20:41:56 
INFO  14:22:17,071 HelpFormatter - Copyright (c) 2010 The Broad Institute 
INFO  14:22:17,072 HelpFormatter - For support and documentation go to http://www.broadinstitute.org/gatk 
INFO  14:22:17,087 HelpFormatter - Program Args: -T BaseRecalibrator -I /mnt/sdb/data/broadout/sim1M_pairs_gatk_best_practices_12t_30s_2016-07-25_14-09-52/sim1M_pairs_realign.bam -L /mnt/sdb/Broad_Ref_Pipeline_approved_package/workflow_profiler/.queue/scatterGather/ExampleBaseRecalibrator-1-sg/temp_18_of_24/scatter.intervals -R /mnt/sdb/Broad_Ref_Pipeline_approved_package/b37bundle/human_g1k_v37.fasta -knownSites /mnt/sdb/Broad_Ref_Pipeline_approved_package/b37bundle/dbsnp_138.b37.vcf -o /mnt/sdb/Broad_Ref_Pipeline_approved_package/workflow_profiler/.queue/scatterGather/ExampleBaseRecalibrator-1-sg/temp_18_of_24/sim1M_pairs_recal.grp 
INFO  14:22:17,096 HelpFormatter - Executing as bshifaw@application-0-1.hudson.intel.com on Linux 3.10.0-327.el7.x86_64 amd64; OpenJDK 64-Bit Server VM 1.8.0_101-b13. 
INFO  14:22:17,121 HelpFormatter - Date/Time: 2016/07/25 14:22:17 
INFO  14:22:17,122 HelpFormatter - --------------------------------------------------------------------------------- 
INFO  14:22:17,122 HelpFormatter - --------------------------------------------------------------------------------- 
INFO  14:22:17,189 GenomeAnalysisEngine - Strictness is SILENT 
INFO  14:22:17,294 GenomeAnalysisEngine - Downsampling Settings: No downsampling 
INFO  14:22:17,300 SAMDataSource$SAMReaders - Initializing SAMRecords in serial 
INFO  14:22:17,402 SAMDataSource$SAMReaders - Done initializing BAM readers: total time 0.09 
INFO  14:22:17,726 IntervalUtils - Processing 773504 bp from intervals 
INFO  14:22:17,861 GenomeAnalysisEngine - Preparing for traversal over 1 BAM files 
INFO  14:22:18,077 GenomeAnalysisEngine - Done preparing for traversal 
INFO  14:22:18,099 ProgressMeter - [INITIALIZATION COMPLETE; STARTING PROCESSING] 
INFO  14:22:18,099 ProgressMeter -                 | processed |    time |    per 1M |           |   total | remaining 
INFO  14:22:18,100 ProgressMeter -        Location |     reads | elapsed |     reads | completed | runtime |   runtime 
INFO  14:22:18,142 BaseRecalibrator - The covariates being used here:  
INFO  14:22:18,142 BaseRecalibrator - 	ReadGroupCovariate 
INFO  14:22:18,143 BaseRecalibrator - 	QualityScoreCovariate 
INFO  14:22:18,143 BaseRecalibrator - 	ContextCovariate 
INFO  14:22:18,144 ContextCovariate - 		Context sizes: base substitution model 2, indel substitution model 3 
INFO  14:22:18,144 BaseRecalibrator - 	CycleCovariate 
INFO  14:22:18,145 ReadShardBalancer$1 - Loading BAM index data 
INFO  14:22:18,245 ReadShardBalancer$1 - Done loading BAM index data 
INFO  14:22:29,147 BaseRecalibrator - Calculating quantized quality scores... 
INFO  14:22:29,199 BaseRecalibrator - Writing recalibration report... 
INFO  14:22:29,898 BaseRecalibrator - ...done! 
INFO  14:22:29,898 BaseRecalibrator - BaseRecalibrator was able to recalibrate 616 reads 
INFO  14:22:29,901 ProgressMeter -            done       616.0    11.0 s       5.3 h       97.5%    11.0 s       0.0 s 
INFO  14:22:29,902 ProgressMeter - Total runtime 11.82 secs, 0.20 min, 0.00 hours 
INFO  14:22:29,902 MicroScheduler - 2 reads were filtered out during the traversal out of approximately 618 total reads (0.32%) 
INFO  14:22:29,903 MicroScheduler -   -> 0 reads (0.00% of total) failing BadCigarFilter 
INFO  14:22:29,903 MicroScheduler -   -> 0 reads (0.00% of total) failing DuplicateReadFilter 
INFO  14:22:29,903 MicroScheduler -   -> 0 reads (0.00% of total) failing FailsVendorQualityCheckFilter 
INFO  14:22:29,903 MicroScheduler -   -> 0 reads (0.00% of total) failing MalformedReadFilter 
INFO  14:22:29,903 MicroScheduler -   -> 0 reads (0.00% of total) failing MappingQualityUnavailableFilter 
INFO  14:22:29,904 MicroScheduler -   -> 2 reads (0.32% of total) failing MappingQualityZeroFilter 
INFO  14:22:29,904 MicroScheduler -   -> 0 reads (0.00% of total) failing NotPrimaryAlignmentFilter 
INFO  14:22:29,904 MicroScheduler -   -> 0 reads (0.00% of total) failing UnmappedReadFilter 
