INFO  20:39:39,406 HelpFormatter - --------------------------------------------------------------------------------- 
INFO  20:39:39,409 HelpFormatter - The Genome Analysis Toolkit (GATK) v3.4-46-g8ea4dca, Compiled 2015/08/13 20:41:56 
INFO  20:39:39,409 HelpFormatter - Copyright (c) 2010 The Broad Institute 
INFO  20:39:39,409 HelpFormatter - For support and documentation go to http://www.broadinstitute.org/gatk 
INFO  20:39:39,413 HelpFormatter - Program Args: -T HaplotypeCaller -I /home/opt/data/broadout/FC1-NA12878-01_S1_L001_R1_001_gatk_best_practices_36t_30s_2015-11-05_19-14-59/FC1-NA12878-01_S1_L001_R1_001_realign.bam -L /home/beris/Broad_Ref_Pipeline_approved_package/workflow_profiler/.queue/scatterGather/ExampleHaplotypeCaller-1-sg/temp_28_of_36/scatter.intervals -R /home/beris/Broad_Ref_Pipeline_approved_package/homosapiensrefgenome/Homo_sapiens_assembly19.fasta -variant_index_type LINEAR -variant_index_parameter 128000 -o /home/beris/Broad_Ref_Pipeline_approved_package/workflow_profiler/.queue/scatterGather/ExampleHaplotypeCaller-1-sg/temp_28_of_36/FC1-NA12878-01_S1_L001_R1_001_realign.bam_HaplotypeCaller.g.vcf -ERC GVCF 
INFO  20:39:39,419 HelpFormatter - Executing as beris@dna on Linux 2.6.32-573.el6.x86_64 amd64; OpenJDK 64-Bit Server VM 1.7.0_79-mockbuild_2015_07_24_09_26-b00. 
INFO  20:39:39,420 HelpFormatter - Date/Time: 2015/11/05 20:39:39 
INFO  20:39:39,420 HelpFormatter - --------------------------------------------------------------------------------- 
INFO  20:39:39,420 HelpFormatter - --------------------------------------------------------------------------------- 
WARN  20:39:39,456 GATKVCFUtils - Naming your output file using the .g.vcf extension will automatically set the appropriate values  for --variant_index_type and --variant_index_parameter 
INFO  20:39:39,597 GenomeAnalysisEngine - Strictness is SILENT 
INFO  20:39:39,724 GenomeAnalysisEngine - Downsampling Settings: Method: BY_SAMPLE, Target Coverage: 500 
INFO  20:39:39,734 SAMDataSource$SAMReaders - Initializing SAMRecords in serial 
INFO  20:39:39,790 SAMDataSource$SAMReaders - Done initializing BAM readers: total time 0.06 
INFO  20:39:39,800 HCMappingQualityFilter - Filtering out reads with MAPQ < 20 
INFO  20:39:40,035 IntervalUtils - Processing 1017715 bp from intervals 
INFO  20:39:40,140 GenomeAnalysisEngine - Preparing for traversal over 1 BAM files 
INFO  20:39:40,550 GenomeAnalysisEngine - Done preparing for traversal 
INFO  20:39:40,550 ProgressMeter - [INITIALIZATION COMPLETE; STARTING PROCESSING] 
INFO  20:39:40,551 ProgressMeter -                 |      processed |    time |         per 1M |           |   total | remaining 
INFO  20:39:40,551 ProgressMeter -        Location | active regions | elapsed | active regions | completed | runtime |   runtime 
INFO  20:39:40,552 HaplotypeCaller - Standard Emitting and Calling confidence set to 0.0 for reference-model confidence output 
INFO  20:39:40,553 HaplotypeCaller - All sites annotated with PLs forced to true for reference-model confidence output 
INFO  20:39:40,753 HaplotypeCaller - Using global mismapping rate of 45 => -4.5 in log10 likelihood units 
Using AVX accelerated implementation of PairHMM
INFO  20:39:42,693 VectorLoglessPairHMM - libVectorLoglessPairHMM unpacked successfully from GATK jar file 
INFO  20:39:42,694 VectorLoglessPairHMM - Using vectorized implementation of PairHMM 
WARN  20:39:42,953 HaplotypeScore - Annotation will not be calculated, must be called from UnifiedGenotyper 
WARN  20:39:42,954 InbreedingCoeff - Annotation will not be calculated, must provide a valid PED file (-ped) from the command line. 
INFO  20:40:10,556 ProgressMeter -     16:31049779      1.1441462E8    30.0 s            0.0 s       24.5%     2.0 m      92.0 s 
INFO  20:40:40,558 ProgressMeter -     16:67360786      7.6442244E8    60.0 s            0.0 s       59.3%   101.0 s      41.0 s 
INFO  20:41:10,560 ProgressMeter -     16:88802505       2.164874E9    90.0 s            0.0 s       95.4%    94.0 s       4.0 s 
INFO  20:41:15,140 VectorLoglessPairHMM - Time spent in setup for JNI call : 0.041030946000000006 
INFO  20:41:15,141 PairHMM - Total compute time in PairHMM computeLikelihoods() : 5.469583752 
INFO  20:41:15,141 HaplotypeCaller - Ran local assembly on 10024 active regions 
INFO  20:41:15,148 ProgressMeter -            done    2.330878843E9    94.0 s            0.0 s      100.0%    94.0 s       0.0 s 
INFO  20:41:15,148 ProgressMeter - Total runtime 94.60 secs, 1.58 min, 0.03 hours 
INFO  20:41:15,148 MicroScheduler - 171811 reads were filtered out during the traversal out of approximately 487179 total reads (35.27%) 
INFO  20:41:15,149 MicroScheduler -   -> 0 reads (0.00% of total) failing BadCigarFilter 
INFO  20:41:15,149 MicroScheduler -   -> 103138 reads (21.17% of total) failing DuplicateReadFilter 
INFO  20:41:15,149 MicroScheduler -   -> 0 reads (0.00% of total) failing FailsVendorQualityCheckFilter 
INFO  20:41:15,149 MicroScheduler -   -> 68599 reads (14.08% of total) failing HCMappingQualityFilter 
INFO  20:41:15,149 MicroScheduler -   -> 0 reads (0.00% of total) failing MalformedReadFilter 
INFO  20:41:15,150 MicroScheduler -   -> 0 reads (0.00% of total) failing MappingQualityUnavailableFilter 
INFO  20:41:15,150 MicroScheduler -   -> 74 reads (0.02% of total) failing NotPrimaryAlignmentFilter 
INFO  20:41:15,150 MicroScheduler -   -> 0 reads (0.00% of total) failing UnmappedReadFilter 
