INFO  17:36:56,868 HelpFormatter - --------------------------------------------------------------------------------- 
INFO  17:36:56,870 HelpFormatter - The Genome Analysis Toolkit (GATK) v3.4-46-g8ea4dca, Compiled 2015/08/13 20:41:56 
INFO  17:36:56,871 HelpFormatter - Copyright (c) 2010 The Broad Institute 
INFO  17:36:56,871 HelpFormatter - For support and documentation go to http://www.broadinstitute.org/gatk 
INFO  17:36:56,874 HelpFormatter - Program Args: -T HaplotypeCaller -I /cluster_share/data/out/HG02769_gatk_best_practices_36t_30s_2016-11-28_15-18-37/HG02769_final.bam -L /cluster_share/data/Broad_Ref_Pipeline_approved_package/workflow_profiler/.queue/scatterGather/ExampleHaplotypeCaller-1-sg/temp_28_of_36/scatter.intervals -R /cluster_share/data/reference/b37bundle/human_g1k_v37.fasta -variant_index_type LINEAR -variant_index_parameter 128000 -o /cluster_share/data/Broad_Ref_Pipeline_approved_package/workflow_profiler/.queue/scatterGather/ExampleHaplotypeCaller-1-sg/temp_28_of_36/HG02769_HaplotypeCaller.g.vcf -ERC GVCF 
INFO  17:36:56,881 HelpFormatter - Executing as bshifaw@compute-1-1.hudson.intel.com on Linux 3.10.0-327.13.1.el7.x86_64 amd64; OpenJDK 64-Bit Server VM 1.8.0_111-b15. 
INFO  17:36:56,885 HelpFormatter - Date/Time: 2016/11/28 17:36:56 
INFO  17:36:56,885 HelpFormatter - --------------------------------------------------------------------------------- 
INFO  17:36:56,885 HelpFormatter - --------------------------------------------------------------------------------- 
WARN  17:36:56,894 GATKVCFUtils - Naming your output file using the .g.vcf extension will automatically set the appropriate values  for --variant_index_type and --variant_index_parameter 
INFO  17:36:57,033 GenomeAnalysisEngine - Strictness is SILENT 
INFO  17:36:57,347 GenomeAnalysisEngine - Downsampling Settings: Method: BY_SAMPLE, Target Coverage: 500 
INFO  17:36:57,353 SAMDataSource$SAMReaders - Initializing SAMRecords in serial 
INFO  17:36:57,482 SAMDataSource$SAMReaders - Done initializing BAM readers: total time 0.13 
INFO  17:36:57,519 HCMappingQualityFilter - Filtering out reads with MAPQ < 20 
INFO  17:36:57,774 IntervalUtils - Processing 1437965 bp from intervals 
INFO  17:36:58,040 GenomeAnalysisEngine - Preparing for traversal over 1 BAM files 
INFO  17:36:58,251 GenomeAnalysisEngine - Done preparing for traversal 
INFO  17:36:58,252 ProgressMeter - [INITIALIZATION COMPLETE; STARTING PROCESSING] 
INFO  17:36:58,252 ProgressMeter -                 |      processed |    time |         per 1M |           |   total | remaining 
INFO  17:36:58,266 ProgressMeter -        Location | active regions | elapsed | active regions | completed | runtime |   runtime 
INFO  17:36:58,288 HaplotypeCaller - Standard Emitting and Calling confidence set to 0.0 for reference-model confidence output 
INFO  17:36:58,288 HaplotypeCaller - All sites annotated with PLs forced to true for reference-model confidence output 
INFO  17:36:58,559 HaplotypeCaller - Using global mismapping rate of 45 => -4.5 in log10 likelihood units 
Using AVX accelerated implementation of PairHMM
INFO  17:37:16,443 VectorLoglessPairHMM - libVectorLoglessPairHMM unpacked successfully from GATK jar file 
INFO  17:37:16,468 VectorLoglessPairHMM - Using vectorized implementation of PairHMM 
WARN  17:37:16,742 HaplotypeScore - Annotation will not be calculated, must be called from UnifiedGenotyper 
WARN  17:37:16,744 InbreedingCoeff - Annotation will not be calculated, must provide a valid PED file (-ped) from the command line. 
INFO  17:37:28,290 ProgressMeter -     16:48247302        1922289.0    30.0 s           15.0 s        2.2%    22.9 m      22.4 m 
INFO  17:37:58,310 ProgressMeter -     16:56509367      3.5762587E7    60.0 s            1.0 s       10.3%     9.7 m       8.7 m 
INFO  17:38:28,317 ProgressMeter -     16:67304988      1.9284216E8    90.0 s            0.0 s       24.6%     6.1 m       4.6 m 
INFO  17:38:58,318 ProgressMeter -     16:70697528     4.29304755E8   120.0 s            0.0 s       38.5%     5.2 m       3.2 m 
INFO  17:39:28,320 ProgressMeter -     16:81303712     8.11101679E8     2.5 m            0.0 s       51.9%     4.8 m       2.3 m 
INFO  17:39:58,321 ProgressMeter -     16:89783129     1.29504256E9     3.0 m            0.0 s       64.7%     4.6 m      98.0 s 
INFO  17:40:28,323 ProgressMeter -      17:3788862    1.442293089E9     3.5 m            0.0 s       78.5%     4.5 m      57.0 s 
INFO  17:40:58,325 ProgressMeter -      17:7286196    1.602297209E9     4.0 m            0.0 s       94.4%     4.2 m      14.0 s 
INFO  17:41:10,871 VectorLoglessPairHMM - Time spent in setup for JNI call : 0.13757280800000002 
INFO  17:41:10,871 PairHMM - Total compute time in PairHMM computeLikelihoods() : 27.962193119000002 
INFO  17:41:10,872 HaplotypeCaller - Ran local assembly on 8815 active regions 
INFO  17:41:10,882 ProgressMeter -            done    1.664840325E9     4.2 m            0.0 s      100.0%     4.2 m       0.0 s 
INFO  17:41:10,882 ProgressMeter - Total runtime 252.63 secs, 4.21 min, 0.07 hours 
INFO  17:41:10,883 MicroScheduler - 438076 reads were filtered out during the traversal out of approximately 2584143 total reads (16.95%) 
INFO  17:41:10,883 MicroScheduler -   -> 0 reads (0.00% of total) failing BadCigarFilter 
INFO  17:41:10,883 MicroScheduler -   -> 364496 reads (14.11% of total) failing DuplicateReadFilter 
INFO  17:41:10,883 MicroScheduler -   -> 0 reads (0.00% of total) failing FailsVendorQualityCheckFilter 
INFO  17:41:10,884 MicroScheduler -   -> 73279 reads (2.84% of total) failing HCMappingQualityFilter 
INFO  17:41:10,884 MicroScheduler -   -> 0 reads (0.00% of total) failing MalformedReadFilter 
INFO  17:41:10,884 MicroScheduler -   -> 0 reads (0.00% of total) failing MappingQualityUnavailableFilter 
INFO  17:41:10,884 MicroScheduler -   -> 301 reads (0.01% of total) failing NotPrimaryAlignmentFilter 
INFO  17:41:10,884 MicroScheduler -   -> 0 reads (0.00% of total) failing UnmappedReadFilter 
