INFO  11:29:12,285 HelpFormatter - --------------------------------------------------------------------------------- 
INFO  11:29:12,287 HelpFormatter - The Genome Analysis Toolkit (GATK) v3.4-46-g8ea4dca, Compiled 2015/08/13 20:41:56 
INFO  11:29:12,287 HelpFormatter - Copyright (c) 2010 The Broad Institute 
INFO  11:29:12,287 HelpFormatter - For support and documentation go to http://www.broadinstitute.org/gatk 
INFO  11:29:12,290 HelpFormatter - Program Args: -T BaseRecalibrator -I /mnt/ssdbroad/output/sim1M_pairs_gatk_best_practices_36t_30s_2016-02-11_11-03-56/sim1M_pairs_realign.bam -L /mnt/ssdbroad/Broad_Ref_Pipeline_approved_package/workflow_profiler/.queue/scatterGather/ExampleBaseRecalibrator-1-sg/temp_17_of_36/scatter.intervals -R /mnt/ssdbroad/Broad_Ref_Pipeline_approved_package/homosapiensrefgenome/Homo_sapiens_assembly19.fasta -knownSites /mnt/ssdbroad/Broad_Ref_Pipeline_approved_package/homosapiensrefgenome/Homo_sapiens_assembly19.dbsnp.vcf -o /mnt/ssdbroad/Broad_Ref_Pipeline_approved_package/workflow_profiler/.queue/scatterGather/ExampleBaseRecalibrator-1-sg/temp_17_of_36/sim1M_pairs_recal.grp 
INFO  11:29:12,296 HelpFormatter - Executing as beris@dna on Linux 2.6.32-573.el6.x86_64 amd64; OpenJDK 64-Bit Server VM 1.7.0_79-mockbuild_2015_07_24_09_26-b00. 
INFO  11:29:12,296 HelpFormatter - Date/Time: 2016/02/11 11:29:12 
INFO  11:29:12,296 HelpFormatter - --------------------------------------------------------------------------------- 
INFO  11:29:12,296 HelpFormatter - --------------------------------------------------------------------------------- 
INFO  11:29:12,427 GenomeAnalysisEngine - Strictness is SILENT 
INFO  11:29:12,580 GenomeAnalysisEngine - Downsampling Settings: No downsampling 
INFO  11:29:12,587 SAMDataSource$SAMReaders - Initializing SAMRecords in serial 
INFO  11:29:12,633 SAMDataSource$SAMReaders - Done initializing BAM readers: total time 0.05 
WARN  11:33:15,453 RMDTrackBuilder - Unable to write to /mnt/ssdbroad/Broad_Ref_Pipeline_approved_package/homosapiensrefgenome/Homo_sapiens_assembly19.dbsnp.vcf.idx for the index file, creating index in memory only 
INFO  11:33:15,500 IntervalUtils - Processing 81195210 bp from intervals 
INFO  11:33:15,713 GenomeAnalysisEngine - Preparing for traversal over 1 BAM files 
INFO  11:33:16,215 GenomeAnalysisEngine - Done preparing for traversal 
INFO  11:33:16,216 ProgressMeter - [INITIALIZATION COMPLETE; STARTING PROCESSING] 
INFO  11:33:16,216 ProgressMeter -                 | processed |    time |    per 1M |           |   total | remaining 
INFO  11:33:16,217 ProgressMeter -        Location |     reads | elapsed |     reads | completed | runtime |   runtime 
INFO  11:33:16,253 BaseRecalibrator - The covariates being used here:  
INFO  11:33:16,253 BaseRecalibrator - 	ReadGroupCovariate 
INFO  11:33:16,254 BaseRecalibrator - 	QualityScoreCovariate 
INFO  11:33:16,254 BaseRecalibrator - 	ContextCovariate 
INFO  11:33:16,254 ContextCovariate - 		Context sizes: base substitution model 2, indel substitution model 3 
INFO  11:33:16,254 BaseRecalibrator - 	CycleCovariate 
INFO  11:33:16,257 ReadShardBalancer$1 - Loading BAM index data 
INFO  11:33:17,064 ReadShardBalancer$1 - Done loading BAM index data 
INFO  11:33:37,747 BaseRecalibrator - Calculating quantized quality scores... 
INFO  11:33:37,813 BaseRecalibrator - Writing recalibration report... 
INFO  11:33:39,007 BaseRecalibrator - ...done! 
INFO  11:33:39,007 BaseRecalibrator - BaseRecalibrator was able to recalibrate 49029 reads 
INFO  11:33:39,009 ProgressMeter -            done     49029.0    22.0 s       7.7 m       99.9%    22.0 s       0.0 s 
INFO  11:33:39,009 ProgressMeter - Total runtime 22.79 secs, 0.38 min, 0.01 hours 
INFO  11:33:39,010 MicroScheduler - 1110 reads were filtered out during the traversal out of approximately 50139 total reads (2.21%) 
INFO  11:33:39,010 MicroScheduler -   -> 0 reads (0.00% of total) failing BadCigarFilter 
INFO  11:33:39,010 MicroScheduler -   -> 0 reads (0.00% of total) failing DuplicateReadFilter 
INFO  11:33:39,010 MicroScheduler -   -> 0 reads (0.00% of total) failing FailsVendorQualityCheckFilter 
INFO  11:33:39,011 MicroScheduler -   -> 0 reads (0.00% of total) failing MalformedReadFilter 
INFO  11:33:39,011 MicroScheduler -   -> 0 reads (0.00% of total) failing MappingQualityUnavailableFilter 
INFO  11:33:39,011 MicroScheduler -   -> 1106 reads (2.21% of total) failing MappingQualityZeroFilter 
INFO  11:33:39,011 MicroScheduler -   -> 4 reads (0.01% of total) failing NotPrimaryAlignmentFilter 
INFO  11:33:39,011 MicroScheduler -   -> 0 reads (0.00% of total) failing UnmappedReadFilter 
