INFO  16:10:24,531 HelpFormatter - --------------------------------------------------------------------------------- 
INFO  16:10:24,574 HelpFormatter - The Genome Analysis Toolkit (GATK) v3.4-46-g8ea4dca, Compiled 2015/08/13 20:41:56 
INFO  16:10:24,574 HelpFormatter - Copyright (c) 2010 The Broad Institute 
INFO  16:10:24,574 HelpFormatter - For support and documentation go to http://www.broadinstitute.org/gatk 
INFO  16:10:24,577 HelpFormatter - Program Args: -T HaplotypeCaller -I /mnt/sdb/data/broadout/sim1M_pairs_gatk_best_practices_36t_30s_2016-09-26_15-40-42/sim1M_pairs_final.bam -L /home/bshifaw/gitrepos/Reference-Design/Broad_Ref_Pip/workflow_profiler/.queue/scatterGather/ExampleHaplotypeCaller-1-sg/temp_02_of_36/scatter.intervals -R /mnt/sdb/Broad_Ref_Pipeline_approved_package/homosapiensrefgenome/Homo_sapiens_assembly19.fasta -variant_index_type LINEAR -variant_index_parameter 128000 -o /home/bshifaw/gitrepos/Reference-Design/Broad_Ref_Pip/workflow_profiler/.queue/scatterGather/ExampleHaplotypeCaller-1-sg/temp_02_of_36/sim1M_pairs_HaplotypeCaller.g.vcf -ERC GVCF 
INFO  16:10:24,587 HelpFormatter - Executing as bshifaw@application-0-1.hudson.intel.com on Linux 3.10.0-327.13.1.el7.x86_64 amd64; OpenJDK 64-Bit Server VM 1.8.0_102-b14. 
INFO  16:10:24,587 HelpFormatter - Date/Time: 2016/09/26 16:10:24 
INFO  16:10:24,588 HelpFormatter - --------------------------------------------------------------------------------- 
INFO  16:10:24,592 HelpFormatter - --------------------------------------------------------------------------------- 
WARN  16:10:24,615 GATKVCFUtils - Naming your output file using the .g.vcf extension will automatically set the appropriate values  for --variant_index_type and --variant_index_parameter 
INFO  16:10:24,757 GenomeAnalysisEngine - Strictness is SILENT 
INFO  16:10:24,920 GenomeAnalysisEngine - Downsampling Settings: Method: BY_SAMPLE, Target Coverage: 500 
INFO  16:10:24,926 SAMDataSource$SAMReaders - Initializing SAMRecords in serial 
INFO  16:10:25,049 SAMDataSource$SAMReaders - Done initializing BAM readers: total time 0.12 
INFO  16:10:25,074 HCMappingQualityFilter - Filtering out reads with MAPQ < 20 
INFO  16:10:25,082 IntervalUtils - Processing 86166015 bp from intervals 
INFO  16:10:25,330 GenomeAnalysisEngine - Preparing for traversal over 1 BAM files 
INFO  16:10:25,607 GenomeAnalysisEngine - Done preparing for traversal 
INFO  16:10:25,607 ProgressMeter - [INITIALIZATION COMPLETE; STARTING PROCESSING] 
INFO  16:10:25,609 ProgressMeter -                 |      processed |    time |         per 1M |           |   total | remaining 
INFO  16:10:25,613 ProgressMeter -        Location | active regions | elapsed | active regions | completed | runtime |   runtime 
INFO  16:10:25,652 HaplotypeCaller - Standard Emitting and Calling confidence set to 0.0 for reference-model confidence output 
INFO  16:10:25,652 HaplotypeCaller - All sites annotated with PLs forced to true for reference-model confidence output 
INFO  16:10:25,990 HaplotypeCaller - Using global mismapping rate of 45 => -4.5 in log10 likelihood units 
Using AVX accelerated implementation of PairHMM
INFO  16:10:43,572 VectorLoglessPairHMM - libVectorLoglessPairHMM unpacked successfully from GATK jar file 
INFO  16:10:43,572 VectorLoglessPairHMM - Using vectorized implementation of PairHMM 
WARN  16:10:43,767 HaplotypeScore - Annotation will not be calculated, must be called from UnifiedGenotyper 
WARN  16:10:43,767 InbreedingCoeff - Annotation will not be calculated, must provide a valid PED file (-ped) from the command line. 
INFO  16:10:55,710 ProgressMeter -      1:87821310              0.0    30.0 s           49.8 w        1.9%    26.0 m      25.5 m 
INFO  16:11:25,711 ProgressMeter -      1:92585763              0.0    60.0 s           99.4 w        7.5%    13.4 m      12.4 m 
INFO  16:11:55,712 ProgressMeter -     1:100674246              0.0    90.0 s          149.0 w       16.8%     8.9 m       7.4 m 
INFO  16:12:25,713 ProgressMeter -     1:109181385              0.0   120.0 s          198.6 w       26.7%     7.5 m       5.5 m 
INFO  16:12:55,714 ProgressMeter -     1:117434415              0.0     2.5 m          248.2 w       36.3%     6.9 m       4.4 m 
INFO  16:13:35,715 ProgressMeter -     1:132224685              0.0     3.2 m          314.3 w       53.5%     5.9 m       2.8 m 
INFO  16:14:15,716 ProgressMeter -     1:146631501              0.0     3.8 m          380.5 w       70.2%     5.5 m      97.0 s 
INFO  16:14:55,717 ProgressMeter -     1:157818118              0.0     4.5 m          446.6 w       83.2%     5.4 m      54.0 s 
INFO  16:15:25,718 ProgressMeter -     1:166016457              0.0     5.0 m          496.2 w       92.7%     5.4 m      23.0 s 
INFO  16:15:46,460 VectorLoglessPairHMM - Time spent in setup for JNI call : 0.002257353 
INFO  16:15:46,460 PairHMM - Total compute time in PairHMM computeLikelihoods() : 0.042360603000000004 
INFO  16:15:46,460 HaplotypeCaller - Ran local assembly on 291746 active regions 
INFO  16:15:46,466 ProgressMeter -            done      8.6166015E7     5.3 m            3.0 s      100.0%     5.3 m       0.0 s 
INFO  16:15:46,466 ProgressMeter - Total runtime 320.86 secs, 5.35 min, 0.09 hours 
INFO  16:15:46,467 MicroScheduler - 2456 reads were filtered out during the traversal out of approximately 40898 total reads (6.01%) 
INFO  16:15:46,467 MicroScheduler -   -> 0 reads (0.00% of total) failing BadCigarFilter 
INFO  16:15:46,467 MicroScheduler -   -> 0 reads (0.00% of total) failing DuplicateReadFilter 
INFO  16:15:46,467 MicroScheduler -   -> 0 reads (0.00% of total) failing FailsVendorQualityCheckFilter 
INFO  16:15:46,467 MicroScheduler -   -> 2455 reads (6.00% of total) failing HCMappingQualityFilter 
INFO  16:15:46,467 MicroScheduler -   -> 0 reads (0.00% of total) failing MalformedReadFilter 
INFO  16:15:46,468 MicroScheduler -   -> 0 reads (0.00% of total) failing MappingQualityUnavailableFilter 
INFO  16:15:46,468 MicroScheduler -   -> 1 reads (0.00% of total) failing NotPrimaryAlignmentFilter 
INFO  16:15:46,468 MicroScheduler -   -> 0 reads (0.00% of total) failing UnmappedReadFilter 
