INFO  18:00:55,238 HelpFormatter - --------------------------------------------------------------------------------- 
INFO  18:00:55,252 HelpFormatter - The Genome Analysis Toolkit (GATK) v3.4-46-g8ea4dca, Compiled 2015/08/13 20:41:56 
INFO  18:00:55,252 HelpFormatter - Copyright (c) 2010 The Broad Institute 
INFO  18:00:55,252 HelpFormatter - For support and documentation go to http://www.broadinstitute.org/gatk 
INFO  18:00:55,266 HelpFormatter - Program Args: -T HaplotypeCaller -I /home/opt/data/broadout/FC1-NA12878-01_S1_L001_gatk_best_practices_36t_30s_2015-11-10_16-39-49/FC1-NA12878-01_S1_L001_realign.bam -L /home/beris/Broad_Ref_Pipeline_approved_package/workflow_profiler/.queue/scatterGather/ExampleHaplotypeCaller-1-sg/temp_14_of_36/scatter.intervals -R /home/beris/Broad_Ref_Pipeline_approved_package/homosapiensrefgenome/Homo_sapiens_assembly19.fasta -variant_index_type LINEAR -variant_index_parameter 128000 -o /home/beris/Broad_Ref_Pipeline_approved_package/workflow_profiler/.queue/scatterGather/ExampleHaplotypeCaller-1-sg/temp_14_of_36/FC1-NA12878-01_S1_L001_realign.bam_HaplotypeCaller.g.vcf -ERC GVCF 
INFO  18:00:55,274 HelpFormatter - Executing as beris@dna on Linux 2.6.32-573.el6.x86_64 amd64; OpenJDK 64-Bit Server VM 1.7.0_79-mockbuild_2015_07_24_09_26-b00. 
INFO  18:00:55,274 HelpFormatter - Date/Time: 2015/11/10 18:00:55 
INFO  18:00:55,274 HelpFormatter - --------------------------------------------------------------------------------- 
INFO  18:00:55,274 HelpFormatter - --------------------------------------------------------------------------------- 
WARN  18:00:55,335 GATKVCFUtils - Naming your output file using the .g.vcf extension will automatically set the appropriate values  for --variant_index_type and --variant_index_parameter 
INFO  18:00:55,521 GenomeAnalysisEngine - Strictness is SILENT 
INFO  18:00:55,739 GenomeAnalysisEngine - Downsampling Settings: Method: BY_SAMPLE, Target Coverage: 500 
INFO  18:00:55,760 SAMDataSource$SAMReaders - Initializing SAMRecords in serial 
INFO  18:00:55,815 SAMDataSource$SAMReaders - Done initializing BAM readers: total time 0.06 
INFO  18:00:55,822 HCMappingQualityFilter - Filtering out reads with MAPQ < 20 
INFO  18:00:56,154 IntervalUtils - Processing 1017715 bp from intervals 
INFO  18:00:56,361 GenomeAnalysisEngine - Preparing for traversal over 1 BAM files 
INFO  18:00:56,683 GenomeAnalysisEngine - Done preparing for traversal 
INFO  18:00:56,683 ProgressMeter - [INITIALIZATION COMPLETE; STARTING PROCESSING] 
INFO  18:00:56,684 ProgressMeter -                 |      processed |    time |         per 1M |           |   total | remaining 
INFO  18:00:56,684 ProgressMeter -        Location | active regions | elapsed | active regions | completed | runtime |   runtime 
INFO  18:00:56,684 HaplotypeCaller - Standard Emitting and Calling confidence set to 0.0 for reference-model confidence output 
INFO  18:00:56,685 HaplotypeCaller - All sites annotated with PLs forced to true for reference-model confidence output 
INFO  18:00:56,906 HaplotypeCaller - Using global mismapping rate of 45 => -4.5 in log10 likelihood units 
Using AVX accelerated implementation of PairHMM
INFO  18:00:58,184 VectorLoglessPairHMM - libVectorLoglessPairHMM unpacked successfully from GATK jar file 
INFO  18:00:58,184 VectorLoglessPairHMM - Using vectorized implementation of PairHMM 
WARN  18:00:58,420 HaplotypeScore - Annotation will not be calculated, must be called from UnifiedGenotyper 
WARN  18:00:58,420 InbreedingCoeff - Annotation will not be calculated, must provide a valid PED file (-ped) from the command line. 
INFO  18:01:26,723 ProgressMeter -     6:158450031      5.5223075E7    30.0 s            0.0 s       14.2%     3.5 m       3.0 m 
INFO  18:01:56,724 ProgressMeter -      7:21951183      3.5540421E8    60.0 s            0.0 s       49.4%     2.0 m      61.0 s 
INFO  18:02:26,727 ProgressMeter -      7:71142343    1.110608072E9    90.0 s            0.0 s       84.9%   105.0 s      15.0 s 
INFO  18:02:38,307 VectorLoglessPairHMM - Time spent in setup for JNI call : 0.071304699 
INFO  18:02:38,308 PairHMM - Total compute time in PairHMM computeLikelihoods() : 3.675123457 
INFO  18:02:38,308 HaplotypeCaller - Ran local assembly on 9892 active regions 
INFO  18:02:38,316 ProgressMeter -            done    1.617509921E9   101.0 s            0.0 s      100.0%   101.0 s       0.0 s 
INFO  18:02:38,316 ProgressMeter - Total runtime 101.63 secs, 1.69 min, 0.03 hours 
INFO  18:02:38,316 MicroScheduler - 44186 reads were filtered out during the traversal out of approximately 518309 total reads (8.53%) 
INFO  18:02:38,317 MicroScheduler -   -> 0 reads (0.00% of total) failing BadCigarFilter 
INFO  18:02:38,317 MicroScheduler -   -> 17135 reads (3.31% of total) failing DuplicateReadFilter 
INFO  18:02:38,317 MicroScheduler -   -> 0 reads (0.00% of total) failing FailsVendorQualityCheckFilter 
INFO  18:02:38,317 MicroScheduler -   -> 26994 reads (5.21% of total) failing HCMappingQualityFilter 
INFO  18:02:38,317 MicroScheduler -   -> 0 reads (0.00% of total) failing MalformedReadFilter 
INFO  18:02:38,317 MicroScheduler -   -> 0 reads (0.00% of total) failing MappingQualityUnavailableFilter 
INFO  18:02:38,318 MicroScheduler -   -> 57 reads (0.01% of total) failing NotPrimaryAlignmentFilter 
INFO  18:02:38,318 MicroScheduler -   -> 0 reads (0.00% of total) failing UnmappedReadFilter 
