INFO  20:48:08,560 HelpFormatter - --------------------------------------------------------------------------------- 
INFO  20:48:08,610 HelpFormatter - The Genome Analysis Toolkit (GATK) v3.4-46-g8ea4dca, Compiled 2015/08/13 20:41:56 
INFO  20:48:08,611 HelpFormatter - Copyright (c) 2010 The Broad Institute 
INFO  20:48:08,611 HelpFormatter - For support and documentation go to http://www.broadinstitute.org/gatk 
INFO  20:48:08,614 HelpFormatter - Program Args: -T HaplotypeCaller -I /mnt/nvme0n1/data/broadout/HG02571_gatk_best_practices_8t_30s_2016-07-06_18-21-01/HG02571_final.bam -L /mnt/nvme0n1/Broad_Ref_Pipeline_approved_package/workflow_profiler/.queue/scatterGather/ExampleHaplotypeCaller-1-sg/temp_14_of_36/scatter.intervals -R /mnt/nvme0n1/Broad_Ref_Pipeline_approved_package/b37bundle/human_g1k_v37.fasta -variant_index_type LINEAR -variant_index_parameter 128000 -o /mnt/nvme0n1/Broad_Ref_Pipeline_approved_package/workflow_profiler/.queue/scatterGather/ExampleHaplotypeCaller-1-sg/temp_14_of_36/HG02571_HaplotypeCaller.g.vcf -ERC GVCF 
INFO  20:48:08,674 HelpFormatter - Executing as bshifaw@application-1-1.hudson.intel.com on Linux 3.10.0-327.el7.x86_64 amd64; OpenJDK 64-Bit Server VM 1.8.0_91-b14. 
INFO  20:48:08,674 HelpFormatter - Date/Time: 2016/07/06 20:48:08 
INFO  20:48:08,675 HelpFormatter - --------------------------------------------------------------------------------- 
INFO  20:48:08,676 HelpFormatter - --------------------------------------------------------------------------------- 
WARN  20:48:08,740 GATKVCFUtils - Naming your output file using the .g.vcf extension will automatically set the appropriate values  for --variant_index_type and --variant_index_parameter 
INFO  20:48:09,217 GenomeAnalysisEngine - Strictness is SILENT 
INFO  20:48:09,979 GenomeAnalysisEngine - Downsampling Settings: Method: BY_SAMPLE, Target Coverage: 500 
INFO  20:48:10,069 SAMDataSource$SAMReaders - Initializing SAMRecords in serial 
INFO  20:48:10,355 SAMDataSource$SAMReaders - Done initializing BAM readers: total time 0.29 
INFO  20:48:10,424 HCMappingQualityFilter - Filtering out reads with MAPQ < 20 
INFO  20:48:10,980 IntervalUtils - Processing 1437965 bp from intervals 
INFO  20:48:11,959 GenomeAnalysisEngine - Preparing for traversal over 1 BAM files 
INFO  20:48:12,998 GenomeAnalysisEngine - Done preparing for traversal 
INFO  20:48:12,998 ProgressMeter - [INITIALIZATION COMPLETE; STARTING PROCESSING] 
INFO  20:48:12,999 ProgressMeter -                 |      processed |    time |         per 1M |           |   total | remaining 
INFO  20:48:12,999 ProgressMeter -        Location | active regions | elapsed | active regions | completed | runtime |   runtime 
##### ERROR ------------------------------------------------------------------------------------------
##### ERROR A USER ERROR has occurred (version 3.4-46-g8ea4dca): 
##### ERROR
##### ERROR This means that one or more arguments or inputs in your command are incorrect.
##### ERROR The error message below tells you what is the problem.
##### ERROR
##### ERROR If the problem is an invalid argument, please check the online documentation guide
##### ERROR (or rerun your command with --help) to view allowable command-line arguments for this tool.
##### ERROR
##### ERROR Visit our website and forum for extensive documentation and answers to 
##### ERROR commonly asked questions http://www.broadinstitute.org/gatk
##### ERROR
##### ERROR Please do NOT post this error to the GATK forum unless you have really tried to fix it yourself.
##### ERROR
##### ERROR MESSAGE: There was a failure because you did not provide enough memory to run this program.  See the -Xmx JVM argument to adjust the maximum heap size provided to Java
##### ERROR ------------------------------------------------------------------------------------------
