INFO  14:30:02,574 HelpFormatter - --------------------------------------------------------------------------------- 
INFO  14:30:02,586 HelpFormatter - The Genome Analysis Toolkit (GATK) v3.4-46-g8ea4dca, Compiled 2015/08/13 20:41:56 
INFO  14:30:02,586 HelpFormatter - Copyright (c) 2010 The Broad Institute 
INFO  14:30:02,586 HelpFormatter - For support and documentation go to http://www.broadinstitute.org/gatk 
INFO  14:30:02,590 HelpFormatter - Program Args: -T HaplotypeCaller -I /mnt/sdb/data/broadout/sim1M_pairs_gatk_best_practices_12t_30s_2016-07-25_14-09-52/sim1M_pairs_realign.bam -L /mnt/sdb/Broad_Ref_Pipeline_approved_package/workflow_profiler/.queue/scatterGather/ExampleHaplotypeCaller-1-sg/temp_14_of_36/scatter.intervals -R /mnt/sdb/Broad_Ref_Pipeline_approved_package/b37bundle/human_g1k_v37.fasta -variant_index_type LINEAR -variant_index_parameter 128000 -o /mnt/sdb/Broad_Ref_Pipeline_approved_package/workflow_profiler/.queue/scatterGather/ExampleHaplotypeCaller-1-sg/temp_14_of_36/sim1M_pairs_realign.bam_HaplotypeCaller.g.vcf -ERC GVCF 
INFO  14:30:02,603 HelpFormatter - Executing as bshifaw@application-0-1.hudson.intel.com on Linux 3.10.0-327.el7.x86_64 amd64; OpenJDK 64-Bit Server VM 1.8.0_101-b13. 
INFO  14:30:02,603 HelpFormatter - Date/Time: 2016/07/25 14:30:02 
INFO  14:30:02,604 HelpFormatter - --------------------------------------------------------------------------------- 
INFO  14:30:02,609 HelpFormatter - --------------------------------------------------------------------------------- 
WARN  14:30:02,618 GATKVCFUtils - Naming your output file using the .g.vcf extension will automatically set the appropriate values  for --variant_index_type and --variant_index_parameter 
INFO  14:30:02,732 GenomeAnalysisEngine - Strictness is SILENT 
INFO  14:30:02,986 GenomeAnalysisEngine - Downsampling Settings: Method: BY_SAMPLE, Target Coverage: 500 
INFO  14:30:03,003 SAMDataSource$SAMReaders - Initializing SAMRecords in serial 
INFO  14:30:03,102 SAMDataSource$SAMReaders - Done initializing BAM readers: total time 0.10 
INFO  14:30:03,124 HCMappingQualityFilter - Filtering out reads with MAPQ < 20 
INFO  14:30:03,257 IntervalUtils - Processing 1437965 bp from intervals 
INFO  14:30:03,437 GenomeAnalysisEngine - Preparing for traversal over 1 BAM files 
INFO  14:30:03,625 GenomeAnalysisEngine - Done preparing for traversal 
INFO  14:30:03,625 ProgressMeter - [INITIALIZATION COMPLETE; STARTING PROCESSING] 
INFO  14:30:03,626 ProgressMeter -                 |      processed |    time |         per 1M |           |   total | remaining 
INFO  14:30:03,627 ProgressMeter -        Location | active regions | elapsed | active regions | completed | runtime |   runtime 
INFO  14:30:03,627 HaplotypeCaller - Standard Emitting and Calling confidence set to 0.0 for reference-model confidence output 
INFO  14:30:03,627 HaplotypeCaller - All sites annotated with PLs forced to true for reference-model confidence output 
INFO  14:30:03,800 HaplotypeCaller - Using global mismapping rate of 45 => -4.5 in log10 likelihood units 
Using AVX accelerated implementation of PairHMM
INFO  14:30:24,886 VectorLoglessPairHMM - libVectorLoglessPairHMM unpacked successfully from GATK jar file 
INFO  14:30:24,891 VectorLoglessPairHMM - Using vectorized implementation of PairHMM 
WARN  14:30:25,109 HaplotypeScore - Annotation will not be calculated, must be called from UnifiedGenotyper 
WARN  14:30:25,124 InbreedingCoeff - Annotation will not be calculated, must provide a valid PED file (-ped) from the command line. 
INFO  14:30:33,667 ProgressMeter -      7:34985294     6.47597218E8    30.0 s            0.0 s       58.7%    51.0 s      21.0 s 
INFO  14:30:44,504 VectorLoglessPairHMM - Time spent in setup for JNI call : 6.79647E-4 
INFO  14:30:44,504 PairHMM - Total compute time in PairHMM computeLikelihoods() : 0.0015355610000000002 
INFO  14:30:44,505 HaplotypeCaller - Ran local assembly on 6855 active regions 
INFO  14:30:44,534 ProgressMeter -            done    2.180588519E9    40.0 s            0.0 s      100.0%    40.0 s       0.0 s 
INFO  14:30:44,534 ProgressMeter - Total runtime 40.91 secs, 0.68 min, 0.01 hours 
INFO  14:30:44,535 MicroScheduler - 56 reads were filtered out during the traversal out of approximately 1944 total reads (2.88%) 
INFO  14:30:44,535 MicroScheduler -   -> 0 reads (0.00% of total) failing BadCigarFilter 
INFO  14:30:44,535 MicroScheduler -   -> 0 reads (0.00% of total) failing DuplicateReadFilter 
INFO  14:30:44,535 MicroScheduler -   -> 0 reads (0.00% of total) failing FailsVendorQualityCheckFilter 
INFO  14:30:44,536 MicroScheduler -   -> 56 reads (2.88% of total) failing HCMappingQualityFilter 
INFO  14:30:44,536 MicroScheduler -   -> 0 reads (0.00% of total) failing MalformedReadFilter 
INFO  14:30:44,536 MicroScheduler -   -> 0 reads (0.00% of total) failing MappingQualityUnavailableFilter 
INFO  14:30:44,536 MicroScheduler -   -> 0 reads (0.00% of total) failing NotPrimaryAlignmentFilter 
INFO  14:30:44,536 MicroScheduler -   -> 0 reads (0.00% of total) failing UnmappedReadFilter 
