INFO  20:39:39,471 HelpFormatter - --------------------------------------------------------------------------------- 
INFO  20:39:39,476 HelpFormatter - The Genome Analysis Toolkit (GATK) v3.4-46-g8ea4dca, Compiled 2015/08/13 20:41:56 
INFO  20:39:39,476 HelpFormatter - Copyright (c) 2010 The Broad Institute 
INFO  20:39:39,476 HelpFormatter - For support and documentation go to http://www.broadinstitute.org/gatk 
INFO  20:39:39,489 HelpFormatter - Program Args: -T HaplotypeCaller -I /home/opt/data/broadout/FC1-NA12878-01_S1_L001_R1_001_gatk_best_practices_36t_30s_2015-11-05_19-14-59/FC1-NA12878-01_S1_L001_R1_001_realign.bam -L /home/beris/Broad_Ref_Pipeline_approved_package/workflow_profiler/.queue/scatterGather/ExampleHaplotypeCaller-1-sg/temp_35_of_36/scatter.intervals -R /home/beris/Broad_Ref_Pipeline_approved_package/homosapiensrefgenome/Homo_sapiens_assembly19.fasta -variant_index_type LINEAR -variant_index_parameter 128000 -o /home/beris/Broad_Ref_Pipeline_approved_package/workflow_profiler/.queue/scatterGather/ExampleHaplotypeCaller-1-sg/temp_35_of_36/FC1-NA12878-01_S1_L001_R1_001_realign.bam_HaplotypeCaller.g.vcf -ERC GVCF 
INFO  20:39:39,498 HelpFormatter - Executing as beris@dna on Linux 2.6.32-573.el6.x86_64 amd64; OpenJDK 64-Bit Server VM 1.7.0_79-mockbuild_2015_07_24_09_26-b00. 
INFO  20:39:39,498 HelpFormatter - Date/Time: 2015/11/05 20:39:39 
INFO  20:39:39,499 HelpFormatter - --------------------------------------------------------------------------------- 
INFO  20:39:39,499 HelpFormatter - --------------------------------------------------------------------------------- 
WARN  20:39:39,540 GATKVCFUtils - Naming your output file using the .g.vcf extension will automatically set the appropriate values  for --variant_index_type and --variant_index_parameter 
INFO  20:39:39,669 GenomeAnalysisEngine - Strictness is SILENT 
INFO  20:39:39,806 GenomeAnalysisEngine - Downsampling Settings: Method: BY_SAMPLE, Target Coverage: 500 
INFO  20:39:39,817 SAMDataSource$SAMReaders - Initializing SAMRecords in serial 
INFO  20:39:39,867 SAMDataSource$SAMReaders - Done initializing BAM readers: total time 0.05 
INFO  20:39:39,877 HCMappingQualityFilter - Filtering out reads with MAPQ < 20 
INFO  20:39:40,130 IntervalUtils - Processing 1017715 bp from intervals 
INFO  20:39:40,212 GenomeAnalysisEngine - Preparing for traversal over 1 BAM files 
INFO  20:39:40,471 GenomeAnalysisEngine - Done preparing for traversal 
INFO  20:39:40,472 ProgressMeter - [INITIALIZATION COMPLETE; STARTING PROCESSING] 
INFO  20:39:40,472 ProgressMeter -                 |      processed |    time |         per 1M |           |   total | remaining 
INFO  20:39:40,472 ProgressMeter -        Location | active regions | elapsed | active regions | completed | runtime |   runtime 
INFO  20:39:40,473 HaplotypeCaller - Standard Emitting and Calling confidence set to 0.0 for reference-model confidence output 
INFO  20:39:40,473 HaplotypeCaller - All sites annotated with PLs forced to true for reference-model confidence output 
INFO  20:39:40,628 HaplotypeCaller - Using global mismapping rate of 45 => -4.5 in log10 likelihood units 
Using AVX accelerated implementation of PairHMM
INFO  20:39:41,791 VectorLoglessPairHMM - libVectorLoglessPairHMM unpacked successfully from GATK jar file 
INFO  20:39:41,792 VectorLoglessPairHMM - Using vectorized implementation of PairHMM 
WARN  20:39:41,933 HaplotypeScore - Annotation will not be calculated, must be called from UnifiedGenotyper 
WARN  20:39:41,934 InbreedingCoeff - Annotation will not be calculated, must provide a valid PED file (-ped) from the command line. 
INFO  20:40:10,475 ProgressMeter -     22:29629406     1.11325683E8    30.0 s            0.0 s       21.0%     2.4 m     113.0 s 
INFO  20:40:40,478 ProgressMeter -     22:44277386      8.8698304E8    60.0 s            0.0 s       58.4%   102.0 s      42.0 s 
INFO  20:41:10,482 ProgressMeter -      X:23689795    1.406823832E9    90.0 s            0.0 s       92.7%    97.0 s       7.0 s 
INFO  20:41:16,248 VectorLoglessPairHMM - Time spent in setup for JNI call : 0.03020886 
INFO  20:41:16,248 PairHMM - Total compute time in PairHMM computeLikelihoods() : 4.457618339000001 
INFO  20:41:16,249 HaplotypeCaller - Ran local assembly on 10142 active regions 
INFO  20:41:16,256 ProgressMeter -            done    1.496432736E9    95.0 s            0.0 s      100.0%    95.0 s       0.0 s 
INFO  20:41:16,257 ProgressMeter - Total runtime 95.79 secs, 1.60 min, 0.03 hours 
INFO  20:41:16,257 MicroScheduler - 130938 reads were filtered out during the traversal out of approximately 463878 total reads (28.23%) 
INFO  20:41:16,258 MicroScheduler -   -> 0 reads (0.00% of total) failing BadCigarFilter 
INFO  20:41:16,258 MicroScheduler -   -> 111988 reads (24.14% of total) failing DuplicateReadFilter 
INFO  20:41:16,258 MicroScheduler -   -> 0 reads (0.00% of total) failing FailsVendorQualityCheckFilter 
INFO  20:41:16,258 MicroScheduler -   -> 18900 reads (4.07% of total) failing HCMappingQualityFilter 
INFO  20:41:16,259 MicroScheduler -   -> 0 reads (0.00% of total) failing MalformedReadFilter 
INFO  20:41:16,259 MicroScheduler -   -> 0 reads (0.00% of total) failing MappingQualityUnavailableFilter 
INFO  20:41:16,259 MicroScheduler -   -> 50 reads (0.01% of total) failing NotPrimaryAlignmentFilter 
INFO  20:41:16,260 MicroScheduler -   -> 0 reads (0.00% of total) failing UnmappedReadFilter 
