INFO  17:36:57,550 HelpFormatter - --------------------------------------------------------------------------------- 
INFO  17:36:57,566 HelpFormatter - The Genome Analysis Toolkit (GATK) v3.4-46-g8ea4dca, Compiled 2015/08/13 20:41:56 
INFO  17:36:57,567 HelpFormatter - Copyright (c) 2010 The Broad Institute 
INFO  17:36:57,567 HelpFormatter - For support and documentation go to http://www.broadinstitute.org/gatk 
INFO  17:36:57,570 HelpFormatter - Program Args: -T HaplotypeCaller -I /cluster_share/data/out/HG02769_gatk_best_practices_36t_30s_2016-11-28_15-18-37/HG02769_final.bam -L /cluster_share/data/Broad_Ref_Pipeline_approved_package/workflow_profiler/.queue/scatterGather/ExampleHaplotypeCaller-1-sg/temp_35_of_36/scatter.intervals -R /cluster_share/data/reference/b37bundle/human_g1k_v37.fasta -variant_index_type LINEAR -variant_index_parameter 128000 -o /cluster_share/data/Broad_Ref_Pipeline_approved_package/workflow_profiler/.queue/scatterGather/ExampleHaplotypeCaller-1-sg/temp_35_of_36/HG02769_HaplotypeCaller.g.vcf -ERC GVCF 
INFO  17:36:57,574 HelpFormatter - Executing as bshifaw@compute-1-1.hudson.intel.com on Linux 3.10.0-327.13.1.el7.x86_64 amd64; OpenJDK 64-Bit Server VM 1.8.0_111-b15. 
INFO  17:36:57,578 HelpFormatter - Date/Time: 2016/11/28 17:36:57 
INFO  17:36:57,578 HelpFormatter - --------------------------------------------------------------------------------- 
INFO  17:36:57,582 HelpFormatter - --------------------------------------------------------------------------------- 
WARN  17:36:57,588 GATKVCFUtils - Naming your output file using the .g.vcf extension will automatically set the appropriate values  for --variant_index_type and --variant_index_parameter 
INFO  17:36:57,834 GenomeAnalysisEngine - Strictness is SILENT 
INFO  17:36:58,087 GenomeAnalysisEngine - Downsampling Settings: Method: BY_SAMPLE, Target Coverage: 500 
INFO  17:36:58,133 SAMDataSource$SAMReaders - Initializing SAMRecords in serial 
INFO  17:36:58,238 SAMDataSource$SAMReaders - Done initializing BAM readers: total time 0.10 
INFO  17:36:58,343 HCMappingQualityFilter - Filtering out reads with MAPQ < 20 
INFO  17:36:58,507 IntervalUtils - Processing 1437965 bp from intervals 
INFO  17:36:58,772 GenomeAnalysisEngine - Preparing for traversal over 1 BAM files 
INFO  17:36:59,354 GenomeAnalysisEngine - Done preparing for traversal 
INFO  17:36:59,361 ProgressMeter - [INITIALIZATION COMPLETE; STARTING PROCESSING] 
INFO  17:36:59,362 ProgressMeter -                 |      processed |    time |         per 1M |           |   total | remaining 
INFO  17:36:59,362 ProgressMeter -        Location | active regions | elapsed | active regions | completed | runtime |   runtime 
INFO  17:36:59,369 HaplotypeCaller - Standard Emitting and Calling confidence set to 0.0 for reference-model confidence output 
INFO  17:36:59,371 HaplotypeCaller - All sites annotated with PLs forced to true for reference-model confidence output 
INFO  17:36:59,858 HaplotypeCaller - Using global mismapping rate of 45 => -4.5 in log10 likelihood units 
Using AVX accelerated implementation of PairHMM
INFO  17:37:03,479 VectorLoglessPairHMM - libVectorLoglessPairHMM unpacked successfully from GATK jar file 
INFO  17:37:03,480 VectorLoglessPairHMM - Using vectorized implementation of PairHMM 
WARN  17:37:04,098 HaplotypeScore - Annotation will not be calculated, must be called from UnifiedGenotyper 
WARN  17:37:04,098 InbreedingCoeff - Annotation will not be calculated, must provide a valid PED file (-ped) from the command line. 
INFO  17:37:29,387 ProgressMeter -     22:29664274        2397766.0    30.0 s           12.0 s        2.6%    18.9 m      18.4 m 
INFO  17:37:59,447 ProgressMeter -     22:32435874      4.8158632E7    60.0 s            1.0 s       12.0%     8.3 m       7.3 m 
INFO  17:38:29,448 ProgressMeter -     22:38327754     1.65021094E8    90.0 s            0.0 s       22.1%     6.8 m       5.3 m 
INFO  17:38:59,449 ProgressMeter -     22:43537239     4.62781108E8   120.0 s            0.0 s       36.9%     5.4 m       3.4 m 
INFO  17:39:29,450 ProgressMeter -        X:301448     8.74024762E8     2.5 m            0.0 s       53.4%     4.7 m       2.2 m 
INFO  17:39:59,452 ProgressMeter -      X:16170600     9.24548155E8     3.0 m            0.0 s       65.2%     4.6 m      95.0 s 
INFO  17:40:29,454 ProgressMeter -      X:38182754    1.142168178E9     3.5 m            0.0 s       81.2%     4.3 m      48.0 s 
INFO  17:40:54,658 VectorLoglessPairHMM - Time spent in setup for JNI call : 0.147301661 
INFO  17:40:54,659 PairHMM - Total compute time in PairHMM computeLikelihoods() : 20.825032445 
INFO  17:40:54,659 HaplotypeCaller - Ran local assembly on 8509 active regions 
INFO  17:40:54,673 ProgressMeter -            done    1.545024839E9     3.9 m            0.0 s      100.0%     3.9 m       0.0 s 
INFO  17:40:54,673 ProgressMeter - Total runtime 235.31 secs, 3.92 min, 0.07 hours 
INFO  17:40:54,674 MicroScheduler - 661568 reads were filtered out during the traversal out of approximately 2762194 total reads (23.95%) 
INFO  17:40:54,674 MicroScheduler -   -> 0 reads (0.00% of total) failing BadCigarFilter 
INFO  17:40:54,675 MicroScheduler -   -> 348147 reads (12.60% of total) failing DuplicateReadFilter 
INFO  17:40:54,675 MicroScheduler -   -> 0 reads (0.00% of total) failing FailsVendorQualityCheckFilter 
INFO  17:40:54,675 MicroScheduler -   -> 313145 reads (11.34% of total) failing HCMappingQualityFilter 
INFO  17:40:54,676 MicroScheduler -   -> 0 reads (0.00% of total) failing MalformedReadFilter 
INFO  17:40:54,676 MicroScheduler -   -> 0 reads (0.00% of total) failing MappingQualityUnavailableFilter 
INFO  17:40:54,676 MicroScheduler -   -> 276 reads (0.01% of total) failing NotPrimaryAlignmentFilter 
INFO  17:40:54,677 MicroScheduler -   -> 0 reads (0.00% of total) failing UnmappedReadFilter 
