INFO  20:48:06,092 HelpFormatter - --------------------------------------------------------------------------------- 
INFO  20:48:06,117 HelpFormatter - The Genome Analysis Toolkit (GATK) v3.4-46-g8ea4dca, Compiled 2015/08/13 20:41:56 
INFO  20:48:06,125 HelpFormatter - Copyright (c) 2010 The Broad Institute 
INFO  20:48:06,125 HelpFormatter - For support and documentation go to http://www.broadinstitute.org/gatk 
INFO  20:48:06,128 HelpFormatter - Program Args: -T HaplotypeCaller -I /mnt/nvme0n1/data/broadout/HG02771_gatk_best_practices_8t_30s_2016-07-06_18-21-02/HG02771_final.bam -L /mnt/nvme0n1/Broad_Ref_Pipeline_approved_package/workflow_profiler/.queue/scatterGather/ExampleHaplotypeCaller-1-sg/temp_11_of_36/scatter.intervals -R /mnt/nvme0n1/Broad_Ref_Pipeline_approved_package/b37bundle/human_g1k_v37.fasta -variant_index_type LINEAR -variant_index_parameter 128000 -o /mnt/nvme0n1/Broad_Ref_Pipeline_approved_package/workflow_profiler/.queue/scatterGather/ExampleHaplotypeCaller-1-sg/temp_11_of_36/HG02771_HaplotypeCaller.g.vcf -ERC GVCF 
INFO  20:48:06,174 HelpFormatter - Executing as bshifaw@application-1-1.hudson.intel.com on Linux 3.10.0-327.el7.x86_64 amd64; OpenJDK 64-Bit Server VM 1.8.0_91-b14. 
INFO  20:48:06,181 HelpFormatter - Date/Time: 2016/07/06 20:48:06 
INFO  20:48:06,181 HelpFormatter - --------------------------------------------------------------------------------- 
INFO  20:48:06,182 HelpFormatter - --------------------------------------------------------------------------------- 
WARN  20:48:06,210 GATKVCFUtils - Naming your output file using the .g.vcf extension will automatically set the appropriate values  for --variant_index_type and --variant_index_parameter 
INFO  20:48:06,657 GenomeAnalysisEngine - Strictness is SILENT 
INFO  20:48:07,348 GenomeAnalysisEngine - Downsampling Settings: Method: BY_SAMPLE, Target Coverage: 500 
INFO  20:48:07,360 SAMDataSource$SAMReaders - Initializing SAMRecords in serial 
INFO  20:48:07,620 SAMDataSource$SAMReaders - Done initializing BAM readers: total time 0.26 
INFO  20:48:07,687 HCMappingQualityFilter - Filtering out reads with MAPQ < 20 
INFO  20:48:08,124 IntervalUtils - Processing 1437965 bp from intervals 
INFO  20:48:08,904 GenomeAnalysisEngine - Preparing for traversal over 1 BAM files 
INFO  20:48:09,869 GenomeAnalysisEngine - Done preparing for traversal 
INFO  20:48:09,919 ProgressMeter - [INITIALIZATION COMPLETE; STARTING PROCESSING] 
INFO  20:48:09,920 ProgressMeter -                 |      processed |    time |         per 1M |           |   total | remaining 
INFO  20:48:09,921 ProgressMeter -        Location | active regions | elapsed | active regions | completed | runtime |   runtime 
INFO  20:48:09,937 HaplotypeCaller - Standard Emitting and Calling confidence set to 0.0 for reference-model confidence output 
INFO  20:48:09,944 HaplotypeCaller - All sites annotated with PLs forced to true for reference-model confidence output 
INFO  20:48:11,021 HaplotypeCaller - Using global mismapping rate of 45 => -4.5 in log10 likelihood units 
INFO  20:48:41,496 ProgressMeter -      5:36255520          76580.0    31.0 s            6.9 m        0.4%     2.1 h       2.1 h 
Using AVX accelerated implementation of PairHMM
INFO  20:48:42,079 VectorLoglessPairHMM - libVectorLoglessPairHMM unpacked successfully from GATK jar file 
INFO  20:48:42,081 VectorLoglessPairHMM - Using vectorized implementation of PairHMM 
WARN  20:48:43,839 HaplotypeScore - Annotation will not be calculated, must be called from UnifiedGenotyper 
WARN  20:48:43,839 InbreedingCoeff - Annotation will not be calculated, must provide a valid PED file (-ped) from the command line. 
INFO  20:49:11,508 ProgressMeter -      5:36680445         207955.0    61.0 s            4.9 m        0.7%     2.5 h       2.5 h 
INFO  20:49:41,509 ProgressMeter -      5:37331735        2634720.0    91.0 s           34.0 s        2.7%    56.5 m      55.0 m 
INFO  20:50:11,510 ProgressMeter -      5:39119587        9730632.0     2.0 m           12.0 s        5.0%    40.4 m      38.4 m 
INFO  20:50:41,511 ProgressMeter -      5:42719203      2.6077392E7     2.5 m            5.0 s        8.4%    30.1 m      27.6 m 
INFO  20:51:11,512 ProgressMeter -      5:52780014      5.4470515E7     3.0 m            3.0 s       12.1%    24.9 m      21.8 m 
INFO  20:51:51,513 ProgressMeter -      5:61657309     1.19582151E8     3.7 m            1.0 s       18.0%    20.4 m      16.7 m 
INFO  20:52:31,514 ProgressMeter -      5:70370134     2.51769383E8     4.4 m            1.0 s       25.9%    16.8 m      12.5 m 
INFO  20:53:11,515 ProgressMeter -      5:74893520     3.72266297E8     5.0 m            0.0 s       32.0%    15.7 m      10.7 m 
INFO  20:53:51,516 ProgressMeter -      5:79374886     5.10484258E8     5.7 m            0.0 s       37.9%    15.0 m       9.3 m 
INFO  20:54:31,517 ProgressMeter -      5:92929216     7.26300094E8     6.4 m            0.0 s       45.4%    14.0 m       7.6 m 
INFO  20:55:01,518 ProgressMeter -      5:98236863     9.11888832E8     6.9 m            0.0 s       50.6%    13.5 m       6.7 m 
INFO  20:55:31,519 ProgressMeter -     5:112337406    1.114774567E9     7.4 m            0.0 s       55.8%    13.2 m       5.8 m 
INFO  20:56:01,520 ProgressMeter -     5:118580002    1.278501448E9     7.9 m            0.0 s       59.8%    13.1 m       5.3 m 
INFO  20:56:31,522 ProgressMeter -     5:127595095     1.48860186E9     8.4 m            0.0 s       64.4%    13.0 m       4.6 m 
INFO  20:57:01,523 ProgressMeter -     5:131719787    1.695853907E9     8.9 m            0.0 s       68.5%    12.9 m       4.1 m 
INFO  20:57:31,524 ProgressMeter -     5:134296224    1.968711876E9     9.4 m            0.0 s       73.9%    12.7 m       3.3 m 
INFO  20:58:01,546 ProgressMeter -     5:137480814    2.138047613E9     9.9 m            0.0 s       77.0%    12.8 m       2.9 m 
INFO  20:58:31,547 ProgressMeter -     5:139752280    2.405513844E9    10.4 m            0.0 s       82.5%    12.5 m       2.2 m 
INFO  20:59:01,573 ProgressMeter -     5:140230209    2.517830798E9    10.9 m            0.0 s       86.6%    12.5 m     100.0 s 
INFO  20:59:31,575 ProgressMeter -     5:140718487    2.554816696E9    11.4 m            0.0 s       90.8%    12.5 m      68.0 s 
INFO  21:00:01,576 ProgressMeter -     5:141016306    2.629236825E9    11.9 m            0.0 s       95.3%    12.4 m      35.0 s 
INFO  21:00:23,212 VectorLoglessPairHMM - Time spent in setup for JNI call : 0.548711162 
INFO  21:00:23,213 PairHMM - Total compute time in PairHMM computeLikelihoods() : 45.764674214 
INFO  21:00:23,213 HaplotypeCaller - Ran local assembly on 8156 active regions 
INFO  21:00:23,224 ProgressMeter -            done    2.915152669E9    12.2 m            0.0 s      100.0%    12.2 m       0.0 s 
INFO  21:00:23,225 ProgressMeter - Total runtime 733.31 secs, 12.22 min, 0.20 hours 
INFO  21:00:23,225 MicroScheduler - 406611 reads were filtered out during the traversal out of approximately 2410004 total reads (16.87%) 
INFO  21:00:23,226 MicroScheduler -   -> 0 reads (0.00% of total) failing BadCigarFilter 
INFO  21:00:23,226 MicroScheduler -   -> 300671 reads (12.48% of total) failing DuplicateReadFilter 
INFO  21:00:23,226 MicroScheduler -   -> 0 reads (0.00% of total) failing FailsVendorQualityCheckFilter 
INFO  21:00:23,227 MicroScheduler -   -> 105773 reads (4.39% of total) failing HCMappingQualityFilter 
INFO  21:00:23,227 MicroScheduler -   -> 0 reads (0.00% of total) failing MalformedReadFilter 
INFO  21:00:23,228 MicroScheduler -   -> 0 reads (0.00% of total) failing MappingQualityUnavailableFilter 
INFO  21:00:23,228 MicroScheduler -   -> 167 reads (0.01% of total) failing NotPrimaryAlignmentFilter 
INFO  21:00:23,236 MicroScheduler -   -> 0 reads (0.00% of total) failing UnmappedReadFilter 
