INFO  07:30:26,402 HelpFormatter - --------------------------------------------------------------------------------- 
INFO  07:30:26,404 HelpFormatter - The Genome Analysis Toolkit (GATK) v3.4-46-g8ea4dca, Compiled 2015/08/13 20:41:56 
INFO  07:30:26,404 HelpFormatter - Copyright (c) 2010 The Broad Institute 
INFO  07:30:26,405 HelpFormatter - For support and documentation go to http://www.broadinstitute.org/gatk 
INFO  07:30:26,409 HelpFormatter - Program Args: -T BaseRecalibrator -I /mnt/ssdbroad/output/Solexa-272221_gatk_best_practices_36t_30s_2016-02-11_11-59-19/Solexa-272221_realign.bam -L /mnt/ssdbroad/Broad_Ref_Pipeline_approved_package/workflow_profiler/.queue/scatterGather/ExampleBaseRecalibrator-1-sg/temp_18_of_36/scatter.intervals -R /mnt/ssdbroad/Broad_Ref_Pipeline_approved_package/homosapiensrefgenome/Homo_sapiens_assembly19.fasta -knownSites /mnt/ssdbroad/Broad_Ref_Pipeline_approved_package/homosapiensrefgenome/Homo_sapiens_assembly19.dbsnp.vcf -o /mnt/ssdbroad/Broad_Ref_Pipeline_approved_package/workflow_profiler/.queue/scatterGather/ExampleBaseRecalibrator-1-sg/temp_18_of_36/Solexa-272221_recal.grp 
INFO  07:30:26,419 HelpFormatter - Executing as beris@dna on Linux 2.6.32-573.el6.x86_64 amd64; OpenJDK 64-Bit Server VM 1.7.0_79-mockbuild_2015_07_24_09_26-b00. 
INFO  07:30:26,420 HelpFormatter - Date/Time: 2016/02/12 07:30:26 
INFO  07:30:26,420 HelpFormatter - --------------------------------------------------------------------------------- 
INFO  07:30:26,420 HelpFormatter - --------------------------------------------------------------------------------- 
INFO  07:30:26,529 GenomeAnalysisEngine - Strictness is SILENT 
INFO  07:30:26,659 GenomeAnalysisEngine - Downsampling Settings: No downsampling 
INFO  07:30:26,668 SAMDataSource$SAMReaders - Initializing SAMRecords in serial 
INFO  07:30:26,724 SAMDataSource$SAMReaders - Done initializing BAM readers: total time 0.06 
INFO  07:30:26,965 IntervalUtils - Processing 78077248 bp from intervals 
INFO  07:30:27,092 GenomeAnalysisEngine - Preparing for traversal over 1 BAM files 
INFO  07:30:28,259 GenomeAnalysisEngine - Done preparing for traversal 
INFO  07:30:28,267 ProgressMeter - [INITIALIZATION COMPLETE; STARTING PROCESSING] 
INFO  07:30:28,267 ProgressMeter -                 | processed |    time |    per 1M |           |   total | remaining 
INFO  07:30:28,267 ProgressMeter -        Location |     reads | elapsed |     reads | completed | runtime |   runtime 
INFO  07:30:28,391 BaseRecalibrator - The covariates being used here:  
INFO  07:30:28,399 BaseRecalibrator - 	ReadGroupCovariate 
INFO  07:30:28,400 BaseRecalibrator - 	QualityScoreCovariate 
INFO  07:30:28,400 BaseRecalibrator - 	ContextCovariate 
INFO  07:30:28,400 ContextCovariate - 		Context sizes: base substitution model 2, indel substitution model 3 
INFO  07:30:28,400 BaseRecalibrator - 	CycleCovariate 
INFO  07:30:28,403 ReadShardBalancer$1 - Loading BAM index data 
INFO  07:30:29,343 ReadShardBalancer$1 - Done loading BAM index data 
INFO  07:31:01,630 ProgressMeter -       18:107666         0.0    33.0 s      55.2 w        0.1%     6.6 h       6.6 h 
INFO  07:31:31,632 ProgressMeter -       18:196286    100184.0    63.0 s      10.5 m        0.3%     7.0 h       6.9 h 
INFO  07:32:01,687 ProgressMeter -       18:876095    300187.0    93.0 s       5.2 m        1.1%     2.3 h       2.3 h 
INFO  07:32:31,689 ProgressMeter -      18:1851425    500189.0     2.1 m       4.1 m        2.4%    86.5 m      84.4 m 
INFO  07:33:01,691 ProgressMeter -      18:2761412    700191.0     2.6 m       3.7 m        3.5%    72.1 m      69.5 m 
INFO  07:33:31,692 ProgressMeter -      18:3623958    900193.0     3.1 m       3.4 m        4.6%    65.7 m      62.7 m 
INFO  07:34:01,794 ProgressMeter -      18:4524134   1200196.0     3.6 m       3.0 m        5.8%    61.3 m      57.7 m 
INFO  07:34:31,796 ProgressMeter -      18:5479460   1400199.0     4.1 m       2.9 m        7.0%    57.7 m      53.7 m 
INFO  07:35:01,797 ProgressMeter -      18:6364364   1600201.0     4.6 m       2.8 m        8.2%    55.8 m      51.3 m 
INFO  07:35:31,799 ProgressMeter -      18:7365479   1800203.0     5.1 m       2.8 m        9.4%    53.5 m      48.5 m 
INFO  07:36:01,800 ProgressMeter -      18:8307992   2100206.0     5.6 m       2.6 m       10.6%    52.2 m      46.6 m 
INFO  07:36:31,801 ProgressMeter -      18:9311908   2300213.0     6.1 m       2.6 m       11.9%    50.7 m      44.7 m 
INFO  07:37:03,829 ProgressMeter -     18:10270971   2500216.0     6.6 m       2.6 m       13.2%    50.0 m      43.5 m 
INFO  07:37:33,831 ProgressMeter -     18:11224218   2700218.0     7.1 m       2.6 m       14.4%    49.3 m      42.2 m 
INFO  07:38:03,832 ProgressMeter -     18:12178703   3000221.0     7.6 m       2.5 m       15.6%    48.6 m      41.0 m 
INFO  07:38:33,891 ProgressMeter -     18:13200281   3200224.0     8.1 m       2.5 m       16.9%    47.8 m      39.7 m 
INFO  07:39:03,893 ProgressMeter -     18:14175228   3400226.0     8.6 m       2.5 m       18.2%    47.3 m      38.7 m 
INFO  07:39:33,895 ProgressMeter -     18:15156534   3700229.0     9.1 m       2.5 m       19.4%    46.8 m      37.7 m 
INFO  07:40:03,920 ProgressMeter -     18:18515085   3800235.0     9.6 m       2.5 m       23.7%    40.4 m      30.8 m 
INFO  07:40:33,922 ProgressMeter -     18:18517843   4000714.0    10.1 m       2.5 m       23.7%    42.5 m      32.4 m 
INFO  07:41:03,923 ProgressMeter -     18:18519445   4200740.0    10.6 m       2.5 m       23.7%    44.6 m      34.0 m 
INFO  07:41:33,924 ProgressMeter -     18:18847455   4300797.0    11.1 m       2.6 m       24.1%    45.9 m      34.8 m 
INFO  07:42:03,926 ProgressMeter -     18:19880753   4600802.0    11.6 m       2.5 m       25.5%    45.5 m      33.9 m 
INFO  07:42:33,927 ProgressMeter -     18:20850957   4800805.0    12.1 m       2.5 m       26.7%    45.2 m      33.2 m 
INFO  07:43:03,928 ProgressMeter -     18:21863901   5100808.0    12.6 m       2.5 m       28.0%    44.9 m      32.4 m 
INFO  07:43:33,929 ProgressMeter -     18:22901094   5300810.0    13.1 m       2.5 m       29.3%    44.6 m      31.5 m 
INFO  07:44:03,931 ProgressMeter -     18:23888516   5500812.0    13.6 m       2.5 m       30.6%    44.4 m      30.8 m 
INFO  07:44:33,933 ProgressMeter -     18:24844349   5800815.0    14.1 m       2.4 m       31.8%    44.3 m      30.2 m 
INFO  07:45:03,934 ProgressMeter -     18:25849597   6000817.0    14.6 m       2.4 m       33.1%    44.0 m      29.5 m 
INFO  07:45:33,936 ProgressMeter -     18:26838211   6300820.0    15.1 m       2.4 m       34.4%    43.9 m      28.8 m 
INFO  07:46:03,937 ProgressMeter -     18:27842104   6500822.0    15.6 m       2.4 m       35.7%    43.7 m      28.1 m 
INFO  07:46:33,938 ProgressMeter -     18:28823358   6700824.0    16.1 m       2.4 m       36.9%    43.6 m      27.5 m 
INFO  07:47:03,939 ProgressMeter -     18:29810949   7000827.0    16.6 m       2.4 m       38.2%    43.4 m      26.8 m 
INFO  07:47:33,941 ProgressMeter -     18:30855605   7200829.0    17.1 m       2.4 m       39.5%    43.2 m      26.1 m 
INFO  07:48:03,942 ProgressMeter -     18:31870812   7500832.0    17.6 m       2.3 m       40.8%    43.1 m      25.5 m 
INFO  07:48:33,960 ProgressMeter -     18:32937187   7700835.0    18.1 m       2.3 m       42.2%    42.9 m      24.8 m 
INFO  07:49:03,962 ProgressMeter -     18:33944381   8000838.0    18.6 m       2.3 m       43.5%    42.7 m      24.2 m 
INFO  07:49:33,963 ProgressMeter -     18:35010805   8200840.0    19.1 m       2.3 m       44.8%    42.6 m      23.5 m 
INFO  07:50:03,965 ProgressMeter -     18:36068128   8500844.0    19.6 m       2.3 m       46.2%    42.4 m      22.8 m 
INFO  07:50:33,967 ProgressMeter -     18:37081708   8700846.0    20.1 m       2.3 m       47.5%    42.3 m      22.2 m 
INFO  07:51:03,968 ProgressMeter -     18:38124058   8900848.0    20.6 m       2.3 m       48.8%    42.2 m      21.6 m 
INFO  07:51:33,970 ProgressMeter -     18:39141146   9200854.0    21.1 m       2.3 m       50.1%    42.1 m      21.0 m 
INFO  07:52:03,972 ProgressMeter -     18:40177105   9400856.0    21.6 m       2.3 m       51.5%    41.9 m      20.4 m 
INFO  07:52:33,974 ProgressMeter -     18:41196234   9700860.0    22.1 m       2.3 m       52.8%    41.9 m      19.8 m 
INFO  07:53:03,975 ProgressMeter -     18:42237120   9900863.0    22.6 m       2.3 m       54.1%    41.7 m      19.2 m 
INFO  07:53:33,976 ProgressMeter -     18:43232712   1.0200867E7    23.1 m       2.3 m       55.4%    41.7 m      18.6 m 
INFO  07:54:03,978 ProgressMeter -     18:44299759   1.0400869E7    23.6 m       2.3 m       56.7%    41.6 m      18.0 m 
INFO  07:54:33,980 ProgressMeter -     18:45318157   1.0700873E7    24.1 m       2.3 m       58.0%    41.5 m      17.4 m 
INFO  07:55:03,981 ProgressMeter -     18:46358460   1.0900875E7    24.6 m       2.3 m       59.4%    41.4 m      16.8 m 
INFO  07:55:33,982 ProgressMeter -     18:47408421   1.1100877E7    25.1 m       2.3 m       60.7%    41.3 m      16.2 m 
INFO  07:56:03,983 ProgressMeter -     18:48405819   1.1400881E7    25.6 m       2.2 m       62.0%    41.3 m      15.7 m 
INFO  07:56:33,985 ProgressMeter -     18:49378071   1.1600883E7    26.1 m       2.2 m       63.2%    41.2 m      15.2 m 
INFO  07:57:03,987 ProgressMeter -     18:50335779   1.1800886E7    26.6 m       2.3 m       64.5%    41.2 m      14.7 m 
INFO  07:57:34,008 ProgressMeter -     18:51280746   1.210089E7    27.1 m       2.2 m       65.7%    41.2 m      14.2 m 
INFO  07:58:04,010 ProgressMeter -     18:52384299   1.2300892E7    27.6 m       2.2 m       67.1%    41.1 m      13.5 m 
INFO  07:58:34,011 ProgressMeter -     18:53370331   1.2500896E7    28.1 m       2.2 m       68.4%    41.1 m      13.0 m 
INFO  07:59:04,013 ProgressMeter -     18:54396469   1.28009E7    28.6 m       2.2 m       69.7%    41.0 m      12.4 m 
INFO  07:59:34,015 ProgressMeter -     18:55407816   1.3000903E7    29.1 m       2.2 m       71.0%    41.0 m      11.9 m 
INFO  08:00:04,016 ProgressMeter -     18:56364019   1.3300907E7    29.6 m       2.2 m       72.2%    41.0 m      11.4 m 
INFO  08:00:34,018 ProgressMeter -     18:57355846   1.3500909E7    30.1 m       2.2 m       73.5%    41.0 m      10.9 m 
INFO  08:01:04,113 ProgressMeter -     18:58351836   1.3700911E7    30.6 m       2.2 m       74.7%    40.9 m      10.3 m 
INFO  08:01:34,114 ProgressMeter -     18:59324148   1.4000915E7    31.1 m       2.2 m       76.0%    40.9 m       9.8 m 
INFO  08:02:04,115 ProgressMeter -     18:60380237   1.4200917E7    31.6 m       2.2 m       77.3%    40.8 m       9.3 m 
INFO  08:02:34,116 ProgressMeter -     18:61377341   1.4500921E7    32.1 m       2.2 m       78.6%    40.8 m       8.7 m 
INFO  08:03:04,118 ProgressMeter -     18:62376805   1.4700923E7    32.6 m       2.2 m       79.9%    40.8 m       8.2 m 
INFO  08:03:34,119 ProgressMeter -     18:63390851   1.5000926E7    33.1 m       2.2 m       81.2%    40.7 m       7.7 m 
INFO  08:04:04,121 ProgressMeter -     18:64419882   1.5200929E7    33.6 m       2.2 m       82.5%    40.7 m       7.1 m 
INFO  08:04:34,122 ProgressMeter -     18:65415223   1.5500933E7    34.1 m       2.2 m       83.8%    40.7 m       6.6 m 
INFO  08:05:04,123 ProgressMeter -     18:66378992   1.5700935E7    34.6 m       2.2 m       85.0%    40.7 m       6.1 m 
INFO  08:05:34,124 ProgressMeter -     18:67384468   1.5900937E7    35.1 m       2.2 m       86.3%    40.7 m       5.6 m 
INFO  08:06:04,126 ProgressMeter -     18:68388546   1.6200941E7    35.6 m       2.2 m       87.6%    40.6 m       5.0 m 
INFO  08:06:34,279 ProgressMeter -     18:69375770   1.6400943E7    36.1 m       2.2 m       88.9%    40.6 m       4.5 m 
INFO  08:07:04,280 ProgressMeter -     18:70381357   1.6600946E7    36.6 m       2.2 m       90.1%    40.6 m       4.0 m 
INFO  08:07:34,288 ProgressMeter -     18:71366339   1.6900949E7    37.1 m       2.2 m       91.4%    40.6 m       3.5 m 
INFO  08:08:04,289 ProgressMeter -     18:72424112   1.7100952E7    37.6 m       2.2 m       92.8%    40.5 m       2.9 m 
INFO  08:08:34,364 ProgressMeter -     18:73457116   1.7400955E7    38.1 m       2.2 m       94.1%    40.5 m       2.4 m 
INFO  08:09:04,367 ProgressMeter -     18:74500388   1.7600957E7    38.6 m       2.2 m       95.4%    40.5 m     111.0 s 
INFO  08:09:34,369 ProgressMeter -     18:75533905   1.780096E7    39.1 m       2.2 m       96.7%    40.4 m      78.0 s 
INFO  08:10:04,370 ProgressMeter -     18:76568266   1.8100963E7    39.6 m       2.2 m       98.1%    40.4 m      46.0 s 
INFO  08:10:34,372 ProgressMeter -     18:77641072   1.8300965E7    40.1 m       2.2 m       99.4%    40.3 m      13.0 s 
INFO  08:10:44,506 BaseRecalibrator - Calculating quantized quality scores... 
INFO  08:10:44,559 BaseRecalibrator - Writing recalibration report... 
INFO  08:10:45,922 BaseRecalibrator - ...done! 
INFO  08:10:45,922 BaseRecalibrator - BaseRecalibrator was able to recalibrate 18460376 reads 
INFO  08:10:45,923 ProgressMeter -            done   1.8460376E7    40.3 m       2.2 m       99.9%    40.3 m       1.0 s 
INFO  08:10:45,923 ProgressMeter - Total runtime 2417.66 secs, 40.29 min, 0.67 hours 
INFO  08:10:45,923 MicroScheduler - 3299760 reads were filtered out during the traversal out of approximately 21760136 total reads (15.16%) 
INFO  08:10:45,924 MicroScheduler -   -> 0 reads (0.00% of total) failing BadCigarFilter 
INFO  08:10:45,924 MicroScheduler -   -> 2723450 reads (12.52% of total) failing DuplicateReadFilter 
INFO  08:10:45,924 MicroScheduler -   -> 0 reads (0.00% of total) failing FailsVendorQualityCheckFilter 
INFO  08:10:45,924 MicroScheduler -   -> 0 reads (0.00% of total) failing MalformedReadFilter 
INFO  08:10:45,924 MicroScheduler -   -> 0 reads (0.00% of total) failing MappingQualityUnavailableFilter 
INFO  08:10:45,925 MicroScheduler -   -> 523318 reads (2.40% of total) failing MappingQualityZeroFilter 
INFO  08:10:45,925 MicroScheduler -   -> 52992 reads (0.24% of total) failing NotPrimaryAlignmentFilter 
INFO  08:10:45,925 MicroScheduler -   -> 0 reads (0.00% of total) failing UnmappedReadFilter 
