INFO  20:24:02,117 HelpFormatter - --------------------------------------------------------------------------------- 
INFO  20:24:02,131 HelpFormatter - The Genome Analysis Toolkit (GATK) v3.4-46-g8ea4dca, Compiled 2015/08/13 20:41:56 
INFO  20:24:02,131 HelpFormatter - Copyright (c) 2010 The Broad Institute 
INFO  20:24:02,131 HelpFormatter - For support and documentation go to http://www.broadinstitute.org/gatk 
INFO  20:24:02,138 HelpFormatter - Program Args: -T PrintReads -I /home/opt/data/broadout/FC1-NA12878-01_S1_L001_R1_001_gatk_best_practices_36t_30s_2015-11-05_19-14-59/FC1-NA12878-01_S1_L001_R1_001_realign.bam -L /home/beris/Broad_Ref_Pipeline_approved_package/workflow_profiler/.queue/scatterGather/ExamplePrintReads-1-sg/temp_19_of_36/scatter.intervals -R /home/beris/Broad_Ref_Pipeline_approved_package/homosapiensrefgenome/Homo_sapiens_assembly19.fasta -BQSR /home/opt/data/broadout/FC1-NA12878-01_S1_L001_R1_001_gatk_best_practices_36t_30s_2015-11-05_19-14-59/FC1-NA12878-01_S1_L001_R1_001_recal.grp -o /home/beris/Broad_Ref_Pipeline_approved_package/workflow_profiler/.queue/scatterGather/ExamplePrintReads-1-sg/temp_19_of_36/FC1-NA12878-01_S1_L001_R1_001_final.bam 
INFO  20:24:02,164 HelpFormatter - Executing as beris@dna on Linux 2.6.32-573.el6.x86_64 amd64; OpenJDK 64-Bit Server VM 1.7.0_79-mockbuild_2015_07_24_09_26-b00. 
INFO  20:24:02,164 HelpFormatter - Date/Time: 2015/11/05 20:24:02 
INFO  20:24:02,164 HelpFormatter - --------------------------------------------------------------------------------- 
INFO  20:24:02,165 HelpFormatter - --------------------------------------------------------------------------------- 
INFO  20:24:02,326 GenomeAnalysisEngine - Strictness is SILENT 
INFO  20:24:03,339 ContextCovariate - 		Context sizes: base substitution model 2, indel substitution model 3 
INFO  20:24:03,376 GenomeAnalysisEngine - Downsampling Settings: No downsampling 
INFO  20:24:03,387 SAMDataSource$SAMReaders - Initializing SAMRecords in serial 
INFO  20:24:03,505 SAMDataSource$SAMReaders - Done initializing BAM readers: total time 0.12 
INFO  20:24:03,526 IntervalUtils - Processing 59128983 bp from intervals 
INFO  20:24:03,608 GenomeAnalysisEngine - Preparing for traversal over 1 BAM files 
INFO  20:24:04,012 GenomeAnalysisEngine - Done preparing for traversal 
INFO  20:24:04,013 ProgressMeter - [INITIALIZATION COMPLETE; STARTING PROCESSING] 
INFO  20:24:04,013 ProgressMeter -                 | processed |    time |    per 1M |           |   total | remaining 
INFO  20:24:04,014 ProgressMeter -        Location |     reads | elapsed |     reads | completed | runtime |   runtime 
INFO  20:24:04,028 ReadShardBalancer$1 - Loading BAM index data 
INFO  20:24:04,491 ReadShardBalancer$1 - Done loading BAM index data 
INFO  20:24:34,018 ProgressMeter -      19:6702596    100001.0    30.0 s       5.0 m       11.3%     4.4 m       3.9 m 
INFO  20:25:04,019 ProgressMeter -     19:18897419    400015.0    60.0 s       2.5 m       32.0%     3.1 m       2.1 m 
INFO  20:25:34,020 ProgressMeter -     19:42729290    700023.0    90.0 s       2.1 m       72.3%     2.1 m      34.0 s 
INFO  20:26:04,021 ProgressMeter -     19:56172062   1100035.0   120.0 s     109.0 s       95.0%     2.1 m       6.0 s 
INFO  20:26:09,942 Walker - [REDUCE RESULT] Traversal result is: org.broadinstitute.gatk.engine.io.stubs.SAMFileWriterStub@511697b7 
INFO  20:26:10,042 ProgressMeter -            done   1220762.0     2.1 m     103.0 s      100.0%     2.1 m       0.0 s 
INFO  20:26:10,042 ProgressMeter - Total runtime 126.03 secs, 2.10 min, 0.04 hours 
INFO  20:26:10,043 MicroScheduler - 0 reads were filtered out during the traversal out of approximately 1220762 total reads (0.00%) 
INFO  20:26:10,044 MicroScheduler -   -> 0 reads (0.00% of total) failing BadCigarFilter 
INFO  20:26:10,044 MicroScheduler -   -> 0 reads (0.00% of total) failing MalformedReadFilter 
