INFO  20:06:28,794 HelpFormatter - --------------------------------------------------------------------------------- 
INFO  20:06:28,838 HelpFormatter - The Genome Analysis Toolkit (GATK) v3.4-46-g8ea4dca, Compiled 2015/08/13 20:41:56 
INFO  20:06:28,849 HelpFormatter - Copyright (c) 2010 The Broad Institute 
INFO  20:06:28,849 HelpFormatter - For support and documentation go to http://www.broadinstitute.org/gatk 
INFO  20:06:28,855 HelpFormatter - Program Args: -T PrintReads -I /mnt/nvme0n1/data/broadout/HG02561_gatk_best_practices_8t_30s_2016-07-06_18-21-00/HG02561_realign.bam -L /mnt/nvme0n1/Broad_Ref_Pipeline_approved_package/workflow_profiler/.queue/scatterGather/ExamplePrintReads-1-sg/temp_19_of_36/scatter.intervals -R /mnt/nvme0n1/Broad_Ref_Pipeline_approved_package/b37bundle/human_g1k_v37.fasta -BQSR /mnt/nvme0n1/data/broadout/HG02561_gatk_best_practices_8t_30s_2016-07-06_18-21-00/HG02561_recal.grp -o /mnt/nvme0n1/Broad_Ref_Pipeline_approved_package/workflow_profiler/.queue/scatterGather/ExamplePrintReads-1-sg/temp_19_of_36/HG02561_final.bam 
INFO  20:06:28,918 HelpFormatter - Executing as bshifaw@application-1-1.hudson.intel.com on Linux 3.10.0-327.el7.x86_64 amd64; OpenJDK 64-Bit Server VM 1.8.0_91-b14. 
INFO  20:06:28,940 HelpFormatter - Date/Time: 2016/07/06 20:06:28 
INFO  20:06:28,948 HelpFormatter - --------------------------------------------------------------------------------- 
INFO  20:06:28,949 HelpFormatter - --------------------------------------------------------------------------------- 
INFO  20:06:29,583 GenomeAnalysisEngine - Strictness is SILENT 
INFO  20:06:32,662 ContextCovariate - 		Context sizes: base substitution model 2, indel substitution model 3 
INFO  20:06:33,100 GenomeAnalysisEngine - Downsampling Settings: No downsampling 
INFO  20:06:33,185 SAMDataSource$SAMReaders - Initializing SAMRecords in serial 
INFO  20:06:33,487 SAMDataSource$SAMReaders - Done initializing BAM readers: total time 0.30 
INFO  20:06:33,580 IntervalUtils - Processing 59128983 bp from intervals 
INFO  20:06:34,063 GenomeAnalysisEngine - Preparing for traversal over 1 BAM files 
INFO  20:06:34,763 GenomeAnalysisEngine - Done preparing for traversal 
INFO  20:06:34,767 ProgressMeter - [INITIALIZATION COMPLETE; STARTING PROCESSING] 
INFO  20:06:34,768 ProgressMeter -                 | processed |    time |    per 1M |           |   total | remaining 
INFO  20:06:34,769 ProgressMeter -        Location |     reads | elapsed |     reads | completed | runtime |   runtime 
INFO  20:06:34,815 ReadShardBalancer$1 - Loading BAM index data 
INFO  20:06:35,412 ReadShardBalancer$1 - Done loading BAM index data 
INFO  20:07:04,833 ProgressMeter -       19:157312         0.0    30.0 s      49.7 w        0.3%     3.1 h       3.1 h 
INFO  20:07:34,945 ProgressMeter -      19:1790055    100008.0    60.0 s      10.0 m        3.0%    33.0 m      32.0 m 
INFO  20:08:05,048 ProgressMeter -      19:2853112    200009.0    90.0 s       7.5 m        4.8%    31.1 m      29.6 m 
INFO  20:08:35,173 ProgressMeter -      19:3918896    300010.0   120.0 s       6.7 m        6.6%    30.2 m      28.2 m 
INFO  20:09:05,642 ProgressMeter -      19:4932729    400013.0     2.5 m       6.3 m        8.3%    30.0 m      27.5 m 
INFO  20:09:35,643 ProgressMeter -      19:6828795    600016.0     3.0 m       5.0 m       11.5%    26.0 m      23.0 m 
INFO  20:10:07,350 ProgressMeter -      19:8315976    800027.0     3.5 m       4.4 m       14.1%    25.1 m      21.6 m 
INFO  20:10:37,706 ProgressMeter -      19:9073273   1000037.0     4.0 m       4.0 m       15.3%    26.3 m      22.3 m 
INFO  20:11:17,707 ProgressMeter -     19:10610099   1200041.0     4.7 m       3.9 m       17.9%    26.2 m      21.5 m 
INFO  20:11:47,708 ProgressMeter -     19:11725736   1400046.0     5.2 m       3.7 m       19.8%    26.2 m      21.0 m 
INFO  20:12:17,921 ProgressMeter -     19:12876545   1500048.0     5.7 m       3.8 m       21.8%    26.3 m      20.5 m 
INFO  20:12:47,921 ProgressMeter -     19:14508780   1700052.0     6.2 m       3.7 m       24.5%    25.3 m      19.1 m 
INFO  20:13:17,922 ProgressMeter -     19:16006365   1900061.0     6.7 m       3.5 m       27.1%    24.8 m      18.1 m 
INFO  20:13:47,925 ProgressMeter -     19:17476814   2100071.0     7.2 m       3.4 m       29.6%    24.4 m      17.2 m 
INFO  20:14:18,017 ProgressMeter -     19:18901390   2200081.0     7.7 m       3.5 m       32.0%    24.1 m      16.4 m 
INFO  20:14:48,541 ProgressMeter -     19:22171643   2400085.0     8.2 m       3.4 m       37.5%    21.9 m      13.7 m 
INFO  20:15:18,543 ProgressMeter -     19:33870344   2600088.0     8.7 m       3.4 m       57.3%    15.2 m       6.5 m 
INFO  20:15:58,544 ProgressMeter -     19:36508348   2900094.0     9.4 m       3.2 m       61.7%    15.2 m       5.8 m 
INFO  20:16:28,545 ProgressMeter -     19:38996964   3100096.0     9.9 m       3.2 m       66.0%    15.0 m       5.1 m 
INFO  20:16:58,853 ProgressMeter -     19:40411744   3400101.0    10.4 m       3.1 m       68.3%    15.2 m       4.8 m 
INFO  20:17:28,890 ProgressMeter -     19:42410618   3600103.0    10.9 m       3.0 m       71.7%    15.2 m       4.3 m 
INFO  20:18:00,199 ProgressMeter -     19:44101367   3900110.0    11.4 m       2.9 m       74.6%    15.3 m       3.9 m 
INFO  20:18:30,200 ProgressMeter -     19:46285476   4200121.0    11.9 m       2.8 m       78.3%    15.2 m       3.3 m 
INFO  20:19:00,325 ProgressMeter -     19:49518415   4500132.0    12.4 m       2.8 m       83.7%    14.8 m       2.4 m 
INFO  20:19:40,326 ProgressMeter -     19:53058274   5000148.0    13.1 m       2.6 m       89.7%    14.6 m      89.0 s 
INFO  20:20:10,327 ProgressMeter -     19:55711755   5500159.0    13.6 m       2.5 m       94.2%    14.4 m      49.0 s 
INFO  20:20:33,376 Walker - [REDUCE RESULT] Traversal result is: org.broadinstitute.gatk.engine.io.stubs.SAMFileWriterStub@5b58129f 
INFO  20:20:33,424 ProgressMeter -            done   5942976.0    14.0 m       2.4 m      100.0%    14.0 m       0.0 s 
INFO  20:20:33,424 ProgressMeter - Total runtime 838.66 secs, 13.98 min, 0.23 hours 
INFO  20:20:33,424 MicroScheduler - 0 reads were filtered out during the traversal out of approximately 5942976 total reads (0.00%) 
INFO  20:20:33,425 MicroScheduler -   -> 0 reads (0.00% of total) failing BadCigarFilter 
INFO  20:20:33,425 MicroScheduler -   -> 0 reads (0.00% of total) failing MalformedReadFilter 
