INFO  19:54:49,164 HelpFormatter - --------------------------------------------------------------------------------- 
INFO  19:54:49,185 HelpFormatter - The Genome Analysis Toolkit (GATK) v3.4-46-g8ea4dca, Compiled 2015/08/13 20:41:56 
INFO  19:54:49,194 HelpFormatter - Copyright (c) 2010 The Broad Institute 
INFO  19:54:49,194 HelpFormatter - For support and documentation go to http://www.broadinstitute.org/gatk 
INFO  19:54:49,198 HelpFormatter - Program Args: -T BaseRecalibrator -I /mnt/nvme0n1/data/broadout/HG02771_gatk_best_practices_8t_30s_2016-07-06_18-21-02/HG02771_realign.bam -L /mnt/nvme0n1/Broad_Ref_Pipeline_approved_package/workflow_profiler/.queue/scatterGather/ExampleBaseRecalibrator-1-sg/temp_12_of_24/scatter.intervals -R /mnt/nvme0n1/Broad_Ref_Pipeline_approved_package/b37bundle/human_g1k_v37.fasta -knownSites /mnt/nvme0n1/Broad_Ref_Pipeline_approved_package/b37bundle/dbsnp_138.b37.vcf -o /mnt/nvme0n1/Broad_Ref_Pipeline_approved_package/workflow_profiler/.queue/scatterGather/ExampleBaseRecalibrator-1-sg/temp_12_of_24/HG02771_recal.grp 
INFO  19:54:49,216 HelpFormatter - Executing as bshifaw@application-1-1.hudson.intel.com on Linux 3.10.0-327.el7.x86_64 amd64; OpenJDK 64-Bit Server VM 1.8.0_91-b14. 
INFO  19:54:49,221 HelpFormatter - Date/Time: 2016/07/06 19:54:49 
INFO  19:54:49,222 HelpFormatter - --------------------------------------------------------------------------------- 
INFO  19:54:49,222 HelpFormatter - --------------------------------------------------------------------------------- 
INFO  19:54:49,408 GenomeAnalysisEngine - Strictness is SILENT 
INFO  19:54:49,695 GenomeAnalysisEngine - Downsampling Settings: No downsampling 
INFO  19:54:49,710 SAMDataSource$SAMReaders - Initializing SAMRecords in serial 
INFO  19:54:49,940 SAMDataSource$SAMReaders - Done initializing BAM readers: total time 0.23 
INFO  19:54:50,990 IntervalUtils - Processing 2798215 bp from intervals 
INFO  19:54:51,228 GenomeAnalysisEngine - Preparing for traversal over 1 BAM files 
INFO  19:54:51,731 GenomeAnalysisEngine - Done preparing for traversal 
INFO  19:54:51,745 ProgressMeter - [INITIALIZATION COMPLETE; STARTING PROCESSING] 
INFO  19:54:51,752 ProgressMeter -                 | processed |    time |    per 1M |           |   total | remaining 
INFO  19:54:51,768 ProgressMeter -        Location |     reads | elapsed |     reads | completed | runtime |   runtime 
INFO  19:54:51,873 BaseRecalibrator - The covariates being used here:  
INFO  19:54:51,882 BaseRecalibrator - 	ReadGroupCovariate 
INFO  19:54:51,884 BaseRecalibrator - 	QualityScoreCovariate 
INFO  19:54:51,884 BaseRecalibrator - 	ContextCovariate 
INFO  19:54:51,884 ContextCovariate - 		Context sizes: base substitution model 2, indel substitution model 3 
INFO  19:54:51,884 BaseRecalibrator - 	CycleCovariate 
INFO  19:54:51,888 ReadShardBalancer$1 - Loading BAM index data 
INFO  19:54:52,233 ReadShardBalancer$1 - Done loading BAM index data 
INFO  19:55:21,912 ProgressMeter -       12:311050         0.0    30.0 s      49.9 w        0.3%     3.1 h       3.1 h 
INFO  19:55:52,885 ProgressMeter -      12:4628014    100001.0    61.0 s      10.2 m        3.8%    26.5 m      25.5 m 
INFO  19:56:24,048 ProgressMeter -      12:7025835    300003.0    92.0 s       5.1 m        8.2%    18.7 m      17.2 m 
INFO  19:56:54,174 ProgressMeter -     12:10167185    500006.0     2.0 m       4.1 m       12.5%    16.3 m      14.3 m 
INFO  19:57:24,465 ProgressMeter -     12:16047021    700010.0     2.5 m       3.6 m       16.8%    15.0 m      12.5 m 
INFO  19:57:54,467 ProgressMeter -     12:30863103    900013.0     3.0 m       3.4 m       23.1%    13.1 m      10.1 m 
INFO  19:58:24,474 ProgressMeter -     12:48368648   1100017.0     3.5 m       3.2 m       30.1%    11.8 m       8.2 m 
INFO  19:58:54,475 ProgressMeter -     12:52404937   1400022.0     4.0 m       2.9 m       37.9%    10.6 m       6.6 m 
INFO  19:59:24,543 ProgressMeter -     12:56335310   1800032.0     4.5 m       2.5 m       46.0%     9.8 m       5.3 m 
INFO  19:59:54,545 ProgressMeter -     12:64456936   2200044.0     5.0 m       2.3 m       55.6%     9.0 m       4.0 m 
INFO  20:00:24,548 ProgressMeter -    12:101368640   2800054.0     5.5 m     118.0 s       70.6%     7.8 m       2.3 m 
INFO  20:00:54,551 ProgressMeter -    12:113710538   3300063.0     6.0 m     109.0 s       83.4%     7.2 m      71.0 s 
INFO  20:01:24,556 ProgressMeter -    12:133254311   3900073.0     6.5 m     100.0 s       98.9%     6.6 m       4.0 s 
INFO  20:01:25,882 BaseRecalibrator - Calculating quantized quality scores... 
INFO  20:01:25,910 BaseRecalibrator - Writing recalibration report... 
INFO  20:01:26,654 BaseRecalibrator - ...done! 
INFO  20:01:26,654 BaseRecalibrator - BaseRecalibrator was able to recalibrate 3942123 reads 
INFO  20:01:26,657 ProgressMeter -            done   3942123.0     6.6 m     100.0 s      100.0%     6.6 m       0.0 s 
INFO  20:01:26,658 ProgressMeter - Total runtime 394.93 secs, 6.58 min, 0.11 hours 
INFO  20:01:26,658 MicroScheduler - 721038 reads were filtered out during the traversal out of approximately 4663161 total reads (15.46%) 
INFO  20:01:26,658 MicroScheduler -   -> 0 reads (0.00% of total) failing BadCigarFilter 
INFO  20:01:26,659 MicroScheduler -   -> 641180 reads (13.75% of total) failing DuplicateReadFilter 
INFO  20:01:26,659 MicroScheduler -   -> 0 reads (0.00% of total) failing FailsVendorQualityCheckFilter 
INFO  20:01:26,659 MicroScheduler -   -> 0 reads (0.00% of total) failing MalformedReadFilter 
INFO  20:01:26,659 MicroScheduler -   -> 0 reads (0.00% of total) failing MappingQualityUnavailableFilter 
INFO  20:01:26,659 MicroScheduler -   -> 79500 reads (1.70% of total) failing MappingQualityZeroFilter 
INFO  20:01:26,659 MicroScheduler -   -> 358 reads (0.01% of total) failing NotPrimaryAlignmentFilter 
INFO  20:01:26,659 MicroScheduler -   -> 0 reads (0.00% of total) failing UnmappedReadFilter 
