INFO  20:06:12,624 HelpFormatter - --------------------------------------------------------------------------------- 
INFO  20:06:12,626 HelpFormatter - The Genome Analysis Toolkit (GATK) v3.4-46-g8ea4dca, Compiled 2015/08/13 20:41:56 
INFO  20:06:12,627 HelpFormatter - Copyright (c) 2010 The Broad Institute 
INFO  20:06:12,627 HelpFormatter - For support and documentation go to http://www.broadinstitute.org/gatk 
INFO  20:06:12,630 HelpFormatter - Program Args: -T PrintReads -I /mnt/nvme0n1/data/broadout/HG02571_gatk_best_practices_8t_30s_2016-07-06_18-21-01/HG02571_realign.bam -L /mnt/nvme0n1/Broad_Ref_Pipeline_approved_package/workflow_profiler/.queue/scatterGather/ExamplePrintReads-1-sg/temp_14_of_36/scatter.intervals -R /mnt/nvme0n1/Broad_Ref_Pipeline_approved_package/b37bundle/human_g1k_v37.fasta -BQSR /mnt/nvme0n1/data/broadout/HG02571_gatk_best_practices_8t_30s_2016-07-06_18-21-01/HG02571_recal.grp -o /mnt/nvme0n1/Broad_Ref_Pipeline_approved_package/workflow_profiler/.queue/scatterGather/ExamplePrintReads-1-sg/temp_14_of_36/HG02571_final.bam 
INFO  20:06:12,642 HelpFormatter - Executing as bshifaw@application-1-1.hudson.intel.com on Linux 3.10.0-327.el7.x86_64 amd64; OpenJDK 64-Bit Server VM 1.8.0_91-b14. 
INFO  20:06:12,643 HelpFormatter - Date/Time: 2016/07/06 20:06:12 
INFO  20:06:12,643 HelpFormatter - --------------------------------------------------------------------------------- 
INFO  20:06:12,643 HelpFormatter - --------------------------------------------------------------------------------- 
INFO  20:06:12,814 GenomeAnalysisEngine - Strictness is SILENT 
INFO  20:06:14,150 ContextCovariate - 		Context sizes: base substitution model 2, indel substitution model 3 
INFO  20:06:14,290 GenomeAnalysisEngine - Downsampling Settings: No downsampling 
INFO  20:06:14,321 SAMDataSource$SAMReaders - Initializing SAMRecords in serial 
INFO  20:06:14,485 SAMDataSource$SAMReaders - Done initializing BAM readers: total time 0.16 
INFO  20:06:14,548 IntervalUtils - Processing 107349540 bp from intervals 
INFO  20:06:14,926 GenomeAnalysisEngine - Preparing for traversal over 1 BAM files 
INFO  20:06:16,290 GenomeAnalysisEngine - Done preparing for traversal 
INFO  20:06:16,295 ProgressMeter - [INITIALIZATION COMPLETE; STARTING PROCESSING] 
INFO  20:06:16,309 ProgressMeter -                 | processed |    time |    per 1M |           |   total | remaining 
INFO  20:06:16,365 ProgressMeter -        Location |     reads | elapsed |     reads | completed | runtime |   runtime 
INFO  20:06:16,395 ReadShardBalancer$1 - Loading BAM index data 
INFO  20:06:16,949 ReadShardBalancer$1 - Done loading BAM index data 
INFO  20:06:47,003 ProgressMeter -     14:19807241         0.0    30.0 s      50.8 w       18.5%     2.7 m       2.2 m 
INFO  20:07:18,621 ProgressMeter -     14:20502550    100002.0    62.0 s      10.4 m       19.1%     5.4 m       4.4 m 
INFO  20:07:48,622 ProgressMeter -     14:21862082    300007.0    92.0 s       5.1 m       20.4%     7.5 m       6.0 m 
INFO  20:08:18,689 ProgressMeter -     14:22749659    300007.0     2.0 m       6.8 m       21.2%     9.6 m       7.6 m 
INFO  20:08:52,924 ProgressMeter -     14:23511887    400008.0     2.6 m       6.5 m       21.9%    11.9 m       9.3 m 
INFO  20:09:22,929 ProgressMeter -     14:24529207    600012.0     3.1 m       5.2 m       22.8%    13.6 m      10.5 m 
INFO  20:09:53,492 ProgressMeter -     14:24770000    700038.0     3.6 m       5.2 m       23.1%    15.7 m      12.1 m 
INFO  20:10:23,493 ProgressMeter -     14:33015158    800039.0     4.1 m       5.1 m       30.8%    13.4 m       9.3 m 
INFO  20:10:53,494 ProgressMeter -     14:45372446   1000041.0     4.6 m       4.6 m       42.3%    10.9 m       6.3 m 
INFO  20:11:26,481 ProgressMeter -     14:51707164   1200043.0     5.2 m       4.3 m       48.2%    10.7 m       5.6 m 
INFO  20:11:56,482 ProgressMeter -     14:58038868   1400051.0     5.7 m       4.0 m       54.1%    10.5 m       4.8 m 
INFO  20:12:26,483 ProgressMeter -     14:64600993   1500054.0     6.2 m       4.1 m       60.2%    10.2 m       4.1 m 
INFO  20:12:56,484 ProgressMeter -     14:68191878   1700059.0     6.7 m       3.9 m       63.5%    10.5 m       3.8 m 
INFO  20:13:26,485 ProgressMeter -     14:73420974   1900072.0     7.2 m       3.8 m       68.4%    10.5 m       3.3 m 
INFO  20:13:56,941 ProgressMeter -     14:75643102   2100077.0     7.7 m       3.7 m       70.5%    10.9 m       3.2 m 
INFO  20:14:26,942 ProgressMeter -     14:81952759   2300080.0     8.2 m       3.6 m       76.3%    10.7 m       2.5 m 
INFO  20:14:56,943 ProgressMeter -     14:93303764   2500083.0     8.7 m       3.5 m       86.9%    10.0 m      78.0 s 
INFO  20:15:26,944 ProgressMeter -     14:99097113   2700086.0     9.2 m       3.4 m       92.3%     9.9 m      45.0 s 
INFO  20:15:56,951 ProgressMeter -    14:103977564   2900090.0     9.7 m       3.3 m       96.9%    10.0 m      18.0 s 
INFO  20:16:26,951 ProgressMeter -    14:106791101   3200097.0    10.2 m       3.2 m       99.5%    10.2 m       3.0 s 
INFO  20:16:35,254 Walker - [REDUCE RESULT] Traversal result is: org.broadinstitute.gatk.engine.io.stubs.SAMFileWriterStub@5b58129f 
INFO  20:16:35,375 ProgressMeter -            done   3323971.0    10.3 m       3.1 m       99.9%    10.3 m       0.0 s 
INFO  20:16:35,375 ProgressMeter - Total runtime 619.08 secs, 10.32 min, 0.17 hours 
INFO  20:16:35,376 MicroScheduler - 0 reads were filtered out during the traversal out of approximately 3323971 total reads (0.00%) 
INFO  20:16:35,376 MicroScheduler -   -> 0 reads (0.00% of total) failing BadCigarFilter 
INFO  20:16:35,376 MicroScheduler -   -> 0 reads (0.00% of total) failing MalformedReadFilter 
