INFO  20:07:45,680 HelpFormatter - --------------------------------------------------------------------------------- 
INFO  20:07:45,682 HelpFormatter - The Genome Analysis Toolkit (GATK) v3.4-46-g8ea4dca, Compiled 2015/08/13 20:41:56 
INFO  20:07:45,683 HelpFormatter - Copyright (c) 2010 The Broad Institute 
INFO  20:07:45,683 HelpFormatter - For support and documentation go to http://www.broadinstitute.org/gatk 
INFO  20:07:45,686 HelpFormatter - Program Args: -T IndelRealigner -I /home/opt/data/broadout/FC1-NA12878-01_S1_L001_R1_001_gatk_best_practices_36t_30s_2015-11-05_19-14-59/FC1-NA12878-01_S1_L001_R1_001_dupRem.bam -L /home/beris/Broad_Ref_Pipeline_approved_package/workflow_profiler/.queue/scatterGather/ExampleIndelRealigner-1-sg/temp_03_of_36/scatter.intervals -R /home/beris/Broad_Ref_Pipeline_approved_package/homosapiensrefgenome/Homo_sapiens_assembly19.fasta -known /home/beris/Broad_Ref_Pipeline_approved_package/homosapiensrefgenome/Homo_sapiens_assembly19.known_indels.vcf -targetIntervals /home/opt/data/broadout/FC1-NA12878-01_S1_L001_R1_001_gatk_best_practices_36t_30s_2015-11-05_19-14-59/FC1-NA12878-01_S1_L001_R1_001_realn.intervals -o /home/beris/Broad_Ref_Pipeline_approved_package/workflow_profiler/.queue/scatterGather/ExampleIndelRealigner-1-sg/temp_03_of_36/FC1-NA12878-01_S1_L001_R1_001_realign.bam -filterNoBases 
INFO  20:07:45,693 HelpFormatter - Executing as beris@dna on Linux 2.6.32-573.el6.x86_64 amd64; OpenJDK 64-Bit Server VM 1.7.0_79-mockbuild_2015_07_24_09_26-b00. 
INFO  20:07:45,693 HelpFormatter - Date/Time: 2015/11/05 20:07:45 
INFO  20:07:45,694 HelpFormatter - --------------------------------------------------------------------------------- 
INFO  20:07:45,694 HelpFormatter - --------------------------------------------------------------------------------- 
INFO  20:07:45,826 GenomeAnalysisEngine - Strictness is SILENT 
INFO  20:07:45,901 GenomeAnalysisEngine - Downsampling Settings: No downsampling 
INFO  20:07:45,910 SAMDataSource$SAMReaders - Initializing SAMRecords in serial 
INFO  20:07:45,952 SAMDataSource$SAMReaders - Done initializing BAM readers: total time 0.04 
INFO  20:07:46,086 IntervalUtils - Processing 198022430 bp from intervals 
INFO  20:07:46,179 GenomeAnalysisEngine - Preparing for traversal over 1 BAM files 
INFO  20:07:46,948 GenomeAnalysisEngine - Done preparing for traversal 
INFO  20:07:46,949 ProgressMeter - [INITIALIZATION COMPLETE; STARTING PROCESSING] 
INFO  20:07:46,950 ProgressMeter -                 | processed |    time |    per 1M |           |   total | remaining 
INFO  20:07:46,950 ProgressMeter -        Location |     reads | elapsed |     reads | completed | runtime |   runtime 
INFO  20:07:47,263 ReadShardBalancer$1 - Loading BAM index data 
INFO  20:07:48,666 ReadShardBalancer$1 - Done loading BAM index data 
INFO  20:08:16,977 ProgressMeter -        Starting         0.0    30.0 s      49.6 w      100.0%    30.0 s       0.0 s 
INFO  20:08:56,260 ProgressMeter -      3:49457782    400005.0    69.0 s       2.9 m       25.0%     4.6 m       3.5 m 
INFO  20:09:26,439 ProgressMeter -     3:164907682   1400036.0    99.0 s      71.0 s       83.3%   118.0 s      19.0 s 
INFO  20:09:34,226 ProgressMeter -            done   1837781.0   107.0 s      58.0 s      100.0%   107.0 s       0.0 s 
INFO  20:09:34,227 ProgressMeter - Total runtime 107.28 secs, 1.79 min, 0.03 hours 
INFO  20:09:34,231 MicroScheduler - 2986464 reads were filtered out during the traversal out of approximately 4824245 total reads (61.91%) 
INFO  20:09:34,232 MicroScheduler -   -> 0 reads (0.00% of total) failing BadCigarFilter 
INFO  20:09:34,232 MicroScheduler -   -> 2986464 reads (61.91% of total) failing MalformedReadFilter 
