INFO  17:50:43,926 HelpFormatter - --------------------------------------------------------------------------------- 
INFO  17:50:43,935 HelpFormatter - The Genome Analysis Toolkit (GATK) v3.4-46-g8ea4dca, Compiled 2015/08/13 20:41:56 
INFO  17:50:43,936 HelpFormatter - Copyright (c) 2010 The Broad Institute 
INFO  17:50:43,936 HelpFormatter - For support and documentation go to http://www.broadinstitute.org/gatk 
INFO  17:50:43,940 HelpFormatter - Program Args: -T IndelRealigner -I /mnt/sdb/data/broadout/HG02769_gatk_best_practices_8t_30s_2016-07-25_16-38-44/HG02769_dupRem.bam -L /mnt/sdb/Broad_Ref_Pipeline_approved_package/workflow_profiler/.queue/scatterGather/ExampleIndelRealigner-1-sg/temp_03_of_36/scatter.intervals -R /mnt/sdb/Broad_Ref_Pipeline_approved_package/b37bundle/human_g1k_v37.fasta -known /mnt/sdb/Broad_Ref_Pipeline_approved_package/b37bundle/1000G_phase1.indels.b37.vcf -targetIntervals /mnt/sdb/data/broadout/HG02769_gatk_best_practices_8t_30s_2016-07-25_16-38-44/HG02769_realn.intervals -o /mnt/sdb/Broad_Ref_Pipeline_approved_package/workflow_profiler/.queue/scatterGather/ExampleIndelRealigner-1-sg/temp_03_of_36/HG02769_realign.bam -filterNoBases 
INFO  17:50:43,972 HelpFormatter - Executing as bshifaw@application-0-1.hudson.intel.com on Linux 3.10.0-327.el7.x86_64 amd64; OpenJDK 64-Bit Server VM 1.8.0_101-b13. 
INFO  17:50:43,974 HelpFormatter - Date/Time: 2016/07/25 17:50:43 
INFO  17:50:43,974 HelpFormatter - --------------------------------------------------------------------------------- 
INFO  17:50:43,975 HelpFormatter - --------------------------------------------------------------------------------- 
INFO  17:50:44,750 GenomeAnalysisEngine - Strictness is SILENT 
INFO  17:50:44,894 GenomeAnalysisEngine - Downsampling Settings: No downsampling 
INFO  17:50:44,914 SAMDataSource$SAMReaders - Initializing SAMRecords in serial 
INFO  17:50:45,062 SAMDataSource$SAMReaders - Done initializing BAM readers: total time 0.15 
INFO  17:50:46,024 IntervalUtils - Processing 198022430 bp from intervals 
INFO  17:50:46,170 GenomeAnalysisEngine - Preparing for traversal over 1 BAM files 
INFO  17:50:46,769 GenomeAnalysisEngine - Done preparing for traversal 
INFO  17:50:46,770 ProgressMeter - [INITIALIZATION COMPLETE; STARTING PROCESSING] 
INFO  17:50:46,770 ProgressMeter -                 | processed |    time |    per 1M |           |   total | remaining 
INFO  17:50:46,771 ProgressMeter -        Location |     reads | elapsed |     reads | completed | runtime |   runtime 
INFO  17:50:47,143 ReadShardBalancer$1 - Loading BAM index data 
INFO  17:50:48,340 ReadShardBalancer$1 - Done loading BAM index data 
INFO  17:51:16,847 ProgressMeter -       3:9798157    100002.0    30.0 s       5.0 m        4.9%    10.1 m       9.6 m 
INFO  17:51:48,321 ProgressMeter -      3:35785397    800014.0    61.0 s      76.0 s       18.1%     5.6 m       4.6 m 
INFO  17:52:18,575 ProgressMeter -      3:44974511   1200019.0    91.0 s      76.0 s       22.7%     6.7 m       5.2 m 
INFO  17:52:50,388 ProgressMeter -      3:48040167   1400022.0     2.1 m      88.0 s       24.3%     8.5 m       6.4 m 
INFO  17:53:21,652 ProgressMeter -      3:49148773   1600025.0     2.6 m      96.0 s       24.8%    10.3 m       7.8 m 
INFO  17:53:53,460 ProgressMeter -      3:52724667   2100033.0     3.1 m      88.0 s       26.6%    11.6 m       8.5 m 
INFO  17:54:25,189 ProgressMeter -      3:67546299   2500047.0     3.6 m      87.0 s       34.1%    10.7 m       7.0 m 
INFO  17:54:55,472 ProgressMeter -     3:108723770   3000057.0     4.1 m      82.0 s       54.9%     7.5 m       3.4 m 
INFO  17:55:25,548 ProgressMeter -     3:125063565   3600071.0     4.6 m      77.0 s       63.2%     7.3 m       2.7 m 
INFO  17:55:55,549 ProgressMeter -     3:148917570   4400089.0     5.1 m      70.0 s       75.2%     6.8 m     101.0 s 
INFO  17:56:25,812 ProgressMeter -     3:194152498   5400110.0     5.7 m      62.0 s       98.0%     5.8 m       6.0 s 
INFO  17:56:31,188 ProgressMeter -            done   5679807.0     5.7 m      60.0 s      100.0%     5.7 m       0.0 s 
INFO  17:56:31,188 ProgressMeter - Total runtime 344.42 secs, 5.74 min, 0.10 hours 
INFO  17:56:31,191 MicroScheduler - 115527 reads were filtered out during the traversal out of approximately 5795334 total reads (1.99%) 
INFO  17:56:31,191 MicroScheduler -   -> 0 reads (0.00% of total) failing BadCigarFilter 
INFO  17:56:31,191 MicroScheduler -   -> 115527 reads (1.99% of total) failing MalformedReadFilter 
