INFO  18:12:41,326 HelpFormatter - --------------------------------------------------------------------------------- 
INFO  18:12:41,335 HelpFormatter - The Genome Analysis Toolkit (GATK) v3.4-46-g8ea4dca, Compiled 2015/08/13 20:41:56 
INFO  18:12:41,336 HelpFormatter - Copyright (c) 2010 The Broad Institute 
INFO  18:12:41,337 HelpFormatter - For support and documentation go to http://www.broadinstitute.org/gatk 
INFO  18:12:41,341 HelpFormatter - Program Args: -T BaseRecalibrator -I /mnt/sdb/data/broadout/HG02769_gatk_best_practices_8t_30s_2016-07-25_16-38-44/HG02769_realign.bam -L /mnt/sdb/Broad_Ref_Pipeline_approved_package/workflow_profiler/.queue/scatterGather/ExampleBaseRecalibrator-1-sg/temp_17_of_24/scatter.intervals -R /mnt/sdb/Broad_Ref_Pipeline_approved_package/b37bundle/human_g1k_v37.fasta -knownSites /mnt/sdb/Broad_Ref_Pipeline_approved_package/b37bundle/dbsnp_138.b37.vcf -o /mnt/sdb/Broad_Ref_Pipeline_approved_package/workflow_profiler/.queue/scatterGather/ExampleBaseRecalibrator-1-sg/temp_17_of_24/HG02769_recal.grp 
INFO  18:12:41,407 HelpFormatter - Executing as bshifaw@application-0-1.hudson.intel.com on Linux 3.10.0-327.el7.x86_64 amd64; OpenJDK 64-Bit Server VM 1.8.0_101-b13. 
INFO  18:12:41,407 HelpFormatter - Date/Time: 2016/07/25 18:12:41 
INFO  18:12:41,408 HelpFormatter - --------------------------------------------------------------------------------- 
INFO  18:12:41,408 HelpFormatter - --------------------------------------------------------------------------------- 
INFO  18:12:41,560 GenomeAnalysisEngine - Strictness is SILENT 
INFO  18:12:41,784 GenomeAnalysisEngine - Downsampling Settings: No downsampling 
INFO  18:12:41,796 SAMDataSource$SAMReaders - Initializing SAMRecords in serial 
INFO  18:12:41,881 SAMDataSource$SAMReaders - Done initializing BAM readers: total time 0.08 
INFO  18:12:42,629 IntervalUtils - Processing 3010362 bp from intervals 
INFO  18:12:42,804 GenomeAnalysisEngine - Preparing for traversal over 1 BAM files 
INFO  18:12:43,148 GenomeAnalysisEngine - Done preparing for traversal 
INFO  18:12:43,167 ProgressMeter - [INITIALIZATION COMPLETE; STARTING PROCESSING] 
INFO  18:12:43,172 ProgressMeter -                 | processed |    time |    per 1M |           |   total | remaining 
INFO  18:12:43,173 ProgressMeter -        Location |     reads | elapsed |     reads | completed | runtime |   runtime 
INFO  18:12:43,307 BaseRecalibrator - The covariates being used here:  
INFO  18:12:43,307 BaseRecalibrator - 	ReadGroupCovariate 
INFO  18:12:43,308 BaseRecalibrator - 	QualityScoreCovariate 
INFO  18:12:43,308 BaseRecalibrator - 	ContextCovariate 
INFO  18:12:43,309 ContextCovariate - 		Context sizes: base substitution model 2, indel substitution model 3 
INFO  18:12:43,309 BaseRecalibrator - 	CycleCovariate 
INFO  18:12:43,310 ReadShardBalancer$1 - Loading BAM index data 
INFO  18:12:43,581 ReadShardBalancer$1 - Done loading BAM index data 
INFO  18:13:14,606 ProgressMeter -      17:2185996    100001.0    31.0 s       5.2 m        2.8%    18.3 m      17.8 m 
INFO  18:13:44,905 ProgressMeter -      17:4720536    300007.0    61.0 s       3.4 m        7.9%    12.9 m      11.9 m 
INFO  18:14:14,907 ProgressMeter -      17:6331722    400010.0    91.0 s       3.8 m       10.4%    14.5 m      13.0 m 
INFO  18:14:44,949 ProgressMeter -      17:7477917    600023.0     2.0 m       3.4 m       14.3%    14.1 m      12.1 m 
INFO  18:15:14,950 ProgressMeter -      17:8218830    800025.0     2.5 m       3.2 m       18.2%    13.8 m      11.3 m 
INFO  18:15:44,955 ProgressMeter -     17:11622784   1000031.0     3.0 m       3.0 m       22.2%    13.6 m      10.6 m 
INFO  18:16:14,957 ProgressMeter -     17:18542540   1200035.0     3.5 m       2.9 m       28.2%    12.5 m       8.9 m 
INFO  18:16:45,064 ProgressMeter -     17:27905877   1500040.0     4.0 m       2.7 m       35.0%    11.5 m       7.5 m 
INFO  18:17:15,066 ProgressMeter -     17:34077291   1800046.0     4.5 m       2.5 m       40.7%    11.1 m       6.6 m 
INFO  18:17:45,067 ProgressMeter -     17:38855848   2100052.0     5.0 m       2.4 m       48.2%    10.4 m       5.4 m 
INFO  18:18:15,069 ProgressMeter -     17:40842175   2400063.0     5.5 m       2.3 m       53.7%    10.3 m       4.8 m 
INFO  18:18:45,071 ProgressMeter -     17:45367660   2700070.0     6.0 m       2.2 m       61.5%     9.8 m       3.8 m 
INFO  18:19:15,088 ProgressMeter -     17:56291234   3100081.0     6.5 m       2.1 m       69.7%     9.3 m       2.8 m 
INFO  18:19:45,090 ProgressMeter -     17:65914962   3600088.0     7.0 m     117.0 s       80.0%     8.8 m     105.0 s 
INFO  18:20:15,113 ProgressMeter -     17:78082265   4100095.0     7.5 m     110.0 s       93.3%     8.1 m      32.0 s 
INFO  18:20:25,850 BaseRecalibrator - Calculating quantized quality scores... 
INFO  18:20:25,874 BaseRecalibrator - Writing recalibration report... 
INFO  18:20:26,670 BaseRecalibrator - ...done! 
INFO  18:20:26,671 BaseRecalibrator - BaseRecalibrator was able to recalibrate 4347899 reads 
INFO  18:20:26,672 ProgressMeter -            done   4347899.0     7.7 m     106.0 s      100.0%     7.7 m       0.0 s 
INFO  18:20:26,672 ProgressMeter - Total runtime 463.52 secs, 7.73 min, 0.13 hours 
INFO  18:20:26,672 MicroScheduler - 1330622 reads were filtered out during the traversal out of approximately 5678521 total reads (23.43%) 
INFO  18:20:26,673 MicroScheduler -   -> 0 reads (0.00% of total) failing BadCigarFilter 
INFO  18:20:26,673 MicroScheduler -   -> 739146 reads (13.02% of total) failing DuplicateReadFilter 
INFO  18:20:26,673 MicroScheduler -   -> 0 reads (0.00% of total) failing FailsVendorQualityCheckFilter 
INFO  18:20:26,673 MicroScheduler -   -> 0 reads (0.00% of total) failing MalformedReadFilter 
INFO  18:20:26,673 MicroScheduler -   -> 0 reads (0.00% of total) failing MappingQualityUnavailableFilter 
INFO  18:20:26,673 MicroScheduler -   -> 590974 reads (10.41% of total) failing MappingQualityZeroFilter 
INFO  18:20:26,673 MicroScheduler -   -> 502 reads (0.01% of total) failing NotPrimaryAlignmentFilter 
INFO  18:20:26,674 MicroScheduler -   -> 0 reads (0.00% of total) failing UnmappedReadFilter 
