INFO  16:06:17,372 HelpFormatter - --------------------------------------------------------------------------------- 
INFO  16:06:17,401 HelpFormatter - The Genome Analysis Toolkit (GATK) v3.4-46-g8ea4dca, Compiled 2015/08/13 20:41:56 
INFO  16:06:17,402 HelpFormatter - Copyright (c) 2010 The Broad Institute 
INFO  16:06:17,402 HelpFormatter - For support and documentation go to http://www.broadinstitute.org/gatk 
INFO  16:06:17,406 HelpFormatter - Program Args: -T PrintReads -I /mnt/sdb/data/broadout/sim1M_pairs_gatk_best_practices_36t_30s_2016-09-26_15-40-42/sim1M_pairs_realign.bam -L /home/bshifaw/gitrepos/Reference-Design/Broad_Ref_Pip/workflow_profiler/.queue/scatterGather/ExamplePrintReads-1-sg/temp_02_of_36/scatter.intervals -R /mnt/sdb/Broad_Ref_Pipeline_approved_package/homosapiensrefgenome/Homo_sapiens_assembly19.fasta -BQSR /mnt/sdb/data/broadout/sim1M_pairs_gatk_best_practices_36t_30s_2016-09-26_15-40-42/sim1M_pairs_recal.grp -o /home/bshifaw/gitrepos/Reference-Design/Broad_Ref_Pip/workflow_profiler/.queue/scatterGather/ExamplePrintReads-1-sg/temp_02_of_36/sim1M_pairs_final.bam 
INFO  16:06:17,429 HelpFormatter - Executing as bshifaw@application-0-1.hudson.intel.com on Linux 3.10.0-327.13.1.el7.x86_64 amd64; OpenJDK 64-Bit Server VM 1.8.0_102-b14. 
INFO  16:06:17,430 HelpFormatter - Date/Time: 2016/09/26 16:06:17 
INFO  16:06:17,430 HelpFormatter - --------------------------------------------------------------------------------- 
INFO  16:06:17,430 HelpFormatter - --------------------------------------------------------------------------------- 
INFO  16:06:17,552 GenomeAnalysisEngine - Strictness is SILENT 
INFO  16:06:19,231 ContextCovariate - 		Context sizes: base substitution model 2, indel substitution model 3 
INFO  16:06:19,400 GenomeAnalysisEngine - Downsampling Settings: No downsampling 
INFO  16:06:19,443 SAMDataSource$SAMReaders - Initializing SAMRecords in serial 
INFO  16:06:19,540 SAMDataSource$SAMReaders - Done initializing BAM readers: total time 0.10 
INFO  16:06:19,598 IntervalUtils - Processing 243199373 bp from intervals 
INFO  16:06:19,977 GenomeAnalysisEngine - Preparing for traversal over 1 BAM files 
INFO  16:06:20,798 GenomeAnalysisEngine - Done preparing for traversal 
INFO  16:06:20,812 ProgressMeter - [INITIALIZATION COMPLETE; STARTING PROCESSING] 
INFO  16:06:20,812 ProgressMeter -                 | processed |    time |    per 1M |           |   total | remaining 
INFO  16:06:20,812 ProgressMeter -        Location |     reads | elapsed |     reads | completed | runtime |   runtime 
INFO  16:06:20,848 ReadShardBalancer$1 - Loading BAM index data 
INFO  16:06:21,705 ReadShardBalancer$1 - Done loading BAM index data 
INFO  16:06:40,159 Walker - [REDUCE RESULT] Traversal result is: org.broadinstitute.gatk.engine.io.stubs.SAMFileWriterStub@5b58129f 
INFO  16:06:40,314 ProgressMeter -            done    153588.0    19.0 s       2.1 m       99.9%    19.0 s       0.0 s 
INFO  16:06:40,315 ProgressMeter - Total runtime 19.50 secs, 0.33 min, 0.01 hours 
INFO  16:06:40,315 MicroScheduler - 0 reads were filtered out during the traversal out of approximately 153588 total reads (0.00%) 
INFO  16:06:40,316 MicroScheduler -   -> 0 reads (0.00% of total) failing BadCigarFilter 
INFO  16:06:40,316 MicroScheduler -   -> 0 reads (0.00% of total) failing MalformedReadFilter 
