INFO  20:07:45,786 HelpFormatter - --------------------------------------------------------------------------------- 
INFO  20:07:45,788 HelpFormatter - The Genome Analysis Toolkit (GATK) v3.4-46-g8ea4dca, Compiled 2015/08/13 20:41:56 
INFO  20:07:45,788 HelpFormatter - Copyright (c) 2010 The Broad Institute 
INFO  20:07:45,788 HelpFormatter - For support and documentation go to http://www.broadinstitute.org/gatk 
INFO  20:07:45,791 HelpFormatter - Program Args: -T IndelRealigner -I /home/opt/data/broadout/FC1-NA12878-01_S1_L001_R1_001_gatk_best_practices_36t_30s_2015-11-05_19-14-59/FC1-NA12878-01_S1_L001_R1_001_dupRem.bam -L /home/beris/Broad_Ref_Pipeline_approved_package/workflow_profiler/.queue/scatterGather/ExampleIndelRealigner-1-sg/temp_09_of_36/scatter.intervals -R /home/beris/Broad_Ref_Pipeline_approved_package/homosapiensrefgenome/Homo_sapiens_assembly19.fasta -known /home/beris/Broad_Ref_Pipeline_approved_package/homosapiensrefgenome/Homo_sapiens_assembly19.known_indels.vcf -targetIntervals /home/opt/data/broadout/FC1-NA12878-01_S1_L001_R1_001_gatk_best_practices_36t_30s_2015-11-05_19-14-59/FC1-NA12878-01_S1_L001_R1_001_realn.intervals -o /home/beris/Broad_Ref_Pipeline_approved_package/workflow_profiler/.queue/scatterGather/ExampleIndelRealigner-1-sg/temp_09_of_36/FC1-NA12878-01_S1_L001_R1_001_realign.bam -filterNoBases 
INFO  20:07:45,798 HelpFormatter - Executing as beris@dna on Linux 2.6.32-573.el6.x86_64 amd64; OpenJDK 64-Bit Server VM 1.7.0_79-mockbuild_2015_07_24_09_26-b00. 
INFO  20:07:45,798 HelpFormatter - Date/Time: 2015/11/05 20:07:45 
INFO  20:07:45,798 HelpFormatter - --------------------------------------------------------------------------------- 
INFO  20:07:45,798 HelpFormatter - --------------------------------------------------------------------------------- 
INFO  20:07:45,921 GenomeAnalysisEngine - Strictness is SILENT 
INFO  20:07:46,018 GenomeAnalysisEngine - Downsampling Settings: No downsampling 
INFO  20:07:46,028 SAMDataSource$SAMReaders - Initializing SAMRecords in serial 
INFO  20:07:46,080 SAMDataSource$SAMReaders - Done initializing BAM readers: total time 0.05 
INFO  20:07:46,231 IntervalUtils - Processing 141213431 bp from intervals 
INFO  20:07:46,321 GenomeAnalysisEngine - Preparing for traversal over 1 BAM files 
INFO  20:07:46,934 GenomeAnalysisEngine - Done preparing for traversal 
INFO  20:07:46,935 ProgressMeter - [INITIALIZATION COMPLETE; STARTING PROCESSING] 
INFO  20:07:46,935 ProgressMeter -                 | processed |    time |    per 1M |           |   total | remaining 
INFO  20:07:46,936 ProgressMeter -        Location |     reads | elapsed |     reads | completed | runtime |   runtime 
INFO  20:07:47,125 ReadShardBalancer$1 - Loading BAM index data 
INFO  20:07:47,867 ReadShardBalancer$1 - Done loading BAM index data 
INFO  20:08:20,660 ProgressMeter -        Starting         0.0    33.0 s      55.8 w      100.0%    33.0 s       0.0 s 
INFO  20:08:51,930 ProgressMeter -      9:41501034    300007.0    64.0 s       3.6 m       29.4%     3.6 m       2.6 m 
INFO  20:09:21,931 ProgressMeter -     9:134322026   1200027.0    94.0 s      79.0 s       95.1%    98.0 s       4.0 s 
INFO  20:09:24,670 ProgressMeter -            done   1401513.0    97.0 s      69.0 s       99.9%    97.0 s       0.0 s 
INFO  20:09:24,671 ProgressMeter - Total runtime 97.74 secs, 1.63 min, 0.03 hours 
INFO  20:09:24,675 MicroScheduler - 3023471 reads were filtered out during the traversal out of approximately 4424984 total reads (68.33%) 
INFO  20:09:24,675 MicroScheduler -   -> 0 reads (0.00% of total) failing BadCigarFilter 
INFO  20:09:24,676 MicroScheduler -   -> 3023471 reads (68.33% of total) failing MalformedReadFilter 
