INFO  19:29:06,607 HelpFormatter - --------------------------------------------------------------------------------- 
INFO  19:29:06,609 HelpFormatter - The Genome Analysis Toolkit (GATK) v3.4-46-g8ea4dca, Compiled 2015/08/13 20:41:56 
INFO  19:29:06,610 HelpFormatter - Copyright (c) 2010 The Broad Institute 
INFO  19:29:06,610 HelpFormatter - For support and documentation go to http://www.broadinstitute.org/gatk 
INFO  19:29:06,622 HelpFormatter - Program Args: -T IndelRealigner -I /mnt/nvme0n1/data/broadout/HG02571_gatk_best_practices_8t_30s_2016-07-06_18-21-01/HG02571_dupRem.bam -L /mnt/nvme0n1/Broad_Ref_Pipeline_approved_package/workflow_profiler/.queue/scatterGather/ExampleIndelRealigner-1-sg/temp_09_of_36/scatter.intervals -R /mnt/nvme0n1/Broad_Ref_Pipeline_approved_package/b37bundle/human_g1k_v37.fasta -known /mnt/nvme0n1/Broad_Ref_Pipeline_approved_package/b37bundle/1000G_phase1.indels.b37.vcf -targetIntervals /mnt/nvme0n1/data/broadout/HG02571_gatk_best_practices_8t_30s_2016-07-06_18-21-01/HG02571_realn.intervals -o /mnt/nvme0n1/Broad_Ref_Pipeline_approved_package/workflow_profiler/.queue/scatterGather/ExampleIndelRealigner-1-sg/temp_09_of_36/HG02571_realign.bam -filterNoBases 
INFO  19:29:06,637 HelpFormatter - Executing as bshifaw@application-1-1.hudson.intel.com on Linux 3.10.0-327.el7.x86_64 amd64; OpenJDK 64-Bit Server VM 1.8.0_91-b14. 
INFO  19:29:06,638 HelpFormatter - Date/Time: 2016/07/06 19:29:06 
INFO  19:29:06,638 HelpFormatter - --------------------------------------------------------------------------------- 
INFO  19:29:06,638 HelpFormatter - --------------------------------------------------------------------------------- 
INFO  19:29:07,540 GenomeAnalysisEngine - Strictness is SILENT 
INFO  19:29:07,640 GenomeAnalysisEngine - Downsampling Settings: No downsampling 
INFO  19:29:07,653 SAMDataSource$SAMReaders - Initializing SAMRecords in serial 
INFO  19:29:08,614 SAMDataSource$SAMReaders - Done initializing BAM readers: total time 0.96 
INFO  19:29:09,071 IntervalUtils - Processing 141213431 bp from intervals 
INFO  19:29:09,323 GenomeAnalysisEngine - Preparing for traversal over 1 BAM files 
INFO  19:29:09,904 GenomeAnalysisEngine - Done preparing for traversal 
INFO  19:29:09,928 ProgressMeter - [INITIALIZATION COMPLETE; STARTING PROCESSING] 
INFO  19:29:09,928 ProgressMeter -                 | processed |    time |    per 1M |           |   total | remaining 
INFO  19:29:09,928 ProgressMeter -        Location |     reads | elapsed |     reads | completed | runtime |   runtime 
INFO  19:29:10,660 ReadShardBalancer$1 - Loading BAM index data 
INFO  19:29:11,330 ReadShardBalancer$1 - Done loading BAM index data 
INFO  19:29:39,957 ProgressMeter -       9:3225064         0.0    30.0 s      49.7 w        2.3%    21.9 m      21.4 m 
INFO  19:30:10,374 ProgressMeter -      9:15034524    300012.0    60.0 s       3.4 m       10.6%     9.4 m       8.4 m 
INFO  19:30:42,669 ProgressMeter -      9:33927856    600016.0    92.0 s       2.6 m       24.0%     6.4 m       4.8 m 
INFO  19:31:12,673 ProgressMeter -      9:41589541   1200027.0     2.0 m     102.0 s       29.5%     6.9 m       4.9 m 
INFO  19:31:43,312 ProgressMeter -      9:82267625   1700044.0     2.6 m      90.0 s       58.3%     4.4 m     109.0 s 
INFO  19:32:13,313 ProgressMeter -     9:104238604   2400061.0     3.1 m      76.0 s       73.8%     4.1 m      64.0 s 
INFO  19:32:53,314 ProgressMeter -     9:139905134   4100120.0     3.7 m      54.0 s       99.1%     3.8 m       2.0 s 
INFO  19:32:56,403 ProgressMeter -            done   4309883.0     3.8 m      52.0 s       99.9%     3.8 m       0.0 s 
INFO  19:32:56,404 ProgressMeter - Total runtime 226.48 secs, 3.77 min, 0.06 hours 
INFO  19:32:56,407 MicroScheduler - 113954 reads were filtered out during the traversal out of approximately 4423837 total reads (2.58%) 
INFO  19:32:56,407 MicroScheduler -   -> 0 reads (0.00% of total) failing BadCigarFilter 
INFO  19:32:56,407 MicroScheduler -   -> 113954 reads (2.58% of total) failing MalformedReadFilter 
