INFO  17:50:51,979 HelpFormatter - --------------------------------------------------------------------------------- 
INFO  17:50:51,993 HelpFormatter - The Genome Analysis Toolkit (GATK) v3.4-46-g8ea4dca, Compiled 2015/08/13 20:41:56 
INFO  17:50:51,994 HelpFormatter - Copyright (c) 2010 The Broad Institute 
INFO  17:50:51,994 HelpFormatter - For support and documentation go to http://www.broadinstitute.org/gatk 
INFO  17:50:51,997 HelpFormatter - Program Args: -T IndelRealigner -I /mnt/sdb/data/broadout/HG02769_gatk_best_practices_8t_30s_2016-07-25_16-38-44/HG02769_dupRem.bam -L /mnt/sdb/Broad_Ref_Pipeline_approved_package/workflow_profiler/.queue/scatterGather/ExampleIndelRealigner-1-sg/temp_09_of_36/scatter.intervals -R /mnt/sdb/Broad_Ref_Pipeline_approved_package/b37bundle/human_g1k_v37.fasta -known /mnt/sdb/Broad_Ref_Pipeline_approved_package/b37bundle/1000G_phase1.indels.b37.vcf -targetIntervals /mnt/sdb/data/broadout/HG02769_gatk_best_practices_8t_30s_2016-07-25_16-38-44/HG02769_realn.intervals -o /mnt/sdb/Broad_Ref_Pipeline_approved_package/workflow_profiler/.queue/scatterGather/ExampleIndelRealigner-1-sg/temp_09_of_36/HG02769_realign.bam -filterNoBases 
INFO  17:50:52,015 HelpFormatter - Executing as bshifaw@application-0-1.hudson.intel.com on Linux 3.10.0-327.el7.x86_64 amd64; OpenJDK 64-Bit Server VM 1.8.0_101-b13. 
INFO  17:50:52,017 HelpFormatter - Date/Time: 2016/07/25 17:50:51 
INFO  17:50:52,017 HelpFormatter - --------------------------------------------------------------------------------- 
INFO  17:50:52,018 HelpFormatter - --------------------------------------------------------------------------------- 
INFO  17:50:52,444 GenomeAnalysisEngine - Strictness is SILENT 
INFO  17:50:52,760 GenomeAnalysisEngine - Downsampling Settings: No downsampling 
INFO  17:50:52,767 SAMDataSource$SAMReaders - Initializing SAMRecords in serial 
INFO  17:50:52,893 SAMDataSource$SAMReaders - Done initializing BAM readers: total time 0.13 
INFO  17:50:53,156 IntervalUtils - Processing 141213431 bp from intervals 
INFO  17:50:53,327 GenomeAnalysisEngine - Preparing for traversal over 1 BAM files 
INFO  17:50:53,965 GenomeAnalysisEngine - Done preparing for traversal 
INFO  17:50:53,979 ProgressMeter - [INITIALIZATION COMPLETE; STARTING PROCESSING] 
INFO  17:50:53,979 ProgressMeter -                 | processed |    time |    per 1M |           |   total | remaining 
INFO  17:50:53,979 ProgressMeter -        Location |     reads | elapsed |     reads | completed | runtime |   runtime 
INFO  17:50:54,338 ReadShardBalancer$1 - Loading BAM index data 
INFO  17:50:55,193 ReadShardBalancer$1 - Done loading BAM index data 
INFO  17:51:24,164 ProgressMeter -       9:3330427         0.0    30.0 s      49.9 w        2.4%    21.2 m      20.7 m 
INFO  17:51:54,306 ProgressMeter -      9:33466427    600015.0    60.0 s     100.0 s       23.7%     4.2 m       3.2 m 
INFO  17:52:24,509 ProgressMeter -      9:35714321    800023.0    90.0 s     113.0 s       25.3%     5.9 m       4.4 m 
INFO  17:52:55,957 ProgressMeter -      9:39085780   1000025.0     2.0 m       2.0 m       27.7%     7.3 m       5.3 m 
INFO  17:53:25,997 ProgressMeter -      9:65506628   1300029.0     2.5 m     116.0 s       46.4%     5.5 m       2.9 m 
INFO  17:53:55,998 ProgressMeter -      9:84606978   1700044.0     3.0 m     107.0 s       59.9%     5.1 m       2.0 m 
INFO  17:54:26,015 ProgressMeter -      9:97823052   2100055.0     3.5 m     100.0 s       69.3%     5.1 m      94.0 s 
INFO  17:54:56,044 ProgressMeter -     9:110068792   2500072.0     4.0 m      96.0 s       77.9%     5.2 m      68.0 s 
INFO  17:55:26,045 ProgressMeter -     9:129595242   3200093.0     4.5 m      85.0 s       91.8%     4.9 m      24.0 s 
INFO  17:55:56,046 ProgressMeter -     9:139250377   4000104.0     5.0 m      75.0 s       98.6%     5.1 m       4.0 s 
INFO  17:56:01,773 ProgressMeter -            done   4281945.0     5.1 m      71.0 s       99.9%     5.1 m       0.0 s 
INFO  17:56:01,773 ProgressMeter - Total runtime 307.79 secs, 5.13 min, 0.09 hours 
INFO  17:56:01,776 MicroScheduler - 120718 reads were filtered out during the traversal out of approximately 4402663 total reads (2.74%) 
INFO  17:56:01,786 MicroScheduler -   -> 0 reads (0.00% of total) failing BadCigarFilter 
INFO  17:56:01,786 MicroScheduler -   -> 120718 reads (2.74% of total) failing MalformedReadFilter 
