INFO  20:06:13,163 HelpFormatter - --------------------------------------------------------------------------------- 
INFO  20:06:13,165 HelpFormatter - The Genome Analysis Toolkit (GATK) v3.4-46-g8ea4dca, Compiled 2015/08/13 20:41:56 
INFO  20:06:13,165 HelpFormatter - Copyright (c) 2010 The Broad Institute 
INFO  20:06:13,165 HelpFormatter - For support and documentation go to http://www.broadinstitute.org/gatk 
INFO  20:06:13,171 HelpFormatter - Program Args: -T PrintReads -I /mnt/nvme0n1/data/broadout/HG02571_gatk_best_practices_8t_30s_2016-07-06_18-21-01/HG02571_realign.bam -L /mnt/nvme0n1/Broad_Ref_Pipeline_approved_package/workflow_profiler/.queue/scatterGather/ExamplePrintReads-1-sg/temp_34_of_36/scatter.intervals -R /mnt/nvme0n1/Broad_Ref_Pipeline_approved_package/b37bundle/human_g1k_v37.fasta -BQSR /mnt/nvme0n1/data/broadout/HG02571_gatk_best_practices_8t_30s_2016-07-06_18-21-01/HG02571_recal.grp -o /mnt/nvme0n1/Broad_Ref_Pipeline_approved_package/workflow_profiler/.queue/scatterGather/ExamplePrintReads-1-sg/temp_34_of_36/HG02571_final.bam 
INFO  20:06:13,192 HelpFormatter - Executing as bshifaw@application-1-1.hudson.intel.com on Linux 3.10.0-327.el7.x86_64 amd64; OpenJDK 64-Bit Server VM 1.8.0_91-b14. 
INFO  20:06:13,193 HelpFormatter - Date/Time: 2016/07/06 20:06:13 
INFO  20:06:13,193 HelpFormatter - --------------------------------------------------------------------------------- 
INFO  20:06:13,193 HelpFormatter - --------------------------------------------------------------------------------- 
INFO  20:06:13,423 GenomeAnalysisEngine - Strictness is SILENT 
INFO  20:06:15,173 ContextCovariate - 		Context sizes: base substitution model 2, indel substitution model 3 
INFO  20:06:15,316 GenomeAnalysisEngine - Downsampling Settings: No downsampling 
INFO  20:06:15,342 SAMDataSource$SAMReaders - Initializing SAMRecords in serial 
INFO  20:06:15,482 SAMDataSource$SAMReaders - Done initializing BAM readers: total time 0.14 
INFO  20:06:15,566 IntervalUtils - Processing 36422 bp from intervals 
INFO  20:06:15,917 GenomeAnalysisEngine - Preparing for traversal over 1 BAM files 
INFO  20:06:16,122 GenomeAnalysisEngine - Done preparing for traversal 
INFO  20:06:16,136 ProgressMeter - [INITIALIZATION COMPLETE; STARTING PROCESSING] 
INFO  20:06:16,137 ProgressMeter -                 | processed |    time |    per 1M |           |   total | remaining 
INFO  20:06:16,139 ProgressMeter -        Location |     reads | elapsed |     reads | completed | runtime |   runtime 
INFO  20:06:16,167 ReadShardBalancer$1 - Loading BAM index data 
INFO  20:06:16,168 ReadShardBalancer$1 - Done loading BAM index data 
INFO  20:06:17,128 Walker - [REDUCE RESULT] Traversal result is: org.broadinstitute.gatk.engine.io.stubs.SAMFileWriterStub@5b58129f 
INFO  20:06:17,190 ProgressMeter -            done        34.0     1.0 s       8.5 h       10.6%     9.0 s       8.0 s 
INFO  20:06:17,195 ProgressMeter - Total runtime 1.05 secs, 0.02 min, 0.00 hours 
INFO  20:06:17,196 MicroScheduler - 0 reads were filtered out during the traversal out of approximately 34 total reads (0.00%) 
INFO  20:06:17,197 MicroScheduler -   -> 0 reads (0.00% of total) failing BadCigarFilter 
INFO  20:06:17,197 MicroScheduler -   -> 0 reads (0.00% of total) failing MalformedReadFilter 
