INFO  20:39:39,701 HelpFormatter - --------------------------------------------------------------------------------- 
INFO  20:39:39,703 HelpFormatter - The Genome Analysis Toolkit (GATK) v3.4-46-g8ea4dca, Compiled 2015/08/13 20:41:56 
INFO  20:39:39,703 HelpFormatter - Copyright (c) 2010 The Broad Institute 
INFO  20:39:39,703 HelpFormatter - For support and documentation go to http://www.broadinstitute.org/gatk 
INFO  20:39:39,706 HelpFormatter - Program Args: -T HaplotypeCaller -I /home/opt/data/broadout/FC1-NA12878-01_S1_L001_R1_001_gatk_best_practices_36t_30s_2015-11-05_19-14-59/FC1-NA12878-01_S1_L001_R1_001_realign.bam -L /home/beris/Broad_Ref_Pipeline_approved_package/workflow_profiler/.queue/scatterGather/ExampleHaplotypeCaller-1-sg/temp_16_of_36/scatter.intervals -R /home/beris/Broad_Ref_Pipeline_approved_package/homosapiensrefgenome/Homo_sapiens_assembly19.fasta -variant_index_type LINEAR -variant_index_parameter 128000 -o /home/beris/Broad_Ref_Pipeline_approved_package/workflow_profiler/.queue/scatterGather/ExampleHaplotypeCaller-1-sg/temp_16_of_36/FC1-NA12878-01_S1_L001_R1_001_realign.bam_HaplotypeCaller.g.vcf -ERC GVCF 
INFO  20:39:39,711 HelpFormatter - Executing as beris@dna on Linux 2.6.32-573.el6.x86_64 amd64; OpenJDK 64-Bit Server VM 1.7.0_79-mockbuild_2015_07_24_09_26-b00. 
INFO  20:39:39,712 HelpFormatter - Date/Time: 2015/11/05 20:39:39 
INFO  20:39:39,712 HelpFormatter - --------------------------------------------------------------------------------- 
INFO  20:39:39,712 HelpFormatter - --------------------------------------------------------------------------------- 
WARN  20:39:39,732 GATKVCFUtils - Naming your output file using the .g.vcf extension will automatically set the appropriate values  for --variant_index_type and --variant_index_parameter 
INFO  20:39:39,812 GenomeAnalysisEngine - Strictness is SILENT 
INFO  20:39:39,918 GenomeAnalysisEngine - Downsampling Settings: Method: BY_SAMPLE, Target Coverage: 500 
INFO  20:39:39,926 SAMDataSource$SAMReaders - Initializing SAMRecords in serial 
INFO  20:39:39,966 SAMDataSource$SAMReaders - Done initializing BAM readers: total time 0.04 
INFO  20:39:39,974 HCMappingQualityFilter - Filtering out reads with MAPQ < 20 
INFO  20:39:40,149 IntervalUtils - Processing 1017715 bp from intervals 
INFO  20:39:40,223 GenomeAnalysisEngine - Preparing for traversal over 1 BAM files 
INFO  20:39:40,497 GenomeAnalysisEngine - Done preparing for traversal 
INFO  20:39:40,497 ProgressMeter - [INITIALIZATION COMPLETE; STARTING PROCESSING] 
INFO  20:39:40,497 ProgressMeter -                 |      processed |    time |         per 1M |           |   total | remaining 
INFO  20:39:40,498 ProgressMeter -        Location | active regions | elapsed | active regions | completed | runtime |   runtime 
INFO  20:39:40,498 HaplotypeCaller - Standard Emitting and Calling confidence set to 0.0 for reference-model confidence output 
INFO  20:39:40,498 HaplotypeCaller - All sites annotated with PLs forced to true for reference-model confidence output 
INFO  20:39:40,629 HaplotypeCaller - Using global mismapping rate of 45 => -4.5 in log10 likelihood units 
Using AVX accelerated implementation of PairHMM
INFO  20:39:41,557 VectorLoglessPairHMM - libVectorLoglessPairHMM unpacked successfully from GATK jar file 
INFO  20:39:41,558 VectorLoglessPairHMM - Using vectorized implementation of PairHMM 
WARN  20:39:41,712 HaplotypeScore - Annotation will not be calculated, must be called from UnifiedGenotyper 
WARN  20:39:41,713 InbreedingCoeff - Annotation will not be calculated, must provide a valid PED file (-ped) from the command line. 
INFO  20:40:10,502 ProgressMeter -      8:20074679      5.3402088E7    30.0 s            0.0 s       13.9%     3.6 m       3.1 m 
INFO  20:40:40,504 ProgressMeter -      8:48761664     5.46891615E8    60.0 s            0.0 s       43.7%     2.3 m      77.0 s 
INFO  20:41:10,508 ProgressMeter -     8:103846964    1.843878458E9    90.0 s            0.0 s       80.9%   111.0 s      21.0 s 
INFO  20:41:25,520 VectorLoglessPairHMM - Time spent in setup for JNI call : 0.036835085000000004 
INFO  20:41:25,520 PairHMM - Total compute time in PairHMM computeLikelihoods() : 5.4891969210000005 
INFO  20:41:25,520 HaplotypeCaller - Ran local assembly on 10179 active regions 
INFO  20:41:25,527 ProgressMeter -            done    2.852663452E9   105.0 s            0.0 s      100.0%   105.0 s       0.0 s 
INFO  20:41:25,528 ProgressMeter - Total runtime 105.03 secs, 1.75 min, 0.03 hours 
INFO  20:41:25,528 MicroScheduler - 174021 reads were filtered out during the traversal out of approximately 565257 total reads (30.79%) 
INFO  20:41:25,528 MicroScheduler -   -> 0 reads (0.00% of total) failing BadCigarFilter 
INFO  20:41:25,528 MicroScheduler -   -> 135010 reads (23.88% of total) failing DuplicateReadFilter 
INFO  20:41:25,529 MicroScheduler -   -> 0 reads (0.00% of total) failing FailsVendorQualityCheckFilter 
INFO  20:41:25,529 MicroScheduler -   -> 38965 reads (6.89% of total) failing HCMappingQualityFilter 
INFO  20:41:25,529 MicroScheduler -   -> 0 reads (0.00% of total) failing MalformedReadFilter 
INFO  20:41:25,529 MicroScheduler -   -> 0 reads (0.00% of total) failing MappingQualityUnavailableFilter 
INFO  20:41:25,529 MicroScheduler -   -> 46 reads (0.01% of total) failing NotPrimaryAlignmentFilter 
INFO  20:41:25,530 MicroScheduler -   -> 0 reads (0.00% of total) failing UnmappedReadFilter 
