INFO  20:48:11,989 HelpFormatter - --------------------------------------------------------------------------------- 
INFO  20:48:12,120 HelpFormatter - The Genome Analysis Toolkit (GATK) v3.4-46-g8ea4dca, Compiled 2015/08/13 20:41:56 
INFO  20:48:12,121 HelpFormatter - Copyright (c) 2010 The Broad Institute 
INFO  20:48:12,121 HelpFormatter - For support and documentation go to http://www.broadinstitute.org/gatk 
INFO  20:48:12,124 HelpFormatter - Program Args: -T HaplotypeCaller -I /mnt/nvme0n1/data/broadout/HG02571_gatk_best_practices_8t_30s_2016-07-06_18-21-01/HG02571_final.bam -L /mnt/nvme0n1/Broad_Ref_Pipeline_approved_package/workflow_profiler/.queue/scatterGather/ExampleHaplotypeCaller-1-sg/temp_16_of_36/scatter.intervals -R /mnt/nvme0n1/Broad_Ref_Pipeline_approved_package/b37bundle/human_g1k_v37.fasta -variant_index_type LINEAR -variant_index_parameter 128000 -o /mnt/nvme0n1/Broad_Ref_Pipeline_approved_package/workflow_profiler/.queue/scatterGather/ExampleHaplotypeCaller-1-sg/temp_16_of_36/HG02571_HaplotypeCaller.g.vcf -ERC GVCF 
INFO  20:48:12,250 HelpFormatter - Executing as bshifaw@application-1-1.hudson.intel.com on Linux 3.10.0-327.el7.x86_64 amd64; OpenJDK 64-Bit Server VM 1.8.0_91-b14. 
INFO  20:48:12,253 HelpFormatter - Date/Time: 2016/07/06 20:48:11 
INFO  20:48:12,253 HelpFormatter - --------------------------------------------------------------------------------- 
INFO  20:48:12,254 HelpFormatter - --------------------------------------------------------------------------------- 
WARN  20:48:12,305 GATKVCFUtils - Naming your output file using the .g.vcf extension will automatically set the appropriate values  for --variant_index_type and --variant_index_parameter 
INFO  20:48:13,025 GenomeAnalysisEngine - Strictness is SILENT 
INFO  20:48:14,029 GenomeAnalysisEngine - Downsampling Settings: Method: BY_SAMPLE, Target Coverage: 500 
INFO  20:48:14,093 SAMDataSource$SAMReaders - Initializing SAMRecords in serial 
INFO  20:48:14,439 SAMDataSource$SAMReaders - Done initializing BAM readers: total time 0.27 
INFO  20:48:14,471 HCMappingQualityFilter - Filtering out reads with MAPQ < 20 
INFO  20:48:14,945 IntervalUtils - Processing 1437965 bp from intervals 
INFO  20:48:15,717 GenomeAnalysisEngine - Preparing for traversal over 1 BAM files 
INFO  20:48:17,144 GenomeAnalysisEngine - Done preparing for traversal 
INFO  20:48:17,194 ProgressMeter - [INITIALIZATION COMPLETE; STARTING PROCESSING] 
INFO  20:48:17,195 ProgressMeter -                 |      processed |    time |         per 1M |           |   total | remaining 
INFO  20:48:17,196 ProgressMeter -        Location | active regions | elapsed | active regions | completed | runtime |   runtime 
INFO  20:48:17,235 HaplotypeCaller - Standard Emitting and Calling confidence set to 0.0 for reference-model confidence output 
INFO  20:48:17,235 HaplotypeCaller - All sites annotated with PLs forced to true for reference-model confidence output 
INFO  20:48:18,455 HaplotypeCaller - Using global mismapping rate of 45 => -4.5 in log10 likelihood units 
Using AVX accelerated implementation of PairHMM
INFO  20:48:35,981 VectorLoglessPairHMM - libVectorLoglessPairHMM unpacked successfully from GATK jar file 
INFO  20:48:36,101 VectorLoglessPairHMM - Using vectorized implementation of PairHMM 
WARN  20:48:39,639 HaplotypeScore - Annotation will not be calculated, must be called from UnifiedGenotyper 
WARN  20:48:39,640 InbreedingCoeff - Annotation will not be calculated, must provide a valid PED file (-ped) from the command line. 
INFO  20:48:47,346 ProgressMeter -      8:10466660              0.0    30.0 s           49.9 w        0.1%     8.8 h       8.8 h 
INFO  20:49:17,349 ProgressMeter -      8:10473904           5617.0    60.0 s            3.0 h        0.4%     4.3 h       4.3 h 
INFO  20:49:47,352 ProgressMeter -      8:11189679         360526.0    90.0 s            4.2 m        1.2%     2.1 h       2.0 h 
INFO  20:50:17,353 ProgressMeter -      8:11965651        1483741.0   120.0 s           80.0 s        2.1%    96.4 m      94.4 m 
INFO  20:50:47,354 ProgressMeter -      8:17089921        6505045.0     2.5 m           23.0 s        4.2%    59.4 m      56.9 m 
INFO  20:51:17,355 ProgressMeter -      8:18729516       1.675616E7     3.0 m           10.0 s        6.9%    43.4 m      40.4 m 
INFO  20:51:47,356 ProgressMeter -      8:22265771      4.5630893E7     3.5 m            4.0 s       11.6%    30.2 m      26.7 m 
INFO  20:52:17,357 ProgressMeter -      8:23702231       7.310675E7     4.0 m            3.0 s       14.7%    27.2 m      23.2 m 
INFO  20:52:47,358 ProgressMeter -      8:27288499     1.23417138E8     4.5 m            2.0 s       18.6%    24.2 m      19.7 m 
INFO  20:53:17,359 ProgressMeter -      8:30406965     1.97774708E8     5.0 m            1.0 s       23.1%    21.7 m      16.7 m 
INFO  20:53:47,360 ProgressMeter -      8:37623746     2.60607169E8     5.5 m            1.0 s       26.9%    20.4 m      14.9 m 
INFO  20:54:17,361 ProgressMeter -      8:41363378      3.8528828E8     6.0 m            0.0 s       32.7%    18.4 m      12.4 m 
INFO  20:54:47,362 ProgressMeter -      8:48625999     5.06879248E8     6.5 m            0.0 s       37.3%    17.4 m      10.9 m 
INFO  20:55:17,363 ProgressMeter -      8:55539047     6.47580784E8     7.0 m            0.0 s       42.4%    16.5 m       9.5 m 
INFO  20:55:47,365 ProgressMeter -      8:65536908     7.92887553E8     7.5 m            0.0 s       47.4%    15.8 m       8.3 m 
INFO  20:56:17,366 ProgressMeter -      8:71015776     9.96941801E8     8.0 m            0.0 s       52.8%    15.2 m       7.2 m 
INFO  20:56:47,367 ProgressMeter -      8:80553561    1.154843013E9     8.5 m            0.0 s       57.4%    14.8 m       6.3 m 
INFO  20:57:17,368 ProgressMeter -      8:89128684     1.35606277E9     9.0 m            0.0 s       62.0%    14.5 m       5.5 m 
INFO  20:57:47,370 ProgressMeter -      8:95888622    1.594359343E9     9.5 m            0.0 s       67.0%    14.2 m       4.7 m 
INFO  20:58:17,371 ProgressMeter -     8:101083545    1.831793924E9    10.0 m            0.0 s       71.9%    13.9 m       3.9 m 
INFO  20:58:47,387 ProgressMeter -     8:103663325    1.989003534E9    10.5 m            0.0 s       74.9%    14.0 m       3.5 m 
INFO  20:59:17,388 ProgressMeter -     8:110530780    2.275568153E9    11.0 m            0.0 s       80.2%    13.7 m       2.7 m 
INFO  20:59:47,389 ProgressMeter -     8:121514680    2.643869772E9    11.5 m            0.0 s       85.8%    13.4 m     113.0 s 
INFO  21:00:17,391 ProgressMeter -     8:126073272    2.949141956E9    12.0 m            0.0 s       90.9%    13.2 m      72.0 s 
INFO  21:00:47,395 ProgressMeter -     8:139825130    3.438015838E9    12.5 m            0.0 s       97.2%    12.9 m      21.0 s 
INFO  21:00:56,565 VectorLoglessPairHMM - Time spent in setup for JNI call : 0.33341815700000005 
INFO  21:00:56,566 PairHMM - Total compute time in PairHMM computeLikelihoods() : 78.87298649 
INFO  21:00:56,566 HaplotypeCaller - Ran local assembly on 8635 active regions 
INFO  21:00:56,574 ProgressMeter -            done    3.643634116E9    12.7 m            0.0 s      100.0%    12.7 m       0.0 s 
INFO  21:00:56,574 ProgressMeter - Total runtime 759.38 secs, 12.66 min, 0.21 hours 
INFO  21:00:56,575 MicroScheduler - 394242 reads were filtered out during the traversal out of approximately 2300540 total reads (17.14%) 
INFO  21:00:56,575 MicroScheduler -   -> 0 reads (0.00% of total) failing BadCigarFilter 
INFO  21:00:56,575 MicroScheduler -   -> 351497 reads (15.28% of total) failing DuplicateReadFilter 
INFO  21:00:56,576 MicroScheduler -   -> 0 reads (0.00% of total) failing FailsVendorQualityCheckFilter 
INFO  21:00:56,576 MicroScheduler -   -> 42554 reads (1.85% of total) failing HCMappingQualityFilter 
INFO  21:00:56,576 MicroScheduler -   -> 0 reads (0.00% of total) failing MalformedReadFilter 
INFO  21:00:56,576 MicroScheduler -   -> 0 reads (0.00% of total) failing MappingQualityUnavailableFilter 
INFO  21:00:56,576 MicroScheduler -   -> 191 reads (0.01% of total) failing NotPrimaryAlignmentFilter 
INFO  21:00:56,577 MicroScheduler -   -> 0 reads (0.00% of total) failing UnmappedReadFilter 
