INFO  11:41:27,218 HelpFormatter - --------------------------------------------------------------------------------- 
INFO  11:41:27,220 HelpFormatter - The Genome Analysis Toolkit (GATK) v3.4-46-g8ea4dca, Compiled 2015/08/13 20:41:56 
INFO  11:41:27,220 HelpFormatter - Copyright (c) 2010 The Broad Institute 
INFO  11:41:27,220 HelpFormatter - For support and documentation go to http://www.broadinstitute.org/gatk 
INFO  11:41:27,224 HelpFormatter - Program Args: -T HaplotypeCaller -I /mnt/ssdbroad/output/sim1M_pairs_gatk_best_practices_36t_30s_2016-02-11_11-03-56/sim1M_pairs_final.bam -L /mnt/ssdbroad/Broad_Ref_Pipeline_approved_package/workflow_profiler/.queue/scatterGather/ExampleHaplotypeCaller-1-sg/temp_16_of_36/scatter.intervals -R /mnt/ssdbroad/Broad_Ref_Pipeline_approved_package/homosapiensrefgenome/Homo_sapiens_assembly19.fasta -variant_index_type LINEAR -variant_index_parameter 128000 -o /mnt/ssdbroad/Broad_Ref_Pipeline_approved_package/workflow_profiler/.queue/scatterGather/ExampleHaplotypeCaller-1-sg/temp_16_of_36/sim1M_pairs_HaplotypeCaller.g.vcf -ERC GVCF 
INFO  11:41:27,243 HelpFormatter - Executing as beris@dna on Linux 2.6.32-573.el6.x86_64 amd64; OpenJDK 64-Bit Server VM 1.7.0_79-mockbuild_2015_07_24_09_26-b00. 
INFO  11:41:27,244 HelpFormatter - Date/Time: 2016/02/11 11:41:27 
INFO  11:41:27,244 HelpFormatter - --------------------------------------------------------------------------------- 
INFO  11:41:27,244 HelpFormatter - --------------------------------------------------------------------------------- 
WARN  11:41:27,285 GATKVCFUtils - Naming your output file using the .g.vcf extension will automatically set the appropriate values  for --variant_index_type and --variant_index_parameter 
INFO  11:41:27,429 GenomeAnalysisEngine - Strictness is SILENT 
INFO  11:41:27,539 GenomeAnalysisEngine - Downsampling Settings: Method: BY_SAMPLE, Target Coverage: 500 
INFO  11:41:27,557 SAMDataSource$SAMReaders - Initializing SAMRecords in serial 
INFO  11:41:27,597 SAMDataSource$SAMReaders - Done initializing BAM readers: total time 0.04 
INFO  11:41:27,603 HCMappingQualityFilter - Filtering out reads with MAPQ < 20 
INFO  11:41:27,613 IntervalUtils - Processing 86166015 bp from intervals 
INFO  11:41:27,685 GenomeAnalysisEngine - Preparing for traversal over 1 BAM files 
INFO  11:41:28,024 GenomeAnalysisEngine - Done preparing for traversal 
INFO  11:41:28,024 ProgressMeter - [INITIALIZATION COMPLETE; STARTING PROCESSING] 
INFO  11:41:28,024 ProgressMeter -                 |      processed |    time |         per 1M |           |   total | remaining 
INFO  11:41:28,026 ProgressMeter -        Location | active regions | elapsed | active regions | completed | runtime |   runtime 
INFO  11:41:28,026 HaplotypeCaller - Standard Emitting and Calling confidence set to 0.0 for reference-model confidence output 
INFO  11:41:28,026 HaplotypeCaller - All sites annotated with PLs forced to true for reference-model confidence output 
INFO  11:41:28,258 HaplotypeCaller - Using global mismapping rate of 45 => -4.5 in log10 likelihood units 
Using AVX accelerated implementation of PairHMM
INFO  11:41:45,908 VectorLoglessPairHMM - libVectorLoglessPairHMM unpacked successfully from GATK jar file 
INFO  11:41:45,909 VectorLoglessPairHMM - Using vectorized implementation of PairHMM 
WARN  11:41:46,204 HaplotypeScore - Annotation will not be calculated, must be called from UnifiedGenotyper 
WARN  11:41:46,205 InbreedingCoeff - Annotation will not be calculated, must provide a valid PED file (-ped) from the command line. 
INFO  11:41:58,046 ProgressMeter -      7:64721164              0.0    30.0 s           49.6 w        6.8%     7.3 m       6.8 m 
INFO  11:42:28,048 ProgressMeter -      7:72630088              0.0    60.0 s           99.2 w       16.0%     6.2 m       5.2 m 
INFO  11:42:58,049 ProgressMeter -      7:80959937              0.0    90.0 s          148.9 w       25.7%     5.8 m       4.3 m 
INFO  11:43:28,050 ProgressMeter -      7:88812213              0.0   120.0 s          198.5 w       34.8%     5.7 m       3.7 m 
INFO  11:43:58,051 ProgressMeter -      7:96898088              0.0     2.5 m          248.1 w       44.2%     5.7 m       3.2 m 
INFO  11:44:28,052 ProgressMeter -     7:104834826              0.0     3.0 m          297.7 w       53.4%     5.6 m       2.6 m 
INFO  11:44:58,053 ProgressMeter -     7:112514864              0.0     3.5 m          347.3 w       62.3%     5.6 m       2.1 m 
INFO  11:45:28,055 ProgressMeter -     7:120170638              0.0     4.0 m          396.9 w       71.2%     5.6 m      97.0 s 
INFO  11:45:58,056 ProgressMeter -     7:128230282              0.0     4.5 m          446.5 w       80.5%     5.6 m      65.0 s 
INFO  11:46:28,057 ProgressMeter -     7:136609509              0.0     5.0 m          496.1 w       90.3%     5.5 m      32.0 s 
INFO  11:46:54,902 VectorLoglessPairHMM - Time spent in setup for JNI call : 0.004337938 
INFO  11:46:54,902 PairHMM - Total compute time in PairHMM computeLikelihoods() : 0.062587633 
INFO  11:46:54,902 HaplotypeCaller - Ran local assembly on 293351 active regions 
INFO  11:46:54,907 ProgressMeter -            done      8.6166015E7     5.4 m            3.0 s      100.0%     5.4 m       0.0 s 
INFO  11:46:54,907 ProgressMeter - Total runtime 326.88 secs, 5.45 min, 0.09 hours 
INFO  11:46:54,907 MicroScheduler - 1972 reads were filtered out during the traversal out of approximately 53888 total reads (3.66%) 
INFO  11:46:54,907 MicroScheduler -   -> 0 reads (0.00% of total) failing BadCigarFilter 
INFO  11:46:54,908 MicroScheduler -   -> 0 reads (0.00% of total) failing DuplicateReadFilter 
INFO  11:46:54,908 MicroScheduler -   -> 0 reads (0.00% of total) failing FailsVendorQualityCheckFilter 
INFO  11:46:54,908 MicroScheduler -   -> 1969 reads (3.65% of total) failing HCMappingQualityFilter 
INFO  11:46:54,908 MicroScheduler -   -> 0 reads (0.00% of total) failing MalformedReadFilter 
INFO  11:46:54,908 MicroScheduler -   -> 0 reads (0.00% of total) failing MappingQualityUnavailableFilter 
INFO  11:46:54,909 MicroScheduler -   -> 3 reads (0.01% of total) failing NotPrimaryAlignmentFilter 
INFO  11:46:54,909 MicroScheduler -   -> 0 reads (0.00% of total) failing UnmappedReadFilter 
