INFO  07:30:27,525 HelpFormatter - --------------------------------------------------------------------------------- 
INFO  07:30:27,527 HelpFormatter - The Genome Analysis Toolkit (GATK) v3.4-46-g8ea4dca, Compiled 2015/08/13 20:41:56 
INFO  07:30:27,527 HelpFormatter - Copyright (c) 2010 The Broad Institute 
INFO  07:30:27,527 HelpFormatter - For support and documentation go to http://www.broadinstitute.org/gatk 
INFO  07:30:27,531 HelpFormatter - Program Args: -T BaseRecalibrator -I /mnt/ssdbroad/output/Solexa-272221_gatk_best_practices_36t_30s_2016-02-11_11-59-19/Solexa-272221_realign.bam -L /mnt/ssdbroad/Broad_Ref_Pipeline_approved_package/workflow_profiler/.queue/scatterGather/ExampleBaseRecalibrator-1-sg/temp_06_of_36/scatter.intervals -R /mnt/ssdbroad/Broad_Ref_Pipeline_approved_package/homosapiensrefgenome/Homo_sapiens_assembly19.fasta -knownSites /mnt/ssdbroad/Broad_Ref_Pipeline_approved_package/homosapiensrefgenome/Homo_sapiens_assembly19.dbsnp.vcf -o /mnt/ssdbroad/Broad_Ref_Pipeline_approved_package/workflow_profiler/.queue/scatterGather/ExampleBaseRecalibrator-1-sg/temp_06_of_36/Solexa-272221_recal.grp 
INFO  07:30:27,545 HelpFormatter - Executing as beris@dna on Linux 2.6.32-573.el6.x86_64 amd64; OpenJDK 64-Bit Server VM 1.7.0_79-mockbuild_2015_07_24_09_26-b00. 
INFO  07:30:27,545 HelpFormatter - Date/Time: 2016/02/12 07:30:27 
INFO  07:30:27,545 HelpFormatter - --------------------------------------------------------------------------------- 
INFO  07:30:27,545 HelpFormatter - --------------------------------------------------------------------------------- 
INFO  07:30:27,609 GenomeAnalysisEngine - Strictness is SILENT 
INFO  07:30:27,804 GenomeAnalysisEngine - Downsampling Settings: No downsampling 
INFO  07:30:27,822 SAMDataSource$SAMReaders - Initializing SAMRecords in serial 
INFO  07:30:27,890 SAMDataSource$SAMReaders - Done initializing BAM readers: total time 0.07 
INFO  07:30:28,195 IntervalUtils - Processing 171115067 bp from intervals 
INFO  07:30:28,440 GenomeAnalysisEngine - Preparing for traversal over 1 BAM files 
INFO  07:30:30,082 GenomeAnalysisEngine - Done preparing for traversal 
INFO  07:30:30,090 ProgressMeter - [INITIALIZATION COMPLETE; STARTING PROCESSING] 
INFO  07:30:30,090 ProgressMeter -                 | processed |    time |    per 1M |           |   total | remaining 
INFO  07:30:30,091 ProgressMeter -        Location |     reads | elapsed |     reads | completed | runtime |   runtime 
INFO  07:30:30,168 BaseRecalibrator - The covariates being used here:  
INFO  07:30:30,169 BaseRecalibrator - 	ReadGroupCovariate 
INFO  07:30:30,169 BaseRecalibrator - 	QualityScoreCovariate 
INFO  07:30:30,169 BaseRecalibrator - 	ContextCovariate 
INFO  07:30:30,169 ContextCovariate - 		Context sizes: base substitution model 2, indel substitution model 3 
INFO  07:30:30,170 BaseRecalibrator - 	CycleCovariate 
INFO  07:30:30,178 ReadShardBalancer$1 - Loading BAM index data 
INFO  07:30:31,606 ReadShardBalancer$1 - Done loading BAM index data 
INFO  07:31:04,657 ProgressMeter -        6:287221         0.0    34.0 s      57.2 w        0.2%     5.6 h       5.6 h 
INFO  07:31:34,660 ProgressMeter -       6:1046518    200003.0    64.0 s       5.4 m        0.6%     2.9 h       2.9 h 
INFO  07:32:04,662 ProgressMeter -       6:1799037    400006.0    94.0 s       3.9 m        1.1%     2.5 h       2.5 h 
INFO  07:32:34,664 ProgressMeter -       6:2752556    600008.0     2.1 m       3.5 m        1.6%     2.1 h       2.1 h 
INFO  07:33:04,665 ProgressMeter -       6:3776573    800012.0     2.6 m       3.2 m        2.2%   116.3 m     113.7 m 
INFO  07:33:34,683 ProgressMeter -       6:4710904   1000014.0     3.1 m       3.1 m        2.8%   111.4 m     108.3 m 
INFO  07:34:04,684 ProgressMeter -       6:5567951   1200016.0     3.6 m       3.0 m        3.3%   109.6 m     106.0 m 
INFO  07:34:34,697 ProgressMeter -       6:6484394   1500020.0     4.1 m       2.7 m        3.8%   107.3 m     103.2 m 
INFO  07:35:04,699 ProgressMeter -       6:7371999   1700022.0     4.6 m       2.7 m        4.3%   106.0 m     101.4 m 
INFO  07:35:34,700 ProgressMeter -       6:8357240   1900024.0     5.1 m       2.7 m        4.9%   103.7 m      98.7 m 
INFO  07:36:04,702 ProgressMeter -       6:9268515   2100026.0     5.6 m       2.7 m        5.4%   102.8 m      97.2 m 
INFO  07:36:37,207 ProgressMeter -      6:10226162   2400029.0     6.1 m       2.5 m        6.0%   102.4 m      96.2 m 
INFO  07:37:07,209 ProgressMeter -      6:11227786   2600031.0     6.6 m       2.5 m        6.6%   100.8 m      94.2 m 
INFO  07:37:37,210 ProgressMeter -      6:12153122   2800035.0     7.1 m       2.5 m        7.1%   100.2 m      93.1 m 
INFO  07:38:07,212 ProgressMeter -      6:13144992   3100038.0     7.6 m       2.5 m        7.7%    99.2 m      91.5 m 
INFO  07:38:37,214 ProgressMeter -      6:14120372   3300040.0     8.1 m       2.5 m        8.3%    98.4 m      90.2 m 
INFO  07:39:07,215 ProgressMeter -      6:15164017   3500042.0     8.6 m       2.5 m        8.9%    97.2 m      88.6 m 
INFO  07:39:37,217 ProgressMeter -      6:16107585   3800045.0     9.1 m       2.4 m        9.4%    96.8 m      87.7 m 
INFO  07:40:07,235 ProgressMeter -      6:17152199   4000047.0     9.6 m       2.4 m       10.0%    95.9 m      86.3 m 
INFO  07:40:37,237 ProgressMeter -      6:18205148   4200049.0    10.1 m       2.4 m       10.6%    95.1 m      85.0 m 
INFO  07:41:07,366 ProgressMeter -      6:19143451   4500053.0    10.6 m       2.4 m       11.2%    94.9 m      84.3 m 
INFO  07:41:37,367 ProgressMeter -      6:20154848   4700055.0    11.1 m       2.4 m       11.8%    94.4 m      83.3 m 
INFO  07:42:07,973 ProgressMeter -      6:21079645   4900057.0    11.6 m       2.4 m       12.3%    94.3 m      82.7 m 
INFO  07:42:37,975 ProgressMeter -      6:22069251   5200061.0    12.1 m       2.3 m       12.9%    93.9 m      81.8 m 
INFO  07:43:07,977 ProgressMeter -      6:23031669   5400063.0    12.6 m       2.3 m       13.5%    93.7 m      81.1 m 
INFO  07:43:37,979 ProgressMeter -      6:24003070   5600065.0    13.1 m       2.3 m       14.0%    93.5 m      80.4 m 
INFO  07:44:09,826 ProgressMeter -      6:24989364   5900068.0    13.7 m       2.3 m       14.6%    93.5 m      79.8 m 
INFO  07:44:39,827 ProgressMeter -      6:25970955   6100070.0    14.2 m       2.3 m       15.2%    93.2 m      79.1 m 
INFO  07:45:09,828 ProgressMeter -      6:27034030   6300072.0    14.7 m       2.3 m       15.8%    92.7 m      78.1 m 
INFO  07:45:39,853 ProgressMeter -      6:28036637   6600076.0    15.2 m       2.3 m       16.4%    92.5 m      77.3 m 
INFO  07:46:09,855 ProgressMeter -      6:29082155   6800079.0    15.7 m       2.3 m       17.0%    92.1 m      76.4 m 
INFO  07:46:39,856 ProgressMeter -      6:30050939   7100082.0    16.2 m       2.3 m       17.6%    92.0 m      75.8 m 
INFO  07:47:09,857 ProgressMeter -      6:31031768   7300085.0    16.7 m       2.3 m       18.1%    91.8 m      75.2 m 
INFO  07:47:39,859 ProgressMeter -      6:32017003   7500088.0    17.2 m       2.3 m       18.7%    91.7 m      74.5 m 
INFO  07:48:10,209 ProgressMeter -      6:32781763   7700090.0    17.7 m       2.3 m       19.2%    92.2 m      74.6 m 
INFO  07:48:40,297 ProgressMeter -      6:33776038   7900093.0    18.2 m       2.3 m       19.7%    92.0 m      73.9 m 
INFO  07:49:10,299 ProgressMeter -      6:34855054   8100095.0    18.7 m       2.3 m       20.4%    91.6 m      73.0 m 
INFO  07:49:40,300 ProgressMeter -      6:35883636   8400099.0    19.2 m       2.3 m       21.0%    91.4 m      72.2 m 
INFO  07:50:10,302 ProgressMeter -      6:36947758   8600101.0    19.7 m       2.3 m       21.6%    91.1 m      71.4 m 
INFO  07:50:40,303 ProgressMeter -      6:37925430   8900104.0    20.2 m       2.3 m       22.2%    91.0 m      70.8 m 
INFO  07:51:10,305 ProgressMeter -      6:38956140   9100106.0    20.7 m       2.3 m       22.8%    90.8 m      70.1 m 
INFO  07:51:40,308 ProgressMeter -      6:39977808   9300109.0    21.2 m       2.3 m       23.4%    90.6 m      69.4 m 
INFO  07:52:10,310 ProgressMeter -      6:40988072   9600112.0    21.7 m       2.3 m       24.0%    90.5 m      68.8 m 
INFO  07:52:40,312 ProgressMeter -      6:42074363   9800114.0    22.2 m       2.3 m       24.6%    90.2 m      68.0 m 
INFO  07:53:10,314 ProgressMeter -      6:43131306   1.0100117E7    22.7 m       2.2 m       25.2%    89.9 m      67.3 m 
INFO  07:53:41,303 ProgressMeter -      6:44223703   1.0300119E7    23.2 m       2.3 m       25.8%    89.7 m      66.5 m 
INFO  07:54:11,305 ProgressMeter -      6:45221366   1.0600122E7    23.7 m       2.2 m       26.4%    89.6 m      65.9 m 
INFO  07:54:41,306 ProgressMeter -      6:46250333   1.0800125E7    24.2 m       2.2 m       27.0%    89.5 m      65.3 m 
INFO  07:55:11,307 ProgressMeter -      6:47268619   1.1000127E7    24.7 m       2.2 m       27.6%    89.4 m      64.7 m 
INFO  07:55:41,309 ProgressMeter -      6:48227275   1.130013E7    25.2 m       2.2 m       28.2%    89.4 m      64.2 m 
INFO  07:56:11,327 ProgressMeter -      6:49277634   1.1500132E7    25.7 m       2.2 m       28.8%    89.2 m      63.5 m 
INFO  07:56:41,328 ProgressMeter -      6:50210649   1.1800135E7    26.2 m       2.2 m       29.3%    89.2 m      63.0 m 
INFO  07:57:11,331 ProgressMeter -      6:51207611   1.2000137E7    26.7 m       2.2 m       29.9%    89.2 m      62.5 m 
INFO  07:57:41,379 ProgressMeter -      6:52208816   1.2200139E7    27.2 m       2.2 m       30.5%    89.1 m      61.9 m 
INFO  07:58:11,381 ProgressMeter -      6:53118119   1.2500145E7    27.7 m       2.2 m       31.0%    89.2 m      61.5 m 
INFO  07:58:41,382 ProgressMeter -      6:54124789   1.2700149E7    28.2 m       2.2 m       31.6%    89.1 m      60.9 m 
INFO  07:59:11,384 ProgressMeter -      6:55108278   1.2900151E7    28.7 m       2.2 m       32.2%    89.1 m      60.4 m 
INFO  07:59:41,385 ProgressMeter -      6:56026900   1.3200154E7    29.2 m       2.2 m       32.7%    89.1 m      59.9 m 
INFO  08:00:11,386 ProgressMeter -      6:57046789   1.3400156E7    29.7 m       2.2 m       33.3%    89.0 m      59.4 m 
INFO  08:00:41,388 ProgressMeter -      6:57488159   1.3600159E7    30.2 m       2.2 m       33.6%    89.8 m      59.7 m 
INFO  08:01:12,195 ProgressMeter -      6:58252808   1.3800161E7    30.7 m       2.2 m       34.0%    90.2 m      59.5 m 
INFO  08:01:42,197 ProgressMeter -      6:58776973   1.4000163E7    31.2 m       2.2 m       34.3%    90.8 m      59.6 m 
INFO  08:02:12,199 ProgressMeter -      6:58778043   1.4200218E7    31.7 m       2.2 m       34.4%    92.3 m      60.6 m 
INFO  08:02:42,200 ProgressMeter -      6:58779044   1.4400394E7    32.2 m       2.2 m       34.4%    93.7 m      61.5 m 
INFO  08:03:12,202 ProgressMeter -      6:62302504   1.4600478E7    32.7 m       2.2 m       36.4%    89.8 m      57.1 m 
INFO  08:03:42,305 ProgressMeter -      6:63322192   1.480048E7    33.2 m       2.2 m       37.0%    89.7 m      56.5 m 
INFO  08:04:12,307 ProgressMeter -      6:64326102   1.5100484E7    33.7 m       2.2 m       37.6%    89.6 m      55.9 m 
INFO  08:04:42,309 ProgressMeter -      6:65367878   1.5300486E7    34.2 m       2.2 m       38.2%    89.5 m      55.3 m 
INFO  08:05:12,310 ProgressMeter -      6:66366707   1.560049E7    34.7 m       2.2 m       38.8%    89.5 m      54.8 m 
INFO  08:05:42,312 ProgressMeter -      6:67371395   1.5800492E7    35.2 m       2.2 m       39.4%    89.4 m      54.2 m 
INFO  08:06:12,316 ProgressMeter -      6:68294039   1.6100495E7    35.7 m       2.2 m       39.9%    89.4 m      53.7 m 
INFO  08:06:42,317 ProgressMeter -      6:69330833   1.6300498E7    36.2 m       2.2 m       40.5%    89.3 m      53.1 m 
INFO  08:07:12,319 ProgressMeter -      6:70323927   1.6600501E7    36.7 m       2.2 m       41.1%    89.3 m      52.6 m 
INFO  08:07:42,320 ProgressMeter -      6:71393825   1.6800505E7    37.2 m       2.2 m       41.7%    89.2 m      52.0 m 
INFO  08:08:12,354 ProgressMeter -      6:72380541   1.7100508E7    37.7 m       2.2 m       42.3%    89.1 m      51.4 m 
INFO  08:08:42,356 ProgressMeter -      6:73411939   1.7300512E7    38.2 m       2.2 m       42.9%    89.0 m      50.8 m 
INFO  08:09:12,586 ProgressMeter -      6:74443076   1.7600515E7    38.7 m       2.2 m       43.5%    89.0 m      50.3 m 
INFO  08:09:42,587 ProgressMeter -      6:75460935   1.7800517E7    39.2 m       2.2 m       44.1%    88.9 m      49.7 m 
INFO  08:10:12,588 ProgressMeter -      6:76517204   1.810052E7    39.7 m       2.2 m       44.7%    88.8 m      49.1 m 
INFO  08:10:42,590 ProgressMeter -      6:77567119   1.8300523E7    40.2 m       2.2 m       45.3%    88.7 m      48.5 m 
INFO  08:11:12,592 ProgressMeter -      6:78565227   1.8600526E7    40.7 m       2.2 m       45.9%    88.6 m      47.9 m 
INFO  08:11:42,593 ProgressMeter -      6:79646391   1.8800528E7    41.2 m       2.2 m       46.5%    88.5 m      47.3 m 
INFO  08:12:12,595 ProgressMeter -      6:80680885   1.9100532E7    41.7 m       2.2 m       47.2%    88.4 m      46.7 m 
INFO  08:12:42,597 ProgressMeter -      6:81718424   1.9300535E7    42.2 m       2.2 m       47.8%    88.4 m      46.2 m 
INFO  08:13:12,598 ProgressMeter -      6:82783021   1.9600538E7    42.7 m       2.2 m       48.4%    88.3 m      45.6 m 
INFO  08:13:42,600 ProgressMeter -      6:83870867   1.980054E7    43.2 m       2.2 m       49.0%    88.1 m      44.9 m 
INFO  08:14:12,602 ProgressMeter -      6:84977508   2.0100544E7    43.7 m       2.2 m       49.7%    88.0 m      44.3 m 
INFO  08:14:42,604 ProgressMeter -      6:86036386   2.0300546E7    44.2 m       2.2 m       50.3%    87.9 m      43.7 m 
INFO  08:15:12,605 ProgressMeter -      6:87080211   2.0600549E7    44.7 m       2.2 m       50.9%    87.8 m      43.1 m 
INFO  08:15:42,606 ProgressMeter -      6:88176134   2.0900552E7    45.2 m       2.2 m       51.5%    87.7 m      42.5 m 
INFO  08:16:12,608 ProgressMeter -      6:89304385   2.1100554E7    45.7 m       2.2 m       52.2%    87.6 m      41.9 m 
INFO  08:16:42,609 ProgressMeter -      6:90364387   2.1400557E7    46.2 m       2.2 m       52.8%    87.5 m      41.3 m 
INFO  08:17:12,611 ProgressMeter -      6:91456524   2.160056E7    46.7 m       2.2 m       53.4%    87.4 m      40.7 m 
INFO  08:17:42,612 ProgressMeter -      6:92522101   2.1900563E7    47.2 m       2.2 m       54.1%    87.3 m      40.1 m 
INFO  08:18:12,614 ProgressMeter -      6:93621793   2.2200568E7    47.7 m       2.1 m       54.7%    87.2 m      39.5 m 
INFO  08:18:42,616 ProgressMeter -      6:94789118   2.240057E7    48.2 m       2.2 m       55.4%    87.0 m      38.8 m 
INFO  08:19:12,618 ProgressMeter -      6:96041878   2.2700574E7    48.7 m       2.1 m       56.1%    86.8 m      38.1 m 
INFO  08:19:42,619 ProgressMeter -      6:97053198   2.3000577E7    49.2 m       2.1 m       56.7%    86.7 m      37.5 m 
INFO  08:20:12,621 ProgressMeter -      6:98134778   2.3200579E7    49.7 m       2.1 m       57.4%    86.7 m      37.0 m 
INFO  08:20:42,623 ProgressMeter -      6:99196344   2.3500582E7    50.2 m       2.1 m       58.0%    86.6 m      36.4 m 
INFO  08:21:12,625 ProgressMeter -     6:100300616   2.3700584E7    50.7 m       2.1 m       58.6%    86.5 m      35.8 m 
INFO  08:21:42,627 ProgressMeter -     6:101364018   2.4000587E7    51.2 m       2.1 m       59.2%    86.4 m      35.2 m 
INFO  08:22:12,629 ProgressMeter -     6:102477878   2.430059E7    51.7 m       2.1 m       59.9%    86.3 m      34.6 m 
INFO  08:22:42,630 ProgressMeter -     6:103623592   2.4500593E7    52.2 m       2.1 m       60.6%    86.2 m      34.0 m 
INFO  08:23:12,632 ProgressMeter -     6:104680872   2.4800596E7    52.7 m       2.1 m       61.2%    86.1 m      33.4 m 
INFO  08:23:42,730 ProgressMeter -     6:105737286   2.5000598E7    53.2 m       2.1 m       61.8%    86.1 m      32.9 m 
INFO  08:24:12,732 ProgressMeter -     6:106806399   2.5300603E7    53.7 m       2.1 m       62.4%    86.0 m      32.3 m 
INFO  08:24:42,734 ProgressMeter -     6:107868009   2.5600606E7    54.2 m       2.1 m       63.0%    86.0 m      31.8 m 
INFO  08:25:12,735 ProgressMeter -     6:108959972   2.5800608E7    54.7 m       2.1 m       63.7%    85.9 m      31.2 m 
INFO  08:25:42,737 ProgressMeter -     6:110056365   2.6100612E7    55.2 m       2.1 m       64.3%    85.8 m      30.6 m 
INFO  08:26:12,739 ProgressMeter -     6:111176810   2.6300614E7    55.7 m       2.1 m       65.0%    85.7 m      30.0 m 
INFO  08:26:42,741 ProgressMeter -     6:112207277   2.6600617E7    56.2 m       2.1 m       65.6%    85.7 m      29.5 m 
INFO  08:27:12,743 ProgressMeter -     6:113308286   2.680062E7    56.7 m       2.1 m       66.2%    85.6 m      28.9 m 
INFO  08:27:42,745 ProgressMeter -     6:114321407   2.7100623E7    57.2 m       2.1 m       66.8%    85.6 m      28.4 m 
INFO  08:28:13,210 ProgressMeter -     6:115375056   2.7300625E7    57.7 m       2.1 m       67.4%    85.6 m      27.9 m 
INFO  08:28:43,212 ProgressMeter -     6:116412302   2.7600628E7    58.2 m       2.1 m       68.0%    85.6 m      27.4 m 
INFO  08:29:13,213 ProgressMeter -     6:117458798   2.7900632E7    58.7 m       2.1 m       68.6%    85.5 m      26.8 m 
INFO  08:29:43,215 ProgressMeter -     6:118508415   2.8100634E7    59.2 m       2.1 m       69.3%    85.5 m      26.3 m 
INFO  08:30:13,217 ProgressMeter -     6:119566407   2.8400637E7    59.7 m       2.1 m       69.9%    85.5 m      25.7 m 
INFO  08:30:43,218 ProgressMeter -     6:120618563   2.860064E7    60.2 m       2.1 m       70.5%    85.4 m      25.2 m 
INFO  08:31:13,711 ProgressMeter -     6:121602268   2.8900643E7    60.7 m       2.1 m       71.1%    85.4 m      24.7 m 
INFO  08:31:43,713 ProgressMeter -     6:122681542   2.9100645E7    61.2 m       2.1 m       71.7%    85.4 m      24.2 m 
INFO  08:32:13,714 ProgressMeter -     6:123698541   2.9400648E7    61.7 m       2.1 m       72.3%    85.4 m      23.7 m 
INFO  08:32:43,716 ProgressMeter -     6:124781367   2.960065E7    62.2 m       2.1 m       72.9%    85.3 m      23.1 m 
INFO  08:33:13,718 ProgressMeter -     6:125828139   2.9900655E7    62.7 m       2.1 m       73.5%    85.3 m      22.6 m 
INFO  08:33:43,719 ProgressMeter -     6:127051347   3.0200658E7    63.2 m       2.1 m       74.2%    85.1 m      21.9 m 
INFO  08:34:13,721 ProgressMeter -     6:128160407   3.040066E7    63.7 m       2.1 m       74.9%    85.1 m      21.4 m 
INFO  08:34:43,723 ProgressMeter -     6:129382750   3.0700663E7    64.2 m       2.1 m       75.6%    84.9 m      20.7 m 
INFO  08:35:13,727 ProgressMeter -     6:130533569   3.1000666E7    64.7 m       2.1 m       76.3%    84.8 m      20.1 m 
INFO  08:35:43,729 ProgressMeter -     6:131607455   3.1300669E7    65.2 m       2.1 m       76.9%    84.8 m      19.6 m 
INFO  08:36:13,730 ProgressMeter -     6:132698177   3.1500672E7    65.7 m       2.1 m       77.5%    84.7 m      19.0 m 
INFO  08:36:43,732 ProgressMeter -     6:133810625   3.1800675E7    66.2 m       2.1 m       78.2%    84.7 m      18.5 m 
INFO  08:37:13,745 ProgressMeter -     6:134874012   3.2100679E7    66.7 m       2.1 m       78.8%    84.6 m      17.9 m 
INFO  08:37:43,749 ProgressMeter -     6:135985580   3.2300681E7    67.2 m       2.1 m       79.5%    84.6 m      17.4 m 
INFO  08:38:13,751 ProgressMeter -     6:137095111   3.2600684E7    67.7 m       2.1 m       80.1%    84.5 m      16.8 m 
INFO  08:38:43,758 ProgressMeter -     6:138128950   3.2900687E7    68.2 m       2.1 m       80.7%    84.5 m      16.3 m 
INFO  08:39:13,760 ProgressMeter -     6:139321115   3.3100689E7    68.7 m       2.1 m       81.4%    84.4 m      15.7 m 
INFO  08:39:43,762 ProgressMeter -     6:140397262   3.3400692E7    69.2 m       2.1 m       82.0%    84.4 m      15.1 m 
INFO  08:40:13,840 ProgressMeter -     6:141461684   3.3700696E7    69.7 m       2.1 m       82.7%    84.3 m      14.6 m 
INFO  08:40:43,841 ProgressMeter -     6:142576551   3.3900698E7    70.2 m       2.1 m       83.3%    84.3 m      14.1 m 
INFO  08:41:13,844 ProgressMeter -     6:143663106   3.4200701E7    70.7 m       2.1 m       84.0%    84.2 m      13.5 m 
INFO  08:41:43,845 ProgressMeter -     6:144723726   3.4500704E7    71.2 m       2.1 m       84.6%    84.2 m      13.0 m 
INFO  08:42:13,846 ProgressMeter -     6:145822028   3.4700706E7    71.7 m       2.1 m       85.2%    84.2 m      12.4 m 
INFO  08:42:43,848 ProgressMeter -     6:147025743   3.5000709E7    72.2 m       2.1 m       85.9%    84.0 m      11.8 m 
INFO  08:43:13,850 ProgressMeter -     6:148072873   3.5300712E7    72.7 m       2.1 m       86.5%    84.0 m      11.3 m 
INFO  08:43:43,854 ProgressMeter -     6:149222552   3.5500714E7    73.2 m       2.1 m       87.2%    84.0 m      10.7 m 
INFO  08:44:13,856 ProgressMeter -     6:150319977   3.5800718E7    73.7 m       2.1 m       87.8%    83.9 m      10.2 m 
INFO  08:44:43,857 ProgressMeter -     6:151445438   3.6100721E7    74.2 m       2.1 m       88.5%    83.9 m       9.6 m 
INFO  08:45:13,859 ProgressMeter -     6:152640042   3.6300724E7    74.7 m       2.1 m       89.2%    83.8 m       9.0 m 
INFO  08:45:43,860 ProgressMeter -     6:153777868   3.6600728E7    75.2 m       2.1 m       89.9%    83.7 m       8.5 m 
INFO  08:46:13,862 ProgressMeter -     6:154810343   3.6900732E7    75.7 m       2.1 m       90.5%    83.7 m       8.0 m 
INFO  08:46:43,863 ProgressMeter -     6:155970234   3.7100734E7    76.2 m       2.1 m       91.1%    83.6 m       7.4 m 
INFO  08:47:13,865 ProgressMeter -     6:157091739   3.7400737E7    76.7 m       2.1 m       91.8%    83.6 m       6.8 m 
INFO  08:47:43,867 ProgressMeter -     6:158319355   3.7700774E7    77.2 m       2.0 m       92.5%    83.5 m       6.2 m 
INFO  08:48:13,868 ProgressMeter -     6:159469512   3.8000777E7    77.7 m       2.0 m       93.2%    83.4 m       5.7 m 
INFO  08:48:43,870 ProgressMeter -     6:160534333   3.8200779E7    78.2 m       2.0 m       93.8%    83.4 m       5.2 m 
INFO  08:49:13,871 ProgressMeter -     6:161758186   3.8500782E7    78.7 m       2.0 m       94.5%    83.3 m       4.6 m 
INFO  08:49:43,873 ProgressMeter -     6:162922283   3.8800787E7    79.2 m       2.0 m       95.2%    83.2 m       4.0 m 
INFO  08:50:13,875 ProgressMeter -     6:164048524   3.9000789E7    79.7 m       2.0 m       95.9%    83.2 m       3.4 m 
INFO  08:50:43,877 ProgressMeter -     6:165131252   3.9300793E7    80.2 m       2.0 m       96.5%    83.1 m       2.9 m 
INFO  08:51:13,879 ProgressMeter -     6:166231777   3.9600796E7    80.7 m       2.0 m       97.1%    83.1 m       2.4 m 
INFO  08:51:43,986 ProgressMeter -     6:167325249   3.9800798E7    81.2 m       2.0 m       97.8%    83.1 m     110.0 s 
INFO  08:52:13,988 ProgressMeter -     6:168465070   4.0100801E7    81.7 m       2.0 m       98.5%    83.0 m      77.0 s 
INFO  08:52:44,143 ProgressMeter -     6:169614587   4.0300803E7    82.2 m       2.0 m       99.1%    83.0 m      43.0 s 
INFO  08:53:14,145 ProgressMeter -     6:170822163   4.0600806E7    82.7 m       2.0 m       99.8%    82.9 m       8.0 s 
INFO  08:53:17,695 BaseRecalibrator - Calculating quantized quality scores... 
INFO  08:53:17,753 BaseRecalibrator - Writing recalibration report... 
INFO  08:53:19,032 BaseRecalibrator - ...done! 
INFO  08:53:19,032 BaseRecalibrator - BaseRecalibrator was able to recalibrate 40683310 reads 
INFO  08:53:19,033 ProgressMeter -            done   4.068331E7    82.8 m       2.0 m      100.0%    82.8 m       1.0 s 
INFO  08:53:19,033 ProgressMeter - Total runtime 4968.95 secs, 82.82 min, 1.38 hours 
INFO  08:53:19,033 MicroScheduler - 6945081 reads were filtered out during the traversal out of approximately 47628391 total reads (14.58%) 
INFO  08:53:19,034 MicroScheduler -   -> 0 reads (0.00% of total) failing BadCigarFilter 
INFO  08:53:19,034 MicroScheduler -   -> 5875401 reads (12.34% of total) failing DuplicateReadFilter 
INFO  08:53:19,034 MicroScheduler -   -> 0 reads (0.00% of total) failing FailsVendorQualityCheckFilter 
INFO  08:53:19,034 MicroScheduler -   -> 0 reads (0.00% of total) failing MalformedReadFilter 
INFO  08:53:19,034 MicroScheduler -   -> 0 reads (0.00% of total) failing MappingQualityUnavailableFilter 
INFO  08:53:19,035 MicroScheduler -   -> 935236 reads (1.96% of total) failing MappingQualityZeroFilter 
INFO  08:53:19,035 MicroScheduler -   -> 134444 reads (0.28% of total) failing NotPrimaryAlignmentFilter 
INFO  08:53:19,035 MicroScheduler -   -> 0 reads (0.00% of total) failing UnmappedReadFilter 
