INFO  20:07:58,621 HelpFormatter - --------------------------------------------------------------------------------- 
INFO  20:07:58,657 HelpFormatter - The Genome Analysis Toolkit (GATK) v3.4-46-g8ea4dca, Compiled 2015/08/13 20:41:56 
INFO  20:07:58,658 HelpFormatter - Copyright (c) 2010 The Broad Institute 
INFO  20:07:58,658 HelpFormatter - For support and documentation go to http://www.broadinstitute.org/gatk 
INFO  20:07:58,662 HelpFormatter - Program Args: -T PrintReads -I /mnt/nvme0n1/data/broadout/HG02771_gatk_best_practices_8t_30s_2016-07-06_18-21-02/HG02771_realign.bam -L /mnt/nvme0n1/Broad_Ref_Pipeline_approved_package/workflow_profiler/.queue/scatterGather/ExamplePrintReads-1-sg/temp_19_of_36/scatter.intervals -R /mnt/nvme0n1/Broad_Ref_Pipeline_approved_package/b37bundle/human_g1k_v37.fasta -BQSR /mnt/nvme0n1/data/broadout/HG02771_gatk_best_practices_8t_30s_2016-07-06_18-21-02/HG02771_recal.grp -o /mnt/nvme0n1/Broad_Ref_Pipeline_approved_package/workflow_profiler/.queue/scatterGather/ExamplePrintReads-1-sg/temp_19_of_36/HG02771_final.bam 
INFO  20:07:58,943 HelpFormatter - Executing as bshifaw@application-1-1.hudson.intel.com on Linux 3.10.0-327.el7.x86_64 amd64; OpenJDK 64-Bit Server VM 1.8.0_91-b14. 
INFO  20:07:58,966 HelpFormatter - Date/Time: 2016/07/06 20:07:58 
INFO  20:07:58,971 HelpFormatter - --------------------------------------------------------------------------------- 
INFO  20:07:58,972 HelpFormatter - --------------------------------------------------------------------------------- 
INFO  20:07:59,742 GenomeAnalysisEngine - Strictness is SILENT 
INFO  20:08:02,466 ContextCovariate - 		Context sizes: base substitution model 2, indel substitution model 3 
INFO  20:08:02,732 GenomeAnalysisEngine - Downsampling Settings: No downsampling 
INFO  20:08:02,761 SAMDataSource$SAMReaders - Initializing SAMRecords in serial 
INFO  20:08:03,126 SAMDataSource$SAMReaders - Done initializing BAM readers: total time 0.37 
INFO  20:08:03,260 IntervalUtils - Processing 59128983 bp from intervals 
INFO  20:08:03,705 GenomeAnalysisEngine - Preparing for traversal over 1 BAM files 
INFO  20:08:04,644 GenomeAnalysisEngine - Done preparing for traversal 
INFO  20:08:04,644 ProgressMeter - [INITIALIZATION COMPLETE; STARTING PROCESSING] 
INFO  20:08:04,651 ProgressMeter -                 | processed |    time |    per 1M |           |   total | remaining 
INFO  20:08:04,654 ProgressMeter -        Location |     reads | elapsed |     reads | completed | runtime |   runtime 
INFO  20:08:04,732 ReadShardBalancer$1 - Loading BAM index data 
INFO  20:08:05,762 ReadShardBalancer$1 - Done loading BAM index data 
INFO  20:08:34,839 ProgressMeter -       19:110880         0.0    30.0 s      49.9 w        0.2%     4.4 h       4.4 h 
INFO  20:09:04,933 ProgressMeter -      19:1036524    100001.0    60.0 s      10.0 m        1.8%    57.0 m      56.0 m 
INFO  20:09:34,934 ProgressMeter -      19:2137821    200002.0    90.0 s       7.5 m        3.6%    41.5 m      40.0 m 
INFO  20:10:07,139 ProgressMeter -      19:4071782    300003.0     2.0 m       6.8 m        6.9%    29.5 m      27.5 m 
INFO  20:10:37,140 ProgressMeter -      19:5334135    400012.0     2.5 m       6.4 m        9.0%    28.1 m      25.5 m 
INFO  20:11:07,143 ProgressMeter -      19:7019498    600021.0     3.0 m       5.1 m       11.9%    25.6 m      22.5 m 
INFO  20:11:40,075 ProgressMeter -      19:8553594    800031.0     3.6 m       4.5 m       14.5%    24.8 m      21.2 m 
INFO  20:12:10,382 ProgressMeter -      19:9315167   1000037.0     4.1 m       4.1 m       15.8%    25.9 m      21.8 m 
INFO  20:12:41,903 ProgressMeter -     19:10665994   1100039.0     4.6 m       4.2 m       18.0%    25.6 m      21.0 m 
INFO  20:13:11,904 ProgressMeter -     19:12127232   1300041.0     5.1 m       3.9 m       20.5%    24.9 m      19.8 m 
INFO  20:13:41,905 ProgressMeter -     19:13248988   1500045.0     5.6 m       3.7 m       22.4%    25.1 m      19.4 m 
INFO  20:14:12,053 ProgressMeter -     19:15465765   1700049.0     6.1 m       3.6 m       26.2%    23.4 m      17.3 m 
INFO  20:14:42,237 ProgressMeter -     19:17362760   1900051.0     6.6 m       3.5 m       29.4%    22.5 m      15.9 m 
INFO  20:15:22,238 ProgressMeter -     19:19414671   2200056.0     7.3 m       3.3 m       32.8%    22.2 m      14.9 m 
INFO  20:15:52,241 ProgressMeter -     19:29543317   2400058.0     7.8 m       3.2 m       50.0%    15.6 m       7.8 m 
INFO  20:16:22,242 ProgressMeter -     19:35651654   2600060.0     8.3 m       3.2 m       60.3%    13.7 m       5.5 m 
INFO  20:16:52,335 ProgressMeter -     19:37155606   2900066.0     8.8 m       3.0 m       62.8%    14.0 m       5.2 m 
INFO  20:17:22,338 ProgressMeter -     19:39689848   3100085.0     9.3 m       3.0 m       67.1%    13.8 m       4.5 m 
INFO  20:17:52,339 ProgressMeter -     19:41216083   3300092.0     9.8 m       3.0 m       69.7%    14.0 m       4.3 m 
INFO  20:18:22,340 ProgressMeter -     19:43242895   3600099.0    10.3 m       2.9 m       73.1%    14.1 m       3.8 m 
INFO  20:18:52,361 ProgressMeter -     19:45377583   3900102.0    10.8 m       2.8 m       76.7%    14.1 m       3.3 m 
INFO  20:19:22,383 ProgressMeter -     19:49132128   4300110.0    11.3 m       2.6 m       83.1%    13.6 m       2.3 m 
INFO  20:19:52,474 ProgressMeter -     19:51628145   4700118.0    11.8 m       2.5 m       87.3%    13.5 m     102.0 s 
INFO  20:20:22,475 ProgressMeter -     19:55278562   5200129.0    12.3 m       2.4 m       93.5%    13.1 m      51.0 s 
INFO  20:20:48,663 Walker - [REDUCE RESULT] Traversal result is: org.broadinstitute.gatk.engine.io.stubs.SAMFileWriterStub@5b58129f 
INFO  20:20:48,698 ProgressMeter -            done   5730507.0    12.7 m       2.2 m      100.0%    12.7 m       0.0 s 
INFO  20:20:48,699 ProgressMeter - Total runtime 764.05 secs, 12.73 min, 0.21 hours 
INFO  20:20:48,699 MicroScheduler - 0 reads were filtered out during the traversal out of approximately 5730507 total reads (0.00%) 
INFO  20:20:48,699 MicroScheduler -   -> 0 reads (0.00% of total) failing BadCigarFilter 
INFO  20:20:48,699 MicroScheduler -   -> 0 reads (0.00% of total) failing MalformedReadFilter 
