INFO  17:06:48,848 HelpFormatter - --------------------------------------------------------------------------------- 
INFO  17:06:48,881 HelpFormatter - The Genome Analysis Toolkit (GATK) v3.4-46-g8ea4dca, Compiled 2015/08/13 20:41:56 
INFO  17:06:48,882 HelpFormatter - Copyright (c) 2010 The Broad Institute 
INFO  17:06:48,882 HelpFormatter - For support and documentation go to http://www.broadinstitute.org/gatk 
INFO  17:06:48,885 HelpFormatter - Program Args: -T PrintReads -I /cluster_share/data/out/HG02769_gatk_best_practices_36t_30s_2016-11-28_15-18-37/HG02769_realign.bam -L /cluster_share/data/Broad_Ref_Pipeline_approved_package/workflow_profiler/.queue/scatterGather/ExamplePrintReads-1-sg/temp_22_of_36/scatter.intervals -R /cluster_share/data/reference/b37bundle/human_g1k_v37.fasta -BQSR /cluster_share/data/out/HG02769_gatk_best_practices_36t_30s_2016-11-28_15-18-37/HG02769_recal.grp -o /cluster_share/data/Broad_Ref_Pipeline_approved_package/workflow_profiler/.queue/scatterGather/ExamplePrintReads-1-sg/temp_22_of_36/HG02769_final.bam 
INFO  17:06:48,900 HelpFormatter - Executing as bshifaw@compute-1-1.hudson.intel.com on Linux 3.10.0-327.13.1.el7.x86_64 amd64; OpenJDK 64-Bit Server VM 1.8.0_111-b15. 
INFO  17:06:48,901 HelpFormatter - Date/Time: 2016/11/28 17:06:48 
INFO  17:06:48,901 HelpFormatter - --------------------------------------------------------------------------------- 
INFO  17:06:48,902 HelpFormatter - --------------------------------------------------------------------------------- 
INFO  17:06:49,263 GenomeAnalysisEngine - Strictness is SILENT 
INFO  17:06:51,170 ContextCovariate - 		Context sizes: base substitution model 2, indel substitution model 3 
INFO  17:06:51,327 GenomeAnalysisEngine - Downsampling Settings: No downsampling 
INFO  17:06:51,349 SAMDataSource$SAMReaders - Initializing SAMRecords in serial 
INFO  17:06:51,467 SAMDataSource$SAMReaders - Done initializing BAM readers: total time 0.12 
INFO  17:06:51,559 IntervalUtils - Processing 51304566 bp from intervals 
INFO  17:06:51,882 GenomeAnalysisEngine - Preparing for traversal over 1 BAM files 
INFO  17:06:52,703 GenomeAnalysisEngine - Done preparing for traversal 
INFO  17:06:52,704 ProgressMeter - [INITIALIZATION COMPLETE; STARTING PROCESSING] 
INFO  17:06:52,709 ProgressMeter -                 | processed |    time |    per 1M |           |   total | remaining 
INFO  17:06:52,709 ProgressMeter -        Location |     reads | elapsed |     reads | completed | runtime |   runtime 
INFO  17:06:52,734 ReadShardBalancer$1 - Loading BAM index data 
INFO  17:06:52,936 ReadShardBalancer$1 - Done loading BAM index data 
INFO  17:07:22,743 ProgressMeter -     22:22029448    300007.0    30.0 s     100.0 s       42.9%    69.0 s      39.0 s 
INFO  17:07:52,990 ProgressMeter -     22:31008916    900036.0    60.0 s      66.0 s       60.4%    99.0 s      39.0 s 
INFO  17:08:22,992 ProgressMeter -     22:40365471   1400053.0    90.0 s      64.0 s       78.7%   114.0 s      24.0 s 
INFO  17:08:52,993 ProgressMeter -     22:50961493   2000066.0   120.0 s      60.0 s       99.3%   120.0 s       0.0 s 
INFO  17:08:54,666 Walker - [REDUCE RESULT] Traversal result is: org.broadinstitute.gatk.engine.io.stubs.SAMFileWriterStub@2a6e54c2 
INFO  17:08:54,875 ProgressMeter -            done   2093939.0     2.0 m      58.0 s       99.9%     2.0 m       0.0 s 
INFO  17:08:54,875 ProgressMeter - Total runtime 122.17 secs, 2.04 min, 0.03 hours 
INFO  17:08:54,876 MicroScheduler - 0 reads were filtered out during the traversal out of approximately 2093939 total reads (0.00%) 
INFO  17:08:54,876 MicroScheduler -   -> 0 reads (0.00% of total) failing BadCigarFilter 
INFO  17:08:54,877 MicroScheduler -   -> 0 reads (0.00% of total) failing MalformedReadFilter 
