INFO  20:06:13,178 HelpFormatter - --------------------------------------------------------------------------------- 
INFO  20:06:13,180 HelpFormatter - The Genome Analysis Toolkit (GATK) v3.4-46-g8ea4dca, Compiled 2015/08/13 20:41:56 
INFO  20:06:13,181 HelpFormatter - Copyright (c) 2010 The Broad Institute 
INFO  20:06:13,181 HelpFormatter - For support and documentation go to http://www.broadinstitute.org/gatk 
INFO  20:06:13,184 HelpFormatter - Program Args: -T PrintReads -I /mnt/nvme0n1/data/broadout/HG02571_gatk_best_practices_8t_30s_2016-07-06_18-21-01/HG02571_realign.bam -L /mnt/nvme0n1/Broad_Ref_Pipeline_approved_package/workflow_profiler/.queue/scatterGather/ExamplePrintReads-1-sg/temp_22_of_36/scatter.intervals -R /mnt/nvme0n1/Broad_Ref_Pipeline_approved_package/b37bundle/human_g1k_v37.fasta -BQSR /mnt/nvme0n1/data/broadout/HG02571_gatk_best_practices_8t_30s_2016-07-06_18-21-01/HG02571_recal.grp -o /mnt/nvme0n1/Broad_Ref_Pipeline_approved_package/workflow_profiler/.queue/scatterGather/ExamplePrintReads-1-sg/temp_22_of_36/HG02571_final.bam 
INFO  20:06:13,206 HelpFormatter - Executing as bshifaw@application-1-1.hudson.intel.com on Linux 3.10.0-327.el7.x86_64 amd64; OpenJDK 64-Bit Server VM 1.8.0_91-b14. 
INFO  20:06:13,207 HelpFormatter - Date/Time: 2016/07/06 20:06:13 
INFO  20:06:13,207 HelpFormatter - --------------------------------------------------------------------------------- 
INFO  20:06:13,207 HelpFormatter - --------------------------------------------------------------------------------- 
INFO  20:06:13,414 GenomeAnalysisEngine - Strictness is SILENT 
INFO  20:06:14,779 ContextCovariate - 		Context sizes: base substitution model 2, indel substitution model 3 
INFO  20:06:14,954 GenomeAnalysisEngine - Downsampling Settings: No downsampling 
INFO  20:06:15,001 SAMDataSource$SAMReaders - Initializing SAMRecords in serial 
INFO  20:06:15,172 SAMDataSource$SAMReaders - Done initializing BAM readers: total time 0.16 
INFO  20:06:15,235 IntervalUtils - Processing 51304566 bp from intervals 
INFO  20:06:15,474 GenomeAnalysisEngine - Preparing for traversal over 1 BAM files 
INFO  20:06:16,215 GenomeAnalysisEngine - Done preparing for traversal 
INFO  20:06:16,217 ProgressMeter - [INITIALIZATION COMPLETE; STARTING PROCESSING] 
INFO  20:06:16,217 ProgressMeter -                 | processed |    time |    per 1M |           |   total | remaining 
INFO  20:06:16,220 ProgressMeter -        Location |     reads | elapsed |     reads | completed | runtime |   runtime 
INFO  20:06:16,281 ReadShardBalancer$1 - Loading BAM index data 
INFO  20:06:16,599 ReadShardBalancer$1 - Done loading BAM index data 
INFO  20:06:46,277 ProgressMeter -     22:16415959         0.0    30.0 s      49.7 w       32.0%    93.0 s      63.0 s 
INFO  20:07:16,288 ProgressMeter -     22:18643002    100012.0    60.0 s      10.0 m       36.3%     2.8 m     105.0 s 
INFO  20:07:46,769 ProgressMeter -     22:20784039    300015.0    90.0 s       5.0 m       40.5%     3.7 m       2.2 m 
INFO  20:08:16,770 ProgressMeter -     22:21646663    300015.0   120.0 s       6.7 m       42.2%     4.7 m       2.7 m 
INFO  20:08:46,941 ProgressMeter -     22:23117098    400020.0     2.5 m       6.3 m       45.1%     5.5 m       3.0 m 
INFO  20:09:17,200 ProgressMeter -     22:24717673    600027.0     3.0 m       5.0 m       48.2%     6.2 m       3.2 m 
INFO  20:09:47,201 ProgressMeter -     22:27008078    700030.0     3.5 m       5.0 m       52.6%     6.6 m       3.1 m 
INFO  20:10:17,203 ProgressMeter -     22:30780359    800032.0     4.0 m       5.0 m       60.0%     6.7 m       2.7 m 
INFO  20:10:47,204 ProgressMeter -     22:32630986   1000043.0     4.5 m       4.5 m       63.6%     7.1 m       2.6 m 
INFO  20:11:17,205 ProgressMeter -     22:37466546   1200050.0     5.0 m       4.2 m       73.0%     6.8 m     110.0 s 
INFO  20:11:47,205 ProgressMeter -     22:39387426   1300053.0     5.5 m       4.2 m       76.8%     7.2 m      99.0 s 
INFO  20:12:17,206 ProgressMeter -     22:41744111   1500057.0     6.0 m       4.0 m       81.4%     7.4 m      82.0 s 
INFO  20:12:47,207 ProgressMeter -     22:43471580   1700061.0     6.5 m       3.8 m       84.7%     7.7 m      70.0 s 
INFO  20:13:17,208 ProgressMeter -     22:50152335   1900064.0     7.0 m       3.7 m       97.8%     7.2 m       9.0 s 
INFO  20:13:37,944 Walker - [REDUCE RESULT] Traversal result is: org.broadinstitute.gatk.engine.io.stubs.SAMFileWriterStub@5b58129f 
INFO  20:13:38,027 ProgressMeter -            done   2079190.0     7.4 m       3.5 m       99.9%     7.4 m       0.0 s 
INFO  20:13:38,028 ProgressMeter - Total runtime 441.81 secs, 7.36 min, 0.12 hours 
INFO  20:13:38,028 MicroScheduler - 0 reads were filtered out during the traversal out of approximately 2079190 total reads (0.00%) 
INFO  20:13:38,028 MicroScheduler -   -> 0 reads (0.00% of total) failing BadCigarFilter 
INFO  20:13:38,028 MicroScheduler -   -> 0 reads (0.00% of total) failing MalformedReadFilter 
