INFO  20:07:46,820 HelpFormatter - --------------------------------------------------------------------------------- 
INFO  20:07:46,823 HelpFormatter - The Genome Analysis Toolkit (GATK) v3.4-46-g8ea4dca, Compiled 2015/08/13 20:41:56 
INFO  20:07:46,823 HelpFormatter - Copyright (c) 2010 The Broad Institute 
INFO  20:07:46,824 HelpFormatter - For support and documentation go to http://www.broadinstitute.org/gatk 
INFO  20:07:46,830 HelpFormatter - Program Args: -T IndelRealigner -I /home/opt/data/broadout/FC1-NA12878-01_S1_L001_R1_001_gatk_best_practices_36t_30s_2015-11-05_19-14-59/FC1-NA12878-01_S1_L001_R1_001_dupRem.bam -L /home/beris/Broad_Ref_Pipeline_approved_package/workflow_profiler/.queue/scatterGather/ExampleIndelRealigner-1-sg/temp_34_of_36/scatter.intervals -R /home/beris/Broad_Ref_Pipeline_approved_package/homosapiensrefgenome/Homo_sapiens_assembly19.fasta -known /home/beris/Broad_Ref_Pipeline_approved_package/homosapiensrefgenome/Homo_sapiens_assembly19.known_indels.vcf -targetIntervals /home/opt/data/broadout/FC1-NA12878-01_S1_L001_R1_001_gatk_best_practices_36t_30s_2015-11-05_19-14-59/FC1-NA12878-01_S1_L001_R1_001_realn.intervals -o /home/beris/Broad_Ref_Pipeline_approved_package/workflow_profiler/.queue/scatterGather/ExampleIndelRealigner-1-sg/temp_34_of_36/FC1-NA12878-01_S1_L001_R1_001_realign.bam -filterNoBases 
INFO  20:07:46,839 HelpFormatter - Executing as beris@dna on Linux 2.6.32-573.el6.x86_64 amd64; OpenJDK 64-Bit Server VM 1.7.0_79-mockbuild_2015_07_24_09_26-b00. 
INFO  20:07:46,839 HelpFormatter - Date/Time: 2015/11/05 20:07:46 
INFO  20:07:46,840 HelpFormatter - --------------------------------------------------------------------------------- 
INFO  20:07:46,840 HelpFormatter - --------------------------------------------------------------------------------- 
INFO  20:07:46,979 GenomeAnalysisEngine - Strictness is SILENT 
INFO  20:07:47,142 GenomeAnalysisEngine - Downsampling Settings: No downsampling 
INFO  20:07:47,153 SAMDataSource$SAMReaders - Initializing SAMRecords in serial 
INFO  20:07:47,208 SAMDataSource$SAMReaders - Done initializing BAM readers: total time 0.05 
INFO  20:07:47,364 IntervalUtils - Processing 36422 bp from intervals 
INFO  20:07:47,444 GenomeAnalysisEngine - Preparing for traversal over 1 BAM files 
INFO  20:07:47,535 GenomeAnalysisEngine - Done preparing for traversal 
INFO  20:07:47,535 ProgressMeter - [INITIALIZATION COMPLETE; STARTING PROCESSING] 
INFO  20:07:47,536 ProgressMeter -                 | processed |    time |    per 1M |           |   total | remaining 
INFO  20:07:47,536 ProgressMeter -        Location |     reads | elapsed |     reads | completed | runtime |   runtime 
INFO  20:07:47,719 ReadShardBalancer$1 - Loading BAM index data 
INFO  20:07:47,720 ReadShardBalancer$1 - Done loading BAM index data 
INFO  20:07:53,513 ProgressMeter -            done       185.0     5.0 s       9.0 h       59.3%     8.0 s       3.0 s 
INFO  20:07:53,514 ProgressMeter - Total runtime 5.98 secs, 0.10 min, 0.00 hours 
INFO  20:07:53,519 MicroScheduler - 2013 reads were filtered out during the traversal out of approximately 2198 total reads (91.58%) 
INFO  20:07:53,520 MicroScheduler -   -> 0 reads (0.00% of total) failing BadCigarFilter 
INFO  20:07:53,521 MicroScheduler -   -> 2013 reads (91.58% of total) failing MalformedReadFilter 
