INFO  03:49:04,042 HelpFormatter - --------------------------------------------------------------------------------- 
INFO  03:49:04,045 HelpFormatter - The Genome Analysis Toolkit (GATK) v3.4-46-g8ea4dca, Compiled 2015/08/13 20:41:56 
INFO  03:49:04,340 HelpFormatter - Copyright (c) 2010 The Broad Institute 
INFO  03:49:04,340 HelpFormatter - For support and documentation go to http://www.broadinstitute.org/gatk 
INFO  03:49:04,344 HelpFormatter - Program Args: -T IndelRealigner -I /mnt/ssdbroad/output/Solexa-272221_gatk_best_practices_36t_30s_2016-02-11_11-59-19/Solexa-272221_dupRem.bam -L /mnt/ssdbroad/Broad_Ref_Pipeline_approved_package/workflow_profiler/.queue/scatterGather/ExampleIndelRealigner-1-sg/temp_34_of_36/scatter.intervals -R /mnt/ssdbroad/Broad_Ref_Pipeline_approved_package/homosapiensrefgenome/Homo_sapiens_assembly19.fasta -known /mnt/ssdbroad/Broad_Ref_Pipeline_approved_package/homosapiensrefgenome/Homo_sapiens_assembly19.known_indels.vcf -targetIntervals /mnt/ssdbroad/output/Solexa-272221_gatk_best_practices_36t_30s_2016-02-11_11-59-19/Solexa-272221_realn.intervals -o /mnt/ssdbroad/Broad_Ref_Pipeline_approved_package/workflow_profiler/.queue/scatterGather/ExampleIndelRealigner-1-sg/temp_34_of_36/Solexa-272221_realign.bam -filterNoBases 
INFO  03:49:04,399 HelpFormatter - Executing as beris@dna on Linux 2.6.32-573.el6.x86_64 amd64; OpenJDK 64-Bit Server VM 1.7.0_79-mockbuild_2015_07_24_09_26-b00. 
INFO  03:49:04,399 HelpFormatter - Date/Time: 2016/02/12 03:49:04 
INFO  03:49:04,400 HelpFormatter - --------------------------------------------------------------------------------- 
INFO  03:49:04,400 HelpFormatter - --------------------------------------------------------------------------------- 
INFO  03:49:06,640 GenomeAnalysisEngine - Strictness is SILENT 
INFO  03:49:07,082 GenomeAnalysisEngine - Downsampling Settings: No downsampling 
INFO  03:49:07,109 SAMDataSource$SAMReaders - Initializing SAMRecords in serial 
INFO  03:49:08,879 SAMDataSource$SAMReaders - Done initializing BAM readers: total time 1.77 
INFO  03:49:09,033 IntervalUtils - Processing 36422 bp from intervals 
INFO  03:49:09,190 GenomeAnalysisEngine - Preparing for traversal over 1 BAM files 
INFO  03:49:12,456 GenomeAnalysisEngine - Done preparing for traversal 
INFO  03:49:12,465 ProgressMeter - [INITIALIZATION COMPLETE; STARTING PROCESSING] 
INFO  03:49:12,466 ProgressMeter -                 | processed |    time |    per 1M |           |   total | remaining 
INFO  03:49:12,473 ProgressMeter -        Location |     reads | elapsed |     reads | completed | runtime |   runtime 
INFO  03:49:24,973 ReadShardBalancer$1 - Loading BAM index data 
INFO  03:49:24,989 ReadShardBalancer$1 - Done loading BAM index data 
INFO  03:49:44,190 ProgressMeter - GL000247.1:8607         0.0    31.0 s      52.5 w       23.6%     2.2 m     100.0 s 
INFO  03:49:47,594 ProgressMeter -            done     12911.0    35.0 s      45.3 m       99.9%    35.0 s       0.0 s 
INFO  03:49:47,595 ProgressMeter - Total runtime 35.13 secs, 0.59 min, 0.01 hours 
INFO  03:49:47,598 MicroScheduler - 15324 reads were filtered out during the traversal out of approximately 28235 total reads (54.27%) 
INFO  03:49:47,599 MicroScheduler -   -> 0 reads (0.00% of total) failing BadCigarFilter 
INFO  03:49:47,599 MicroScheduler -   -> 15324 reads (54.27% of total) failing MalformedReadFilter 
