INFO  20:06:12,710 HelpFormatter - --------------------------------------------------------------------------------- 
INFO  20:06:12,713 HelpFormatter - The Genome Analysis Toolkit (GATK) v3.4-46-g8ea4dca, Compiled 2015/08/13 20:41:56 
INFO  20:06:12,713 HelpFormatter - Copyright (c) 2010 The Broad Institute 
INFO  20:06:12,713 HelpFormatter - For support and documentation go to http://www.broadinstitute.org/gatk 
INFO  20:06:12,716 HelpFormatter - Program Args: -T PrintReads -I /mnt/nvme0n1/data/broadout/HG02571_gatk_best_practices_8t_30s_2016-07-06_18-21-01/HG02571_realign.bam -L /mnt/nvme0n1/Broad_Ref_Pipeline_approved_package/workflow_profiler/.queue/scatterGather/ExamplePrintReads-1-sg/temp_27_of_36/scatter.intervals -R /mnt/nvme0n1/Broad_Ref_Pipeline_approved_package/b37bundle/human_g1k_v37.fasta -BQSR /mnt/nvme0n1/data/broadout/HG02571_gatk_best_practices_8t_30s_2016-07-06_18-21-01/HG02571_recal.grp -o /mnt/nvme0n1/Broad_Ref_Pipeline_approved_package/workflow_profiler/.queue/scatterGather/ExamplePrintReads-1-sg/temp_27_of_36/HG02571_final.bam 
INFO  20:06:12,731 HelpFormatter - Executing as bshifaw@application-1-1.hudson.intel.com on Linux 3.10.0-327.el7.x86_64 amd64; OpenJDK 64-Bit Server VM 1.8.0_91-b14. 
INFO  20:06:12,731 HelpFormatter - Date/Time: 2016/07/06 20:06:12 
INFO  20:06:12,731 HelpFormatter - --------------------------------------------------------------------------------- 
INFO  20:06:12,732 HelpFormatter - --------------------------------------------------------------------------------- 
INFO  20:06:12,904 GenomeAnalysisEngine - Strictness is SILENT 
INFO  20:06:14,515 ContextCovariate - 		Context sizes: base substitution model 2, indel substitution model 3 
INFO  20:06:14,744 GenomeAnalysisEngine - Downsampling Settings: No downsampling 
INFO  20:06:14,767 SAMDataSource$SAMReaders - Initializing SAMRecords in serial 
INFO  20:06:14,927 SAMDataSource$SAMReaders - Done initializing BAM readers: total time 0.16 
INFO  20:06:14,984 IntervalUtils - Processing 15008 bp from intervals 
INFO  20:06:15,272 GenomeAnalysisEngine - Preparing for traversal over 1 BAM files 
INFO  20:06:15,698 GenomeAnalysisEngine - Done preparing for traversal 
INFO  20:06:15,713 ProgressMeter - [INITIALIZATION COMPLETE; STARTING PROCESSING] 
INFO  20:06:15,714 ProgressMeter -                 | processed |    time |    per 1M |           |   total | remaining 
INFO  20:06:15,718 ProgressMeter -        Location |     reads | elapsed |     reads | completed | runtime |   runtime 
INFO  20:06:15,778 ReadShardBalancer$1 - Loading BAM index data 
INFO  20:06:15,779 ReadShardBalancer$1 - Done loading BAM index data 
INFO  20:06:16,332 Walker - [REDUCE RESULT] Traversal result is: org.broadinstitute.gatk.engine.io.stubs.SAMFileWriterStub@5b58129f 
INFO  20:06:16,363 ProgressMeter -            done        12.0     0.0 s      15.3 h       11.5%     0.0 s       0.0 s 
INFO  20:06:16,363 ProgressMeter - Total runtime 0.66 secs, 0.01 min, 0.00 hours 
INFO  20:06:16,363 MicroScheduler - 0 reads were filtered out during the traversal out of approximately 12 total reads (0.00%) 
INFO  20:06:16,364 MicroScheduler -   -> 0 reads (0.00% of total) failing BadCigarFilter 
INFO  20:06:16,364 MicroScheduler -   -> 0 reads (0.00% of total) failing MalformedReadFilter 
