INFO  20:08:07,873 HelpFormatter - --------------------------------------------------------------------------------- 
INFO  20:08:07,876 HelpFormatter - The Genome Analysis Toolkit (GATK) v3.4-46-g8ea4dca, Compiled 2015/08/13 20:41:56 
INFO  20:08:07,909 HelpFormatter - Copyright (c) 2010 The Broad Institute 
INFO  20:08:07,909 HelpFormatter - For support and documentation go to http://www.broadinstitute.org/gatk 
INFO  20:08:07,968 HelpFormatter - Program Args: -T PrintReads -I /mnt/nvme0n1/data/broadout/HG02771_gatk_best_practices_8t_30s_2016-07-06_18-21-02/HG02771_realign.bam -L /mnt/nvme0n1/Broad_Ref_Pipeline_approved_package/workflow_profiler/.queue/scatterGather/ExamplePrintReads-1-sg/temp_27_of_36/scatter.intervals -R /mnt/nvme0n1/Broad_Ref_Pipeline_approved_package/b37bundle/human_g1k_v37.fasta -BQSR /mnt/nvme0n1/data/broadout/HG02771_gatk_best_practices_8t_30s_2016-07-06_18-21-02/HG02771_recal.grp -o /mnt/nvme0n1/Broad_Ref_Pipeline_approved_package/workflow_profiler/.queue/scatterGather/ExamplePrintReads-1-sg/temp_27_of_36/HG02771_final.bam 
INFO  20:08:08,186 HelpFormatter - Executing as bshifaw@application-1-1.hudson.intel.com on Linux 3.10.0-327.el7.x86_64 amd64; OpenJDK 64-Bit Server VM 1.8.0_91-b14. 
INFO  20:08:08,191 HelpFormatter - Date/Time: 2016/07/06 20:08:07 
INFO  20:08:08,192 HelpFormatter - --------------------------------------------------------------------------------- 
INFO  20:08:08,193 HelpFormatter - --------------------------------------------------------------------------------- 
INFO  20:08:09,945 GenomeAnalysisEngine - Strictness is SILENT 
INFO  20:08:13,312 ContextCovariate - 		Context sizes: base substitution model 2, indel substitution model 3 
INFO  20:08:13,549 GenomeAnalysisEngine - Downsampling Settings: No downsampling 
INFO  20:08:13,580 SAMDataSource$SAMReaders - Initializing SAMRecords in serial 
INFO  20:08:14,243 SAMDataSource$SAMReaders - Done initializing BAM readers: total time 0.66 
INFO  20:08:14,335 IntervalUtils - Processing 15008 bp from intervals 
INFO  20:08:14,868 GenomeAnalysisEngine - Preparing for traversal over 1 BAM files 
INFO  20:08:15,396 GenomeAnalysisEngine - Done preparing for traversal 
INFO  20:08:15,406 ProgressMeter - [INITIALIZATION COMPLETE; STARTING PROCESSING] 
INFO  20:08:15,407 ProgressMeter -                 | processed |    time |    per 1M |           |   total | remaining 
INFO  20:08:15,408 ProgressMeter -        Location |     reads | elapsed |     reads | completed | runtime |   runtime 
INFO  20:08:15,437 ReadShardBalancer$1 - Loading BAM index data 
INFO  20:08:15,512 ReadShardBalancer$1 - Done loading BAM index data 
INFO  20:08:16,673 Walker - [REDUCE RESULT] Traversal result is: org.broadinstitute.gatk.engine.io.stubs.SAMFileWriterStub@5b58129f 
INFO  20:08:16,736 ProgressMeter -            done        25.0     1.0 s      14.6 h        5.5%    18.0 s      17.0 s 
INFO  20:08:16,737 ProgressMeter - Total runtime 1.33 secs, 0.02 min, 0.00 hours 
INFO  20:08:16,737 MicroScheduler - 0 reads were filtered out during the traversal out of approximately 25 total reads (0.00%) 
INFO  20:08:16,737 MicroScheduler -   -> 0 reads (0.00% of total) failing BadCigarFilter 
INFO  20:08:16,738 MicroScheduler -   -> 0 reads (0.00% of total) failing MalformedReadFilter 
