INFO  09:26:31,752 HelpFormatter - --------------------------------------------------------------------------------- 
INFO  09:26:31,761 HelpFormatter - The Genome Analysis Toolkit (GATK) v3.4-46-g8ea4dca, Compiled 2015/08/13 20:41:56 
INFO  09:26:31,761 HelpFormatter - Copyright (c) 2010 The Broad Institute 
INFO  09:26:31,761 HelpFormatter - For support and documentation go to http://www.broadinstitute.org/gatk 
INFO  09:26:31,765 HelpFormatter - Program Args: -T PrintReads -I /mnt/ssdbroad/output/Solexa-272221_gatk_best_practices_36t_30s_2016-02-11_11-59-19/Solexa-272221_realign.bam -L /mnt/ssdbroad/Broad_Ref_Pipeline_approved_package/workflow_profiler/.queue/scatterGather/ExamplePrintReads-1-sg/temp_10_of_36/scatter.intervals -R /mnt/ssdbroad/Broad_Ref_Pipeline_approved_package/homosapiensrefgenome/Homo_sapiens_assembly19.fasta -BQSR /mnt/ssdbroad/output/Solexa-272221_gatk_best_practices_36t_30s_2016-02-11_11-59-19/Solexa-272221_recal.grp -o /mnt/ssdbroad/Broad_Ref_Pipeline_approved_package/workflow_profiler/.queue/scatterGather/ExamplePrintReads-1-sg/temp_10_of_36/Solexa-272221_final.bam 
INFO  09:26:31,788 HelpFormatter - Executing as beris@dna on Linux 2.6.32-573.el6.x86_64 amd64; OpenJDK 64-Bit Server VM 1.7.0_79-mockbuild_2015_07_24_09_26-b00. 
INFO  09:26:31,789 HelpFormatter - Date/Time: 2016/02/12 09:26:31 
INFO  09:26:31,789 HelpFormatter - --------------------------------------------------------------------------------- 
INFO  09:26:31,789 HelpFormatter - --------------------------------------------------------------------------------- 
INFO  09:26:31,972 GenomeAnalysisEngine - Strictness is SILENT 
INFO  09:26:33,357 ContextCovariate - 		Context sizes: base substitution model 2, indel substitution model 3 
INFO  09:26:33,434 GenomeAnalysisEngine - Downsampling Settings: No downsampling 
INFO  09:26:33,442 SAMDataSource$SAMReaders - Initializing SAMRecords in serial 
INFO  09:26:33,480 SAMDataSource$SAMReaders - Done initializing BAM readers: total time 0.04 
INFO  09:26:33,510 IntervalUtils - Processing 135534747 bp from intervals 
INFO  09:26:33,672 GenomeAnalysisEngine - Preparing for traversal over 1 BAM files 
INFO  09:26:34,222 GenomeAnalysisEngine - Done preparing for traversal 
INFO  09:26:34,226 ProgressMeter - [INITIALIZATION COMPLETE; STARTING PROCESSING] 
INFO  09:26:34,226 ProgressMeter -                 | processed |    time |    per 1M |           |   total | remaining 
INFO  09:26:34,233 ProgressMeter -        Location |     reads | elapsed |     reads | completed | runtime |   runtime 
INFO  09:26:34,249 ReadShardBalancer$1 - Loading BAM index data 
INFO  09:26:35,488 ReadShardBalancer$1 - Done loading BAM index data 
INFO  09:27:04,779 ProgressMeter -       10:169565         0.0    30.0 s      50.5 w        0.1%     6.7 h       6.7 h 
INFO  09:27:36,742 ProgressMeter -       10:817139    200003.0    62.0 s       5.2 m        0.6%     2.9 h       2.8 h 
INFO  09:28:07,321 ProgressMeter -      10:1151242    300004.0    93.0 s       5.2 m        0.8%     3.0 h       3.0 h 
INFO  09:28:37,340 ProgressMeter -      10:2135648    500007.0     2.1 m       4.1 m        1.6%     2.2 h       2.1 h 
INFO  09:29:07,341 ProgressMeter -      10:3075563    800011.0     2.6 m       3.2 m        2.3%   112.4 m     109.8 m 
INFO  09:29:37,342 ProgressMeter -      10:3953127   1000013.0     3.1 m       3.1 m        2.9%   104.6 m     101.5 m 
INFO  09:30:07,343 ProgressMeter -      10:4825315   1300016.0     3.6 m       2.7 m        3.6%    99.7 m      96.2 m 
INFO  09:30:37,344 ProgressMeter -      10:5873660   1600019.0     4.1 m       2.5 m        4.3%    93.5 m      89.4 m 
INFO  09:31:07,345 ProgressMeter -      10:6838518   1800022.0     4.6 m       2.5 m        5.0%    90.2 m      85.6 m 
INFO  09:31:37,346 ProgressMeter -      10:7747830   2100028.0     5.1 m       2.4 m        5.7%    88.3 m      83.3 m 
INFO  09:32:07,384 ProgressMeter -      10:8802328   2300031.0     5.6 m       2.4 m        6.5%    85.5 m      79.9 m 
INFO  09:32:37,576 ProgressMeter -      10:9637790   2600036.0     6.1 m       2.3 m        7.1%    85.1 m      79.0 m 
INFO  09:33:07,577 ProgressMeter -     10:10647379   2900040.0     6.6 m       2.3 m        7.9%    83.4 m      76.8 m 
INFO  09:33:37,704 ProgressMeter -     10:11657258   3100042.0     7.1 m       2.3 m        8.6%    82.0 m      74.9 m 
INFO  09:34:07,705 ProgressMeter -     10:12736481   3400046.0     7.6 m       2.2 m        9.4%    80.3 m      72.8 m 
INFO  09:34:37,706 ProgressMeter -     10:13806085   3700049.0     8.1 m       2.2 m       10.2%    79.0 m      71.0 m 
INFO  09:35:07,707 ProgressMeter -     10:14850352   4000054.0     8.6 m       2.1 m       11.0%    78.0 m      69.5 m 
INFO  09:35:37,708 ProgressMeter -     10:15810448   4300058.0     9.1 m       2.1 m       11.7%    77.6 m      68.5 m 
INFO  09:36:07,709 ProgressMeter -     10:16860211   4500060.0     9.6 m       2.1 m       12.4%    76.8 m      67.2 m 
INFO  09:36:37,710 ProgressMeter -     10:17928631   4800063.0    10.1 m       2.1 m       13.2%    76.0 m      65.9 m 
INFO  09:37:07,711 ProgressMeter -     10:19177896   5100066.0    10.6 m       2.1 m       14.1%    74.6 m      64.0 m 
INFO  09:37:37,712 ProgressMeter -     10:20197915   5400070.0    11.1 m       2.0 m       14.9%    74.1 m      63.1 m 
INFO  09:38:07,713 ProgressMeter -     10:21215850   5700073.0    11.6 m       2.0 m       15.7%    73.8 m      62.2 m 
INFO  09:38:37,715 ProgressMeter -     10:22143310   5900076.0    12.1 m       2.0 m       16.3%    73.8 m      61.7 m 
INFO  09:39:07,716 ProgressMeter -     10:23139880   6200081.0    12.6 m       2.0 m       17.1%    73.5 m      61.0 m 
INFO  09:39:37,717 ProgressMeter -     10:24103162   6500085.0    13.1 m     120.0 s       17.8%    73.4 m      60.3 m 
INFO  09:40:07,717 ProgressMeter -     10:25126674   6800088.0    13.6 m     119.0 s       18.5%    73.1 m      59.5 m 
INFO  09:40:37,718 ProgressMeter -     10:26175945   7000090.0    14.1 m     120.0 s       19.3%    72.7 m      58.7 m 
INFO  09:41:07,719 ProgressMeter -     10:27054345   7300094.0    14.6 m     119.0 s       20.0%    72.9 m      58.3 m 
INFO  09:41:37,720 ProgressMeter -     10:28082279   7600098.0    15.1 m     118.0 s       20.7%    72.6 m      57.6 m 
INFO  09:42:07,721 ProgressMeter -     10:29120224   7900101.0    15.6 m     118.0 s       21.5%    72.4 m      56.8 m 
INFO  09:42:37,722 ProgressMeter -     10:30212118   8200105.0    16.1 m     117.0 s       22.3%    72.0 m      56.0 m 
INFO  09:43:07,723 ProgressMeter -     10:31254385   8400107.0    16.6 m     118.0 s       23.1%    71.8 m      55.2 m 
INFO  09:43:37,724 ProgressMeter -     10:32149487   8700111.0    17.1 m     117.0 s       23.7%    71.9 m      54.8 m 
INFO  09:44:07,741 ProgressMeter -     10:33172509   9000114.0    17.6 m     117.0 s       24.5%    71.7 m      54.2 m 
INFO  09:44:37,752 ProgressMeter -     10:34183837   9200116.0    18.1 m     117.0 s       25.2%    71.6 m      53.5 m 
INFO  09:45:07,753 ProgressMeter -     10:35224118   9500121.0    18.6 m     117.0 s       26.0%    71.4 m      52.8 m 
INFO  09:45:37,754 ProgressMeter -     10:36268139   9800125.0    19.1 m     116.0 s       26.8%    71.2 m      52.1 m 
INFO  09:46:07,755 ProgressMeter -     10:37283044   1.0100131E7    19.6 m     116.0 s       27.5%    71.1 m      51.5 m 
INFO  09:46:37,756 ProgressMeter -     10:38369115   1.0400134E7    20.1 m     115.0 s       28.3%    70.8 m      50.8 m 
INFO  09:47:07,757 ProgressMeter -     10:38966327   1.0700173E7    20.6 m     115.0 s       28.8%    71.5 m      50.9 m 
INFO  09:47:37,763 ProgressMeter -     10:39118150   1.1000227E7    21.1 m     114.0 s       28.9%    72.9 m      51.9 m 
INFO  09:48:07,764 ProgressMeter -     10:39152349   1.1300624E7    21.6 m     114.0 s       28.9%    74.6 m      53.1 m 
INFO  09:48:37,765 ProgressMeter -     10:42360979   1.1701348E7    22.1 m     113.0 s       31.3%    70.5 m      48.5 m 
INFO  09:49:07,766 ProgressMeter -     10:42378340   1.2001435E7    22.6 m     112.0 s       31.3%    72.1 m      49.6 m 
INFO  09:49:37,777 ProgressMeter -     10:42384498    1.2302E7    23.1 m     112.0 s       31.3%    73.7 m      50.7 m 
INFO  09:50:07,778 ProgressMeter -     10:42385632   1.2603065E7    23.6 m     112.0 s       31.3%    75.3 m      51.8 m 
INFO  09:50:47,779 ProgressMeter -     10:42388473   1.3005764E7    24.2 m     111.0 s       31.3%    77.4 m      53.2 m 
INFO  09:51:27,780 ProgressMeter -     10:42393868   1.3407854E7    24.9 m     111.0 s       31.3%    79.6 m      54.7 m 
INFO  09:51:57,781 ProgressMeter -     10:42396777   1.3709072E7    25.4 m     111.0 s       31.3%    81.1 m      55.8 m 
INFO  09:52:37,782 ProgressMeter -     10:42400324   1.4111581E7    26.1 m     110.0 s       31.3%    83.3 m      57.2 m 
INFO  09:53:17,783 ProgressMeter -     10:42400728   1.4514139E7    26.7 m     110.0 s       31.3%    85.4 m      58.7 m 
INFO  09:53:47,784 ProgressMeter -     10:42528125   1.4815388E7    27.2 m     110.0 s       31.4%    86.7 m      59.5 m 
INFO  09:54:17,785 ProgressMeter -     10:42529627   1.5117339E7    27.7 m     110.0 s       31.4%    88.3 m      60.6 m 
INFO  09:54:47,811 ProgressMeter -     10:42535044   1.5418326E7    28.2 m     109.0 s       31.4%    89.9 m      61.7 m 
INFO  09:55:17,812 ProgressMeter -     10:42597092   1.571988E7    28.7 m     109.0 s       31.4%    91.4 m      62.7 m 
INFO  09:55:47,813 ProgressMeter -     10:42597634   1.6020394E7    29.2 m     109.0 s       31.4%    93.0 m      63.7 m 
INFO  09:56:17,910 ProgressMeter -     10:42599776   1.6422732E7    29.7 m     108.0 s       31.4%    94.5 m      64.8 m 
INFO  09:56:47,965 ProgressMeter -     10:42600064   1.6723781E7    30.2 m     108.0 s       31.4%    96.1 m      65.9 m 
INFO  09:57:17,966 ProgressMeter -     10:42758921   1.7024022E7    30.7 m     108.0 s       31.5%    97.4 m      66.6 m 
INFO  09:57:47,967 ProgressMeter -     10:43656006   1.7324039E7    31.2 m     108.0 s       32.2%    96.9 m      65.7 m 
INFO  09:58:17,968 ProgressMeter -     10:44762122   1.7624042E7    31.7 m     108.0 s       33.0%    96.0 m      64.3 m 
INFO  09:58:47,969 ProgressMeter -     10:45809443   1.7924045E7    32.2 m     107.0 s       33.8%    95.3 m      63.1 m 
INFO  09:59:17,970 ProgressMeter -     10:47052042   1.8224048E7    32.7 m     107.0 s       34.7%    94.2 m      61.5 m 
INFO  09:59:47,972 ProgressMeter -     10:48544738   1.842405E7    33.2 m     108.0 s       35.8%    92.7 m      59.5 m 
INFO  10:00:17,973 ProgressMeter -     10:49825580   1.8724053E7    33.7 m     108.0 s       36.8%    91.7 m      58.0 m 
INFO  10:00:47,974 ProgressMeter -     10:50834476   1.9024056E7    34.2 m     107.0 s       37.5%    91.2 m      57.0 m 
INFO  10:01:17,975 ProgressMeter -     10:52180046   1.9324059E7    34.7 m     107.0 s       38.5%    90.2 m      55.5 m 
INFO  10:01:48,388 ProgressMeter -     10:53167066   1.9524063E7    35.2 m     108.0 s       39.2%    89.8 m      54.6 m 
INFO  10:02:18,390 ProgressMeter -     10:54097403   1.9824069E7    35.7 m     108.0 s       39.9%    89.5 m      53.8 m 
INFO  10:02:48,391 ProgressMeter -     10:55071849   2.0124074E7    36.2 m     108.0 s       40.6%    89.2 m      52.9 m 
INFO  10:03:28,392 ProgressMeter -     10:56424599   2.0424077E7    36.9 m     108.0 s       41.6%    88.6 m      51.7 m 
INFO  10:03:58,393 ProgressMeter -     10:57477825   2.072408E7    37.4 m     108.0 s       42.4%    88.2 m      50.8 m 
INFO  10:04:28,394 ProgressMeter -     10:58484664   2.1024083E7    37.9 m     108.0 s       43.2%    87.8 m      49.9 m 
INFO  10:04:58,396 ProgressMeter -     10:59548676   2.1324086E7    38.4 m     108.0 s       43.9%    87.4 m      49.0 m 
INFO  10:05:28,397 ProgressMeter -     10:60559586   2.1624091E7    38.9 m     107.0 s       44.7%    87.1 m      48.2 m 
INFO  10:05:58,398 ProgressMeter -     10:61577601   2.1924095E7    39.4 m     107.0 s       45.4%    86.7 m      47.3 m 
INFO  10:06:28,399 ProgressMeter -     10:62626081   2.2224099E7    39.9 m     107.0 s       46.2%    86.4 m      46.5 m 
INFO  10:06:58,422 ProgressMeter -     10:63635662   2.2524102E7    40.4 m     107.0 s       47.0%    86.0 m      45.6 m 
INFO  10:07:28,423 ProgressMeter -     10:64681585   2.2824106E7    40.9 m     107.0 s       47.7%    85.7 m      44.8 m 
INFO  10:07:58,424 ProgressMeter -     10:65757786   2.3124109E7    41.4 m     107.0 s       48.5%    85.3 m      43.9 m 
INFO  10:08:28,528 ProgressMeter -     10:66788483   2.3424122E7    41.9 m     107.0 s       49.3%    85.0 m      43.1 m 
INFO  10:08:58,529 ProgressMeter -     10:67921942   2.3724125E7    42.4 m     107.0 s       50.1%    84.6 m      42.2 m 
INFO  10:09:28,530 ProgressMeter -     10:69078130   2.4024129E7    42.9 m     107.0 s       51.0%    84.2 m      41.3 m 
INFO  10:09:58,531 ProgressMeter -     10:70161080   2.4324133E7    43.4 m     107.0 s       51.8%    83.8 m      40.4 m 
INFO  10:10:28,532 ProgressMeter -     10:71361007   2.4624137E7    43.9 m     106.0 s       52.7%    83.4 m      39.5 m 
INFO  10:10:58,533 ProgressMeter -     10:72555530   2.4924141E7    44.4 m     106.0 s       53.5%    82.9 m      38.5 m 
INFO  10:11:28,535 ProgressMeter -     10:73750267   2.5224145E7    44.9 m     106.0 s       54.4%    82.5 m      37.6 m 
INFO  10:11:58,620 ProgressMeter -     10:74936975   2.562415E7    45.4 m     106.0 s       55.3%    82.1 m      36.7 m 
INFO  10:12:28,637 ProgressMeter -     10:76097262   2.5924155E7    45.9 m     106.0 s       56.1%    81.8 m      35.9 m 
INFO  10:12:58,638 ProgressMeter -     10:77297743   2.6224159E7    46.4 m     106.0 s       57.0%    81.4 m      35.0 m 
INFO  10:13:28,639 ProgressMeter -     10:78480462   2.6524162E7    46.9 m     106.0 s       57.9%    81.0 m      34.1 m 
INFO  10:13:58,669 ProgressMeter -     10:79672507   2.6924167E7    47.4 m     105.0 s       58.8%    80.6 m      33.2 m 
INFO  10:14:28,670 ProgressMeter -     10:80928263   2.7224171E7    47.9 m     105.0 s       59.7%    80.2 m      32.3 m 
INFO  10:14:58,671 ProgressMeter -     10:82138362   2.7524174E7    48.4 m     105.0 s       60.6%    79.9 m      31.5 m 
INFO  10:15:28,672 ProgressMeter -     10:83343881   2.7824177E7    48.9 m     105.0 s       61.5%    79.5 m      30.6 m 
INFO  10:15:58,743 ProgressMeter -     10:84518694   2.8224183E7    49.4 m     105.0 s       62.4%    79.2 m      29.8 m 
INFO  10:16:28,745 ProgressMeter -     10:85667734   2.8524188E7    49.9 m     104.0 s       63.2%    78.9 m      29.0 m 
INFO  10:16:58,746 ProgressMeter -     10:86896308   2.8824192E7    50.4 m     104.0 s       64.1%    78.6 m      28.2 m 
INFO  10:17:28,747 ProgressMeter -     10:88071768   2.9124196E7    50.9 m     104.0 s       65.0%    78.3 m      27.4 m 
INFO  10:17:58,748 ProgressMeter -     10:89299447   2.95242E7    51.4 m     104.0 s       65.9%    78.0 m      26.6 m 
INFO  10:18:28,750 ProgressMeter -     10:90395457   2.9824204E7    51.9 m     104.0 s       66.7%    77.8 m      25.9 m 
INFO  10:18:58,751 ProgressMeter -     10:91465332   3.0124208E7    52.4 m     104.0 s       67.5%    77.6 m      25.2 m 
INFO  10:19:28,753 ProgressMeter -     10:92537955   3.0424211E7    52.9 m     104.0 s       68.3%    77.5 m      24.6 m 
INFO  10:19:58,754 ProgressMeter -     10:93615267   3.0724215E7    53.4 m     104.0 s       69.1%    77.3 m      23.9 m 
INFO  10:20:28,754 ProgressMeter -     10:94710459   3.1024218E7    53.9 m     104.0 s       69.9%    77.1 m      23.2 m 
INFO  10:20:58,755 ProgressMeter -     10:95841316   3.1324222E7    54.4 m     104.0 s       70.7%    76.9 m      22.5 m 
INFO  10:21:28,756 ProgressMeter -     10:96916718   3.1624226E7    54.9 m     104.0 s       71.5%    76.8 m      21.9 m 
INFO  10:21:58,757 ProgressMeter -     10:97972348   3.192423E7    55.4 m     104.0 s       72.3%    76.6 m      21.2 m 
INFO  10:22:28,767 ProgressMeter -     10:98989992   3.2224233E7    55.9 m     104.0 s       73.0%    76.5 m      20.6 m 
INFO  10:22:58,768 ProgressMeter -    10:100131777   3.2524236E7    56.4 m     104.0 s       73.9%    76.3 m      19.9 m 
INFO  10:23:28,770 ProgressMeter -    10:101189399   3.2824239E7    56.9 m     104.0 s       74.7%    76.2 m      19.3 m 
INFO  10:23:59,242 ProgressMeter -    10:102249977   3.3124242E7    57.4 m     104.0 s       75.4%    76.1 m      18.7 m 
INFO  10:24:29,360 ProgressMeter -    10:103447787   3.3424248E7    57.9 m     103.0 s       76.3%    75.9 m      18.0 m 
INFO  10:24:59,878 ProgressMeter -    10:104542752   3.3724252E7    58.4 m     103.0 s       77.1%    75.7 m      17.3 m 
INFO  10:25:33,424 ProgressMeter -    10:105696952   3.3924254E7    59.0 m     104.0 s       78.0%    75.6 m      16.7 m 
INFO  10:26:03,927 ProgressMeter -    10:106789286   3.4324259E7    59.5 m     103.0 s       78.8%    75.5 m      16.0 m 
INFO  10:26:33,928 ProgressMeter -    10:107899539   3.4624263E7    60.0 m     103.0 s       79.6%    75.3 m      15.4 m 
INFO  10:27:03,928 ProgressMeter -    10:108955205   3.4824266E7    60.5 m     104.0 s       80.4%    75.2 m      14.8 m 
INFO  10:27:34,062 ProgressMeter -    10:110109787   3.522427E7    61.0 m     103.0 s       81.2%    75.1 m      14.1 m 
INFO  10:28:04,064 ProgressMeter -    10:111272044   3.5524273E7    61.5 m     103.0 s       82.1%    74.9 m      13.4 m 
INFO  10:28:34,065 ProgressMeter -    10:112409316   3.5924278E7    62.0 m     103.0 s       82.9%    74.7 m      12.8 m 
INFO  10:29:04,066 ProgressMeter -    10:113581942   3.6224283E7    62.5 m     103.0 s       83.8%    74.6 m      12.1 m 
INFO  10:29:34,067 ProgressMeter -    10:114843813   3.6524286E7    63.0 m     103.0 s       84.7%    74.3 m      11.3 m 
INFO  10:30:04,101 ProgressMeter -    10:116035174   3.6924291E7    63.5 m     103.0 s       85.6%    74.2 m      10.7 m 
INFO  10:30:34,104 ProgressMeter -    10:117222871   3.7224295E7    64.0 m     103.0 s       86.5%    74.0 m      10.0 m 
INFO  10:31:04,105 ProgressMeter -    10:118499781   3.7524305E7    64.5 m     103.0 s       87.4%    73.8 m       9.3 m 
INFO  10:31:34,360 ProgressMeter -    10:119808235   3.792431E7    65.0 m     102.0 s       88.4%    73.5 m       8.5 m 
INFO  10:32:04,361 ProgressMeter -    10:121159586   3.8324314E7    65.5 m     102.0 s       89.4%    73.3 m       7.8 m 
INFO  10:32:34,362 ProgressMeter -    10:122484314   3.8624318E7    66.0 m     102.0 s       90.4%    73.0 m       7.0 m 
INFO  10:33:04,363 ProgressMeter -    10:123814223   3.9024324E7    66.5 m     102.0 s       91.4%    72.8 m       6.3 m 
INFO  10:33:34,364 ProgressMeter -    10:125194175   3.9324328E7    67.0 m     102.0 s       92.4%    72.5 m       5.5 m 
INFO  10:34:04,365 ProgressMeter -    10:126605787   3.9724332E7    67.5 m     101.0 s       93.4%    72.3 m       4.8 m 
INFO  10:34:34,366 ProgressMeter -    10:127941810   4.0024335E7    68.0 m     101.0 s       94.4%    72.0 m       4.0 m 
INFO  10:35:05,025 ProgressMeter -    10:129479877   4.042434E7    68.5 m     101.0 s       95.5%    71.7 m       3.2 m 
INFO  10:35:35,150 ProgressMeter -    10:130832072   4.0824345E7    69.0 m     101.0 s       96.5%    71.5 m       2.5 m 
INFO  10:36:05,151 ProgressMeter -    10:132137131   4.1124348E7    69.5 m     101.0 s       97.5%    71.3 m     107.0 s 
INFO  10:36:35,152 ProgressMeter -    10:133526859   4.1524353E7    70.0 m     101.0 s       98.5%    71.1 m      63.0 s 
INFO  10:37:05,253 ProgressMeter -    10:134965542   4.1824356E7    70.5 m     101.0 s       99.6%    70.8 m      17.0 s 
INFO  10:37:24,702 Walker - [REDUCE RESULT] Traversal result is: org.broadinstitute.gatk.engine.io.stubs.SAMFileWriterStub@4e326f04 
INFO  10:37:24,839 ProgressMeter -            done   4.209321E7    70.8 m     100.0 s      100.0%    70.8 m       0.0 s 
INFO  10:37:24,840 ProgressMeter - Total runtime 4250.61 secs, 70.84 min, 1.18 hours 
INFO  10:37:24,840 MicroScheduler - 0 reads were filtered out during the traversal out of approximately 42093210 total reads (0.00%) 
INFO  10:37:24,841 MicroScheduler -   -> 0 reads (0.00% of total) failing BadCigarFilter 
INFO  10:37:24,842 MicroScheduler -   -> 0 reads (0.00% of total) failing MalformedReadFilter 
