INFO  19:29:11,409 HelpFormatter - --------------------------------------------------------------------------------- 
INFO  19:29:11,417 HelpFormatter - The Genome Analysis Toolkit (GATK) v3.4-46-g8ea4dca, Compiled 2015/08/13 20:41:56 
INFO  19:29:11,417 HelpFormatter - Copyright (c) 2010 The Broad Institute 
INFO  19:29:11,417 HelpFormatter - For support and documentation go to http://www.broadinstitute.org/gatk 
INFO  19:29:11,420 HelpFormatter - Program Args: -T IndelRealigner -I /mnt/nvme0n1/data/broadout/HG02571_gatk_best_practices_8t_30s_2016-07-06_18-21-01/HG02571_dupRem.bam -L /mnt/nvme0n1/Broad_Ref_Pipeline_approved_package/workflow_profiler/.queue/scatterGather/ExampleIndelRealigner-1-sg/temp_10_of_36/scatter.intervals -R /mnt/nvme0n1/Broad_Ref_Pipeline_approved_package/b37bundle/human_g1k_v37.fasta -known /mnt/nvme0n1/Broad_Ref_Pipeline_approved_package/b37bundle/1000G_phase1.indels.b37.vcf -targetIntervals /mnt/nvme0n1/data/broadout/HG02571_gatk_best_practices_8t_30s_2016-07-06_18-21-01/HG02571_realn.intervals -o /mnt/nvme0n1/Broad_Ref_Pipeline_approved_package/workflow_profiler/.queue/scatterGather/ExampleIndelRealigner-1-sg/temp_10_of_36/HG02571_realign.bam -filterNoBases 
INFO  19:29:11,435 HelpFormatter - Executing as bshifaw@application-1-1.hudson.intel.com on Linux 3.10.0-327.el7.x86_64 amd64; OpenJDK 64-Bit Server VM 1.8.0_91-b14. 
INFO  19:29:11,436 HelpFormatter - Date/Time: 2016/07/06 19:29:11 
INFO  19:29:11,437 HelpFormatter - --------------------------------------------------------------------------------- 
INFO  19:29:11,437 HelpFormatter - --------------------------------------------------------------------------------- 
INFO  19:29:12,143 GenomeAnalysisEngine - Strictness is SILENT 
INFO  19:29:12,367 GenomeAnalysisEngine - Downsampling Settings: No downsampling 
INFO  19:29:12,373 SAMDataSource$SAMReaders - Initializing SAMRecords in serial 
INFO  19:29:12,566 SAMDataSource$SAMReaders - Done initializing BAM readers: total time 0.19 
INFO  19:29:12,856 IntervalUtils - Processing 135534747 bp from intervals 
INFO  19:29:13,127 GenomeAnalysisEngine - Preparing for traversal over 1 BAM files 
INFO  19:29:13,890 GenomeAnalysisEngine - Done preparing for traversal 
INFO  19:29:13,891 ProgressMeter - [INITIALIZATION COMPLETE; STARTING PROCESSING] 
INFO  19:29:13,891 ProgressMeter -                 | processed |    time |    per 1M |           |   total | remaining 
INFO  19:29:13,891 ProgressMeter -        Location |     reads | elapsed |     reads | completed | runtime |   runtime 
INFO  19:29:14,261 ReadShardBalancer$1 - Loading BAM index data 
INFO  19:29:15,396 ReadShardBalancer$1 - Done loading BAM index data 
INFO  19:29:43,951 ProgressMeter -      10:5788180    100001.0    30.0 s       5.0 m        4.3%    11.7 m      11.2 m 
INFO  19:30:15,150 ProgressMeter -     10:16916456    300006.0    61.0 s       3.4 m       12.5%     8.1 m       7.1 m 
INFO  19:30:47,273 ProgressMeter -     10:37476926    900018.0    93.0 s     103.0 s       27.7%     5.6 m       4.1 m 
INFO  19:31:17,741 ProgressMeter -     10:51582280   1300024.0     2.1 m      95.0 s       38.1%     5.4 m       3.3 m 
INFO  19:31:48,199 ProgressMeter -     10:76790426   2100047.0     2.6 m      73.0 s       56.7%     4.5 m     117.0 s 
INFO  19:32:18,201 ProgressMeter -     10:99016173   2800073.0     3.1 m      65.0 s       73.1%     4.2 m      67.0 s 
INFO  19:32:48,202 ProgressMeter -    10:127697721   3900106.0     3.6 m      54.0 s       94.2%     3.8 m      13.0 s 
INFO  19:32:52,910 ProgressMeter -            done   4222292.0     3.7 m      51.0 s      100.0%     3.7 m       0.0 s 
INFO  19:32:52,910 ProgressMeter - Total runtime 219.02 secs, 3.65 min, 0.06 hours 
INFO  19:32:52,914 MicroScheduler - 113985 reads were filtered out during the traversal out of approximately 4336277 total reads (2.63%) 
INFO  19:32:52,914 MicroScheduler -   -> 0 reads (0.00% of total) failing BadCigarFilter 
INFO  19:32:52,914 MicroScheduler -   -> 113985 reads (2.63% of total) failing MalformedReadFilter 
