INFO  11:29:12,632 HelpFormatter - --------------------------------------------------------------------------------- 
INFO  11:29:12,634 HelpFormatter - The Genome Analysis Toolkit (GATK) v3.4-46-g8ea4dca, Compiled 2015/08/13 20:41:56 
INFO  11:29:12,634 HelpFormatter - Copyright (c) 2010 The Broad Institute 
INFO  11:29:12,634 HelpFormatter - For support and documentation go to http://www.broadinstitute.org/gatk 
INFO  11:29:12,638 HelpFormatter - Program Args: -T BaseRecalibrator -I /mnt/ssdbroad/output/sim1M_pairs_gatk_best_practices_36t_30s_2016-02-11_11-03-56/sim1M_pairs_realign.bam -L /mnt/ssdbroad/Broad_Ref_Pipeline_approved_package/workflow_profiler/.queue/scatterGather/ExampleBaseRecalibrator-1-sg/temp_27_of_36/scatter.intervals -R /mnt/ssdbroad/Broad_Ref_Pipeline_approved_package/homosapiensrefgenome/Homo_sapiens_assembly19.fasta -knownSites /mnt/ssdbroad/Broad_Ref_Pipeline_approved_package/homosapiensrefgenome/Homo_sapiens_assembly19.dbsnp.vcf -o /mnt/ssdbroad/Broad_Ref_Pipeline_approved_package/workflow_profiler/.queue/scatterGather/ExampleBaseRecalibrator-1-sg/temp_27_of_36/sim1M_pairs_recal.grp 
INFO  11:29:12,654 HelpFormatter - Executing as beris@dna on Linux 2.6.32-573.el6.x86_64 amd64; OpenJDK 64-Bit Server VM 1.7.0_79-mockbuild_2015_07_24_09_26-b00. 
INFO  11:29:12,654 HelpFormatter - Date/Time: 2016/02/11 11:29:12 
INFO  11:29:12,654 HelpFormatter - --------------------------------------------------------------------------------- 
INFO  11:29:12,654 HelpFormatter - --------------------------------------------------------------------------------- 
INFO  11:29:12,762 GenomeAnalysisEngine - Strictness is SILENT 
INFO  11:29:12,902 GenomeAnalysisEngine - Downsampling Settings: No downsampling 
INFO  11:29:12,920 SAMDataSource$SAMReaders - Initializing SAMRecords in serial 
INFO  11:29:12,995 SAMDataSource$SAMReaders - Done initializing BAM readers: total time 0.07 
WARN  11:33:22,995 RMDTrackBuilder - Unable to write to /mnt/ssdbroad/Broad_Ref_Pipeline_approved_package/homosapiensrefgenome/Homo_sapiens_assembly19.dbsnp.vcf.idx for the index file, creating index in memory only 
INFO  11:33:23,030 IntervalUtils - Processing 15008 bp from intervals 
INFO  11:33:23,860 GenomeAnalysisEngine - Preparing for traversal over 1 BAM files 
INFO  11:33:23,977 GenomeAnalysisEngine - Done preparing for traversal 
INFO  11:33:23,978 ProgressMeter - [INITIALIZATION COMPLETE; STARTING PROCESSING] 
INFO  11:33:23,978 ProgressMeter -                 | processed |    time |    per 1M |           |   total | remaining 
INFO  11:33:23,979 ProgressMeter -        Location |     reads | elapsed |     reads | completed | runtime |   runtime 
INFO  11:33:24,100 BaseRecalibrator - The covariates being used here:  
INFO  11:33:24,103 BaseRecalibrator - 	ReadGroupCovariate 
INFO  11:33:24,103 BaseRecalibrator - 	QualityScoreCovariate 
INFO  11:33:24,104 BaseRecalibrator - 	ContextCovariate 
INFO  11:33:24,107 ContextCovariate - 		Context sizes: base substitution model 2, indel substitution model 3 
INFO  11:33:24,107 BaseRecalibrator - 	CycleCovariate 
INFO  11:33:24,110 ReadShardBalancer$1 - Loading BAM index data 
INFO  11:33:24,113 ReadShardBalancer$1 - Done loading BAM index data 
INFO  11:33:24,219 BaseRecalibrator - Calculating quantized quality scores... 
INFO  11:33:24,316 BaseRecalibrator - Writing recalibration report... 
INFO  11:33:25,238 BaseRecalibrator - ...done! 
INFO  11:33:25,239 BaseRecalibrator - BaseRecalibrator was able to recalibrate 4 reads 
INFO  11:33:25,240 ProgressMeter -            done         4.0     1.0 s      87.6 h       31.4%     3.0 s       2.0 s 
INFO  11:33:25,241 ProgressMeter - Total runtime 1.26 secs, 0.02 min, 0.00 hours 
INFO  11:33:25,241 MicroScheduler - 6 reads were filtered out during the traversal out of approximately 10 total reads (60.00%) 
INFO  11:33:25,242 MicroScheduler -   -> 0 reads (0.00% of total) failing BadCigarFilter 
INFO  11:33:25,242 MicroScheduler -   -> 0 reads (0.00% of total) failing DuplicateReadFilter 
INFO  11:33:25,242 MicroScheduler -   -> 0 reads (0.00% of total) failing FailsVendorQualityCheckFilter 
INFO  11:33:25,242 MicroScheduler -   -> 0 reads (0.00% of total) failing MalformedReadFilter 
INFO  11:33:25,243 MicroScheduler -   -> 0 reads (0.00% of total) failing MappingQualityUnavailableFilter 
INFO  11:33:25,243 MicroScheduler -   -> 6 reads (60.00% of total) failing MappingQualityZeroFilter 
INFO  11:33:25,243 MicroScheduler -   -> 0 reads (0.00% of total) failing NotPrimaryAlignmentFilter 
INFO  11:33:25,243 MicroScheduler -   -> 0 reads (0.00% of total) failing UnmappedReadFilter 
