INFO  07:30:28,016 HelpFormatter - --------------------------------------------------------------------------------- 
INFO  07:30:28,018 HelpFormatter - The Genome Analysis Toolkit (GATK) v3.4-46-g8ea4dca, Compiled 2015/08/13 20:41:56 
INFO  07:30:28,019 HelpFormatter - Copyright (c) 2010 The Broad Institute 
INFO  07:30:28,019 HelpFormatter - For support and documentation go to http://www.broadinstitute.org/gatk 
INFO  07:30:28,022 HelpFormatter - Program Args: -T BaseRecalibrator -I /mnt/ssdbroad/output/Solexa-272221_gatk_best_practices_36t_30s_2016-02-11_11-59-19/Solexa-272221_realign.bam -L /mnt/ssdbroad/Broad_Ref_Pipeline_approved_package/workflow_profiler/.queue/scatterGather/ExampleBaseRecalibrator-1-sg/temp_27_of_36/scatter.intervals -R /mnt/ssdbroad/Broad_Ref_Pipeline_approved_package/homosapiensrefgenome/Homo_sapiens_assembly19.fasta -knownSites /mnt/ssdbroad/Broad_Ref_Pipeline_approved_package/homosapiensrefgenome/Homo_sapiens_assembly19.dbsnp.vcf -o /mnt/ssdbroad/Broad_Ref_Pipeline_approved_package/workflow_profiler/.queue/scatterGather/ExampleBaseRecalibrator-1-sg/temp_27_of_36/Solexa-272221_recal.grp 
INFO  07:30:28,042 HelpFormatter - Executing as beris@dna on Linux 2.6.32-573.el6.x86_64 amd64; OpenJDK 64-Bit Server VM 1.7.0_79-mockbuild_2015_07_24_09_26-b00. 
INFO  07:30:28,042 HelpFormatter - Date/Time: 2016/02/12 07:30:28 
INFO  07:30:28,042 HelpFormatter - --------------------------------------------------------------------------------- 
INFO  07:30:28,043 HelpFormatter - --------------------------------------------------------------------------------- 
INFO  07:30:28,179 GenomeAnalysisEngine - Strictness is SILENT 
INFO  07:30:28,487 GenomeAnalysisEngine - Downsampling Settings: No downsampling 
INFO  07:30:28,495 SAMDataSource$SAMReaders - Initializing SAMRecords in serial 
INFO  07:30:28,549 SAMDataSource$SAMReaders - Done initializing BAM readers: total time 0.05 
INFO  07:30:28,741 IntervalUtils - Processing 15008 bp from intervals 
INFO  07:30:28,854 GenomeAnalysisEngine - Preparing for traversal over 1 BAM files 
INFO  07:30:28,938 GenomeAnalysisEngine - Done preparing for traversal 
INFO  07:30:28,940 ProgressMeter - [INITIALIZATION COMPLETE; STARTING PROCESSING] 
INFO  07:30:28,940 ProgressMeter -                 | processed |    time |    per 1M |           |   total | remaining 
INFO  07:30:28,941 ProgressMeter -        Location |     reads | elapsed |     reads | completed | runtime |   runtime 
INFO  07:30:29,993 BaseRecalibrator - The covariates being used here:  
INFO  07:30:30,041 BaseRecalibrator - 	ReadGroupCovariate 
INFO  07:30:30,041 BaseRecalibrator - 	QualityScoreCovariate 
INFO  07:30:30,042 BaseRecalibrator - 	ContextCovariate 
INFO  07:30:30,042 ContextCovariate - 		Context sizes: base substitution model 2, indel substitution model 3 
INFO  07:30:30,042 BaseRecalibrator - 	CycleCovariate 
INFO  07:30:30,045 ReadShardBalancer$1 - Loading BAM index data 
INFO  07:30:30,046 ReadShardBalancer$1 - Done loading BAM index data 
INFO  07:31:01,742 ProgressMeter - GL000226.1:2076         0.0    32.0 s      54.2 w       13.8%     3.9 m       3.3 m 
INFO  07:31:31,767 ProgressMeter - GL000226.1:14447    100012.0    62.0 s      10.5 m       96.3%    64.0 s       2.0 s 
INFO  07:31:37,834 BaseRecalibrator - Calculating quantized quality scores... 
INFO  07:31:37,910 BaseRecalibrator - Writing recalibration report... 
INFO  07:31:39,191 BaseRecalibrator - ...done! 
INFO  07:31:39,192 BaseRecalibrator - BaseRecalibrator was able to recalibrate 202051 reads 
INFO  07:31:39,192 ProgressMeter -            done    202070.0    70.0 s       5.8 m      100.0%    70.0 s       0.0 s 
INFO  07:31:39,192 ProgressMeter - Total runtime 70.25 secs, 1.17 min, 0.02 hours 
INFO  07:31:39,193 MicroScheduler - 1033772 reads were filtered out during the traversal out of approximately 1235842 total reads (83.65%) 
INFO  07:31:39,193 MicroScheduler -   -> 0 reads (0.00% of total) failing BadCigarFilter 
INFO  07:31:39,193 MicroScheduler -   -> 79402 reads (6.42% of total) failing DuplicateReadFilter 
INFO  07:31:39,194 MicroScheduler -   -> 0 reads (0.00% of total) failing FailsVendorQualityCheckFilter 
INFO  07:31:39,194 MicroScheduler -   -> 0 reads (0.00% of total) failing MalformedReadFilter 
INFO  07:31:39,194 MicroScheduler -   -> 0 reads (0.00% of total) failing MappingQualityUnavailableFilter 
INFO  07:31:39,194 MicroScheduler -   -> 954253 reads (77.21% of total) failing MappingQualityZeroFilter 
INFO  07:31:39,194 MicroScheduler -   -> 117 reads (0.01% of total) failing NotPrimaryAlignmentFilter 
INFO  07:31:39,194 MicroScheduler -   -> 0 reads (0.00% of total) failing UnmappedReadFilter 
