INFO  19:29:58,299 HelpFormatter - --------------------------------------------------------------------------------- 
INFO  19:29:58,301 HelpFormatter - The Genome Analysis Toolkit (GATK) v3.4-46-g8ea4dca, Compiled 2015/08/13 20:41:56 
INFO  19:29:58,301 HelpFormatter - Copyright (c) 2010 The Broad Institute 
INFO  19:29:58,301 HelpFormatter - For support and documentation go to http://www.broadinstitute.org/gatk 
INFO  19:29:58,312 HelpFormatter - Program Args: -T IndelRealigner -I /mnt/nvme0n1/data/broadout/HG02561_gatk_best_practices_8t_30s_2016-07-06_18-21-00/HG02561_dupRem.bam -L /mnt/nvme0n1/Broad_Ref_Pipeline_approved_package/workflow_profiler/.queue/scatterGather/ExampleIndelRealigner-1-sg/temp_08_of_36/scatter.intervals -R /mnt/nvme0n1/Broad_Ref_Pipeline_approved_package/b37bundle/human_g1k_v37.fasta -known /mnt/nvme0n1/Broad_Ref_Pipeline_approved_package/b37bundle/1000G_phase1.indels.b37.vcf -targetIntervals /mnt/nvme0n1/data/broadout/HG02561_gatk_best_practices_8t_30s_2016-07-06_18-21-00/HG02561_realn.intervals -o /mnt/nvme0n1/Broad_Ref_Pipeline_approved_package/workflow_profiler/.queue/scatterGather/ExampleIndelRealigner-1-sg/temp_08_of_36/HG02561_realign.bam -filterNoBases 
INFO  19:29:58,359 HelpFormatter - Executing as bshifaw@application-1-1.hudson.intel.com on Linux 3.10.0-327.el7.x86_64 amd64; OpenJDK 64-Bit Server VM 1.8.0_91-b14. 
INFO  19:29:58,363 HelpFormatter - Date/Time: 2016/07/06 19:29:58 
INFO  19:29:58,367 HelpFormatter - --------------------------------------------------------------------------------- 
INFO  19:29:58,368 HelpFormatter - --------------------------------------------------------------------------------- 
INFO  19:29:58,980 GenomeAnalysisEngine - Strictness is SILENT 
INFO  19:29:59,233 GenomeAnalysisEngine - Downsampling Settings: No downsampling 
INFO  19:29:59,246 SAMDataSource$SAMReaders - Initializing SAMRecords in serial 
INFO  19:29:59,450 SAMDataSource$SAMReaders - Done initializing BAM readers: total time 0.20 
INFO  19:29:59,918 IntervalUtils - Processing 146364022 bp from intervals 
INFO  19:30:00,193 GenomeAnalysisEngine - Preparing for traversal over 1 BAM files 
INFO  19:30:00,797 GenomeAnalysisEngine - Done preparing for traversal 
INFO  19:30:00,797 ProgressMeter - [INITIALIZATION COMPLETE; STARTING PROCESSING] 
INFO  19:30:00,798 ProgressMeter -                 | processed |    time |    per 1M |           |   total | remaining 
INFO  19:30:00,798 ProgressMeter -        Location |     reads | elapsed |     reads | completed | runtime |   runtime 
INFO  19:30:01,217 ReadShardBalancer$1 - Loading BAM index data 
INFO  19:30:02,304 ReadShardBalancer$1 - Done loading BAM index data 
INFO  19:30:30,968 ProgressMeter -       8:7573037    100001.0    30.0 s       5.0 m        5.2%     9.7 m       9.2 m 
INFO  19:31:00,983 ProgressMeter -      8:22463693    600012.0    60.0 s     100.0 s       15.3%     6.5 m       5.5 m 
INFO  19:31:30,984 ProgressMeter -      8:41791291   1100017.0    90.0 s      81.0 s       28.6%     5.3 m       3.8 m 
INFO  19:32:01,069 ProgressMeter -      8:86567573   1800038.0   120.0 s      66.0 s       59.1%     3.4 m      82.0 s 
INFO  19:32:31,429 ProgressMeter -     8:126163466   2800060.0     2.5 m      53.0 s       86.2%     2.9 m      24.0 s 
INFO  19:32:42,935 ProgressMeter -            done   3386571.0     2.7 m      47.0 s       99.9%     2.7 m       0.0 s 
INFO  19:32:42,935 ProgressMeter - Total runtime 162.14 secs, 2.70 min, 0.05 hours 
INFO  19:32:42,950 MicroScheduler - 116310 reads were filtered out during the traversal out of approximately 3502881 total reads (3.32%) 
INFO  19:32:42,950 MicroScheduler -   -> 0 reads (0.00% of total) failing BadCigarFilter 
INFO  19:32:42,950 MicroScheduler -   -> 116310 reads (3.32% of total) failing MalformedReadFilter 
