INFO  19:29:05,138 HelpFormatter - --------------------------------------------------------------------------------- 
INFO  19:29:05,158 HelpFormatter - The Genome Analysis Toolkit (GATK) v3.4-46-g8ea4dca, Compiled 2015/08/13 20:41:56 
INFO  19:29:05,159 HelpFormatter - Copyright (c) 2010 The Broad Institute 
INFO  19:29:05,159 HelpFormatter - For support and documentation go to http://www.broadinstitute.org/gatk 
INFO  19:29:05,163 HelpFormatter - Program Args: -T IndelRealigner -I /mnt/nvme0n1/data/broadout/HG02571_gatk_best_practices_8t_30s_2016-07-06_18-21-01/HG02571_dupRem.bam -L /mnt/nvme0n1/Broad_Ref_Pipeline_approved_package/workflow_profiler/.queue/scatterGather/ExampleIndelRealigner-1-sg/temp_08_of_36/scatter.intervals -R /mnt/nvme0n1/Broad_Ref_Pipeline_approved_package/b37bundle/human_g1k_v37.fasta -known /mnt/nvme0n1/Broad_Ref_Pipeline_approved_package/b37bundle/1000G_phase1.indels.b37.vcf -targetIntervals /mnt/nvme0n1/data/broadout/HG02571_gatk_best_practices_8t_30s_2016-07-06_18-21-01/HG02571_realn.intervals -o /mnt/nvme0n1/Broad_Ref_Pipeline_approved_package/workflow_profiler/.queue/scatterGather/ExampleIndelRealigner-1-sg/temp_08_of_36/HG02571_realign.bam -filterNoBases 
INFO  19:29:05,199 HelpFormatter - Executing as bshifaw@application-1-1.hudson.intel.com on Linux 3.10.0-327.el7.x86_64 amd64; OpenJDK 64-Bit Server VM 1.8.0_91-b14. 
INFO  19:29:05,201 HelpFormatter - Date/Time: 2016/07/06 19:29:05 
INFO  19:29:05,201 HelpFormatter - --------------------------------------------------------------------------------- 
INFO  19:29:05,203 HelpFormatter - --------------------------------------------------------------------------------- 
INFO  19:29:07,684 GenomeAnalysisEngine - Strictness is SILENT 
INFO  19:29:07,852 GenomeAnalysisEngine - Downsampling Settings: No downsampling 
INFO  19:29:07,872 SAMDataSource$SAMReaders - Initializing SAMRecords in serial 
INFO  19:29:08,049 SAMDataSource$SAMReaders - Done initializing BAM readers: total time 0.18 
INFO  19:29:08,340 IntervalUtils - Processing 146364022 bp from intervals 
INFO  19:29:08,508 GenomeAnalysisEngine - Preparing for traversal over 1 BAM files 
INFO  19:29:09,154 GenomeAnalysisEngine - Done preparing for traversal 
INFO  19:29:09,155 ProgressMeter - [INITIALIZATION COMPLETE; STARTING PROCESSING] 
INFO  19:29:09,155 ProgressMeter -                 | processed |    time |    per 1M |           |   total | remaining 
INFO  19:29:09,155 ProgressMeter -        Location |     reads | elapsed |     reads | completed | runtime |   runtime 
INFO  19:29:09,424 ReadShardBalancer$1 - Loading BAM index data 
INFO  19:29:10,287 ReadShardBalancer$1 - Done loading BAM index data 
INFO  19:29:40,055 ProgressMeter -       8:6836142         0.0    30.0 s      51.1 w        4.7%    10.7 m      10.2 m 
INFO  19:30:10,134 ProgressMeter -      8:17067524    400028.0    60.0 s       2.5 m       11.7%     8.6 m       7.6 m 
INFO  19:30:40,135 ProgressMeter -      8:28981022    800042.0    90.0 s     113.0 s       19.8%     7.6 m       6.1 m 
INFO  19:31:10,137 ProgressMeter -      8:56675248   1300056.0   120.0 s      93.0 s       38.7%     5.2 m       3.2 m 
INFO  19:31:40,138 ProgressMeter -      8:86827177   1900079.0     2.5 m      79.0 s       59.3%     4.2 m     102.0 s 
INFO  19:32:10,139 ProgressMeter -     8:124267802   2700094.0     3.0 m      67.0 s       84.9%     3.5 m      32.0 s 
INFO  19:32:26,776 ProgressMeter -            done   3309245.0     3.3 m      59.0 s       99.9%     3.3 m       0.0 s 
INFO  19:32:26,777 ProgressMeter - Total runtime 197.62 secs, 3.29 min, 0.05 hours 
INFO  19:32:26,780 MicroScheduler - 120424 reads were filtered out during the traversal out of approximately 3429669 total reads (3.51%) 
INFO  19:32:26,780 MicroScheduler -   -> 0 reads (0.00% of total) failing BadCigarFilter 
INFO  19:32:26,785 MicroScheduler -   -> 120424 reads (3.51% of total) failing MalformedReadFilter 
