INFO  14:18:39,975 HelpFormatter - --------------------------------------------------------------------------------- 
INFO  14:18:39,980 HelpFormatter - The Genome Analysis Toolkit (GATK) v3.4-46-g8ea4dca, Compiled 2015/08/13 20:41:56 
INFO  14:18:39,980 HelpFormatter - Copyright (c) 2010 The Broad Institute 
INFO  14:18:39,981 HelpFormatter - For support and documentation go to http://www.broadinstitute.org/gatk 
INFO  14:18:39,984 HelpFormatter - Program Args: -T IndelRealigner -I /mnt/sdb/data/broadout/sim1M_pairs_gatk_best_practices_12t_30s_2016-07-25_14-09-52/sim1M_pairs_dupRem.bam -L /mnt/sdb/Broad_Ref_Pipeline_approved_package/workflow_profiler/.queue/scatterGather/ExampleIndelRealigner-1-sg/temp_08_of_36/scatter.intervals -R /mnt/sdb/Broad_Ref_Pipeline_approved_package/b37bundle/human_g1k_v37.fasta -known /mnt/sdb/Broad_Ref_Pipeline_approved_package/b37bundle/1000G_phase1.indels.b37.vcf -targetIntervals /mnt/sdb/data/broadout/sim1M_pairs_gatk_best_practices_12t_30s_2016-07-25_14-09-52/sim1M_pairs_realn.intervals -o /mnt/sdb/Broad_Ref_Pipeline_approved_package/workflow_profiler/.queue/scatterGather/ExampleIndelRealigner-1-sg/temp_08_of_36/sim1M_pairs_realign.bam -filterNoBases 
INFO  14:18:39,990 HelpFormatter - Executing as bshifaw@application-0-1.hudson.intel.com on Linux 3.10.0-327.el7.x86_64 amd64; OpenJDK 64-Bit Server VM 1.8.0_101-b13. 
INFO  14:18:39,991 HelpFormatter - Date/Time: 2016/07/25 14:18:39 
INFO  14:18:39,991 HelpFormatter - --------------------------------------------------------------------------------- 
INFO  14:18:39,991 HelpFormatter - --------------------------------------------------------------------------------- 
INFO  14:18:40,143 GenomeAnalysisEngine - Strictness is SILENT 
INFO  14:18:40,311 GenomeAnalysisEngine - Downsampling Settings: No downsampling 
INFO  14:18:40,317 SAMDataSource$SAMReaders - Initializing SAMRecords in serial 
INFO  14:18:40,407 SAMDataSource$SAMReaders - Done initializing BAM readers: total time 0.09 
INFO  14:18:40,645 IntervalUtils - Processing 146364022 bp from intervals 
INFO  14:18:40,797 GenomeAnalysisEngine - Preparing for traversal over 1 BAM files 
INFO  14:18:41,137 GenomeAnalysisEngine - Done preparing for traversal 
INFO  14:18:41,141 ProgressMeter - [INITIALIZATION COMPLETE; STARTING PROCESSING] 
INFO  14:18:41,141 ProgressMeter -                 | processed |    time |    per 1M |           |   total | remaining 
INFO  14:18:41,141 ProgressMeter -        Location |     reads | elapsed |     reads | completed | runtime |   runtime 
INFO  14:18:41,296 ReadShardBalancer$1 - Loading BAM index data 
INFO  14:18:41,989 ReadShardBalancer$1 - Done loading BAM index data 
INFO  14:18:50,596 ProgressMeter -            done     92227.0     9.0 s     102.0 s       99.9%     9.0 s       0.0 s 
INFO  14:18:50,596 ProgressMeter - Total runtime 9.46 secs, 0.16 min, 0.00 hours 
INFO  14:18:50,600 MicroScheduler - 259 reads were filtered out during the traversal out of approximately 92486 total reads (0.28%) 
INFO  14:18:50,601 MicroScheduler -   -> 0 reads (0.00% of total) failing BadCigarFilter 
INFO  14:18:50,601 MicroScheduler -   -> 259 reads (0.28% of total) failing MalformedReadFilter 
