INFO  16:52:39,624 HelpFormatter - --------------------------------------------------------------------------------- 
INFO  16:52:39,627 HelpFormatter - The Genome Analysis Toolkit (GATK) v3.4-46-g8ea4dca, Compiled 2015/08/13 20:41:56 
INFO  16:52:39,627 HelpFormatter - Copyright (c) 2010 The Broad Institute 
INFO  16:52:39,627 HelpFormatter - For support and documentation go to http://www.broadinstitute.org/gatk 
INFO  16:52:39,631 HelpFormatter - Program Args: -T BaseRecalibrator -I /cluster_share/data/out/HG02769_gatk_best_practices_36t_30s_2016-11-28_15-18-37/HG02769_realign.bam -L /cluster_share/data/Broad_Ref_Pipeline_approved_package/workflow_profiler/.queue/scatterGather/ExampleBaseRecalibrator-1-sg/temp_08_of_24/scatter.intervals -R /cluster_share/data/reference/b37bundle/human_g1k_v37.fasta -knownSites /cluster_share/data/reference/b37bundle/dbsnp_138.b37.vcf -o /cluster_share/data/Broad_Ref_Pipeline_approved_package/workflow_profiler/.queue/scatterGather/ExampleBaseRecalibrator-1-sg/temp_08_of_24/HG02769_recal.grp 
INFO  16:52:39,643 HelpFormatter - Executing as bshifaw@compute-1-1.hudson.intel.com on Linux 3.10.0-327.13.1.el7.x86_64 amd64; OpenJDK 64-Bit Server VM 1.8.0_111-b15. 
INFO  16:52:39,643 HelpFormatter - Date/Time: 2016/11/28 16:52:39 
INFO  16:52:39,643 HelpFormatter - --------------------------------------------------------------------------------- 
INFO  16:52:39,644 HelpFormatter - --------------------------------------------------------------------------------- 
INFO  16:52:39,732 GenomeAnalysisEngine - Strictness is SILENT 
INFO  16:52:39,861 GenomeAnalysisEngine - Downsampling Settings: No downsampling 
INFO  16:52:39,867 SAMDataSource$SAMReaders - Initializing SAMRecords in serial 
INFO  16:52:39,924 SAMDataSource$SAMReaders - Done initializing BAM readers: total time 0.05 
WARN  16:52:39,980 FSLockWithShared$LockAcquisitionTask - WARNING: Unable to lock file /cluster_share/data/reference/b37bundle/dbsnp_138.b37.vcf.idx because an IOException occurred with message: Function not implemented. 
INFO  16:52:39,981 RMDTrackBuilder - Could not acquire a shared lock on index file /cluster_share/data/reference/b37bundle/dbsnp_138.b37.vcf.idx, falling back to using an in-memory index for this GATK run. 
INFO  16:56:35,207 IntervalUtils - Processing 1756584 bp from intervals 
INFO  16:56:35,276 GenomeAnalysisEngine - Preparing for traversal over 1 BAM files 
INFO  16:56:35,450 GenomeAnalysisEngine - Done preparing for traversal 
INFO  16:56:35,451 ProgressMeter - [INITIALIZATION COMPLETE; STARTING PROCESSING] 
INFO  16:56:35,452 ProgressMeter -                 | processed |    time |    per 1M |           |   total | remaining 
INFO  16:56:35,452 ProgressMeter -        Location |     reads | elapsed |     reads | completed | runtime |   runtime 
INFO  16:56:35,494 BaseRecalibrator - The covariates being used here:  
INFO  16:56:35,494 BaseRecalibrator - 	ReadGroupCovariate 
INFO  16:56:35,494 BaseRecalibrator - 	QualityScoreCovariate 
INFO  16:56:35,494 BaseRecalibrator - 	ContextCovariate 
INFO  16:56:35,494 ContextCovariate - 		Context sizes: base substitution model 2, indel substitution model 3 
INFO  16:56:35,495 BaseRecalibrator - 	CycleCovariate 
INFO  16:56:35,498 ReadShardBalancer$1 - Loading BAM index data 
INFO  16:56:35,563 ReadShardBalancer$1 - Done loading BAM index data 
INFO  16:57:05,494 ProgressMeter -      8:25261127    400012.0    30.0 s      75.0 s       18.9%     2.6 m       2.1 m 
INFO  16:57:35,496 ProgressMeter -      8:61778203    900024.0    60.0 s      66.0 s       43.0%     2.3 m      79.0 s 
INFO  16:58:05,499 ProgressMeter -     8:101936252   1400033.0    90.0 s      64.0 s       65.2%     2.3 m      48.0 s 
INFO  16:58:35,502 ProgressMeter -     8:143922600   2000048.0   120.0 s      60.0 s       88.3%     2.3 m      15.0 s 
INFO  16:58:43,794 BaseRecalibrator - Calculating quantized quality scores... 
INFO  16:58:43,817 BaseRecalibrator - Writing recalibration report... 
INFO  16:58:45,027 BaseRecalibrator - ...done! 
INFO  16:58:45,028 BaseRecalibrator - BaseRecalibrator was able to recalibrate 2229216 reads 
INFO  16:58:45,029 ProgressMeter -            done   2229216.0     2.2 m      58.0 s      100.0%     2.2 m       0.0 s 
INFO  16:58:45,029 ProgressMeter - Total runtime 129.58 secs, 2.16 min, 0.04 hours 
INFO  16:58:45,030 MicroScheduler - 430073 reads were filtered out during the traversal out of approximately 2659289 total reads (16.17%) 
INFO  16:58:45,030 MicroScheduler -   -> 0 reads (0.00% of total) failing BadCigarFilter 
INFO  16:58:45,030 MicroScheduler -   -> 338488 reads (12.73% of total) failing DuplicateReadFilter 
INFO  16:58:45,030 MicroScheduler -   -> 0 reads (0.00% of total) failing FailsVendorQualityCheckFilter 
INFO  16:58:45,030 MicroScheduler -   -> 0 reads (0.00% of total) failing MalformedReadFilter 
INFO  16:58:45,030 MicroScheduler -   -> 0 reads (0.00% of total) failing MappingQualityUnavailableFilter 
INFO  16:58:45,031 MicroScheduler -   -> 91301 reads (3.43% of total) failing MappingQualityZeroFilter 
INFO  16:58:45,031 MicroScheduler -   -> 284 reads (0.01% of total) failing NotPrimaryAlignmentFilter 
INFO  16:58:45,031 MicroScheduler -   -> 0 reads (0.00% of total) failing UnmappedReadFilter 
