INFO  09:26:32,390 HelpFormatter - --------------------------------------------------------------------------------- 
INFO  09:26:32,392 HelpFormatter - The Genome Analysis Toolkit (GATK) v3.4-46-g8ea4dca, Compiled 2015/08/13 20:41:56 
INFO  09:26:32,392 HelpFormatter - Copyright (c) 2010 The Broad Institute 
INFO  09:26:32,392 HelpFormatter - For support and documentation go to http://www.broadinstitute.org/gatk 
INFO  09:26:32,396 HelpFormatter - Program Args: -T PrintReads -I /mnt/ssdbroad/output/Solexa-272221_gatk_best_practices_36t_30s_2016-02-11_11-59-19/Solexa-272221_realign.bam -L /mnt/ssdbroad/Broad_Ref_Pipeline_approved_package/workflow_profiler/.queue/scatterGather/ExamplePrintReads-1-sg/temp_26_of_36/scatter.intervals -R /mnt/ssdbroad/Broad_Ref_Pipeline_approved_package/homosapiensrefgenome/Homo_sapiens_assembly19.fasta -BQSR /mnt/ssdbroad/output/Solexa-272221_gatk_best_practices_36t_30s_2016-02-11_11-59-19/Solexa-272221_recal.grp -o /mnt/ssdbroad/Broad_Ref_Pipeline_approved_package/workflow_profiler/.queue/scatterGather/ExamplePrintReads-1-sg/temp_26_of_36/Solexa-272221_final.bam 
INFO  09:26:32,418 HelpFormatter - Executing as beris@dna on Linux 2.6.32-573.el6.x86_64 amd64; OpenJDK 64-Bit Server VM 1.7.0_79-mockbuild_2015_07_24_09_26-b00. 
INFO  09:26:32,418 HelpFormatter - Date/Time: 2016/02/12 09:26:32 
INFO  09:26:32,418 HelpFormatter - --------------------------------------------------------------------------------- 
INFO  09:26:32,419 HelpFormatter - --------------------------------------------------------------------------------- 
INFO  09:26:32,521 GenomeAnalysisEngine - Strictness is SILENT 
INFO  09:26:34,123 ContextCovariate - 		Context sizes: base substitution model 2, indel substitution model 3 
INFO  09:26:34,197 GenomeAnalysisEngine - Downsampling Settings: No downsampling 
INFO  09:26:34,218 SAMDataSource$SAMReaders - Initializing SAMRecords in serial 
INFO  09:26:34,276 SAMDataSource$SAMReaders - Done initializing BAM readers: total time 0.06 
INFO  09:26:34,301 IntervalUtils - Processing 4262 bp from intervals 
INFO  09:26:34,376 GenomeAnalysisEngine - Preparing for traversal over 1 BAM files 
INFO  09:26:34,485 GenomeAnalysisEngine - Done preparing for traversal 
INFO  09:26:34,485 ProgressMeter - [INITIALIZATION COMPLETE; STARTING PROCESSING] 
INFO  09:26:34,485 ProgressMeter -                 | processed |    time |    per 1M |           |   total | remaining 
INFO  09:26:34,486 ProgressMeter -        Location |     reads | elapsed |     reads | completed | runtime |   runtime 
INFO  09:26:34,512 ReadShardBalancer$1 - Loading BAM index data 
INFO  09:26:34,513 ReadShardBalancer$1 - Done loading BAM index data 
INFO  09:26:37,147 Walker - [REDUCE RESULT] Traversal result is: org.broadinstitute.gatk.engine.io.stubs.SAMFileWriterStub@4e326f04 
INFO  09:26:37,165 ProgressMeter -            done      2273.0     2.0 s      19.6 m       99.6%     2.0 s       0.0 s 
INFO  09:26:37,166 ProgressMeter - Total runtime 2.68 secs, 0.04 min, 0.00 hours 
INFO  09:26:37,166 MicroScheduler - 0 reads were filtered out during the traversal out of approximately 2273 total reads (0.00%) 
INFO  09:26:37,167 MicroScheduler -   -> 0 reads (0.00% of total) failing BadCigarFilter 
INFO  09:26:37,167 MicroScheduler -   -> 0 reads (0.00% of total) failing MalformedReadFilter 
