INFO  18:27:24,538 HelpFormatter - --------------------------------------------------------------------------------- 
INFO  18:27:24,540 HelpFormatter - The Genome Analysis Toolkit (GATK) v3.4-46-g8ea4dca, Compiled 2015/08/13 20:41:56 
INFO  18:27:24,540 HelpFormatter - Copyright (c) 2010 The Broad Institute 
INFO  18:27:24,541 HelpFormatter - For support and documentation go to http://www.broadinstitute.org/gatk 
INFO  18:27:24,560 HelpFormatter - Program Args: -T PrintReads -I /mnt/sdb/data/broadout/HG02769_gatk_best_practices_8t_30s_2016-07-25_16-38-44/HG02769_realign.bam -L /mnt/sdb/Broad_Ref_Pipeline_approved_package/workflow_profiler/.queue/scatterGather/ExamplePrintReads-1-sg/temp_11_of_36/scatter.intervals -R /mnt/sdb/Broad_Ref_Pipeline_approved_package/b37bundle/human_g1k_v37.fasta -BQSR /mnt/sdb/data/broadout/HG02769_gatk_best_practices_8t_30s_2016-07-25_16-38-44/HG02769_recal.grp -o /mnt/sdb/Broad_Ref_Pipeline_approved_package/workflow_profiler/.queue/scatterGather/ExamplePrintReads-1-sg/temp_11_of_36/HG02769_final.bam 
INFO  18:27:24,585 HelpFormatter - Executing as bshifaw@application-0-1.hudson.intel.com on Linux 3.10.0-327.el7.x86_64 amd64; OpenJDK 64-Bit Server VM 1.8.0_101-b13. 
INFO  18:27:24,586 HelpFormatter - Date/Time: 2016/07/25 18:27:24 
INFO  18:27:24,587 HelpFormatter - --------------------------------------------------------------------------------- 
INFO  18:27:24,587 HelpFormatter - --------------------------------------------------------------------------------- 
INFO  18:27:24,938 GenomeAnalysisEngine - Strictness is SILENT 
INFO  18:27:26,826 ContextCovariate - 		Context sizes: base substitution model 2, indel substitution model 3 
INFO  18:27:26,980 GenomeAnalysisEngine - Downsampling Settings: No downsampling 
INFO  18:27:27,011 SAMDataSource$SAMReaders - Initializing SAMRecords in serial 
INFO  18:27:27,109 SAMDataSource$SAMReaders - Done initializing BAM readers: total time 0.10 
INFO  18:27:27,160 IntervalUtils - Processing 135006516 bp from intervals 
INFO  18:27:27,490 GenomeAnalysisEngine - Preparing for traversal over 1 BAM files 
INFO  18:27:28,714 GenomeAnalysisEngine - Done preparing for traversal 
INFO  18:27:28,733 ProgressMeter - [INITIALIZATION COMPLETE; STARTING PROCESSING] 
INFO  18:27:28,738 ProgressMeter -                 | processed |    time |    per 1M |           |   total | remaining 
INFO  18:27:28,761 ProgressMeter -        Location |     reads | elapsed |     reads | completed | runtime |   runtime 
INFO  18:27:28,833 ReadShardBalancer$1 - Loading BAM index data 
INFO  18:27:29,737 ReadShardBalancer$1 - Done loading BAM index data 
INFO  18:28:02,261 ProgressMeter -        11:87118         0.0    33.0 s      55.4 w        0.1%    14.2 h      14.2 h 
INFO  18:29:02,933 ProgressMeter -      11:2161459    200004.0    94.0 s       7.9 m        1.6%    97.9 m      96.3 m 
INFO  18:29:36,800 ProgressMeter -      11:4626456    400010.0     2.1 m       5.3 m        3.4%    62.3 m      60.1 m 
INFO  18:30:06,836 ProgressMeter -      11:6977092    600014.0     2.6 m       4.4 m        5.2%    51.0 m      48.3 m 
INFO  18:30:36,837 ProgressMeter -     11:10825881    900019.0     3.1 m       3.5 m        8.0%    39.1 m      35.9 m 
INFO  18:31:06,881 ProgressMeter -     11:18373928   1100023.0     3.6 m       3.3 m       13.6%    26.7 m      23.1 m 
INFO  18:31:36,882 ProgressMeter -     11:31815652   1300026.0     4.1 m       3.2 m       23.6%    17.5 m      13.4 m 
INFO  18:32:06,883 ProgressMeter -     11:45877649   1600030.0     4.6 m       2.9 m       34.0%    13.6 m       9.0 m 
INFO  18:32:36,892 ProgressMeter -     11:48511199   1900036.0     5.1 m       2.7 m       35.9%    14.3 m       9.2 m 
INFO  18:33:09,597 ProgressMeter -     11:57467327   2200049.0     5.7 m       2.6 m       42.6%    13.3 m       7.6 m 
INFO  18:33:39,598 ProgressMeter -     11:61205571   2500060.0     6.2 m       2.5 m       45.3%    13.6 m       7.4 m 
INFO  18:34:09,599 ProgressMeter -     11:62800103   2800075.0     6.7 m       2.4 m       46.5%    14.3 m       7.7 m 
INFO  18:34:39,600 ProgressMeter -     11:65417073   3200082.0     7.2 m       2.2 m       48.5%    14.8 m       7.6 m 
INFO  18:35:09,601 ProgressMeter -     11:68131374   3500088.0     7.7 m       2.2 m       50.5%    15.2 m       7.5 m 
INFO  18:35:39,603 ProgressMeter -     11:75113454   3900111.0     8.2 m       2.1 m       55.6%    14.7 m       6.5 m 
INFO  18:36:09,605 ProgressMeter -     11:94113587   4300121.0     8.7 m       2.0 m       69.7%    12.4 m       3.8 m 
INFO  18:36:39,607 ProgressMeter -    11:116793051   4800135.0     9.2 m     114.0 s       86.5%    10.6 m      85.0 s 
INFO  18:37:09,609 ProgressMeter -    11:124545209   5400160.0     9.7 m     107.0 s       92.3%    10.5 m      48.0 s 
INFO  18:37:25,894 Walker - [REDUCE RESULT] Traversal result is: org.broadinstitute.gatk.engine.io.stubs.SAMFileWriterStub@2a6e54c2 
INFO  18:37:26,013 ProgressMeter -            done   5752086.0    10.0 m     103.0 s       99.9%    10.0 m       0.0 s 
INFO  18:37:26,014 ProgressMeter - Total runtime 597.29 secs, 9.95 min, 0.17 hours 
INFO  18:37:26,015 MicroScheduler - 0 reads were filtered out during the traversal out of approximately 5752086 total reads (0.00%) 
INFO  18:37:26,015 MicroScheduler -   -> 0 reads (0.00% of total) failing BadCigarFilter 
INFO  18:37:26,015 MicroScheduler -   -> 0 reads (0.00% of total) failing MalformedReadFilter 
