INFO  17:41:17,693 HelpFormatter - --------------------------------------------------------------------------------- 
INFO  17:41:17,695 HelpFormatter - The Genome Analysis Toolkit (GATK) v3.4-46-g8ea4dca, Compiled 2015/08/13 20:41:56 
INFO  17:41:17,695 HelpFormatter - Copyright (c) 2010 The Broad Institute 
INFO  17:41:17,696 HelpFormatter - For support and documentation go to http://www.broadinstitute.org/gatk 
INFO  17:41:17,699 HelpFormatter - Program Args: -T PrintReads -I /home/opt/data/broadout/FC1-NA12878-01_S1_L001_gatk_best_practices_36t_30s_2015-11-10_16-39-49/FC1-NA12878-01_S1_L001_realign.bam -L /home/beris/Broad_Ref_Pipeline_approved_package/workflow_profiler/.queue/scatterGather/ExamplePrintReads-1-sg/temp_07_of_36/scatter.intervals -R /home/beris/Broad_Ref_Pipeline_approved_package/homosapiensrefgenome/Homo_sapiens_assembly19.fasta -BQSR /home/opt/data/broadout/FC1-NA12878-01_S1_L001_gatk_best_practices_36t_30s_2015-11-10_16-39-49/FC1-NA12878-01_S1_L001_recal.grp -o /home/beris/Broad_Ref_Pipeline_approved_package/workflow_profiler/.queue/scatterGather/ExamplePrintReads-1-sg/temp_07_of_36/FC1-NA12878-01_S1_L001_final.bam 
INFO  17:41:17,707 HelpFormatter - Executing as beris@dna on Linux 2.6.32-573.el6.x86_64 amd64; OpenJDK 64-Bit Server VM 1.7.0_79-mockbuild_2015_07_24_09_26-b00. 
INFO  17:41:17,708 HelpFormatter - Date/Time: 2015/11/10 17:41:17 
INFO  17:41:17,708 HelpFormatter - --------------------------------------------------------------------------------- 
INFO  17:41:17,708 HelpFormatter - --------------------------------------------------------------------------------- 
INFO  17:41:17,864 GenomeAnalysisEngine - Strictness is SILENT 
INFO  17:41:18,744 ContextCovariate - 		Context sizes: base substitution model 2, indel substitution model 3 
INFO  17:41:18,796 GenomeAnalysisEngine - Downsampling Settings: No downsampling 
INFO  17:41:18,804 SAMDataSource$SAMReaders - Initializing SAMRecords in serial 
INFO  17:41:18,942 SAMDataSource$SAMReaders - Done initializing BAM readers: total time 0.14 
INFO  17:41:18,982 IntervalUtils - Processing 159138663 bp from intervals 
INFO  17:41:19,135 GenomeAnalysisEngine - Preparing for traversal over 1 BAM files 
INFO  17:41:19,850 GenomeAnalysisEngine - Done preparing for traversal 
INFO  17:41:19,850 ProgressMeter - [INITIALIZATION COMPLETE; STARTING PROCESSING] 
INFO  17:41:19,851 ProgressMeter -                 | processed |    time |    per 1M |           |   total | remaining 
INFO  17:41:19,851 ProgressMeter -        Location |     reads | elapsed |     reads | completed | runtime |   runtime 
INFO  17:41:19,869 ReadShardBalancer$1 - Loading BAM index data 
INFO  17:41:20,891 ReadShardBalancer$1 - Done loading BAM index data 
INFO  17:41:49,932 ProgressMeter -      7:31855712    200002.0    30.0 s       2.5 m       20.0%     2.5 m     119.0 s 
INFO  17:42:19,941 ProgressMeter -      7:65599270    500006.0    60.0 s     120.0 s       41.2%     2.4 m      85.0 s 
INFO  17:42:49,942 ProgressMeter -      7:92733957    800010.0    90.0 s     112.0 s       58.3%     2.6 m      64.0 s 
INFO  17:43:20,044 ProgressMeter -     7:107698385   1200016.0   120.0 s     100.0 s       67.7%     3.0 m      57.0 s 
INFO  17:43:50,045 ProgressMeter -     7:143417647   1500024.0     2.5 m     100.0 s       90.1%     2.8 m      16.0 s 
INFO  17:44:02,508 Walker - [REDUCE RESULT] Traversal result is: org.broadinstitute.gatk.engine.io.stubs.SAMFileWriterStub@4e326f04 
INFO  17:44:02,651 ProgressMeter -            done   1729922.0     2.7 m      94.0 s      100.0%     2.7 m       0.0 s 
INFO  17:44:02,652 ProgressMeter - Total runtime 162.80 secs, 2.71 min, 0.05 hours 
INFO  17:44:02,653 MicroScheduler - 0 reads were filtered out during the traversal out of approximately 1729922 total reads (0.00%) 
INFO  17:44:02,653 MicroScheduler -   -> 0 reads (0.00% of total) failing BadCigarFilter 
INFO  17:44:02,653 MicroScheduler -   -> 0 reads (0.00% of total) failing MalformedReadFilter 
