INFO  20:08:03,211 HelpFormatter - --------------------------------------------------------------------------------- 
INFO  20:08:03,214 HelpFormatter - The Genome Analysis Toolkit (GATK) v3.4-46-g8ea4dca, Compiled 2015/08/13 20:41:56 
INFO  20:08:03,214 HelpFormatter - Copyright (c) 2010 The Broad Institute 
INFO  20:08:03,214 HelpFormatter - For support and documentation go to http://www.broadinstitute.org/gatk 
INFO  20:08:03,275 HelpFormatter - Program Args: -T PrintReads -I /mnt/nvme0n1/data/broadout/HG02771_gatk_best_practices_8t_30s_2016-07-06_18-21-02/HG02771_realign.bam -L /mnt/nvme0n1/Broad_Ref_Pipeline_approved_package/workflow_profiler/.queue/scatterGather/ExamplePrintReads-1-sg/temp_07_of_36/scatter.intervals -R /mnt/nvme0n1/Broad_Ref_Pipeline_approved_package/b37bundle/human_g1k_v37.fasta -BQSR /mnt/nvme0n1/data/broadout/HG02771_gatk_best_practices_8t_30s_2016-07-06_18-21-02/HG02771_recal.grp -o /mnt/nvme0n1/Broad_Ref_Pipeline_approved_package/workflow_profiler/.queue/scatterGather/ExamplePrintReads-1-sg/temp_07_of_36/HG02771_final.bam 
INFO  20:08:03,330 HelpFormatter - Executing as bshifaw@application-1-1.hudson.intel.com on Linux 3.10.0-327.el7.x86_64 amd64; OpenJDK 64-Bit Server VM 1.8.0_91-b14. 
INFO  20:08:03,330 HelpFormatter - Date/Time: 2016/07/06 20:08:03 
INFO  20:08:03,331 HelpFormatter - --------------------------------------------------------------------------------- 
INFO  20:08:03,332 HelpFormatter - --------------------------------------------------------------------------------- 
INFO  20:08:04,031 GenomeAnalysisEngine - Strictness is SILENT 
INFO  20:08:06,861 ContextCovariate - 		Context sizes: base substitution model 2, indel substitution model 3 
INFO  20:08:07,123 GenomeAnalysisEngine - Downsampling Settings: No downsampling 
INFO  20:08:07,158 SAMDataSource$SAMReaders - Initializing SAMRecords in serial 
INFO  20:08:07,346 SAMDataSource$SAMReaders - Done initializing BAM readers: total time 0.19 
INFO  20:08:07,424 IntervalUtils - Processing 159138663 bp from intervals 
INFO  20:08:07,910 GenomeAnalysisEngine - Preparing for traversal over 1 BAM files 
INFO  20:08:09,284 GenomeAnalysisEngine - Done preparing for traversal 
INFO  20:08:09,295 ProgressMeter - [INITIALIZATION COMPLETE; STARTING PROCESSING] 
INFO  20:08:09,296 ProgressMeter -                 | processed |    time |    per 1M |           |   total | remaining 
INFO  20:08:09,302 ProgressMeter -        Location |     reads | elapsed |     reads | completed | runtime |   runtime 
INFO  20:08:09,356 ReadShardBalancer$1 - Loading BAM index data 
INFO  20:08:10,837 ReadShardBalancer$1 - Done loading BAM index data 
INFO  20:08:40,878 ProgressMeter -        7:341718         0.0    31.0 s      52.2 w        0.2%     4.0 h       4.0 h 
INFO  20:09:10,880 ProgressMeter -       7:2582979         0.0    61.0 s     101.8 w        1.6%    62.6 m      61.6 m 
INFO  20:09:40,881 ProgressMeter -       7:5417604    100001.0    91.0 s      15.3 m        3.4%    44.6 m      43.0 m 
INFO  20:10:10,882 ProgressMeter -       7:6811245    300005.0     2.0 m       6.8 m        4.3%    47.1 m      45.1 m 
INFO  20:10:40,884 ProgressMeter -      7:15725475    400007.0     2.5 m       6.3 m        9.9%    25.5 m      23.0 m 
INFO  20:11:10,885 ProgressMeter -      7:23659043    500009.0     3.0 m       6.1 m       14.9%    20.3 m      17.3 m 
INFO  20:11:40,993 ProgressMeter -      7:30671958    700011.0     3.5 m       5.0 m       19.3%    18.2 m      14.7 m 
INFO  20:12:20,994 ProgressMeter -      7:40102434    900018.0     4.2 m       4.7 m       25.2%    16.6 m      12.4 m 
INFO  20:12:51,249 ProgressMeter -      7:44609681   1100022.0     4.7 m       4.3 m       28.0%    16.7 m      12.0 m 
INFO  20:13:21,250 ProgressMeter -      7:54487585   1300024.0     5.2 m       4.0 m       34.2%    15.1 m      10.0 m 
INFO  20:13:51,251 ProgressMeter -      7:65552899   1500026.0     5.7 m       3.8 m       41.2%    13.8 m       8.1 m 
INFO  20:14:21,252 ProgressMeter -      7:72722431   1700030.0     6.2 m       3.6 m       45.7%    13.5 m       7.3 m 
INFO  20:14:51,253 ProgressMeter -      7:75070235   1900034.0     6.7 m       3.5 m       47.2%    14.2 m       7.5 m 
INFO  20:15:21,254 ProgressMeter -      7:81600099   2100036.0     7.2 m       3.4 m       51.3%    14.0 m       6.8 m 
INFO  20:15:51,256 ProgressMeter -      7:92021580   2300041.0     7.7 m       3.3 m       57.8%    13.3 m       5.6 m 
INFO  20:16:21,256 ProgressMeter -      7:98528300   2500050.0     8.2 m       3.3 m       61.9%    13.2 m       5.0 m 
INFO  20:16:51,258 ProgressMeter -      7:99995485   2800065.0     8.7 m       3.1 m       62.8%    13.8 m       5.1 m 
INFO  20:17:21,259 ProgressMeter -     7:100682071   3000095.0     9.2 m       3.1 m       63.3%    14.5 m       5.3 m 
INFO  20:17:51,259 ProgressMeter -     7:104767502   3300101.0     9.7 m       2.9 m       65.8%    14.7 m       5.0 m 
INFO  20:18:21,260 ProgressMeter -     7:119915020   3600108.0    10.2 m       2.8 m       75.4%    13.5 m       3.3 m 
INFO  20:18:51,269 ProgressMeter -     7:129815478   3900124.0    10.7 m       2.7 m       81.6%    13.1 m       2.4 m 
INFO  20:19:21,270 ProgressMeter -     7:141362531   4200131.0    11.2 m       2.7 m       88.8%    12.6 m      84.0 s 
INFO  20:19:51,296 ProgressMeter -     7:147675019   4600151.0    11.7 m       2.5 m       92.8%    12.6 m      54.0 s 
INFO  20:20:14,741 Walker - [REDUCE RESULT] Traversal result is: org.broadinstitute.gatk.engine.io.stubs.SAMFileWriterStub@5b58129f 
INFO  20:20:14,888 ProgressMeter -            done   5089098.0    12.1 m       2.4 m      100.0%    12.1 m       0.0 s 
INFO  20:20:14,889 ProgressMeter - Total runtime 725.59 secs, 12.09 min, 0.20 hours 
INFO  20:20:14,889 MicroScheduler - 0 reads were filtered out during the traversal out of approximately 5089098 total reads (0.00%) 
INFO  20:20:14,889 MicroScheduler -   -> 0 reads (0.00% of total) failing BadCigarFilter 
INFO  20:20:14,890 MicroScheduler -   -> 0 reads (0.00% of total) failing MalformedReadFilter 
