INFO  20:06:28,371 HelpFormatter - --------------------------------------------------------------------------------- 
INFO  20:06:28,404 HelpFormatter - The Genome Analysis Toolkit (GATK) v3.4-46-g8ea4dca, Compiled 2015/08/13 20:41:56 
INFO  20:06:28,404 HelpFormatter - Copyright (c) 2010 The Broad Institute 
INFO  20:06:28,404 HelpFormatter - For support and documentation go to http://www.broadinstitute.org/gatk 
INFO  20:06:28,409 HelpFormatter - Program Args: -T PrintReads -I /mnt/nvme0n1/data/broadout/HG02561_gatk_best_practices_8t_30s_2016-07-06_18-21-00/HG02561_realign.bam -L /mnt/nvme0n1/Broad_Ref_Pipeline_approved_package/workflow_profiler/.queue/scatterGather/ExamplePrintReads-1-sg/temp_16_of_36/scatter.intervals -R /mnt/nvme0n1/Broad_Ref_Pipeline_approved_package/b37bundle/human_g1k_v37.fasta -BQSR /mnt/nvme0n1/data/broadout/HG02561_gatk_best_practices_8t_30s_2016-07-06_18-21-00/HG02561_recal.grp -o /mnt/nvme0n1/Broad_Ref_Pipeline_approved_package/workflow_profiler/.queue/scatterGather/ExamplePrintReads-1-sg/temp_16_of_36/HG02561_final.bam 
INFO  20:06:28,468 HelpFormatter - Executing as bshifaw@application-1-1.hudson.intel.com on Linux 3.10.0-327.el7.x86_64 amd64; OpenJDK 64-Bit Server VM 1.8.0_91-b14. 
INFO  20:06:28,476 HelpFormatter - Date/Time: 2016/07/06 20:06:28 
INFO  20:06:28,477 HelpFormatter - --------------------------------------------------------------------------------- 
INFO  20:06:28,478 HelpFormatter - --------------------------------------------------------------------------------- 
INFO  20:06:29,196 GenomeAnalysisEngine - Strictness is SILENT 
INFO  20:06:32,651 ContextCovariate - 		Context sizes: base substitution model 2, indel substitution model 3 
INFO  20:06:32,897 GenomeAnalysisEngine - Downsampling Settings: No downsampling 
INFO  20:06:32,928 SAMDataSource$SAMReaders - Initializing SAMRecords in serial 
INFO  20:06:33,093 SAMDataSource$SAMReaders - Done initializing BAM readers: total time 0.16 
INFO  20:06:33,193 IntervalUtils - Processing 90354753 bp from intervals 
INFO  20:06:33,561 GenomeAnalysisEngine - Preparing for traversal over 1 BAM files 
INFO  20:06:34,163 GenomeAnalysisEngine - Done preparing for traversal 
INFO  20:06:34,186 ProgressMeter - [INITIALIZATION COMPLETE; STARTING PROCESSING] 
INFO  20:06:34,193 ProgressMeter -                 | processed |    time |    per 1M |           |   total | remaining 
INFO  20:06:34,194 ProgressMeter -        Location |     reads | elapsed |     reads | completed | runtime |   runtime 
INFO  20:06:34,239 ReadShardBalancer$1 - Loading BAM index data 
INFO  20:06:35,018 ReadShardBalancer$1 - Done loading BAM index data 
INFO  20:07:05,623 ProgressMeter -       16:323912         0.0    31.0 s      52.0 w        0.4%     2.4 h       2.4 h 
INFO  20:07:36,187 ProgressMeter -      16:1576456    100001.0    62.0 s      10.3 m        1.7%    59.2 m      58.2 m 
INFO  20:08:06,188 ProgressMeter -      16:2159246    200002.0    92.0 s       7.7 m        2.4%    64.2 m      62.6 m 
INFO  20:08:37,943 ProgressMeter -      16:2607754    300004.0     2.1 m       6.9 m        2.9%    71.0 m      69.0 m 
INFO  20:09:07,945 ProgressMeter -      16:3306475    400008.0     2.6 m       6.4 m        3.7%    69.7 m      67.1 m 
INFO  20:09:37,945 ProgressMeter -      16:4855247    600011.0     3.1 m       5.1 m        5.4%    56.8 m      53.7 m 
INFO  20:10:07,946 ProgressMeter -     16:10996568    700013.0     3.6 m       5.1 m       12.2%    29.2 m      25.6 m 
INFO  20:10:37,947 ProgressMeter -     16:14988875    900020.0     4.1 m       4.5 m       16.6%    24.4 m      20.4 m 
INFO  20:11:07,948 ProgressMeter -     16:16375184   1000026.0     4.6 m       4.6 m       18.1%    25.1 m      20.6 m 
INFO  20:11:39,520 ProgressMeter -     16:19195133   1200041.0     5.1 m       4.2 m       21.2%    23.9 m      18.8 m 
INFO  20:12:09,521 ProgressMeter -     16:21270213   1400045.0     5.6 m       4.0 m       23.5%    23.7 m      18.1 m 
INFO  20:12:39,522 ProgressMeter -     16:23536749   1600066.0     6.1 m       3.8 m       26.0%    23.4 m      17.3 m 
INFO  20:13:09,847 ProgressMeter -     16:27788304   1800075.0     6.6 m       3.7 m       30.8%    21.4 m      14.8 m 
INFO  20:13:39,913 ProgressMeter -     16:28993264   2000081.0     7.1 m       3.5 m       32.1%    22.1 m      15.0 m 
INFO  20:14:09,913 ProgressMeter -     16:30220521   2100093.0     7.6 m       3.6 m       33.4%    22.7 m      15.1 m 
INFO  20:14:40,007 ProgressMeter -     16:31282343   2400103.0     8.1 m       3.4 m       34.6%    23.3 m      15.3 m 
INFO  20:15:10,088 ProgressMeter -     16:33647713   2600108.0     8.6 m       3.3 m       37.2%    23.0 m      14.5 m 
INFO  20:15:40,088 ProgressMeter -     16:50664192   2800110.0     9.1 m       3.2 m       56.1%    16.2 m       7.1 m 
INFO  20:16:10,089 ProgressMeter -     16:57060513   3000130.0     9.6 m       3.2 m       63.2%    15.2 m       5.6 m 
INFO  20:16:40,090 ProgressMeter -     16:66422342   3200150.0    10.1 m       3.2 m       73.5%    13.7 m       3.6 m 
INFO  20:17:10,357 ProgressMeter -     16:67961321   3500162.0    10.6 m       3.0 m       75.2%    14.1 m       3.5 m 
INFO  20:17:40,357 ProgressMeter -     16:70367009   3700165.0    11.1 m       3.0 m       77.9%    14.3 m       3.2 m 
INFO  20:18:10,358 ProgressMeter -     16:74670414   3900167.0    11.6 m       3.0 m       82.6%    14.0 m       2.4 m 
INFO  20:18:40,359 ProgressMeter -     16:85116250   4200173.0    12.1 m       2.9 m       94.2%    12.8 m      44.0 s 
INFO  20:19:01,233 Walker - [REDUCE RESULT] Traversal result is: org.broadinstitute.gatk.engine.io.stubs.SAMFileWriterStub@5b58129f 
INFO  20:19:01,362 ProgressMeter -            done   4524440.0    12.5 m       2.8 m       99.9%    12.5 m       0.0 s 
INFO  20:19:01,362 ProgressMeter - Total runtime 747.18 secs, 12.45 min, 0.21 hours 
INFO  20:19:01,363 MicroScheduler - 0 reads were filtered out during the traversal out of approximately 4524440 total reads (0.00%) 
INFO  20:19:01,363 MicroScheduler -   -> 0 reads (0.00% of total) failing BadCigarFilter 
INFO  20:19:01,363 MicroScheduler -   -> 0 reads (0.00% of total) failing MalformedReadFilter 
