INFO  20:08:08,076 HelpFormatter - --------------------------------------------------------------------------------- 
INFO  20:08:08,093 HelpFormatter - The Genome Analysis Toolkit (GATK) v3.4-46-g8ea4dca, Compiled 2015/08/13 20:41:56 
INFO  20:08:08,099 HelpFormatter - Copyright (c) 2010 The Broad Institute 
INFO  20:08:08,099 HelpFormatter - For support and documentation go to http://www.broadinstitute.org/gatk 
INFO  20:08:08,115 HelpFormatter - Program Args: -T PrintReads -I /mnt/nvme0n1/data/broadout/HG02771_gatk_best_practices_8t_30s_2016-07-06_18-21-02/HG02771_realign.bam -L /mnt/nvme0n1/Broad_Ref_Pipeline_approved_package/workflow_profiler/.queue/scatterGather/ExamplePrintReads-1-sg/temp_16_of_36/scatter.intervals -R /mnt/nvme0n1/Broad_Ref_Pipeline_approved_package/b37bundle/human_g1k_v37.fasta -BQSR /mnt/nvme0n1/data/broadout/HG02771_gatk_best_practices_8t_30s_2016-07-06_18-21-02/HG02771_recal.grp -o /mnt/nvme0n1/Broad_Ref_Pipeline_approved_package/workflow_profiler/.queue/scatterGather/ExamplePrintReads-1-sg/temp_16_of_36/HG02771_final.bam 
INFO  20:08:08,152 HelpFormatter - Executing as bshifaw@application-1-1.hudson.intel.com on Linux 3.10.0-327.el7.x86_64 amd64; OpenJDK 64-Bit Server VM 1.8.0_91-b14. 
INFO  20:08:08,158 HelpFormatter - Date/Time: 2016/07/06 20:08:08 
INFO  20:08:08,159 HelpFormatter - --------------------------------------------------------------------------------- 
INFO  20:08:08,160 HelpFormatter - --------------------------------------------------------------------------------- 
INFO  20:08:09,717 GenomeAnalysisEngine - Strictness is SILENT 
INFO  20:08:12,298 ContextCovariate - 		Context sizes: base substitution model 2, indel substitution model 3 
INFO  20:08:12,481 GenomeAnalysisEngine - Downsampling Settings: No downsampling 
INFO  20:08:12,548 SAMDataSource$SAMReaders - Initializing SAMRecords in serial 
INFO  20:08:12,656 SAMDataSource$SAMReaders - Done initializing BAM readers: total time 0.11 
INFO  20:08:12,746 IntervalUtils - Processing 90354753 bp from intervals 
INFO  20:08:12,960 GenomeAnalysisEngine - Preparing for traversal over 1 BAM files 
INFO  20:08:13,481 GenomeAnalysisEngine - Done preparing for traversal 
INFO  20:08:13,482 ProgressMeter - [INITIALIZATION COMPLETE; STARTING PROCESSING] 
INFO  20:08:13,483 ProgressMeter -                 | processed |    time |    per 1M |           |   total | remaining 
INFO  20:08:13,483 ProgressMeter -        Location |     reads | elapsed |     reads | completed | runtime |   runtime 
INFO  20:08:13,531 ReadShardBalancer$1 - Loading BAM index data 
INFO  20:08:14,417 ReadShardBalancer$1 - Done loading BAM index data 
INFO  20:08:45,977 ProgressMeter -       16:106648         0.0    32.0 s      53.7 w        0.1%     7.5 h       7.5 h 
INFO  20:09:15,979 ProgressMeter -       16:735915    100001.0    62.0 s      10.4 m        0.8%     2.1 h       2.1 h 
INFO  20:09:45,981 ProgressMeter -      16:1642220    100001.0    92.0 s      15.4 m        1.8%    84.4 m      82.8 m 
INFO  20:10:17,703 ProgressMeter -      16:2329195    300006.0     2.1 m       6.9 m        2.6%    80.2 m      78.1 m 
INFO  20:10:47,704 ProgressMeter -      16:3274158    400015.0     2.6 m       6.4 m        3.6%    70.8 m      68.3 m 
INFO  20:11:17,705 ProgressMeter -      16:4924470    600017.0     3.1 m       5.1 m        5.5%    56.3 m      53.2 m 
INFO  20:11:47,716 ProgressMeter -     16:11272376    700019.0     3.6 m       5.1 m       12.5%    28.6 m      25.0 m 
INFO  20:12:17,717 ProgressMeter -     16:15165127    900026.0     4.1 m       4.5 m       16.8%    24.2 m      20.2 m 
INFO  20:12:47,718 ProgressMeter -     16:18293510   1100030.0     4.6 m       4.2 m       20.2%    22.6 m      18.0 m 
INFO  20:13:17,719 ProgressMeter -     16:20749079   1300034.0     5.1 m       3.9 m       23.0%    22.1 m      17.0 m 
INFO  20:13:47,720 ProgressMeter -     16:22328412   1500047.0     5.6 m       3.7 m       24.7%    22.5 m      17.0 m 
INFO  20:14:17,721 ProgressMeter -     16:24942115   1600048.0     6.1 m       3.8 m       27.6%    22.0 m      15.9 m 
INFO  20:14:47,722 ProgressMeter -     16:28847125   1800054.0     6.6 m       3.7 m       31.9%    20.6 m      14.0 m 
INFO  20:15:17,757 ProgressMeter -     16:30099968   2000059.0     7.1 m       3.5 m       33.3%    21.2 m      14.1 m 
INFO  20:15:47,817 ProgressMeter -     16:31155296   2300064.0     7.6 m       3.3 m       34.5%    21.9 m      14.4 m 
INFO  20:16:17,818 ProgressMeter -     16:33605247   2500066.0     8.1 m       3.2 m       37.2%    21.7 m      13.6 m 
INFO  20:16:47,819 ProgressMeter -     16:50783877   2700073.0     8.6 m       3.2 m       56.2%    15.2 m       6.7 m 
INFO  20:17:17,841 ProgressMeter -     16:57113016   3000082.0     9.1 m       3.0 m       63.2%    14.3 m       5.3 m 
INFO  20:17:47,842 ProgressMeter -     16:66944004   3200087.0     9.6 m       3.0 m       74.1%    12.9 m       3.3 m 
INFO  20:18:18,042 ProgressMeter -     16:68715032   3500106.0    10.1 m       2.9 m       76.1%    13.2 m       3.2 m 
INFO  20:18:48,429 ProgressMeter -     16:72107918   3800110.0    10.6 m       2.8 m       79.8%    13.2 m       2.7 m 
INFO  20:19:18,430 ProgressMeter -     16:83945895   4100119.0    11.1 m       2.7 m       92.9%    11.9 m      50.0 s 
INFO  20:19:41,476 Walker - [REDUCE RESULT] Traversal result is: org.broadinstitute.gatk.engine.io.stubs.SAMFileWriterStub@5b58129f 
INFO  20:19:41,537 ProgressMeter -            done   4484117.0    11.5 m       2.6 m       99.9%    11.5 m       0.0 s 
INFO  20:19:41,538 ProgressMeter - Total runtime 688.06 secs, 11.47 min, 0.19 hours 
INFO  20:19:41,538 MicroScheduler - 0 reads were filtered out during the traversal out of approximately 4484117 total reads (0.00%) 
INFO  20:19:41,538 MicroScheduler -   -> 0 reads (0.00% of total) failing BadCigarFilter 
INFO  20:19:41,538 MicroScheduler -   -> 0 reads (0.00% of total) failing MalformedReadFilter 
