INFO  19:54:47,751 HelpFormatter - --------------------------------------------------------------------------------- 
INFO  19:54:47,757 HelpFormatter - The Genome Analysis Toolkit (GATK) v3.4-46-g8ea4dca, Compiled 2015/08/13 20:41:56 
INFO  19:54:47,757 HelpFormatter - Copyright (c) 2010 The Broad Institute 
INFO  19:54:47,758 HelpFormatter - For support and documentation go to http://www.broadinstitute.org/gatk 
INFO  19:54:47,762 HelpFormatter - Program Args: -T BaseRecalibrator -I /mnt/nvme0n1/data/broadout/HG02771_gatk_best_practices_8t_30s_2016-07-06_18-21-02/HG02771_realign.bam -L /mnt/nvme0n1/Broad_Ref_Pipeline_approved_package/workflow_profiler/.queue/scatterGather/ExampleBaseRecalibrator-1-sg/temp_10_of_24/scatter.intervals -R /mnt/nvme0n1/Broad_Ref_Pipeline_approved_package/b37bundle/human_g1k_v37.fasta -knownSites /mnt/nvme0n1/Broad_Ref_Pipeline_approved_package/b37bundle/dbsnp_138.b37.vcf -o /mnt/nvme0n1/Broad_Ref_Pipeline_approved_package/workflow_profiler/.queue/scatterGather/ExampleBaseRecalibrator-1-sg/temp_10_of_24/HG02771_recal.grp 
INFO  19:54:47,780 HelpFormatter - Executing as bshifaw@application-1-1.hudson.intel.com on Linux 3.10.0-327.el7.x86_64 amd64; OpenJDK 64-Bit Server VM 1.8.0_91-b14. 
INFO  19:54:47,785 HelpFormatter - Date/Time: 2016/07/06 19:54:47 
INFO  19:54:47,786 HelpFormatter - --------------------------------------------------------------------------------- 
INFO  19:54:47,786 HelpFormatter - --------------------------------------------------------------------------------- 
INFO  19:54:48,071 GenomeAnalysisEngine - Strictness is SILENT 
INFO  19:54:48,299 GenomeAnalysisEngine - Downsampling Settings: No downsampling 
INFO  19:54:48,319 SAMDataSource$SAMReaders - Initializing SAMRecords in serial 
INFO  19:54:48,456 SAMDataSource$SAMReaders - Done initializing BAM readers: total time 0.14 
INFO  19:54:49,134 IntervalUtils - Processing 2081910 bp from intervals 
INFO  19:54:49,284 GenomeAnalysisEngine - Preparing for traversal over 1 BAM files 
INFO  19:54:49,590 GenomeAnalysisEngine - Done preparing for traversal 
INFO  19:54:49,597 ProgressMeter - [INITIALIZATION COMPLETE; STARTING PROCESSING] 
INFO  19:54:49,601 ProgressMeter -                 | processed |    time |    per 1M |           |   total | remaining 
INFO  19:54:49,602 ProgressMeter -        Location |     reads | elapsed |     reads | completed | runtime |   runtime 
INFO  19:54:49,672 BaseRecalibrator - The covariates being used here:  
INFO  19:54:49,672 BaseRecalibrator - 	ReadGroupCovariate 
INFO  19:54:49,674 BaseRecalibrator - 	QualityScoreCovariate 
INFO  19:54:49,674 BaseRecalibrator - 	ContextCovariate 
INFO  19:54:49,674 ContextCovariate - 		Context sizes: base substitution model 2, indel substitution model 3 
INFO  19:54:49,683 BaseRecalibrator - 	CycleCovariate 
INFO  19:54:49,685 ReadShardBalancer$1 - Loading BAM index data 
INFO  19:54:49,921 ReadShardBalancer$1 - Done loading BAM index data 
INFO  19:55:20,873 ProgressMeter -       10:375575         0.0    31.0 s      51.7 w        0.3%     2.5 h       2.5 h 
INFO  19:55:50,875 ProgressMeter -      10:8006643    100001.0    61.0 s      10.2 m        5.5%    18.4 m      17.4 m 
INFO  19:56:20,876 ProgressMeter -     10:17196754    300003.0    91.0 s       5.1 m       10.9%    13.9 m      12.4 m 
INFO  19:56:50,878 ProgressMeter -     10:27323882    400006.0     2.0 m       5.1 m       17.1%    11.8 m       9.8 m 
INFO  19:57:20,879 ProgressMeter -     10:44112537    600008.0     2.5 m       4.2 m       24.7%    10.2 m       7.7 m 
INFO  19:57:53,370 ProgressMeter -     10:61926313    800012.0     3.1 m       3.8 m       33.8%     9.0 m       6.0 m 
INFO  19:58:25,166 ProgressMeter -     10:73567362   1100015.0     3.6 m       3.3 m       42.9%     8.4 m       4.8 m 
INFO  19:58:55,169 ProgressMeter -     10:88441190   1400018.0     4.1 m       2.9 m       52.4%     7.8 m       3.7 m 
INFO  19:59:25,171 ProgressMeter -     10:99226447   1700023.0     4.6 m       2.7 m       65.7%     7.0 m       2.4 m 
INFO  19:59:55,173 ProgressMeter -    10:106899217   2200037.0     5.1 m       2.3 m       79.3%     6.4 m      79.0 s 
INFO  20:00:24,992 BaseRecalibrator - Calculating quantized quality scores... 
INFO  20:00:25,022 BaseRecalibrator - Writing recalibration report... 
INFO  20:00:25,175 ProgressMeter -    10:135491157   2700045.0     5.6 m       2.1 m      100.0%     5.6 m       0.0 s 
INFO  20:00:25,827 BaseRecalibrator - ...done! 
INFO  20:00:25,827 BaseRecalibrator - BaseRecalibrator was able to recalibrate 2782648 reads 
INFO  20:00:25,829 ProgressMeter -            done   2782648.0     5.6 m     120.0 s      100.0%     5.6 m       0.0 s 
INFO  20:00:25,829 ProgressMeter - Total runtime 336.23 secs, 5.60 min, 0.09 hours 
INFO  20:00:25,829 MicroScheduler - 667310 reads were filtered out during the traversal out of approximately 3449958 total reads (19.34%) 
INFO  20:00:25,830 MicroScheduler -   -> 0 reads (0.00% of total) failing BadCigarFilter 
INFO  20:00:25,830 MicroScheduler -   -> 430554 reads (12.48% of total) failing DuplicateReadFilter 
INFO  20:00:25,830 MicroScheduler -   -> 0 reads (0.00% of total) failing FailsVendorQualityCheckFilter 
INFO  20:00:25,830 MicroScheduler -   -> 0 reads (0.00% of total) failing MalformedReadFilter 
INFO  20:00:25,830 MicroScheduler -   -> 0 reads (0.00% of total) failing MappingQualityUnavailableFilter 
INFO  20:00:25,831 MicroScheduler -   -> 236468 reads (6.85% of total) failing MappingQualityZeroFilter 
INFO  20:00:25,831 MicroScheduler -   -> 288 reads (0.01% of total) failing NotPrimaryAlignmentFilter 
INFO  20:00:25,831 MicroScheduler -   -> 0 reads (0.00% of total) failing UnmappedReadFilter 
