INFO  20:07:46,697 HelpFormatter - --------------------------------------------------------------------------------- 
INFO  20:07:46,700 HelpFormatter - The Genome Analysis Toolkit (GATK) v3.4-46-g8ea4dca, Compiled 2015/08/13 20:41:56 
INFO  20:07:46,700 HelpFormatter - Copyright (c) 2010 The Broad Institute 
INFO  20:07:46,701 HelpFormatter - For support and documentation go to http://www.broadinstitute.org/gatk 
INFO  20:07:46,707 HelpFormatter - Program Args: -T IndelRealigner -I /home/opt/data/broadout/FC1-NA12878-01_S1_L001_R1_001_gatk_best_practices_36t_30s_2015-11-05_19-14-59/FC1-NA12878-01_S1_L001_R1_001_dupRem.bam -L /home/beris/Broad_Ref_Pipeline_approved_package/workflow_profiler/.queue/scatterGather/ExampleIndelRealigner-1-sg/temp_13_of_36/scatter.intervals -R /home/beris/Broad_Ref_Pipeline_approved_package/homosapiensrefgenome/Homo_sapiens_assembly19.fasta -known /home/beris/Broad_Ref_Pipeline_approved_package/homosapiensrefgenome/Homo_sapiens_assembly19.known_indels.vcf -targetIntervals /home/opt/data/broadout/FC1-NA12878-01_S1_L001_R1_001_gatk_best_practices_36t_30s_2015-11-05_19-14-59/FC1-NA12878-01_S1_L001_R1_001_realn.intervals -o /home/beris/Broad_Ref_Pipeline_approved_package/workflow_profiler/.queue/scatterGather/ExampleIndelRealigner-1-sg/temp_13_of_36/FC1-NA12878-01_S1_L001_R1_001_realign.bam -filterNoBases 
INFO  20:07:46,723 HelpFormatter - Executing as beris@dna on Linux 2.6.32-573.el6.x86_64 amd64; OpenJDK 64-Bit Server VM 1.7.0_79-mockbuild_2015_07_24_09_26-b00. 
INFO  20:07:46,724 HelpFormatter - Date/Time: 2015/11/05 20:07:46 
INFO  20:07:46,724 HelpFormatter - --------------------------------------------------------------------------------- 
INFO  20:07:46,724 HelpFormatter - --------------------------------------------------------------------------------- 
INFO  20:07:46,866 GenomeAnalysisEngine - Strictness is SILENT 
INFO  20:07:46,971 GenomeAnalysisEngine - Downsampling Settings: No downsampling 
INFO  20:07:46,982 SAMDataSource$SAMReaders - Initializing SAMRecords in serial 
INFO  20:07:47,054 SAMDataSource$SAMReaders - Done initializing BAM readers: total time 0.07 
INFO  20:07:47,251 IntervalUtils - Processing 115169878 bp from intervals 
INFO  20:07:47,400 GenomeAnalysisEngine - Preparing for traversal over 1 BAM files 
INFO  20:07:48,741 GenomeAnalysisEngine - Done preparing for traversal 
INFO  20:07:48,742 ProgressMeter - [INITIALIZATION COMPLETE; STARTING PROCESSING] 
INFO  20:07:48,742 ProgressMeter -                 | processed |    time |    per 1M |           |   total | remaining 
INFO  20:07:48,743 ProgressMeter -        Location |     reads | elapsed |     reads | completed | runtime |   runtime 
INFO  20:07:53,401 ReadShardBalancer$1 - Loading BAM index data 
INFO  20:07:53,998 ReadShardBalancer$1 - Done loading BAM index data 
INFO  20:08:19,746 ProgressMeter -        Starting         0.0    30.0 s      50.6 w      100.0%    30.0 s       0.0 s 
INFO  20:08:52,959 ProgressMeter -     13:58206821    300008.0    64.0 s       3.6 m       50.5%     2.1 m      62.0 s 
INFO  20:09:02,272 ProgressMeter -            done    705545.0    73.0 s     104.0 s       99.9%    73.0 s       0.0 s 
INFO  20:09:02,273 ProgressMeter - Total runtime 73.53 secs, 1.23 min, 0.02 hours 
INFO  20:09:02,280 MicroScheduler - 1143280 reads were filtered out during the traversal out of approximately 1848825 total reads (61.84%) 
INFO  20:09:02,280 MicroScheduler -   -> 0 reads (0.00% of total) failing BadCigarFilter 
INFO  20:09:02,280 MicroScheduler -   -> 1143280 reads (61.84% of total) failing MalformedReadFilter 
