INFO  19:35:10,345 HelpFormatter - --------------------------------------------------------------------------------- 
INFO  19:35:10,348 HelpFormatter - The Genome Analysis Toolkit (GATK) v3.4-46-g8ea4dca, Compiled 2015/08/13 20:41:56 
INFO  19:35:10,348 HelpFormatter - Copyright (c) 2010 The Broad Institute 
INFO  19:35:10,348 HelpFormatter - For support and documentation go to http://www.broadinstitute.org/gatk 
INFO  19:35:10,357 HelpFormatter - Program Args: -T IndelRealigner -I /mnt/nvme0n1/data/broadout/HG02771_gatk_best_practices_8t_30s_2016-07-06_18-21-02/HG02771_dupRem.bam -L /mnt/nvme0n1/Broad_Ref_Pipeline_approved_package/workflow_profiler/.queue/scatterGather/ExampleIndelRealigner-1-sg/temp_13_of_36/scatter.intervals -R /mnt/nvme0n1/Broad_Ref_Pipeline_approved_package/b37bundle/human_g1k_v37.fasta -known /mnt/nvme0n1/Broad_Ref_Pipeline_approved_package/b37bundle/1000G_phase1.indels.b37.vcf -targetIntervals /mnt/nvme0n1/data/broadout/HG02771_gatk_best_practices_8t_30s_2016-07-06_18-21-02/HG02771_realn.intervals -o /mnt/nvme0n1/Broad_Ref_Pipeline_approved_package/workflow_profiler/.queue/scatterGather/ExampleIndelRealigner-1-sg/temp_13_of_36/HG02771_realign.bam -filterNoBases 
INFO  19:35:10,375 HelpFormatter - Executing as bshifaw@application-1-1.hudson.intel.com on Linux 3.10.0-327.el7.x86_64 amd64; OpenJDK 64-Bit Server VM 1.8.0_91-b14. 
INFO  19:35:10,377 HelpFormatter - Date/Time: 2016/07/06 19:35:10 
INFO  19:35:10,377 HelpFormatter - --------------------------------------------------------------------------------- 
INFO  19:35:10,377 HelpFormatter - --------------------------------------------------------------------------------- 
INFO  19:35:10,518 GenomeAnalysisEngine - Strictness is SILENT 
INFO  19:35:10,656 GenomeAnalysisEngine - Downsampling Settings: No downsampling 
INFO  19:35:10,673 SAMDataSource$SAMReaders - Initializing SAMRecords in serial 
INFO  19:35:10,760 SAMDataSource$SAMReaders - Done initializing BAM readers: total time 0.07 
INFO  19:35:10,971 IntervalUtils - Processing 115169878 bp from intervals 
INFO  19:35:11,040 GenomeAnalysisEngine - Preparing for traversal over 1 BAM files 
INFO  19:35:11,614 GenomeAnalysisEngine - Done preparing for traversal 
INFO  19:35:11,614 ProgressMeter - [INITIALIZATION COMPLETE; STARTING PROCESSING] 
INFO  19:35:11,615 ProgressMeter -                 | processed |    time |    per 1M |           |   total | remaining 
INFO  19:35:11,615 ProgressMeter -        Location |     reads | elapsed |     reads | completed | runtime |   runtime 
INFO  19:35:11,853 ReadShardBalancer$1 - Loading BAM index data 
INFO  19:35:12,098 ReadShardBalancer$1 - Done loading BAM index data 
INFO  19:35:41,674 ProgressMeter -     13:49772094    800017.0    30.0 s      37.0 s       43.2%    69.0 s      39.0 s 
INFO  19:35:58,334 ProgressMeter -            done   1800398.0    46.0 s      25.0 s       99.9%    46.0 s       0.0 s 
INFO  19:35:58,335 ProgressMeter - Total runtime 46.72 secs, 0.78 min, 0.01 hours 
INFO  19:35:58,338 MicroScheduler - 62693 reads were filtered out during the traversal out of approximately 1863091 total reads (3.36%) 
INFO  19:35:58,338 MicroScheduler -   -> 0 reads (0.00% of total) failing BadCigarFilter 
INFO  19:35:58,338 MicroScheduler -   -> 62693 reads (3.36% of total) failing MalformedReadFilter 
