INFO  19:29:08,255 HelpFormatter - --------------------------------------------------------------------------------- 
INFO  19:29:08,257 HelpFormatter - The Genome Analysis Toolkit (GATK) v3.4-46-g8ea4dca, Compiled 2015/08/13 20:41:56 
INFO  19:29:08,258 HelpFormatter - Copyright (c) 2010 The Broad Institute 
INFO  19:29:08,258 HelpFormatter - For support and documentation go to http://www.broadinstitute.org/gatk 
INFO  19:29:08,261 HelpFormatter - Program Args: -T IndelRealigner -I /mnt/nvme0n1/data/broadout/HG02571_gatk_best_practices_8t_30s_2016-07-06_18-21-01/HG02571_dupRem.bam -L /mnt/nvme0n1/Broad_Ref_Pipeline_approved_package/workflow_profiler/.queue/scatterGather/ExampleIndelRealigner-1-sg/temp_13_of_36/scatter.intervals -R /mnt/nvme0n1/Broad_Ref_Pipeline_approved_package/b37bundle/human_g1k_v37.fasta -known /mnt/nvme0n1/Broad_Ref_Pipeline_approved_package/b37bundle/1000G_phase1.indels.b37.vcf -targetIntervals /mnt/nvme0n1/data/broadout/HG02571_gatk_best_practices_8t_30s_2016-07-06_18-21-01/HG02571_realn.intervals -o /mnt/nvme0n1/Broad_Ref_Pipeline_approved_package/workflow_profiler/.queue/scatterGather/ExampleIndelRealigner-1-sg/temp_13_of_36/HG02571_realign.bam -filterNoBases 
INFO  19:29:08,268 HelpFormatter - Executing as bshifaw@application-1-1.hudson.intel.com on Linux 3.10.0-327.el7.x86_64 amd64; OpenJDK 64-Bit Server VM 1.8.0_91-b14. 
INFO  19:29:08,268 HelpFormatter - Date/Time: 2016/07/06 19:29:08 
INFO  19:29:08,269 HelpFormatter - --------------------------------------------------------------------------------- 
INFO  19:29:08,269 HelpFormatter - --------------------------------------------------------------------------------- 
INFO  19:29:09,032 GenomeAnalysisEngine - Strictness is SILENT 
INFO  19:29:09,401 GenomeAnalysisEngine - Downsampling Settings: No downsampling 
INFO  19:29:09,418 SAMDataSource$SAMReaders - Initializing SAMRecords in serial 
INFO  19:29:09,557 SAMDataSource$SAMReaders - Done initializing BAM readers: total time 0.14 
INFO  19:29:09,851 IntervalUtils - Processing 115169878 bp from intervals 
INFO  19:29:10,064 GenomeAnalysisEngine - Preparing for traversal over 1 BAM files 
INFO  19:29:10,935 GenomeAnalysisEngine - Done preparing for traversal 
INFO  19:29:10,949 ProgressMeter - [INITIALIZATION COMPLETE; STARTING PROCESSING] 
INFO  19:29:10,950 ProgressMeter -                 | processed |    time |    per 1M |           |   total | remaining 
INFO  19:29:10,950 ProgressMeter -        Location |     reads | elapsed |     reads | completed | runtime |   runtime 
INFO  19:29:11,255 ReadShardBalancer$1 - Loading BAM index data 
INFO  19:29:11,714 ReadShardBalancer$1 - Done loading BAM index data 
INFO  19:29:41,452 ProgressMeter -     13:21557703         0.0    30.0 s      50.4 w       18.7%     2.7 m       2.2 m 
INFO  19:30:11,465 ProgressMeter -     13:31891855    300008.0    60.0 s       3.4 m       27.7%     3.6 m       2.6 m 
INFO  19:30:41,466 ProgressMeter -     13:43896692    700014.0    90.0 s       2.2 m       38.1%     3.9 m       2.4 m 
INFO  19:31:11,467 ProgressMeter -     13:77641913   1100027.0   120.0 s     109.0 s       67.4%     3.0 m      58.0 s 
INFO  19:31:38,811 ProgressMeter -            done   1765888.0     2.5 m      83.0 s       99.9%     2.5 m       0.0 s 
INFO  19:31:38,811 ProgressMeter - Total runtime 147.86 secs, 2.46 min, 0.04 hours 
INFO  19:31:38,814 MicroScheduler - 50195 reads were filtered out during the traversal out of approximately 1816083 total reads (2.76%) 
INFO  19:31:38,815 MicroScheduler -   -> 0 reads (0.00% of total) failing BadCigarFilter 
INFO  19:31:38,815 MicroScheduler -   -> 50195 reads (2.76% of total) failing MalformedReadFilter 
