INFO  20:06:12,867 HelpFormatter - --------------------------------------------------------------------------------- 
INFO  20:06:12,891 HelpFormatter - The Genome Analysis Toolkit (GATK) v3.4-46-g8ea4dca, Compiled 2015/08/13 20:41:56 
INFO  20:06:12,891 HelpFormatter - Copyright (c) 2010 The Broad Institute 
INFO  20:06:12,911 HelpFormatter - For support and documentation go to http://www.broadinstitute.org/gatk 
INFO  20:06:12,914 HelpFormatter - Program Args: -T PrintReads -I /mnt/nvme0n1/data/broadout/HG02571_gatk_best_practices_8t_30s_2016-07-06_18-21-01/HG02571_realign.bam -L /mnt/nvme0n1/Broad_Ref_Pipeline_approved_package/workflow_profiler/.queue/scatterGather/ExamplePrintReads-1-sg/temp_21_of_36/scatter.intervals -R /mnt/nvme0n1/Broad_Ref_Pipeline_approved_package/b37bundle/human_g1k_v37.fasta -BQSR /mnt/nvme0n1/data/broadout/HG02571_gatk_best_practices_8t_30s_2016-07-06_18-21-01/HG02571_recal.grp -o /mnt/nvme0n1/Broad_Ref_Pipeline_approved_package/workflow_profiler/.queue/scatterGather/ExamplePrintReads-1-sg/temp_21_of_36/HG02571_final.bam 
INFO  20:06:12,927 HelpFormatter - Executing as bshifaw@application-1-1.hudson.intel.com on Linux 3.10.0-327.el7.x86_64 amd64; OpenJDK 64-Bit Server VM 1.8.0_91-b14. 
INFO  20:06:12,953 HelpFormatter - Date/Time: 2016/07/06 20:06:12 
INFO  20:06:12,953 HelpFormatter - --------------------------------------------------------------------------------- 
INFO  20:06:12,953 HelpFormatter - --------------------------------------------------------------------------------- 
INFO  20:06:13,122 GenomeAnalysisEngine - Strictness is SILENT 
INFO  20:06:14,615 ContextCovariate - 		Context sizes: base substitution model 2, indel substitution model 3 
INFO  20:06:14,798 GenomeAnalysisEngine - Downsampling Settings: No downsampling 
INFO  20:06:14,835 SAMDataSource$SAMReaders - Initializing SAMRecords in serial 
INFO  20:06:14,952 SAMDataSource$SAMReaders - Done initializing BAM readers: total time 0.12 
INFO  20:06:15,050 IntervalUtils - Processing 48129895 bp from intervals 
INFO  20:06:15,472 GenomeAnalysisEngine - Preparing for traversal over 1 BAM files 
INFO  20:06:16,169 GenomeAnalysisEngine - Done preparing for traversal 
INFO  20:06:16,191 ProgressMeter - [INITIALIZATION COMPLETE; STARTING PROCESSING] 
INFO  20:06:16,200 ProgressMeter -                 | processed |    time |    per 1M |           |   total | remaining 
INFO  20:06:16,200 ProgressMeter -        Location |     reads | elapsed |     reads | completed | runtime |   runtime 
INFO  20:06:16,235 ReadShardBalancer$1 - Loading BAM index data 
INFO  20:06:16,411 ReadShardBalancer$1 - Done loading BAM index data 
INFO  20:06:46,261 ProgressMeter -     21:14898870         0.0    30.0 s      49.7 w       31.0%    96.0 s      66.0 s 
INFO  20:07:16,268 ProgressMeter -     21:27425566    100008.0    60.0 s      10.0 m       57.0%   105.0 s      45.0 s 
INFO  20:07:46,328 ProgressMeter -     21:34635551    300011.0    90.0 s       5.0 m       72.0%     2.1 m      35.0 s 
INFO  20:08:18,559 ProgressMeter -     21:35751841    400012.0     2.0 m       5.1 m       74.3%     2.7 m      42.0 s 
INFO  20:08:48,560 ProgressMeter -     21:39610233    500016.0     2.5 m       5.1 m       82.3%     3.1 m      32.0 s 
INFO  20:09:18,561 ProgressMeter -     21:43795908    600023.0     3.0 m       5.1 m       91.0%     3.3 m      18.0 s 
INFO  20:09:48,565 ProgressMeter -     21:45710812    800027.0     3.5 m       4.4 m       95.0%     3.7 m      11.0 s 
INFO  20:10:18,570 ProgressMeter -     21:46875467    900029.0     4.0 m       4.5 m       97.4%     4.1 m       6.0 s 
INFO  20:10:37,035 Walker - [REDUCE RESULT] Traversal result is: org.broadinstitute.gatk.engine.io.stubs.SAMFileWriterStub@5b58129f 
INFO  20:10:37,157 ProgressMeter -            done   1044079.0     4.3 m       4.2 m      100.0%     4.3 m       0.0 s 
INFO  20:10:37,157 ProgressMeter - Total runtime 260.97 secs, 4.35 min, 0.07 hours 
INFO  20:10:37,158 MicroScheduler - 0 reads were filtered out during the traversal out of approximately 1044079 total reads (0.00%) 
INFO  20:10:37,158 MicroScheduler -   -> 0 reads (0.00% of total) failing BadCigarFilter 
INFO  20:10:37,158 MicroScheduler -   -> 0 reads (0.00% of total) failing MalformedReadFilter 
