INFO  20:07:58,397 HelpFormatter - --------------------------------------------------------------------------------- 
INFO  20:07:58,422 HelpFormatter - The Genome Analysis Toolkit (GATK) v3.4-46-g8ea4dca, Compiled 2015/08/13 20:41:56 
INFO  20:07:58,422 HelpFormatter - Copyright (c) 2010 The Broad Institute 
INFO  20:07:58,422 HelpFormatter - For support and documentation go to http://www.broadinstitute.org/gatk 
INFO  20:07:58,426 HelpFormatter - Program Args: -T PrintReads -I /mnt/nvme0n1/data/broadout/HG02771_gatk_best_practices_8t_30s_2016-07-06_18-21-02/HG02771_realign.bam -L /mnt/nvme0n1/Broad_Ref_Pipeline_approved_package/workflow_profiler/.queue/scatterGather/ExamplePrintReads-1-sg/temp_21_of_36/scatter.intervals -R /mnt/nvme0n1/Broad_Ref_Pipeline_approved_package/b37bundle/human_g1k_v37.fasta -BQSR /mnt/nvme0n1/data/broadout/HG02771_gatk_best_practices_8t_30s_2016-07-06_18-21-02/HG02771_recal.grp -o /mnt/nvme0n1/Broad_Ref_Pipeline_approved_package/workflow_profiler/.queue/scatterGather/ExamplePrintReads-1-sg/temp_21_of_36/HG02771_final.bam 
INFO  20:07:58,485 HelpFormatter - Executing as bshifaw@application-1-1.hudson.intel.com on Linux 3.10.0-327.el7.x86_64 amd64; OpenJDK 64-Bit Server VM 1.8.0_91-b14. 
INFO  20:07:58,488 HelpFormatter - Date/Time: 2016/07/06 20:07:58 
INFO  20:07:58,488 HelpFormatter - --------------------------------------------------------------------------------- 
INFO  20:07:58,489 HelpFormatter - --------------------------------------------------------------------------------- 
INFO  20:07:59,083 GenomeAnalysisEngine - Strictness is SILENT 
INFO  20:08:01,850 ContextCovariate - 		Context sizes: base substitution model 2, indel substitution model 3 
INFO  20:08:02,079 GenomeAnalysisEngine - Downsampling Settings: No downsampling 
INFO  20:08:02,138 SAMDataSource$SAMReaders - Initializing SAMRecords in serial 
INFO  20:08:02,329 SAMDataSource$SAMReaders - Done initializing BAM readers: total time 0.19 
INFO  20:08:02,411 IntervalUtils - Processing 48129895 bp from intervals 
INFO  20:08:02,769 GenomeAnalysisEngine - Preparing for traversal over 1 BAM files 
INFO  20:08:03,767 GenomeAnalysisEngine - Done preparing for traversal 
INFO  20:08:03,782 ProgressMeter - [INITIALIZATION COMPLETE; STARTING PROCESSING] 
INFO  20:08:03,782 ProgressMeter -                 | processed |    time |    per 1M |           |   total | remaining 
INFO  20:08:03,786 ProgressMeter -        Location |     reads | elapsed |     reads | completed | runtime |   runtime 
INFO  20:08:03,834 ReadShardBalancer$1 - Loading BAM index data 
INFO  20:08:04,195 ReadShardBalancer$1 - Done loading BAM index data 
INFO  20:08:33,848 ProgressMeter -     21:10862996         0.0    30.0 s      49.7 w       22.6%     2.2 m     102.0 s 
INFO  20:09:03,853 ProgressMeter -     21:17250644    100003.0    60.0 s      10.0 m       35.8%     2.8 m     107.0 s 
INFO  20:09:33,854 ProgressMeter -     21:31692201    200007.0    90.0 s       7.5 m       65.8%     2.3 m      46.0 s 
INFO  20:10:03,915 ProgressMeter -     21:35172224    400010.0   120.0 s       5.0 m       73.1%     2.7 m      44.0 s 
INFO  20:10:33,916 ProgressMeter -     21:39580520    500011.0     2.5 m       5.0 m       82.2%     3.0 m      32.0 s 
INFO  20:11:03,917 ProgressMeter -     21:43833361    700013.0     3.0 m       4.3 m       91.1%     3.3 m      17.0 s 
INFO  20:11:33,920 ProgressMeter -     21:46021169    800015.0     3.5 m       4.4 m       95.6%     3.7 m       9.0 s 
INFO  20:11:58,248 Walker - [REDUCE RESULT] Traversal result is: org.broadinstitute.gatk.engine.io.stubs.SAMFileWriterStub@5b58129f 
INFO  20:11:58,344 ProgressMeter -            done   1055746.0     3.9 m       3.7 m      100.0%     3.9 m       0.0 s 
INFO  20:11:58,344 ProgressMeter - Total runtime 234.57 secs, 3.91 min, 0.07 hours 
INFO  20:11:58,345 MicroScheduler - 0 reads were filtered out during the traversal out of approximately 1055746 total reads (0.00%) 
INFO  20:11:58,346 MicroScheduler -   -> 0 reads (0.00% of total) failing BadCigarFilter 
INFO  20:11:58,346 MicroScheduler -   -> 0 reads (0.00% of total) failing MalformedReadFilter 
