INFO  18:27:28,507 HelpFormatter - --------------------------------------------------------------------------------- 
INFO  18:27:28,524 HelpFormatter - The Genome Analysis Toolkit (GATK) v3.4-46-g8ea4dca, Compiled 2015/08/13 20:41:56 
INFO  18:27:28,524 HelpFormatter - Copyright (c) 2010 The Broad Institute 
INFO  18:27:28,524 HelpFormatter - For support and documentation go to http://www.broadinstitute.org/gatk 
INFO  18:27:28,531 HelpFormatter - Program Args: -T PrintReads -I /mnt/sdb/data/broadout/HG02769_gatk_best_practices_8t_30s_2016-07-25_16-38-44/HG02769_realign.bam -L /mnt/sdb/Broad_Ref_Pipeline_approved_package/workflow_profiler/.queue/scatterGather/ExamplePrintReads-1-sg/temp_21_of_36/scatter.intervals -R /mnt/sdb/Broad_Ref_Pipeline_approved_package/b37bundle/human_g1k_v37.fasta -BQSR /mnt/sdb/data/broadout/HG02769_gatk_best_practices_8t_30s_2016-07-25_16-38-44/HG02769_recal.grp -o /mnt/sdb/Broad_Ref_Pipeline_approved_package/workflow_profiler/.queue/scatterGather/ExamplePrintReads-1-sg/temp_21_of_36/HG02769_final.bam 
INFO  18:27:28,570 HelpFormatter - Executing as bshifaw@application-0-1.hudson.intel.com on Linux 3.10.0-327.el7.x86_64 amd64; OpenJDK 64-Bit Server VM 1.8.0_101-b13. 
INFO  18:27:28,571 HelpFormatter - Date/Time: 2016/07/25 18:27:28 
INFO  18:27:28,571 HelpFormatter - --------------------------------------------------------------------------------- 
INFO  18:27:28,572 HelpFormatter - --------------------------------------------------------------------------------- 
INFO  18:27:29,001 GenomeAnalysisEngine - Strictness is SILENT 
INFO  18:27:31,697 ContextCovariate - 		Context sizes: base substitution model 2, indel substitution model 3 
INFO  18:27:32,000 GenomeAnalysisEngine - Downsampling Settings: No downsampling 
INFO  18:27:32,046 SAMDataSource$SAMReaders - Initializing SAMRecords in serial 
INFO  18:27:32,250 SAMDataSource$SAMReaders - Done initializing BAM readers: total time 0.20 
INFO  18:27:32,402 IntervalUtils - Processing 48129895 bp from intervals 
INFO  18:27:33,016 GenomeAnalysisEngine - Preparing for traversal over 1 BAM files 
INFO  18:27:34,094 GenomeAnalysisEngine - Done preparing for traversal 
INFO  18:27:34,100 ProgressMeter - [INITIALIZATION COMPLETE; STARTING PROCESSING] 
INFO  18:27:34,105 ProgressMeter -                 | processed |    time |    per 1M |           |   total | remaining 
INFO  18:27:34,106 ProgressMeter -        Location |     reads | elapsed |     reads | completed | runtime |   runtime 
INFO  18:27:34,172 ReadShardBalancer$1 - Loading BAM index data 
INFO  18:27:34,443 ReadShardBalancer$1 - Done loading BAM index data 
INFO  18:28:07,215 ProgressMeter -      21:9755876         0.0    33.0 s      54.8 w       20.3%     2.7 m       2.2 m 
INFO  18:28:37,527 ProgressMeter -     21:18931370    100001.0    63.0 s      10.6 m       39.3%     2.7 m      97.0 s 
INFO  18:29:08,797 ProgressMeter -     21:31798074    200002.0    94.0 s       7.9 m       66.1%     2.4 m      48.0 s 
INFO  18:29:38,798 ProgressMeter -     21:34955887    400009.0     2.1 m       5.2 m       72.6%     2.8 m      46.0 s 
INFO  18:30:08,799 ProgressMeter -     21:42749118    600012.0     2.6 m       4.3 m       88.8%     2.9 m      19.0 s 
INFO  18:30:38,800 ProgressMeter -     21:45713826    800016.0     3.1 m       3.8 m       95.0%     3.2 m       9.0 s 
INFO  18:31:02,729 Walker - [REDUCE RESULT] Traversal result is: org.broadinstitute.gatk.engine.io.stubs.SAMFileWriterStub@2a6e54c2 
INFO  18:31:02,864 ProgressMeter -            done   1044904.0     3.5 m       3.3 m      100.0%     3.5 m       0.0 s 
INFO  18:31:02,870 ProgressMeter - Total runtime 208.76 secs, 3.48 min, 0.06 hours 
INFO  18:31:02,871 MicroScheduler - 0 reads were filtered out during the traversal out of approximately 1044904 total reads (0.00%) 
INFO  18:31:02,871 MicroScheduler -   -> 0 reads (0.00% of total) failing BadCigarFilter 
INFO  18:31:02,872 MicroScheduler -   -> 0 reads (0.00% of total) failing MalformedReadFilter 
