INFO  19:49:32,277 HelpFormatter - --------------------------------------------------------------------------------- 
INFO  19:49:32,280 HelpFormatter - The Genome Analysis Toolkit (GATK) v3.4-46-g8ea4dca, Compiled 2015/08/13 20:41:56 
INFO  19:49:32,280 HelpFormatter - Copyright (c) 2010 The Broad Institute 
INFO  19:49:32,280 HelpFormatter - For support and documentation go to http://www.broadinstitute.org/gatk 
INFO  19:49:32,283 HelpFormatter - Program Args: -T BaseRecalibrator -I /mnt/nvme0n1/data/broadout/HG02571_gatk_best_practices_8t_30s_2016-07-06_18-21-01/HG02571_realign.bam -L /mnt/nvme0n1/Broad_Ref_Pipeline_approved_package/workflow_profiler/.queue/scatterGather/ExampleBaseRecalibrator-1-sg/temp_03_of_24/scatter.intervals -R /mnt/nvme0n1/Broad_Ref_Pipeline_approved_package/b37bundle/human_g1k_v37.fasta -knownSites /mnt/nvme0n1/Broad_Ref_Pipeline_approved_package/b37bundle/dbsnp_138.b37.vcf -o /mnt/nvme0n1/Broad_Ref_Pipeline_approved_package/workflow_profiler/.queue/scatterGather/ExampleBaseRecalibrator-1-sg/temp_03_of_24/HG02571_recal.grp 
INFO  19:49:32,295 HelpFormatter - Executing as bshifaw@application-1-1.hudson.intel.com on Linux 3.10.0-327.el7.x86_64 amd64; OpenJDK 64-Bit Server VM 1.8.0_91-b14. 
INFO  19:49:32,295 HelpFormatter - Date/Time: 2016/07/06 19:49:32 
INFO  19:49:32,295 HelpFormatter - --------------------------------------------------------------------------------- 
INFO  19:49:32,295 HelpFormatter - --------------------------------------------------------------------------------- 
INFO  19:49:32,399 GenomeAnalysisEngine - Strictness is SILENT 
INFO  19:49:32,483 GenomeAnalysisEngine - Downsampling Settings: No downsampling 
INFO  19:49:32,489 SAMDataSource$SAMReaders - Initializing SAMRecords in serial 
INFO  19:49:32,509 SAMDataSource$SAMReaders - Done initializing BAM readers: total time 0.02 
INFO  19:49:32,839 IntervalUtils - Processing 3001950 bp from intervals 
INFO  19:49:32,949 GenomeAnalysisEngine - Preparing for traversal over 1 BAM files 
INFO  19:49:33,239 GenomeAnalysisEngine - Done preparing for traversal 
INFO  19:49:33,239 ProgressMeter - [INITIALIZATION COMPLETE; STARTING PROCESSING] 
INFO  19:49:33,240 ProgressMeter -                 | processed |    time |    per 1M |           |   total | remaining 
INFO  19:49:33,240 ProgressMeter -        Location |     reads | elapsed |     reads | completed | runtime |   runtime 
INFO  19:49:33,315 BaseRecalibrator - The covariates being used here:  
INFO  19:49:33,315 BaseRecalibrator - 	ReadGroupCovariate 
INFO  19:49:33,315 BaseRecalibrator - 	QualityScoreCovariate 
INFO  19:49:33,315 BaseRecalibrator - 	ContextCovariate 
INFO  19:49:33,316 ContextCovariate - 		Context sizes: base substitution model 2, indel substitution model 3 
INFO  19:49:33,316 BaseRecalibrator - 	CycleCovariate 
INFO  19:49:33,317 ReadShardBalancer$1 - Loading BAM index data 
INFO  19:49:33,481 ReadShardBalancer$1 - Done loading BAM index data 
INFO  19:50:03,349 ProgressMeter -       3:8661514         0.0    30.0 s      49.8 w        1.9%    26.3 m      25.8 m 
INFO  19:50:33,867 ProgressMeter -      3:10264402    100002.0    60.0 s      10.1 m        4.6%    21.9 m      20.9 m 
INFO  19:51:03,869 ProgressMeter -      3:13679437    200004.0    90.0 s       7.6 m        7.0%    21.4 m      19.9 m 
INFO  19:51:37,910 ProgressMeter -      3:16535433    300007.0     2.1 m       6.9 m        9.4%    22.0 m      19.9 m 
INFO  19:52:08,139 ProgressMeter -      3:36779702    500010.0     2.6 m       5.2 m       14.4%    17.9 m      15.3 m 
INFO  19:52:38,141 ProgressMeter -      3:39228237    700017.0     3.1 m       4.4 m       18.4%    16.7 m      13.6 m 
INFO  19:53:08,373 ProgressMeter -      3:46415130    900024.0     3.6 m       4.0 m       23.4%    15.3 m      11.8 m 
INFO  19:53:38,374 ProgressMeter -      3:48955990   1200031.0     4.1 m       3.4 m       29.2%    14.0 m       9.9 m 
INFO  19:54:08,523 ProgressMeter -      3:51694115   1500036.0     4.6 m       3.1 m       35.9%    12.8 m       8.2 m 
INFO  19:54:38,525 ProgressMeter -      3:53836213   1700038.0     5.1 m       3.0 m       41.3%    12.3 m       7.2 m 
INFO  19:55:08,539 ProgressMeter -      3:59738008   1800039.0     5.6 m       3.1 m       44.5%    12.6 m       7.0 m 
INFO  19:55:38,541 ProgressMeter -      3:73016853   1900043.0     6.1 m       3.2 m       47.7%    12.8 m       6.7 m 
INFO  19:56:08,565 ProgressMeter -     3:100057987   2100045.0     6.6 m       3.1 m       51.3%    12.8 m       6.2 m 
INFO  19:56:38,567 ProgressMeter -     3:111312739   2200048.0     7.1 m       3.2 m       55.0%    12.9 m       5.8 m 
INFO  19:57:08,569 ProgressMeter -     3:119331938   2400052.0     7.6 m       3.2 m       58.9%    12.9 m       5.3 m 
INFO  19:57:38,571 ProgressMeter -     3:124165095   2600061.0     8.1 m       3.1 m       63.6%    12.7 m       4.6 m 
INFO  19:58:10,349 ProgressMeter -     3:130283861   2900067.0     8.6 m       3.0 m       68.9%    12.5 m       3.9 m 
INFO  19:58:40,542 ProgressMeter -     3:142215382   3100070.0     9.1 m       2.9 m       76.1%    12.0 m       2.9 m 
INFO  19:59:10,543 ProgressMeter -     3:160804363   3400073.0     9.6 m       2.8 m       83.3%    11.5 m     115.0 s 
INFO  19:59:40,544 ProgressMeter -     3:184094081   3800082.0    10.1 m       2.7 m       92.1%    11.0 m      52.0 s 
INFO  20:00:01,286 BaseRecalibrator - Calculating quantized quality scores... 
INFO  20:00:01,322 BaseRecalibrator - Writing recalibration report... 
INFO  20:00:02,395 BaseRecalibrator - ...done! 
INFO  20:00:02,395 BaseRecalibrator - BaseRecalibrator was able to recalibrate 4189794 reads 
INFO  20:00:02,396 ProgressMeter -            done   4189794.0    10.5 m       2.5 m      100.0%    10.5 m       0.0 s 
INFO  20:00:02,406 ProgressMeter - Total runtime 629.17 secs, 10.49 min, 0.17 hours 
INFO  20:00:02,415 MicroScheduler - 873799 reads were filtered out during the traversal out of approximately 5063593 total reads (17.26%) 
INFO  20:00:02,416 MicroScheduler -   -> 0 reads (0.00% of total) failing BadCigarFilter 
INFO  20:00:02,416 MicroScheduler -   -> 825845 reads (16.31% of total) failing DuplicateReadFilter 
INFO  20:00:02,416 MicroScheduler -   -> 0 reads (0.00% of total) failing FailsVendorQualityCheckFilter 
INFO  20:00:02,416 MicroScheduler -   -> 0 reads (0.00% of total) failing MalformedReadFilter 
INFO  20:00:02,416 MicroScheduler -   -> 0 reads (0.00% of total) failing MappingQualityUnavailableFilter 
INFO  20:00:02,416 MicroScheduler -   -> 47508 reads (0.94% of total) failing MappingQualityZeroFilter 
INFO  20:00:02,417 MicroScheduler -   -> 446 reads (0.01% of total) failing NotPrimaryAlignmentFilter 
INFO  20:00:02,417 MicroScheduler -   -> 0 reads (0.00% of total) failing UnmappedReadFilter 
