INFO  17:06:50,005 HelpFormatter - --------------------------------------------------------------------------------- 
INFO  17:06:50,036 HelpFormatter - The Genome Analysis Toolkit (GATK) v3.4-46-g8ea4dca, Compiled 2015/08/13 20:41:56 
INFO  17:06:50,038 HelpFormatter - Copyright (c) 2010 The Broad Institute 
INFO  17:06:50,045 HelpFormatter - For support and documentation go to http://www.broadinstitute.org/gatk 
INFO  17:06:50,049 HelpFormatter - Program Args: -T PrintReads -I /cluster_share/data/out/HG02769_gatk_best_practices_36t_30s_2016-11-28_15-18-37/HG02769_realign.bam -L /cluster_share/data/Broad_Ref_Pipeline_approved_package/workflow_profiler/.queue/scatterGather/ExamplePrintReads-1-sg/temp_29_of_36/scatter.intervals -R /cluster_share/data/reference/b37bundle/human_g1k_v37.fasta -BQSR /cluster_share/data/out/HG02769_gatk_best_practices_36t_30s_2016-11-28_15-18-37/HG02769_recal.grp -o /cluster_share/data/Broad_Ref_Pipeline_approved_package/workflow_profiler/.queue/scatterGather/ExamplePrintReads-1-sg/temp_29_of_36/HG02769_final.bam 
INFO  17:06:50,065 HelpFormatter - Executing as bshifaw@compute-1-1.hudson.intel.com on Linux 3.10.0-327.13.1.el7.x86_64 amd64; OpenJDK 64-Bit Server VM 1.8.0_111-b15. 
INFO  17:06:50,066 HelpFormatter - Date/Time: 2016/11/28 17:06:49 
INFO  17:06:50,075 HelpFormatter - --------------------------------------------------------------------------------- 
INFO  17:06:50,076 HelpFormatter - --------------------------------------------------------------------------------- 
INFO  17:06:50,615 GenomeAnalysisEngine - Strictness is SILENT 
INFO  17:06:52,574 ContextCovariate - 		Context sizes: base substitution model 2, indel substitution model 3 
INFO  17:06:52,739 GenomeAnalysisEngine - Downsampling Settings: No downsampling 
INFO  17:06:52,767 SAMDataSource$SAMReaders - Initializing SAMRecords in serial 
INFO  17:06:52,868 SAMDataSource$SAMReaders - Done initializing BAM readers: total time 0.10 
INFO  17:06:52,955 IntervalUtils - Processing 27386 bp from intervals 
INFO  17:06:53,263 GenomeAnalysisEngine - Preparing for traversal over 1 BAM files 
INFO  17:06:53,515 GenomeAnalysisEngine - Done preparing for traversal 
INFO  17:06:53,527 ProgressMeter - [INITIALIZATION COMPLETE; STARTING PROCESSING] 
INFO  17:06:53,528 ProgressMeter -                 | processed |    time |    per 1M |           |   total | remaining 
INFO  17:06:53,533 ProgressMeter -        Location |     reads | elapsed |     reads | completed | runtime |   runtime 
INFO  17:06:53,563 ReadShardBalancer$1 - Loading BAM index data 
INFO  17:06:53,564 ReadShardBalancer$1 - Done loading BAM index data 
INFO  17:06:53,929 Walker - [REDUCE RESULT] Traversal result is: org.broadinstitute.gatk.engine.io.stubs.SAMFileWriterStub@2a6e54c2 
INFO  17:06:54,267 ProgressMeter -            done         4.0     0.0 s      51.8 h       61.1%     0.0 s       0.0 s 
INFO  17:06:54,267 ProgressMeter - Total runtime 0.75 secs, 0.01 min, 0.00 hours 
INFO  17:06:54,267 MicroScheduler - 0 reads were filtered out during the traversal out of approximately 4 total reads (0.00%) 
INFO  17:06:54,267 MicroScheduler -   -> 0 reads (0.00% of total) failing BadCigarFilter 
INFO  17:06:54,268 MicroScheduler -   -> 0 reads (0.00% of total) failing MalformedReadFilter 
