INFO  16:35:34,201 HelpFormatter - --------------------------------------------------------------------------------- 
INFO  16:35:34,203 HelpFormatter - The Genome Analysis Toolkit (GATK) v3.4-46-g8ea4dca, Compiled 2015/08/13 20:41:56 
INFO  16:35:34,206 HelpFormatter - Copyright (c) 2010 The Broad Institute 
INFO  16:35:34,207 HelpFormatter - For support and documentation go to http://www.broadinstitute.org/gatk 
INFO  16:35:34,211 HelpFormatter - Program Args: -T IndelRealigner -I /cluster_share/data/out/HG02769_gatk_best_practices_36t_30s_2016-11-28_15-18-37/HG02769_dupRem.bam -L /cluster_share/data/Broad_Ref_Pipeline_approved_package/workflow_profiler/.queue/scatterGather/ExampleIndelRealigner-1-sg/temp_32_of_36/scatter.intervals -R /cluster_share/data/reference/b37bundle/human_g1k_v37.fasta -known /cluster_share/data/reference/b37bundle/1000G_phase1.indels.b37.vcf -targetIntervals /cluster_share/data/out/HG02769_gatk_best_practices_36t_30s_2016-11-28_15-18-37/HG02769_realn.intervals -o /cluster_share/data/Broad_Ref_Pipeline_approved_package/workflow_profiler/.queue/scatterGather/ExampleIndelRealigner-1-sg/temp_32_of_36/HG02769_realign.bam -filterNoBases 
INFO  16:35:34,215 HelpFormatter - Executing as bshifaw@compute-1-1.hudson.intel.com on Linux 3.10.0-327.13.1.el7.x86_64 amd64; OpenJDK 64-Bit Server VM 1.8.0_111-b15. 
INFO  16:35:34,216 HelpFormatter - Date/Time: 2016/11/28 16:35:34 
INFO  16:35:34,216 HelpFormatter - --------------------------------------------------------------------------------- 
INFO  16:35:34,219 HelpFormatter - --------------------------------------------------------------------------------- 
INFO  16:35:34,537 GenomeAnalysisEngine - Strictness is SILENT 
INFO  16:35:34,749 GenomeAnalysisEngine - Downsampling Settings: No downsampling 
INFO  16:35:34,757 SAMDataSource$SAMReaders - Initializing SAMRecords in serial 
INFO  16:35:34,922 SAMDataSource$SAMReaders - Done initializing BAM readers: total time 0.16 
WARN  16:35:35,030 FSLockWithShared$LockAcquisitionTask - WARNING: Unable to lock file /cluster_share/data/reference/b37bundle/1000G_phase1.indels.b37.vcf.idx because an IOException occurred with message: Function not implemented. 
INFO  16:35:35,032 RMDTrackBuilder - Could not acquire a shared lock on index file /cluster_share/data/reference/b37bundle/1000G_phase1.indels.b37.vcf.idx, falling back to using an in-memory index for this GATK run. 
INFO  16:35:48,508 IntervalUtils - Processing 34474 bp from intervals 
INFO  16:35:48,842 GenomeAnalysisEngine - Preparing for traversal over 1 BAM files 
INFO  16:35:49,074 GenomeAnalysisEngine - Done preparing for traversal 
INFO  16:35:49,075 ProgressMeter - [INITIALIZATION COMPLETE; STARTING PROCESSING] 
INFO  16:35:49,078 ProgressMeter -                 | processed |    time |    per 1M |           |   total | remaining 
INFO  16:35:49,134 ProgressMeter -        Location |     reads | elapsed |     reads | completed | runtime |   runtime 
INFO  16:35:49,491 ReadShardBalancer$1 - Loading BAM index data 
INFO  16:35:49,492 ReadShardBalancer$1 - Done loading BAM index data 
INFO  16:35:49,800 ProgressMeter -            done        11.0     0.0 s      18.3 h        5.1%     0.0 s       0.0 s 
INFO  16:35:49,801 ProgressMeter - Total runtime 0.73 secs, 0.01 min, 0.00 hours 
INFO  16:35:49,804 MicroScheduler - 29 reads were filtered out during the traversal out of approximately 40 total reads (72.50%) 
INFO  16:35:49,804 MicroScheduler -   -> 0 reads (0.00% of total) failing BadCigarFilter 
INFO  16:35:49,805 MicroScheduler -   -> 29 reads (72.50% of total) failing MalformedReadFilter 
