INFO  17:36:59,017 HelpFormatter - --------------------------------------------------------------------------------- 
INFO  17:36:59,020 HelpFormatter - The Genome Analysis Toolkit (GATK) v3.4-46-g8ea4dca, Compiled 2015/08/13 20:41:56 
INFO  17:36:59,020 HelpFormatter - Copyright (c) 2010 The Broad Institute 
INFO  17:36:59,020 HelpFormatter - For support and documentation go to http://www.broadinstitute.org/gatk 
INFO  17:36:59,023 HelpFormatter - Program Args: -T HaplotypeCaller -I /cluster_share/data/out/HG02769_gatk_best_practices_36t_30s_2016-11-28_15-18-37/HG02769_final.bam -L /cluster_share/data/Broad_Ref_Pipeline_approved_package/workflow_profiler/.queue/scatterGather/ExampleHaplotypeCaller-1-sg/temp_36_of_36/scatter.intervals -R /cluster_share/data/reference/b37bundle/human_g1k_v37.fasta -variant_index_type LINEAR -variant_index_parameter 128000 -o /cluster_share/data/Broad_Ref_Pipeline_approved_package/workflow_profiler/.queue/scatterGather/ExampleHaplotypeCaller-1-sg/temp_36_of_36/HG02769_HaplotypeCaller.g.vcf -ERC GVCF 
INFO  17:36:59,049 HelpFormatter - Executing as bshifaw@compute-1-1.hudson.intel.com on Linux 3.10.0-327.13.1.el7.x86_64 amd64; OpenJDK 64-Bit Server VM 1.8.0_111-b15. 
INFO  17:36:59,061 HelpFormatter - Date/Time: 2016/11/28 17:36:59 
INFO  17:36:59,061 HelpFormatter - --------------------------------------------------------------------------------- 
INFO  17:36:59,066 HelpFormatter - --------------------------------------------------------------------------------- 
WARN  17:36:59,094 GATKVCFUtils - Naming your output file using the .g.vcf extension will automatically set the appropriate values  for --variant_index_type and --variant_index_parameter 
INFO  17:36:59,248 GenomeAnalysisEngine - Strictness is SILENT 
INFO  17:36:59,494 GenomeAnalysisEngine - Downsampling Settings: Method: BY_SAMPLE, Target Coverage: 500 
INFO  17:36:59,563 SAMDataSource$SAMReaders - Initializing SAMRecords in serial 
INFO  17:36:59,707 SAMDataSource$SAMReaders - Done initializing BAM readers: total time 0.14 
INFO  17:36:59,748 HCMappingQualityFilter - Filtering out reads with MAPQ < 20 
INFO  17:37:00,012 IntervalUtils - Processing 1437993 bp from intervals 
INFO  17:37:00,324 GenomeAnalysisEngine - Preparing for traversal over 1 BAM files 
INFO  17:37:00,876 GenomeAnalysisEngine - Done preparing for traversal 
INFO  17:37:00,883 ProgressMeter - [INITIALIZATION COMPLETE; STARTING PROCESSING] 
INFO  17:37:00,888 ProgressMeter -                 |      processed |    time |         per 1M |           |   total | remaining 
INFO  17:37:00,916 ProgressMeter -        Location | active regions | elapsed | active regions | completed | runtime |   runtime 
INFO  17:37:00,924 HaplotypeCaller - Standard Emitting and Calling confidence set to 0.0 for reference-model confidence output 
INFO  17:37:00,925 HaplotypeCaller - All sites annotated with PLs forced to true for reference-model confidence output 
INFO  17:37:01,369 HaplotypeCaller - Using global mismapping rate of 45 => -4.5 in log10 likelihood units 
Using AVX accelerated implementation of PairHMM
INFO  17:37:16,302 VectorLoglessPairHMM - libVectorLoglessPairHMM unpacked successfully from GATK jar file 
INFO  17:37:16,323 VectorLoglessPairHMM - Using vectorized implementation of PairHMM 
WARN  17:37:16,626 HaplotypeScore - Annotation will not be calculated, must be called from UnifiedGenotyper 
WARN  17:37:16,626 InbreedingCoeff - Annotation will not be calculated, must provide a valid PED file (-ped) from the command line. 
INFO  17:37:30,973 ProgressMeter -      X:53652907        7108559.0    30.0 s            4.0 s        5.0%    10.1 m       9.6 m 
INFO  17:38:00,975 ProgressMeter -      X:70470230      9.6858883E7    60.0 s            0.0 s       18.5%     5.4 m       4.4 m 
INFO  17:38:30,976 ProgressMeter -     X:100506040     3.44409865E8    90.0 s            0.0 s       34.8%     4.3 m       2.8 m 
INFO  17:39:00,977 ProgressMeter -     X:109468256     6.13377895E8   120.0 s            0.0 s       46.3%     4.3 m       2.3 m 
INFO  17:39:30,978 ProgressMeter -     X:128880160    1.067718254E9     2.5 m            0.0 s       59.5%     4.2 m     102.0 s 
INFO  17:40:00,979 ProgressMeter -     X:140983003    1.546415409E9     3.0 m            0.0 s       71.2%     4.2 m      72.0 s 
INFO  17:40:30,980 ProgressMeter -     X:153586515    2.056437197E9     3.5 m            0.0 s       84.6%     4.1 m      38.0 s 
INFO  17:40:43,312 VectorLoglessPairHMM - Time spent in setup for JNI call : 0.109986684 
INFO  17:40:43,312 PairHMM - Total compute time in PairHMM computeLikelihoods() : 13.267357584 
INFO  17:40:43,313 HaplotypeCaller - Ran local assembly on 7594 active regions 
INFO  17:40:43,326 ProgressMeter -            done    2.332457986E9     3.7 m            0.0 s      100.0%     3.7 m       0.0 s 
INFO  17:40:43,326 ProgressMeter - Total runtime 222.44 secs, 3.71 min, 0.06 hours 
INFO  17:40:43,326 MicroScheduler - 781111 reads were filtered out during the traversal out of approximately 2968422 total reads (26.31%) 
INFO  17:40:43,327 MicroScheduler -   -> 0 reads (0.00% of total) failing BadCigarFilter 
INFO  17:40:43,327 MicroScheduler -   -> 372671 reads (12.55% of total) failing DuplicateReadFilter 
INFO  17:40:43,327 MicroScheduler -   -> 0 reads (0.00% of total) failing FailsVendorQualityCheckFilter 
INFO  17:40:43,327 MicroScheduler -   -> 408174 reads (13.75% of total) failing HCMappingQualityFilter 
INFO  17:40:43,328 MicroScheduler -   -> 0 reads (0.00% of total) failing MalformedReadFilter 
INFO  17:40:43,328 MicroScheduler -   -> 0 reads (0.00% of total) failing MappingQualityUnavailableFilter 
INFO  17:40:43,328 MicroScheduler -   -> 266 reads (0.01% of total) failing NotPrimaryAlignmentFilter 
INFO  17:40:43,328 MicroScheduler -   -> 0 reads (0.00% of total) failing UnmappedReadFilter 
