INFO  11:41:27,543 HelpFormatter - --------------------------------------------------------------------------------- 
INFO  11:41:27,545 HelpFormatter - The Genome Analysis Toolkit (GATK) v3.4-46-g8ea4dca, Compiled 2015/08/13 20:41:56 
INFO  11:41:27,546 HelpFormatter - Copyright (c) 2010 The Broad Institute 
INFO  11:41:27,546 HelpFormatter - For support and documentation go to http://www.broadinstitute.org/gatk 
INFO  11:41:27,549 HelpFormatter - Program Args: -T HaplotypeCaller -I /mnt/ssdbroad/output/sim1M_pairs_gatk_best_practices_36t_30s_2016-02-11_11-03-56/sim1M_pairs_final.bam -L /mnt/ssdbroad/Broad_Ref_Pipeline_approved_package/workflow_profiler/.queue/scatterGather/ExampleHaplotypeCaller-1-sg/temp_36_of_36/scatter.intervals -R /mnt/ssdbroad/Broad_Ref_Pipeline_approved_package/homosapiensrefgenome/Homo_sapiens_assembly19.fasta -variant_index_type LINEAR -variant_index_parameter 128000 -o /mnt/ssdbroad/Broad_Ref_Pipeline_approved_package/workflow_profiler/.queue/scatterGather/ExampleHaplotypeCaller-1-sg/temp_36_of_36/sim1M_pairs_HaplotypeCaller.g.vcf -ERC GVCF 
INFO  11:41:27,574 HelpFormatter - Executing as beris@dna on Linux 2.6.32-573.el6.x86_64 amd64; OpenJDK 64-Bit Server VM 1.7.0_79-mockbuild_2015_07_24_09_26-b00. 
INFO  11:41:27,574 HelpFormatter - Date/Time: 2016/02/11 11:41:27 
INFO  11:41:27,574 HelpFormatter - --------------------------------------------------------------------------------- 
INFO  11:41:27,574 HelpFormatter - --------------------------------------------------------------------------------- 
WARN  11:41:27,621 GATKVCFUtils - Naming your output file using the .g.vcf extension will automatically set the appropriate values  for --variant_index_type and --variant_index_parameter 
INFO  11:41:27,774 GenomeAnalysisEngine - Strictness is SILENT 
INFO  11:41:27,890 GenomeAnalysisEngine - Downsampling Settings: Method: BY_SAMPLE, Target Coverage: 500 
INFO  11:41:27,897 SAMDataSource$SAMReaders - Initializing SAMRecords in serial 
INFO  11:41:27,939 SAMDataSource$SAMReaders - Done initializing BAM readers: total time 0.04 
INFO  11:41:27,945 HCMappingQualityFilter - Filtering out reads with MAPQ < 20 
INFO  11:41:27,958 IntervalUtils - Processing 86166037 bp from intervals 
INFO  11:41:28,066 GenomeAnalysisEngine - Preparing for traversal over 1 BAM files 
INFO  11:41:28,323 GenomeAnalysisEngine - Done preparing for traversal 
INFO  11:41:28,324 ProgressMeter - [INITIALIZATION COMPLETE; STARTING PROCESSING] 
INFO  11:41:28,324 ProgressMeter -                 |      processed |    time |         per 1M |           |   total | remaining 
INFO  11:41:28,325 ProgressMeter -        Location | active regions | elapsed | active regions | completed | runtime |   runtime 
INFO  11:41:28,337 HaplotypeCaller - Standard Emitting and Calling confidence set to 0.0 for reference-model confidence output 
INFO  11:41:28,338 HaplotypeCaller - All sites annotated with PLs forced to true for reference-model confidence output 
INFO  11:41:28,576 HaplotypeCaller - Using global mismapping rate of 45 => -4.5 in log10 likelihood units 
Using AVX accelerated implementation of PairHMM
INFO  11:41:32,054 VectorLoglessPairHMM - libVectorLoglessPairHMM unpacked successfully from GATK jar file 
INFO  11:41:32,054 VectorLoglessPairHMM - Using vectorized implementation of PairHMM 
WARN  11:41:32,326 HaplotypeScore - Annotation will not be calculated, must be called from UnifiedGenotyper 
WARN  11:41:32,330 InbreedingCoeff - Annotation will not be calculated, must provide a valid PED file (-ped) from the command line. 
INFO  11:41:58,343 ProgressMeter -     X:140214577              0.0    30.0 s           49.6 w        6.3%     7.9 m       7.4 m 
INFO  11:42:28,346 ProgressMeter -     X:148310828              0.0    60.0 s           99.2 w       15.7%     6.4 m       5.4 m 
INFO  11:42:58,347 ProgressMeter -       Y:2536901      2.0493321E7    90.0 s            4.0 s       26.7%     5.6 m       4.1 m 
INFO  11:43:28,348 ProgressMeter -      Y:11542645      2.0493321E7   120.0 s            5.0 s       37.2%     5.4 m       3.4 m 
INFO  11:43:58,350 ProgressMeter -      Y:20886565      2.0493321E7     2.5 m            7.0 s       48.0%     5.2 m       2.7 m 
INFO  11:44:28,351 ProgressMeter -      Y:31960579      2.0493321E7     3.0 m            8.0 s       60.9%     4.9 m     115.0 s 
INFO  11:44:58,351 ProgressMeter -      Y:44292379      2.0493321E7     3.5 m           10.0 s       75.2%     4.7 m      69.0 s 
INFO  11:45:28,452 ProgressMeter -      Y:54967879      2.0493321E7     4.0 m           11.0 s       87.6%     4.6 m      34.0 s 
INFO  11:45:58,453 ProgressMeter - GL000225.1:179686      8.5235545E7     4.5 m            3.0 s       99.1%     4.5 m       2.0 s 
INFO  11:46:00,679 VectorLoglessPairHMM - Time spent in setup for JNI call : 0.001993631 
INFO  11:46:00,680 PairHMM - Total compute time in PairHMM computeLikelihoods() : 0.030228277 
INFO  11:46:00,680 HaplotypeCaller - Ran local assembly on 290083 active regions 
INFO  11:46:00,691 ProgressMeter -            done      8.6166037E7     4.5 m            3.0 s      100.0%     4.5 m       0.0 s 
INFO  11:46:00,692 ProgressMeter - Total runtime 272.37 secs, 4.54 min, 0.08 hours 
INFO  11:46:00,692 MicroScheduler - 7088 reads were filtered out during the traversal out of approximately 31365 total reads (22.60%) 
INFO  11:46:00,693 MicroScheduler -   -> 0 reads (0.00% of total) failing BadCigarFilter 
INFO  11:46:00,693 MicroScheduler -   -> 0 reads (0.00% of total) failing DuplicateReadFilter 
INFO  11:46:00,694 MicroScheduler -   -> 0 reads (0.00% of total) failing FailsVendorQualityCheckFilter 
INFO  11:46:00,694 MicroScheduler -   -> 7088 reads (22.60% of total) failing HCMappingQualityFilter 
INFO  11:46:00,694 MicroScheduler -   -> 0 reads (0.00% of total) failing MalformedReadFilter 
INFO  11:46:00,695 MicroScheduler -   -> 0 reads (0.00% of total) failing MappingQualityUnavailableFilter 
INFO  11:46:00,695 MicroScheduler -   -> 0 reads (0.00% of total) failing NotPrimaryAlignmentFilter 
INFO  11:46:00,695 MicroScheduler -   -> 0 reads (0.00% of total) failing UnmappedReadFilter 
