INFO  16:30:44,856 HelpFormatter - --------------------------------------------------------------------------------- 
INFO  16:30:44,858 HelpFormatter - The Genome Analysis Toolkit (GATK) v3.4-46-g8ea4dca, Compiled 2015/08/13 20:41:56 
INFO  16:30:44,858 HelpFormatter - Copyright (c) 2010 The Broad Institute 
INFO  16:30:44,859 HelpFormatter - For support and documentation go to http://www.broadinstitute.org/gatk 
INFO  16:30:44,862 HelpFormatter - Program Args: -T HaplotypeCaller -I /mnt/ssdbroad/output/Solexa-272221_gatk_best_practices_36t_30s_2016-02-11_11-59-19/Solexa-272221_final.bam -L /mnt/ssdbroad/Broad_Ref_Pipeline_approved_package/workflow_profiler/.queue/scatterGather/ExampleHaplotypeCaller-1-sg/temp_36_of_36/scatter.intervals -R /mnt/ssdbroad/Broad_Ref_Pipeline_approved_package/homosapiensrefgenome/Homo_sapiens_assembly19.fasta -variant_index_type LINEAR -variant_index_parameter 128000 -o /mnt/ssdbroad/Broad_Ref_Pipeline_approved_package/workflow_profiler/.queue/scatterGather/ExampleHaplotypeCaller-1-sg/temp_36_of_36/Solexa-272221_HaplotypeCaller.g.vcf -ERC GVCF 
INFO  16:30:44,870 HelpFormatter - Executing as beris@dna on Linux 2.6.32-573.el6.x86_64 amd64; OpenJDK 64-Bit Server VM 1.7.0_79-mockbuild_2015_07_24_09_26-b00. 
INFO  16:30:44,871 HelpFormatter - Date/Time: 2016/02/12 16:30:44 
INFO  16:30:44,871 HelpFormatter - --------------------------------------------------------------------------------- 
INFO  16:30:44,871 HelpFormatter - --------------------------------------------------------------------------------- 
WARN  16:30:44,936 GATKVCFUtils - Naming your output file using the .g.vcf extension will automatically set the appropriate values  for --variant_index_type and --variant_index_parameter 
INFO  16:30:45,112 GenomeAnalysisEngine - Strictness is SILENT 
INFO  16:30:45,305 GenomeAnalysisEngine - Downsampling Settings: Method: BY_SAMPLE, Target Coverage: 500 
INFO  16:30:45,313 SAMDataSource$SAMReaders - Initializing SAMRecords in serial 
INFO  16:30:45,386 SAMDataSource$SAMReaders - Done initializing BAM readers: total time 0.07 
INFO  16:30:45,392 HCMappingQualityFilter - Filtering out reads with MAPQ < 20 
INFO  16:30:45,409 IntervalUtils - Processing 86166037 bp from intervals 
INFO  16:30:45,558 GenomeAnalysisEngine - Preparing for traversal over 1 BAM files 
INFO  16:30:45,952 GenomeAnalysisEngine - Done preparing for traversal 
INFO  16:30:45,960 ProgressMeter - [INITIALIZATION COMPLETE; STARTING PROCESSING] 
INFO  16:30:45,961 ProgressMeter -                 |      processed |    time |         per 1M |           |   total | remaining 
INFO  16:30:45,961 ProgressMeter -        Location | active regions | elapsed | active regions | completed | runtime |   runtime 
INFO  16:30:45,961 HaplotypeCaller - Standard Emitting and Calling confidence set to 0.0 for reference-model confidence output 
INFO  16:30:45,962 HaplotypeCaller - All sites annotated with PLs forced to true for reference-model confidence output 
INFO  16:30:46,144 HaplotypeCaller - Using global mismapping rate of 45 => -4.5 in log10 likelihood units 
Using AVX accelerated implementation of PairHMM
INFO  16:30:48,245 VectorLoglessPairHMM - libVectorLoglessPairHMM unpacked successfully from GATK jar file 
INFO  16:30:48,245 VectorLoglessPairHMM - Using vectorized implementation of PairHMM 
WARN  16:30:48,520 HaplotypeScore - Annotation will not be calculated, must be called from UnifiedGenotyper 
WARN  16:30:48,540 InbreedingCoeff - Annotation will not be calculated, must provide a valid PED file (-ped) from the command line. 
INFO  16:31:15,975 ProgressMeter -     X:134917453              0.0    30.0 s           49.6 w        0.2%     5.1 h       5.1 h 
INFO  16:31:45,977 ProgressMeter -     X:135473069              0.0    60.0 s           99.2 w        0.8%     2.1 h       2.0 h 
INFO  16:32:15,978 ProgressMeter -     X:136136360              0.0    90.0 s          148.8 w        1.6%    95.1 m      93.6 m 
INFO  16:32:45,978 ProgressMeter -     X:136732861              0.0   120.0 s          198.4 w        2.3%    88.1 m      86.1 m 
INFO  16:33:15,979 ProgressMeter -     X:137310832              0.0     2.5 m          248.0 w        2.9%    85.0 m      82.5 m 
INFO  16:33:45,980 ProgressMeter -     X:137996856              0.0     3.0 m          297.7 w        3.7%    80.3 m      77.3 m 
INFO  16:34:25,981 ProgressMeter -     X:138822617              0.0     3.7 m          363.8 w        4.7%    78.1 m      74.4 m 
INFO  16:35:05,982 ProgressMeter -     X:139706022              0.0     4.3 m          429.9 w        5.7%    75.8 m      71.4 m 
INFO  16:35:35,983 ProgressMeter -     X:140360188              0.0     4.8 m          479.5 w        6.5%    74.6 m      69.8 m 
INFO  16:36:15,984 ProgressMeter -     X:141196901              0.0     5.5 m          545.7 w        7.5%    73.8 m      68.3 m 
INFO  16:36:45,984 ProgressMeter -     X:141786537              0.0     6.0 m          595.3 w        8.1%    73.8 m      67.8 m 
INFO  16:37:15,985 ProgressMeter -     X:142420539              0.0     6.5 m          644.9 w        8.9%    73.3 m      66.8 m 
INFO  16:37:45,986 ProgressMeter -     X:143064738              0.0     7.0 m          694.5 w        9.6%    72.8 m      65.8 m 
INFO  16:38:25,987 ProgressMeter -     X:143922283              0.0     7.7 m          760.6 w       10.6%    72.2 m      64.6 m 
INFO  16:38:55,987 ProgressMeter -     X:144552243              0.0     8.2 m          810.2 w       11.3%    72.0 m      63.8 m 
INFO  16:39:25,988 ProgressMeter -     X:145179808              0.0     8.7 m          859.8 w       12.1%    71.8 m      63.1 m 
INFO  16:39:55,989 ProgressMeter -     X:145827268              0.0     9.2 m          909.4 w       12.8%    71.5 m      62.3 m 
INFO  16:40:35,990 ProgressMeter -     X:146666123              0.0     9.8 m          975.6 w       13.8%    71.3 m      61.4 m 
INFO  16:41:06,010 ProgressMeter -     X:147014926              0.0    10.3 m         1025.2 w       14.2%    72.8 m      62.4 m 
INFO  16:41:36,011 ProgressMeter -     X:147591279              0.0    10.8 m         1074.8 w       14.9%    72.8 m      62.0 m 
INFO  16:42:16,012 ProgressMeter -     X:148438684              0.0    11.5 m         1141.0 w       15.9%    72.5 m      61.0 m 
INFO  16:42:56,013 ProgressMeter -     X:149471283              0.0    12.2 m         1207.1 w       17.1%    71.3 m      59.2 m 
INFO  16:43:26,014 ProgressMeter -     X:150120231              0.0    12.7 m         1256.7 w       17.8%    71.1 m      58.5 m 
INFO  16:43:56,014 ProgressMeter -     X:150724648              0.0    13.2 m         1306.3 w       18.5%    71.1 m      58.0 m 
INFO  16:44:26,015 ProgressMeter -     X:151344891              0.0    13.7 m         1355.9 w       19.2%    71.1 m      57.4 m 
INFO  16:44:56,016 ProgressMeter -     X:152102184              0.0    14.2 m         1405.5 w       20.1%    70.5 m      56.3 m 
INFO  16:45:26,017 ProgressMeter -     X:152923130              0.0    14.7 m         1455.1 w       21.1%    69.6 m      55.0 m 
INFO  16:46:06,017 ProgressMeter -     X:153980127              0.0    15.3 m         1521.3 w       22.3%    68.8 m      53.5 m 
INFO  16:46:36,018 ProgressMeter -     X:154742564              0.0    15.8 m         1570.9 w       23.2%    68.3 m      52.5 m 
INFO  16:47:06,019 ProgressMeter -     X:155148403              0.0    16.3 m         1620.5 w       23.6%    69.1 m      52.8 m 
INFO  16:47:36,020 ProgressMeter -       Y:2679773      2.0493321E7    16.8 m           49.0 s       26.9%    62.6 m      45.8 m 
INFO  16:48:06,021 ProgressMeter -       Y:3412737      2.0493321E7    17.3 m           50.0 s       27.7%    62.5 m      45.1 m 
INFO  16:48:36,022 ProgressMeter -       Y:4203655      2.0493321E7    17.8 m           52.0 s       28.7%    62.2 m      44.4 m 
INFO  16:49:16,023 ProgressMeter -       Y:5273991      2.0493321E7    18.5 m           54.0 s       29.9%    61.9 m      43.4 m 
INFO  16:49:46,023 ProgressMeter -       Y:6103153      2.0493321E7    19.0 m           55.0 s       30.9%    61.6 m      42.6 m 
INFO  16:50:16,024 ProgressMeter -       Y:7074712      2.0493321E7    19.5 m           57.0 s       32.0%    60.9 m      41.4 m 
INFO  16:50:46,025 ProgressMeter -       Y:7883641      2.0493321E7    20.0 m           58.0 s       32.9%    60.7 m      40.7 m 
INFO  16:51:16,026 ProgressMeter -       Y:8693820      2.0493321E7    20.5 m           60.0 s       33.9%    60.5 m      40.0 m 
INFO  16:51:56,027 ProgressMeter -       Y:9909420      2.0493321E7    21.2 m           61.0 s       35.3%    60.0 m      38.8 m 
INFO  16:52:26,027 ProgressMeter -       Y:9931609      2.0493321E7    21.7 m           63.0 s       35.3%    61.4 m      39.7 m 
INFO  16:52:56,029 ProgressMeter -       Y:9938305      2.0493321E7    22.2 m           64.0 s       35.3%    62.8 m      40.6 m 
INFO  16:53:26,030 ProgressMeter -       Y:9943867      2.0493321E7    22.7 m           66.0 s       35.3%    64.2 m      41.5 m 
INFO  16:53:56,031 ProgressMeter -       Y:9949265      2.0493321E7    23.2 m           67.0 s       35.3%    65.6 m      42.4 m 
INFO  16:54:26,047 ProgressMeter -       Y:9952472      2.0493321E7    23.7 m           69.0 s       35.3%    67.0 m      43.3 m 
INFO  16:54:56,048 ProgressMeter -       Y:9954092      2.0493321E7    24.2 m           70.0 s       35.3%    68.4 m      44.2 m 
INFO  16:55:36,052 ProgressMeter -       Y:9961335      2.0493321E7    24.8 m           72.0 s       35.3%    70.3 m      45.4 m 
INFO  16:56:06,060 ProgressMeter -       Y:9972851      2.0493321E7    25.3 m           74.0 s       35.4%    71.6 m      46.3 m 
INFO  16:56:46,061 ProgressMeter -       Y:9993126      2.0493321E7    26.0 m           76.0 s       35.4%    73.5 m      47.5 m 
INFO  16:57:16,094 ProgressMeter -      Y:10012926      2.0493321E7    26.5 m           77.0 s       35.4%    74.9 m      48.4 m 
INFO  16:57:46,097 ProgressMeter -      Y:10021788      2.0493321E7    27.0 m           79.0 s       35.4%    76.2 m      49.2 m 
INFO  16:58:16,098 ProgressMeter -      Y:10035890      2.0493321E7    27.5 m           80.0 s       35.4%    77.6 m      50.1 m 
INFO  16:58:56,099 ProgressMeter -      Y:10045177      2.0493321E7    28.2 m           82.0 s       35.4%    79.5 m      51.3 m 
INFO  16:59:26,100 ProgressMeter -      Y:10066965      2.0493321E7    28.7 m           83.0 s       35.5%    80.8 m      52.2 m 
INFO  16:59:56,100 ProgressMeter -      Y:13141167      2.0493321E7    29.2 m           85.0 s       39.0%    74.7 m      45.6 m 
INFO  17:00:26,104 ProgressMeter -      Y:13267525      2.0493321E7    29.7 m           86.0 s       39.2%    75.7 m      46.1 m 
INFO  17:00:56,105 ProgressMeter -      Y:13286347      2.0493321E7    30.2 m           88.0 s       39.2%    76.9 m      46.8 m 
INFO  17:01:36,105 ProgressMeter -      Y:13373243      2.0493321E7    30.8 m           90.0 s       39.3%    78.4 m      47.6 m 
INFO  17:02:06,106 ProgressMeter -      Y:13405402      2.0493321E7    31.3 m           91.0 s       39.3%    79.6 m      48.3 m 
INFO  17:02:36,107 ProgressMeter -      Y:13417473      2.0493321E7    31.8 m           93.0 s       39.4%    80.9 m      49.1 m 
INFO  17:03:06,108 ProgressMeter -      Y:13425547      2.0493321E7    32.3 m           94.0 s       39.4%    82.1 m      49.8 m 
INFO  17:03:36,110 ProgressMeter -      Y:13434371      2.0493321E7    32.8 m           96.0 s       39.4%    83.4 m      50.6 m 
INFO  17:04:06,111 ProgressMeter -      Y:13440775      2.0493321E7    33.3 m           97.0 s       39.4%    84.6 m      51.3 m 
INFO  17:04:36,112 ProgressMeter -      Y:13447639      2.0493321E7    33.8 m           99.0 s       39.4%    85.9 m      52.1 m 
INFO  17:05:16,113 ProgressMeter -      Y:13449353      2.0493321E7    34.5 m          101.0 s       39.4%    87.6 m      53.1 m 
WARN  17:05:36,988 ExactAFCalculator - this tool is currently set to genotype at most 6 alternate alleles in a given context, but the context at Y:13449960 has 13 alternate alleles so only the top alleles will be used; see the --max_alternate_alleles argument 
INFO  17:05:56,113 ProgressMeter -      Y:13451220      2.0493321E7    35.2 m          102.0 s       39.4%    89.3 m      54.1 m 
INFO  17:06:26,114 ProgressMeter -      Y:13451661      2.0493321E7    35.7 m          104.0 s       39.4%    90.5 m      54.9 m 
INFO  17:06:56,115 ProgressMeter -      Y:13453046      2.0493321E7    36.2 m          105.0 s       39.4%    91.8 m      55.6 m 
INFO  17:07:26,116 ProgressMeter -      Y:13461346      2.0493321E7    36.7 m          107.0 s       39.4%    93.0 m      56.4 m 
INFO  17:08:06,117 ProgressMeter -      Y:13464207      2.0493321E7    37.3 m          109.0 s       39.4%    94.7 m      57.4 m 
INFO  17:08:36,117 ProgressMeter -      Y:13466654      2.0493321E7    37.8 m          110.0 s       39.4%    96.0 m      58.2 m 
INFO  17:09:06,118 ProgressMeter -      Y:13468452      2.0493321E7    38.3 m          112.0 s       39.4%    97.3 m      58.9 m 
INFO  17:09:36,119 ProgressMeter -      Y:13468708      2.0493321E7    38.8 m          113.0 s       39.4%    98.5 m      59.7 m 
INFO  17:10:16,120 ProgressMeter -      Y:13470921      2.0493321E7    39.5 m          115.0 s       39.4%   100.2 m      60.7 m 
INFO  17:10:46,120 ProgressMeter -      Y:13474537      2.0493321E7    40.0 m          117.0 s       39.4%   101.5 m      61.5 m 
INFO  17:11:16,121 ProgressMeter -      Y:13475044      2.0493321E7    40.5 m          118.0 s       39.4%   102.7 m      62.2 m 
INFO  17:11:46,122 ProgressMeter -      Y:13478512      2.0493321E7    41.0 m          120.0 s       39.4%   104.0 m      63.0 m 
INFO  17:12:26,123 ProgressMeter -      Y:13483132      2.0493321E7    41.7 m            2.0 m       39.4%   105.7 m      64.0 m 
WARN  17:12:48,822 ExactAFCalculator - this tool is currently set to genotype at most 6 alternate alleles in a given context, but the context at Y:13483750 has 11 alternate alleles so only the top alleles will be used; see the --max_alternate_alleles argument 
WARN  17:12:48,825 ExactAFCalculator - this tool is currently set to genotype at most 6 alternate alleles in a given context, but the context at Y:13483753 has 18 alternate alleles so only the top alleles will be used; see the --max_alternate_alleles argument 
INFO  17:12:56,123 ProgressMeter -      Y:13484527      2.0493321E7    42.2 m            2.1 m       39.4%   106.9 m      64.8 m 
INFO  17:13:26,124 ProgressMeter -      Y:13489013      2.0493321E7    42.7 m            2.1 m       39.4%   108.2 m      65.5 m 
WARN  17:13:38,832 ExactAFCalculator - this tool is currently set to genotype at most 6 alternate alleles in a given context, but the context at Y:13488844 has 8 alternate alleles so only the top alleles will be used; see the --max_alternate_alleles argument 
INFO  17:13:56,125 ProgressMeter -      Y:13489357      2.0493321E7    43.2 m            2.1 m       39.4%   109.5 m      66.3 m 
INFO  17:14:26,126 ProgressMeter -      Y:13489814      2.0493321E7    43.7 m            2.1 m       39.4%   110.7 m      67.1 m 
INFO  17:15:06,127 ProgressMeter -      Y:13489914      2.0493321E7    44.3 m            2.2 m       39.4%   112.4 m      68.1 m 
INFO  17:15:36,127 ProgressMeter -      Y:13490164      2.0493321E7    44.8 m            2.2 m       39.4%   113.7 m      68.8 m 
INFO  17:16:06,128 ProgressMeter -      Y:13517502      2.0493321E7    45.3 m            2.2 m       39.5%   114.9 m      69.5 m 
INFO  17:16:36,129 ProgressMeter -      Y:13551833      2.0493321E7    45.8 m            2.2 m       39.5%   116.0 m      70.2 m 
INFO  17:17:06,130 ProgressMeter -      Y:13645368      2.0493321E7    46.3 m            2.3 m       39.6%   116.9 m      70.6 m 
WARN  17:17:18,493 ExactAFCalculator - this tool is currently set to genotype at most 6 alternate alleles in a given context, but the context at Y:13651343 has 10 alternate alleles so only the top alleles will be used; see the --max_alternate_alleles argument 
INFO  17:17:46,131 ProgressMeter -      Y:13687696      2.0493321E7    47.0 m            2.3 m       39.7%   118.5 m      71.5 m 
WARN  17:18:12,565 ExactAFCalculator - this tool is currently set to genotype at most 6 alternate alleles in a given context, but the context at Y:13688237 has 8 alternate alleles so only the top alleles will be used; see the --max_alternate_alleles argument 
INFO  17:18:16,131 ProgressMeter -      Y:13689050      2.0493321E7    47.5 m            2.3 m       39.7%   119.7 m      72.2 m 
INFO  17:18:46,132 ProgressMeter -      Y:13689913      2.0493321E7    48.0 m            2.3 m       39.7%     2.0 h      73.0 m 
INFO  17:19:16,133 ProgressMeter -      Y:13690868      2.0493321E7    48.5 m            2.4 m       39.7%     2.0 h      73.8 m 
INFO  17:19:56,134 ProgressMeter -      Y:13695170      2.0493321E7    49.2 m            2.4 m       39.7%     2.1 h      74.7 m 
INFO  17:20:26,134 ProgressMeter -      Y:13695227      2.0493321E7    49.7 m            2.4 m       39.7%     2.1 h      75.5 m 
INFO  17:20:56,135 ProgressMeter -      Y:13701642      2.0493321E7    50.2 m            2.4 m       39.7%     2.1 h      76.2 m 
INFO  17:21:26,136 ProgressMeter -      Y:13707179      2.0493321E7    50.7 m            2.5 m       39.7%     2.1 h      77.0 m 
INFO  17:22:06,136 ProgressMeter -      Y:13710539      2.0493321E7    51.3 m            2.5 m       39.7%     2.2 h      78.0 m 
INFO  17:22:36,137 ProgressMeter -      Y:13713374      2.0493321E7    51.8 m            2.5 m       39.7%     2.2 h      78.7 m 
INFO  17:23:06,138 ProgressMeter -      Y:13719558      2.0493321E7    52.3 m            2.6 m       39.7%     2.2 h      79.5 m 
INFO  17:23:36,139 ProgressMeter -      Y:13721505      2.0493321E7    52.8 m            2.6 m       39.7%     2.2 h      80.2 m 
INFO  17:24:16,140 ProgressMeter -      Y:13811125      2.0493321E7    53.5 m            2.6 m       39.8%     2.2 h      80.9 m 
INFO  17:24:46,140 ProgressMeter -      Y:13839506      2.0493321E7    54.0 m            2.6 m       39.8%     2.3 h      81.5 m 
INFO  17:25:16,141 ProgressMeter -      Y:13860434      2.0493321E7    54.5 m            2.7 m       39.9%     2.3 h      82.2 m 
INFO  17:25:46,142 ProgressMeter -      Y:13870346      2.0493321E7    55.0 m            2.7 m       39.9%     2.3 h      82.9 m 
INFO  17:26:26,143 ProgressMeter -      Y:14712076      2.0493321E7    55.7 m            2.7 m       40.9%     2.3 h      80.6 m 
INFO  17:27:06,143 ProgressMeter -      Y:15690562      2.0493321E7    56.3 m            2.7 m       42.0%     2.2 h      77.8 m 
INFO  17:27:36,144 ProgressMeter -      Y:16490125      2.0493321E7    56.8 m            2.8 m       42.9%     2.2 h      75.6 m 
INFO  17:28:06,145 ProgressMeter -      Y:17250360      2.0493321E7    57.3 m            2.8 m       43.8%     2.2 h      73.6 m 
INFO  17:28:36,146 ProgressMeter -      Y:18007825      2.0493321E7    57.8 m            2.8 m       44.7%     2.2 h      71.6 m 
INFO  17:29:06,147 ProgressMeter -      Y:18865767      2.0493321E7    58.3 m            2.8 m       45.7%     2.1 h      69.4 m 
INFO  17:29:46,148 ProgressMeter -      Y:21082862      2.0493321E7    59.0 m            2.9 m       48.3%     2.0 h      63.3 m 
INFO  17:30:16,148 ProgressMeter -      Y:21787592      2.0493321E7    59.5 m            2.9 m       49.1%     2.0 h      61.8 m 
INFO  17:30:46,149 ProgressMeter -      Y:22314581      2.0493321E7    60.0 m            2.9 m       49.7%     2.0 h      60.8 m 
INFO  17:31:16,150 ProgressMeter -      Y:22834762      2.0493321E7    60.5 m            3.0 m       50.3%     2.0 h      59.8 m 
INFO  17:31:56,150 ProgressMeter -      Y:23897896      2.0493321E7    61.2 m            3.0 m       51.5%   118.7 m      57.6 m 
INFO  17:32:26,151 ProgressMeter -      Y:26110870      2.0493321E7    61.7 m            3.0 m       54.1%   114.0 m      52.3 m 
INFO  17:32:56,152 ProgressMeter -      Y:28585896      2.0493321E7    62.2 m            3.0 m       57.0%   109.1 m      47.0 m 
INFO  17:33:26,153 ProgressMeter -      Y:28787834      2.0493321E7    62.7 m            3.1 m       57.2%   109.6 m      46.9 m 
INFO  17:33:56,155 ProgressMeter -      Y:28797237      2.0493321E7    63.2 m            3.1 m       57.2%   110.4 m      47.3 m 
INFO  17:34:26,156 ProgressMeter -      Y:28809179      2.0493321E7    63.7 m            3.1 m       57.2%   111.3 m      47.6 m 
INFO  17:35:06,157 ProgressMeter -      Y:28815271      2.0493321E7    64.3 m            3.1 m       57.2%   112.4 m      48.1 m 
INFO  17:35:36,157 ProgressMeter -      Y:28816756      2.0493321E7    64.8 m            3.2 m       57.2%   113.3 m      48.5 m 
INFO  17:36:06,158 ProgressMeter -      Y:28817110      2.0493321E7    65.3 m            3.2 m       57.2%   114.2 m      48.8 m 
INFO  17:36:36,159 ProgressMeter -      Y:28817440      2.0493321E7    65.8 m            3.2 m       57.2%   115.0 m      49.2 m 
INFO  17:37:16,160 ProgressMeter -      Y:30128632      2.0493321E7    66.5 m            3.2 m       58.7%   113.2 m      46.7 m 
INFO  17:37:46,198 ProgressMeter -      Y:41694775      2.0493321E7    67.0 m            3.3 m       72.2%    92.8 m      25.8 m 
INFO  17:38:16,199 ProgressMeter -      Y:52813733      2.0493321E7    67.5 m            3.3 m       85.1%    79.3 m      11.8 m 
INFO  17:38:56,200 ProgressMeter -      Y:58827700      2.0493321E7    68.2 m            3.3 m       92.1%    74.0 m       5.9 m 
WARN  17:39:33,903 ExactAFCalculator - this tool is currently set to genotype at most 6 alternate alleles in a given context, but the context at Y:58844574 has 8 alternate alleles so only the top alleles will be used; see the --max_alternate_alleles argument 
INFO  17:39:36,200 ProgressMeter -      Y:58848377      2.0493321E7    68.8 m            3.4 m       92.1%    74.8 m       5.9 m 
INFO  17:40:06,235 ProgressMeter -      Y:58866324      2.0493321E7    69.3 m            3.4 m       92.1%    75.3 m       5.9 m 
INFO  17:40:36,235 ProgressMeter -      Y:58875250      2.0493321E7    69.8 m            3.4 m       92.1%    75.8 m       6.0 m 
INFO  17:41:06,236 ProgressMeter -      Y:58883918      2.0493321E7    70.3 m            3.4 m       92.1%    76.3 m       6.0 m 
INFO  17:41:36,237 ProgressMeter -      Y:58884120      2.0493321E7    70.8 m            3.5 m       92.1%    76.9 m       6.1 m 
INFO  17:42:16,238 ProgressMeter -      Y:58905445      2.0493321E7    71.5 m            3.5 m       92.1%    77.6 m       6.1 m 
INFO  17:42:56,238 ProgressMeter -      Y:58905527      2.0493321E7    72.2 m            3.5 m       92.1%    78.3 m       6.2 m 
INFO  17:43:26,239 ProgressMeter -      Y:58914557      2.0493321E7    72.7 m            3.5 m       92.2%    78.9 m       6.2 m 
INFO  17:43:56,240 ProgressMeter -      Y:58972187      2.0493321E7    73.2 m            3.6 m       92.2%    79.3 m       6.2 m 
INFO  17:44:26,241 ProgressMeter -      Y:58974200      2.0493321E7    73.7 m            3.6 m       92.2%    79.9 m       6.2 m 
WARN  17:44:28,072 ExactAFCalculator - this tool is currently set to genotype at most 6 alternate alleles in a given context, but the context at Y:58974061 has 9 alternate alleles so only the top alleles will be used; see the --max_alternate_alleles argument 
INFO  17:45:06,242 ProgressMeter -      Y:58976085      2.0493321E7    74.3 m            3.6 m       92.2%    80.6 m       6.3 m 
INFO  17:45:36,243 ProgressMeter -      Y:58976691      2.0493321E7    74.8 m            3.7 m       92.2%    81.1 m       6.3 m 
INFO  17:46:06,243 ProgressMeter -      Y:58977224      2.0493321E7    75.3 m            3.7 m       92.2%    81.7 m       6.3 m 
INFO  17:46:36,244 ProgressMeter -      Y:58978022      2.0493321E7    75.8 m            3.7 m       92.2%    82.2 m       6.4 m 
INFO  17:47:06,245 ProgressMeter -      Y:58978786      2.0493321E7    76.3 m            3.7 m       92.2%    82.8 m       6.4 m 
INFO  17:47:36,246 ProgressMeter -      Y:58979956      2.0493321E7    76.8 m            3.7 m       92.2%    83.3 m       6.5 m 
INFO  17:48:16,247 ProgressMeter -      Y:58980612      2.0493321E7    77.5 m            3.8 m       92.2%    84.0 m       6.5 m 
INFO  17:48:46,263 ProgressMeter -      Y:58980976      2.0493321E7    78.0 m            3.8 m       92.2%    84.6 m       6.6 m 
INFO  17:49:16,264 ProgressMeter -      Y:58981332      2.0493321E7    78.5 m            3.8 m       92.2%    85.1 m       6.6 m 
INFO  17:49:56,265 ProgressMeter -      Y:58982548      2.0493321E7    79.2 m            3.9 m       92.2%    85.8 m       6.7 m 
INFO  17:50:26,266 ProgressMeter -      Y:58983172      2.0493321E7    79.7 m            3.9 m       92.2%    86.4 m       6.7 m 
INFO  17:51:06,267 ProgressMeter -      Y:58989735      2.0493321E7    80.3 m            3.9 m       92.2%    87.1 m       6.8 m 
INFO  17:51:36,268 ProgressMeter -      Y:58995922      2.0493321E7    80.8 m            3.9 m       92.3%    87.6 m       6.8 m 
INFO  17:52:06,268 ProgressMeter -      Y:58999076      2.0493321E7    81.3 m            4.0 m       92.3%    88.2 m       6.8 m 
INFO  17:52:36,273 ProgressMeter -      Y:59002527      2.0493321E7    81.8 m            4.0 m       92.3%    88.7 m       6.9 m 
INFO  17:53:06,274 ProgressMeter -      Y:59005963      2.0493321E7    82.3 m            4.0 m       92.3%    89.2 m       6.9 m 
INFO  17:53:46,275 ProgressMeter -      Y:59010372      2.0493321E7    83.0 m            4.1 m       92.3%    90.0 m       7.0 m 
INFO  17:54:16,276 ProgressMeter -      Y:59014214      2.0493321E7    83.5 m            4.1 m       92.3%    90.5 m       7.0 m 
INFO  17:54:46,290 ProgressMeter -      Y:59016715      2.0493321E7    84.0 m            4.1 m       92.3%    91.0 m       7.0 m 
INFO  17:55:16,291 ProgressMeter -      Y:59020890      2.0493321E7    84.5 m            4.1 m       92.3%    91.6 m       7.1 m 
WARN  17:55:42,585 ExactAFCalculator - this tool is currently set to genotype at most 6 alternate alleles in a given context, but the context at Y:59024400 has 8 alternate alleles so only the top alleles will be used; see the --max_alternate_alleles argument 
INFO  17:55:46,291 ProgressMeter -      Y:59025664      2.0493321E7    85.0 m            4.1 m       92.3%    92.1 m       7.1 m 
INFO  17:56:16,292 ProgressMeter -      Y:59030764      2.0493321E7    85.5 m            4.2 m       92.3%    92.6 m       7.1 m 
INFO  17:56:46,293 ProgressMeter -          MT:515      7.9866887E7    86.0 m           64.0 s       92.7%    92.8 m       6.8 m 
INFO  17:57:16,294 ProgressMeter -         MT:1113      7.9866887E7    86.5 m           64.0 s       92.7%    93.3 m       6.8 m 
INFO  17:57:56,295 ProgressMeter -         MT:3457      7.9866887E7    87.2 m           65.0 s       92.7%    94.0 m       6.9 m 
INFO  17:58:36,296 ProgressMeter -        MT:10341      7.9866887E7    87.8 m           65.0 s       92.7%    94.7 m       6.9 m 
INFO  17:59:06,296 ProgressMeter -        MT:12768      7.9866887E7    88.3 m           66.0 s       92.7%    95.3 m       7.0 m 
INFO  17:59:36,297 ProgressMeter -        MT:15860      7.9866887E7    88.8 m           66.0 s       92.7%    95.8 m       7.0 m 
INFO  18:00:06,298 ProgressMeter -  GL000226.1:390      7.9887718E7    89.3 m           67.0 s       92.7%    96.4 m       7.0 m 
INFO  18:00:36,299 ProgressMeter - GL000226.1:2297      7.9887718E7    89.8 m           67.0 s       92.7%    96.9 m       7.1 m 
INFO  18:01:16,300 ProgressMeter - GL000226.1:3642      7.9887718E7    90.5 m           67.0 s       92.7%    97.6 m       7.1 m 
INFO  18:01:46,300 ProgressMeter - GL000226.1:3642      7.9887718E7    91.0 m           68.0 s       92.7%    98.1 m       7.1 m 
INFO  18:02:16,301 ProgressMeter - GL000226.1:4283      7.9887718E7    91.5 m           68.0 s       92.7%    98.7 m       7.2 m 
INFO  18:02:46,302 ProgressMeter - GL000226.1:4588      7.9887718E7    92.0 m           69.0 s       92.7%    99.2 m       7.2 m 
INFO  18:03:26,303 ProgressMeter - GL000226.1:4588      7.9887718E7    92.7 m           69.0 s       92.7%    99.9 m       7.3 m 
INFO  18:03:56,304 ProgressMeter - GL000226.1:4588      7.9887718E7    93.2 m           69.0 s       92.7%   100.5 m       7.3 m 
INFO  18:04:26,314 ProgressMeter - GL000226.1:4950      7.9887718E7    93.7 m           70.0 s       92.7%   101.0 m       7.4 m 
INFO  18:05:06,315 ProgressMeter - GL000226.1:5653      7.9887718E7    94.3 m           70.0 s       92.7%   101.7 m       7.4 m 
INFO  18:05:36,315 ProgressMeter - GL000226.1:5653      7.9887718E7    94.8 m           71.0 s       92.7%   102.3 m       7.4 m 
INFO  18:06:06,316 ProgressMeter - GL000226.1:6346      7.9887718E7    95.3 m           71.0 s       92.7%   102.8 m       7.5 m 
INFO  18:06:36,317 ProgressMeter - GL000226.1:6468      7.9887718E7    95.8 m           71.0 s       92.7%   103.4 m       7.5 m 
INFO  18:07:06,318 ProgressMeter - GL000226.1:6727      7.9887718E7    96.3 m           72.0 s       92.7%   103.9 m       7.6 m 
INFO  18:07:36,320 ProgressMeter - GL000226.1:7314      7.9887718E7    96.8 m           72.0 s       92.7%   104.4 m       7.6 m 
INFO  18:08:06,321 ProgressMeter - GL000226.1:7314      7.9887718E7    97.3 m           73.0 s       92.7%   105.0 m       7.6 m 
INFO  18:08:36,322 ProgressMeter - GL000226.1:7314      7.9887718E7    97.8 m           73.0 s       92.7%   105.5 m       7.7 m 
INFO  18:09:16,323 ProgressMeter - GL000226.1:7710      7.9887718E7    98.5 m           73.0 s       92.7%   106.2 m       7.7 m 
INFO  18:09:56,324 ProgressMeter - GL000226.1:10453      7.9887718E7    99.2 m           74.0 s       92.7%   106.9 m       7.8 m 
INFO  18:10:26,325 ProgressMeter - GL000226.1:14142      7.9887718E7    99.7 m           74.0 s       92.7%   107.5 m       7.8 m 
INFO  18:10:56,326 ProgressMeter - GL000226.1:14737      7.9887718E7   100.2 m           75.0 s       92.7%   108.0 m       7.9 m 
INFO  18:11:26,326 ProgressMeter - GL000226.1:14737      7.9887718E7   100.7 m           75.0 s       92.7%   108.6 m       7.9 m 
INFO  18:11:56,327 ProgressMeter - GL000226.1:15008      7.9887718E7   101.2 m           75.0 s       92.7%   109.1 m       7.9 m 
INFO  18:12:26,344 ProgressMeter - GL000229.1:4639      7.9902726E7   101.7 m           76.0 s       92.7%   109.6 m       8.0 m 
INFO  18:12:56,345 ProgressMeter - GL000229.1:10316      7.9902726E7   102.2 m           76.0 s       92.7%   110.2 m       8.0 m 
INFO  18:13:26,346 ProgressMeter - GL000229.1:12964      7.9902726E7   102.7 m           77.0 s       92.7%   110.7 m       8.0 m 
INFO  18:14:06,347 ProgressMeter - GL000229.1:19556      7.9902726E7   103.3 m           77.0 s       92.8%   111.4 m       8.1 m 
INFO  18:14:36,347 ProgressMeter - GL000231.1:7724      7.9922639E7   103.8 m           77.0 s       92.8%   111.9 m       8.1 m 
INFO  18:15:06,859 ProgressMeter - GL000231.1:12431      7.9922639E7   104.3 m           78.0 s       92.8%   112.5 m       8.1 m 
INFO  18:15:36,860 ProgressMeter - GL000231.1:16834      7.9922639E7   104.8 m           78.0 s       92.8%   113.0 m       8.2 m 
INFO  18:16:06,861 ProgressMeter - GL000231.1:20015      7.9922639E7   105.3 m           79.0 s       92.8%   113.5 m       8.2 m 
INFO  18:16:36,862 ProgressMeter - GL000231.1:22835      7.9922639E7   105.8 m           79.0 s       92.8%   114.1 m       8.2 m 
INFO  18:17:16,863 ProgressMeter - GL000239.1:32703      7.9977707E7   106.5 m           79.0 s       92.9%   114.7 m       8.2 m 
INFO  18:17:56,864 ProgressMeter - GL000235.1:4888      8.0011531E7   107.2 m           80.0 s       92.9%   115.4 m       8.2 m 
INFO  18:18:26,864 ProgressMeter - GL000235.1:12458      8.0011531E7   107.7 m           80.0 s       92.9%   115.9 m       8.3 m 
INFO  18:18:56,865 ProgressMeter - GL000235.1:18743      8.0011531E7   108.2 m           81.0 s       92.9%   116.5 m       8.3 m 
INFO  18:19:26,866 ProgressMeter - GL000235.1:24990      8.0011531E7   108.7 m           81.0 s       92.9%   117.0 m       8.3 m 
INFO  18:19:56,867 ProgressMeter - GL000235.1:31223      8.0011531E7   109.2 m           81.0 s       92.9%   117.5 m       8.4 m 
INFO  18:20:36,868 ProgressMeter - GL000203.1:18314      8.0192401E7   109.8 m           82.0 s       93.1%   118.0 m       8.2 m 
INFO  18:21:16,869 ProgressMeter - GL000244.1:37403      8.0385255E7   110.5 m           82.0 s       93.3%   118.4 m       7.9 m 
INFO  18:21:46,870 ProgressMeter - GL000234.1:4771      8.0505226E7   111.0 m           82.0 s       93.4%   118.8 m       7.8 m 
INFO  18:22:26,871 ProgressMeter - GL000234.1:8266      8.0505226E7   111.7 m           83.0 s       93.4%   119.5 m       7.8 m 
INFO  18:22:56,871 ProgressMeter - GL000234.1:12034      8.0505226E7   112.2 m           83.0 s       93.4%     2.0 h       7.9 m 
INFO  18:23:26,872 ProgressMeter - GL000234.1:16412      8.0505226E7   112.7 m           83.0 s       93.4%     2.0 h       7.9 m 
INFO  18:23:56,873 ProgressMeter - GL000234.1:19298      8.0505226E7   113.2 m           84.0 s       93.5%     2.0 h       7.9 m 
INFO  18:24:26,874 ProgressMeter - GL000234.1:23861      8.0505226E7   113.7 m           84.0 s       93.5%     2.0 h       8.0 m 
INFO  18:24:56,875 ProgressMeter - GL000234.1:27136      8.0505226E7   114.2 m           85.0 s       93.5%     2.0 h       8.0 m 
INFO  18:25:26,876 ProgressMeter - GL000234.1:33101      8.0505226E7   114.7 m           85.0 s       93.5%     2.0 h       8.0 m 
INFO  18:25:56,877 ProgressMeter - GL000234.1:36664      8.0505226E7   115.2 m           85.0 s       93.5%     2.1 h       8.0 m 
INFO  18:26:26,878 ProgressMeter - GL000234.1:38733      8.0505226E7   115.7 m           86.0 s       93.5%     2.1 h       8.1 m 
INFO  18:27:06,879 ProgressMeter - GL000232.1:2541      8.0545757E7   116.3 m           86.0 s       93.5%     2.1 h       8.1 m 
INFO  18:27:36,880 ProgressMeter - GL000232.1:5100      8.0545757E7   116.8 m           87.0 s       93.5%     2.1 h       8.1 m 
INFO  18:28:16,881 ProgressMeter - GL000232.1:8126      8.0545757E7   117.5 m           87.0 s       93.5%     2.1 h       8.2 m 
INFO  18:28:46,882 ProgressMeter - GL000232.1:10345      8.0545757E7   118.0 m           87.0 s       93.5%     2.1 h       8.2 m 
INFO  18:29:26,883 ProgressMeter - GL000232.1:16018      8.0545757E7   118.7 m           88.0 s       93.5%     2.1 h       8.3 m 
INFO  18:30:06,884 ProgressMeter - GL000232.1:20903      8.0545757E7   119.3 m           88.0 s       93.5%     2.1 h       8.3 m 
INFO  18:30:36,885 ProgressMeter - GL000232.1:24113      8.0545757E7   119.8 m           89.0 s       93.5%     2.1 h       8.3 m 
INFO  18:31:06,886 ProgressMeter - GL000232.1:27360      8.0545757E7     2.0 h           89.0 s       93.5%     2.1 h       8.4 m 
INFO  18:31:46,887 ProgressMeter - GL000232.1:31475      8.0545757E7     2.0 h           90.0 s       93.5%     2.2 h       8.4 m 
INFO  18:32:16,888 ProgressMeter - GL000232.1:35448      8.0545757E7     2.0 h           90.0 s       93.5%     2.2 h       8.4 m 
INFO  18:32:46,888 ProgressMeter - GL000232.1:39993      8.0545757E7     2.0 h           90.0 s       93.5%     2.2 h       8.4 m 
INFO  18:33:16,889 ProgressMeter - GL000240.1:41894       8.062741E7     2.0 h           91.0 s       93.6%     2.2 h       8.3 m 
INFO  18:33:46,890 ProgressMeter - GL000241.1:2296      8.0711277E7     2.1 h           91.0 s       93.7%     2.2 h       8.3 m 
INFO  18:34:16,891 ProgressMeter - GL000241.1:4107      8.0711277E7     2.1 h           91.0 s       93.7%     2.2 h       8.3 m 
INFO  18:34:46,892 ProgressMeter - GL000241.1:9432      8.0711277E7     2.1 h           92.0 s       93.7%     2.2 h       8.4 m 
INFO  18:35:16,896 ProgressMeter - GL000241.1:11325      8.0711277E7     2.1 h           92.0 s       93.7%     2.2 h       8.4 m 
INFO  18:35:47,267 ProgressMeter - GL000241.1:12879      8.0711277E7     2.1 h           92.0 s       93.7%     2.2 h       8.4 m 
INFO  18:36:17,269 ProgressMeter - GL000241.1:16196      8.0711277E7     2.1 h           93.0 s       93.7%     2.2 h       8.5 m 
INFO  18:36:47,270 ProgressMeter - GL000241.1:20057      8.0711277E7     2.1 h           93.0 s       93.7%     2.2 h       8.5 m 
INFO  18:37:17,271 ProgressMeter - GL000241.1:25407      8.0711277E7     2.1 h           94.0 s       93.7%     2.3 h       8.5 m 
INFO  18:37:47,272 ProgressMeter - GL000241.1:29295      8.0711277E7     2.1 h           94.0 s       93.7%     2.3 h       8.5 m 
INFO  18:38:27,273 ProgressMeter - GL000241.1:36493      8.0711277E7     2.1 h           94.0 s       93.7%     2.3 h       8.6 m 
INFO  18:38:57,274 ProgressMeter - GL000241.1:41596      8.0711277E7     2.1 h           95.0 s       93.7%     2.3 h       8.6 m 
INFO  18:39:27,275 ProgressMeter - GL000243.1:42233      8.0753429E7     2.1 h           95.0 s       93.8%     2.3 h       8.6 m 
INFO  18:39:57,276 ProgressMeter - GL000230.1:13571      8.0840293E7     2.2 h           95.0 s       93.8%     2.3 h       8.5 m 
INFO  18:40:37,277 ProgressMeter - GL000237.1:2994      8.0883984E7     2.2 h           96.0 s       93.9%     2.3 h       8.5 m 
INFO  18:41:07,278 ProgressMeter - GL000237.1:11339      8.0883984E7     2.2 h           96.0 s       93.9%     2.3 h       8.5 m 
INFO  18:41:37,279 ProgressMeter - GL000237.1:17039      8.0883984E7     2.2 h           97.0 s       93.9%     2.3 h       8.5 m 
INFO  18:42:07,280 ProgressMeter - GL000233.1:10126      8.0929851E7     2.2 h           97.0 s       93.9%     2.3 h       8.5 m 
INFO  18:42:37,281 ProgressMeter - GL000233.1:23234      8.0929851E7     2.2 h           97.0 s       94.0%     2.3 h       8.5 m 
INFO  18:43:07,282 ProgressMeter - GL000198.1:1126      8.1057102E7     2.2 h           97.0 s       94.1%     2.3 h       8.3 m 
INFO  18:43:37,283 ProgressMeter - GL000198.1:57912      8.1057102E7     2.2 h           98.0 s       94.1%     2.4 h       8.3 m 
INFO  18:44:07,284 ProgressMeter - GL000198.1:59628      8.1057102E7     2.2 h           98.0 s       94.1%     2.4 h       8.3 m 
INFO  18:44:37,285 ProgressMeter - GL000198.1:62474      8.1057102E7     2.2 h           99.0 s       94.1%     2.4 h       8.3 m 
INFO  18:45:07,286 ProgressMeter - GL000198.1:65061      8.1057102E7     2.2 h           99.0 s       94.1%     2.4 h       8.4 m 
INFO  18:45:37,287 ProgressMeter - GL000198.1:68630      8.1057102E7     2.2 h           99.0 s       94.2%     2.4 h       8.4 m 
INFO  18:46:07,288 ProgressMeter - GL000198.1:71756      8.1057102E7     2.3 h          100.0 s       94.2%     2.4 h       8.4 m 
INFO  18:46:37,289 ProgressMeter - GL000198.1:73888      8.1057102E7     2.3 h          100.0 s       94.2%     2.4 h       8.4 m 
INFO  18:47:07,290 ProgressMeter - GL000198.1:76581      8.1057102E7     2.3 h          100.0 s       94.2%     2.4 h       8.5 m 
INFO  18:47:37,291 ProgressMeter - GL000198.1:79586      8.1057102E7     2.3 h          101.0 s       94.2%     2.4 h       8.5 m 
INFO  18:48:17,292 ProgressMeter - GL000198.1:83834      8.1057102E7     2.3 h          101.0 s       94.2%     2.4 h       8.5 m 
INFO  18:48:47,293 ProgressMeter - GL000198.1:85893      8.1057102E7     2.3 h          102.0 s       94.2%     2.4 h       8.5 m 
INFO  18:49:17,294 ProgressMeter - GL000198.1:89046      8.1057102E7     2.3 h          102.0 s       94.2%     2.5 h       8.6 m 
INFO  18:49:47,295 ProgressMeter -  GL000208.1:608      8.1147187E7     2.3 h          102.0 s       94.2%     2.5 h       8.6 m 
INFO  18:50:17,296 ProgressMeter - GL000208.1:3034      8.1147187E7     2.3 h          103.0 s       94.2%     2.5 h       8.6 m 
INFO  18:50:47,297 ProgressMeter - GL000208.1:24918      8.1147187E7     2.3 h          103.0 s       94.2%     2.5 h       8.6 m 
INFO  18:51:17,298 ProgressMeter - GL000208.1:51525      8.1147187E7     2.3 h          103.0 s       94.2%     2.5 h       8.6 m 
INFO  18:51:47,298 ProgressMeter - GL000208.1:79279      8.1147187E7     2.4 h          104.0 s       94.3%     2.5 h       8.6 m 
INFO  18:52:17,299 ProgressMeter - GL000208.1:89043      8.1147187E7     2.4 h          104.0 s       94.3%     2.5 h       8.6 m 
INFO  18:52:47,300 ProgressMeter - GL000208.1:90074      8.1147187E7     2.4 h          105.0 s       94.3%     2.5 h       8.6 m 
INFO  18:53:17,301 ProgressMeter - GL000208.1:90074      8.1147187E7     2.4 h          105.0 s       94.3%     2.5 h       8.6 m 
INFO  18:53:47,302 ProgressMeter - GL000208.1:90343      8.1147187E7     2.4 h          105.0 s       94.3%     2.5 h       8.7 m 
INFO  18:54:17,303 ProgressMeter - GL000208.1:90343      8.1147187E7     2.4 h          106.0 s       94.3%     2.5 h       8.7 m 
INFO  18:54:47,512 ProgressMeter - GL000208.1:90979      8.1147187E7     2.4 h          106.0 s       94.3%     2.5 h       8.7 m 
INFO  18:55:17,542 ProgressMeter - GL000208.1:91404      8.1147187E7     2.4 h          106.0 s       94.3%     2.6 h       8.8 m 
INFO  18:55:47,543 ProgressMeter - GL000208.1:91557      8.1147187E7     2.4 h          107.0 s       94.3%     2.6 h       8.8 m 
INFO  18:56:17,544 ProgressMeter - GL000208.1:91779      8.1147187E7     2.4 h          107.0 s       94.3%     2.6 h       8.8 m 
INFO  18:56:57,545 ProgressMeter - GL000208.1:92171      8.1147187E7     2.4 h          108.0 s       94.3%     2.6 h       8.9 m 
INFO  18:57:27,546 ProgressMeter - GL000208.1:92307      8.1147187E7     2.4 h          108.0 s       94.3%     2.6 h       8.9 m 
INFO  18:57:57,547 ProgressMeter - GL000228.1:25295      8.1474683E7     2.5 h          108.0 s       94.6%     2.6 h       8.4 m 
INFO  18:58:27,548 ProgressMeter - GL000228.1:64998      8.1474683E7     2.5 h          108.0 s       94.6%     2.6 h       8.4 m 
INFO  18:58:57,549 ProgressMeter - GL000228.1:117081      8.1474683E7     2.5 h          109.0 s       94.7%     2.6 h       8.3 m 
INFO  18:59:27,550 ProgressMeter - GL000228.1:117081      8.1474683E7     2.5 h          109.0 s       94.7%     2.6 h       8.3 m 
INFO  18:59:57,551 ProgressMeter - GL000228.1:117599      8.1474683E7     2.5 h          109.0 s       94.7%     2.6 h       8.4 m 
INFO  19:00:27,552 ProgressMeter - GL000228.1:117599      8.1474683E7     2.5 h          110.0 s       94.7%     2.6 h       8.4 m 
INFO  19:00:57,553 ProgressMeter - GL000228.1:117599      8.1474683E7     2.5 h          110.0 s       94.7%     2.6 h       8.4 m 
INFO  19:01:27,554 ProgressMeter - GL000228.1:117899      8.1474683E7     2.5 h          110.0 s       94.7%     2.7 h       8.4 m 
INFO  19:01:57,555 ProgressMeter - GL000228.1:117899      8.1474683E7     2.5 h          111.0 s       94.7%     2.7 h       8.5 m 
INFO  19:02:27,556 ProgressMeter - GL000228.1:118300      8.1474683E7     2.5 h          111.0 s       94.7%     2.7 h       8.5 m 
INFO  19:02:57,557 ProgressMeter - GL000228.1:118569      8.1474683E7     2.5 h          112.0 s       94.7%     2.7 h       8.5 m 
INFO  19:03:27,558 ProgressMeter - GL000228.1:118569      8.1474683E7     2.5 h          112.0 s       94.7%     2.7 h       8.6 m 
INFO  19:03:57,559 ProgressMeter - GL000228.1:118885      8.1474683E7     2.6 h          112.0 s       94.7%     2.7 h       8.6 m 
INFO  19:04:27,560 ProgressMeter - GL000228.1:119093      8.1474683E7     2.6 h          113.0 s       94.7%     2.7 h       8.6 m 
INFO  19:04:57,561 ProgressMeter - GL000228.1:119322      8.1474683E7     2.6 h          113.0 s       94.7%     2.7 h       8.6 m 
INFO  19:05:27,562 ProgressMeter -  GL000214.1:904      8.1603803E7     2.6 h          113.0 s       94.7%     2.7 h       8.6 m 
INFO  19:05:57,563 ProgressMeter - GL000214.1:6986      8.1603803E7     2.6 h          114.0 s       94.7%     2.7 h       8.7 m 
INFO  19:06:27,564 ProgressMeter - GL000214.1:14444      8.1603803E7     2.6 h          114.0 s       94.7%     2.7 h       8.7 m 
INFO  19:06:57,570 ProgressMeter - GL000214.1:19925      8.1603803E7     2.6 h          114.0 s       94.7%     2.7 h       8.7 m 
INFO  19:07:27,572 ProgressMeter - GL000214.1:26625      8.1603803E7     2.6 h          115.0 s       94.7%     2.8 h       8.7 m 
INFO  19:07:57,573 ProgressMeter - GL000214.1:33704      8.1603803E7     2.6 h          115.0 s       94.7%     2.8 h       8.7 m 
INFO  19:08:27,574 ProgressMeter - GL000214.1:42283      8.1603803E7     2.6 h          115.0 s       94.8%     2.8 h       8.7 m 
INFO  19:08:57,575 ProgressMeter - GL000214.1:50991      8.1603803E7     2.6 h          116.0 s       94.8%     2.8 h       8.7 m 
INFO  19:09:27,576 ProgressMeter - GL000214.1:61808      8.1603803E7     2.6 h          116.0 s       94.8%     2.8 h       8.7 m 
INFO  19:10:07,577 ProgressMeter - GL000214.1:67555      8.1603803E7     2.7 h          117.0 s       94.8%     2.8 h       8.8 m 
INFO  19:10:37,578 ProgressMeter - GL000214.1:83550      8.1603803E7     2.7 h          117.0 s       94.8%     2.8 h       8.8 m 
INFO  19:11:17,579 ProgressMeter - GL000214.1:108565      8.1603803E7     2.7 h          118.0 s       94.8%     2.8 h       8.7 m 
INFO  19:11:47,580 ProgressMeter - GL000214.1:118675      8.1603803E7     2.7 h          118.0 s       94.8%     2.8 h       8.8 m 
INFO  19:12:27,581 ProgressMeter - GL000214.1:123966      8.1603803E7     2.7 h          118.0 s       94.8%     2.8 h       8.8 m 
INFO  19:12:57,582 ProgressMeter - GL000214.1:127580      8.1603803E7     2.7 h          119.0 s       94.9%     2.8 h       8.8 m 
INFO  19:13:27,583 ProgressMeter - GL000214.1:129461      8.1603803E7     2.7 h          119.0 s       94.9%     2.9 h       8.8 m 
INFO  19:14:07,584 ProgressMeter - GL000214.1:132226      8.1603803E7     2.7 h          120.0 s       94.9%     2.9 h       8.9 m 
INFO  19:14:37,585 ProgressMeter - GL000214.1:133167      8.1603803E7     2.7 h          120.0 s       94.9%     2.9 h       8.9 m 
INFO  19:15:07,586 ProgressMeter - GL000214.1:134392      8.1603803E7     2.7 h          120.0 s       94.9%     2.9 h       8.9 m 
INFO  19:15:37,587 ProgressMeter - GL000214.1:134725      8.1603803E7     2.7 h            2.0 m       94.9%     2.9 h       8.9 m 
INFO  19:16:07,588 ProgressMeter - GL000214.1:135178      8.1603803E7     2.8 h            2.0 m       94.9%     2.9 h       9.0 m 
INFO  19:16:37,589 ProgressMeter - GL000214.1:136913      8.1603803E7     2.8 h            2.0 m       94.9%     2.9 h       9.0 m 
INFO  19:17:07,590 ProgressMeter - GL000221.1:51381      8.1741521E7     2.8 h            2.0 m       94.9%     2.9 h       8.9 m 
INFO  19:17:37,591 ProgressMeter - GL000221.1:89387      8.1741521E7     2.8 h            2.0 m       95.0%     2.9 h       8.8 m 
INFO  19:18:07,592 ProgressMeter - GL000221.1:110531      8.1741521E7     2.8 h            2.0 m       95.0%     2.9 h       8.8 m 
INFO  19:18:37,594 ProgressMeter - GL000218.1:7097      8.2056087E7     2.8 h            2.0 m       95.2%     2.9 h       8.4 m 
INFO  19:19:07,595 ProgressMeter - GL000218.1:23919      8.2056087E7     2.8 h            2.1 m       95.3%     2.9 h       8.4 m 
INFO  19:19:37,596 ProgressMeter - GL000218.1:50156      8.2056087E7     2.8 h            2.1 m       95.3%     3.0 h       8.3 m 
INFO  19:20:07,597 ProgressMeter - GL000218.1:73975      8.2056087E7     2.8 h            2.1 m       95.3%     3.0 h       8.3 m 
INFO  19:20:37,598 ProgressMeter - GL000218.1:121913      8.2056087E7     2.8 h            2.1 m       95.4%     3.0 h       8.2 m 
INFO  19:21:07,599 ProgressMeter - GL000218.1:143472      8.2056087E7     2.8 h            2.1 m       95.4%     3.0 h       8.2 m 
INFO  19:21:37,600 ProgressMeter - GL000220.1:2852      8.2217234E7     2.8 h            2.1 m       95.4%     3.0 h       8.2 m 
INFO  19:22:07,602 ProgressMeter - GL000220.1:12752      8.2217234E7     2.9 h            2.1 m       95.4%     3.0 h       8.2 m 
INFO  19:22:37,603 ProgressMeter - GL000220.1:23779      8.2217234E7     2.9 h            2.1 m       95.4%     3.0 h       8.2 m 
INFO  19:23:07,604 ProgressMeter - GL000220.1:33400      8.2217234E7     2.9 h            2.1 m       95.5%     3.0 h       8.2 m 
WARN  19:23:17,757 ExactAFCalculator - this tool is currently set to genotype at most 6 alternate alleles in a given context, but the context at GL000220.1:35939 has 9 alternate alleles so only the top alleles will be used; see the --max_alternate_alleles argument 
INFO  19:23:37,605 ProgressMeter - GL000220.1:41777      8.2217234E7     2.9 h            2.1 m       95.5%     3.0 h       8.2 m 
INFO  19:24:07,606 ProgressMeter - GL000220.1:48887      8.2217234E7     2.9 h            2.1 m       95.5%     3.0 h       8.2 m 
INFO  19:24:37,607 ProgressMeter - GL000220.1:59638      8.2217234E7     2.9 h            2.1 m       95.5%     3.0 h       8.2 m 
INFO  19:25:07,608 ProgressMeter - GL000220.1:76659      8.2217234E7     2.9 h            2.1 m       95.5%     3.0 h       8.2 m 
WARN  19:25:14,073 ExactAFCalculator - this tool is currently set to genotype at most 6 alternate alleles in a given context, but the context at GL000220.1:80726 has 13 alternate alleles so only the top alleles will be used; see the --max_alternate_alleles argument 
INFO  19:25:37,609 ProgressMeter - GL000220.1:91321      8.2217234E7     2.9 h            2.1 m       95.5%     3.1 h       8.2 m 
INFO  19:26:07,610 ProgressMeter - GL000220.1:98363      8.2217234E7     2.9 h            2.1 m       95.5%     3.1 h       8.2 m 
INFO  19:26:37,611 ProgressMeter - GL000220.1:102339      8.2217234E7     2.9 h            2.1 m       95.5%     3.1 h       8.2 m 
INFO  19:27:07,612 ProgressMeter - GL000220.1:118500      8.2217234E7     2.9 h            2.1 m       95.6%     3.1 h       8.2 m 
INFO  19:27:37,613 ProgressMeter - GL000220.1:119312      8.2217234E7     2.9 h            2.2 m       95.6%     3.1 h       8.2 m 
INFO  19:28:07,614 ProgressMeter - GL000220.1:119406      8.2217234E7     3.0 h            2.2 m       95.6%     3.1 h       8.2 m 
INFO  19:28:37,615 ProgressMeter - GL000220.1:119674      8.2217234E7     3.0 h            2.2 m       95.6%     3.1 h       8.3 m 
INFO  19:29:07,616 ProgressMeter - GL000220.1:119914      8.2217234E7     3.0 h            2.2 m       95.6%     3.1 h       8.3 m 
INFO  19:29:37,617 ProgressMeter - GL000220.1:120437      8.2217234E7     3.0 h            2.2 m       95.6%     3.1 h       8.3 m 
INFO  19:30:07,618 ProgressMeter - GL000220.1:120437      8.2217234E7     3.0 h            2.2 m       95.6%     3.1 h       8.3 m 
WARN  19:30:09,012 ExactAFCalculator - this tool is currently set to genotype at most 6 alternate alleles in a given context, but the context at GL000220.1:120133 has 9 alternate alleles so only the top alleles will be used; see the --max_alternate_alleles argument 
WARN  19:30:09,026 ExactAFCalculator - this tool is currently set to genotype at most 6 alternate alleles in a given context, but the context at GL000220.1:120137 has 16 alternate alleles so only the top alleles will be used; see the --max_alternate_alleles argument 
WARN  19:30:09,039 ExactAFCalculator - this tool is currently set to genotype at most 6 alternate alleles in a given context, but the context at GL000220.1:120149 has 10 alternate alleles so only the top alleles will be used; see the --max_alternate_alleles argument 
WARN  19:30:25,498 ExactAFCalculator - this tool is currently set to genotype at most 6 alternate alleles in a given context, but the context at GL000220.1:120442 has 14 alternate alleles so only the top alleles will be used; see the --max_alternate_alleles argument 
WARN  19:30:25,522 ExactAFCalculator - this tool is currently set to genotype at most 6 alternate alleles in a given context, but the context at GL000220.1:120493 has 8 alternate alleles so only the top alleles will be used; see the --max_alternate_alleles argument 
INFO  19:30:37,619 ProgressMeter - GL000220.1:121176      8.2217234E7     3.0 h            2.2 m       95.6%     3.1 h       8.4 m 
WARN  19:30:54,745 ExactAFCalculator - this tool is currently set to genotype at most 6 alternate alleles in a given context, but the context at GL000220.1:120825 has 9 alternate alleles so only the top alleles will be used; see the --max_alternate_alleles argument 
INFO  19:31:07,620 ProgressMeter - GL000220.1:121353      8.2217234E7     3.0 h            2.2 m       95.6%     3.1 h       8.4 m 
WARN  19:31:13,212 ExactAFCalculator - this tool is currently set to genotype at most 6 alternate alleles in a given context, but the context at GL000220.1:120997 has 9 alternate alleles so only the top alleles will be used; see the --max_alternate_alleles argument 
INFO  19:31:37,621 ProgressMeter - GL000220.1:121589      8.2217234E7     3.0 h            2.2 m       95.6%     3.2 h       8.4 m 
WARN  19:31:41,580 ExactAFCalculator - this tool is currently set to genotype at most 6 alternate alleles in a given context, but the context at GL000220.1:121238 has 21 alternate alleles so only the top alleles will be used; see the --max_alternate_alleles argument 
WARN  19:31:54,779 ExactAFCalculator - this tool is currently set to genotype at most 6 alternate alleles in a given context, but the context at GL000220.1:121453 has 12 alternate alleles so only the top alleles will be used; see the --max_alternate_alleles argument 
INFO  19:32:07,622 ProgressMeter - GL000220.1:122353      8.2217234E7     3.0 h            2.2 m       95.6%     3.2 h       8.4 m 
WARN  19:32:34,172 ExactAFCalculator - this tool is currently set to genotype at most 6 alternate alleles in a given context, but the context at GL000220.1:122141 has 11 alternate alleles so only the top alleles will be used; see the --max_alternate_alleles argument 
INFO  19:32:37,624 ProgressMeter - GL000220.1:122923      8.2217234E7     3.0 h            2.2 m       95.6%     3.2 h       8.4 m 
INFO  19:33:07,625 ProgressMeter - GL000220.1:123490      8.2217234E7     3.0 h            2.2 m       95.6%     3.2 h       8.5 m 
WARN  19:33:23,970 ExactAFCalculator - this tool is currently set to genotype at most 6 alternate alleles in a given context, but the context at GL000220.1:123139 has 13 alternate alleles so only the top alleles will be used; see the --max_alternate_alleles argument 
INFO  19:33:37,626 ProgressMeter - GL000220.1:124192      8.2217234E7     3.0 h            2.2 m       95.6%     3.2 h       8.5 m 
WARN  19:33:50,931 ExactAFCalculator - this tool is currently set to genotype at most 6 alternate alleles in a given context, but the context at GL000220.1:123842 has 11 alternate alleles so only the top alleles will be used; see the --max_alternate_alleles argument 
WARN  19:33:50,970 ExactAFCalculator - this tool is currently set to genotype at most 6 alternate alleles in a given context, but the context at GL000220.1:123876 has 8 alternate alleles so only the top alleles will be used; see the --max_alternate_alleles argument 
INFO  19:34:07,627 ProgressMeter - GL000220.1:124583      8.2217234E7     3.1 h            2.2 m       95.6%     3.2 h       8.5 m 
WARN  19:34:24,463 ExactAFCalculator - this tool is currently set to genotype at most 6 alternate alleles in a given context, but the context at GL000220.1:124694 has 18 alternate alleles so only the top alleles will be used; see the --max_alternate_alleles argument 
INFO  19:34:37,628 ProgressMeter - GL000220.1:125517      8.2217234E7     3.1 h            2.2 m       95.6%     3.2 h       8.5 m 
WARN  19:35:00,997 ExactAFCalculator - this tool is currently set to genotype at most 6 alternate alleles in a given context, but the context at GL000220.1:125569 has 10 alternate alleles so only the top alleles will be used; see the --max_alternate_alleles argument 
INFO  19:35:07,629 ProgressMeter - GL000220.1:126552      8.2217234E7     3.1 h            2.2 m       95.6%     3.2 h       8.6 m 
INFO  19:35:37,629 ProgressMeter - GL000220.1:127250      8.2217234E7     3.1 h            2.2 m       95.6%     3.2 h       8.6 m 
INFO  19:36:07,630 ProgressMeter - GL000220.1:127620      8.2217234E7     3.1 h            2.3 m       95.6%     3.2 h       8.6 m 
INFO  19:36:37,660 ProgressMeter - GL000220.1:128139      8.2217234E7     3.1 h            2.3 m       95.6%     3.2 h       8.6 m 
WARN  19:36:58,491 ExactAFCalculator - this tool is currently set to genotype at most 6 alternate alleles in a given context, but the context at GL000220.1:127912 has 8 alternate alleles so only the top alleles will be used; see the --max_alternate_alleles argument 
INFO  19:37:07,661 ProgressMeter - GL000220.1:128442      8.2217234E7     3.1 h            2.3 m       95.6%     3.2 h       8.6 m 
INFO  19:37:37,662 ProgressMeter - GL000220.1:128636      8.2217234E7     3.1 h            2.3 m       95.6%     3.3 h       8.7 m 
INFO  19:38:07,663 ProgressMeter - GL000220.1:129000      8.2217234E7     3.1 h            2.3 m       95.6%     3.3 h       8.7 m 
WARN  19:38:24,367 ExactAFCalculator - this tool is currently set to genotype at most 6 alternate alleles in a given context, but the context at GL000220.1:128873 has 8 alternate alleles so only the top alleles will be used; see the --max_alternate_alleles argument 
INFO  19:38:47,664 ProgressMeter - GL000220.1:129319      8.2217234E7     3.1 h            2.3 m       95.6%     3.3 h       8.7 m 
WARN  19:39:17,197 ExactAFCalculator - this tool is currently set to genotype at most 6 alternate alleles in a given context, but the context at GL000220.1:129313 has 8 alternate alleles so only the top alleles will be used; see the --max_alternate_alleles argument 
INFO  19:39:17,665 ProgressMeter - GL000220.1:129828      8.2217234E7     3.1 h            2.3 m       95.6%     3.3 h       8.7 m 
WARN  19:39:38,158 ExactAFCalculator - this tool is currently set to genotype at most 6 alternate alleles in a given context, but the context at GL000220.1:130043 has 22 alternate alleles so only the top alleles will be used; see the --max_alternate_alleles argument 
INFO  19:39:47,666 ProgressMeter - GL000220.1:130571      8.2217234E7     3.2 h            2.3 m       95.6%     3.3 h       8.8 m 
INFO  19:40:17,667 ProgressMeter - GL000220.1:131212      8.2217234E7     3.2 h            2.3 m       95.6%     3.3 h       8.8 m 
INFO  19:40:47,668 ProgressMeter - GL000220.1:131842      8.2217234E7     3.2 h            2.3 m       95.6%     3.3 h       8.8 m 
INFO  19:41:17,669 ProgressMeter - GL000220.1:132084      8.2217234E7     3.2 h            2.3 m       95.6%     3.3 h       8.8 m 
WARN  19:41:18,429 ExactAFCalculator - this tool is currently set to genotype at most 6 alternate alleles in a given context, but the context at GL000220.1:131811 has 10 alternate alleles so only the top alleles will be used; see the --max_alternate_alleles argument 
INFO  19:41:47,671 ProgressMeter - GL000220.1:132714      8.2217234E7     3.2 h            2.3 m       95.6%     3.3 h       8.9 m 
INFO  19:42:17,672 ProgressMeter - GL000220.1:132800      8.2217234E7     3.2 h            2.3 m       95.6%     3.3 h       8.9 m 
WARN  19:42:37,022 ExactAFCalculator - this tool is currently set to genotype at most 6 alternate alleles in a given context, but the context at GL000220.1:132789 has 10 alternate alleles so only the top alleles will be used; see the --max_alternate_alleles argument 
INFO  19:42:47,673 ProgressMeter - GL000220.1:133652      8.2217234E7     3.2 h            2.3 m       95.6%     3.3 h       8.9 m 
INFO  19:43:17,674 ProgressMeter - GL000220.1:133854      8.2217234E7     3.2 h            2.3 m       95.6%     3.4 h       8.9 m 
INFO  19:43:57,675 ProgressMeter - GL000220.1:136046      8.2217234E7     3.2 h            2.3 m       95.6%     3.4 h       8.9 m 
INFO  19:44:27,676 ProgressMeter - GL000220.1:136460      8.2217234E7     3.2 h            2.4 m       95.6%     3.4 h       9.0 m 
WARN  19:44:43,120 ExactAFCalculator - this tool is currently set to genotype at most 6 alternate alleles in a given context, but the context at GL000220.1:136177 has 10 alternate alleles so only the top alleles will be used; see the --max_alternate_alleles argument 
INFO  19:44:57,677 ProgressMeter - GL000220.1:136783      8.2217234E7     3.2 h            2.4 m       95.6%     3.4 h       9.0 m 
INFO  19:45:27,678 ProgressMeter - GL000220.1:137028      8.2217234E7     3.2 h            2.4 m       95.6%     3.4 h       9.0 m 
WARN  19:45:30,187 ExactAFCalculator - this tool is currently set to genotype at most 6 alternate alleles in a given context, but the context at GL000220.1:136782 has 8 alternate alleles so only the top alleles will be used; see the --max_alternate_alleles argument 
INFO  19:45:57,679 ProgressMeter - GL000220.1:138642      8.2217234E7     3.3 h            2.4 m       95.6%     3.4 h       9.0 m 
WARN  19:46:12,729 ExactAFCalculator - this tool is currently set to genotype at most 6 alternate alleles in a given context, but the context at GL000220.1:138408 has 8 alternate alleles so only the top alleles will be used; see the --max_alternate_alleles argument 
INFO  19:46:27,681 ProgressMeter - GL000220.1:140307      8.2217234E7     3.3 h            2.4 m       95.6%     3.4 h       9.0 m 
INFO  19:46:57,682 ProgressMeter - GL000220.1:140910      8.2217234E7     3.3 h            2.4 m       95.6%     3.4 h       9.1 m 
INFO  19:47:27,683 ProgressMeter - GL000220.1:141144      8.2217234E7     3.3 h            2.4 m       95.6%     3.4 h       9.1 m 
INFO  19:47:57,684 ProgressMeter - GL000220.1:141803      8.2217234E7     3.3 h            2.4 m       95.6%     3.4 h       9.1 m 
WARN  19:48:22,675 ExactAFCalculator - this tool is currently set to genotype at most 6 alternate alleles in a given context, but the context at GL000220.1:142117 has 10 alternate alleles so only the top alleles will be used; see the --max_alternate_alleles argument 
INFO  19:48:27,685 ProgressMeter - GL000220.1:142634      8.2217234E7     3.3 h            2.4 m       95.6%     3.4 h       9.1 m 
INFO  19:48:57,686 ProgressMeter - GL000220.1:143740      8.2217234E7     3.3 h            2.4 m       95.6%     3.5 h       9.2 m 
WARN  19:49:21,050 ExactAFCalculator - this tool is currently set to genotype at most 6 alternate alleles in a given context, but the context at GL000220.1:143755 has 12 alternate alleles so only the top alleles will be used; see the --max_alternate_alleles argument 
INFO  19:49:27,687 ProgressMeter - GL000220.1:144767      8.2217234E7     3.3 h            2.4 m       95.6%     3.5 h       9.2 m 
INFO  19:49:57,688 ProgressMeter - GL000220.1:145120      8.2217234E7     3.3 h            2.4 m       95.6%     3.5 h       9.2 m 
WARN  19:50:04,868 ExactAFCalculator - this tool is currently set to genotype at most 6 alternate alleles in a given context, but the context at GL000220.1:144767 has 9 alternate alleles so only the top alleles will be used; see the --max_alternate_alleles argument 
WARN  19:50:04,896 ExactAFCalculator - this tool is currently set to genotype at most 6 alternate alleles in a given context, but the context at GL000220.1:144802 has 8 alternate alleles so only the top alleles will be used; see the --max_alternate_alleles argument 
INFO  19:50:27,689 ProgressMeter - GL000220.1:145346      8.2217234E7     3.3 h            2.4 m       95.6%     3.5 h       9.2 m 
INFO  19:50:57,690 ProgressMeter - GL000220.1:145514      8.2217234E7     3.3 h            2.4 m       95.6%     3.5 h       9.2 m 
INFO  19:51:27,691 ProgressMeter - GL000220.1:146354      8.2217234E7     3.3 h            2.4 m       95.6%     3.5 h       9.3 m 
WARN  19:51:46,487 ExactAFCalculator - this tool is currently set to genotype at most 6 alternate alleles in a given context, but the context at GL000220.1:146098 has 10 alternate alleles so only the top alleles will be used; see the --max_alternate_alleles argument 
WARN  19:51:46,498 ExactAFCalculator - this tool is currently set to genotype at most 6 alternate alleles in a given context, but the context at GL000220.1:146101 has 8 alternate alleles so only the top alleles will be used; see the --max_alternate_alleles argument 
INFO  19:51:57,692 ProgressMeter - GL000220.1:146664      8.2217234E7     3.4 h            2.4 m       95.6%     3.5 h       9.3 m 
WARN  19:51:57,725 ExactAFCalculator - this tool is currently set to genotype at most 6 alternate alleles in a given context, but the context at GL000220.1:146390 has 11 alternate alleles so only the top alleles will be used; see the --max_alternate_alleles argument 
INFO  19:52:27,693 ProgressMeter - GL000211.1:83196      8.2543275E7     3.4 h            2.4 m       95.9%     3.5 h       8.6 m 
INFO  19:52:57,695 ProgressMeter - GL000211.1:106643      8.2543275E7     3.4 h            2.4 m       95.9%     3.5 h       8.6 m 
INFO  19:53:27,696 ProgressMeter - GL000211.1:120472      8.2543275E7     3.4 h            2.5 m       95.9%     3.5 h       8.6 m 
INFO  19:53:57,697 ProgressMeter - GL000211.1:164501      8.2543275E7     3.4 h            2.5 m       96.0%     3.5 h       8.5 m 
INFO  19:54:27,698 ProgressMeter - GL000199.1:30121      8.2709841E7     3.4 h            2.5 m       96.0%     3.5 h       8.4 m 
INFO  19:54:57,699 ProgressMeter - GL000199.1:34624      8.2709841E7     3.4 h            2.5 m       96.0%     3.5 h       8.4 m 
INFO  19:55:27,701 ProgressMeter - GL000199.1:34624      8.2709841E7     3.4 h            2.5 m       96.0%     3.6 h       8.5 m 
INFO  19:55:57,702 ProgressMeter - GL000199.1:34624      8.2709841E7     3.4 h            2.5 m       96.0%     3.6 h       8.5 m 
INFO  19:56:27,703 ProgressMeter - GL000199.1:40359      8.2709841E7     3.4 h            2.5 m       96.0%     3.6 h       8.5 m 
INFO  19:56:57,704 ProgressMeter - GL000199.1:44849      8.2709841E7     3.4 h            2.5 m       96.0%     3.6 h       8.5 m 
INFO  19:57:27,705 ProgressMeter - GL000199.1:44849      8.2709841E7     3.4 h            2.5 m       96.0%     3.6 h       8.5 m 
INFO  19:57:57,706 ProgressMeter - GL000199.1:45286      8.2709841E7     3.5 h            2.5 m       96.0%     3.6 h       8.5 m 
INFO  19:58:27,707 ProgressMeter - GL000199.1:51622      8.2709841E7     3.5 h            2.5 m       96.0%     3.6 h       8.5 m 
INFO  19:58:57,709 ProgressMeter - GL000199.1:52222      8.2709841E7     3.5 h            2.5 m       96.0%     3.6 h       8.6 m 
INFO  19:59:27,710 ProgressMeter - GL000199.1:56116      8.2709841E7     3.5 h            2.5 m       96.1%     3.6 h       8.6 m 
INFO  19:59:57,711 ProgressMeter - GL000199.1:60622      8.2709841E7     3.5 h            2.5 m       96.1%     3.6 h       8.6 m 
INFO  20:00:27,712 ProgressMeter - GL000199.1:72688      8.2709841E7     3.5 h            2.5 m       96.1%     3.6 h       8.6 m 
INFO  20:00:57,713 ProgressMeter - GL000199.1:72986      8.2709841E7     3.5 h            2.5 m       96.1%     3.6 h       8.6 m 
INFO  20:01:27,714 ProgressMeter - GL000199.1:73244      8.2709841E7     3.5 h            2.5 m       96.1%     3.7 h       8.6 m 
INFO  20:01:57,715 ProgressMeter - GL000199.1:73329      8.2709841E7     3.5 h            2.6 m       96.1%     3.7 h       8.6 m 
INFO  20:02:27,716 ProgressMeter - GL000199.1:82848      8.2709841E7     3.5 h            2.6 m       96.1%     3.7 h       8.6 m 
INFO  20:02:57,718 ProgressMeter - GL000199.1:83194      8.2709841E7     3.5 h            2.6 m       96.1%     3.7 h       8.6 m 
INFO  20:03:27,720 ProgressMeter - GL000199.1:83790      8.2709841E7     3.5 h            2.6 m       96.1%     3.7 h       8.7 m 
INFO  20:03:57,770 ProgressMeter - GL000199.1:84521      8.2709841E7     3.6 h            2.6 m       96.1%     3.7 h       8.7 m 
INFO  20:04:27,771 ProgressMeter - GL000199.1:84801      8.2709841E7     3.6 h            2.6 m       96.1%     3.7 h       8.7 m 
INFO  20:04:57,772 ProgressMeter - GL000199.1:90126      8.2709841E7     3.6 h            2.6 m       96.1%     3.7 h       8.7 m 
INFO  20:05:27,773 ProgressMeter - GL000199.1:91855      8.2709841E7     3.6 h            2.6 m       96.1%     3.7 h       8.7 m 
INFO  20:05:57,774 ProgressMeter - GL000199.1:92189      8.2709841E7     3.6 h            2.6 m       96.1%     3.7 h       8.7 m 
INFO  20:06:27,775 ProgressMeter - GL000199.1:92939      8.2709841E7     3.6 h            2.6 m       96.1%     3.7 h       8.8 m 
INFO  20:06:57,776 ProgressMeter - GL000199.1:95342      8.2709841E7     3.6 h            2.6 m       96.1%     3.7 h       8.8 m 
INFO  20:07:27,777 ProgressMeter - GL000199.1:99240      8.2709841E7     3.6 h            2.6 m       96.1%     3.8 h       8.8 m 
INFO  20:07:57,778 ProgressMeter - GL000199.1:110463      8.2709841E7     3.6 h            2.6 m       96.1%     3.8 h       8.8 m 
INFO  20:08:27,779 ProgressMeter - GL000199.1:120244      8.2709841E7     3.6 h            2.6 m       96.1%     3.8 h       8.8 m 
INFO  20:08:57,781 ProgressMeter - GL000199.1:136745      8.2709841E7     3.6 h            2.6 m       96.1%     3.8 h       8.7 m 
INFO  20:09:27,782 ProgressMeter - GL000199.1:152280      8.2709841E7     3.6 h            2.6 m       96.2%     3.8 h       8.7 m 
INFO  20:09:57,783 ProgressMeter - GL000199.1:155966      8.2709841E7     3.7 h            2.7 m       96.2%     3.8 h       8.7 m 
INFO  20:10:27,784 ProgressMeter - GL000199.1:156287      8.2709841E7     3.7 h            2.7 m       96.2%     3.8 h       8.7 m 
INFO  20:10:57,786 ProgressMeter - GL000199.1:158633      8.2709841E7     3.7 h            2.7 m       96.2%     3.8 h       8.8 m 
INFO  20:11:27,787 ProgressMeter - GL000199.1:160629      8.2709841E7     3.7 h            2.7 m       96.2%     3.8 h       8.8 m 
INFO  20:11:57,788 ProgressMeter - GL000199.1:162212      8.2709841E7     3.7 h            2.7 m       96.2%     3.8 h       8.8 m 
INFO  20:12:27,789 ProgressMeter - GL000199.1:164822      8.2709841E7     3.7 h            2.7 m       96.2%     3.8 h       8.8 m 
INFO  20:12:57,791 ProgressMeter - GL000199.1:168505      8.2709841E7     3.7 h            2.7 m       96.2%     3.8 h       8.8 m 
INFO  20:13:27,792 ProgressMeter - GL000217.1:1829      8.2879715E7     3.7 h            2.7 m       96.2%     3.9 h       8.8 m 
INFO  20:13:57,793 ProgressMeter - GL000217.1:70569      8.2879715E7     3.7 h            2.7 m       96.3%     3.9 h       8.7 m 
INFO  20:14:27,794 ProgressMeter - GL000217.1:128818      8.2879715E7     3.7 h            2.7 m       96.3%     3.9 h       8.5 m 
INFO  20:14:57,796 ProgressMeter - GL000216.1:1820      8.3051864E7     3.7 h            2.7 m       96.4%     3.9 h       8.4 m 
INFO  20:15:27,797 ProgressMeter - GL000216.1:16869      8.3051864E7     3.7 h            2.7 m       96.4%     3.9 h       8.4 m 
INFO  20:15:57,798 ProgressMeter - GL000216.1:57875      8.3051864E7     3.8 h            2.7 m       96.5%     3.9 h       8.3 m 
INFO  20:16:27,799 ProgressMeter - GL000216.1:66594      8.3051864E7     3.8 h            2.7 m       96.5%     3.9 h       8.3 m 
INFO  20:16:57,800 ProgressMeter - GL000216.1:73066      8.3051864E7     3.8 h            2.7 m       96.5%     3.9 h       8.3 m 
INFO  20:17:27,801 ProgressMeter - GL000216.1:80945      8.3051864E7     3.8 h            2.7 m       96.5%     3.9 h       8.3 m 
INFO  20:17:57,802 ProgressMeter - GL000216.1:81201      8.3051864E7     3.8 h            2.7 m       96.5%     3.9 h       8.3 m 
INFO  20:18:27,804 ProgressMeter - GL000216.1:89114      8.3051864E7     3.8 h            2.7 m       96.5%     3.9 h       8.3 m 
INFO  20:18:57,805 ProgressMeter - GL000216.1:96754      8.3051864E7     3.8 h            2.7 m       96.5%     3.9 h       8.3 m 
INFO  20:19:27,806 ProgressMeter - GL000216.1:106509      8.3051864E7     3.8 h            2.8 m       96.5%     3.9 h       8.3 m 
INFO  20:19:57,807 ProgressMeter - GL000216.1:124246      8.3051864E7     3.8 h            2.8 m       96.5%     4.0 h       8.2 m 
INFO  20:20:27,808 ProgressMeter - GL000216.1:138525      8.3051864E7     3.8 h            2.8 m       96.5%     4.0 h       8.2 m 
INFO  20:20:57,809 ProgressMeter - GL000216.1:143213      8.3051864E7     3.8 h            2.8 m       96.6%     4.0 h       8.2 m 
INFO  20:21:27,810 ProgressMeter - GL000216.1:145420      8.3051864E7     3.8 h            2.8 m       96.6%     4.0 h       8.2 m 
INFO  20:21:57,811 ProgressMeter - GL000216.1:145611      8.3051864E7     3.9 h            2.8 m       96.6%     4.0 h       8.2 m 
INFO  20:22:27,813 ProgressMeter - GL000216.1:145611      8.3051864E7     3.9 h            2.8 m       96.6%     4.0 h       8.3 m 
INFO  20:22:57,814 ProgressMeter - GL000216.1:147099      8.3051864E7     3.9 h            2.8 m       96.6%     4.0 h       8.3 m 
INFO  20:23:27,815 ProgressMeter - GL000216.1:154537      8.3051864E7     3.9 h            2.8 m       96.6%     4.0 h       8.3 m 
INFO  20:23:57,816 ProgressMeter - GL000216.1:155491      8.3051864E7     3.9 h            2.8 m       96.6%     4.0 h       8.3 m 
INFO  20:24:27,818 ProgressMeter - GL000216.1:156734      8.3051864E7     3.9 h            2.8 m       96.6%     4.0 h       8.3 m 
INFO  20:24:57,819 ProgressMeter - GL000216.1:157228      8.3051864E7     3.9 h            2.8 m       96.6%     4.0 h       8.3 m 
INFO  20:25:27,820 ProgressMeter - GL000216.1:162607      8.3051864E7     3.9 h            2.8 m       96.6%     4.1 h       8.3 m 
INFO  20:25:57,821 ProgressMeter - GL000216.1:163797      8.3051864E7     3.9 h            2.8 m       96.6%     4.1 h       8.3 m 
INFO  20:26:27,822 ProgressMeter - GL000216.1:167637      8.3051864E7     3.9 h            2.8 m       96.6%     4.1 h       8.3 m 
INFO  20:26:57,823 ProgressMeter - GL000205.1:9099      8.3396703E7     3.9 h            2.8 m       96.8%     4.1 h       7.8 m 
INFO  20:27:27,824 ProgressMeter - GL000205.1:28780      8.3396703E7     3.9 h            2.8 m       96.8%     4.1 h       7.8 m 
INFO  20:27:57,825 ProgressMeter - GL000205.1:63954      8.3396703E7     4.0 h            2.8 m       96.9%     4.1 h       7.7 m 
WARN  20:28:19,197 ExactAFCalculator - this tool is currently set to genotype at most 6 alternate alleles in a given context, but the context at GL000205.1:86595 has 9 alternate alleles so only the top alleles will be used; see the --max_alternate_alleles argument 
INFO  20:28:27,826 ProgressMeter - GL000205.1:89443      8.3396703E7     4.0 h            2.9 m       96.9%     4.1 h       7.6 m 
INFO  20:28:57,827 ProgressMeter - GL000205.1:96124      8.3396703E7     4.0 h            2.9 m       96.9%     4.1 h       7.6 m 
INFO  20:29:27,828 ProgressMeter - GL000205.1:107678      8.3396703E7     4.0 h            2.9 m       96.9%     4.1 h       7.6 m 
INFO  20:29:57,829 ProgressMeter - GL000205.1:114893      8.3396703E7     4.0 h            2.9 m       96.9%     4.1 h       7.6 m 
INFO  20:30:27,830 ProgressMeter - GL000205.1:120785      8.3396703E7     4.0 h            2.9 m       96.9%     4.1 h       7.6 m 
INFO  20:30:57,831 ProgressMeter - GL000205.1:123388      8.3396703E7     4.0 h            2.9 m       96.9%     4.1 h       7.6 m 
INFO  20:31:27,832 ProgressMeter - GL000205.1:133689      8.3396703E7     4.0 h            2.9 m       96.9%     4.1 h       7.6 m 
INFO  20:31:57,833 ProgressMeter - GL000205.1:156376      8.3396703E7     4.0 h            2.9 m       97.0%     4.1 h       7.5 m 
INFO  20:32:27,835 ProgressMeter - GL000205.1:166319      8.3396703E7     4.0 h            2.9 m       97.0%     4.2 h       7.5 m 
INFO  20:32:57,836 ProgressMeter - GL000205.1:173672      8.3396703E7     4.0 h            2.9 m       97.0%     4.2 h       7.5 m 
INFO  20:33:27,837 ProgressMeter - GL000219.1:46051      8.3571291E7     4.0 h            2.9 m       97.0%     4.2 h       7.4 m 
INFO  20:33:57,838 ProgressMeter - GL000219.1:53327      8.3571291E7     4.1 h            2.9 m       97.1%     4.2 h       7.4 m 
WARN  20:34:24,330 ExactAFCalculator - this tool is currently set to genotype at most 6 alternate alleles in a given context, but the context at GL000219.1:56846 has 8 alternate alleles so only the top alleles will be used; see the --max_alternate_alleles argument 
INFO  20:34:27,839 ProgressMeter - GL000219.1:58369      8.3571291E7     4.1 h            2.9 m       97.1%     4.2 h       7.4 m 
INFO  20:34:57,840 ProgressMeter - GL000219.1:64270      8.3571291E7     4.1 h            2.9 m       97.1%     4.2 h       7.4 m 
INFO  20:35:27,841 ProgressMeter - GL000219.1:74254      8.3571291E7     4.1 h            2.9 m       97.1%     4.2 h       7.4 m 
INFO  20:35:57,842 ProgressMeter - GL000219.1:78993      8.3571291E7     4.1 h            2.9 m       97.1%     4.2 h       7.4 m 
INFO  20:36:27,843 ProgressMeter - GL000219.1:86399      8.3571291E7     4.1 h            2.9 m       97.1%     4.2 h       7.4 m 
INFO  20:36:57,844 ProgressMeter - GL000219.1:91019      8.3571291E7     4.1 h            2.9 m       97.1%     4.2 h       7.4 m 
INFO  20:37:27,845 ProgressMeter - GL000219.1:98644      8.3571291E7     4.1 h            3.0 m       97.1%     4.2 h       7.4 m 
INFO  20:37:57,846 ProgressMeter - GL000219.1:104653      8.3571291E7     4.1 h            3.0 m       97.1%     4.2 h       7.4 m 
INFO  20:38:27,847 ProgressMeter - GL000219.1:109955      8.3571291E7     4.1 h            3.0 m       97.1%     4.3 h       7.4 m 
INFO  20:38:57,852 ProgressMeter - GL000219.1:116403      8.3571291E7     4.1 h            3.0 m       97.1%     4.3 h       7.3 m 
INFO  20:39:27,853 ProgressMeter - GL000219.1:121231      8.3571291E7     4.1 h            3.0 m       97.1%     4.3 h       7.3 m 
INFO  20:39:57,854 ProgressMeter - GL000219.1:126958      8.3571291E7     4.2 h            3.0 m       97.1%     4.3 h       7.3 m 
INFO  20:40:27,855 ProgressMeter - GL000219.1:133328      8.3571291E7     4.2 h            3.0 m       97.1%     4.3 h       7.3 m 
INFO  20:40:57,856 ProgressMeter - GL000219.1:141314      8.3571291E7     4.2 h            3.0 m       97.2%     4.3 h       7.3 m 
INFO  20:41:27,858 ProgressMeter - GL000219.1:154639      8.3571291E7     4.2 h            3.0 m       97.2%     4.3 h       7.3 m 
INFO  20:41:57,859 ProgressMeter - GL000219.1:172771      8.3571291E7     4.2 h            3.0 m       97.2%     4.3 h       7.3 m 
INFO  20:42:27,860 ProgressMeter -  GL000224.1:978      8.3750489E7     4.2 h            3.0 m       97.2%     4.3 h       7.3 m 
WARN  20:42:33,067 ExactAFCalculator - this tool is currently set to genotype at most 6 alternate alleles in a given context, but the context at GL000224.1:889 has 10 alternate alleles so only the top alleles will be used; see the --max_alternate_alleles argument 
WARN  20:42:33,072 ExactAFCalculator - this tool is currently set to genotype at most 6 alternate alleles in a given context, but the context at GL000224.1:909 has 8 alternate alleles so only the top alleles will be used; see the --max_alternate_alleles argument 
INFO  20:42:57,861 ProgressMeter - GL000224.1:3332      8.3750489E7     4.2 h            3.0 m       97.2%     4.3 h       7.3 m 
INFO  20:43:27,862 ProgressMeter - GL000224.1:3762      8.3750489E7     4.2 h            3.0 m       97.2%     4.3 h       7.3 m 
WARN  20:43:37,161 ExactAFCalculator - this tool is currently set to genotype at most 6 alternate alleles in a given context, but the context at GL000224.1:3473 has 8 alternate alleles so only the top alleles will be used; see the --max_alternate_alleles argument 
WARN  20:43:37,170 ExactAFCalculator - this tool is currently set to genotype at most 6 alternate alleles in a given context, but the context at GL000224.1:3478 has 12 alternate alleles so only the top alleles will be used; see the --max_alternate_alleles argument 
INFO  20:43:57,863 ProgressMeter - GL000224.1:4816      8.3750489E7     4.2 h            3.0 m       97.2%     4.3 h       7.3 m 
INFO  20:44:27,864 ProgressMeter - GL000224.1:9628      8.3750489E7     4.2 h            3.0 m       97.2%     4.3 h       7.3 m 
INFO  20:44:57,865 ProgressMeter - GL000224.1:14476      8.3750489E7     4.2 h            3.0 m       97.2%     4.4 h       7.3 m 
WARN  20:45:07,964 ExactAFCalculator - this tool is currently set to genotype at most 6 alternate alleles in a given context, but the context at GL000224.1:16076 has 9 alternate alleles so only the top alleles will be used; see the --max_alternate_alleles argument 
INFO  20:45:27,866 ProgressMeter - GL000224.1:21888      8.3750489E7     4.2 h            3.0 m       97.2%     4.4 h       7.3 m 
INFO  20:45:57,868 ProgressMeter - GL000224.1:33847      8.3750489E7     4.3 h            3.0 m       97.2%     4.4 h       7.3 m 
INFO  20:46:27,869 ProgressMeter - GL000224.1:59485      8.3750489E7     4.3 h            3.1 m       97.3%     4.4 h       7.2 m 
INFO  20:46:57,874 ProgressMeter - GL000224.1:75712      8.3750489E7     4.3 h            3.1 m       97.3%     4.4 h       7.2 m 
INFO  20:47:27,875 ProgressMeter - GL000224.1:83227      8.3750489E7     4.3 h            3.1 m       97.3%     4.4 h       7.1 m 
INFO  20:47:57,876 ProgressMeter - GL000224.1:87915      8.3750489E7     4.3 h            3.1 m       97.3%     4.4 h       7.1 m 
INFO  20:48:27,877 ProgressMeter - GL000224.1:93433      8.3750489E7     4.3 h            3.1 m       97.3%     4.4 h       7.1 m 
INFO  20:48:57,878 ProgressMeter - GL000224.1:98744      8.3750489E7     4.3 h            3.1 m       97.3%     4.4 h       7.1 m 
INFO  20:49:27,879 ProgressMeter - GL000224.1:103349      8.3750489E7     4.3 h            3.1 m       97.3%     4.4 h       7.1 m 
WARN  20:49:50,203 ExactAFCalculator - this tool is currently set to genotype at most 6 alternate alleles in a given context, but the context at GL000224.1:105580 has 12 alternate alleles so only the top alleles will be used; see the --max_alternate_alleles argument 
WARN  20:49:50,208 ExactAFCalculator - this tool is currently set to genotype at most 6 alternate alleles in a given context, but the context at GL000224.1:105632 has 17 alternate alleles so only the top alleles will be used; see the --max_alternate_alleles argument 
INFO  20:49:57,880 ProgressMeter - GL000224.1:106822      8.3750489E7     4.3 h            3.1 m       97.3%     4.4 h       7.1 m 
INFO  20:50:27,881 ProgressMeter - GL000224.1:110698      8.3750489E7     4.3 h            3.1 m       97.3%     4.4 h       7.1 m 
INFO  20:50:57,882 ProgressMeter - GL000195.1:4419      8.4110637E7     4.3 h            3.1 m       97.6%     4.4 h       6.3 m 
INFO  20:51:27,883 ProgressMeter - GL000195.1:15061      8.4110637E7     4.3 h            3.1 m       97.6%     4.5 h       6.3 m 
WARN  20:51:51,074 ExactAFCalculator - this tool is currently set to genotype at most 6 alternate alleles in a given context, but the context at GL000195.1:20488 has 11 alternate alleles so only the top alleles will be used; see the --max_alternate_alleles argument 
INFO  20:51:57,885 ProgressMeter - GL000195.1:22889      8.4110637E7     4.4 h            3.1 m       97.6%     4.5 h       6.3 m 
INFO  20:52:27,886 ProgressMeter - GL000195.1:29290      8.4110637E7     4.4 h            3.1 m       97.6%     4.5 h       6.3 m 
INFO  20:52:57,888 ProgressMeter - GL000195.1:39209      8.4110637E7     4.4 h            3.1 m       97.7%     4.5 h       6.3 m 
INFO  20:53:27,889 ProgressMeter - GL000195.1:45477      8.4110637E7     4.4 h            3.1 m       97.7%     4.5 h       6.3 m 
INFO  20:53:57,890 ProgressMeter - GL000195.1:53020      8.4110637E7     4.4 h            3.1 m       97.7%     4.5 h       6.3 m 
INFO  20:54:27,891 ProgressMeter - GL000195.1:59757      8.4110637E7     4.4 h            3.1 m       97.7%     4.5 h       6.3 m 
INFO  20:54:57,892 ProgressMeter - GL000195.1:67156      8.4110637E7     4.4 h            3.1 m       97.7%     4.5 h       6.2 m 
INFO  20:55:27,893 ProgressMeter - GL000195.1:75938      8.4110637E7     4.4 h            3.1 m       97.7%     4.5 h       6.2 m 
INFO  20:55:57,894 ProgressMeter - GL000195.1:87115      8.4110637E7     4.4 h            3.2 m       97.7%     4.5 h       6.2 m 
INFO  20:56:27,895 ProgressMeter - GL000195.1:93801      8.4110637E7     4.4 h            3.2 m       97.7%     4.5 h       6.2 m 
INFO  20:56:57,896 ProgressMeter - GL000195.1:102783      8.4110637E7     4.4 h            3.2 m       97.7%     4.5 h       6.2 m 
INFO  20:57:27,898 ProgressMeter - GL000195.1:126085      8.4110637E7     4.4 h            3.2 m       97.8%     4.5 h       6.1 m 
INFO  20:57:57,899 ProgressMeter - GL000195.1:143910      8.4110637E7     4.5 h            3.2 m       97.8%     4.6 h       6.1 m 
INFO  20:58:27,900 ProgressMeter - GL000195.1:156704      8.4110637E7     4.5 h            3.2 m       97.8%     4.6 h       6.0 m 
INFO  20:58:57,901 ProgressMeter - GL000212.1:3280      8.4293533E7     4.5 h            3.2 m       97.8%     4.6 h       5.9 m 
INFO  20:59:27,902 ProgressMeter - GL000212.1:7704      8.4293533E7     4.5 h            3.2 m       97.8%     4.6 h       5.9 m 
INFO  20:59:57,903 ProgressMeter - GL000212.1:40793      8.4293533E7     4.5 h            3.2 m       97.9%     4.6 h       5.8 m 
INFO  21:00:27,904 ProgressMeter - GL000212.1:40793      8.4293533E7     4.5 h            3.2 m       97.9%     4.6 h       5.9 m 
INFO  21:00:57,905 ProgressMeter - GL000212.1:41050      8.4293533E7     4.5 h            3.2 m       97.9%     4.6 h       5.9 m 
INFO  21:01:27,906 ProgressMeter - GL000212.1:41469      8.4293533E7     4.5 h            3.2 m       97.9%     4.6 h       5.9 m 
INFO  21:01:57,908 ProgressMeter - GL000212.1:41954      8.4293533E7     4.5 h            3.2 m       97.9%     4.6 h       5.9 m 
INFO  21:02:27,909 ProgressMeter - GL000212.1:91584      8.4293533E7     4.5 h            3.2 m       97.9%     4.6 h       5.7 m 
INFO  21:02:57,910 ProgressMeter - GL000222.1:9601      8.4480391E7     4.5 h            3.2 m       98.1%     4.6 h       5.4 m 
INFO  21:03:27,911 ProgressMeter - GL000222.1:52622      8.4480391E7     4.5 h            3.2 m       98.1%     4.6 h       5.3 m 
INFO  21:03:57,912 ProgressMeter - GL000222.1:63811      8.4480391E7     4.6 h            3.2 m       98.1%     4.6 h       5.2 m 
INFO  21:04:27,913 ProgressMeter - GL000222.1:106148      8.4480391E7     4.6 h            3.2 m       98.2%     4.6 h       5.1 m 
INFO  21:04:57,914 ProgressMeter - GL000193.1:32711      8.4854287E7     4.6 h            3.2 m       98.5%     4.6 h       4.1 m 
INFO  21:05:27,915 ProgressMeter - GL000193.1:82134      8.4854287E7     4.6 h            3.2 m       98.6%     4.6 h       4.0 m 
INFO  21:05:57,916 ProgressMeter - GL000193.1:84363      8.4854287E7     4.6 h            3.2 m       98.6%     4.7 h       4.0 m 
INFO  21:06:27,917 ProgressMeter - GL000193.1:86999      8.4854287E7     4.6 h            3.2 m       98.6%     4.7 h       4.0 m 
INFO  21:06:57,918 ProgressMeter - GL000193.1:89672      8.4854287E7     4.6 h            3.3 m       98.6%     4.7 h       4.0 m 
INFO  21:07:27,919 ProgressMeter - GL000193.1:119375      8.4854287E7     4.6 h            3.3 m       98.6%     4.7 h       3.9 m 
INFO  21:07:57,921 ProgressMeter - GL000194.1:3143      8.5044076E7     4.6 h            3.3 m       98.7%     4.7 h       3.6 m 
WARN  21:08:02,019 ExactAFCalculator - this tool is currently set to genotype at most 6 alternate alleles in a given context, but the context at GL000194.1:6155 has 18 alternate alleles so only the top alleles will be used; see the --max_alternate_alleles argument 
INFO  21:08:27,922 ProgressMeter - GL000194.1:22984      8.5044076E7     4.6 h            3.3 m       98.7%     4.7 h       3.6 m 
INFO  21:08:57,923 ProgressMeter - GL000194.1:60223      8.5044076E7     4.6 h            3.3 m       98.8%     4.7 h       3.5 m 
INFO  21:09:27,924 ProgressMeter - GL000194.1:98395      8.5044076E7     4.6 h            3.3 m       98.8%     4.7 h       3.4 m 
INFO  21:09:57,925 ProgressMeter - GL000194.1:152783      8.5044076E7     4.7 h            3.3 m       98.9%     4.7 h       3.2 m 
INFO  21:10:27,926 ProgressMeter - GL000194.1:183098      8.5044076E7     4.7 h            3.3 m       98.9%     4.7 h       3.1 m 
INFO  21:10:57,927 ProgressMeter - GL000194.1:187547      8.5044076E7     4.7 h            3.3 m       98.9%     4.7 h       3.1 m 
INFO  21:11:27,928 ProgressMeter - GL000225.1:1375      8.5235545E7     4.7 h            3.3 m       98.9%     4.7 h       3.1 m 
INFO  21:11:57,929 ProgressMeter - GL000225.1:9517      8.5235545E7     4.7 h            3.3 m       98.9%     4.7 h       3.0 m 
INFO  21:12:27,930 ProgressMeter - GL000225.1:13978      8.5235545E7     4.7 h            3.3 m       98.9%     4.7 h       3.0 m 
INFO  21:12:57,931 ProgressMeter - GL000225.1:17506      8.5235545E7     4.7 h            3.3 m       98.9%     4.8 h       3.0 m 
INFO  21:13:27,932 ProgressMeter - GL000225.1:23893      8.5235545E7     4.7 h            3.3 m       98.9%     4.8 h       3.0 m 
INFO  21:13:57,933 ProgressMeter - GL000225.1:28362      8.5235545E7     4.7 h            3.3 m       99.0%     4.8 h       3.0 m 
INFO  21:14:27,935 ProgressMeter - GL000225.1:32216      8.5235545E7     4.7 h            3.3 m       99.0%     4.8 h       3.0 m 
INFO  21:14:57,936 ProgressMeter - GL000225.1:37891      8.5235545E7     4.7 h            3.3 m       99.0%     4.8 h       3.0 m 
INFO  21:15:27,937 ProgressMeter - GL000225.1:44272      8.5235545E7     4.7 h            3.3 m       99.0%     4.8 h       3.0 m 
INFO  21:15:57,938 ProgressMeter - GL000225.1:46188      8.5235545E7     4.8 h            3.3 m       99.0%     4.8 h       3.0 m 
INFO  21:16:27,939 ProgressMeter - GL000225.1:48704      8.5235545E7     4.8 h            3.4 m       99.0%     4.8 h       3.0 m 
INFO  21:16:57,940 ProgressMeter - GL000225.1:52216      8.5235545E7     4.8 h            3.4 m       99.0%     4.8 h       2.9 m 
INFO  21:17:27,942 ProgressMeter - GL000225.1:54649      8.5235545E7     4.8 h            3.4 m       99.0%     4.8 h       2.9 m 
INFO  21:17:57,943 ProgressMeter - GL000225.1:56627      8.5235545E7     4.8 h            3.4 m       99.0%     4.8 h       2.9 m 
INFO  21:18:27,944 ProgressMeter - GL000225.1:58399      8.5235545E7     4.8 h            3.4 m       99.0%     4.8 h       2.9 m 
INFO  21:18:57,945 ProgressMeter - GL000225.1:60551      8.5235545E7     4.8 h            3.4 m       99.0%     4.9 h       2.9 m 
INFO  21:19:27,946 ProgressMeter - GL000225.1:63184      8.5235545E7     4.8 h            3.4 m       99.0%     4.9 h       2.9 m 
INFO  21:19:57,947 ProgressMeter - GL000225.1:66377      8.5235545E7     4.8 h            3.4 m       99.0%     4.9 h       2.9 m 
INFO  21:20:27,949 ProgressMeter - GL000225.1:68882      8.5235545E7     4.8 h            3.4 m       99.0%     4.9 h       2.9 m 
INFO  21:20:57,950 ProgressMeter - GL000225.1:71032      8.5235545E7     4.8 h            3.4 m       99.0%     4.9 h       2.9 m 
INFO  21:21:27,951 ProgressMeter - GL000225.1:71032      8.5235545E7     4.8 h            3.4 m       99.0%     4.9 h       2.9 m 
INFO  21:21:57,952 ProgressMeter - GL000225.1:71263      8.5235545E7     4.9 h            3.4 m       99.0%     4.9 h       2.9 m 
INFO  21:22:27,954 ProgressMeter - GL000225.1:71708      8.5235545E7     4.9 h            3.4 m       99.0%     4.9 h       2.9 m 
INFO  21:22:57,955 ProgressMeter - GL000225.1:74850      8.5235545E7     4.9 h            3.4 m       99.0%     4.9 h       2.9 m 
INFO  21:23:27,956 ProgressMeter - GL000225.1:81090      8.5235545E7     4.9 h            3.4 m       99.0%     4.9 h       2.9 m 
INFO  21:23:57,957 ProgressMeter - GL000225.1:86827      8.5235545E7     4.9 h            3.4 m       99.0%     4.9 h       2.9 m 
INFO  21:24:27,959 ProgressMeter - GL000225.1:91594      8.5235545E7     4.9 h            3.4 m       99.0%     4.9 h       2.9 m 
INFO  21:24:57,960 ProgressMeter - GL000225.1:95775      8.5235545E7     4.9 h            3.5 m       99.0%     5.0 h       2.9 m 
INFO  21:25:27,961 ProgressMeter - GL000225.1:99612      8.5235545E7     4.9 h            3.5 m       99.0%     5.0 h       2.9 m 
INFO  21:25:57,962 ProgressMeter - GL000225.1:105306      8.5235545E7     4.9 h            3.5 m       99.0%     5.0 h       2.9 m 
INFO  21:26:27,963 ProgressMeter - GL000225.1:111744      8.5235545E7     4.9 h            3.5 m       99.0%     5.0 h       2.8 m 
INFO  21:26:57,965 ProgressMeter - GL000225.1:112980      8.5235545E7     4.9 h            3.5 m       99.1%     5.0 h       2.8 m 
INFO  21:27:27,966 ProgressMeter - GL000225.1:117763      8.5235545E7     4.9 h            3.5 m       99.1%     5.0 h       2.8 m 
INFO  21:27:57,967 ProgressMeter - GL000225.1:123175      8.5235545E7     5.0 h            3.5 m       99.1%     5.0 h       2.8 m 
INFO  21:28:27,968 ProgressMeter - GL000225.1:127146      8.5235545E7     5.0 h            3.5 m       99.1%     5.0 h       2.8 m 
INFO  21:28:57,969 ProgressMeter - GL000225.1:129732      8.5235545E7     5.0 h            3.5 m       99.1%     5.0 h       2.8 m 
INFO  21:29:27,971 ProgressMeter - GL000225.1:131972      8.5235545E7     5.0 h            3.5 m       99.1%     5.0 h       2.8 m 
INFO  21:29:57,972 ProgressMeter - GL000225.1:133858      8.5235545E7     5.0 h            3.5 m       99.1%     5.0 h       2.8 m 
INFO  21:30:27,973 ProgressMeter - GL000225.1:134015      8.5235545E7     5.0 h            3.5 m       99.1%     5.0 h       2.8 m 
INFO  21:30:57,982 ProgressMeter - GL000225.1:134316      8.5235545E7     5.0 h            3.5 m       99.1%     5.0 h       2.8 m 
INFO  21:31:27,983 ProgressMeter - GL000225.1:137863      8.5235545E7     5.0 h            3.5 m       99.1%     5.1 h       2.8 m 
INFO  21:31:57,984 ProgressMeter - GL000225.1:155404      8.5235545E7     5.0 h            3.5 m       99.1%     5.1 h       2.7 m 
INFO  21:32:27,986 ProgressMeter - GL000225.1:169856      8.5235545E7     5.0 h            3.5 m       99.1%     5.1 h       2.7 m 
INFO  21:32:57,987 ProgressMeter - GL000225.1:182107      8.5235545E7     5.0 h            3.5 m       99.1%     5.1 h       2.6 m 
INFO  21:33:27,988 ProgressMeter - GL000225.1:189235      8.5235545E7     5.0 h            3.6 m       99.1%     5.1 h       2.6 m 
WARN  21:33:54,698 ExactAFCalculator - this tool is currently set to genotype at most 6 alternate alleles in a given context, but the context at GL000225.1:202699 has 8 alternate alleles so only the top alleles will be used; see the --max_alternate_alleles argument 
INFO  21:33:57,989 ProgressMeter - GL000225.1:204610      8.5235545E7     5.1 h            3.6 m       99.2%     5.1 h       2.6 m 
INFO  21:34:27,990 ProgressMeter - GL000192.1:287465      8.5446718E7     5.1 h            3.6 m       99.5%     5.1 h      91.0 s 
INFO  21:34:57,991 ProgressMeter -  NC_007605:2552      8.5994214E7     5.1 h            3.5 m       99.8%     5.1 h      35.0 s 
INFO  21:35:27,992 ProgressMeter - NC_007605:111313      8.5994214E7     5.1 h            3.5 m       99.9%     5.1 h      12.0 s 
INFO  21:35:43,145 VectorLoglessPairHMM - Time spent in setup for JNI call : 4.7296840620000005 
INFO  21:35:43,145 PairHMM - Total compute time in PairHMM computeLikelihoods() : 11891.873761024 
INFO  21:35:43,146 HaplotypeCaller - Ran local assembly on 329811 active regions 
INFO  21:35:43,153 ProgressMeter -            done      8.6166037E7     5.1 h            3.5 m      100.0%     5.1 h       0.0 s 
INFO  21:35:43,153 ProgressMeter - Total runtime 18297.19 secs, 304.95 min, 5.08 hours 
INFO  21:35:43,154 MicroScheduler - 13659973 reads were filtered out during the traversal out of approximately 25788668 total reads (52.97%) 
INFO  21:35:43,154 MicroScheduler -   -> 0 reads (0.00% of total) failing BadCigarFilter 
INFO  21:35:43,154 MicroScheduler -   -> 2393710 reads (9.28% of total) failing DuplicateReadFilter 
INFO  21:35:43,155 MicroScheduler -   -> 0 reads (0.00% of total) failing FailsVendorQualityCheckFilter 
INFO  21:35:43,155 MicroScheduler -   -> 11224031 reads (43.52% of total) failing HCMappingQualityFilter 
INFO  21:35:43,156 MicroScheduler -   -> 0 reads (0.00% of total) failing MalformedReadFilter 
INFO  21:35:43,156 MicroScheduler -   -> 0 reads (0.00% of total) failing MappingQualityUnavailableFilter 
INFO  21:35:43,156 MicroScheduler -   -> 42232 reads (0.16% of total) failing NotPrimaryAlignmentFilter 
INFO  21:35:43,157 MicroScheduler -   -> 0 reads (0.00% of total) failing UnmappedReadFilter 
