INFO  20:06:27,935 HelpFormatter - --------------------------------------------------------------------------------- 
INFO  20:06:27,958 HelpFormatter - The Genome Analysis Toolkit (GATK) v3.4-46-g8ea4dca, Compiled 2015/08/13 20:41:56 
INFO  20:06:27,959 HelpFormatter - Copyright (c) 2010 The Broad Institute 
INFO  20:06:27,963 HelpFormatter - For support and documentation go to http://www.broadinstitute.org/gatk 
INFO  20:06:27,966 HelpFormatter - Program Args: -T PrintReads -I /mnt/nvme0n1/data/broadout/HG02561_gatk_best_practices_8t_30s_2016-07-06_18-21-00/HG02561_realign.bam -L /mnt/nvme0n1/Broad_Ref_Pipeline_approved_package/workflow_profiler/.queue/scatterGather/ExamplePrintReads-1-sg/temp_08_of_36/scatter.intervals -R /mnt/nvme0n1/Broad_Ref_Pipeline_approved_package/b37bundle/human_g1k_v37.fasta -BQSR /mnt/nvme0n1/data/broadout/HG02561_gatk_best_practices_8t_30s_2016-07-06_18-21-00/HG02561_recal.grp -o /mnt/nvme0n1/Broad_Ref_Pipeline_approved_package/workflow_profiler/.queue/scatterGather/ExamplePrintReads-1-sg/temp_08_of_36/HG02561_final.bam 
INFO  20:06:28,008 HelpFormatter - Executing as bshifaw@application-1-1.hudson.intel.com on Linux 3.10.0-327.el7.x86_64 amd64; OpenJDK 64-Bit Server VM 1.8.0_91-b14. 
INFO  20:06:28,021 HelpFormatter - Date/Time: 2016/07/06 20:06:27 
INFO  20:06:28,022 HelpFormatter - --------------------------------------------------------------------------------- 
INFO  20:06:28,025 HelpFormatter - --------------------------------------------------------------------------------- 
INFO  20:06:28,378 GenomeAnalysisEngine - Strictness is SILENT 
INFO  20:06:30,167 ContextCovariate - 		Context sizes: base substitution model 2, indel substitution model 3 
INFO  20:06:30,378 GenomeAnalysisEngine - Downsampling Settings: No downsampling 
INFO  20:06:30,473 SAMDataSource$SAMReaders - Initializing SAMRecords in serial 
INFO  20:06:30,667 SAMDataSource$SAMReaders - Done initializing BAM readers: total time 0.19 
INFO  20:06:30,816 IntervalUtils - Processing 146364022 bp from intervals 
INFO  20:06:31,415 GenomeAnalysisEngine - Preparing for traversal over 1 BAM files 
INFO  20:06:32,558 GenomeAnalysisEngine - Done preparing for traversal 
INFO  20:06:32,558 ProgressMeter - [INITIALIZATION COMPLETE; STARTING PROCESSING] 
INFO  20:06:32,561 ProgressMeter -                 | processed |    time |    per 1M |           |   total | remaining 
INFO  20:06:32,561 ProgressMeter -        Location |     reads | elapsed |     reads | completed | runtime |   runtime 
INFO  20:06:32,619 ReadShardBalancer$1 - Loading BAM index data 
INFO  20:06:33,478 ReadShardBalancer$1 - Done loading BAM index data 
INFO  20:07:02,630 ProgressMeter -       8:1905166         0.0    30.0 s      49.7 w        1.3%    38.4 m      37.9 m 
INFO  20:07:32,636 ProgressMeter -       8:7679689    100001.0    60.0 s      10.0 m        5.2%    19.1 m      18.1 m 
INFO  20:08:02,737 ProgressMeter -      8:11301578    200002.0    90.0 s       7.5 m        7.7%    19.4 m      17.9 m 
INFO  20:08:32,738 ProgressMeter -      8:15508259    300003.0   120.0 s       6.7 m       10.6%    18.9 m      16.9 m 
INFO  20:09:02,739 ProgressMeter -      8:18413714    400005.0     2.5 m       6.3 m       12.6%    19.9 m      17.4 m 
INFO  20:09:32,740 ProgressMeter -      8:22262397    600012.0     3.0 m       5.0 m       15.2%    19.7 m      16.7 m 
INFO  20:10:03,114 ProgressMeter -      8:25899554    700013.0     3.5 m       5.0 m       17.7%    19.8 m      16.3 m 
INFO  20:10:33,387 ProgressMeter -      8:30778713    900015.0     4.0 m       4.5 m       21.0%    19.0 m      15.0 m 
INFO  20:11:03,388 ProgressMeter -      8:39486963   1100017.0     4.5 m       4.1 m       27.0%    16.7 m      12.2 m 
INFO  20:11:33,391 ProgressMeter -      8:48613008   1200022.0     5.0 m       4.2 m       33.2%    15.1 m      10.1 m 
INFO  20:12:03,393 ProgressMeter -      8:59547763   1400032.0     5.5 m       3.9 m       40.7%    13.5 m       8.0 m 
INFO  20:12:33,394 ProgressMeter -      8:69621314   1600034.0     6.0 m       3.8 m       47.6%    12.6 m       6.6 m 
INFO  20:13:03,395 ProgressMeter -      8:81733812   1800038.0     6.5 m       3.6 m       55.8%    11.6 m       5.1 m 
INFO  20:13:35,241 ProgressMeter -      8:86828953   2000040.0     7.0 m       3.5 m       59.3%    11.9 m       4.8 m 
INFO  20:14:05,242 ProgressMeter -      8:96166661   2200049.0     7.5 m       3.4 m       65.7%    11.5 m       3.9 m 
INFO  20:14:35,349 ProgressMeter -     8:103841676   2400055.0     8.0 m       3.4 m       70.9%    11.3 m       3.3 m 
INFO  20:15:05,350 ProgressMeter -     8:116426886   2600058.0     8.5 m       3.3 m       79.5%    10.7 m       2.2 m 
INFO  20:15:35,351 ProgressMeter -     8:125834317   2800060.0     9.0 m       3.2 m       86.0%    10.5 m      88.0 s 
INFO  20:16:05,352 ProgressMeter -     8:142151397   3000065.0     9.5 m       3.2 m       97.1%     9.8 m      16.0 s 
INFO  20:16:35,353 ProgressMeter -     8:145584195   3300071.0    10.0 m       3.0 m       99.5%    10.1 m       3.0 s 
INFO  20:16:43,020 Walker - [REDUCE RESULT] Traversal result is: org.broadinstitute.gatk.engine.io.stubs.SAMFileWriterStub@5b58129f 
INFO  20:16:43,263 ProgressMeter -            done   3386571.0    10.2 m       3.0 m       99.9%    10.2 m       0.0 s 
INFO  20:16:43,264 ProgressMeter - Total runtime 610.71 secs, 10.18 min, 0.17 hours 
INFO  20:16:43,264 MicroScheduler - 0 reads were filtered out during the traversal out of approximately 3386571 total reads (0.00%) 
INFO  20:16:43,264 MicroScheduler -   -> 0 reads (0.00% of total) failing BadCigarFilter 
INFO  20:16:43,265 MicroScheduler -   -> 0 reads (0.00% of total) failing MalformedReadFilter 
