INFO  14:26:24,440 HelpFormatter - --------------------------------------------------------------------------------- 
INFO  14:26:24,442 HelpFormatter - The Genome Analysis Toolkit (GATK) v3.4-46-g8ea4dca, Compiled 2015/08/13 20:41:56 
INFO  14:26:24,442 HelpFormatter - Copyright (c) 2010 The Broad Institute 
INFO  14:26:24,442 HelpFormatter - For support and documentation go to http://www.broadinstitute.org/gatk 
INFO  14:26:24,455 HelpFormatter - Program Args: -T PrintReads -I /mnt/sdb/data/broadout/sim1M_pairs_gatk_best_practices_12t_30s_2016-07-25_14-09-52/sim1M_pairs_realign.bam -L /mnt/sdb/Broad_Ref_Pipeline_approved_package/workflow_profiler/.queue/scatterGather/ExamplePrintReads-1-sg/temp_08_of_36/scatter.intervals -R /mnt/sdb/Broad_Ref_Pipeline_approved_package/b37bundle/human_g1k_v37.fasta -BQSR /mnt/sdb/data/broadout/sim1M_pairs_gatk_best_practices_12t_30s_2016-07-25_14-09-52/sim1M_pairs_recal.grp -o /mnt/sdb/Broad_Ref_Pipeline_approved_package/workflow_profiler/.queue/scatterGather/ExamplePrintReads-1-sg/temp_08_of_36/sim1M_pairs_final.bam 
INFO  14:26:24,463 HelpFormatter - Executing as bshifaw@application-0-1.hudson.intel.com on Linux 3.10.0-327.el7.x86_64 amd64; OpenJDK 64-Bit Server VM 1.8.0_101-b13. 
INFO  14:26:24,463 HelpFormatter - Date/Time: 2016/07/25 14:26:24 
INFO  14:26:24,463 HelpFormatter - --------------------------------------------------------------------------------- 
INFO  14:26:24,463 HelpFormatter - --------------------------------------------------------------------------------- 
INFO  14:26:24,654 GenomeAnalysisEngine - Strictness is SILENT 
INFO  14:26:26,255 ContextCovariate - 		Context sizes: base substitution model 2, indel substitution model 3 
INFO  14:26:26,538 GenomeAnalysisEngine - Downsampling Settings: No downsampling 
INFO  14:26:26,592 SAMDataSource$SAMReaders - Initializing SAMRecords in serial 
INFO  14:26:26,724 SAMDataSource$SAMReaders - Done initializing BAM readers: total time 0.13 
INFO  14:26:26,786 IntervalUtils - Processing 146364022 bp from intervals 
INFO  14:26:27,168 GenomeAnalysisEngine - Preparing for traversal over 1 BAM files 
INFO  14:26:27,927 GenomeAnalysisEngine - Done preparing for traversal 
INFO  14:26:27,942 ProgressMeter - [INITIALIZATION COMPLETE; STARTING PROCESSING] 
INFO  14:26:27,946 ProgressMeter -                 | processed |    time |    per 1M |           |   total | remaining 
INFO  14:26:27,946 ProgressMeter -        Location |     reads | elapsed |     reads | completed | runtime |   runtime 
INFO  14:26:27,966 ReadShardBalancer$1 - Loading BAM index data 
INFO  14:26:28,725 ReadShardBalancer$1 - Done loading BAM index data 
INFO  14:26:40,916 Walker - [REDUCE RESULT] Traversal result is: org.broadinstitute.gatk.engine.io.stubs.SAMFileWriterStub@2a6e54c2 
INFO  14:26:41,035 ProgressMeter -            done     92227.0    13.0 s       2.4 m       99.9%    13.0 s       0.0 s 
INFO  14:26:41,036 ProgressMeter - Total runtime 13.10 secs, 0.22 min, 0.00 hours 
INFO  14:26:41,037 MicroScheduler - 0 reads were filtered out during the traversal out of approximately 92227 total reads (0.00%) 
INFO  14:26:41,037 MicroScheduler -   -> 0 reads (0.00% of total) failing BadCigarFilter 
INFO  14:26:41,037 MicroScheduler -   -> 0 reads (0.00% of total) failing MalformedReadFilter 
