INFO  17:41:17,954 HelpFormatter - --------------------------------------------------------------------------------- 
INFO  17:41:17,956 HelpFormatter - The Genome Analysis Toolkit (GATK) v3.4-46-g8ea4dca, Compiled 2015/08/13 20:41:56 
INFO  17:41:17,957 HelpFormatter - Copyright (c) 2010 The Broad Institute 
INFO  17:41:17,957 HelpFormatter - For support and documentation go to http://www.broadinstitute.org/gatk 
INFO  17:41:17,960 HelpFormatter - Program Args: -T PrintReads -I /home/opt/data/broadout/FC1-NA12878-01_S1_L001_gatk_best_practices_36t_30s_2015-11-10_16-39-49/FC1-NA12878-01_S1_L001_realign.bam -L /home/beris/Broad_Ref_Pipeline_approved_package/workflow_profiler/.queue/scatterGather/ExamplePrintReads-1-sg/temp_20_of_36/scatter.intervals -R /home/beris/Broad_Ref_Pipeline_approved_package/homosapiensrefgenome/Homo_sapiens_assembly19.fasta -BQSR /home/opt/data/broadout/FC1-NA12878-01_S1_L001_gatk_best_practices_36t_30s_2015-11-10_16-39-49/FC1-NA12878-01_S1_L001_recal.grp -o /home/beris/Broad_Ref_Pipeline_approved_package/workflow_profiler/.queue/scatterGather/ExamplePrintReads-1-sg/temp_20_of_36/FC1-NA12878-01_S1_L001_final.bam 
INFO  17:41:17,976 HelpFormatter - Executing as beris@dna on Linux 2.6.32-573.el6.x86_64 amd64; OpenJDK 64-Bit Server VM 1.7.0_79-mockbuild_2015_07_24_09_26-b00. 
INFO  17:41:17,976 HelpFormatter - Date/Time: 2015/11/10 17:41:17 
INFO  17:41:17,976 HelpFormatter - --------------------------------------------------------------------------------- 
INFO  17:41:17,976 HelpFormatter - --------------------------------------------------------------------------------- 
INFO  17:41:18,132 GenomeAnalysisEngine - Strictness is SILENT 
INFO  17:41:19,263 ContextCovariate - 		Context sizes: base substitution model 2, indel substitution model 3 
INFO  17:41:19,344 GenomeAnalysisEngine - Downsampling Settings: No downsampling 
INFO  17:41:19,366 SAMDataSource$SAMReaders - Initializing SAMRecords in serial 
INFO  17:41:19,402 SAMDataSource$SAMReaders - Done initializing BAM readers: total time 0.04 
INFO  17:41:19,419 IntervalUtils - Processing 63025520 bp from intervals 
INFO  17:41:19,646 GenomeAnalysisEngine - Preparing for traversal over 1 BAM files 
INFO  17:41:20,182 GenomeAnalysisEngine - Done preparing for traversal 
INFO  17:41:20,182 ProgressMeter - [INITIALIZATION COMPLETE; STARTING PROCESSING] 
INFO  17:41:20,183 ProgressMeter -                 | processed |    time |    per 1M |           |   total | remaining 
INFO  17:41:20,183 ProgressMeter -        Location |     reads | elapsed |     reads | completed | runtime |   runtime 
INFO  17:41:20,207 ReadShardBalancer$1 - Loading BAM index data 
INFO  17:41:20,787 ReadShardBalancer$1 - Done loading BAM index data 
INFO  17:41:50,203 ProgressMeter -     20:32060104    200002.0    30.0 s       2.5 m       50.9%    58.0 s      28.0 s 
INFO  17:42:20,204 ProgressMeter -     20:58496542    500009.0    60.0 s     120.0 s       92.8%    64.0 s       4.0 s 
INFO  17:42:25,147 Walker - [REDUCE RESULT] Traversal result is: org.broadinstitute.gatk.engine.io.stubs.SAMFileWriterStub@224298f8 
INFO  17:42:26,040 ProgressMeter -            done    633246.0    65.0 s     103.0 s       99.9%    65.0 s       0.0 s 
INFO  17:42:26,040 ProgressMeter - Total runtime 65.86 secs, 1.10 min, 0.02 hours 
INFO  17:42:26,041 MicroScheduler - 0 reads were filtered out during the traversal out of approximately 633246 total reads (0.00%) 
INFO  17:42:26,041 MicroScheduler -   -> 0 reads (0.00% of total) failing BadCigarFilter 
INFO  17:42:26,041 MicroScheduler -   -> 0 reads (0.00% of total) failing MalformedReadFilter 
