INFO  19:29:59,604 HelpFormatter - --------------------------------------------------------------------------------- 
INFO  19:29:59,608 HelpFormatter - The Genome Analysis Toolkit (GATK) v3.4-46-g8ea4dca, Compiled 2015/08/13 20:41:56 
INFO  19:29:59,608 HelpFormatter - Copyright (c) 2010 The Broad Institute 
INFO  19:29:59,608 HelpFormatter - For support and documentation go to http://www.broadinstitute.org/gatk 
INFO  19:29:59,613 HelpFormatter - Program Args: -T IndelRealigner -I /mnt/nvme0n1/data/broadout/HG02561_gatk_best_practices_8t_30s_2016-07-06_18-21-00/HG02561_dupRem.bam -L /mnt/nvme0n1/Broad_Ref_Pipeline_approved_package/workflow_profiler/.queue/scatterGather/ExampleIndelRealigner-1-sg/temp_25_of_36/scatter.intervals -R /mnt/nvme0n1/Broad_Ref_Pipeline_approved_package/b37bundle/human_g1k_v37.fasta -known /mnt/nvme0n1/Broad_Ref_Pipeline_approved_package/b37bundle/1000G_phase1.indels.b37.vcf -targetIntervals /mnt/nvme0n1/data/broadout/HG02561_gatk_best_practices_8t_30s_2016-07-06_18-21-00/HG02561_realn.intervals -o /mnt/nvme0n1/Broad_Ref_Pipeline_approved_package/workflow_profiler/.queue/scatterGather/ExampleIndelRealigner-1-sg/temp_25_of_36/HG02561_realign.bam -filterNoBases 
INFO  19:29:59,633 HelpFormatter - Executing as bshifaw@application-1-1.hudson.intel.com on Linux 3.10.0-327.el7.x86_64 amd64; OpenJDK 64-Bit Server VM 1.8.0_91-b14. 
INFO  19:29:59,636 HelpFormatter - Date/Time: 2016/07/06 19:29:59 
INFO  19:29:59,637 HelpFormatter - --------------------------------------------------------------------------------- 
INFO  19:29:59,637 HelpFormatter - --------------------------------------------------------------------------------- 
INFO  19:30:00,111 GenomeAnalysisEngine - Strictness is SILENT 
INFO  19:30:00,277 GenomeAnalysisEngine - Downsampling Settings: No downsampling 
INFO  19:30:00,289 SAMDataSource$SAMReaders - Initializing SAMRecords in serial 
INFO  19:30:00,443 SAMDataSource$SAMReaders - Done initializing BAM readers: total time 0.15 
INFO  19:30:00,701 IntervalUtils - Processing 16569 bp from intervals 
INFO  19:30:00,933 GenomeAnalysisEngine - Preparing for traversal over 1 BAM files 
INFO  19:30:01,229 GenomeAnalysisEngine - Done preparing for traversal 
INFO  19:30:01,233 ProgressMeter - [INITIALIZATION COMPLETE; STARTING PROCESSING] 
INFO  19:30:01,238 ProgressMeter -                 | processed |    time |    per 1M |           |   total | remaining 
INFO  19:30:01,238 ProgressMeter -        Location |     reads | elapsed |     reads | completed | runtime |   runtime 
INFO  19:30:01,678 ReadShardBalancer$1 - Loading BAM index data 
INFO  19:30:01,679 ReadShardBalancer$1 - Done loading BAM index data 
INFO  19:30:02,201 ProgressMeter -            done       307.0     0.0 s      52.0 m       94.0%     0.0 s       0.0 s 
INFO  19:30:02,202 ProgressMeter - Total runtime 0.97 secs, 0.02 min, 0.00 hours 
INFO  19:30:02,205 MicroScheduler - 41 reads were filtered out during the traversal out of approximately 348 total reads (11.78%) 
INFO  19:30:02,223 MicroScheduler -   -> 0 reads (0.00% of total) failing BadCigarFilter 
INFO  19:30:02,228 MicroScheduler -   -> 41 reads (11.78% of total) failing MalformedReadFilter 
