INFO  16:35:33,663 HelpFormatter - --------------------------------------------------------------------------------- 
INFO  16:35:33,808 HelpFormatter - The Genome Analysis Toolkit (GATK) v3.4-46-g8ea4dca, Compiled 2015/08/13 20:41:56 
INFO  16:35:33,808 HelpFormatter - Copyright (c) 2010 The Broad Institute 
INFO  16:35:33,808 HelpFormatter - For support and documentation go to http://www.broadinstitute.org/gatk 
INFO  16:35:33,811 HelpFormatter - Program Args: -T IndelRealigner -I /cluster_share/data/out/HG02769_gatk_best_practices_36t_30s_2016-11-28_15-18-37/HG02769_dupRem.bam -L /cluster_share/data/Broad_Ref_Pipeline_approved_package/workflow_profiler/.queue/scatterGather/ExampleIndelRealigner-1-sg/temp_25_of_36/scatter.intervals -R /cluster_share/data/reference/b37bundle/human_g1k_v37.fasta -known /cluster_share/data/reference/b37bundle/1000G_phase1.indels.b37.vcf -targetIntervals /cluster_share/data/out/HG02769_gatk_best_practices_36t_30s_2016-11-28_15-18-37/HG02769_realn.intervals -o /cluster_share/data/Broad_Ref_Pipeline_approved_package/workflow_profiler/.queue/scatterGather/ExampleIndelRealigner-1-sg/temp_25_of_36/HG02769_realign.bam -filterNoBases 
INFO  16:35:33,828 HelpFormatter - Executing as bshifaw@compute-1-1.hudson.intel.com on Linux 3.10.0-327.13.1.el7.x86_64 amd64; OpenJDK 64-Bit Server VM 1.8.0_111-b15. 
INFO  16:35:33,830 HelpFormatter - Date/Time: 2016/11/28 16:35:33 
INFO  16:35:33,830 HelpFormatter - --------------------------------------------------------------------------------- 
INFO  16:35:33,831 HelpFormatter - --------------------------------------------------------------------------------- 
INFO  16:35:34,054 GenomeAnalysisEngine - Strictness is SILENT 
INFO  16:35:34,244 GenomeAnalysisEngine - Downsampling Settings: No downsampling 
INFO  16:35:34,263 SAMDataSource$SAMReaders - Initializing SAMRecords in serial 
INFO  16:35:34,370 SAMDataSource$SAMReaders - Done initializing BAM readers: total time 0.11 
WARN  16:35:34,485 FSLockWithShared$LockAcquisitionTask - WARNING: Unable to lock file /cluster_share/data/reference/b37bundle/1000G_phase1.indels.b37.vcf.idx because an IOException occurred with message: Function not implemented. 
INFO  16:35:34,487 RMDTrackBuilder - Could not acquire a shared lock on index file /cluster_share/data/reference/b37bundle/1000G_phase1.indels.b37.vcf.idx, falling back to using an in-memory index for this GATK run. 
INFO  16:35:43,961 IntervalUtils - Processing 16569 bp from intervals 
INFO  16:35:44,125 GenomeAnalysisEngine - Preparing for traversal over 1 BAM files 
INFO  16:35:44,272 GenomeAnalysisEngine - Done preparing for traversal 
INFO  16:35:44,272 ProgressMeter - [INITIALIZATION COMPLETE; STARTING PROCESSING] 
INFO  16:35:44,272 ProgressMeter -                 | processed |    time |    per 1M |           |   total | remaining 
INFO  16:35:44,280 ProgressMeter -        Location |     reads | elapsed |     reads | completed | runtime |   runtime 
INFO  16:35:44,538 ReadShardBalancer$1 - Loading BAM index data 
INFO  16:35:44,540 ReadShardBalancer$1 - Done loading BAM index data 
INFO  16:35:45,082 ProgressMeter -            done       205.0     0.0 s      65.8 m       98.2%     0.0 s       0.0 s 
INFO  16:35:45,083 ProgressMeter - Total runtime 0.81 secs, 0.01 min, 0.00 hours 
INFO  16:35:45,085 MicroScheduler - 27 reads were filtered out during the traversal out of approximately 232 total reads (11.64%) 
INFO  16:35:45,085 MicroScheduler -   -> 0 reads (0.00% of total) failing BadCigarFilter 
INFO  16:35:45,086 MicroScheduler -   -> 27 reads (11.64% of total) failing MalformedReadFilter 
