INFO  17:36:56,103 HelpFormatter - --------------------------------------------------------------------------------- 
INFO  17:36:56,105 HelpFormatter - The Genome Analysis Toolkit (GATK) v3.4-46-g8ea4dca, Compiled 2015/08/13 20:41:56 
INFO  17:36:56,105 HelpFormatter - Copyright (c) 2010 The Broad Institute 
INFO  17:36:56,105 HelpFormatter - For support and documentation go to http://www.broadinstitute.org/gatk 
INFO  17:36:56,108 HelpFormatter - Program Args: -T HaplotypeCaller -I /cluster_share/data/out/HG02769_gatk_best_practices_36t_30s_2016-11-28_15-18-37/HG02769_final.bam -L /cluster_share/data/Broad_Ref_Pipeline_approved_package/workflow_profiler/.queue/scatterGather/ExampleHaplotypeCaller-1-sg/temp_12_of_36/scatter.intervals -R /cluster_share/data/reference/b37bundle/human_g1k_v37.fasta -variant_index_type LINEAR -variant_index_parameter 128000 -o /cluster_share/data/Broad_Ref_Pipeline_approved_package/workflow_profiler/.queue/scatterGather/ExampleHaplotypeCaller-1-sg/temp_12_of_36/HG02769_HaplotypeCaller.g.vcf -ERC GVCF 
INFO  17:36:56,113 HelpFormatter - Executing as bshifaw@compute-1-1.hudson.intel.com on Linux 3.10.0-327.13.1.el7.x86_64 amd64; OpenJDK 64-Bit Server VM 1.8.0_111-b15. 
INFO  17:36:56,114 HelpFormatter - Date/Time: 2016/11/28 17:36:56 
INFO  17:36:56,114 HelpFormatter - --------------------------------------------------------------------------------- 
INFO  17:36:56,114 HelpFormatter - --------------------------------------------------------------------------------- 
WARN  17:36:56,117 GATKVCFUtils - Naming your output file using the .g.vcf extension will automatically set the appropriate values  for --variant_index_type and --variant_index_parameter 
INFO  17:36:56,199 GenomeAnalysisEngine - Strictness is SILENT 
INFO  17:36:56,384 GenomeAnalysisEngine - Downsampling Settings: Method: BY_SAMPLE, Target Coverage: 500 
INFO  17:36:56,389 SAMDataSource$SAMReaders - Initializing SAMRecords in serial 
INFO  17:36:56,464 SAMDataSource$SAMReaders - Done initializing BAM readers: total time 0.07 
INFO  17:36:56,498 HCMappingQualityFilter - Filtering out reads with MAPQ < 20 
INFO  17:36:56,618 IntervalUtils - Processing 1437965 bp from intervals 
INFO  17:36:56,833 GenomeAnalysisEngine - Preparing for traversal over 1 BAM files 
INFO  17:36:57,119 GenomeAnalysisEngine - Done preparing for traversal 
INFO  17:36:57,131 ProgressMeter - [INITIALIZATION COMPLETE; STARTING PROCESSING] 
INFO  17:36:57,131 ProgressMeter -                 |      processed |    time |         per 1M |           |   total | remaining 
INFO  17:36:57,131 ProgressMeter -        Location | active regions | elapsed | active regions | completed | runtime |   runtime 
INFO  17:36:57,132 HaplotypeCaller - Standard Emitting and Calling confidence set to 0.0 for reference-model confidence output 
INFO  17:36:57,158 HaplotypeCaller - All sites annotated with PLs forced to true for reference-model confidence output 
INFO  17:36:57,340 HaplotypeCaller - Using global mismapping rate of 45 => -4.5 in log10 likelihood units 
Using AVX accelerated implementation of PairHMM
INFO  17:36:58,773 VectorLoglessPairHMM - libVectorLoglessPairHMM unpacked successfully from GATK jar file 
INFO  17:36:58,774 VectorLoglessPairHMM - Using vectorized implementation of PairHMM 
WARN  17:36:59,133 HaplotypeScore - Annotation will not be calculated, must be called from UnifiedGenotyper 
WARN  17:36:59,134 InbreedingCoeff - Annotation will not be calculated, must provide a valid PED file (-ped) from the command line. 
INFO  17:37:27,165 ProgressMeter -     5:147499520        1116290.0    30.0 s           26.0 s        1.5%    33.3 m      32.8 m 
INFO  17:37:57,176 ProgressMeter -     5:150276570      2.3371885E7    60.0 s            2.0 s        8.4%    11.9 m      10.9 m 
INFO  17:38:27,178 ProgressMeter -     5:156770391      8.0434215E7    90.0 s            1.0 s       15.3%     9.8 m       8.3 m 
INFO  17:38:57,179 ProgressMeter -     5:176304843     3.12231762E8   120.0 s            0.0 s       29.8%     6.7 m       4.7 m 
INFO  17:39:27,180 ProgressMeter -       6:3015712     5.69210084E8     2.5 m            0.0 s       44.1%     5.7 m       3.2 m 
INFO  17:39:57,181 ProgressMeter -      6:24358174     6.50452035E8     3.0 m            0.0 s       57.7%     5.2 m       2.2 m 
INFO  17:40:27,183 ProgressMeter -      6:29589829     7.59404831E8     3.5 m            0.0 s       68.4%     5.1 m      96.0 s 
INFO  17:40:57,185 ProgressMeter -      6:31685306     8.91664663E8     4.0 m            0.0 s       78.7%     5.1 m      65.0 s 
INFO  17:41:27,187 ProgressMeter -      6:32551830    1.027121911E9     4.5 m            0.0 s       88.4%     5.1 m      35.0 s 
INFO  17:41:57,190 ProgressMeter -      6:34008273    1.188844585E9     5.0 m            0.0 s       95.9%     5.2 m      12.0 s 
INFO  17:42:02,665 VectorLoglessPairHMM - Time spent in setup for JNI call : 0.24875944100000003 
INFO  17:42:02,666 PairHMM - Total compute time in PairHMM computeLikelihoods() : 68.089980933 
INFO  17:42:02,666 HaplotypeCaller - Ran local assembly on 8747 active regions 
INFO  17:42:02,677 ProgressMeter -            done    1.340447072E9     5.1 m            0.0 s      100.0%     5.1 m       0.0 s 
INFO  17:42:02,678 ProgressMeter - Total runtime 305.55 secs, 5.09 min, 0.08 hours 
INFO  17:42:02,678 MicroScheduler - 522817 reads were filtered out during the traversal out of approximately 2752094 total reads (19.00%) 
INFO  17:42:02,679 MicroScheduler -   -> 0 reads (0.00% of total) failing BadCigarFilter 
INFO  17:42:02,679 MicroScheduler -   -> 367043 reads (13.34% of total) failing DuplicateReadFilter 
INFO  17:42:02,679 MicroScheduler -   -> 0 reads (0.00% of total) failing FailsVendorQualityCheckFilter 
INFO  17:42:02,679 MicroScheduler -   -> 155451 reads (5.65% of total) failing HCMappingQualityFilter 
INFO  17:42:02,680 MicroScheduler -   -> 0 reads (0.00% of total) failing MalformedReadFilter 
INFO  17:42:02,680 MicroScheduler -   -> 0 reads (0.00% of total) failing MappingQualityUnavailableFilter 
INFO  17:42:02,680 MicroScheduler -   -> 323 reads (0.01% of total) failing NotPrimaryAlignmentFilter 
INFO  17:42:02,680 MicroScheduler -   -> 0 reads (0.00% of total) failing UnmappedReadFilter 
