INFO  19:35:11,042 HelpFormatter - --------------------------------------------------------------------------------- 
INFO  19:35:11,048 HelpFormatter - The Genome Analysis Toolkit (GATK) v3.4-46-g8ea4dca, Compiled 2015/08/13 20:41:56 
INFO  19:35:11,048 HelpFormatter - Copyright (c) 2010 The Broad Institute 
INFO  19:35:11,048 HelpFormatter - For support and documentation go to http://www.broadinstitute.org/gatk 
INFO  19:35:11,051 HelpFormatter - Program Args: -T IndelRealigner -I /mnt/nvme0n1/data/broadout/HG02771_gatk_best_practices_8t_30s_2016-07-06_18-21-02/HG02771_dupRem.bam -L /mnt/nvme0n1/Broad_Ref_Pipeline_approved_package/workflow_profiler/.queue/scatterGather/ExampleIndelRealigner-1-sg/temp_11_of_36/scatter.intervals -R /mnt/nvme0n1/Broad_Ref_Pipeline_approved_package/b37bundle/human_g1k_v37.fasta -known /mnt/nvme0n1/Broad_Ref_Pipeline_approved_package/b37bundle/1000G_phase1.indels.b37.vcf -targetIntervals /mnt/nvme0n1/data/broadout/HG02771_gatk_best_practices_8t_30s_2016-07-06_18-21-02/HG02771_realn.intervals -o /mnt/nvme0n1/Broad_Ref_Pipeline_approved_package/workflow_profiler/.queue/scatterGather/ExampleIndelRealigner-1-sg/temp_11_of_36/HG02771_realign.bam -filterNoBases 
INFO  19:35:11,156 HelpFormatter - Executing as bshifaw@application-1-1.hudson.intel.com on Linux 3.10.0-327.el7.x86_64 amd64; OpenJDK 64-Bit Server VM 1.8.0_91-b14. 
INFO  19:35:11,157 HelpFormatter - Date/Time: 2016/07/06 19:35:11 
INFO  19:35:11,157 HelpFormatter - --------------------------------------------------------------------------------- 
INFO  19:35:11,157 HelpFormatter - --------------------------------------------------------------------------------- 
INFO  19:35:11,342 GenomeAnalysisEngine - Strictness is SILENT 
INFO  19:35:11,442 GenomeAnalysisEngine - Downsampling Settings: No downsampling 
INFO  19:35:11,472 SAMDataSource$SAMReaders - Initializing SAMRecords in serial 
INFO  19:35:11,520 SAMDataSource$SAMReaders - Done initializing BAM readers: total time 0.04 
INFO  19:35:11,733 IntervalUtils - Processing 135006516 bp from intervals 
INFO  19:35:11,869 GenomeAnalysisEngine - Preparing for traversal over 1 BAM files 
INFO  19:35:12,255 GenomeAnalysisEngine - Done preparing for traversal 
INFO  19:35:12,276 ProgressMeter - [INITIALIZATION COMPLETE; STARTING PROCESSING] 
INFO  19:35:12,276 ProgressMeter -                 | processed |    time |    per 1M |           |   total | remaining 
INFO  19:35:12,285 ProgressMeter -        Location |     reads | elapsed |     reads | completed | runtime |   runtime 
INFO  19:35:12,482 ReadShardBalancer$1 - Loading BAM index data 
INFO  19:35:13,053 ReadShardBalancer$1 - Done loading BAM index data 
INFO  19:35:42,301 ProgressMeter -     11:10773016    800026.0    30.0 s      37.0 s        8.0%     6.3 m       5.8 m 
INFO  19:36:12,304 ProgressMeter -     11:62063863   2600078.0    60.0 s      23.0 s       46.0%     2.2 m      70.0 s 
INFO  19:36:42,305 ProgressMeter -    11:108121433   4600118.0    90.0 s      19.0 s       80.1%   112.0 s      22.0 s 
INFO  19:36:59,547 ProgressMeter -            done   5769635.0   107.0 s      18.0 s       99.9%   107.0 s       0.0 s 
INFO  19:36:59,547 ProgressMeter - Total runtime 107.27 secs, 1.79 min, 0.03 hours 
INFO  19:36:59,552 MicroScheduler - 114461 reads were filtered out during the traversal out of approximately 5884096 total reads (1.95%) 
INFO  19:36:59,553 MicroScheduler -   -> 0 reads (0.00% of total) failing BadCigarFilter 
INFO  19:36:59,553 MicroScheduler -   -> 114461 reads (1.95% of total) failing MalformedReadFilter 
