INFO  19:29:56,037 HelpFormatter - --------------------------------------------------------------------------------- 
INFO  19:29:56,049 HelpFormatter - The Genome Analysis Toolkit (GATK) v3.4-46-g8ea4dca, Compiled 2015/08/13 20:41:56 
INFO  19:29:56,063 HelpFormatter - Copyright (c) 2010 The Broad Institute 
INFO  19:29:56,063 HelpFormatter - For support and documentation go to http://www.broadinstitute.org/gatk 
INFO  19:29:56,067 HelpFormatter - Program Args: -T IndelRealigner -I /mnt/nvme0n1/data/broadout/HG02561_gatk_best_practices_8t_30s_2016-07-06_18-21-00/HG02561_dupRem.bam -L /mnt/nvme0n1/Broad_Ref_Pipeline_approved_package/workflow_profiler/.queue/scatterGather/ExampleIndelRealigner-1-sg/temp_01_of_36/scatter.intervals -R /mnt/nvme0n1/Broad_Ref_Pipeline_approved_package/b37bundle/human_g1k_v37.fasta -known /mnt/nvme0n1/Broad_Ref_Pipeline_approved_package/b37bundle/1000G_phase1.indels.b37.vcf -targetIntervals /mnt/nvme0n1/data/broadout/HG02561_gatk_best_practices_8t_30s_2016-07-06_18-21-00/HG02561_realn.intervals -o /mnt/nvme0n1/Broad_Ref_Pipeline_approved_package/workflow_profiler/.queue/scatterGather/ExampleIndelRealigner-1-sg/temp_01_of_36/HG02561_realign.bam -filterNoBases 
INFO  19:29:56,094 HelpFormatter - Executing as bshifaw@application-1-1.hudson.intel.com on Linux 3.10.0-327.el7.x86_64 amd64; OpenJDK 64-Bit Server VM 1.8.0_91-b14. 
INFO  19:29:56,099 HelpFormatter - Date/Time: 2016/07/06 19:29:56 
INFO  19:29:56,100 HelpFormatter - --------------------------------------------------------------------------------- 
INFO  19:29:56,100 HelpFormatter - --------------------------------------------------------------------------------- 
INFO  19:29:56,518 GenomeAnalysisEngine - Strictness is SILENT 
INFO  19:29:56,893 GenomeAnalysisEngine - Downsampling Settings: No downsampling 
INFO  19:29:56,932 SAMDataSource$SAMReaders - Initializing SAMRecords in serial 
INFO  19:29:57,254 SAMDataSource$SAMReaders - Done initializing BAM readers: total time 0.32 
INFO  19:29:57,777 IntervalUtils - Processing 249250621 bp from intervals 
INFO  19:29:57,890 GenomeAnalysisEngine - Preparing for traversal over 1 BAM files 
INFO  19:29:58,777 GenomeAnalysisEngine - Done preparing for traversal 
INFO  19:29:58,785 ProgressMeter - [INITIALIZATION COMPLETE; STARTING PROCESSING] 
INFO  19:29:58,786 ProgressMeter -                 | processed |    time |    per 1M |           |   total | remaining 
INFO  19:29:58,786 ProgressMeter -        Location |     reads | elapsed |     reads | completed | runtime |   runtime 
INFO  19:29:59,100 ReadShardBalancer$1 - Loading BAM index data 
INFO  19:29:59,967 ReadShardBalancer$1 - Done loading BAM index data 
INFO  19:30:30,918 ProgressMeter -       1:5993358    200006.0    32.0 s       2.7 m        2.4%    22.2 m      21.6 m 
INFO  19:31:00,922 ProgressMeter -      1:13197258    800036.0    62.0 s      77.0 s        5.3%    19.5 m      18.5 m 
INFO  19:31:30,943 ProgressMeter -      1:17349093   1300064.0    92.0 s      70.0 s        7.0%    22.0 m      20.5 m 
INFO  19:32:01,046 ProgressMeter -      1:27220851   2000079.0     2.0 m      61.0 s       10.9%    18.6 m      16.6 m 
INFO  19:32:31,047 ProgressMeter -      1:43830028   3000097.0     2.5 m      50.0 s       17.6%    14.4 m      11.9 m 
INFO  19:33:01,092 ProgressMeter -      1:87101477   4400132.0     3.0 m      41.0 s       34.9%     8.7 m       5.6 m 
INFO  19:33:31,093 ProgressMeter -     1:146451143   6400212.0     3.5 m      33.0 s       58.8%     6.0 m       2.5 m 
INFO  19:34:01,095 ProgressMeter -     1:156542313   8200282.0     4.0 m      29.0 s       62.8%     6.4 m       2.4 m 
INFO  19:34:31,156 ProgressMeter -     1:203830836   1.0200333E7     4.5 m      26.0 s       81.8%     5.5 m      60.0 s 
INFO  19:34:58,886 ProgressMeter -            done   1.2035197E7     5.0 m      24.0 s      100.0%     5.0 m       0.0 s 
INFO  19:34:58,887 ProgressMeter - Total runtime 300.10 secs, 5.00 min, 0.08 hours 
INFO  19:34:58,892 MicroScheduler - 480985 reads were filtered out during the traversal out of approximately 12516182 total reads (3.84%) 
INFO  19:34:58,893 MicroScheduler -   -> 0 reads (0.00% of total) failing BadCigarFilter 
INFO  19:34:58,893 MicroScheduler -   -> 480985 reads (3.84% of total) failing MalformedReadFilter 
