INFO  20:06:27,159 HelpFormatter - --------------------------------------------------------------------------------- 
INFO  20:06:27,168 HelpFormatter - The Genome Analysis Toolkit (GATK) v3.4-46-g8ea4dca, Compiled 2015/08/13 20:41:56 
INFO  20:06:27,168 HelpFormatter - Copyright (c) 2010 The Broad Institute 
INFO  20:06:27,172 HelpFormatter - For support and documentation go to http://www.broadinstitute.org/gatk 
INFO  20:06:27,176 HelpFormatter - Program Args: -T PrintReads -I /mnt/nvme0n1/data/broadout/HG02561_gatk_best_practices_8t_30s_2016-07-06_18-21-00/HG02561_realign.bam -L /mnt/nvme0n1/Broad_Ref_Pipeline_approved_package/workflow_profiler/.queue/scatterGather/ExamplePrintReads-1-sg/temp_11_of_36/scatter.intervals -R /mnt/nvme0n1/Broad_Ref_Pipeline_approved_package/b37bundle/human_g1k_v37.fasta -BQSR /mnt/nvme0n1/data/broadout/HG02561_gatk_best_practices_8t_30s_2016-07-06_18-21-00/HG02561_recal.grp -o /mnt/nvme0n1/Broad_Ref_Pipeline_approved_package/workflow_profiler/.queue/scatterGather/ExamplePrintReads-1-sg/temp_11_of_36/HG02561_final.bam 
INFO  20:06:27,204 HelpFormatter - Executing as bshifaw@application-1-1.hudson.intel.com on Linux 3.10.0-327.el7.x86_64 amd64; OpenJDK 64-Bit Server VM 1.8.0_91-b14. 
INFO  20:06:27,204 HelpFormatter - Date/Time: 2016/07/06 20:06:27 
INFO  20:06:27,204 HelpFormatter - --------------------------------------------------------------------------------- 
INFO  20:06:27,205 HelpFormatter - --------------------------------------------------------------------------------- 
INFO  20:06:27,626 GenomeAnalysisEngine - Strictness is SILENT 
INFO  20:06:30,128 ContextCovariate - 		Context sizes: base substitution model 2, indel substitution model 3 
INFO  20:06:30,410 GenomeAnalysisEngine - Downsampling Settings: No downsampling 
INFO  20:06:30,417 SAMDataSource$SAMReaders - Initializing SAMRecords in serial 
INFO  20:06:30,648 SAMDataSource$SAMReaders - Done initializing BAM readers: total time 0.23 
INFO  20:06:30,759 IntervalUtils - Processing 135006516 bp from intervals 
INFO  20:06:31,202 GenomeAnalysisEngine - Preparing for traversal over 1 BAM files 
INFO  20:06:32,225 GenomeAnalysisEngine - Done preparing for traversal 
INFO  20:06:32,225 ProgressMeter - [INITIALIZATION COMPLETE; STARTING PROCESSING] 
INFO  20:06:32,228 ProgressMeter -                 | processed |    time |    per 1M |           |   total | remaining 
INFO  20:06:32,228 ProgressMeter -        Location |     reads | elapsed |     reads | completed | runtime |   runtime 
INFO  20:06:32,267 ReadShardBalancer$1 - Loading BAM index data 
INFO  20:06:33,500 ReadShardBalancer$1 - Done loading BAM index data 
INFO  20:07:02,794 ProgressMeter -       11:406484         0.0    30.0 s      50.5 w        0.3%     2.8 h       2.8 h 
INFO  20:07:32,876 ProgressMeter -      11:1265520    100001.0    60.0 s      10.1 m        0.9%   106.7 m     105.7 m 
INFO  20:08:03,076 ProgressMeter -      11:2466682    300004.0    90.0 s       5.0 m        1.8%    82.1 m      80.6 m 
INFO  20:08:33,991 ProgressMeter -      11:4360308    400006.0   120.0 s       5.0 m        3.2%    61.9 m      59.9 m 
INFO  20:09:07,513 ProgressMeter -      11:5411028    500008.0     2.6 m       5.2 m        4.0%    64.5 m      61.9 m 
INFO  20:09:37,611 ProgressMeter -      11:6655184    600013.0     3.1 m       5.1 m        4.9%    62.5 m      59.5 m 
INFO  20:10:07,612 ProgressMeter -      11:9200619    800018.0     3.6 m       4.5 m        6.8%    52.6 m      49.0 m 
INFO  20:10:37,613 ProgressMeter -     11:13778991   1000020.0     4.1 m       4.1 m       10.2%    40.0 m      35.9 m 
INFO  20:11:17,614 ProgressMeter -     11:18687135   1200023.0     4.8 m       4.0 m       13.8%    34.3 m      29.6 m 
INFO  20:11:47,615 ProgressMeter -     11:27912137   1400026.0     5.3 m       3.8 m       20.7%    25.4 m      20.1 m 
INFO  20:12:17,616 ProgressMeter -     11:34533143   1500028.0     5.8 m       3.8 m       25.6%    22.5 m      16.7 m 
INFO  20:12:47,617 ProgressMeter -     11:46392994   1700030.0     6.3 m       3.7 m       34.4%    18.2 m      11.9 m 
INFO  20:13:17,618 ProgressMeter -     11:47753146   1900033.0     6.8 m       3.6 m       35.4%    19.1 m      12.3 m 
INFO  20:13:57,619 ProgressMeter -     11:56380290   2200038.0     7.4 m       3.4 m       41.8%    17.8 m      10.3 m 
INFO  20:14:27,620 ProgressMeter -     11:59573872   2400048.0     7.9 m       3.3 m       44.1%    17.9 m      10.0 m 
INFO  20:14:57,641 ProgressMeter -     11:61133580   2600065.0     8.4 m       3.2 m       45.3%    18.6 m      10.2 m 
INFO  20:15:27,642 ProgressMeter -     11:62384552   2800069.0     8.9 m       3.2 m       46.2%    19.3 m      10.4 m 
INFO  20:15:57,642 ProgressMeter -     11:64415629   3100076.0     9.4 m       3.0 m       47.7%    19.7 m      10.3 m 
INFO  20:16:27,643 ProgressMeter -     11:65623585   3300085.0     9.9 m       3.0 m       48.6%    20.4 m      10.5 m 
INFO  20:16:57,644 ProgressMeter -     11:67377017   3500089.0    10.4 m       3.0 m       49.9%    20.9 m      10.5 m 
INFO  20:17:27,694 ProgressMeter -     11:72292486   3800102.0    10.9 m       2.9 m       53.5%    20.4 m       9.5 m 
INFO  20:17:58,154 ProgressMeter -     11:77330753   4100106.0    11.4 m       2.8 m       57.3%    19.9 m       8.5 m 
INFO  20:18:28,155 ProgressMeter -     11:89883759   4300115.0    11.9 m       2.8 m       66.6%    17.9 m       6.0 m 
INFO  20:18:58,156 ProgressMeter -    11:104971377   4600128.0    12.4 m       2.7 m       77.8%    16.0 m       3.6 m 
INFO  20:19:38,157 ProgressMeter -    11:118380716   5100141.0    13.1 m       2.6 m       87.7%    14.9 m     110.0 s 
INFO  20:20:08,157 ProgressMeter -    11:124947180   5600158.0    13.6 m       2.4 m       92.5%    14.7 m      65.0 s 
INFO  20:20:22,040 Walker - [REDUCE RESULT] Traversal result is: org.broadinstitute.gatk.engine.io.stubs.SAMFileWriterStub@5b58129f 
INFO  20:20:22,121 ProgressMeter -            done   5932946.0    13.8 m       2.3 m       99.9%    13.8 m       0.0 s 
INFO  20:20:22,121 ProgressMeter - Total runtime 829.90 secs, 13.83 min, 0.23 hours 
INFO  20:20:22,121 MicroScheduler - 0 reads were filtered out during the traversal out of approximately 5932946 total reads (0.00%) 
INFO  20:20:22,121 MicroScheduler -   -> 0 reads (0.00% of total) failing BadCigarFilter 
INFO  20:20:22,122 MicroScheduler -   -> 0 reads (0.00% of total) failing MalformedReadFilter 
