INFO  20:07:54,448 HelpFormatter - --------------------------------------------------------------------------------- 
INFO  20:07:54,463 HelpFormatter - The Genome Analysis Toolkit (GATK) v3.4-46-g8ea4dca, Compiled 2015/08/13 20:41:56 
INFO  20:07:54,464 HelpFormatter - Copyright (c) 2010 The Broad Institute 
INFO  20:07:54,473 HelpFormatter - For support and documentation go to http://www.broadinstitute.org/gatk 
INFO  20:07:54,477 HelpFormatter - Program Args: -T PrintReads -I /mnt/nvme0n1/data/broadout/HG02771_gatk_best_practices_8t_30s_2016-07-06_18-21-02/HG02771_realign.bam -L /mnt/nvme0n1/Broad_Ref_Pipeline_approved_package/workflow_profiler/.queue/scatterGather/ExamplePrintReads-1-sg/temp_11_of_36/scatter.intervals -R /mnt/nvme0n1/Broad_Ref_Pipeline_approved_package/b37bundle/human_g1k_v37.fasta -BQSR /mnt/nvme0n1/data/broadout/HG02771_gatk_best_practices_8t_30s_2016-07-06_18-21-02/HG02771_recal.grp -o /mnt/nvme0n1/Broad_Ref_Pipeline_approved_package/workflow_profiler/.queue/scatterGather/ExamplePrintReads-1-sg/temp_11_of_36/HG02771_final.bam 
INFO  20:07:54,670 HelpFormatter - Executing as bshifaw@application-1-1.hudson.intel.com on Linux 3.10.0-327.el7.x86_64 amd64; OpenJDK 64-Bit Server VM 1.8.0_91-b14. 
INFO  20:07:54,673 HelpFormatter - Date/Time: 2016/07/06 20:07:54 
INFO  20:07:54,681 HelpFormatter - --------------------------------------------------------------------------------- 
INFO  20:07:54,687 HelpFormatter - --------------------------------------------------------------------------------- 
INFO  20:07:56,208 GenomeAnalysisEngine - Strictness is SILENT 
INFO  20:07:58,468 ContextCovariate - 		Context sizes: base substitution model 2, indel substitution model 3 
INFO  20:07:58,671 GenomeAnalysisEngine - Downsampling Settings: No downsampling 
INFO  20:07:58,689 SAMDataSource$SAMReaders - Initializing SAMRecords in serial 
INFO  20:07:58,837 SAMDataSource$SAMReaders - Done initializing BAM readers: total time 0.15 
INFO  20:07:58,919 IntervalUtils - Processing 135006516 bp from intervals 
INFO  20:07:59,256 GenomeAnalysisEngine - Preparing for traversal over 1 BAM files 
INFO  20:08:00,478 GenomeAnalysisEngine - Done preparing for traversal 
INFO  20:08:00,728 ProgressMeter - [INITIALIZATION COMPLETE; STARTING PROCESSING] 
INFO  20:08:00,740 ProgressMeter -                 | processed |    time |    per 1M |           |   total | remaining 
INFO  20:08:00,742 ProgressMeter -        Location |     reads | elapsed |     reads | completed | runtime |   runtime 
INFO  20:08:00,790 ReadShardBalancer$1 - Loading BAM index data 
INFO  20:08:01,762 ReadShardBalancer$1 - Done loading BAM index data 
INFO  20:08:30,884 ProgressMeter -        11:86874         0.0    30.0 s      49.9 w        0.1%    13.0 h      12.9 h 
INFO  20:09:34,106 ProgressMeter -      11:1265796    100001.0    93.0 s      15.6 m        0.9%     2.8 h       2.7 h 
INFO  20:10:06,066 ProgressMeter -      11:2943393    300005.0     2.1 m       7.0 m        2.2%    95.6 m      93.5 m 
INFO  20:10:36,319 ProgressMeter -      11:4842819    400008.0     2.6 m       6.5 m        3.6%    72.0 m      69.4 m 
INFO  20:11:06,320 ProgressMeter -      11:6422929    600011.0     3.1 m       5.2 m        4.8%    64.8 m      61.7 m 
INFO  20:11:36,325 ProgressMeter -      11:8478945    700023.0     3.6 m       5.1 m        6.3%    57.1 m      53.5 m 
INFO  20:12:06,327 ProgressMeter -     11:11962124    900028.0     4.1 m       4.5 m        8.9%    46.1 m      42.0 m 
INFO  20:12:36,328 ProgressMeter -     11:17542457   1100032.0     4.6 m       4.2 m       13.0%    35.3 m      30.7 m 
INFO  20:13:06,329 ProgressMeter -     11:20417426   1200033.0     5.1 m       4.2 m       15.1%    33.6 m      28.5 m 
INFO  20:13:36,330 ProgressMeter -     11:33078725   1400037.0     5.6 m       4.0 m       24.5%    22.8 m      17.2 m 
INFO  20:14:06,580 ProgressMeter -     11:43400842   1600039.0     6.1 m       3.8 m       32.1%    18.9 m      12.8 m 
INFO  20:14:36,581 ProgressMeter -     11:46894650   1700042.0     6.6 m       3.9 m       34.7%    19.0 m      12.4 m 
INFO  20:15:06,582 ProgressMeter -     11:49627457   1900047.0     7.1 m       3.7 m       36.8%    19.3 m      12.2 m 
INFO  20:15:36,616 ProgressMeter -     11:57102028   2100053.0     7.6 m       3.6 m       42.3%    17.9 m      10.3 m 
INFO  20:16:06,617 ProgressMeter -     11:60696441   2400058.0     8.1 m       3.4 m       45.0%    18.0 m       9.9 m 
INFO  20:16:36,618 ProgressMeter -     11:62285934   2600078.0     8.6 m       3.3 m       46.1%    18.6 m      10.0 m 
INFO  20:17:06,619 ProgressMeter -     11:63669899   2900087.0     9.1 m       3.1 m       47.2%    19.3 m      10.2 m 
INFO  20:17:36,620 ProgressMeter -     11:65265691   3100089.0     9.6 m       3.1 m       48.3%    19.8 m      10.2 m 
INFO  20:18:06,621 ProgressMeter -     11:66631426   3300097.0    10.1 m       3.1 m       49.4%    20.4 m      10.3 m 
INFO  20:18:36,623 ProgressMeter -     11:71511688   3600100.0    10.6 m       2.9 m       53.0%    20.0 m       9.4 m 
INFO  20:19:07,467 ProgressMeter -     11:76924934   3900105.0    11.1 m       2.8 m       57.0%    19.5 m       8.4 m 
INFO  20:19:37,468 ProgressMeter -     11:93529694   4300113.0    11.6 m       2.7 m       69.3%    16.7 m       5.1 m 
INFO  20:20:07,494 ProgressMeter -    11:112084482   4700120.0    12.1 m       2.6 m       83.0%    14.6 m       2.5 m 
INFO  20:20:37,500 ProgressMeter -    11:120352174   5200132.0    12.6 m       2.4 m       89.1%    14.1 m      92.0 s 
INFO  20:21:07,505 ProgressMeter -    11:133791042   5700145.0    13.1 m       2.3 m       99.1%    13.2 m       7.0 s 
INFO  20:21:10,331 Walker - [REDUCE RESULT] Traversal result is: org.broadinstitute.gatk.engine.io.stubs.SAMFileWriterStub@5b58129f 
INFO  20:21:10,468 ProgressMeter -            done   5769635.0    13.2 m       2.3 m       99.9%    13.2 m       0.0 s 
INFO  20:21:10,468 ProgressMeter - Total runtime 789.74 secs, 13.16 min, 0.22 hours 
INFO  20:21:10,468 MicroScheduler - 0 reads were filtered out during the traversal out of approximately 5769635 total reads (0.00%) 
INFO  20:21:10,469 MicroScheduler -   -> 0 reads (0.00% of total) failing BadCigarFilter 
INFO  20:21:10,469 MicroScheduler -   -> 0 reads (0.00% of total) failing MalformedReadFilter 
