INFO  16:30:44,117 HelpFormatter - --------------------------------------------------------------------------------- 
INFO  16:30:44,119 HelpFormatter - The Genome Analysis Toolkit (GATK) v3.4-46-g8ea4dca, Compiled 2015/08/13 20:41:56 
INFO  16:30:44,119 HelpFormatter - Copyright (c) 2010 The Broad Institute 
INFO  16:30:44,119 HelpFormatter - For support and documentation go to http://www.broadinstitute.org/gatk 
INFO  16:30:44,123 HelpFormatter - Program Args: -T HaplotypeCaller -I /mnt/ssdbroad/output/Solexa-272221_gatk_best_practices_36t_30s_2016-02-11_11-59-19/Solexa-272221_final.bam -L /mnt/ssdbroad/Broad_Ref_Pipeline_approved_package/workflow_profiler/.queue/scatterGather/ExampleHaplotypeCaller-1-sg/temp_18_of_36/scatter.intervals -R /mnt/ssdbroad/Broad_Ref_Pipeline_approved_package/homosapiensrefgenome/Homo_sapiens_assembly19.fasta -variant_index_type LINEAR -variant_index_parameter 128000 -o /mnt/ssdbroad/Broad_Ref_Pipeline_approved_package/workflow_profiler/.queue/scatterGather/ExampleHaplotypeCaller-1-sg/temp_18_of_36/Solexa-272221_HaplotypeCaller.g.vcf -ERC GVCF 
INFO  16:30:44,133 HelpFormatter - Executing as beris@dna on Linux 2.6.32-573.el6.x86_64 amd64; OpenJDK 64-Bit Server VM 1.7.0_79-mockbuild_2015_07_24_09_26-b00. 
INFO  16:30:44,134 HelpFormatter - Date/Time: 2016/02/12 16:30:44 
INFO  16:30:44,134 HelpFormatter - --------------------------------------------------------------------------------- 
INFO  16:30:44,134 HelpFormatter - --------------------------------------------------------------------------------- 
WARN  16:30:44,153 GATKVCFUtils - Naming your output file using the .g.vcf extension will automatically set the appropriate values  for --variant_index_type and --variant_index_parameter 
INFO  16:30:44,252 GenomeAnalysisEngine - Strictness is SILENT 
INFO  16:30:44,458 GenomeAnalysisEngine - Downsampling Settings: Method: BY_SAMPLE, Target Coverage: 500 
INFO  16:30:44,471 SAMDataSource$SAMReaders - Initializing SAMRecords in serial 
INFO  16:30:44,542 SAMDataSource$SAMReaders - Done initializing BAM readers: total time 0.07 
INFO  16:30:44,548 HCMappingQualityFilter - Filtering out reads with MAPQ < 20 
INFO  16:30:44,560 IntervalUtils - Processing 86166015 bp from intervals 
INFO  16:30:44,650 GenomeAnalysisEngine - Preparing for traversal over 1 BAM files 
INFO  16:30:45,075 GenomeAnalysisEngine - Done preparing for traversal 
INFO  16:30:45,076 ProgressMeter - [INITIALIZATION COMPLETE; STARTING PROCESSING] 
INFO  16:30:45,082 ProgressMeter -                 |      processed |    time |         per 1M |           |   total | remaining 
INFO  16:30:45,083 ProgressMeter -        Location | active regions | elapsed | active regions | completed | runtime |   runtime 
INFO  16:30:45,089 HaplotypeCaller - Standard Emitting and Calling confidence set to 0.0 for reference-model confidence output 
INFO  16:30:45,090 HaplotypeCaller - All sites annotated with PLs forced to true for reference-model confidence output 
INFO  16:30:45,416 HaplotypeCaller - Using global mismapping rate of 45 => -4.5 in log10 likelihood units 
Using AVX accelerated implementation of PairHMM
INFO  16:30:49,721 VectorLoglessPairHMM - libVectorLoglessPairHMM unpacked successfully from GATK jar file 
INFO  16:30:49,722 VectorLoglessPairHMM - Using vectorized implementation of PairHMM 
WARN  16:30:50,027 HaplotypeScore - Annotation will not be calculated, must be called from UnifiedGenotyper 
WARN  16:30:50,027 InbreedingCoeff - Annotation will not be calculated, must provide a valid PED file (-ped) from the command line. 
INFO  16:31:15,255 ProgressMeter -      8:72117861              0.0    30.0 s           49.9 w        0.1%     7.9 h       7.9 h 
INFO  16:31:45,257 ProgressMeter -      8:72419615              0.0    60.0 s           99.5 w        0.5%     3.7 h       3.6 h 
INFO  16:32:15,258 ProgressMeter -      8:72726334              0.0    90.0 s          149.1 w        0.8%     3.1 h       3.1 h 
INFO  16:32:45,259 ProgressMeter -      8:72998389              0.0   120.0 s          198.7 w        1.1%     3.0 h       2.9 h 
INFO  16:33:15,260 ProgressMeter -      8:73250928              0.0     2.5 m          248.3 w        1.4%     2.9 h       2.9 h 
INFO  16:33:45,261 ProgressMeter -      8:73595148              0.0     3.0 m          297.9 w        1.8%     2.7 h       2.7 h 
INFO  16:34:15,262 ProgressMeter -      8:73919839              0.0     3.5 m          347.5 w        2.2%     2.7 h       2.6 h 
INFO  16:34:55,263 ProgressMeter -      8:74318148              0.0     4.2 m          413.7 w        2.7%     2.6 h       2.5 h 
INFO  16:35:25,264 ProgressMeter -      8:74681229              0.0     4.7 m          463.3 w        3.1%     2.5 h       2.4 h 
INFO  16:35:55,264 ProgressMeter -      8:75029052              0.0     5.2 m          512.9 w        3.5%     2.5 h       2.4 h 
INFO  16:36:25,265 ProgressMeter -      8:75358371              0.0     5.7 m          562.5 w        3.9%     2.4 h       2.3 h 
INFO  16:36:55,266 ProgressMeter -      8:75792410              0.0     6.2 m          612.1 w        4.4%     2.4 h       2.2 h 
INFO  16:37:25,267 ProgressMeter -      8:76111873              0.0     6.7 m          661.7 w        4.7%     2.3 h       2.2 h 
INFO  16:38:05,267 ProgressMeter -      8:76549140              0.0     7.3 m          727.8 w        5.2%     2.3 h       2.2 h 
INFO  16:38:35,268 ProgressMeter -      8:76988360              0.0     7.8 m          777.4 w        5.8%     2.3 h       2.1 h 
INFO  16:39:05,269 ProgressMeter -      8:77293382              0.0     8.3 m          827.0 w        6.1%     2.3 h       2.1 h 
INFO  16:39:35,270 ProgressMeter -      8:77693091              0.0     8.8 m          876.6 w        6.6%     2.2 h       2.1 h 
INFO  16:40:15,271 ProgressMeter -      8:78218272              0.0     9.5 m          942.8 w        7.2%     2.2 h       2.0 h 
INFO  16:40:55,448 ProgressMeter -      8:78653896              0.0    10.2 m         1009.2 w        7.7%     2.2 h       2.0 h 
INFO  16:41:25,449 ProgressMeter -      8:78890752              0.0    10.7 m         1058.8 w        8.0%     2.2 h       2.1 h 
INFO  16:41:55,456 ProgressMeter -      8:79127545              0.0    11.2 m         1108.4 w        8.2%     2.3 h       2.1 h 
INFO  16:42:35,457 ProgressMeter -      8:79608784              0.0    11.8 m         1174.6 w        8.8%     2.2 h       2.0 h 
INFO  16:43:05,460 ProgressMeter -      8:79942919              0.0    12.3 m         1224.2 w        9.2%     2.2 h       2.0 h 
INFO  16:43:35,461 ProgressMeter -      8:80314843              0.0    12.8 m         1273.8 w        9.6%     2.2 h       2.0 h 
INFO  16:44:05,461 ProgressMeter -      8:80727694              0.0    13.3 m         1323.4 w       10.1%     2.2 h     118.7 m 
INFO  16:44:35,462 ProgressMeter -      8:81055066              0.0    13.8 m         1373.0 w       10.5%     2.2 h     118.2 m 
INFO  16:45:05,463 ProgressMeter -      8:81379823              0.0    14.3 m         1422.6 w       10.9%     2.2 h     117.7 m 
INFO  16:45:45,464 ProgressMeter -      8:81867822              0.0    15.0 m         1488.7 w       11.4%     2.2 h     116.3 m 
INFO  16:46:15,465 ProgressMeter -      8:82237611              0.0    15.5 m         1538.3 w       11.9%     2.2 h     115.3 m 
INFO  16:46:45,465 ProgressMeter -      8:82653022              0.0    16.0 m         1587.9 w       12.3%     2.2 h     113.7 m 
INFO  16:47:15,468 ProgressMeter -      8:82968575              0.0    16.5 m         1637.6 w       12.7%     2.2 h     113.4 m 
INFO  16:47:45,468 ProgressMeter -      8:83398672              0.0    17.0 m         1687.2 w       13.2%     2.1 h     111.8 m 
INFO  16:48:15,469 ProgressMeter -      8:83722232              0.0    17.5 m         1736.8 w       13.6%     2.1 h     111.4 m 
INFO  16:48:45,561 ProgressMeter -      8:84049964              0.0    18.0 m         1786.5 w       14.0%     2.1 h     111.0 m 
INFO  16:49:25,562 ProgressMeter -      8:84522353              0.0    18.7 m         1852.7 w       14.5%     2.1 h     110.1 m 
INFO  16:49:55,565 ProgressMeter -      8:84880521              0.0    19.2 m         1902.3 w       14.9%     2.1 h     109.3 m 
INFO  16:50:25,565 ProgressMeter -      8:85267102              0.0    19.7 m         1951.9 w       15.4%     2.1 h     108.3 m 
INFO  16:50:55,566 ProgressMeter -      8:85712138              0.0    20.2 m         2001.5 w       15.9%     2.1 h     106.8 m 
INFO  16:51:25,567 ProgressMeter -      8:86022895              0.0    20.7 m         2051.1 w       16.2%     2.1 h     106.6 m 
INFO  16:51:55,568 ProgressMeter -      8:86410358              0.0    21.2 m         2100.7 w       16.7%     2.1 h     105.6 m 
INFO  16:52:35,569 ProgressMeter -      8:86572444              0.0    21.8 m         2166.8 w       16.9%     2.2 h     107.5 m 
INFO  16:53:05,586 ProgressMeter -      8:86783962              0.0    22.3 m         2216.5 w       17.1%     2.2 h     108.1 m 
INFO  16:53:35,587 ProgressMeter -      8:86841210              0.0    22.8 m         2266.1 w       17.2%     2.2 h     110.0 m 
INFO  16:54:15,588 ProgressMeter -      8:87263485              0.0    23.5 m         2332.2 w       17.7%     2.2 h     109.4 m 
INFO  16:54:55,589 ProgressMeter -      8:87701735              0.0    24.2 m         2398.3 w       18.2%     2.2 h     108.7 m 
INFO  16:55:25,589 ProgressMeter -      8:88010468              0.0    24.7 m         2447.9 w       18.6%     2.2 h     108.3 m 
INFO  16:55:55,590 ProgressMeter -      8:88390275              0.0    25.2 m         2497.5 w       19.0%     2.2 h     107.4 m 
INFO  16:56:25,591 ProgressMeter -      8:88688829              0.0    25.7 m         2547.1 w       19.3%     2.2 h     107.1 m 
INFO  16:56:55,599 ProgressMeter -      8:89045879              0.0    26.2 m         2596.8 w       19.8%     2.2 h     106.3 m 
INFO  16:57:25,600 ProgressMeter -      8:89328374              0.0    26.7 m         2646.4 w       20.1%     2.2 h     106.1 m 
INFO  16:57:55,601 ProgressMeter -      8:89774014              0.0    27.2 m         2696.0 w       20.6%     2.2 h     104.7 m 
INFO  16:58:35,602 ProgressMeter -      8:90200368              0.0    27.8 m         2762.1 w       21.1%     2.2 h     104.1 m 
INFO  16:59:05,602 ProgressMeter -      8:90524951              0.0    28.3 m         2811.7 w       21.5%     2.2 h     103.6 m 
INFO  16:59:35,603 ProgressMeter -      8:90836111              0.0    28.8 m         2861.3 w       21.8%     2.2 h     103.3 m 
INFO  17:00:05,604 ProgressMeter -      8:91187457              0.0    29.3 m         2910.9 w       22.2%     2.2 h     102.6 m 
INFO  17:00:35,630 ProgressMeter -      8:91422215              0.0    29.8 m         2960.6 w       22.5%     2.2 h     102.7 m 
INFO  17:01:05,634 ProgressMeter -      8:91754797              0.0    30.3 m         3010.2 w       22.9%     2.2 h     102.2 m 
INFO  17:01:35,634 ProgressMeter -      8:92169283              0.0    30.8 m         3059.8 w       23.4%     2.2 h     101.1 m 
INFO  17:02:05,635 ProgressMeter -      8:92604737              0.0    31.3 m         3109.4 w       23.9%     2.2 h      99.9 m 
INFO  17:02:35,636 ProgressMeter -      8:92994418              0.0    31.8 m         3159.0 w       24.3%     2.2 h      99.0 m 
INFO  17:03:05,716 ProgressMeter -      8:93355331              0.0    32.3 m         3208.7 w       24.8%     2.2 h      98.3 m 
INFO  17:03:45,717 ProgressMeter -      8:93902833              0.0    33.0 m         3274.9 w       25.4%     2.2 h      97.0 m 
INFO  17:04:25,718 ProgressMeter -      8:94402807              0.0    33.7 m         3341.0 w       26.0%     2.2 h      96.0 m 
INFO  17:04:55,718 ProgressMeter -      8:94795827              0.0    34.2 m         3390.6 w       26.4%     2.2 h      95.1 m 
INFO  17:05:25,719 ProgressMeter -      8:95110776              0.0    34.7 m         3440.2 w       26.8%     2.2 h      94.7 m 
INFO  17:05:55,720 ProgressMeter -      8:95398182              0.0    35.2 m         3489.8 w       27.1%     2.2 h      94.5 m 
INFO  17:06:35,720 ProgressMeter -      8:95799006              0.0    35.8 m         3556.0 w       27.6%     2.2 h      94.0 m 
INFO  17:07:05,725 ProgressMeter -      8:96038615              0.0    36.3 m         3605.6 w       27.9%     2.2 h      94.0 m 
INFO  17:07:35,726 ProgressMeter -      8:96299127              0.0    36.8 m         3655.2 w       28.2%     2.2 h      93.9 m 
INFO  17:08:15,727 ProgressMeter -      8:96720512              0.0    37.5 m         3721.3 w       28.7%     2.2 h      93.4 m 
INFO  17:08:45,727 ProgressMeter -      8:96994567              0.0    38.0 m         3770.9 w       29.0%     2.2 h      93.1 m 
INFO  17:09:15,728 ProgressMeter -      8:97337535              0.0    38.5 m         3820.5 w       29.4%     2.2 h      92.6 m 
INFO  17:09:45,729 ProgressMeter -      8:97660371              0.0    39.0 m         3870.1 w       29.7%     2.2 h      92.1 m 
INFO  17:10:25,730 ProgressMeter -      8:98181275              0.0    39.7 m         3936.3 w       30.4%     2.2 h      91.0 m 
INFO  17:10:55,730 ProgressMeter -      8:98576923              0.0    40.2 m         3985.9 w       30.8%     2.2 h      90.2 m 
INFO  17:11:25,731 ProgressMeter -      8:98849959              0.0    40.7 m         4035.5 w       31.1%     2.2 h      90.0 m 
INFO  17:12:05,732 ProgressMeter -      8:99255067              0.0    41.3 m         4101.6 w       31.6%     2.2 h      89.5 m 
INFO  17:12:45,733 ProgressMeter -      8:99802732              0.0    42.0 m         4167.8 w       32.2%     2.2 h      88.3 m 
INFO  17:13:25,734 ProgressMeter -     8:100267446              0.0    42.7 m         4233.9 w       32.8%     2.2 h      87.5 m 
INFO  17:13:55,734 ProgressMeter -     8:100563839              0.0    43.2 m         4283.5 w       33.1%     2.2 h      87.2 m 
INFO  17:14:25,735 ProgressMeter -     8:100934065              0.0    43.7 m         4333.1 w       33.5%     2.2 h      86.5 m 
INFO  17:14:55,736 ProgressMeter -     8:101329706              0.0    44.2 m         4382.7 w       34.0%     2.2 h      85.7 m 
INFO  17:15:25,758 ProgressMeter -     8:101662647              0.0    44.7 m         4432.3 w       34.4%     2.2 h      85.2 m 
INFO  17:15:55,759 ProgressMeter -     8:101956666              0.0    45.2 m         4482.0 w       34.7%     2.2 h      84.9 m 
INFO  17:16:25,760 ProgressMeter -     8:102352792              0.0    45.7 m         4531.6 w       35.2%     2.2 h      84.1 m 
INFO  17:17:05,761 ProgressMeter -     8:102686897              0.0    46.3 m         4597.7 w       35.6%     2.2 h      83.9 m 
INFO  17:17:35,761 ProgressMeter -     8:103024744              0.0    46.8 m         4647.3 w       36.0%     2.2 h      83.3 m 
INFO  17:18:05,762 ProgressMeter -     8:103424570              0.0    47.3 m         4696.9 w       36.4%     2.2 h      82.6 m 
INFO  17:18:35,763 ProgressMeter -     8:103744378              0.0    47.8 m         4746.5 w       36.8%     2.2 h      82.1 m 
WARN  17:18:55,072 ExactAFCalculator - this tool is currently set to genotype at most 6 alternate alleles in a given context, but the context at 8:103962354 has 11 alternate alleles so only the top alleles will be used; see the --max_alternate_alleles argument 
INFO  17:19:15,764 ProgressMeter -     8:104143601              0.0    48.5 m         4812.6 w       37.3%     2.2 h      81.6 m 
INFO  17:19:45,764 ProgressMeter -     8:104459856              0.0    49.0 m         4862.3 w       37.6%     2.2 h      81.2 m 
INFO  17:20:15,765 ProgressMeter -     8:104773373              0.0    49.5 m         4911.9 w       38.0%     2.2 h      80.7 m 
INFO  17:20:45,766 ProgressMeter -     8:105136057              0.0    50.0 m         4961.5 w       38.4%     2.2 h      80.1 m 
INFO  17:21:15,767 ProgressMeter -     8:105435181              0.0    50.5 m         5011.1 w       38.8%     2.2 h      79.7 m 
INFO  17:21:55,768 ProgressMeter -     8:105938665              0.0    51.2 m         5077.2 w       39.4%     2.2 h      78.8 m 
INFO  17:22:25,768 ProgressMeter -     8:106272814              0.0    51.7 m         5126.8 w       39.7%     2.2 h      78.3 m 
INFO  17:22:55,788 ProgressMeter -     8:106619693              0.0    52.2 m         5176.4 w       40.1%     2.2 h      77.8 m 
INFO  17:23:25,789 ProgressMeter -     8:107006840              0.0    52.7 m         5226.0 w       40.6%     2.2 h      77.1 m 
INFO  17:24:05,790 ProgressMeter -     8:107469183              0.0    53.3 m         5292.2 w       41.1%     2.2 h      76.3 m 
INFO  17:24:35,791 ProgressMeter -     8:107835614              0.0    53.8 m         5341.8 w       41.6%     2.2 h      75.7 m 
INFO  17:25:15,792 ProgressMeter -     8:108325427              0.0    54.5 m         5407.9 w       42.1%     2.2 h      74.9 m 
INFO  17:25:45,800 ProgressMeter -     8:108675780              0.0    55.0 m         5457.5 w       42.5%     2.2 h      74.3 m 
INFO  17:26:15,801 ProgressMeter -     8:108957126              0.0    55.5 m         5507.2 w       42.9%     2.2 h      74.0 m 
INFO  17:26:45,802 ProgressMeter -     8:109219175              0.0    56.0 m         5556.8 w       43.2%     2.2 h      73.7 m 
INFO  17:27:25,802 ProgressMeter -     8:109546485              0.0    56.7 m         5622.9 w       43.5%     2.2 h      73.5 m 
INFO  17:27:55,803 ProgressMeter -     8:109910442              0.0    57.2 m         5672.5 w       44.0%     2.2 h      72.9 m 
INFO  17:28:25,804 ProgressMeter -     8:110234535              0.0    57.7 m         5722.1 w       44.3%     2.2 h      72.4 m 
INFO  17:28:55,808 ProgressMeter -     8:110655719              0.0    58.2 m         5771.7 w       44.8%     2.2 h      71.6 m 
INFO  17:29:25,809 ProgressMeter -     8:111059310              0.0    58.7 m         5821.3 w       45.3%     2.2 h      70.8 m 
INFO  17:30:05,809 ProgressMeter -     8:111623340              0.0    59.3 m         5887.5 w       46.0%     2.2 h      69.8 m 
INFO  17:30:35,810 ProgressMeter -     8:111937719              0.0    59.8 m         5937.1 w       46.3%     2.2 h      69.3 m 
INFO  17:31:05,811 ProgressMeter -     8:112262859              0.0    60.3 m         5986.7 w       46.7%     2.2 h      68.9 m 
INFO  17:31:45,812 ProgressMeter -     8:112776968              0.0    61.0 m         6052.8 w       47.3%     2.1 h      68.0 m 
INFO  17:32:15,813 ProgressMeter -     8:113120840              0.0    61.5 m         6102.4 w       47.7%     2.1 h      67.5 m 
INFO  17:32:55,814 ProgressMeter -     8:113502284              0.0    62.2 m         6168.5 w       48.1%     2.2 h      67.0 m 
INFO  17:33:25,814 ProgressMeter -     8:113863612              0.0    62.7 m         6218.2 w       48.6%     2.2 h      66.4 m 
INFO  17:33:55,815 ProgressMeter -     8:114170769              0.0    63.2 m         6267.8 w       48.9%     2.2 h      66.0 m 
INFO  17:34:25,816 ProgressMeter -     8:114552884              0.0    63.7 m         6317.4 w       49.4%     2.2 h      65.3 m 
INFO  17:35:05,817 ProgressMeter -     8:114941751              0.0    64.3 m         6383.5 w       49.8%     2.2 h      64.8 m 
INFO  17:35:36,065 ProgressMeter -     8:115223054              0.0    64.8 m         6433.5 w       50.1%     2.2 h      64.5 m 
INFO  17:36:16,065 ProgressMeter -     8:115734355              0.0    65.5 m         6499.7 w       50.7%     2.2 h      63.6 m 
INFO  17:36:46,066 ProgressMeter -     8:116025329              0.0    66.0 m         6549.3 w       51.1%     2.2 h      63.3 m 
INFO  17:37:16,067 ProgressMeter -     8:116438206              0.0    66.5 m         6598.9 w       51.5%     2.2 h      62.5 m 
INFO  17:37:56,068 ProgressMeter -     8:116819241              0.0    67.2 m         6665.0 w       52.0%     2.2 h      62.0 m 
INFO  17:38:26,076 ProgressMeter -     8:117179953              0.0    67.7 m         6714.6 w       52.4%     2.2 h      61.5 m 
INFO  17:38:56,077 ProgressMeter -     8:117579208              0.0    68.2 m         6764.2 w       52.9%     2.1 h      60.8 m 
INFO  17:39:36,078 ProgressMeter -     8:118135659              0.0    68.9 m         6830.4 w       53.5%     2.1 h      59.8 m 
INFO  17:40:06,078 ProgressMeter -     8:118491963              0.0    69.4 m         6880.0 w       53.9%     2.1 h      59.3 m 
INFO  17:40:36,079 ProgressMeter -     8:118855767              0.0    69.9 m         6929.6 w       54.3%     2.1 h      58.7 m 
INFO  17:41:06,080 ProgressMeter -     8:119195949              0.0    70.4 m         6979.2 w       54.7%     2.1 h      58.2 m 
INFO  17:41:46,081 ProgressMeter -     8:119574901              0.0    71.0 m         7045.3 w       55.2%     2.1 h      57.7 m 
INFO  17:42:16,081 ProgressMeter -     8:119906893              0.0    71.5 m         7094.9 w       55.6%     2.1 h      57.2 m 
INFO  17:42:46,082 ProgressMeter -     8:120233909              0.0    72.0 m         7144.5 w       55.9%     2.1 h      56.7 m 
INFO  17:43:16,083 ProgressMeter -     8:120624951              0.0    72.5 m         7194.1 w       56.4%     2.1 h      56.1 m 
INFO  17:43:56,084 ProgressMeter -     8:121029324              0.0    73.2 m         7260.3 w       56.9%     2.1 h      55.5 m 
INFO  17:44:36,085 ProgressMeter -     8:121483843              0.0    73.9 m         7326.4 w       57.4%     2.1 h      54.8 m 
INFO  17:45:06,085 ProgressMeter -     8:121844810              0.0    74.4 m         7376.0 w       57.8%     2.1 h      54.2 m 
INFO  17:45:36,086 ProgressMeter -     8:122154989              0.0    74.9 m         7425.6 w       58.2%     2.1 h      53.8 m 
INFO  17:46:06,087 ProgressMeter -     8:122422493              0.0    75.4 m         7475.2 w       58.5%     2.1 h      53.5 m 
INFO  17:46:36,094 ProgressMeter -     8:122778235              0.0    75.9 m         7524.8 w       58.9%     2.1 h      52.9 m 
INFO  17:47:16,095 ProgressMeter -     8:123289852              0.0    76.5 m         7591.0 w       59.5%     2.1 h      52.1 m 
INFO  17:47:56,096 ProgressMeter -     8:123783894              0.0    77.2 m         7657.1 w       60.1%     2.1 h      51.3 m 
INFO  17:48:26,096 ProgressMeter -     8:124174741              0.0    77.7 m         7706.7 w       60.5%     2.1 h      50.7 m 
INFO  17:48:56,097 ProgressMeter -     8:124569707              0.0    78.2 m         7756.3 w       61.0%     2.1 h      50.0 m 
INFO  17:49:26,098 ProgressMeter -     8:124918473              0.0    78.7 m         7805.9 w       61.4%     2.1 h      49.5 m 
INFO  17:50:06,099 ProgressMeter -     8:125314570              0.0    79.4 m         7872.1 w       61.8%     2.1 h      49.0 m 
INFO  17:50:36,100 ProgressMeter -     8:125657426              0.0    79.9 m         7921.7 w       62.2%     2.1 h      48.4 m 
INFO  17:51:16,100 ProgressMeter -     8:126112688              0.0    80.5 m         7987.8 w       62.8%     2.1 h      47.8 m 
INFO  17:51:46,101 ProgressMeter -     8:126485585              0.0    81.0 m         8037.4 w       63.2%     2.1 h      47.2 m 
INFO  17:52:16,102 ProgressMeter -     8:126816654              0.0    81.5 m         8087.0 w       63.6%     2.1 h      46.7 m 
INFO  17:52:46,103 ProgressMeter -     8:127121368              0.0    82.0 m         8136.6 w       63.9%     2.1 h      46.3 m 
INFO  17:53:26,104 ProgressMeter -     8:127463347              0.0    82.7 m         8202.8 w       64.3%     2.1 h      45.8 m 
INFO  17:54:06,105 ProgressMeter -     8:127940863              0.0    83.4 m         8268.9 w       64.9%     2.1 h      45.1 m 
INFO  17:54:46,106 ProgressMeter -     8:128297824              0.0    84.0 m         8335.0 w       65.3%     2.1 h      44.6 m 
INFO  17:55:16,107 ProgressMeter -     8:128569447              0.0    84.5 m         8384.6 w       65.6%     2.1 h      44.3 m 
INFO  17:55:46,107 ProgressMeter -     8:128963864              0.0    85.0 m         8434.2 w       66.1%     2.1 h      43.6 m 
INFO  17:56:16,108 ProgressMeter -     8:129238338              0.0    85.5 m         8483.9 w       66.4%     2.1 h      43.3 m 
INFO  17:56:46,109 ProgressMeter -     8:129608673              0.0    86.0 m         8533.5 w       66.8%     2.1 h      42.7 m 
INFO  17:57:16,110 ProgressMeter -     8:129876310              0.0    86.5 m         8583.1 w       67.1%     2.1 h      42.3 m 
INFO  17:57:46,117 ProgressMeter -     8:130206965              0.0    87.0 m         8632.7 w       67.5%     2.1 h      41.9 m 
INFO  17:58:26,118 ProgressMeter -     8:130654479              0.0    87.7 m         8698.8 w       68.0%     2.1 h      41.2 m 
INFO  17:58:56,237 ProgressMeter -     8:130907619              0.0    88.2 m         8748.6 w       68.3%     2.2 h      40.9 m 
INFO  17:59:26,238 ProgressMeter -     8:131338420              0.0    88.7 m         8798.2 w       68.8%     2.1 h      40.2 m 
INFO  17:59:56,239 ProgressMeter -     8:131607185              0.0    89.2 m         8847.8 w       69.1%     2.1 h      39.8 m 
INFO  18:00:26,241 ProgressMeter -     8:131924115              0.0    89.7 m         8897.4 w       69.5%     2.2 h      39.3 m 
INFO  18:00:56,242 ProgressMeter -     8:132277766              0.0    90.2 m         8947.0 w       69.9%     2.1 h      38.8 m 
INFO  18:01:36,243 ProgressMeter -     8:132649697              0.0    90.9 m         9013.2 w       70.4%     2.2 h      38.3 m 
INFO  18:02:06,244 ProgressMeter -     8:132964339              0.0    91.4 m         9062.8 w       70.7%     2.2 h      37.8 m 
INFO  18:02:46,245 ProgressMeter -     8:133443047              0.0    92.0 m         9128.9 w       71.3%     2.2 h      37.1 m 
INFO  18:03:26,246 ProgressMeter -     8:133885746              0.0    92.7 m         9195.1 w       71.8%     2.2 h      36.4 m 
INFO  18:03:56,246 ProgressMeter -     8:134195820              0.0    93.2 m         9244.7 w       72.2%     2.2 h      36.0 m 
INFO  18:04:26,247 ProgressMeter -     8:134543600              0.0    93.7 m         9294.3 w       72.6%     2.2 h      35.4 m 
INFO  18:04:56,248 ProgressMeter -     8:134852018              0.0    94.2 m         9343.9 w       72.9%     2.2 h      35.0 m 
INFO  18:05:36,252 ProgressMeter -     8:135395952              0.0    94.9 m         9410.0 w       73.5%     2.1 h      34.1 m 
INFO  18:06:06,253 ProgressMeter -     8:135734888              0.0    95.4 m         9459.6 w       73.9%     2.1 h      33.6 m 
INFO  18:06:46,254 ProgressMeter -     8:136180568              0.0    96.0 m         9525.8 w       74.5%     2.1 h      32.9 m 
INFO  18:07:16,254 ProgressMeter -     8:136578996              0.0    96.5 m         9575.4 w       74.9%     2.1 h      32.3 m 
INFO  18:07:46,255 ProgressMeter -     8:136876272              0.0    97.0 m         9625.0 w       75.3%     2.1 h      31.9 m 
INFO  18:08:16,258 ProgressMeter -     8:137167178              0.0    97.5 m         9674.6 w       75.6%     2.1 h      31.5 m 
INFO  18:08:46,260 ProgressMeter -     8:137524113              0.0    98.0 m         9724.2 w       76.0%     2.1 h      30.9 m 
INFO  18:09:16,261 ProgressMeter -     8:137857174              0.0    98.5 m         9773.8 w       76.4%     2.1 h      30.4 m 
INFO  18:09:56,262 ProgressMeter -     8:138295443              0.0    99.2 m         9839.9 w       76.9%     2.1 h      29.8 m 
INFO  18:10:26,262 ProgressMeter -     8:138577968              0.0    99.7 m         9889.5 w       77.2%     2.2 h      29.4 m 
INFO  18:10:56,263 ProgressMeter -     8:138841947              0.0   100.2 m         9939.1 w       77.5%     2.2 h      29.0 m 
INFO  18:11:26,264 ProgressMeter -     8:139106704              0.0   100.7 m         9988.7 w       77.8%     2.2 h      28.6 m 
INFO  18:12:06,555 ProgressMeter -     8:139422058              0.0   101.4 m        10055.4 w       78.2%     2.2 h      28.2 m 
INFO  18:12:36,556 ProgressMeter -     8:139719609              0.0   101.9 m        10105.0 w       78.6%     2.2 h      27.8 m 
INFO  18:13:06,565 ProgressMeter -     8:139988438              0.0   102.4 m        10154.6 w       78.9%     2.2 h      27.4 m 
WARN  18:13:17,786 ExactAFCalculator - this tool is currently set to genotype at most 6 alternate alleles in a given context, but the context at 8:140100929 has 9 alternate alleles so only the top alleles will be used; see the --max_alternate_alleles argument 
INFO  18:13:36,566 ProgressMeter -     8:140294143              0.0   102.9 m        10204.2 w       79.2%     2.2 h      27.0 m 
INFO  18:14:06,567 ProgressMeter -     8:140569476              0.0   103.4 m        10253.8 w       79.5%     2.2 h      26.6 m 
INFO  18:14:46,568 ProgressMeter -     8:140992540              0.0   104.0 m        10319.9 w       80.0%     2.2 h      25.9 m 
INFO  18:15:26,569 ProgressMeter -     8:141428460              0.0   104.7 m        10386.1 w       80.5%     2.2 h      25.3 m 
INFO  18:15:56,569 ProgressMeter -     8:141776077              0.0   105.2 m        10435.7 w       80.9%     2.2 h      24.8 m 
INFO  18:16:26,570 ProgressMeter -     8:142132191              0.0   105.7 m        10485.3 w       81.4%     2.2 h      24.2 m 
INFO  18:16:56,571 ProgressMeter -     8:142501043              0.0   106.2 m        10534.9 w       81.8%     2.2 h      23.6 m 
INFO  18:17:26,572 ProgressMeter -     8:142862071              0.0   106.7 m        10584.5 w       82.2%     2.2 h      23.1 m 
INFO  18:17:56,573 ProgressMeter -     8:143178546              0.0   107.2 m        10634.1 w       82.6%     2.2 h      22.6 m 
INFO  18:18:26,574 ProgressMeter -     8:143488859              0.0   107.7 m        10683.7 w       82.9%     2.2 h      22.2 m 
INFO  18:18:56,575 ProgressMeter -     8:143844784              0.0   108.2 m        10733.3 w       83.3%     2.2 h      21.6 m 
INFO  18:19:26,576 ProgressMeter -     8:144109623              0.0   108.7 m        10782.9 w       83.7%     2.2 h      21.2 m 
INFO  18:20:06,577 ProgressMeter -     8:144479163              0.0   109.4 m        10849.0 w       84.1%     2.2 h      20.7 m 
INFO  18:20:36,577 ProgressMeter -     8:144765759              0.0   109.9 m        10898.6 w       84.4%     2.2 h      20.3 m 
INFO  18:21:06,578 ProgressMeter -     8:145148361              0.0   110.4 m        10948.3 w       84.9%     2.2 h      19.7 m 
INFO  18:21:36,579 ProgressMeter -     8:145733672              0.0   110.9 m        10997.9 w       85.5%     2.2 h      18.7 m 
INFO  18:22:06,580 ProgressMeter -     8:146142481              0.0   111.4 m        11047.5 w       86.0%     2.2 h      18.1 m 
INFO  18:22:36,581 ProgressMeter -        9:103518      7.4337457E7   111.9 m           90.0 s       86.4%     2.2 h      17.6 m 
INFO  18:23:06,646 ProgressMeter -        9:344450      7.4337457E7   112.4 m           90.0 s       86.7%     2.2 h      17.3 m 
INFO  18:23:36,647 ProgressMeter -        9:662034      7.4337457E7   112.9 m           91.0 s       87.0%     2.2 h      16.8 m 
INFO  18:24:06,648 ProgressMeter -        9:866021      7.4337457E7   113.4 m           91.0 s       87.3%     2.2 h      16.5 m 
INFO  18:24:36,649 ProgressMeter -       9:1117028      7.4337457E7   113.9 m           91.0 s       87.6%     2.2 h      16.2 m 
INFO  18:25:06,650 ProgressMeter -       9:1403366      7.4337457E7   114.4 m           92.0 s       87.9%     2.2 h      15.7 m 
INFO  18:25:36,651 ProgressMeter -       9:1672376      7.4337457E7   114.9 m           92.0 s       88.2%     2.2 h      15.3 m 
INFO  18:26:06,652 ProgressMeter -       9:1977200      7.4337457E7   115.4 m           93.0 s       88.6%     2.2 h      14.9 m 
INFO  18:26:36,653 ProgressMeter -       9:2331051      7.4337457E7   115.9 m           93.0 s       89.0%     2.2 h      14.4 m 
INFO  18:27:06,654 ProgressMeter -       9:2541911      7.4337457E7   116.4 m           93.0 s       89.2%     2.2 h      14.1 m 
INFO  18:27:36,655 ProgressMeter -       9:2875541      7.4337457E7   116.9 m           94.0 s       89.6%     2.2 h      13.5 m 
INFO  18:28:16,656 ProgressMeter -       9:3283150      7.4337457E7   117.5 m           94.0 s       90.1%     2.2 h      12.9 m 
INFO  18:28:46,657 ProgressMeter -       9:3696198      7.4337457E7   118.0 m           95.0 s       90.6%     2.2 h      12.3 m 
INFO  18:29:16,659 ProgressMeter -       9:3959358      7.4337457E7   118.5 m           95.0 s       90.9%     2.2 h      11.9 m 
INFO  18:29:46,659 ProgressMeter -       9:4260209      7.4337457E7   119.0 m           96.0 s       91.2%     2.2 h      11.5 m 
INFO  18:30:16,662 ProgressMeter -       9:4552483      7.4337457E7   119.5 m           96.0 s       91.6%     2.2 h      11.0 m 
INFO  18:30:46,663 ProgressMeter -       9:4858115      7.4337457E7     2.0 h           96.0 s       91.9%     2.2 h      10.6 m 
INFO  18:31:16,664 ProgressMeter -       9:5256004      7.4337457E7     2.0 h           97.0 s       92.4%     2.2 h      10.0 m 
INFO  18:31:46,665 ProgressMeter -       9:5627136      7.4337457E7     2.0 h           97.0 s       92.8%     2.2 h       9.4 m 
INFO  18:32:16,666 ProgressMeter -       9:5981548      7.4337457E7     2.0 h           98.0 s       93.2%     2.2 h       8.8 m 
INFO  18:32:56,667 ProgressMeter -       9:6396083      7.4337457E7     2.0 h           98.0 s       93.7%     2.2 h       8.2 m 
INFO  18:33:26,674 ProgressMeter -       9:6694309      7.4337457E7     2.0 h           99.0 s       94.0%     2.2 h       7.8 m 
WARN  18:33:48,997 ExactAFCalculator - this tool is currently set to genotype at most 6 alternate alleles in a given context, but the context at 9:6919247 has 8 alternate alleles so only the top alleles will be used; see the --max_alternate_alleles argument 
INFO  18:33:56,674 ProgressMeter -       9:6995893      7.4337457E7     2.1 h           99.0 s       94.4%     2.2 h       7.3 m 
INFO  18:34:26,675 ProgressMeter -       9:7304133      7.4337457E7     2.1 h           99.0 s       94.7%     2.2 h       6.9 m 
INFO  18:34:56,866 ProgressMeter -       9:7466243      7.4337457E7     2.1 h          100.0 s       94.9%     2.2 h       6.6 m 
INFO  18:35:26,867 ProgressMeter -       9:7620719      7.4337457E7     2.1 h          100.0 s       95.1%     2.2 h       6.4 m 
INFO  18:35:56,868 ProgressMeter -       9:7907175      7.4337457E7     2.1 h          101.0 s       95.4%     2.2 h       6.0 m 
INFO  18:36:26,869 ProgressMeter -       9:8206743      7.4337457E7     2.1 h          101.0 s       95.8%     2.2 h       5.5 m 
INFO  18:36:56,870 ProgressMeter -       9:8389802      7.4337457E7     2.1 h          101.0 s       96.0%     2.2 h       5.2 m 
INFO  18:37:26,871 ProgressMeter -       9:8764730      7.4337457E7     2.1 h          102.0 s       96.4%     2.2 h       4.7 m 
INFO  18:38:06,872 ProgressMeter -       9:9109674      7.4337457E7     2.1 h          102.0 s       96.8%     2.2 h       4.1 m 
INFO  18:38:36,872 ProgressMeter -       9:9450117      7.4337457E7     2.1 h          103.0 s       97.2%     2.2 h       3.6 m 
INFO  18:39:06,874 ProgressMeter -       9:9749107      7.4337457E7     2.1 h          103.0 s       97.6%     2.2 h       3.2 m 
INFO  18:39:36,876 ProgressMeter -      9:10018859      7.4337457E7     2.1 h          104.0 s       97.9%     2.2 h       2.8 m 
WARN  18:39:40,279 ExactAFCalculator - this tool is currently set to genotype at most 6 alternate alleles in a given context, but the context at 9:10047312 has 8 alternate alleles so only the top alleles will be used; see the --max_alternate_alleles argument 
INFO  18:40:06,876 ProgressMeter -      9:10263959      7.4337457E7     2.2 h          104.0 s       98.2%     2.2 h       2.4 m 
INFO  18:40:36,877 ProgressMeter -      9:10572996      7.4337457E7     2.2 h          104.0 s       98.5%     2.2 h     115.0 s 
INFO  18:41:06,878 ProgressMeter -      9:10833217      7.4337457E7     2.2 h          105.0 s       98.8%     2.2 h      91.0 s 
INFO  18:41:36,879 ProgressMeter -      9:11051437      7.4337457E7     2.2 h          105.0 s       99.1%     2.2 h      71.0 s 
INFO  18:42:06,880 ProgressMeter -      9:11291507      7.4337457E7     2.2 h          106.0 s       99.4%     2.2 h      49.0 s 
INFO  18:42:36,881 ProgressMeter -      9:11585488      7.4337457E7     2.2 h          106.0 s       99.7%     2.2 h      22.0 s 
INFO  18:43:06,882 ProgressMeter -      9:11782927      7.4337457E7     2.2 h          106.0 s       99.9%     2.2 h       4.0 s 
INFO  18:43:13,669 VectorLoglessPairHMM - Time spent in setup for JNI call : 2.604066399 
INFO  18:43:13,669 PairHMM - Total compute time in PairHMM computeLikelihoods() : 466.95087449100004 
INFO  18:43:13,670 HaplotypeCaller - Ran local assembly on 431038 active regions 
INFO  18:43:13,675 ProgressMeter -            done      8.6166015E7     2.2 h           92.0 s      100.0%     2.2 h       0.0 s 
INFO  18:43:13,676 ProgressMeter - Total runtime 7948.60 secs, 132.48 min, 2.21 hours 
INFO  18:43:13,676 MicroScheduler - 3673465 reads were filtered out during the traversal out of approximately 24056936 total reads (15.27%) 
INFO  18:43:13,677 MicroScheduler -   -> 0 reads (0.00% of total) failing BadCigarFilter 
INFO  18:43:13,677 MicroScheduler -   -> 2924184 reads (12.16% of total) failing DuplicateReadFilter 
INFO  18:43:13,677 MicroScheduler -   -> 0 reads (0.00% of total) failing FailsVendorQualityCheckFilter 
INFO  18:43:13,677 MicroScheduler -   -> 720574 reads (3.00% of total) failing HCMappingQualityFilter 
INFO  18:43:13,678 MicroScheduler -   -> 0 reads (0.00% of total) failing MalformedReadFilter 
INFO  18:43:13,678 MicroScheduler -   -> 0 reads (0.00% of total) failing MappingQualityUnavailableFilter 
INFO  18:43:13,678 MicroScheduler -   -> 28707 reads (0.12% of total) failing NotPrimaryAlignmentFilter 
INFO  18:43:13,678 MicroScheduler -   -> 0 reads (0.00% of total) failing UnmappedReadFilter 
