INFO  20:06:13,790 HelpFormatter - --------------------------------------------------------------------------------- 
INFO  20:06:13,792 HelpFormatter - The Genome Analysis Toolkit (GATK) v3.4-46-g8ea4dca, Compiled 2015/08/13 20:41:56 
INFO  20:06:13,792 HelpFormatter - Copyright (c) 2010 The Broad Institute 
INFO  20:06:13,793 HelpFormatter - For support and documentation go to http://www.broadinstitute.org/gatk 
INFO  20:06:13,796 HelpFormatter - Program Args: -T PrintReads -I /mnt/nvme0n1/data/broadout/HG02571_gatk_best_practices_8t_30s_2016-07-06_18-21-01/HG02571_realign.bam -L /mnt/nvme0n1/Broad_Ref_Pipeline_approved_package/workflow_profiler/.queue/scatterGather/ExamplePrintReads-1-sg/temp_07_of_36/scatter.intervals -R /mnt/nvme0n1/Broad_Ref_Pipeline_approved_package/b37bundle/human_g1k_v37.fasta -BQSR /mnt/nvme0n1/data/broadout/HG02571_gatk_best_practices_8t_30s_2016-07-06_18-21-01/HG02571_recal.grp -o /mnt/nvme0n1/Broad_Ref_Pipeline_approved_package/workflow_profiler/.queue/scatterGather/ExamplePrintReads-1-sg/temp_07_of_36/HG02571_final.bam 
INFO  20:06:13,816 HelpFormatter - Executing as bshifaw@application-1-1.hudson.intel.com on Linux 3.10.0-327.el7.x86_64 amd64; OpenJDK 64-Bit Server VM 1.8.0_91-b14. 
INFO  20:06:13,816 HelpFormatter - Date/Time: 2016/07/06 20:06:13 
INFO  20:06:13,816 HelpFormatter - --------------------------------------------------------------------------------- 
INFO  20:06:13,817 HelpFormatter - --------------------------------------------------------------------------------- 
INFO  20:06:14,228 GenomeAnalysisEngine - Strictness is SILENT 
INFO  20:06:16,307 ContextCovariate - 		Context sizes: base substitution model 2, indel substitution model 3 
INFO  20:06:16,505 GenomeAnalysisEngine - Downsampling Settings: No downsampling 
INFO  20:06:16,536 SAMDataSource$SAMReaders - Initializing SAMRecords in serial 
INFO  20:06:16,683 SAMDataSource$SAMReaders - Done initializing BAM readers: total time 0.15 
INFO  20:06:16,801 IntervalUtils - Processing 159138663 bp from intervals 
INFO  20:06:17,263 GenomeAnalysisEngine - Preparing for traversal over 1 BAM files 
INFO  20:06:18,754 GenomeAnalysisEngine - Done preparing for traversal 
INFO  20:06:18,755 ProgressMeter - [INITIALIZATION COMPLETE; STARTING PROCESSING] 
INFO  20:06:18,755 ProgressMeter -                 | processed |    time |    per 1M |           |   total | remaining 
INFO  20:06:18,755 ProgressMeter -        Location |     reads | elapsed |     reads | completed | runtime |   runtime 
INFO  20:06:18,837 ReadShardBalancer$1 - Loading BAM index data 
INFO  20:06:20,418 ReadShardBalancer$1 - Done loading BAM index data 
INFO  20:06:48,834 ProgressMeter -       7:1474234         0.0    30.0 s      49.7 w        0.9%    54.0 m      53.5 m 
INFO  20:07:18,922 ProgressMeter -       7:4153069    100001.0    60.0 s      10.0 m        2.6%    38.3 m      37.3 m 
INFO  20:07:48,952 ProgressMeter -       7:6737540    200002.0    90.0 s       7.5 m        4.2%    35.4 m      33.9 m 
INFO  20:08:18,974 ProgressMeter -      7:10692133    300007.0   120.0 s       6.7 m        6.7%    29.8 m      27.8 m 
INFO  20:08:52,741 ProgressMeter -      7:20421505    400008.0     2.6 m       6.4 m       12.8%    19.9 m      17.3 m 
INFO  20:09:22,742 ProgressMeter -      7:24745873    600012.0     3.1 m       5.1 m       15.5%    19.6 m      16.6 m 
INFO  20:09:53,929 ProgressMeter -      7:30651807    700013.0     3.6 m       5.1 m       19.3%    18.6 m      15.0 m 
INFO  20:10:24,197 ProgressMeter -      7:37960881    900024.0     4.1 m       4.5 m       23.9%    17.1 m      13.0 m 
INFO  20:10:54,198 ProgressMeter -      7:44193031   1000025.0     4.6 m       4.6 m       27.8%    16.5 m      11.9 m 
INFO  20:11:27,557 ProgressMeter -      7:50563096   1200029.0     5.1 m       4.3 m       31.8%    16.2 m      11.0 m 
INFO  20:11:57,558 ProgressMeter -      7:64388737   1400034.0     5.6 m       4.0 m       40.5%    13.9 m       8.3 m 
INFO  20:12:27,559 ProgressMeter -      7:72522817   1600055.0     6.1 m       3.8 m       45.6%    13.5 m       7.3 m 
INFO  20:12:57,560 ProgressMeter -      7:74247969   1800066.0     6.6 m       3.7 m       46.7%    14.2 m       7.6 m 
INFO  20:13:27,561 ProgressMeter -      7:76165539   2000074.0     7.1 m       3.6 m       47.9%    14.9 m       7.8 m 
INFO  20:13:58,913 ProgressMeter -      7:86820328   2200076.0     7.7 m       3.5 m       54.6%    14.1 m       6.4 m 
INFO  20:14:28,944 ProgressMeter -      7:92982980   2400084.0     8.2 m       3.4 m       58.4%    14.0 m       5.8 m 
INFO  20:14:58,945 ProgressMeter -      7:99453280   2600091.0     8.7 m       3.3 m       62.5%    13.9 m       5.2 m 
INFO  20:15:38,946 ProgressMeter -     7:100677774   2900097.0     9.3 m       3.2 m       63.3%    14.8 m       5.4 m 
INFO  20:16:08,947 ProgressMeter -     7:102473253   3200116.0     9.8 m       3.1 m       64.4%    15.3 m       5.4 m 
INFO  20:16:38,948 ProgressMeter -     7:107836319   3400129.0    10.3 m       3.0 m       67.8%    15.2 m       4.9 m 
INFO  20:17:08,961 ProgressMeter -     7:123264755   3600133.0    10.8 m       3.0 m       77.5%    14.0 m       3.2 m 
INFO  20:17:38,962 ProgressMeter -     7:131191314   3900143.0    11.3 m       2.9 m       82.4%    13.7 m       2.4 m 
INFO  20:18:08,963 ProgressMeter -     7:140394474   4200153.0    11.8 m       2.8 m       88.2%    13.4 m      94.0 s 
INFO  20:18:38,964 ProgressMeter -     7:143964786   4500161.0    12.3 m       2.7 m       90.5%    13.6 m      77.0 s 
INFO  20:19:08,965 ProgressMeter -     7:152027880   4800180.0    12.8 m       2.7 m       95.5%    13.4 m      36.0 s 
INFO  20:19:17,153 Walker - [REDUCE RESULT] Traversal result is: org.broadinstitute.gatk.engine.io.stubs.SAMFileWriterStub@5b58129f 
INFO  20:19:17,328 ProgressMeter -            done   4999016.0    13.0 m       2.6 m      100.0%    13.0 m       0.0 s 
INFO  20:19:17,328 ProgressMeter - Total runtime 778.57 secs, 12.98 min, 0.22 hours 
INFO  20:19:17,329 MicroScheduler - 0 reads were filtered out during the traversal out of approximately 4999016 total reads (0.00%) 
INFO  20:19:17,329 MicroScheduler -   -> 0 reads (0.00% of total) failing BadCigarFilter 
INFO  20:19:17,329 MicroScheduler -   -> 0 reads (0.00% of total) failing MalformedReadFilter 
