INFO  18:00:54,712 HelpFormatter - --------------------------------------------------------------------------------- 
INFO  18:00:54,714 HelpFormatter - The Genome Analysis Toolkit (GATK) v3.4-46-g8ea4dca, Compiled 2015/08/13 20:41:56 
INFO  18:00:54,715 HelpFormatter - Copyright (c) 2010 The Broad Institute 
INFO  18:00:54,715 HelpFormatter - For support and documentation go to http://www.broadinstitute.org/gatk 
INFO  18:00:54,728 HelpFormatter - Program Args: -T HaplotypeCaller -I /home/opt/data/broadout/FC1-NA12878-01_S1_L001_gatk_best_practices_36t_30s_2015-11-10_16-39-49/FC1-NA12878-01_S1_L001_realign.bam -L /home/beris/Broad_Ref_Pipeline_approved_package/workflow_profiler/.queue/scatterGather/ExampleHaplotypeCaller-1-sg/temp_08_of_36/scatter.intervals -R /home/beris/Broad_Ref_Pipeline_approved_package/homosapiensrefgenome/Homo_sapiens_assembly19.fasta -variant_index_type LINEAR -variant_index_parameter 128000 -o /home/beris/Broad_Ref_Pipeline_approved_package/workflow_profiler/.queue/scatterGather/ExampleHaplotypeCaller-1-sg/temp_08_of_36/FC1-NA12878-01_S1_L001_realign.bam_HaplotypeCaller.g.vcf -ERC GVCF 
INFO  18:00:54,734 HelpFormatter - Executing as beris@dna on Linux 2.6.32-573.el6.x86_64 amd64; OpenJDK 64-Bit Server VM 1.7.0_79-mockbuild_2015_07_24_09_26-b00. 
INFO  18:00:54,735 HelpFormatter - Date/Time: 2015/11/10 18:00:54 
INFO  18:00:54,735 HelpFormatter - --------------------------------------------------------------------------------- 
INFO  18:00:54,735 HelpFormatter - --------------------------------------------------------------------------------- 
WARN  18:00:54,767 GATKVCFUtils - Naming your output file using the .g.vcf extension will automatically set the appropriate values  for --variant_index_type and --variant_index_parameter 
INFO  18:00:54,883 GenomeAnalysisEngine - Strictness is SILENT 
INFO  18:00:55,010 GenomeAnalysisEngine - Downsampling Settings: Method: BY_SAMPLE, Target Coverage: 500 
INFO  18:00:55,017 SAMDataSource$SAMReaders - Initializing SAMRecords in serial 
INFO  18:00:55,071 SAMDataSource$SAMReaders - Done initializing BAM readers: total time 0.05 
INFO  18:00:55,078 HCMappingQualityFilter - Filtering out reads with MAPQ < 20 
INFO  18:00:55,329 IntervalUtils - Processing 1017715 bp from intervals 
INFO  18:00:55,445 GenomeAnalysisEngine - Preparing for traversal over 1 BAM files 
INFO  18:00:56,027 GenomeAnalysisEngine - Done preparing for traversal 
INFO  18:00:56,028 ProgressMeter - [INITIALIZATION COMPLETE; STARTING PROCESSING] 
INFO  18:00:56,028 ProgressMeter -                 |      processed |    time |         per 1M |           |   total | remaining 
INFO  18:00:56,029 ProgressMeter -        Location | active regions | elapsed | active regions | completed | runtime |   runtime 
INFO  18:00:56,035 HaplotypeCaller - Standard Emitting and Calling confidence set to 0.0 for reference-model confidence output 
INFO  18:00:56,036 HaplotypeCaller - All sites annotated with PLs forced to true for reference-model confidence output 
INFO  18:00:56,346 HaplotypeCaller - Using global mismapping rate of 45 => -4.5 in log10 likelihood units 
Using AVX accelerated implementation of PairHMM
INFO  18:00:57,696 VectorLoglessPairHMM - libVectorLoglessPairHMM unpacked successfully from GATK jar file 
INFO  18:00:57,697 VectorLoglessPairHMM - Using vectorized implementation of PairHMM 
WARN  18:00:57,860 HaplotypeScore - Annotation will not be calculated, must be called from UnifiedGenotyper 
WARN  18:00:57,860 InbreedingCoeff - Annotation will not be calculated, must provide a valid PED file (-ped) from the command line. 
INFO  18:01:26,042 ProgressMeter -      3:53217085      9.2320919E7    30.0 s            0.0 s       20.9%     2.4 m     113.0 s 
INFO  18:01:56,047 ProgressMeter -     3:110830927     7.64062376E8    60.0 s            0.0 s       52.7%   113.0 s      53.0 s 
INFO  18:02:26,050 ProgressMeter -     3:133338948     2.08342868E9    90.0 s            0.0 s       87.5%   102.0 s      12.0 s 
INFO  18:02:35,645 VectorLoglessPairHMM - Time spent in setup for JNI call : 0.029161397000000002 
INFO  18:02:35,645 PairHMM - Total compute time in PairHMM computeLikelihoods() : 4.004623882000001 
INFO  18:02:35,645 HaplotypeCaller - Ran local assembly on 9782 active regions 
INFO  18:02:35,653 ProgressMeter -            done    2.736712419E9    99.0 s            0.0 s      100.0%    99.0 s       0.0 s 
INFO  18:02:35,653 ProgressMeter - Total runtime 99.63 secs, 1.66 min, 0.03 hours 
INFO  18:02:35,654 MicroScheduler - 18829 reads were filtered out during the traversal out of approximately 493089 total reads (3.82%) 
INFO  18:02:35,654 MicroScheduler -   -> 0 reads (0.00% of total) failing BadCigarFilter 
INFO  18:02:35,654 MicroScheduler -   -> 16129 reads (3.27% of total) failing DuplicateReadFilter 
INFO  18:02:35,654 MicroScheduler -   -> 0 reads (0.00% of total) failing FailsVendorQualityCheckFilter 
INFO  18:02:35,655 MicroScheduler -   -> 2642 reads (0.54% of total) failing HCMappingQualityFilter 
INFO  18:02:35,655 MicroScheduler -   -> 0 reads (0.00% of total) failing MalformedReadFilter 
INFO  18:02:35,655 MicroScheduler -   -> 0 reads (0.00% of total) failing MappingQualityUnavailableFilter 
INFO  18:02:35,655 MicroScheduler -   -> 58 reads (0.01% of total) failing NotPrimaryAlignmentFilter 
INFO  18:02:35,656 MicroScheduler -   -> 0 reads (0.00% of total) failing UnmappedReadFilter 
