INFO  11:29:12,011 HelpFormatter - --------------------------------------------------------------------------------- 
INFO  11:29:12,013 HelpFormatter - The Genome Analysis Toolkit (GATK) v3.4-46-g8ea4dca, Compiled 2015/08/13 20:41:56 
INFO  11:29:12,014 HelpFormatter - Copyright (c) 2010 The Broad Institute 
INFO  11:29:12,014 HelpFormatter - For support and documentation go to http://www.broadinstitute.org/gatk 
INFO  11:29:12,017 HelpFormatter - Program Args: -T BaseRecalibrator -I /mnt/ssdbroad/output/sim1M_pairs_gatk_best_practices_36t_30s_2016-02-11_11-03-56/sim1M_pairs_realign.bam -L /mnt/ssdbroad/Broad_Ref_Pipeline_approved_package/workflow_profiler/.queue/scatterGather/ExampleBaseRecalibrator-1-sg/temp_04_of_36/scatter.intervals -R /mnt/ssdbroad/Broad_Ref_Pipeline_approved_package/homosapiensrefgenome/Homo_sapiens_assembly19.fasta -knownSites /mnt/ssdbroad/Broad_Ref_Pipeline_approved_package/homosapiensrefgenome/Homo_sapiens_assembly19.dbsnp.vcf -o /mnt/ssdbroad/Broad_Ref_Pipeline_approved_package/workflow_profiler/.queue/scatterGather/ExampleBaseRecalibrator-1-sg/temp_04_of_36/sim1M_pairs_recal.grp 
INFO  11:29:12,026 HelpFormatter - Executing as beris@dna on Linux 2.6.32-573.el6.x86_64 amd64; OpenJDK 64-Bit Server VM 1.7.0_79-mockbuild_2015_07_24_09_26-b00. 
INFO  11:29:12,026 HelpFormatter - Date/Time: 2016/02/11 11:29:12 
INFO  11:29:12,027 HelpFormatter - --------------------------------------------------------------------------------- 
INFO  11:29:12,027 HelpFormatter - --------------------------------------------------------------------------------- 
INFO  11:29:12,124 GenomeAnalysisEngine - Strictness is SILENT 
INFO  11:29:12,274 GenomeAnalysisEngine - Downsampling Settings: No downsampling 
INFO  11:29:12,281 SAMDataSource$SAMReaders - Initializing SAMRecords in serial 
INFO  11:29:12,325 SAMDataSource$SAMReaders - Done initializing BAM readers: total time 0.04 
WARN  11:33:09,443 RMDTrackBuilder - Unable to write to /mnt/ssdbroad/Broad_Ref_Pipeline_approved_package/homosapiensrefgenome/Homo_sapiens_assembly19.dbsnp.vcf.idx for the index file, creating index in memory only 
INFO  11:33:09,472 IntervalUtils - Processing 191154276 bp from intervals 
INFO  11:33:09,624 GenomeAnalysisEngine - Preparing for traversal over 1 BAM files 
INFO  11:33:10,295 GenomeAnalysisEngine - Done preparing for traversal 
INFO  11:33:10,296 ProgressMeter - [INITIALIZATION COMPLETE; STARTING PROCESSING] 
INFO  11:33:10,296 ProgressMeter -                 | processed |    time |    per 1M |           |   total | remaining 
INFO  11:33:10,296 ProgressMeter -        Location |     reads | elapsed |     reads | completed | runtime |   runtime 
INFO  11:33:10,349 BaseRecalibrator - The covariates being used here:  
INFO  11:33:10,349 BaseRecalibrator - 	ReadGroupCovariate 
INFO  11:33:10,349 BaseRecalibrator - 	QualityScoreCovariate 
INFO  11:33:10,350 BaseRecalibrator - 	ContextCovariate 
INFO  11:33:10,350 ContextCovariate - 		Context sizes: base substitution model 2, indel substitution model 3 
INFO  11:33:10,350 BaseRecalibrator - 	CycleCovariate 
INFO  11:33:10,352 ReadShardBalancer$1 - Loading BAM index data 
INFO  11:33:11,368 ReadShardBalancer$1 - Done loading BAM index data 
INFO  11:33:40,325 ProgressMeter -      4:85097703         0.0    30.0 s      49.6 w       44.5%    67.0 s      37.0 s 
INFO  11:33:46,656 BaseRecalibrator - Calculating quantized quality scores... 
INFO  11:33:46,704 BaseRecalibrator - Writing recalibration report... 
INFO  11:33:47,745 BaseRecalibrator - ...done! 
INFO  11:33:47,746 BaseRecalibrator - BaseRecalibrator was able to recalibrate 119960 reads 
INFO  11:33:47,746 ProgressMeter -            done    119960.0    37.0 s       5.2 m       99.9%    37.0 s       0.0 s 
INFO  11:33:47,747 ProgressMeter - Total runtime 37.45 secs, 0.62 min, 0.01 hours 
INFO  11:33:47,747 MicroScheduler - 945 reads were filtered out during the traversal out of approximately 120905 total reads (0.78%) 
INFO  11:33:47,747 MicroScheduler -   -> 0 reads (0.00% of total) failing BadCigarFilter 
INFO  11:33:47,747 MicroScheduler -   -> 0 reads (0.00% of total) failing DuplicateReadFilter 
INFO  11:33:47,748 MicroScheduler -   -> 0 reads (0.00% of total) failing FailsVendorQualityCheckFilter 
INFO  11:33:47,748 MicroScheduler -   -> 0 reads (0.00% of total) failing MalformedReadFilter 
INFO  11:33:47,748 MicroScheduler -   -> 0 reads (0.00% of total) failing MappingQualityUnavailableFilter 
INFO  11:33:47,748 MicroScheduler -   -> 934 reads (0.77% of total) failing MappingQualityZeroFilter 
INFO  11:33:47,748 MicroScheduler -   -> 11 reads (0.01% of total) failing NotPrimaryAlignmentFilter 
INFO  11:33:47,749 MicroScheduler -   -> 0 reads (0.00% of total) failing UnmappedReadFilter 
