INFO  20:39:39,020 HelpFormatter - --------------------------------------------------------------------------------- 
INFO  20:39:39,023 HelpFormatter - The Genome Analysis Toolkit (GATK) v3.4-46-g8ea4dca, Compiled 2015/08/13 20:41:56 
INFO  20:39:39,023 HelpFormatter - Copyright (c) 2010 The Broad Institute 
INFO  20:39:39,023 HelpFormatter - For support and documentation go to http://www.broadinstitute.org/gatk 
INFO  20:39:39,029 HelpFormatter - Program Args: -T HaplotypeCaller -I /home/opt/data/broadout/FC1-NA12878-01_S1_L001_R1_001_gatk_best_practices_36t_30s_2015-11-05_19-14-59/FC1-NA12878-01_S1_L001_R1_001_realign.bam -L /home/beris/Broad_Ref_Pipeline_approved_package/workflow_profiler/.queue/scatterGather/ExampleHaplotypeCaller-1-sg/temp_17_of_36/scatter.intervals -R /home/beris/Broad_Ref_Pipeline_approved_package/homosapiensrefgenome/Homo_sapiens_assembly19.fasta -variant_index_type LINEAR -variant_index_parameter 128000 -o /home/beris/Broad_Ref_Pipeline_approved_package/workflow_profiler/.queue/scatterGather/ExampleHaplotypeCaller-1-sg/temp_17_of_36/FC1-NA12878-01_S1_L001_R1_001_realign.bam_HaplotypeCaller.g.vcf -ERC GVCF 
INFO  20:39:39,037 HelpFormatter - Executing as beris@dna on Linux 2.6.32-573.el6.x86_64 amd64; OpenJDK 64-Bit Server VM 1.7.0_79-mockbuild_2015_07_24_09_26-b00. 
INFO  20:39:39,037 HelpFormatter - Date/Time: 2015/11/05 20:39:39 
INFO  20:39:39,038 HelpFormatter - --------------------------------------------------------------------------------- 
INFO  20:39:39,038 HelpFormatter - --------------------------------------------------------------------------------- 
WARN  20:39:39,071 GATKVCFUtils - Naming your output file using the .g.vcf extension will automatically set the appropriate values  for --variant_index_type and --variant_index_parameter 
INFO  20:39:39,184 GenomeAnalysisEngine - Strictness is SILENT 
INFO  20:39:39,304 GenomeAnalysisEngine - Downsampling Settings: Method: BY_SAMPLE, Target Coverage: 500 
INFO  20:39:39,316 SAMDataSource$SAMReaders - Initializing SAMRecords in serial 
INFO  20:39:39,365 SAMDataSource$SAMReaders - Done initializing BAM readers: total time 0.05 
INFO  20:39:39,375 HCMappingQualityFilter - Filtering out reads with MAPQ < 20 
INFO  20:39:39,597 IntervalUtils - Processing 1017715 bp from intervals 
INFO  20:39:39,694 GenomeAnalysisEngine - Preparing for traversal over 1 BAM files 
INFO  20:39:40,062 GenomeAnalysisEngine - Done preparing for traversal 
INFO  20:39:40,063 ProgressMeter - [INITIALIZATION COMPLETE; STARTING PROCESSING] 
INFO  20:39:40,063 ProgressMeter -                 |      processed |    time |         per 1M |           |   total | remaining 
INFO  20:39:40,064 ProgressMeter -        Location | active regions | elapsed | active regions | completed | runtime |   runtime 
INFO  20:39:40,065 HaplotypeCaller - Standard Emitting and Calling confidence set to 0.0 for reference-model confidence output 
INFO  20:39:40,065 HaplotypeCaller - All sites annotated with PLs forced to true for reference-model confidence output 
INFO  20:39:40,284 HaplotypeCaller - Using global mismapping rate of 45 => -4.5 in log10 likelihood units 
Using AVX accelerated implementation of PairHMM
INFO  20:39:43,010 VectorLoglessPairHMM - libVectorLoglessPairHMM unpacked successfully from GATK jar file 
INFO  20:39:43,011 VectorLoglessPairHMM - Using vectorized implementation of PairHMM 
WARN  20:39:43,209 HaplotypeScore - Annotation will not be calculated, must be called from UnifiedGenotyper 
WARN  20:39:43,209 InbreedingCoeff - Annotation will not be calculated, must provide a valid PED file (-ped) from the command line. 
INFO  20:40:10,081 ProgressMeter -        9:382538      6.2498792E7    30.0 s            0.0 s       20.0%     2.5 m     120.0 s 
WARN  20:40:11,396 ExactAFCalculator - this tool is currently set to genotype at most 6 alternate alleles in a given context, but the context at 9:451971 has 9 alternate alleles so only the top alleles will be used; see the --max_alternate_alleles argument 
WARN  20:40:11,399 ExactAFCalculator - this tool is currently set to genotype at most 6 alternate alleles in a given context, but the context at 9:451973 has 9 alternate alleles so only the top alleles will be used; see the --max_alternate_alleles argument 
WARN  20:40:11,405 ExactAFCalculator - this tool is currently set to genotype at most 6 alternate alleles in a given context, but the context at 9:451975 has 9 alternate alleles so only the top alleles will be used; see the --max_alternate_alleles argument 
WARN  20:40:11,409 ExactAFCalculator - this tool is currently set to genotype at most 6 alternate alleles in a given context, but the context at 9:451977 has 9 alternate alleles so only the top alleles will be used; see the --max_alternate_alleles argument 
INFO  20:40:40,083 ProgressMeter -      9:38595882     3.36396989E8    60.0 s            0.0 s       53.9%   111.0 s      51.0 s 
INFO  20:41:10,087 ProgressMeter -     9:103072529    1.350955133E9    90.0 s            0.0 s       90.3%    99.0 s       9.0 s 
INFO  20:41:17,555 VectorLoglessPairHMM - Time spent in setup for JNI call : 0.039919582 
INFO  20:41:17,556 PairHMM - Total compute time in PairHMM computeLikelihoods() : 5.363933052 
INFO  20:41:17,556 HaplotypeCaller - Ran local assembly on 10137 active regions 
INFO  20:41:17,565 ProgressMeter -            done    1.790143693E9    97.0 s            0.0 s      100.0%    97.0 s       0.0 s 
INFO  20:41:17,566 ProgressMeter - Total runtime 97.50 secs, 1.63 min, 0.03 hours 
INFO  20:41:17,566 MicroScheduler - 176685 reads were filtered out during the traversal out of approximately 532277 total reads (33.19%) 
INFO  20:41:17,566 MicroScheduler -   -> 0 reads (0.00% of total) failing BadCigarFilter 
INFO  20:41:17,566 MicroScheduler -   -> 123488 reads (23.20% of total) failing DuplicateReadFilter 
INFO  20:41:17,567 MicroScheduler -   -> 0 reads (0.00% of total) failing FailsVendorQualityCheckFilter 
INFO  20:41:17,567 MicroScheduler -   -> 53145 reads (9.98% of total) failing HCMappingQualityFilter 
INFO  20:41:17,567 MicroScheduler -   -> 0 reads (0.00% of total) failing MalformedReadFilter 
INFO  20:41:17,567 MicroScheduler -   -> 0 reads (0.00% of total) failing MappingQualityUnavailableFilter 
INFO  20:41:17,567 MicroScheduler -   -> 52 reads (0.01% of total) failing NotPrimaryAlignmentFilter 
INFO  20:41:17,568 MicroScheduler -   -> 0 reads (0.00% of total) failing UnmappedReadFilter 
