INFO  20:47:27,575 HelpFormatter - --------------------------------------------------------------------------------- 
INFO  20:47:27,584 HelpFormatter - The Genome Analysis Toolkit (GATK) v3.4-46-g8ea4dca, Compiled 2015/08/13 20:41:56 
INFO  20:47:27,585 HelpFormatter - Copyright (c) 2010 The Broad Institute 
INFO  20:47:27,585 HelpFormatter - For support and documentation go to http://www.broadinstitute.org/gatk 
INFO  20:47:27,589 HelpFormatter - Program Args: -T HaplotypeCaller -I /mnt/nvme0n1/data/broadout/HG02561_gatk_best_practices_8t_30s_2016-07-06_18-21-00/HG02561_final.bam -L /mnt/nvme0n1/Broad_Ref_Pipeline_approved_package/workflow_profiler/.queue/scatterGather/ExampleHaplotypeCaller-1-sg/temp_17_of_36/scatter.intervals -R /mnt/nvme0n1/Broad_Ref_Pipeline_approved_package/b37bundle/human_g1k_v37.fasta -variant_index_type LINEAR -variant_index_parameter 128000 -o /mnt/nvme0n1/Broad_Ref_Pipeline_approved_package/workflow_profiler/.queue/scatterGather/ExampleHaplotypeCaller-1-sg/temp_17_of_36/HG02561_HaplotypeCaller.g.vcf -ERC GVCF 
INFO  20:47:27,616 HelpFormatter - Executing as bshifaw@application-1-1.hudson.intel.com on Linux 3.10.0-327.el7.x86_64 amd64; OpenJDK 64-Bit Server VM 1.8.0_91-b14. 
INFO  20:47:27,616 HelpFormatter - Date/Time: 2016/07/06 20:47:27 
INFO  20:47:27,617 HelpFormatter - --------------------------------------------------------------------------------- 
INFO  20:47:27,617 HelpFormatter - --------------------------------------------------------------------------------- 
WARN  20:47:27,620 GATKVCFUtils - Naming your output file using the .g.vcf extension will automatically set the appropriate values  for --variant_index_type and --variant_index_parameter 
INFO  20:47:27,722 GenomeAnalysisEngine - Strictness is SILENT 
INFO  20:47:27,839 GenomeAnalysisEngine - Downsampling Settings: Method: BY_SAMPLE, Target Coverage: 500 
INFO  20:47:27,845 SAMDataSource$SAMReaders - Initializing SAMRecords in serial 
INFO  20:47:27,937 SAMDataSource$SAMReaders - Done initializing BAM readers: total time 0.09 
INFO  20:47:27,970 HCMappingQualityFilter - Filtering out reads with MAPQ < 20 
INFO  20:47:28,141 IntervalUtils - Processing 1437965 bp from intervals 
INFO  20:47:28,263 GenomeAnalysisEngine - Preparing for traversal over 1 BAM files 
INFO  20:47:28,475 GenomeAnalysisEngine - Done preparing for traversal 
INFO  20:47:28,475 ProgressMeter - [INITIALIZATION COMPLETE; STARTING PROCESSING] 
INFO  20:47:28,476 ProgressMeter -                 |      processed |    time |         per 1M |           |   total | remaining 
INFO  20:47:28,476 ProgressMeter -        Location | active regions | elapsed | active regions | completed | runtime |   runtime 
INFO  20:47:28,476 HaplotypeCaller - Standard Emitting and Calling confidence set to 0.0 for reference-model confidence output 
INFO  20:47:28,476 HaplotypeCaller - All sites annotated with PLs forced to true for reference-model confidence output 
INFO  20:47:28,661 HaplotypeCaller - Using global mismapping rate of 45 => -4.5 in log10 likelihood units 
Using AVX accelerated implementation of PairHMM
INFO  20:47:30,038 VectorLoglessPairHMM - libVectorLoglessPairHMM unpacked successfully from GATK jar file 
INFO  20:47:30,049 VectorLoglessPairHMM - Using vectorized implementation of PairHMM 
WARN  20:47:30,272 HaplotypeScore - Annotation will not be calculated, must be called from UnifiedGenotyper 
WARN  20:47:30,272 InbreedingCoeff - Annotation will not be calculated, must provide a valid PED file (-ped) from the command line. 
INFO  20:47:58,528 ProgressMeter -     8:143761880         277128.0    30.0 s          108.0 s        1.0%    48.4 m      47.9 m 
INFO  20:48:28,557 ProgressMeter -     8:144391627        1500962.0    60.0 s           40.0 s        2.3%    42.9 m      41.9 m 
INFO  20:48:58,562 ProgressMeter -     8:144652763        2971485.0    90.0 s           30.0 s        3.5%    43.0 m      41.5 m 
INFO  20:49:28,563 ProgressMeter -     8:144896163        5713281.0   120.0 s           21.0 s        5.6%    35.7 m      33.7 m 
INFO  20:49:58,564 ProgressMeter -     8:144941228        6546702.0     2.5 m           22.0 s        6.0%    41.5 m      39.0 m 
INFO  20:50:38,567 ProgressMeter -     8:145584522       1.792599E7     3.2 m           10.0 s       11.2%    28.3 m      25.1 m 
INFO  20:51:08,568 ProgressMeter -     8:146067417      3.1911018E7     3.7 m            6.0 s       15.2%    24.1 m      20.4 m 
INFO  20:51:38,568 ProgressMeter -       9:2641325      3.6316728E7     4.2 m            6.0 s       18.4%    22.7 m      18.5 m 
INFO  20:52:08,570 ProgressMeter -       9:6539999      5.2065836E7     4.7 m            5.0 s       23.3%    20.0 m      15.4 m 
INFO  20:52:38,573 ProgressMeter -      9:15744792      8.6304046E7     5.2 m            3.0 s       27.7%    18.6 m      13.5 m 
INFO  20:53:08,574 ProgressMeter -      9:20946648     1.25681959E8     5.7 m            2.0 s       31.7%    17.9 m      12.2 m 
INFO  20:53:38,575 ProgressMeter -      9:32418984     1.66324658E8     6.2 m            2.0 s       35.4%    17.4 m      11.3 m 
INFO  20:54:08,576 ProgressMeter -      9:34251338     2.22716196E8     6.7 m            1.0 s       39.5%    16.9 m      10.2 m 
INFO  20:54:38,580 ProgressMeter -      9:35559171     2.77129861E8     7.2 m            1.0 s       44.1%    16.3 m       9.1 m 
INFO  20:55:08,581 ProgressMeter -      9:35957084     3.10016398E8     7.7 m            1.0 s       47.8%    16.0 m       8.4 m 
INFO  20:55:38,582 ProgressMeter -      9:38396379     3.91471258E8     8.2 m            1.0 s       51.4%    15.9 m       7.7 m 
INFO  20:56:08,583 ProgressMeter -      9:74324123     5.66951357E8     8.7 m            0.0 s       59.0%    14.7 m       6.0 m 
INFO  20:56:38,584 ProgressMeter -      9:79325275     7.07887682E8     9.2 m            0.0 s       63.2%    14.5 m       5.3 m 
INFO  20:57:08,586 ProgressMeter -      9:84606537     8.18587712E8     9.7 m            0.0 s       66.2%    14.6 m       4.9 m 
INFO  20:57:38,587 ProgressMeter -      9:90321695    1.001262375E9    10.2 m            0.0 s       71.0%    14.3 m       4.2 m 
INFO  20:58:08,591 ProgressMeter -      9:95609458    1.192009071E9    10.7 m            0.0 s       76.0%    14.0 m       3.4 m 
INFO  20:58:38,592 ProgressMeter -      9:99521574    1.446803262E9    11.2 m            0.0 s       81.7%    13.7 m       2.5 m 
INFO  20:59:08,593 ProgressMeter -     9:102607182    1.709095911E9    11.7 m            0.0 s       87.2%    13.4 m     102.0 s 
INFO  20:59:38,595 ProgressMeter -     9:107367746    1.860301455E9    12.2 m            0.0 s       90.8%    13.4 m      73.0 s 
INFO  21:00:08,622 ProgressMeter -     9:111938779    2.079139462E9    12.7 m            0.0 s       95.1%    13.3 m      39.0 s 
INFO  21:00:29,964 VectorLoglessPairHMM - Time spent in setup for JNI call : 0.396767024 
INFO  21:00:29,965 PairHMM - Total compute time in PairHMM computeLikelihoods() : 90.25749709700001 
INFO  21:00:29,966 HaplotypeCaller - Ran local assembly on 8391 active regions 
INFO  21:00:29,982 ProgressMeter -            done     2.37077792E9    13.0 m            0.0 s      100.0%    13.0 m       0.0 s 
INFO  21:00:29,983 ProgressMeter - Total runtime 781.51 secs, 13.03 min, 0.22 hours 
INFO  21:00:29,992 MicroScheduler - 620331 reads were filtered out during the traversal out of approximately 2588384 total reads (23.97%) 
INFO  21:00:29,993 MicroScheduler -   -> 0 reads (0.00% of total) failing BadCigarFilter 
INFO  21:00:29,993 MicroScheduler -   -> 332085 reads (12.83% of total) failing DuplicateReadFilter 
INFO  21:00:29,993 MicroScheduler -   -> 0 reads (0.00% of total) failing FailsVendorQualityCheckFilter 
INFO  21:00:29,993 MicroScheduler -   -> 288064 reads (11.13% of total) failing HCMappingQualityFilter 
INFO  21:00:29,994 MicroScheduler -   -> 0 reads (0.00% of total) failing MalformedReadFilter 
INFO  21:00:29,994 MicroScheduler -   -> 0 reads (0.00% of total) failing MappingQualityUnavailableFilter 
INFO  21:00:29,994 MicroScheduler -   -> 182 reads (0.01% of total) failing NotPrimaryAlignmentFilter 
INFO  21:00:29,994 MicroScheduler -   -> 0 reads (0.00% of total) failing UnmappedReadFilter 
