INFO  17:35:10,157 HelpFormatter - --------------------------------------------------------------------------------- 
INFO  17:35:10,160 HelpFormatter - The Genome Analysis Toolkit (GATK) v3.4-46-g8ea4dca, Compiled 2015/08/13 20:41:56 
INFO  17:35:10,160 HelpFormatter - Copyright (c) 2010 The Broad Institute 
INFO  17:35:10,160 HelpFormatter - For support and documentation go to http://www.broadinstitute.org/gatk 
INFO  17:35:10,163 HelpFormatter - Program Args: -T BaseRecalibrator -I /home/opt/data/broadout/FC1-NA12878-01_S1_L001_gatk_best_practices_36t_30s_2015-11-10_16-39-49/FC1-NA12878-01_S1_L001_realign.bam -L /home/beris/Broad_Ref_Pipeline_approved_package/workflow_profiler/.queue/scatterGather/ExampleBaseRecalibrator-1-sg/temp_15_of_24/scatter.intervals -R /home/beris/Broad_Ref_Pipeline_approved_package/homosapiensrefgenome/Homo_sapiens_assembly19.fasta -knownSites /home/beris/Broad_Ref_Pipeline_approved_package/homosapiensrefgenome/Homo_sapiens_assembly19.dbsnp.vcf -o /home/beris/Broad_Ref_Pipeline_approved_package/workflow_profiler/.queue/scatterGather/ExampleBaseRecalibrator-1-sg/temp_15_of_24/FC1-NA12878-01_S1_L001_recal.grp 
INFO  17:35:10,177 HelpFormatter - Executing as beris@dna on Linux 2.6.32-573.el6.x86_64 amd64; OpenJDK 64-Bit Server VM 1.7.0_79-mockbuild_2015_07_24_09_26-b00. 
INFO  17:35:10,178 HelpFormatter - Date/Time: 2015/11/10 17:35:10 
INFO  17:35:10,178 HelpFormatter - --------------------------------------------------------------------------------- 
INFO  17:35:10,178 HelpFormatter - --------------------------------------------------------------------------------- 
INFO  17:35:10,263 GenomeAnalysisEngine - Strictness is SILENT 
INFO  17:35:10,359 GenomeAnalysisEngine - Downsampling Settings: No downsampling 
INFO  17:35:10,366 SAMDataSource$SAMReaders - Initializing SAMRecords in serial 
INFO  17:35:10,403 SAMDataSource$SAMReaders - Done initializing BAM readers: total time 0.04 
INFO  17:35:10,872 IntervalUtils - Processing 1324383 bp from intervals 
INFO  17:35:10,976 GenomeAnalysisEngine - Preparing for traversal over 1 BAM files 
INFO  17:35:11,326 GenomeAnalysisEngine - Done preparing for traversal 
INFO  17:35:11,326 ProgressMeter - [INITIALIZATION COMPLETE; STARTING PROCESSING] 
INFO  17:35:11,326 ProgressMeter -                 | processed |    time |    per 1M |           |   total | remaining 
INFO  17:35:11,327 ProgressMeter -        Location |     reads | elapsed |     reads | completed | runtime |   runtime 
INFO  17:35:11,494 BaseRecalibrator - The covariates being used here:  
INFO  17:35:11,495 BaseRecalibrator - 	ReadGroupCovariate 
INFO  17:35:11,495 BaseRecalibrator - 	QualityScoreCovariate 
INFO  17:35:11,495 BaseRecalibrator - 	ContextCovariate 
INFO  17:35:11,495 ContextCovariate - 		Context sizes: base substitution model 2, indel substitution model 3 
INFO  17:35:11,496 BaseRecalibrator - 	CycleCovariate 
INFO  17:35:11,498 ReadShardBalancer$1 - Loading BAM index data 
INFO  17:35:11,743 ReadShardBalancer$1 - Done loading BAM index data 
INFO  17:35:41,461 ProgressMeter -     15:42640487    100001.0    30.0 s       5.0 m       25.6%   117.0 s      87.0 s 
INFO  17:36:11,462 ProgressMeter -     15:65780108    300003.0    60.0 s       3.3 m       60.1%    99.0 s      39.0 s 
INFO  17:36:35,414 BaseRecalibrator - Calculating quantized quality scores... 
INFO  17:36:35,469 BaseRecalibrator - Writing recalibration report... 
INFO  17:36:36,170 BaseRecalibrator - ...done! 
INFO  17:36:36,171 BaseRecalibrator - BaseRecalibrator was able to recalibrate 571219 reads 
INFO  17:36:36,172 ProgressMeter -            done    571219.0    84.0 s       2.5 m      100.0%    84.0 s       0.0 s 
INFO  17:36:36,173 ProgressMeter - Total runtime 84.85 secs, 1.41 min, 0.02 hours 
INFO  17:36:36,173 MicroScheduler - 60643 reads were filtered out during the traversal out of approximately 631862 total reads (9.60%) 
INFO  17:36:36,173 MicroScheduler -   -> 0 reads (0.00% of total) failing BadCigarFilter 
INFO  17:36:36,174 MicroScheduler -   -> 21363 reads (3.38% of total) failing DuplicateReadFilter 
INFO  17:36:36,174 MicroScheduler -   -> 0 reads (0.00% of total) failing FailsVendorQualityCheckFilter 
INFO  17:36:36,174 MicroScheduler -   -> 0 reads (0.00% of total) failing MalformedReadFilter 
INFO  17:36:36,174 MicroScheduler -   -> 0 reads (0.00% of total) failing MappingQualityUnavailableFilter 
INFO  17:36:36,174 MicroScheduler -   -> 39216 reads (6.21% of total) failing MappingQualityZeroFilter 
INFO  17:36:36,174 MicroScheduler -   -> 64 reads (0.01% of total) failing NotPrimaryAlignmentFilter 
INFO  17:36:36,175 MicroScheduler -   -> 0 reads (0.00% of total) failing UnmappedReadFilter 
