INFO  16:30:45,696 HelpFormatter - --------------------------------------------------------------------------------- 
INFO  16:30:45,698 HelpFormatter - The Genome Analysis Toolkit (GATK) v3.4-46-g8ea4dca, Compiled 2015/08/13 20:41:56 
INFO  16:30:45,698 HelpFormatter - Copyright (c) 2010 The Broad Institute 
INFO  16:30:45,699 HelpFormatter - For support and documentation go to http://www.broadinstitute.org/gatk 
INFO  16:30:45,715 HelpFormatter - Program Args: -T HaplotypeCaller -I /mnt/ssdbroad/output/Solexa-272221_gatk_best_practices_36t_30s_2016-02-11_11-59-19/Solexa-272221_final.bam -L /mnt/ssdbroad/Broad_Ref_Pipeline_approved_package/workflow_profiler/.queue/scatterGather/ExampleHaplotypeCaller-1-sg/temp_35_of_36/scatter.intervals -R /mnt/ssdbroad/Broad_Ref_Pipeline_approved_package/homosapiensrefgenome/Homo_sapiens_assembly19.fasta -variant_index_type LINEAR -variant_index_parameter 128000 -o /mnt/ssdbroad/Broad_Ref_Pipeline_approved_package/workflow_profiler/.queue/scatterGather/ExampleHaplotypeCaller-1-sg/temp_35_of_36/Solexa-272221_HaplotypeCaller.g.vcf -ERC GVCF 
INFO  16:30:45,735 HelpFormatter - Executing as beris@dna on Linux 2.6.32-573.el6.x86_64 amd64; OpenJDK 64-Bit Server VM 1.7.0_79-mockbuild_2015_07_24_09_26-b00. 
INFO  16:30:45,736 HelpFormatter - Date/Time: 2016/02/12 16:30:45 
INFO  16:30:45,736 HelpFormatter - --------------------------------------------------------------------------------- 
INFO  16:30:45,736 HelpFormatter - --------------------------------------------------------------------------------- 
WARN  16:30:45,772 GATKVCFUtils - Naming your output file using the .g.vcf extension will automatically set the appropriate values  for --variant_index_type and --variant_index_parameter 
INFO  16:30:45,946 GenomeAnalysisEngine - Strictness is SILENT 
INFO  16:30:46,099 GenomeAnalysisEngine - Downsampling Settings: Method: BY_SAMPLE, Target Coverage: 500 
INFO  16:30:46,128 SAMDataSource$SAMReaders - Initializing SAMRecords in serial 
INFO  16:30:46,188 SAMDataSource$SAMReaders - Done initializing BAM readers: total time 0.06 
INFO  16:30:46,207 HCMappingQualityFilter - Filtering out reads with MAPQ < 20 
INFO  16:30:46,218 IntervalUtils - Processing 86166015 bp from intervals 
INFO  16:30:46,317 GenomeAnalysisEngine - Preparing for traversal over 1 BAM files 
INFO  16:30:46,724 GenomeAnalysisEngine - Done preparing for traversal 
INFO  16:30:46,724 ProgressMeter - [INITIALIZATION COMPLETE; STARTING PROCESSING] 
INFO  16:30:46,725 ProgressMeter -                 |      processed |    time |         per 1M |           |   total | remaining 
INFO  16:30:46,725 ProgressMeter -        Location | active regions | elapsed | active regions | completed | runtime |   runtime 
INFO  16:30:46,725 HaplotypeCaller - Standard Emitting and Calling confidence set to 0.0 for reference-model confidence output 
INFO  16:30:46,726 HaplotypeCaller - All sites annotated with PLs forced to true for reference-model confidence output 
INFO  16:30:46,862 HaplotypeCaller - Using global mismapping rate of 45 => -4.5 in log10 likelihood units 
Using AVX accelerated implementation of PairHMM
INFO  16:30:51,733 VectorLoglessPairHMM - libVectorLoglessPairHMM unpacked successfully from GATK jar file 
INFO  16:30:51,749 VectorLoglessPairHMM - Using vectorized implementation of PairHMM 
WARN  16:30:51,904 HaplotypeScore - Annotation will not be calculated, must be called from UnifiedGenotyper 
WARN  16:30:51,904 InbreedingCoeff - Annotation will not be calculated, must provide a valid PED file (-ped) from the command line. 
INFO  16:31:16,732 ProgressMeter -      X:48711848              0.0    30.0 s           49.6 w        0.1%     7.1 h       7.1 h 
INFO  16:31:46,733 ProgressMeter -      X:49168919              0.0    60.0 s           99.2 w        0.6%     2.6 h       2.6 h 
INFO  16:32:16,734 ProgressMeter -      X:49969979              0.0    90.0 s          148.8 w        1.6%    95.1 m      93.6 m 
INFO  16:32:46,735 ProgressMeter -      X:50506203              0.0   120.0 s          198.4 w        2.2%    90.9 m      88.9 m 
INFO  16:33:26,736 ProgressMeter -      X:51322399              0.0     2.7 m          264.6 w        3.1%    84.8 m      82.1 m 
INFO  16:33:56,736 ProgressMeter -      X:52066801              0.0     3.2 m          314.2 w        4.0%    79.0 m      75.8 m 
INFO  16:34:26,737 ProgressMeter -      X:53171631              0.0     3.7 m          363.8 w        5.3%    69.3 m      65.6 m 
INFO  16:34:56,738 ProgressMeter -      X:53828041              0.0     4.2 m          413.4 w        6.1%    68.8 m      64.7 m 
INFO  16:35:36,739 ProgressMeter -      X:54787379              0.0     4.8 m          479.5 w        7.2%    67.4 m      62.6 m 
INFO  16:36:06,739 ProgressMeter -      X:55421006              0.0     5.3 m          529.1 w        7.9%    67.5 m      62.2 m 
INFO  16:36:36,740 ProgressMeter -      X:56080441              0.0     5.8 m          578.7 w        8.7%    67.3 m      61.5 m 
INFO  16:37:06,741 ProgressMeter -      X:56679895              0.0     6.3 m          628.3 w        9.4%    67.6 m      61.3 m 
INFO  16:37:36,742 ProgressMeter -      X:57287576              0.0     6.8 m          677.9 w       10.1%    67.9 m      61.0 m 
INFO  16:38:06,743 ProgressMeter -      X:57981708              0.0     7.3 m          727.5 w       10.9%    67.4 m      60.1 m 
INFO  16:38:46,744 ProgressMeter -      X:58566427              0.0     8.0 m          793.7 w       11.6%    69.2 m      61.2 m 
INFO  16:39:16,744 ProgressMeter -      X:61687521              0.0     8.5 m          843.3 w       15.2%    56.0 m      47.5 m 
INFO  16:39:46,745 ProgressMeter -      X:61691816              0.0     9.0 m          892.9 w       15.2%    59.3 m      50.3 m 
INFO  16:40:16,746 ProgressMeter -      X:61692034              0.0     9.5 m          942.5 w       15.2%    62.6 m      53.1 m 
INFO  16:40:46,755 ProgressMeter -      X:61692286              0.0    10.0 m          992.1 w       15.2%    65.9 m      55.9 m 
INFO  16:41:16,799 ProgressMeter -      X:61710835              0.0    10.5 m         1041.8 w       15.2%    69.1 m      58.6 m 
INFO  16:41:46,800 ProgressMeter -      X:61711472              0.0    11.0 m         1091.4 w       15.2%    72.4 m      61.4 m 
INFO  16:42:16,801 ProgressMeter -      X:61713017              0.0    11.5 m         1141.0 w       15.2%    75.6 m      64.1 m 
INFO  16:42:56,802 ProgressMeter -      X:61719011              0.0    12.2 m         1207.1 w       15.2%    80.0 m      67.8 m 
INFO  16:43:36,853 ProgressMeter -      X:61720115              0.0    12.8 m         1273.4 w       15.2%    84.4 m      71.5 m 
INFO  16:44:06,853 ProgressMeter -      X:61728072              0.0    13.3 m         1323.0 w       15.2%    87.6 m      74.3 m 
INFO  16:44:36,854 ProgressMeter -      X:61733193              0.0    13.8 m         1372.6 w       15.2%    90.8 m      77.0 m 
WARN  16:45:01,989 ExactAFCalculator - this tool is currently set to genotype at most 6 alternate alleles in a given context, but the context at X:61732911 has 9 alternate alleles so only the top alleles will be used; see the --max_alternate_alleles argument 
WARN  16:45:02,004 ExactAFCalculator - this tool is currently set to genotype at most 6 alternate alleles in a given context, but the context at X:61732931 has 10 alternate alleles so only the top alleles will be used; see the --max_alternate_alleles argument 
INFO  16:45:06,855 ProgressMeter -      X:61733611              0.0    14.3 m         1422.2 w       15.2%    94.1 m      79.8 m 
INFO  16:45:46,856 ProgressMeter -      X:61734398              0.0    15.0 m         1488.3 w       15.2%    98.5 m      83.5 m 
INFO  16:46:16,856 ProgressMeter -      X:61823946              0.0    15.5 m         1537.9 w       15.3%   101.1 m      85.6 m 
INFO  16:46:46,857 ProgressMeter -      X:61909377              0.0    16.0 m         1587.5 w       15.4%   103.7 m      87.7 m 
INFO  16:47:16,858 ProgressMeter -      X:62290430              0.0    16.5 m         1637.1 w       15.9%   103.9 m      87.4 m 
INFO  16:47:56,861 ProgressMeter -      X:63352986              0.0    17.2 m         1703.3 w       17.1%   100.3 m      83.2 m 
INFO  16:48:27,206 ProgressMeter -      X:64076041              0.0    17.7 m         1753.4 w       17.9%    98.4 m      80.8 m 
INFO  16:48:57,207 ProgressMeter -      X:64811484              0.0    18.2 m         1803.0 w       18.8%    96.6 m      78.5 m 
INFO  16:49:27,208 ProgressMeter -      X:65501217              0.0    18.7 m         1852.7 w       19.6%    95.2 m      76.6 m 
INFO  16:49:57,209 ProgressMeter -      X:66042346              0.0    19.2 m         1902.3 w       20.2%    94.7 m      75.6 m 
INFO  16:50:27,210 ProgressMeter -      X:66655219              0.0    19.7 m         1951.9 w       20.9%    93.9 m      74.2 m 
INFO  16:51:07,211 ProgressMeter -      X:67493707              0.0    20.3 m         2018.0 w       21.9%    92.8 m      72.5 m 
INFO  16:51:37,212 ProgressMeter -      X:68140301              0.0    20.8 m         2067.6 w       22.7%    91.9 m      71.1 m 
INFO  16:52:17,212 ProgressMeter -      X:68998541              0.0    21.5 m         2133.7 w       23.7%    90.9 m      69.4 m 
INFO  16:52:47,213 ProgressMeter -      X:69596395              0.0    22.0 m         2183.3 w       24.4%    90.3 m      68.3 m 
INFO  16:53:17,214 ProgressMeter -      X:70205959              0.0    22.5 m         2233.0 w       25.1%    89.8 m      67.3 m 
INFO  16:53:47,234 ProgressMeter -      X:70882751              0.0    23.0 m         2282.6 w       25.8%    89.0 m      66.0 m 
INFO  16:54:27,235 ProgressMeter -      X:71837315              0.0    23.7 m         2348.7 w       27.0%    87.8 m      64.1 m 
INFO  16:54:57,235 ProgressMeter -      X:72627791              0.0    24.2 m         2398.3 w       27.9%    86.7 m      62.5 m 
INFO  16:55:27,236 ProgressMeter -      X:73351718              0.0    24.7 m         2447.9 w       28.7%    85.9 m      61.2 m 
INFO  16:55:57,237 ProgressMeter -      X:73963934              0.0    25.2 m         2497.5 w       29.4%    85.5 m      60.4 m 
INFO  16:56:37,238 ProgressMeter -      X:74819582              0.0    25.8 m         2563.7 w       30.4%    84.9 m      59.1 m 
INFO  16:57:07,238 ProgressMeter -      X:75365791              0.0    26.3 m         2613.3 w       31.1%    84.8 m      58.5 m 
INFO  16:57:37,239 ProgressMeter -      X:75967357              0.0    26.8 m         2662.9 w       31.7%    84.5 m      57.7 m 
INFO  16:58:07,240 ProgressMeter -      X:76509834              0.0    27.3 m         2712.5 w       32.4%    84.4 m      57.1 m 
INFO  16:58:47,241 ProgressMeter -      X:77468403              0.0    28.0 m         2778.6 w       33.5%    83.6 m      55.6 m 
INFO  16:59:17,241 ProgressMeter -      X:78090909              0.0    28.5 m         2828.2 w       34.2%    83.3 m      54.8 m 
INFO  16:59:47,242 ProgressMeter -      X:78672613              0.0    29.0 m         2877.8 w       34.9%    83.1 m      54.1 m 
INFO  17:00:27,243 ProgressMeter -      X:79269999              0.0    29.7 m         2944.0 w       35.6%    83.4 m      53.7 m 
INFO  17:01:07,244 ProgressMeter -      X:80100869              0.0    30.3 m         3010.1 w       36.5%    83.0 m      52.7 m 
INFO  17:01:37,244 ProgressMeter -      X:80736727              0.0    30.8 m         3059.7 w       37.3%    82.7 m      51.9 m 
INFO  17:02:07,245 ProgressMeter -      X:81313290              0.0    31.3 m         3109.3 w       38.0%    82.6 m      51.2 m 
INFO  17:02:37,247 ProgressMeter -      X:81972610              0.0    31.8 m         3158.9 w       38.7%    82.2 m      50.4 m 
INFO  17:03:17,248 ProgressMeter -      X:82712390              0.0    32.5 m         3225.1 w       39.6%    82.1 m      49.6 m 
INFO  17:03:57,248 ProgressMeter -      X:83629940              0.0    33.2 m         3291.2 w       40.6%    81.6 m      48.4 m 
INFO  17:04:27,249 ProgressMeter -      X:84213948              0.0    33.7 m         3340.8 w       41.3%    81.5 m      47.8 m 
INFO  17:04:57,251 ProgressMeter -      X:84780224              0.0    34.2 m         3390.4 w       42.0%    81.4 m      47.2 m 
INFO  17:05:37,252 ProgressMeter -      X:85504333              0.0    34.8 m         3456.6 w       42.8%    81.4 m      46.5 m 
INFO  17:06:17,252 ProgressMeter -      X:86249770              0.0    35.5 m         3522.7 w       43.7%    81.3 m      45.8 m 
INFO  17:06:47,253 ProgressMeter -      X:86696393              0.0    36.0 m         3572.3 w       44.2%    81.4 m      45.4 m 
INFO  17:07:17,254 ProgressMeter -      X:87141913              0.0    36.5 m         3621.9 w       44.7%    81.6 m      45.1 m 
INFO  17:07:47,255 ProgressMeter -      X:87801326              0.0    37.0 m         3671.5 w       45.5%    81.4 m      44.4 m 
INFO  17:08:17,256 ProgressMeter -      X:88379209              0.0    37.5 m         3721.1 w       46.2%    81.3 m      43.8 m 
INFO  17:08:57,256 ProgressMeter -      X:89042871              0.0    38.2 m         3787.3 w       46.9%    81.3 m      43.2 m 
INFO  17:09:27,257 ProgressMeter -      X:89726516              0.0    38.7 m         3836.9 w       47.7%    81.0 m      42.4 m 
INFO  17:09:57,301 ProgressMeter -      X:90413542              0.0    39.2 m         3886.5 w       48.5%    80.7 m      41.6 m 
INFO  17:10:27,303 ProgressMeter -      X:91153863              0.0    39.7 m         3936.1 w       49.4%    80.3 m      40.7 m 
INFO  17:11:07,304 ProgressMeter -      X:91981771              0.0    40.3 m         4002.3 w       50.3%    80.1 m      39.8 m 
INFO  17:11:37,304 ProgressMeter -      X:92538424              0.0    40.8 m         4051.9 w       51.0%    80.1 m      39.3 m 
INFO  17:12:07,311 ProgressMeter -      X:93097780              0.0    41.3 m         4101.5 w       51.6%    80.1 m      38.7 m 
INFO  17:12:37,312 ProgressMeter -      X:93757999              0.0    41.8 m         4151.1 w       52.4%    79.8 m      38.0 m 
INFO  17:13:07,313 ProgressMeter -      X:94365290              0.0    42.3 m         4200.7 w       53.1%    79.7 m      37.4 m 
INFO  17:13:37,317 ProgressMeter -      X:95039301              0.0    42.8 m         4250.3 w       53.9%    79.5 m      36.7 m 
INFO  17:14:07,317 ProgressMeter -      X:95649174              0.0    43.3 m         4299.9 w       54.6%    79.4 m      36.0 m 
INFO  17:14:37,318 ProgressMeter -      X:96269158              0.0    43.8 m         4349.5 w       55.3%    79.3 m      35.4 m 
INFO  17:15:07,319 ProgressMeter -      X:96920699              0.0    44.3 m         4399.1 w       56.1%    79.1 m      34.7 m 
INFO  17:15:37,320 ProgressMeter -      X:97613292              0.0    44.8 m         4448.7 w       56.9%    78.8 m      34.0 m 
INFO  17:16:17,321 ProgressMeter -      X:98504819              0.0    45.5 m         4514.9 w       57.9%    78.6 m      33.1 m 
INFO  17:16:47,321 ProgressMeter -      X:99121238              0.0    46.0 m         4564.5 w       58.6%    78.5 m      32.5 m 
INFO  17:17:17,322 ProgressMeter -      X:99618246              0.0    46.5 m         4614.1 w       59.2%    78.6 m      32.1 m 
INFO  17:17:57,323 ProgressMeter -     X:100439197              0.0    47.2 m         4680.2 w       60.1%    78.4 m      31.2 m 
INFO  17:18:27,337 ProgressMeter -     X:100975670              0.0    47.7 m         4729.8 w       60.8%    78.4 m      30.8 m 
INFO  17:19:07,337 ProgressMeter -     X:101986147              0.0    48.3 m         4796.0 w       61.9%    78.0 m      29.7 m 
INFO  17:19:37,383 ProgressMeter -     X:102645198              0.0    48.8 m         4845.7 w       62.7%    77.9 m      29.0 m 
INFO  17:20:07,384 ProgressMeter -     X:103319013              0.0    49.3 m         4895.3 w       63.5%    77.7 m      28.4 m 
INFO  17:20:37,407 ProgressMeter -     X:103991520              0.0    49.8 m         4944.9 w       64.3%    77.5 m      27.7 m 
INFO  17:21:07,408 ProgressMeter -     X:104616415              0.0    50.3 m         4994.5 w       65.0%    77.4 m      27.1 m 
INFO  17:21:37,409 ProgressMeter -     X:105318526              0.0    50.8 m         5044.1 w       65.8%    77.2 m      26.4 m 
INFO  17:22:07,410 ProgressMeter -     X:106074041              0.0    51.3 m         5093.7 w       66.7%    77.0 m      25.6 m 
INFO  17:22:37,417 ProgressMeter -     X:106642507              0.0    51.8 m         5143.3 w       67.3%    77.0 m      25.1 m 
INFO  17:23:07,464 ProgressMeter -     X:107332776              0.0    52.3 m         5193.0 w       68.1%    76.8 m      24.5 m 
INFO  17:23:37,465 ProgressMeter -     X:108018295              0.0    52.8 m         5242.6 w       68.9%    76.6 m      23.8 m 
INFO  17:24:07,465 ProgressMeter -     X:108603851              0.0    53.3 m         5292.2 w       69.6%    76.6 m      23.3 m 
INFO  17:24:37,466 ProgressMeter -     X:109249659              0.0    53.8 m         5341.8 w       70.4%    76.5 m      22.7 m 
INFO  17:25:07,467 ProgressMeter -     X:109966887              0.0    54.3 m         5391.4 w       71.2%    76.3 m      22.0 m 
INFO  17:25:47,468 ProgressMeter -     X:110841747              0.0    55.0 m         5457.6 w       72.2%    76.2 m      21.2 m 
INFO  17:26:17,481 ProgressMeter -     X:111546636              0.0    55.5 m         5507.2 w       73.0%    76.0 m      20.5 m 
INFO  17:26:47,482 ProgressMeter -     X:112257213              0.0    56.0 m         5556.8 w       73.9%    75.8 m      19.8 m 
INFO  17:27:27,524 ProgressMeter -     X:113135261              0.0    56.7 m         5623.0 w       74.9%    75.7 m      19.0 m 
INFO  17:28:07,525 ProgressMeter -     X:114038026              0.0    57.3 m         5689.2 w       75.9%    75.5 m      18.2 m 
INFO  17:28:37,525 ProgressMeter -     X:114646731              0.0    57.8 m         5738.8 w       76.6%    75.5 m      17.6 m 
INFO  17:29:07,526 ProgressMeter -     X:115292064              0.0    58.3 m         5788.4 w       77.4%    75.4 m      17.0 m 
INFO  17:29:37,527 ProgressMeter -     X:115935344              0.0    58.8 m         5838.0 w       78.1%    75.3 m      16.5 m 
INFO  17:30:17,528 ProgressMeter -     X:116728211              0.0    59.5 m         5904.1 w       79.1%    75.3 m      15.8 m 
INFO  17:30:47,528 ProgressMeter -     X:117398554              0.0    60.0 m         5953.7 w       79.8%    75.2 m      15.2 m 
INFO  17:31:17,529 ProgressMeter -     X:117974209              0.0    60.5 m         6003.3 w       80.5%    75.2 m      14.7 m 
INFO  17:31:47,532 ProgressMeter -     X:118569857              0.0    61.0 m         6052.9 w       81.2%    75.1 m      14.1 m 
INFO  17:32:17,533 ProgressMeter -     X:119143316              0.0    61.5 m         6102.5 w       81.9%    75.1 m      13.6 m 
INFO  17:32:57,533 ProgressMeter -     X:120134979              0.0    62.2 m         6168.7 w       83.0%    74.9 m      12.7 m 
INFO  17:33:27,534 ProgressMeter -     X:120811134              0.0    62.7 m         6218.3 w       83.8%    74.8 m      12.1 m 
INFO  17:33:57,535 ProgressMeter -     X:121416755              0.0    63.2 m         6267.9 w       84.5%    74.8 m      11.6 m 
INFO  17:34:37,536 ProgressMeter -     X:122237869              0.0    63.8 m         6334.0 w       85.4%    74.7 m      10.9 m 
INFO  17:35:07,537 ProgressMeter -     X:122858025              0.0    64.3 m         6383.6 w       86.2%    74.7 m      10.3 m 
INFO  17:35:37,543 ProgressMeter -     X:123368614              0.0    64.8 m         6433.2 w       86.8%    74.7 m       9.9 m 
INFO  17:36:17,544 ProgressMeter -     X:124197718              0.0    65.5 m         6499.4 w       87.7%    74.7 m       9.2 m 
INFO  17:36:57,544 ProgressMeter -     X:124998911              0.0    66.2 m         6565.5 w       88.7%    74.6 m       8.5 m 
INFO  17:37:27,545 ProgressMeter -     X:125649168              0.0    66.7 m         6615.1 w       89.4%    74.6 m       7.9 m 
INFO  17:37:57,546 ProgressMeter -     X:126235910              0.0    67.2 m         6664.7 w       90.1%    74.6 m       7.4 m 
INFO  17:38:28,154 ProgressMeter -     X:126895561              0.0    67.7 m         6715.3 w       90.9%    74.5 m       6.8 m 
INFO  17:38:58,155 ProgressMeter -     X:127537924              0.0    68.2 m         6764.9 w       91.6%    74.4 m       6.3 m 
INFO  17:39:38,156 ProgressMeter -     X:128354158              0.0    68.9 m         6831.1 w       92.5%    74.4 m       5.5 m 
INFO  17:40:08,156 ProgressMeter -     X:129043546              0.0    69.4 m         6880.7 w       93.3%    74.3 m       4.9 m 
INFO  17:40:38,157 ProgressMeter -     X:129695297              0.0    69.9 m         6930.3 w       94.1%    74.2 m       4.4 m 
INFO  17:41:08,158 ProgressMeter -     X:130406172              0.0    70.4 m         6979.9 w       94.9%    74.1 m       3.8 m 
INFO  17:41:38,183 ProgressMeter -     X:131070391              0.0    70.9 m         7029.5 w       95.7%    74.0 m       3.2 m 
INFO  17:42:18,184 ProgressMeter -     X:132008153              0.0    71.5 m         7095.7 w       96.8%    73.9 m       2.4 m 
INFO  17:42:58,184 ProgressMeter -     X:132949677              0.0    72.2 m         7161.8 w       97.9%    73.7 m      93.0 s 
INFO  17:43:28,185 ProgressMeter -     X:133669028              0.0    72.7 m         7211.4 w       98.7%    73.6 m      56.0 s 
INFO  17:43:58,186 ProgressMeter -     X:134445488              0.0    73.2 m         7261.0 w       99.6%    73.5 m      16.0 s 
INFO  17:44:13,471 VectorLoglessPairHMM - Time spent in setup for JNI call : 0.7189960950000001 
INFO  17:44:13,473 PairHMM - Total compute time in PairHMM computeLikelihoods() : 450.53342299200006 
INFO  17:44:13,473 HaplotypeCaller - Ran local assembly on 358612 active regions 
INFO  17:44:13,482 ProgressMeter -            done      8.6166015E7    73.4 m           51.0 s      100.0%    73.4 m       0.0 s 
INFO  17:44:13,483 ProgressMeter - Total runtime 4406.76 secs, 73.45 min, 1.22 hours 
INFO  17:44:13,484 MicroScheduler - 2854883 reads were filtered out during the traversal out of approximately 12543190 total reads (22.76%) 
INFO  17:44:13,484 MicroScheduler -   -> 0 reads (0.00% of total) failing BadCigarFilter 
INFO  17:44:13,485 MicroScheduler -   -> 1411339 reads (11.25% of total) failing DuplicateReadFilter 
INFO  17:44:13,486 MicroScheduler -   -> 0 reads (0.00% of total) failing FailsVendorQualityCheckFilter 
INFO  17:44:13,487 MicroScheduler -   -> 1427089 reads (11.38% of total) failing HCMappingQualityFilter 
INFO  17:44:13,487 MicroScheduler -   -> 0 reads (0.00% of total) failing MalformedReadFilter 
INFO  17:44:13,488 MicroScheduler -   -> 0 reads (0.00% of total) failing MappingQualityUnavailableFilter 
INFO  17:44:13,489 MicroScheduler -   -> 16455 reads (0.13% of total) failing NotPrimaryAlignmentFilter 
INFO  17:44:13,490 MicroScheduler -   -> 0 reads (0.00% of total) failing UnmappedReadFilter 
