INFO  11:29:12,188 HelpFormatter - --------------------------------------------------------------------------------- 
INFO  11:29:12,193 HelpFormatter - The Genome Analysis Toolkit (GATK) v3.4-46-g8ea4dca, Compiled 2015/08/13 20:41:56 
INFO  11:29:12,193 HelpFormatter - Copyright (c) 2010 The Broad Institute 
INFO  11:29:12,193 HelpFormatter - For support and documentation go to http://www.broadinstitute.org/gatk 
INFO  11:29:12,197 HelpFormatter - Program Args: -T BaseRecalibrator -I /mnt/ssdbroad/output/sim1M_pairs_gatk_best_practices_36t_30s_2016-02-11_11-03-56/sim1M_pairs_realign.bam -L /mnt/ssdbroad/Broad_Ref_Pipeline_approved_package/workflow_profiler/.queue/scatterGather/ExampleBaseRecalibrator-1-sg/temp_16_of_36/scatter.intervals -R /mnt/ssdbroad/Broad_Ref_Pipeline_approved_package/homosapiensrefgenome/Homo_sapiens_assembly19.fasta -knownSites /mnt/ssdbroad/Broad_Ref_Pipeline_approved_package/homosapiensrefgenome/Homo_sapiens_assembly19.dbsnp.vcf -o /mnt/ssdbroad/Broad_Ref_Pipeline_approved_package/workflow_profiler/.queue/scatterGather/ExampleBaseRecalibrator-1-sg/temp_16_of_36/sim1M_pairs_recal.grp 
INFO  11:29:12,205 HelpFormatter - Executing as beris@dna on Linux 2.6.32-573.el6.x86_64 amd64; OpenJDK 64-Bit Server VM 1.7.0_79-mockbuild_2015_07_24_09_26-b00. 
INFO  11:29:12,206 HelpFormatter - Date/Time: 2016/02/11 11:29:12 
INFO  11:29:12,206 HelpFormatter - --------------------------------------------------------------------------------- 
INFO  11:29:12,213 HelpFormatter - --------------------------------------------------------------------------------- 
INFO  11:29:12,347 GenomeAnalysisEngine - Strictness is SILENT 
INFO  11:29:12,544 GenomeAnalysisEngine - Downsampling Settings: No downsampling 
INFO  11:29:12,552 SAMDataSource$SAMReaders - Initializing SAMRecords in serial 
INFO  11:29:12,656 SAMDataSource$SAMReaders - Done initializing BAM readers: total time 0.10 
WARN  11:33:18,515 RMDTrackBuilder - Unable to write to /mnt/ssdbroad/Broad_Ref_Pipeline_approved_package/homosapiensrefgenome/Homo_sapiens_assembly19.dbsnp.vcf.idx for the index file, creating index in memory only 
INFO  11:33:18,561 IntervalUtils - Processing 90354753 bp from intervals 
INFO  11:33:18,718 GenomeAnalysisEngine - Preparing for traversal over 1 BAM files 
INFO  11:33:19,576 GenomeAnalysisEngine - Done preparing for traversal 
INFO  11:33:19,582 ProgressMeter - [INITIALIZATION COMPLETE; STARTING PROCESSING] 
INFO  11:33:19,582 ProgressMeter -                 | processed |    time |    per 1M |           |   total | remaining 
INFO  11:33:19,583 ProgressMeter -        Location |     reads | elapsed |     reads | completed | runtime |   runtime 
INFO  11:33:19,631 BaseRecalibrator - The covariates being used here:  
INFO  11:33:19,643 BaseRecalibrator - 	ReadGroupCovariate 
INFO  11:33:19,643 BaseRecalibrator - 	QualityScoreCovariate 
INFO  11:33:19,644 BaseRecalibrator - 	ContextCovariate 
INFO  11:33:19,644 ContextCovariate - 		Context sizes: base substitution model 2, indel substitution model 3 
INFO  11:33:19,644 BaseRecalibrator - 	CycleCovariate 
INFO  11:33:19,647 ReadShardBalancer$1 - Loading BAM index data 
INFO  11:33:20,464 ReadShardBalancer$1 - Done loading BAM index data 
INFO  11:33:40,093 BaseRecalibrator - Calculating quantized quality scores... 
INFO  11:33:40,152 BaseRecalibrator - Writing recalibration report... 
INFO  11:33:41,289 BaseRecalibrator - ...done! 
INFO  11:33:41,290 BaseRecalibrator - BaseRecalibrator was able to recalibrate 48662 reads 
INFO  11:33:41,291 ProgressMeter -            done     48662.0    21.0 s       7.4 m       99.7%    21.0 s       0.0 s 
INFO  11:33:41,291 ProgressMeter - Total runtime 21.71 secs, 0.36 min, 0.01 hours 
INFO  11:33:41,292 MicroScheduler - 2107 reads were filtered out during the traversal out of approximately 50769 total reads (4.15%) 
INFO  11:33:41,292 MicroScheduler -   -> 0 reads (0.00% of total) failing BadCigarFilter 
INFO  11:33:41,292 MicroScheduler -   -> 0 reads (0.00% of total) failing DuplicateReadFilter 
INFO  11:33:41,293 MicroScheduler -   -> 0 reads (0.00% of total) failing FailsVendorQualityCheckFilter 
INFO  11:33:41,293 MicroScheduler -   -> 0 reads (0.00% of total) failing MalformedReadFilter 
INFO  11:33:41,293 MicroScheduler -   -> 0 reads (0.00% of total) failing MappingQualityUnavailableFilter 
INFO  11:33:41,293 MicroScheduler -   -> 2105 reads (4.15% of total) failing MappingQualityZeroFilter 
INFO  11:33:41,293 MicroScheduler -   -> 2 reads (0.00% of total) failing NotPrimaryAlignmentFilter 
INFO  11:33:41,293 MicroScheduler -   -> 0 reads (0.00% of total) failing UnmappedReadFilter 
