INFO  15:57:33,890 HelpFormatter - --------------------------------------------------------------------------------- 
INFO  15:57:33,892 HelpFormatter - The Genome Analysis Toolkit (GATK) v3.4-46-g8ea4dca, Compiled 2015/08/13 20:41:56 
INFO  15:57:33,892 HelpFormatter - Copyright (c) 2010 The Broad Institute 
INFO  15:57:33,892 HelpFormatter - For support and documentation go to http://www.broadinstitute.org/gatk 
INFO  15:57:33,895 HelpFormatter - Program Args: -T IndelRealigner -I /mnt/sdb/data/broadout/sim1M_pairs_gatk_best_practices_36t_30s_2016-09-26_15-40-42/sim1M_pairs_dupRem.bam -L /home/bshifaw/gitrepos/Reference-Design/Broad_Ref_Pip/workflow_profiler/.queue/scatterGather/ExampleIndelRealigner-1-sg/temp_01_of_36/scatter.intervals -R /mnt/sdb/Broad_Ref_Pipeline_approved_package/homosapiensrefgenome/Homo_sapiens_assembly19.fasta -known /mnt/sdb/Broad_Ref_Pipeline_approved_package/homosapiensrefgenome/Homo_sapiens_assembly19.known_indels.vcf -targetIntervals /mnt/sdb/data/broadout/sim1M_pairs_gatk_best_practices_36t_30s_2016-09-26_15-40-42/sim1M_pairs_realn.intervals -o /home/bshifaw/gitrepos/Reference-Design/Broad_Ref_Pip/workflow_profiler/.queue/scatterGather/ExampleIndelRealigner-1-sg/temp_01_of_36/sim1M_pairs_realign.bam -filterNoBases 
INFO  15:57:33,915 HelpFormatter - Executing as bshifaw@application-0-1.hudson.intel.com on Linux 3.10.0-327.13.1.el7.x86_64 amd64; OpenJDK 64-Bit Server VM 1.8.0_102-b14. 
INFO  15:57:33,915 HelpFormatter - Date/Time: 2016/09/26 15:57:33 
INFO  15:57:33,915 HelpFormatter - --------------------------------------------------------------------------------- 
INFO  15:57:33,916 HelpFormatter - --------------------------------------------------------------------------------- 
INFO  15:57:34,130 GenomeAnalysisEngine - Strictness is SILENT 
INFO  15:57:34,298 GenomeAnalysisEngine - Downsampling Settings: No downsampling 
INFO  15:57:34,314 SAMDataSource$SAMReaders - Initializing SAMRecords in serial 
INFO  15:57:34,369 SAMDataSource$SAMReaders - Done initializing BAM readers: total time 0.06 
INFO  15:57:34,614 IntervalUtils - Processing 249250621 bp from intervals 
INFO  15:57:34,843 GenomeAnalysisEngine - Preparing for traversal over 1 BAM files 
INFO  15:57:35,470 GenomeAnalysisEngine - Done preparing for traversal 
INFO  15:57:35,471 ProgressMeter - [INITIALIZATION COMPLETE; STARTING PROCESSING] 
INFO  15:57:35,476 ProgressMeter -                 | processed |    time |    per 1M |           |   total | remaining 
INFO  15:57:35,477 ProgressMeter -        Location |     reads | elapsed |     reads | completed | runtime |   runtime 
INFO  15:57:36,644 ReadShardBalancer$1 - Loading BAM index data 
INFO  15:57:37,480 ReadShardBalancer$1 - Done loading BAM index data 
INFO  15:57:51,470 ProgressMeter -            done    145265.0    15.0 s     110.0 s      100.0%    15.0 s       0.0 s 
INFO  15:57:51,470 ProgressMeter - Total runtime 16.00 secs, 0.27 min, 0.00 hours 
INFO  15:57:51,473 MicroScheduler - 489 reads were filtered out during the traversal out of approximately 145754 total reads (0.34%) 
INFO  15:57:51,473 MicroScheduler -   -> 0 reads (0.00% of total) failing BadCigarFilter 
INFO  15:57:51,473 MicroScheduler -   -> 489 reads (0.34% of total) failing MalformedReadFilter 
