INFO  20:06:29,101 HelpFormatter - --------------------------------------------------------------------------------- 
INFO  20:06:29,137 HelpFormatter - The Genome Analysis Toolkit (GATK) v3.4-46-g8ea4dca, Compiled 2015/08/13 20:41:56 
INFO  20:06:29,147 HelpFormatter - Copyright (c) 2010 The Broad Institute 
INFO  20:06:29,148 HelpFormatter - For support and documentation go to http://www.broadinstitute.org/gatk 
INFO  20:06:29,152 HelpFormatter - Program Args: -T PrintReads -I /mnt/nvme0n1/data/broadout/HG02561_gatk_best_practices_8t_30s_2016-07-06_18-21-00/HG02561_realign.bam -L /mnt/nvme0n1/Broad_Ref_Pipeline_approved_package/workflow_profiler/.queue/scatterGather/ExamplePrintReads-1-sg/temp_21_of_36/scatter.intervals -R /mnt/nvme0n1/Broad_Ref_Pipeline_approved_package/b37bundle/human_g1k_v37.fasta -BQSR /mnt/nvme0n1/data/broadout/HG02561_gatk_best_practices_8t_30s_2016-07-06_18-21-00/HG02561_recal.grp -o /mnt/nvme0n1/Broad_Ref_Pipeline_approved_package/workflow_profiler/.queue/scatterGather/ExamplePrintReads-1-sg/temp_21_of_36/HG02561_final.bam 
INFO  20:06:29,231 HelpFormatter - Executing as bshifaw@application-1-1.hudson.intel.com on Linux 3.10.0-327.el7.x86_64 amd64; OpenJDK 64-Bit Server VM 1.8.0_91-b14. 
INFO  20:06:29,231 HelpFormatter - Date/Time: 2016/07/06 20:06:29 
INFO  20:06:29,258 HelpFormatter - --------------------------------------------------------------------------------- 
INFO  20:06:29,269 HelpFormatter - --------------------------------------------------------------------------------- 
INFO  20:06:30,256 GenomeAnalysisEngine - Strictness is SILENT 
INFO  20:06:32,833 ContextCovariate - 		Context sizes: base substitution model 2, indel substitution model 3 
INFO  20:06:33,066 GenomeAnalysisEngine - Downsampling Settings: No downsampling 
INFO  20:06:33,094 SAMDataSource$SAMReaders - Initializing SAMRecords in serial 
INFO  20:06:33,276 SAMDataSource$SAMReaders - Done initializing BAM readers: total time 0.18 
INFO  20:06:33,401 IntervalUtils - Processing 48129895 bp from intervals 
INFO  20:06:33,875 GenomeAnalysisEngine - Preparing for traversal over 1 BAM files 
INFO  20:06:34,668 GenomeAnalysisEngine - Done preparing for traversal 
INFO  20:06:34,675 ProgressMeter - [INITIALIZATION COMPLETE; STARTING PROCESSING] 
INFO  20:06:34,677 ProgressMeter -                 | processed |    time |    per 1M |           |   total | remaining 
INFO  20:06:34,733 ProgressMeter -        Location |     reads | elapsed |     reads | completed | runtime |   runtime 
INFO  20:06:34,783 ReadShardBalancer$1 - Loading BAM index data 
INFO  20:06:35,173 ReadShardBalancer$1 - Done loading BAM index data 
INFO  20:07:05,558 ProgressMeter -     21:11097601         0.0    30.0 s      51.1 w       23.1%     2.2 m     100.0 s 
INFO  20:07:35,789 ProgressMeter -     21:30370004    200007.0    61.0 s       5.1 m       63.1%    96.0 s      35.0 s 
INFO  20:08:05,792 ProgressMeter -     21:33068963    300008.0    91.0 s       5.1 m       68.7%     2.2 m      41.0 s 
INFO  20:08:36,657 ProgressMeter -     21:34959945    400009.0     2.0 m       5.1 m       72.6%     2.8 m      45.0 s 
INFO  20:09:06,659 ProgressMeter -     21:38511121    500011.0     2.5 m       5.1 m       80.0%     3.1 m      37.0 s 
INFO  20:09:36,770 ProgressMeter -     21:43161433    600014.0     3.0 m       5.1 m       89.7%     3.4 m      20.0 s 
INFO  20:10:06,784 ProgressMeter -     21:45217957    800017.0     3.5 m       4.4 m       93.9%     3.8 m      13.0 s 
INFO  20:10:37,064 ProgressMeter -     21:46875560    900022.0     4.0 m       4.5 m       97.4%     4.1 m       6.0 s 
INFO  20:10:53,519 Walker - [REDUCE RESULT] Traversal result is: org.broadinstitute.gatk.engine.io.stubs.SAMFileWriterStub@5b58129f 
INFO  20:10:53,643 ProgressMeter -            done   1085585.0     4.3 m       4.0 m      100.0%     4.3 m       0.0 s 
INFO  20:10:53,643 ProgressMeter - Total runtime 258.97 secs, 4.32 min, 0.07 hours 
INFO  20:10:53,643 MicroScheduler - 0 reads were filtered out during the traversal out of approximately 1085585 total reads (0.00%) 
INFO  20:10:53,644 MicroScheduler -   -> 0 reads (0.00% of total) failing BadCigarFilter 
INFO  20:10:53,644 MicroScheduler -   -> 0 reads (0.00% of total) failing MalformedReadFilter 
