INFO  17:23:13,848 HelpFormatter - --------------------------------------------------------------------------------- 
INFO  17:23:13,851 HelpFormatter - The Genome Analysis Toolkit (GATK) v3.4-46-g8ea4dca, Compiled 2015/08/13 20:41:56 
INFO  17:23:13,851 HelpFormatter - Copyright (c) 2010 The Broad Institute 
INFO  17:23:13,851 HelpFormatter - For support and documentation go to http://www.broadinstitute.org/gatk 
INFO  17:23:13,855 HelpFormatter - Program Args: -T IndelRealigner -I /home/opt/data/broadout/FC1-NA12878-01_S1_L001_gatk_best_practices_36t_30s_2015-11-10_16-39-49/FC1-NA12878-01_S1_L001_dupRem.bam -L /home/beris/Broad_Ref_Pipeline_approved_package/workflow_profiler/.queue/scatterGather/ExampleIndelRealigner-1-sg/temp_16_of_36/scatter.intervals -R /home/beris/Broad_Ref_Pipeline_approved_package/homosapiensrefgenome/Homo_sapiens_assembly19.fasta -known /home/beris/Broad_Ref_Pipeline_approved_package/homosapiensrefgenome/Homo_sapiens_assembly19.known_indels.vcf -targetIntervals /home/opt/data/broadout/FC1-NA12878-01_S1_L001_gatk_best_practices_36t_30s_2015-11-10_16-39-49/FC1-NA12878-01_S1_L001_realn.intervals -o /home/beris/Broad_Ref_Pipeline_approved_package/workflow_profiler/.queue/scatterGather/ExampleIndelRealigner-1-sg/temp_16_of_36/FC1-NA12878-01_S1_L001_realign.bam -filterNoBases 
INFO  17:23:13,867 HelpFormatter - Executing as beris@dna on Linux 2.6.32-573.el6.x86_64 amd64; OpenJDK 64-Bit Server VM 1.7.0_79-mockbuild_2015_07_24_09_26-b00. 
INFO  17:23:13,867 HelpFormatter - Date/Time: 2015/11/10 17:23:13 
INFO  17:23:13,868 HelpFormatter - --------------------------------------------------------------------------------- 
INFO  17:23:13,868 HelpFormatter - --------------------------------------------------------------------------------- 
INFO  17:23:13,975 GenomeAnalysisEngine - Strictness is SILENT 
INFO  17:23:14,099 GenomeAnalysisEngine - Downsampling Settings: No downsampling 
INFO  17:23:14,123 SAMDataSource$SAMReaders - Initializing SAMRecords in serial 
INFO  17:23:14,170 SAMDataSource$SAMReaders - Done initializing BAM readers: total time 0.05 
INFO  17:23:14,344 IntervalUtils - Processing 90354753 bp from intervals 
INFO  17:23:14,551 GenomeAnalysisEngine - Preparing for traversal over 1 BAM files 
INFO  17:23:16,877 GenomeAnalysisEngine - Done preparing for traversal 
INFO  17:23:16,878 ProgressMeter - [INITIALIZATION COMPLETE; STARTING PROCESSING] 
INFO  17:23:16,878 ProgressMeter -                 | processed |    time |    per 1M |           |   total | remaining 
INFO  17:23:16,885 ProgressMeter -        Location |     reads | elapsed |     reads | completed | runtime |   runtime 
INFO  17:23:17,236 ReadShardBalancer$1 - Loading BAM index data 
INFO  17:23:18,403 ReadShardBalancer$1 - Done loading BAM index data 
INFO  17:23:48,237 ProgressMeter -      16:3154195         0.0    31.0 s      51.8 w        3.5%    14.8 m      14.3 m 
INFO  17:24:18,330 ProgressMeter -     16:71417326   1100018.0    61.0 s      55.0 s       79.0%    77.0 s      16.0 s 
INFO  17:24:23,845 ProgressMeter -            done   1337912.0    66.0 s      50.0 s       99.9%    66.0 s       0.0 s 
INFO  17:24:23,845 ProgressMeter - Total runtime 66.97 secs, 1.12 min, 0.02 hours 
INFO  17:24:23,851 MicroScheduler - 140431 reads were filtered out during the traversal out of approximately 1478343 total reads (9.50%) 
INFO  17:24:23,852 MicroScheduler -   -> 0 reads (0.00% of total) failing BadCigarFilter 
INFO  17:24:23,852 MicroScheduler -   -> 140431 reads (9.50% of total) failing MalformedReadFilter 
