INFO  20:07:46,023 HelpFormatter - --------------------------------------------------------------------------------- 
INFO  20:07:46,026 HelpFormatter - The Genome Analysis Toolkit (GATK) v3.4-46-g8ea4dca, Compiled 2015/08/13 20:41:56 
INFO  20:07:46,026 HelpFormatter - Copyright (c) 2010 The Broad Institute 
INFO  20:07:46,026 HelpFormatter - For support and documentation go to http://www.broadinstitute.org/gatk 
INFO  20:07:46,032 HelpFormatter - Program Args: -T IndelRealigner -I /home/opt/data/broadout/FC1-NA12878-01_S1_L001_R1_001_gatk_best_practices_36t_30s_2015-11-05_19-14-59/FC1-NA12878-01_S1_L001_R1_001_dupRem.bam -L /home/beris/Broad_Ref_Pipeline_approved_package/workflow_profiler/.queue/scatterGather/ExampleIndelRealigner-1-sg/temp_16_of_36/scatter.intervals -R /home/beris/Broad_Ref_Pipeline_approved_package/homosapiensrefgenome/Homo_sapiens_assembly19.fasta -known /home/beris/Broad_Ref_Pipeline_approved_package/homosapiensrefgenome/Homo_sapiens_assembly19.known_indels.vcf -targetIntervals /home/opt/data/broadout/FC1-NA12878-01_S1_L001_R1_001_gatk_best_practices_36t_30s_2015-11-05_19-14-59/FC1-NA12878-01_S1_L001_R1_001_realn.intervals -o /home/beris/Broad_Ref_Pipeline_approved_package/workflow_profiler/.queue/scatterGather/ExampleIndelRealigner-1-sg/temp_16_of_36/FC1-NA12878-01_S1_L001_R1_001_realign.bam -filterNoBases 
INFO  20:07:46,055 HelpFormatter - Executing as beris@dna on Linux 2.6.32-573.el6.x86_64 amd64; OpenJDK 64-Bit Server VM 1.7.0_79-mockbuild_2015_07_24_09_26-b00. 
INFO  20:07:46,055 HelpFormatter - Date/Time: 2015/11/05 20:07:46 
INFO  20:07:46,055 HelpFormatter - --------------------------------------------------------------------------------- 
INFO  20:07:46,056 HelpFormatter - --------------------------------------------------------------------------------- 
INFO  20:07:46,208 GenomeAnalysisEngine - Strictness is SILENT 
INFO  20:07:46,313 GenomeAnalysisEngine - Downsampling Settings: No downsampling 
INFO  20:07:46,321 SAMDataSource$SAMReaders - Initializing SAMRecords in serial 
INFO  20:07:46,365 SAMDataSource$SAMReaders - Done initializing BAM readers: total time 0.04 
INFO  20:07:46,470 IntervalUtils - Processing 90354753 bp from intervals 
INFO  20:07:46,542 GenomeAnalysisEngine - Preparing for traversal over 1 BAM files 
INFO  20:07:47,015 GenomeAnalysisEngine - Done preparing for traversal 
INFO  20:07:47,016 ProgressMeter - [INITIALIZATION COMPLETE; STARTING PROCESSING] 
INFO  20:07:47,016 ProgressMeter -                 | processed |    time |    per 1M |           |   total | remaining 
INFO  20:07:47,017 ProgressMeter -        Location |     reads | elapsed |     reads | completed | runtime |   runtime 
INFO  20:07:47,266 ReadShardBalancer$1 - Loading BAM index data 
INFO  20:07:47,828 ReadShardBalancer$1 - Done loading BAM index data 
INFO  20:08:22,061 ProgressMeter -        Starting         0.0    35.0 s      57.9 w      100.0%    35.0 s       0.0 s 
INFO  20:08:56,502 ProgressMeter -     16:21136659    300004.0    69.0 s       3.9 m       23.4%     4.9 m       3.8 m 
INFO  20:09:24,350 ProgressMeter -            done   1336938.0    97.0 s      72.0 s       99.9%    97.0 s       0.0 s 
INFO  20:09:24,350 ProgressMeter - Total runtime 97.33 secs, 1.62 min, 0.03 hours 
INFO  20:09:24,354 MicroScheduler - 4361616 reads were filtered out during the traversal out of approximately 5698554 total reads (76.54%) 
INFO  20:09:24,354 MicroScheduler -   -> 0 reads (0.00% of total) failing BadCigarFilter 
INFO  20:09:24,355 MicroScheduler -   -> 4361616 reads (76.54% of total) failing MalformedReadFilter 
