INFO  15:57:34,208 HelpFormatter - --------------------------------------------------------------------------------- 
INFO  15:57:34,218 HelpFormatter - The Genome Analysis Toolkit (GATK) v3.4-46-g8ea4dca, Compiled 2015/08/13 20:41:56 
INFO  15:57:34,218 HelpFormatter - Copyright (c) 2010 The Broad Institute 
INFO  15:57:34,218 HelpFormatter - For support and documentation go to http://www.broadinstitute.org/gatk 
INFO  15:57:34,221 HelpFormatter - Program Args: -T IndelRealigner -I /mnt/sdb/data/broadout/sim1M_pairs_gatk_best_practices_36t_30s_2016-09-26_15-40-42/sim1M_pairs_dupRem.bam -L /home/bshifaw/gitrepos/Reference-Design/Broad_Ref_Pip/workflow_profiler/.queue/scatterGather/ExampleIndelRealigner-1-sg/temp_16_of_36/scatter.intervals -R /mnt/sdb/Broad_Ref_Pipeline_approved_package/homosapiensrefgenome/Homo_sapiens_assembly19.fasta -known /mnt/sdb/Broad_Ref_Pipeline_approved_package/homosapiensrefgenome/Homo_sapiens_assembly19.known_indels.vcf -targetIntervals /mnt/sdb/data/broadout/sim1M_pairs_gatk_best_practices_36t_30s_2016-09-26_15-40-42/sim1M_pairs_realn.intervals -o /home/bshifaw/gitrepos/Reference-Design/Broad_Ref_Pip/workflow_profiler/.queue/scatterGather/ExampleIndelRealigner-1-sg/temp_16_of_36/sim1M_pairs_realign.bam -filterNoBases 
INFO  15:57:34,230 HelpFormatter - Executing as bshifaw@application-0-1.hudson.intel.com on Linux 3.10.0-327.13.1.el7.x86_64 amd64; OpenJDK 64-Bit Server VM 1.8.0_102-b14. 
INFO  15:57:34,231 HelpFormatter - Date/Time: 2016/09/26 15:57:34 
INFO  15:57:34,231 HelpFormatter - --------------------------------------------------------------------------------- 
INFO  15:57:34,232 HelpFormatter - --------------------------------------------------------------------------------- 
INFO  15:57:34,568 GenomeAnalysisEngine - Strictness is SILENT 
INFO  15:57:34,695 GenomeAnalysisEngine - Downsampling Settings: No downsampling 
INFO  15:57:34,714 SAMDataSource$SAMReaders - Initializing SAMRecords in serial 
INFO  15:57:34,825 SAMDataSource$SAMReaders - Done initializing BAM readers: total time 0.11 
INFO  15:57:35,122 IntervalUtils - Processing 90354753 bp from intervals 
INFO  15:57:35,256 GenomeAnalysisEngine - Preparing for traversal over 1 BAM files 
INFO  15:57:35,507 GenomeAnalysisEngine - Done preparing for traversal 
INFO  15:57:35,508 ProgressMeter - [INITIALIZATION COMPLETE; STARTING PROCESSING] 
INFO  15:57:35,508 ProgressMeter -                 | processed |    time |    per 1M |           |   total | remaining 
INFO  15:57:35,508 ProgressMeter -        Location |     reads | elapsed |     reads | completed | runtime |   runtime 
INFO  15:57:37,237 ReadShardBalancer$1 - Loading BAM index data 
INFO  15:57:37,894 ReadShardBalancer$1 - Done loading BAM index data 
INFO  15:57:47,908 ProgressMeter -            done     50769.0    12.0 s       4.1 m       99.8%    12.0 s       0.0 s 
INFO  15:57:47,908 ProgressMeter - Total runtime 12.40 secs, 0.21 min, 0.00 hours 
INFO  15:57:47,911 MicroScheduler - 156 reads were filtered out during the traversal out of approximately 50925 total reads (0.31%) 
INFO  15:57:47,911 MicroScheduler -   -> 0 reads (0.00% of total) failing BadCigarFilter 
INFO  15:57:47,911 MicroScheduler -   -> 156 reads (0.31% of total) failing MalformedReadFilter 
