INFO  18:12:42,147 HelpFormatter - --------------------------------------------------------------------------------- 
INFO  18:12:42,149 HelpFormatter - The Genome Analysis Toolkit (GATK) v3.4-46-g8ea4dca, Compiled 2015/08/13 20:41:56 
INFO  18:12:42,149 HelpFormatter - Copyright (c) 2010 The Broad Institute 
INFO  18:12:42,149 HelpFormatter - For support and documentation go to http://www.broadinstitute.org/gatk 
INFO  18:12:42,153 HelpFormatter - Program Args: -T BaseRecalibrator -I /mnt/sdb/data/broadout/HG02769_gatk_best_practices_8t_30s_2016-07-25_16-38-44/HG02769_realign.bam -L /mnt/sdb/Broad_Ref_Pipeline_approved_package/workflow_profiler/.queue/scatterGather/ExampleBaseRecalibrator-1-sg/temp_24_of_24/scatter.intervals -R /mnt/sdb/Broad_Ref_Pipeline_approved_package/b37bundle/human_g1k_v37.fasta -knownSites /mnt/sdb/Broad_Ref_Pipeline_approved_package/b37bundle/dbsnp_138.b37.vcf -o /mnt/sdb/Broad_Ref_Pipeline_approved_package/workflow_profiler/.queue/scatterGather/ExampleBaseRecalibrator-1-sg/temp_24_of_24/HG02769_recal.grp 
INFO  18:12:42,182 HelpFormatter - Executing as bshifaw@application-0-1.hudson.intel.com on Linux 3.10.0-327.el7.x86_64 amd64; OpenJDK 64-Bit Server VM 1.8.0_101-b13. 
INFO  18:12:42,191 HelpFormatter - Date/Time: 2016/07/25 18:12:42 
INFO  18:12:42,204 HelpFormatter - --------------------------------------------------------------------------------- 
INFO  18:12:42,204 HelpFormatter - --------------------------------------------------------------------------------- 
INFO  18:12:42,295 GenomeAnalysisEngine - Strictness is SILENT 
INFO  18:12:42,438 GenomeAnalysisEngine - Downsampling Settings: No downsampling 
INFO  18:12:42,444 SAMDataSource$SAMReaders - Initializing SAMRecords in serial 
INFO  18:12:42,558 SAMDataSource$SAMReaders - Done initializing BAM readers: total time 0.11 
INFO  18:12:42,848 IntervalUtils - Processing 140593 bp from intervals 
INFO  18:12:43,096 GenomeAnalysisEngine - Preparing for traversal over 1 BAM files 
INFO  18:12:43,370 GenomeAnalysisEngine - Done preparing for traversal 
INFO  18:12:43,375 ProgressMeter - [INITIALIZATION COMPLETE; STARTING PROCESSING] 
INFO  18:12:43,375 ProgressMeter -                 | processed |    time |    per 1M |           |   total | remaining 
INFO  18:12:43,386 ProgressMeter -        Location |     reads | elapsed |     reads | completed | runtime |   runtime 
INFO  18:12:43,562 BaseRecalibrator - The covariates being used here:  
INFO  18:12:43,563 BaseRecalibrator - 	ReadGroupCovariate 
INFO  18:12:43,564 BaseRecalibrator - 	QualityScoreCovariate 
INFO  18:12:43,564 BaseRecalibrator - 	ContextCovariate 
INFO  18:12:43,564 ContextCovariate - 		Context sizes: base substitution model 2, indel substitution model 3 
INFO  18:12:43,564 BaseRecalibrator - 	CycleCovariate 
INFO  18:12:43,566 ReadShardBalancer$1 - Loading BAM index data 
INFO  18:12:43,639 ReadShardBalancer$1 - Done loading BAM index data 
INFO  18:12:48,878 BaseRecalibrator - Calculating quantized quality scores... 
INFO  18:12:49,018 BaseRecalibrator - Writing recalibration report... 
INFO  18:12:54,289 BaseRecalibrator - ...done! 
INFO  18:12:54,297 BaseRecalibrator - BaseRecalibrator was able to recalibrate 126 reads 
INFO  18:12:54,300 ProgressMeter -            done       126.0    10.0 s      24.1 h       55.0%    18.0 s       8.0 s 
INFO  18:12:54,300 ProgressMeter - Total runtime 10.93 secs, 0.18 min, 0.00 hours 
INFO  18:12:54,300 MicroScheduler - 4422 reads were filtered out during the traversal out of approximately 4548 total reads (97.23%) 
INFO  18:12:54,301 MicroScheduler -   -> 0 reads (0.00% of total) failing BadCigarFilter 
INFO  18:12:54,301 MicroScheduler -   -> 6 reads (0.13% of total) failing DuplicateReadFilter 
INFO  18:12:54,301 MicroScheduler -   -> 0 reads (0.00% of total) failing FailsVendorQualityCheckFilter 
INFO  18:12:54,301 MicroScheduler -   -> 0 reads (0.00% of total) failing MalformedReadFilter 
INFO  18:12:54,310 MicroScheduler -   -> 0 reads (0.00% of total) failing MappingQualityUnavailableFilter 
INFO  18:12:54,312 MicroScheduler -   -> 4416 reads (97.10% of total) failing MappingQualityZeroFilter 
INFO  18:12:54,319 MicroScheduler -   -> 0 reads (0.00% of total) failing NotPrimaryAlignmentFilter 
INFO  18:12:54,319 MicroScheduler -   -> 0 reads (0.00% of total) failing UnmappedReadFilter 
