INFO  17:41:18,074 HelpFormatter - --------------------------------------------------------------------------------- 
INFO  17:41:18,076 HelpFormatter - The Genome Analysis Toolkit (GATK) v3.4-46-g8ea4dca, Compiled 2015/08/13 20:41:56 
INFO  17:41:18,076 HelpFormatter - Copyright (c) 2010 The Broad Institute 
INFO  17:41:18,077 HelpFormatter - For support and documentation go to http://www.broadinstitute.org/gatk 
INFO  17:41:18,080 HelpFormatter - Program Args: -T PrintReads -I /home/opt/data/broadout/FC1-NA12878-01_S1_L001_gatk_best_practices_36t_30s_2015-11-10_16-39-49/FC1-NA12878-01_S1_L001_realign.bam -L /home/beris/Broad_Ref_Pipeline_approved_package/workflow_profiler/.queue/scatterGather/ExamplePrintReads-1-sg/temp_12_of_36/scatter.intervals -R /home/beris/Broad_Ref_Pipeline_approved_package/homosapiensrefgenome/Homo_sapiens_assembly19.fasta -BQSR /home/opt/data/broadout/FC1-NA12878-01_S1_L001_gatk_best_practices_36t_30s_2015-11-10_16-39-49/FC1-NA12878-01_S1_L001_recal.grp -o /home/beris/Broad_Ref_Pipeline_approved_package/workflow_profiler/.queue/scatterGather/ExamplePrintReads-1-sg/temp_12_of_36/FC1-NA12878-01_S1_L001_final.bam 
INFO  17:41:18,090 HelpFormatter - Executing as beris@dna on Linux 2.6.32-573.el6.x86_64 amd64; OpenJDK 64-Bit Server VM 1.7.0_79-mockbuild_2015_07_24_09_26-b00. 
INFO  17:41:18,090 HelpFormatter - Date/Time: 2015/11/10 17:41:18 
INFO  17:41:18,090 HelpFormatter - --------------------------------------------------------------------------------- 
INFO  17:41:18,091 HelpFormatter - --------------------------------------------------------------------------------- 
INFO  17:41:18,209 GenomeAnalysisEngine - Strictness is SILENT 
INFO  17:41:19,425 ContextCovariate - 		Context sizes: base substitution model 2, indel substitution model 3 
INFO  17:41:19,483 GenomeAnalysisEngine - Downsampling Settings: No downsampling 
INFO  17:41:19,499 SAMDataSource$SAMReaders - Initializing SAMRecords in serial 
INFO  17:41:19,556 SAMDataSource$SAMReaders - Done initializing BAM readers: total time 0.06 
INFO  17:41:19,575 IntervalUtils - Processing 133851895 bp from intervals 
INFO  17:41:19,684 GenomeAnalysisEngine - Preparing for traversal over 1 BAM files 
INFO  17:41:20,210 GenomeAnalysisEngine - Done preparing for traversal 
INFO  17:41:20,211 ProgressMeter - [INITIALIZATION COMPLETE; STARTING PROCESSING] 
INFO  17:41:20,211 ProgressMeter -                 | processed |    time |    per 1M |           |   total | remaining 
INFO  17:41:20,211 ProgressMeter -        Location |     reads | elapsed |     reads | completed | runtime |   runtime 
INFO  17:41:20,223 ReadShardBalancer$1 - Loading BAM index data 
INFO  17:41:21,177 ReadShardBalancer$1 - Done loading BAM index data 
INFO  17:41:50,237 ProgressMeter -     12:18474103    200004.0    30.0 s       2.5 m       13.8%     3.6 m       3.1 m 
INFO  17:42:20,238 ProgressMeter -     12:49783793    500011.0    60.0 s     120.0 s       37.2%     2.7 m     101.0 s 
INFO  17:43:00,916 ProgressMeter -     12:82704594   1000019.0   100.0 s     100.0 s       61.8%     2.7 m      61.0 s 
INFO  17:43:41,260 ProgressMeter -    12:122409545   1400026.0     2.4 m     100.0 s       91.5%     2.6 m      13.0 s 
INFO  17:43:51,443 Walker - [REDUCE RESULT] Traversal result is: org.broadinstitute.gatk.engine.io.stubs.SAMFileWriterStub@3b2bdbb5 
INFO  17:43:51,571 ProgressMeter -            done   1574711.0     2.5 m      96.0 s      100.0%     2.5 m       0.0 s 
INFO  17:43:51,571 ProgressMeter - Total runtime 151.36 secs, 2.52 min, 0.04 hours 
INFO  17:43:51,572 MicroScheduler - 0 reads were filtered out during the traversal out of approximately 1574711 total reads (0.00%) 
INFO  17:43:51,572 MicroScheduler -   -> 0 reads (0.00% of total) failing BadCigarFilter 
INFO  17:43:51,573 MicroScheduler -   -> 0 reads (0.00% of total) failing MalformedReadFilter 
