INFO  17:06:47,693 HelpFormatter - --------------------------------------------------------------------------------- 
INFO  17:06:47,695 HelpFormatter - The Genome Analysis Toolkit (GATK) v3.4-46-g8ea4dca, Compiled 2015/08/13 20:41:56 
INFO  17:06:47,695 HelpFormatter - Copyright (c) 2010 The Broad Institute 
INFO  17:06:47,695 HelpFormatter - For support and documentation go to http://www.broadinstitute.org/gatk 
INFO  17:06:47,699 HelpFormatter - Program Args: -T PrintReads -I /cluster_share/data/out/HG02769_gatk_best_practices_36t_30s_2016-11-28_15-18-37/HG02769_realign.bam -L /cluster_share/data/Broad_Ref_Pipeline_approved_package/workflow_profiler/.queue/scatterGather/ExamplePrintReads-1-sg/temp_12_of_36/scatter.intervals -R /cluster_share/data/reference/b37bundle/human_g1k_v37.fasta -BQSR /cluster_share/data/out/HG02769_gatk_best_practices_36t_30s_2016-11-28_15-18-37/HG02769_recal.grp -o /cluster_share/data/Broad_Ref_Pipeline_approved_package/workflow_profiler/.queue/scatterGather/ExamplePrintReads-1-sg/temp_12_of_36/HG02769_final.bam 
INFO  17:06:47,705 HelpFormatter - Executing as bshifaw@compute-1-1.hudson.intel.com on Linux 3.10.0-327.13.1.el7.x86_64 amd64; OpenJDK 64-Bit Server VM 1.8.0_111-b15. 
INFO  17:06:47,706 HelpFormatter - Date/Time: 2016/11/28 17:06:47 
INFO  17:06:47,706 HelpFormatter - --------------------------------------------------------------------------------- 
INFO  17:06:47,706 HelpFormatter - --------------------------------------------------------------------------------- 
INFO  17:06:47,883 GenomeAnalysisEngine - Strictness is SILENT 
INFO  17:06:48,614 ContextCovariate - 		Context sizes: base substitution model 2, indel substitution model 3 
INFO  17:06:48,699 GenomeAnalysisEngine - Downsampling Settings: No downsampling 
INFO  17:06:48,739 SAMDataSource$SAMReaders - Initializing SAMRecords in serial 
INFO  17:06:48,863 SAMDataSource$SAMReaders - Done initializing BAM readers: total time 0.12 
INFO  17:06:48,939 IntervalUtils - Processing 133851895 bp from intervals 
INFO  17:06:49,172 GenomeAnalysisEngine - Preparing for traversal over 1 BAM files 
INFO  17:06:49,794 GenomeAnalysisEngine - Done preparing for traversal 
INFO  17:06:49,802 ProgressMeter - [INITIALIZATION COMPLETE; STARTING PROCESSING] 
INFO  17:06:49,802 ProgressMeter -                 | processed |    time |    per 1M |           |   total | remaining 
INFO  17:06:49,803 ProgressMeter -        Location |     reads | elapsed |     reads | completed | runtime |   runtime 
INFO  17:06:49,823 ReadShardBalancer$1 - Loading BAM index data 
INFO  17:06:50,446 ReadShardBalancer$1 - Done loading BAM index data 
INFO  17:07:19,827 ProgressMeter -      12:6677429    300005.0    30.0 s     100.0 s        5.0%    10.0 m       9.5 m 
INFO  17:07:49,828 ProgressMeter -     12:12491400    800019.0    60.0 s      75.0 s        9.3%    10.7 m       9.7 m 
INFO  17:08:19,829 ProgressMeter -     12:39223299   1400034.0    90.0 s      64.0 s       29.3%     5.1 m       3.6 m 
INFO  17:08:49,830 ProgressMeter -     12:51297896   1900050.0   120.0 s      63.0 s       38.3%     5.2 m       3.2 m 
INFO  17:09:19,831 ProgressMeter -     12:56081912   2500063.0     2.5 m      60.0 s       41.9%     6.0 m       3.5 m 
INFO  17:09:49,838 ProgressMeter -     12:60168605   3000074.0     3.0 m      60.0 s       45.0%     6.7 m       3.7 m 
INFO  17:10:20,033 ProgressMeter -     12:93881496   3600087.0     3.5 m      58.0 s       70.1%     5.0 m      89.0 s 
INFO  17:10:50,034 ProgressMeter -    12:109614010   4100094.0     4.0 m      58.0 s       81.9%     4.9 m      53.0 s 
INFO  17:11:20,036 ProgressMeter -    12:121132702   4700115.0     4.5 m      57.0 s       90.5%     5.0 m      28.0 s 
INFO  17:11:46,146 Walker - [REDUCE RESULT] Traversal result is: org.broadinstitute.gatk.engine.io.stubs.SAMFileWriterStub@2a6e54c2 
INFO  17:11:46,651 ProgressMeter -            done   5329897.0     4.9 m      55.0 s      100.0%     4.9 m       0.0 s 
INFO  17:11:46,651 ProgressMeter - Total runtime 296.85 secs, 4.95 min, 0.08 hours 
INFO  17:11:46,651 MicroScheduler - 0 reads were filtered out during the traversal out of approximately 5329897 total reads (0.00%) 
INFO  17:11:46,652 MicroScheduler -   -> 0 reads (0.00% of total) failing BadCigarFilter 
INFO  17:11:46,652 MicroScheduler -   -> 0 reads (0.00% of total) failing MalformedReadFilter 
