INFO  20:39:39,668 HelpFormatter - --------------------------------------------------------------------------------- 
INFO  20:39:39,670 HelpFormatter - The Genome Analysis Toolkit (GATK) v3.4-46-g8ea4dca, Compiled 2015/08/13 20:41:56 
INFO  20:39:39,670 HelpFormatter - Copyright (c) 2010 The Broad Institute 
INFO  20:39:39,670 HelpFormatter - For support and documentation go to http://www.broadinstitute.org/gatk 
INFO  20:39:39,673 HelpFormatter - Program Args: -T HaplotypeCaller -I /home/opt/data/broadout/FC1-NA12878-01_S1_L001_R1_001_gatk_best_practices_36t_30s_2015-11-05_19-14-59/FC1-NA12878-01_S1_L001_R1_001_realign.bam -L /home/beris/Broad_Ref_Pipeline_approved_package/workflow_profiler/.queue/scatterGather/ExampleHaplotypeCaller-1-sg/temp_24_of_36/scatter.intervals -R /home/beris/Broad_Ref_Pipeline_approved_package/homosapiensrefgenome/Homo_sapiens_assembly19.fasta -variant_index_type LINEAR -variant_index_parameter 128000 -o /home/beris/Broad_Ref_Pipeline_approved_package/workflow_profiler/.queue/scatterGather/ExampleHaplotypeCaller-1-sg/temp_24_of_36/FC1-NA12878-01_S1_L001_R1_001_realign.bam_HaplotypeCaller.g.vcf -ERC GVCF 
INFO  20:39:39,679 HelpFormatter - Executing as beris@dna on Linux 2.6.32-573.el6.x86_64 amd64; OpenJDK 64-Bit Server VM 1.7.0_79-mockbuild_2015_07_24_09_26-b00. 
INFO  20:39:39,679 HelpFormatter - Date/Time: 2015/11/05 20:39:39 
INFO  20:39:39,679 HelpFormatter - --------------------------------------------------------------------------------- 
INFO  20:39:39,679 HelpFormatter - --------------------------------------------------------------------------------- 
WARN  20:39:39,700 GATKVCFUtils - Naming your output file using the .g.vcf extension will automatically set the appropriate values  for --variant_index_type and --variant_index_parameter 
INFO  20:39:39,783 GenomeAnalysisEngine - Strictness is SILENT 
INFO  20:39:39,875 GenomeAnalysisEngine - Downsampling Settings: Method: BY_SAMPLE, Target Coverage: 500 
INFO  20:39:39,884 SAMDataSource$SAMReaders - Initializing SAMRecords in serial 
INFO  20:39:39,925 SAMDataSource$SAMReaders - Done initializing BAM readers: total time 0.04 
INFO  20:39:39,933 HCMappingQualityFilter - Filtering out reads with MAPQ < 20 
INFO  20:39:40,126 IntervalUtils - Processing 1017715 bp from intervals 
INFO  20:39:40,217 GenomeAnalysisEngine - Preparing for traversal over 1 BAM files 
INFO  20:39:40,431 GenomeAnalysisEngine - Done preparing for traversal 
INFO  20:39:40,432 ProgressMeter - [INITIALIZATION COMPLETE; STARTING PROCESSING] 
INFO  20:39:40,432 ProgressMeter -                 |      processed |    time |         per 1M |           |   total | remaining 
INFO  20:39:40,432 ProgressMeter -        Location | active regions | elapsed | active regions | completed | runtime |   runtime 
INFO  20:39:40,433 HaplotypeCaller - Standard Emitting and Calling confidence set to 0.0 for reference-model confidence output 
INFO  20:39:40,433 HaplotypeCaller - All sites annotated with PLs forced to true for reference-model confidence output 
INFO  20:39:40,575 HaplotypeCaller - Using global mismapping rate of 45 => -4.5 in log10 likelihood units 
Using AVX accelerated implementation of PairHMM
INFO  20:39:41,844 VectorLoglessPairHMM - libVectorLoglessPairHMM unpacked successfully from GATK jar file 
INFO  20:39:41,844 VectorLoglessPairHMM - Using vectorized implementation of PairHMM 
WARN  20:39:42,114 HaplotypeScore - Annotation will not be calculated, must be called from UnifiedGenotyper 
WARN  20:39:42,114 InbreedingCoeff - Annotation will not be calculated, must provide a valid PED file (-ped) from the command line. 
INFO  20:40:10,436 ProgressMeter -    12:124289328      6.8936279E7    30.0 s            0.0 s       16.6%     3.0 m       2.5 m 
INFO  20:40:40,438 ProgressMeter -     13:32731360     2.50121519E8    60.0 s            0.0 s       42.7%     2.3 m      80.0 s 
INFO  20:41:10,441 ProgressMeter -     13:79929470     7.10695304E8    90.0 s            0.0 s       72.2%     2.1 m      34.0 s 
INFO  20:41:31,457 VectorLoglessPairHMM - Time spent in setup for JNI call : 0.036890067000000006 
INFO  20:41:31,457 PairHMM - Total compute time in PairHMM computeLikelihoods() : 6.482620130000001 
INFO  20:41:31,458 HaplotypeCaller - Ran local assembly on 10415 active regions 
INFO  20:41:31,465 ProgressMeter -            done    1.312176485E9   111.0 s            0.0 s      100.0%   111.0 s       0.0 s 
INFO  20:41:31,465 ProgressMeter - Total runtime 111.03 secs, 1.85 min, 0.03 hours 
INFO  20:41:31,466 MicroScheduler - 133779 reads were filtered out during the traversal out of approximately 491829 total reads (27.20%) 
INFO  20:41:31,466 MicroScheduler -   -> 0 reads (0.00% of total) failing BadCigarFilter 
INFO  20:41:31,466 MicroScheduler -   -> 121566 reads (24.72% of total) failing DuplicateReadFilter 
INFO  20:41:31,466 MicroScheduler -   -> 0 reads (0.00% of total) failing FailsVendorQualityCheckFilter 
INFO  20:41:31,467 MicroScheduler -   -> 11917 reads (2.42% of total) failing HCMappingQualityFilter 
INFO  20:41:31,467 MicroScheduler -   -> 0 reads (0.00% of total) failing MalformedReadFilter 
INFO  20:41:31,467 MicroScheduler -   -> 0 reads (0.00% of total) failing MappingQualityUnavailableFilter 
INFO  20:41:31,467 MicroScheduler -   -> 296 reads (0.06% of total) failing NotPrimaryAlignmentFilter 
INFO  20:41:31,467 MicroScheduler -   -> 0 reads (0.00% of total) failing UnmappedReadFilter 
