INFO  17:36:57,127 HelpFormatter - --------------------------------------------------------------------------------- 
INFO  17:36:57,129 HelpFormatter - The Genome Analysis Toolkit (GATK) v3.4-46-g8ea4dca, Compiled 2015/08/13 20:41:56 
INFO  17:36:57,129 HelpFormatter - Copyright (c) 2010 The Broad Institute 
INFO  17:36:57,129 HelpFormatter - For support and documentation go to http://www.broadinstitute.org/gatk 
INFO  17:36:57,133 HelpFormatter - Program Args: -T HaplotypeCaller -I /cluster_share/data/out/HG02769_gatk_best_practices_36t_30s_2016-11-28_15-18-37/HG02769_final.bam -L /cluster_share/data/Broad_Ref_Pipeline_approved_package/workflow_profiler/.queue/scatterGather/ExampleHaplotypeCaller-1-sg/temp_24_of_36/scatter.intervals -R /cluster_share/data/reference/b37bundle/human_g1k_v37.fasta -variant_index_type LINEAR -variant_index_parameter 128000 -o /cluster_share/data/Broad_Ref_Pipeline_approved_package/workflow_profiler/.queue/scatterGather/ExampleHaplotypeCaller-1-sg/temp_24_of_36/HG02769_HaplotypeCaller.g.vcf -ERC GVCF 
INFO  17:36:57,139 HelpFormatter - Executing as bshifaw@compute-1-1.hudson.intel.com on Linux 3.10.0-327.13.1.el7.x86_64 amd64; OpenJDK 64-Bit Server VM 1.8.0_111-b15. 
INFO  17:36:57,142 HelpFormatter - Date/Time: 2016/11/28 17:36:57 
INFO  17:36:57,142 HelpFormatter - --------------------------------------------------------------------------------- 
INFO  17:36:57,146 HelpFormatter - --------------------------------------------------------------------------------- 
WARN  17:36:57,151 GATKVCFUtils - Naming your output file using the .g.vcf extension will automatically set the appropriate values  for --variant_index_type and --variant_index_parameter 
INFO  17:36:57,235 GenomeAnalysisEngine - Strictness is SILENT 
INFO  17:36:57,444 GenomeAnalysisEngine - Downsampling Settings: Method: BY_SAMPLE, Target Coverage: 500 
INFO  17:36:57,459 SAMDataSource$SAMReaders - Initializing SAMRecords in serial 
INFO  17:36:57,671 SAMDataSource$SAMReaders - Done initializing BAM readers: total time 0.21 
INFO  17:36:57,696 HCMappingQualityFilter - Filtering out reads with MAPQ < 20 
INFO  17:36:57,851 IntervalUtils - Processing 1437965 bp from intervals 
INFO  17:36:57,992 GenomeAnalysisEngine - Preparing for traversal over 1 BAM files 
INFO  17:36:58,219 GenomeAnalysisEngine - Done preparing for traversal 
INFO  17:36:58,219 ProgressMeter - [INITIALIZATION COMPLETE; STARTING PROCESSING] 
INFO  17:36:58,219 ProgressMeter -                 |      processed |    time |         per 1M |           |   total | remaining 
INFO  17:36:58,220 ProgressMeter -        Location | active regions | elapsed | active regions | completed | runtime |   runtime 
INFO  17:36:58,220 HaplotypeCaller - Standard Emitting and Calling confidence set to 0.0 for reference-model confidence output 
INFO  17:36:58,220 HaplotypeCaller - All sites annotated with PLs forced to true for reference-model confidence output 
INFO  17:36:58,424 HaplotypeCaller - Using global mismapping rate of 45 => -4.5 in log10 likelihood units 
Using AVX accelerated implementation of PairHMM
INFO  17:36:59,895 VectorLoglessPairHMM - libVectorLoglessPairHMM unpacked successfully from GATK jar file 
INFO  17:36:59,902 VectorLoglessPairHMM - Using vectorized implementation of PairHMM 
WARN  17:37:00,102 HaplotypeScore - Annotation will not be calculated, must be called from UnifiedGenotyper 
WARN  17:37:00,108 InbreedingCoeff - Annotation will not be calculated, must provide a valid PED file (-ped) from the command line. 
INFO  17:37:28,265 ProgressMeter -    12:126128570        1072228.0    30.0 s           28.0 s        1.8%    28.0 m      27.5 m 
INFO  17:37:58,271 ProgressMeter -     13:20039605       2.625951E7    60.0 s            2.0 s       10.0%    10.0 m       9.0 m 
INFO  17:38:28,272 ProgressMeter -     13:25671577      4.4630659E7    90.0 s            2.0 s       17.4%     8.6 m       7.1 m 
INFO  17:38:58,273 ProgressMeter -     13:33759963     1.34164068E8   120.0 s            0.0 s       27.8%     7.2 m       5.2 m 
INFO  17:39:28,274 ProgressMeter -     13:50125410     4.17500949E8     2.5 m            0.0 s       43.1%     5.8 m       3.3 m 
INFO  17:39:58,276 ProgressMeter -     13:99358336     9.06638321E8     3.0 m            0.0 s       60.3%     5.0 m     118.0 s 
INFO  17:40:28,277 ProgressMeter -     14:20215935    1.542475451E9     3.5 m            0.0 s       75.2%     4.7 m      69.0 s 
INFO  17:40:58,279 ProgressMeter -     14:22038343    1.556700986E9     4.0 m            0.0 s       82.7%     4.8 m      50.0 s 
INFO  17:41:28,282 ProgressMeter -     14:24709488    1.638211914E9     4.5 m            0.0 s       95.7%     4.7 m      12.0 s 
INFO  17:41:35,989 VectorLoglessPairHMM - Time spent in setup for JNI call : 0.150514868 
INFO  17:41:35,989 PairHMM - Total compute time in PairHMM computeLikelihoods() : 54.692810843000004 
INFO  17:41:35,990 HaplotypeCaller - Ran local assembly on 8714 active regions 
INFO  17:41:36,000 ProgressMeter -            done    1.686724681E9     4.6 m            0.0 s      100.0%     4.6 m       0.0 s 
INFO  17:41:36,001 ProgressMeter - Total runtime 277.78 secs, 4.63 min, 0.08 hours 
INFO  17:41:36,001 MicroScheduler - 368982 reads were filtered out during the traversal out of approximately 2431067 total reads (15.18%) 
INFO  17:41:36,001 MicroScheduler -   -> 0 reads (0.00% of total) failing BadCigarFilter 
INFO  17:41:36,002 MicroScheduler -   -> 311923 reads (12.83% of total) failing DuplicateReadFilter 
INFO  17:41:36,002 MicroScheduler -   -> 0 reads (0.00% of total) failing FailsVendorQualityCheckFilter 
INFO  17:41:36,002 MicroScheduler -   -> 56778 reads (2.34% of total) failing HCMappingQualityFilter 
INFO  17:41:36,002 MicroScheduler -   -> 0 reads (0.00% of total) failing MalformedReadFilter 
INFO  17:41:36,003 MicroScheduler -   -> 0 reads (0.00% of total) failing MappingQualityUnavailableFilter 
INFO  17:41:36,003 MicroScheduler -   -> 281 reads (0.01% of total) failing NotPrimaryAlignmentFilter 
INFO  17:41:36,003 MicroScheduler -   -> 0 reads (0.00% of total) failing UnmappedReadFilter 
