INFO  16:10:24,968 HelpFormatter - --------------------------------------------------------------------------------- 
INFO  16:10:24,974 HelpFormatter - The Genome Analysis Toolkit (GATK) v3.4-46-g8ea4dca, Compiled 2015/08/13 20:41:56 
INFO  16:10:24,975 HelpFormatter - Copyright (c) 2010 The Broad Institute 
INFO  16:10:24,975 HelpFormatter - For support and documentation go to http://www.broadinstitute.org/gatk 
INFO  16:10:24,978 HelpFormatter - Program Args: -T HaplotypeCaller -I /mnt/sdb/data/broadout/sim1M_pairs_gatk_best_practices_36t_30s_2016-09-26_15-40-42/sim1M_pairs_final.bam -L /home/bshifaw/gitrepos/Reference-Design/Broad_Ref_Pip/workflow_profiler/.queue/scatterGather/ExampleHaplotypeCaller-1-sg/temp_24_of_36/scatter.intervals -R /mnt/sdb/Broad_Ref_Pipeline_approved_package/homosapiensrefgenome/Homo_sapiens_assembly19.fasta -variant_index_type LINEAR -variant_index_parameter 128000 -o /home/bshifaw/gitrepos/Reference-Design/Broad_Ref_Pip/workflow_profiler/.queue/scatterGather/ExampleHaplotypeCaller-1-sg/temp_24_of_36/sim1M_pairs_HaplotypeCaller.g.vcf -ERC GVCF 
INFO  16:10:24,995 HelpFormatter - Executing as bshifaw@application-0-1.hudson.intel.com on Linux 3.10.0-327.13.1.el7.x86_64 amd64; OpenJDK 64-Bit Server VM 1.8.0_102-b14. 
INFO  16:10:24,995 HelpFormatter - Date/Time: 2016/09/26 16:10:24 
INFO  16:10:24,995 HelpFormatter - --------------------------------------------------------------------------------- 
INFO  16:10:24,996 HelpFormatter - --------------------------------------------------------------------------------- 
WARN  16:10:24,999 GATKVCFUtils - Naming your output file using the .g.vcf extension will automatically set the appropriate values  for --variant_index_type and --variant_index_parameter 
INFO  16:10:25,200 GenomeAnalysisEngine - Strictness is SILENT 
INFO  16:10:25,345 GenomeAnalysisEngine - Downsampling Settings: Method: BY_SAMPLE, Target Coverage: 500 
INFO  16:10:25,351 SAMDataSource$SAMReaders - Initializing SAMRecords in serial 
INFO  16:10:25,461 SAMDataSource$SAMReaders - Done initializing BAM readers: total time 0.11 
INFO  16:10:25,495 HCMappingQualityFilter - Filtering out reads with MAPQ < 20 
INFO  16:10:25,522 IntervalUtils - Processing 86166015 bp from intervals 
INFO  16:10:25,675 GenomeAnalysisEngine - Preparing for traversal over 1 BAM files 
INFO  16:10:25,979 GenomeAnalysisEngine - Done preparing for traversal 
INFO  16:10:25,979 ProgressMeter - [INITIALIZATION COMPLETE; STARTING PROCESSING] 
INFO  16:10:25,980 ProgressMeter -                 |      processed |    time |         per 1M |           |   total | remaining 
INFO  16:10:25,987 ProgressMeter -        Location | active regions | elapsed | active regions | completed | runtime |   runtime 
INFO  16:10:26,002 HaplotypeCaller - Standard Emitting and Calling confidence set to 0.0 for reference-model confidence output 
INFO  16:10:26,003 HaplotypeCaller - All sites annotated with PLs forced to true for reference-model confidence output 
INFO  16:10:26,195 HaplotypeCaller - Using global mismapping rate of 45 => -4.5 in log10 likelihood units 
Using AVX accelerated implementation of PairHMM
INFO  16:10:30,037 VectorLoglessPairHMM - libVectorLoglessPairHMM unpacked successfully from GATK jar file 
INFO  16:10:30,037 VectorLoglessPairHMM - Using vectorized implementation of PairHMM 
WARN  16:10:30,434 HaplotypeScore - Annotation will not be calculated, must be called from UnifiedGenotyper 
WARN  16:10:30,434 InbreedingCoeff - Annotation will not be calculated, must provide a valid PED file (-ped) from the command line. 
INFO  16:10:56,028 ProgressMeter -     12:32448181              0.0    30.0 s           49.7 w        1.8%    27.9 m      27.4 m 
INFO  16:11:26,031 ProgressMeter -     12:38680884              0.0    60.0 s           99.3 w        9.0%    11.1 m      10.1 m 
INFO  16:11:56,032 ProgressMeter -     12:47237889              0.0    90.0 s          148.9 w       19.0%     7.9 m       6.4 m 
INFO  16:12:26,033 ProgressMeter -     12:56081776              0.0   120.0 s          198.5 w       29.2%     6.8 m       4.8 m 
INFO  16:12:56,045 ProgressMeter -     12:65008366              0.0     2.5 m          248.1 w       39.6%     6.3 m       3.8 m 
INFO  16:13:26,046 ProgressMeter -     12:73787540              0.0     3.0 m          297.7 w       49.8%     6.0 m       3.0 m 
INFO  16:13:56,048 ProgressMeter -     12:82734597              0.0     3.5 m          347.3 w       60.2%     5.8 m       2.3 m 
INFO  16:14:26,049 ProgressMeter -     12:91522582              0.0     4.0 m          396.9 w       70.4%     5.7 m     101.0 s 
INFO  16:15:06,050 ProgressMeter -    12:103529661              0.0     4.7 m          463.1 w       84.3%     5.5 m      52.0 s 
INFO  16:15:36,051 ProgressMeter -    12:112859987              0.0     5.2 m          512.7 w       95.1%     5.4 m      15.0 s 
INFO  16:15:49,318 VectorLoglessPairHMM - Time spent in setup for JNI call : 0.0031122040000000004 
INFO  16:15:49,319 PairHMM - Total compute time in PairHMM computeLikelihoods() : 0.058611088000000006 
INFO  16:15:49,319 HaplotypeCaller - Ran local assembly on 293599 active regions 
INFO  16:15:49,328 ProgressMeter -            done      8.6166015E7     5.4 m            3.0 s      100.0%     5.4 m       0.0 s 
INFO  16:15:49,329 ProgressMeter - Total runtime 323.35 secs, 5.39 min, 0.09 hours 
INFO  16:15:49,329 MicroScheduler - 399 reads were filtered out during the traversal out of approximately 53411 total reads (0.75%) 
INFO  16:15:49,330 MicroScheduler -   -> 0 reads (0.00% of total) failing BadCigarFilter 
INFO  16:15:49,330 MicroScheduler -   -> 0 reads (0.00% of total) failing DuplicateReadFilter 
INFO  16:15:49,330 MicroScheduler -   -> 0 reads (0.00% of total) failing FailsVendorQualityCheckFilter 
INFO  16:15:49,331 MicroScheduler -   -> 397 reads (0.74% of total) failing HCMappingQualityFilter 
INFO  16:15:49,331 MicroScheduler -   -> 0 reads (0.00% of total) failing MalformedReadFilter 
INFO  16:15:49,331 MicroScheduler -   -> 0 reads (0.00% of total) failing MappingQualityUnavailableFilter 
INFO  16:15:49,331 MicroScheduler -   -> 2 reads (0.00% of total) failing NotPrimaryAlignmentFilter 
INFO  16:15:49,332 MicroScheduler -   -> 0 reads (0.00% of total) failing UnmappedReadFilter 
