INFO  16:30:43,782 HelpFormatter - --------------------------------------------------------------------------------- 
INFO  16:30:43,784 HelpFormatter - The Genome Analysis Toolkit (GATK) v3.4-46-g8ea4dca, Compiled 2015/08/13 20:41:56 
INFO  16:30:43,784 HelpFormatter - Copyright (c) 2010 The Broad Institute 
INFO  16:30:43,784 HelpFormatter - For support and documentation go to http://www.broadinstitute.org/gatk 
INFO  16:30:43,788 HelpFormatter - Program Args: -T HaplotypeCaller -I /mnt/ssdbroad/output/Solexa-272221_gatk_best_practices_36t_30s_2016-02-11_11-59-19/Solexa-272221_final.bam -L /mnt/ssdbroad/Broad_Ref_Pipeline_approved_package/workflow_profiler/.queue/scatterGather/ExampleHaplotypeCaller-1-sg/temp_24_of_36/scatter.intervals -R /mnt/ssdbroad/Broad_Ref_Pipeline_approved_package/homosapiensrefgenome/Homo_sapiens_assembly19.fasta -variant_index_type LINEAR -variant_index_parameter 128000 -o /mnt/ssdbroad/Broad_Ref_Pipeline_approved_package/workflow_profiler/.queue/scatterGather/ExampleHaplotypeCaller-1-sg/temp_24_of_36/Solexa-272221_HaplotypeCaller.g.vcf -ERC GVCF 
INFO  16:30:43,823 HelpFormatter - Executing as beris@dna on Linux 2.6.32-573.el6.x86_64 amd64; OpenJDK 64-Bit Server VM 1.7.0_79-mockbuild_2015_07_24_09_26-b00. 
INFO  16:30:43,824 HelpFormatter - Date/Time: 2016/02/12 16:30:43 
INFO  16:30:43,824 HelpFormatter - --------------------------------------------------------------------------------- 
INFO  16:30:43,824 HelpFormatter - --------------------------------------------------------------------------------- 
WARN  16:30:43,876 GATKVCFUtils - Naming your output file using the .g.vcf extension will automatically set the appropriate values  for --variant_index_type and --variant_index_parameter 
INFO  16:30:44,019 GenomeAnalysisEngine - Strictness is SILENT 
INFO  16:30:44,160 GenomeAnalysisEngine - Downsampling Settings: Method: BY_SAMPLE, Target Coverage: 500 
INFO  16:30:44,168 SAMDataSource$SAMReaders - Initializing SAMRecords in serial 
INFO  16:30:44,208 SAMDataSource$SAMReaders - Done initializing BAM readers: total time 0.04 
INFO  16:30:44,215 HCMappingQualityFilter - Filtering out reads with MAPQ < 20 
INFO  16:30:44,226 IntervalUtils - Processing 86166015 bp from intervals 
INFO  16:30:44,330 GenomeAnalysisEngine - Preparing for traversal over 1 BAM files 
INFO  16:30:44,861 GenomeAnalysisEngine - Done preparing for traversal 
INFO  16:30:44,862 ProgressMeter - [INITIALIZATION COMPLETE; STARTING PROCESSING] 
INFO  16:30:44,862 ProgressMeter -                 |      processed |    time |         per 1M |           |   total | remaining 
INFO  16:30:44,863 ProgressMeter -        Location | active regions | elapsed | active regions | completed | runtime |   runtime 
INFO  16:30:44,883 HaplotypeCaller - Standard Emitting and Calling confidence set to 0.0 for reference-model confidence output 
INFO  16:30:44,883 HaplotypeCaller - All sites annotated with PLs forced to true for reference-model confidence output 
INFO  16:30:45,116 HaplotypeCaller - Using global mismapping rate of 45 => -4.5 in log10 likelihood units 
Using AVX accelerated implementation of PairHMM
INFO  16:30:50,575 VectorLoglessPairHMM - libVectorLoglessPairHMM unpacked successfully from GATK jar file 
INFO  16:30:50,583 VectorLoglessPairHMM - Using vectorized implementation of PairHMM 
WARN  16:30:50,873 HaplotypeScore - Annotation will not be calculated, must be called from UnifiedGenotyper 
WARN  16:30:50,874 InbreedingCoeff - Annotation will not be calculated, must provide a valid PED file (-ped) from the command line. 
INFO  16:31:15,474 ProgressMeter -     12:30967667              0.0    30.0 s           50.6 w        0.1%    11.3 h      11.3 h 
INFO  16:31:45,475 ProgressMeter -     12:31232924              0.0    60.0 s          100.2 w        0.4%     4.4 h       4.3 h 
INFO  16:32:15,478 ProgressMeter -     12:31506195              0.0    90.0 s          149.8 w        0.7%     3.6 h       3.6 h 
INFO  16:32:45,479 ProgressMeter -     12:31792618              0.0   120.0 s          199.4 w        1.0%     3.2 h       3.2 h 
INFO  16:33:15,480 ProgressMeter -     12:32042197              0.0     2.5 m          249.0 w        1.3%     3.2 h       3.1 h 
WARN  16:33:44,338 ExactAFCalculator - this tool is currently set to genotype at most 6 alternate alleles in a given context, but the context at 12:32270645 has 12 alternate alleles so only the top alleles will be used; see the --max_alternate_alleles argument 
INFO  16:33:55,481 ProgressMeter -     12:32358784              0.0     3.2 m          315.2 w        1.7%     3.1 h       3.1 h 
INFO  16:34:25,481 ProgressMeter -     12:32611611              0.0     3.7 m          364.8 w        2.0%     3.1 h       3.0 h 
INFO  16:34:55,482 ProgressMeter -     12:32924811              0.0     4.2 m          414.4 w        2.3%     3.0 h       2.9 h 
INFO  16:35:25,483 ProgressMeter -     12:33203319              0.0     4.7 m          464.0 w        2.7%     2.9 h       2.8 h 
INFO  16:36:05,483 ProgressMeter -     12:33686021              0.0     5.3 m          530.1 w        3.2%     2.8 h       2.7 h 
INFO  16:36:35,484 ProgressMeter -     12:34016643              0.0     5.8 m          579.7 w        3.6%     2.7 h       2.6 h 
INFO  16:37:05,486 ProgressMeter -     12:34365314              0.0     6.3 m          629.3 w        4.0%     2.6 h       2.5 h 
INFO  16:37:45,487 ProgressMeter -     12:34783547              0.0     7.0 m          695.5 w        4.5%     2.6 h       2.5 h 
INFO  16:38:15,487 ProgressMeter -     12:34834557              0.0     7.5 m          745.1 w        4.6%     2.7 h       2.6 h 
INFO  16:38:45,488 ProgressMeter -     12:34835838              0.0     8.0 m          794.7 w        4.6%     2.9 h       2.8 h 
INFO  16:39:15,489 ProgressMeter -     12:34842168              0.0     8.5 m          844.3 w        4.6%     3.1 h       3.0 h 
INFO  16:39:55,490 ProgressMeter -     12:37878707              0.0     9.2 m          910.4 w        8.1%   113.2 m     104.1 m 
INFO  16:40:25,490 ProgressMeter -     12:38007486              0.0     9.7 m          960.0 w        8.2%   117.3 m     107.6 m 
INFO  16:40:55,491 ProgressMeter -     12:38040534              0.0    10.2 m         1009.6 w        8.3%     2.0 h     112.6 m 
INFO  16:41:25,492 ProgressMeter -     12:38125045              0.0    10.7 m         1059.2 w        8.4%     2.1 h     116.6 m 
INFO  16:41:55,504 ProgressMeter -     12:38288462              0.0    11.2 m         1108.9 w        8.6%     2.2 h     119.1 m 
INFO  16:42:25,505 ProgressMeter -     12:38581212              0.0    11.7 m         1158.5 w        8.9%     2.2 h     119.3 m 
INFO  16:43:05,505 ProgressMeter -     12:39038697              0.0    12.3 m         1224.6 w        9.4%     2.2 h     118.3 m 
INFO  16:43:35,506 ProgressMeter -     12:39420999              0.0    12.8 m         1274.2 w        9.9%     2.2 h     117.0 m 
INFO  16:44:05,507 ProgressMeter -     12:39819251              0.0    13.3 m         1323.8 w       10.3%     2.1 h     115.5 m 
INFO  16:44:45,508 ProgressMeter -     12:40304520              0.0    14.0 m         1390.0 w       10.9%     2.1 h     114.3 m 
INFO  16:45:25,508 ProgressMeter -     12:40740345              0.0    14.7 m         1456.1 w       11.4%     2.1 h     113.8 m 
INFO  16:45:55,509 ProgressMeter -     12:40923990              0.0    15.2 m         1505.7 w       11.6%     2.2 h     115.3 m 
INFO  16:46:25,510 ProgressMeter -     12:41229273              0.0    15.7 m         1555.3 w       12.0%     2.2 h     115.1 m 
INFO  16:47:05,511 ProgressMeter -     12:41727789              0.0    16.3 m         1621.4 w       12.6%     2.2 h     113.7 m 
INFO  16:47:35,511 ProgressMeter -     12:42058501              0.0    16.8 m         1671.0 w       12.9%     2.2 h     113.2 m 
INFO  16:48:05,512 ProgressMeter -     12:42344558              0.0    17.3 m         1720.7 w       13.3%     2.2 h     113.2 m 
INFO  16:48:35,513 ProgressMeter -     12:42557392              0.0    17.8 m         1770.3 w       13.5%     2.2 h     114.0 m 
INFO  16:49:15,514 ProgressMeter -     12:43020834              0.0    18.5 m         1836.4 w       14.1%     2.2 h     113.1 m 
INFO  16:49:55,514 ProgressMeter -     12:43460855              0.0    19.2 m         1902.5 w       14.6%     2.2 h     112.4 m 
INFO  16:50:25,515 ProgressMeter -     12:43748195              0.0    19.7 m         1952.1 w       14.9%     2.2 h     112.3 m 
INFO  16:50:55,516 ProgressMeter -     12:44106470              0.0    20.2 m         2001.7 w       15.3%     2.2 h     111.5 m 
INFO  16:51:35,517 ProgressMeter -     12:44598788              0.0    20.8 m         2067.9 w       15.9%     2.2 h     110.2 m 
INFO  16:52:15,518 ProgressMeter -     12:45159802              0.0    21.5 m         2134.0 w       16.5%     2.2 h     108.5 m 
INFO  16:52:45,519 ProgressMeter -     12:45553521              0.0    22.0 m         2183.6 w       17.0%     2.2 h     107.4 m 
INFO  16:53:15,519 ProgressMeter -     12:45934365              0.0    22.5 m         2233.2 w       17.4%     2.1 h     106.5 m 
INFO  16:53:45,520 ProgressMeter -     12:46293292              0.0    23.0 m         2282.8 w       17.9%     2.1 h     105.8 m 
WARN  16:54:15,071 ExactAFCalculator - this tool is currently set to genotype at most 6 alternate alleles in a given context, but the context at 12:46650419 has 8 alternate alleles so only the top alleles will be used; see the --max_alternate_alleles argument 
INFO  16:54:15,521 ProgressMeter -     12:46656885              0.0    23.5 m         2332.4 w       18.3%     2.1 h     105.0 m 
INFO  16:54:45,522 ProgressMeter -     12:46999258              0.0    24.0 m         2382.0 w       18.7%     2.1 h     104.5 m 
INFO  16:55:15,523 ProgressMeter -     12:47323240              0.0    24.5 m         2431.6 w       19.1%     2.1 h     104.1 m 
INFO  16:55:45,524 ProgressMeter -     12:47643683              0.0    25.0 m         2481.3 w       19.4%     2.1 h     103.7 m 
INFO  16:56:25,525 ProgressMeter -     12:48120318              0.0    25.7 m         2547.4 w       20.0%     2.1 h     102.8 m 
INFO  16:57:05,530 ProgressMeter -     12:48641012              0.0    26.3 m         2613.5 w       20.6%     2.1 h     101.6 m 
INFO  16:57:35,531 ProgressMeter -     12:48929807              0.0    26.8 m         2663.1 w       20.9%     2.1 h     101.4 m 
INFO  16:58:05,532 ProgressMeter -     12:49324639              0.0    27.3 m         2712.7 w       21.4%     2.1 h     100.5 m 
INFO  16:58:45,533 ProgressMeter -     12:49780004              0.0    28.0 m         2778.9 w       21.9%     2.1 h      99.8 m 
INFO  16:59:15,533 ProgressMeter -     12:50231526              0.0    28.5 m         2828.5 w       22.4%     2.1 h      98.6 m 
INFO  16:59:45,534 ProgressMeter -     12:50600347              0.0    29.0 m         2878.1 w       22.9%     2.1 h      97.9 m 
INFO  17:00:25,535 ProgressMeter -     12:51033172              0.0    29.7 m         2944.2 w       23.4%     2.1 h      97.3 m 
INFO  17:01:05,536 ProgressMeter -     12:51536212              0.0    30.3 m         3010.4 w       23.9%     2.1 h      96.3 m 
INFO  17:01:35,536 ProgressMeter -     12:51877496              0.0    30.8 m         3060.0 w       24.3%     2.1 h      95.8 m 
INFO  17:02:05,537 ProgressMeter -     12:52228114              0.0    31.3 m         3109.6 w       24.7%     2.1 h      95.3 m 
INFO  17:02:35,538 ProgressMeter -     12:52631605              0.0    31.8 m         3159.2 w       25.2%     2.1 h      94.4 m 
INFO  17:03:05,545 ProgressMeter -     12:52902214              0.0    32.3 m         3208.8 w       25.5%     2.1 h      94.3 m 
INFO  17:03:45,546 ProgressMeter -     12:53312178              0.0    33.0 m         3274.9 w       26.0%     2.1 h      93.9 m 
INFO  17:04:25,546 ProgressMeter -     12:53768925              0.0    33.7 m         3341.1 w       26.5%     2.1 h      93.2 m 
INFO  17:04:55,547 ProgressMeter -     12:54206206              0.0    34.2 m         3390.7 w       27.0%     2.1 h      92.2 m 
INFO  17:05:25,548 ProgressMeter -     12:54498305              0.0    34.7 m         3440.3 w       27.4%     2.1 h      91.9 m 
INFO  17:05:55,551 ProgressMeter -     12:54865190              0.0    35.2 m         3489.9 w       27.8%     2.1 h      91.3 m 
INFO  17:06:35,552 ProgressMeter -     12:55285084              0.0    35.8 m         3556.0 w       28.3%     2.1 h      90.8 m 
INFO  17:07:06,136 ProgressMeter -     12:55615125              0.0    36.4 m         3606.6 w       28.7%     2.1 h      90.4 m 
INFO  17:07:46,137 ProgressMeter -     12:56015078              0.0    37.0 m         3672.7 w       29.1%     2.1 h      90.0 m 
INFO  17:08:26,138 ProgressMeter -     12:56567033              0.0    37.7 m         3738.9 w       29.8%     2.1 h      88.8 m 
INFO  17:08:56,138 ProgressMeter -     12:56943094              0.0    38.2 m         3788.5 w       30.2%     2.1 h      88.2 m 
INFO  17:09:26,139 ProgressMeter -     12:57288450              0.0    38.7 m         3838.1 w       30.6%     2.1 h      87.6 m 
INFO  17:09:56,144 ProgressMeter -     12:57729416              0.0    39.2 m         3887.7 w       31.1%     2.1 h      86.7 m 
INFO  17:10:36,145 ProgressMeter -     12:58235670              0.0    39.9 m         3953.8 w       31.7%     2.1 h      85.8 m 
INFO  17:11:06,145 ProgressMeter -     12:58534010              0.0    40.4 m         4003.4 w       32.1%     2.1 h      85.5 m 
WARN  17:11:07,151 ExactAFCalculator - this tool is currently set to genotype at most 6 alternate alleles in a given context, but the context at 12:58543137 has 8 alternate alleles so only the top alleles will be used; see the --max_alternate_alleles argument 
INFO  17:11:36,146 ProgressMeter -     12:58882813              0.0    40.9 m         4053.0 w       32.5%     2.1 h      85.0 m 
INFO  17:12:06,147 ProgressMeter -     12:59233793              0.0    41.4 m         4102.7 w       32.9%     2.1 h      84.4 m 
INFO  17:12:46,148 ProgressMeter -     12:59750143              0.0    42.0 m         4168.8 w       33.5%     2.1 h      83.5 m 
INFO  17:13:16,148 ProgressMeter -     12:60063923              0.0    42.5 m         4218.4 w       33.8%     2.1 h      83.1 m 
INFO  17:13:46,151 ProgressMeter -     12:60445080              0.0    43.0 m         4268.0 w       34.3%     2.1 h      82.5 m 
INFO  17:14:16,152 ProgressMeter -     12:60762146              0.0    43.5 m         4317.6 w       34.7%     2.1 h      82.1 m 
INFO  17:14:56,152 ProgressMeter -     12:61251764              0.0    44.2 m         4383.7 w       35.2%     2.1 h      81.3 m 
INFO  17:15:26,153 ProgressMeter -     12:61491475              0.0    44.7 m         4433.4 w       35.5%     2.1 h      81.2 m 
INFO  17:15:56,154 ProgressMeter -     12:61774882              0.0    45.2 m         4483.0 w       35.8%     2.1 h      80.9 m 
INFO  17:16:26,156 ProgressMeter -     12:62120548              0.0    45.7 m         4532.6 w       36.2%     2.1 h      80.4 m 
INFO  17:16:56,157 ProgressMeter -     12:62427809              0.0    46.2 m         4582.2 w       36.6%     2.1 h      80.1 m 
INFO  17:17:36,158 ProgressMeter -     12:62857705              0.0    46.9 m         4648.3 w       37.1%     2.1 h      79.5 m 
INFO  17:18:06,158 ProgressMeter -     12:63228534              0.0    47.4 m         4697.9 w       37.5%     2.1 h      78.9 m 
INFO  17:18:36,159 ProgressMeter -     12:63574942              0.0    47.9 m         4747.5 w       37.9%     2.1 h      78.3 m 
INFO  17:19:06,160 ProgressMeter -     12:63934277              0.0    48.4 m         4797.1 w       38.3%     2.1 h      77.8 m 
INFO  17:19:46,161 ProgressMeter -     12:64268189              0.0    49.0 m         4863.3 w       38.7%     2.1 h      77.6 m 
INFO  17:20:16,161 ProgressMeter -     12:64648475              0.0    49.5 m         4912.9 w       39.2%     2.1 h      76.9 m 
INFO  17:20:46,162 ProgressMeter -     12:64981557              0.0    50.0 m         4962.5 w       39.5%     2.1 h      76.5 m 
INFO  17:21:26,163 ProgressMeter -     12:65529404              0.0    50.7 m         5028.6 w       40.2%     2.1 h      75.4 m 
INFO  17:22:06,163 ProgressMeter -     12:66065499              0.0    51.4 m         5094.7 w       40.8%     2.1 h      74.5 m 
INFO  17:22:36,164 ProgressMeter -     12:66402951              0.0    51.9 m         5144.3 w       41.2%     2.1 h      74.0 m 
INFO  17:23:06,165 ProgressMeter -     12:66703796              0.0    52.4 m         5194.0 w       41.5%     2.1 h      73.7 m 
INFO  17:23:46,166 ProgressMeter -     12:67193000              0.0    53.0 m         5260.1 w       42.1%     2.1 h      72.9 m 
INFO  17:24:26,166 ProgressMeter -     12:67639194              0.0    53.7 m         5326.2 w       42.6%     2.1 h      72.2 m 
INFO  17:24:56,167 ProgressMeter -     12:67987438              0.0    54.2 m         5375.8 w       43.0%     2.1 h      71.7 m 
INFO  17:25:26,168 ProgressMeter -     12:68324132              0.0    54.7 m         5425.4 w       43.4%     2.1 h      71.2 m 
INFO  17:25:56,169 ProgressMeter -     12:68634626              0.0    55.2 m         5475.0 w       43.8%     2.1 h      70.8 m 
INFO  17:26:36,199 ProgressMeter -     12:69133105              0.0    55.9 m         5541.2 w       44.4%     2.1 h      70.0 m 
INFO  17:27:06,200 ProgressMeter -     12:69480281              0.0    56.4 m         5590.8 w       44.8%     2.1 h      69.5 m 
INFO  17:27:36,200 ProgressMeter -     12:69792117              0.0    56.9 m         5640.4 w       45.1%     2.1 h      69.1 m 
INFO  17:28:06,201 ProgressMeter -     12:70118479              0.0    57.4 m         5690.0 w       45.5%     2.1 h      68.7 m 
WARN  17:28:23,092 ExactAFCalculator - this tool is currently set to genotype at most 6 alternate alleles in a given context, but the context at 12:70285417 has 9 alternate alleles so only the top alleles will be used; see the --max_alternate_alleles argument 
INFO  17:28:36,202 ProgressMeter -     12:70392948              0.0    57.9 m         5739.6 w       45.8%     2.1 h      68.4 m 
INFO  17:29:06,204 ProgressMeter -     12:70655436              0.0    58.4 m         5789.3 w       46.1%     2.1 h      68.1 m 
INFO  17:29:36,205 ProgressMeter -     12:70959422              0.0    58.9 m         5838.9 w       46.5%     2.1 h      67.7 m 
INFO  17:30:06,206 ProgressMeter -     12:71328838              0.0    59.4 m         5888.5 w       46.9%     2.1 h      67.2 m 
INFO  17:30:46,206 ProgressMeter -     12:71764053              0.0    60.0 m         5954.6 w       47.4%     2.1 h      66.5 m 
INFO  17:31:16,207 ProgressMeter -     12:72090809              0.0    60.5 m         6004.2 w       47.8%     2.1 h      66.1 m 
INFO  17:31:46,212 ProgressMeter -     12:72469002              0.0    61.0 m         6053.8 w       48.2%     2.1 h      65.5 m 
INFO  17:32:16,213 ProgressMeter -     12:72848864              0.0    61.5 m         6103.4 w       48.7%     2.1 h      64.9 m 
INFO  17:32:56,214 ProgressMeter -     12:73249653              0.0    62.2 m         6169.6 w       49.1%     2.1 h      64.3 m 
INFO  17:33:26,214 ProgressMeter -     12:73570784              0.0    62.7 m         6219.2 w       49.5%     2.1 h      63.9 m 
INFO  17:33:56,215 ProgressMeter -     12:73861844              0.0    63.2 m         6268.8 w       49.9%     2.1 h      63.6 m 
INFO  17:34:26,216 ProgressMeter -     12:74174830              0.0    63.7 m         6318.4 w       50.2%     2.1 h      63.1 m 
INFO  17:34:56,218 ProgressMeter -     12:74553125              0.0    64.2 m         6368.0 w       50.7%     2.1 h      62.5 m 
INFO  17:35:36,219 ProgressMeter -     12:74968628              0.0    64.9 m         6434.1 w       51.1%     2.1 h      62.0 m 
INFO  17:36:06,219 ProgressMeter -     12:75331948              0.0    65.4 m         6483.7 w       51.6%     2.1 h      61.4 m 
INFO  17:36:36,220 ProgressMeter -     12:75703932              0.0    65.9 m         6533.3 w       52.0%     2.1 h      60.8 m 
INFO  17:37:06,221 ProgressMeter -     12:76114743              0.0    66.4 m         6582.9 w       52.5%     2.1 h      60.1 m 
INFO  17:37:46,222 ProgressMeter -     12:76573840              0.0    67.0 m         6649.1 w       53.0%     2.1 h      59.4 m 
INFO  17:38:16,222 ProgressMeter -     12:76931669              0.0    67.5 m         6698.7 w       53.4%     2.1 h      58.9 m 
INFO  17:38:46,223 ProgressMeter -     12:77274260              0.0    68.0 m         6748.3 w       53.8%     2.1 h      58.4 m 
INFO  17:39:16,224 ProgressMeter -     12:77606438              0.0    68.5 m         6797.9 w       54.2%     2.1 h      57.9 m 
INFO  17:39:56,224 ProgressMeter -     12:78042823              0.0    69.2 m         6864.0 w       54.7%     2.1 h      57.3 m 
INFO  17:40:26,225 ProgressMeter -     12:78325840              0.0    69.7 m         6913.6 w       55.0%     2.1 h      56.9 m 
INFO  17:40:56,226 ProgressMeter -     12:78691668              0.0    70.2 m         6963.2 w       55.5%     2.1 h      56.4 m 
INFO  17:41:36,227 ProgressMeter -     12:79195885              0.0    70.9 m         7029.4 w       56.0%     2.1 h      55.6 m 
INFO  17:42:16,227 ProgressMeter -     12:79690534              0.0    71.5 m         7095.5 w       56.6%     2.1 h      54.8 m 
INFO  17:42:47,374 ProgressMeter -     12:80098557              0.0    72.0 m         7147.0 w       57.1%     2.1 h      54.1 m 
INFO  17:43:27,375 ProgressMeter -     12:80620151              0.0    72.7 m         7213.1 w       57.7%     2.1 h      53.3 m 
INFO  17:43:57,375 ProgressMeter -     12:80945961              0.0    73.2 m         7262.8 w       58.1%     2.1 h      52.8 m 
INFO  17:44:27,376 ProgressMeter -     12:81317684              0.0    73.7 m         7312.4 w       58.5%     2.1 h      52.3 m 
INFO  17:44:57,377 ProgressMeter -     12:81581416              0.0    74.2 m         7362.0 w       58.8%     2.1 h      52.0 m 
INFO  17:45:37,378 ProgressMeter -     12:82071561              0.0    74.9 m         7428.1 w       59.4%     2.1 h      51.2 m 
INFO  17:46:07,379 ProgressMeter -     12:82410085              0.0    75.4 m         7477.7 w       59.8%     2.1 h      50.7 m 
INFO  17:46:37,379 ProgressMeter -     12:82711160              0.0    75.9 m         7527.3 w       60.1%     2.1 h      50.3 m 
INFO  17:47:07,380 ProgressMeter -     12:83074039              0.0    76.4 m         7576.9 w       60.5%     2.1 h      49.8 m 
INFO  17:47:37,381 ProgressMeter -     12:83506177              0.0    76.9 m         7626.5 w       61.0%     2.1 h      49.0 m 
INFO  17:48:17,382 ProgressMeter -     12:83983211              0.0    77.5 m         7692.7 w       61.6%     2.1 h      48.3 m 
INFO  17:48:47,383 ProgressMeter -     12:84287617              0.0    78.0 m         7742.3 w       62.0%     2.1 h      47.9 m 
INFO  17:49:27,384 ProgressMeter -     12:84816129              0.0    78.7 m         7808.4 w       62.6%     2.1 h      47.1 m 
INFO  17:49:57,384 ProgressMeter -     12:85108696              0.0    79.2 m         7858.0 w       62.9%     2.1 h      46.7 m 
INFO  17:50:27,385 ProgressMeter -     12:85458184              0.0    79.7 m         7907.6 w       63.3%     2.1 h      46.2 m 
INFO  17:50:57,386 ProgressMeter -     12:85882143              0.0    80.2 m         7957.2 w       63.8%     2.1 h      45.5 m 
INFO  17:51:27,387 ProgressMeter -     12:86193417              0.0    80.7 m         8006.8 w       64.2%     2.1 h      45.1 m 
INFO  17:51:57,391 ProgressMeter -     12:86487512              0.0    81.2 m         8056.4 w       64.5%     2.1 h      44.7 m 
INFO  17:52:27,392 ProgressMeter -     12:86770759              0.0    81.7 m         8106.0 w       64.8%     2.1 h      44.3 m 
INFO  17:52:57,393 ProgressMeter -     12:87094454              0.0    82.2 m         8155.6 w       65.2%     2.1 h      43.9 m 
INFO  17:53:37,394 ProgressMeter -     12:87454865              0.0    82.9 m         8221.8 w       65.6%     2.1 h      43.4 m 
INFO  17:54:07,394 ProgressMeter -     12:87717873              0.0    83.4 m         8271.4 w       65.9%     2.1 h      43.1 m 
INFO  17:54:37,395 ProgressMeter -     12:87969923              0.0    83.9 m         8321.0 w       66.2%     2.1 h      42.8 m 
INFO  17:55:07,396 ProgressMeter -     12:88290136              0.0    84.4 m         8370.6 w       66.6%     2.1 h      42.3 m 
INFO  17:55:37,397 ProgressMeter -     12:88679562              0.0    84.9 m         8420.2 w       67.1%     2.1 h      41.7 m 
INFO  17:56:07,398 ProgressMeter -     12:89009847              0.0    85.4 m         8469.8 w       67.4%     2.1 h      41.2 m 
INFO  17:56:37,399 ProgressMeter -     12:89461312              0.0    85.9 m         8519.4 w       68.0%     2.1 h      40.5 m 
INFO  17:57:07,403 ProgressMeter -     12:89852362              0.0    86.4 m         8569.0 w       68.4%     2.1 h      39.9 m 
INFO  17:57:37,404 ProgressMeter -     12:90215453              0.0    86.9 m         8618.6 w       68.8%     2.1 h      39.3 m 
INFO  17:58:17,405 ProgressMeter -     12:90704500              0.0    87.5 m         8684.8 w       69.4%     2.1 h      38.6 m 
INFO  17:58:48,085 ProgressMeter -     12:91042701              0.0    88.1 m         8735.5 w       69.8%     2.1 h      38.1 m 
INFO  17:59:18,085 ProgressMeter -     12:91388285              0.0    88.6 m         8785.1 w       70.2%     2.1 h      37.6 m 
INFO  17:59:48,086 ProgressMeter -     12:91732553              0.0    89.1 m         8834.7 w       70.6%     2.1 h      37.1 m 
INFO  18:00:18,087 ProgressMeter -     12:92121557              0.0    89.6 m         8884.3 w       71.0%     2.1 h      36.5 m 
INFO  18:00:48,101 ProgressMeter -     12:92438250              0.0    90.1 m         8933.9 w       71.4%     2.1 h      36.0 m 
INFO  18:01:18,102 ProgressMeter -     12:92769643              0.0    90.6 m         8983.5 w       71.8%     2.1 h      35.6 m 
INFO  18:01:58,102 ProgressMeter -     12:93234813              0.0    91.2 m         9049.7 w       72.3%     2.1 h      34.9 m 
INFO  18:02:28,103 ProgressMeter -     12:93596069              0.0    91.7 m         9099.3 w       72.8%     2.1 h      34.3 m 
INFO  18:02:58,104 ProgressMeter -     12:93908410              0.0    92.2 m         9148.9 w       73.1%     2.1 h      33.9 m 
INFO  18:03:28,105 ProgressMeter -     12:94258827              0.0    92.7 m         9198.5 w       73.5%     2.1 h      33.4 m 
INFO  18:03:58,106 ProgressMeter -     12:94560076              0.0    93.2 m         9248.1 w       73.9%     2.1 h      33.0 m 
INFO  18:04:28,125 ProgressMeter -     12:94890512              0.0    93.7 m         9297.7 w       74.3%     2.1 h      32.5 m 
INFO  18:04:58,126 ProgressMeter -     12:95143105              0.0    94.2 m         9347.3 w       74.6%     2.1 h      32.2 m 
INFO  18:05:38,127 ProgressMeter -     12:95514600              0.0    94.9 m         9413.5 w       75.0%     2.1 h      31.7 m 
INFO  18:06:08,127 ProgressMeter -     12:95810593              0.0    95.4 m         9463.1 w       75.3%     2.1 h      31.2 m 
INFO  18:06:38,128 ProgressMeter -     12:96073514              0.0    95.9 m         9512.7 w       75.6%     2.1 h      30.9 m 
INFO  18:07:08,441 ProgressMeter -     12:96330304              0.0    96.4 m         9562.8 w       75.9%     2.1 h      30.6 m 
INFO  18:07:38,464 ProgressMeter -     12:96658604              0.0    96.9 m         9612.4 w       76.3%     2.1 h      30.1 m 
INFO  18:08:18,465 ProgressMeter -     12:97109652              0.0    97.6 m         9678.6 w       76.8%     2.1 h      29.4 m 
INFO  18:08:48,476 ProgressMeter -     12:97485600              0.0    98.1 m         9728.2 w       77.3%     2.1 h      28.8 m 
INFO  18:09:18,477 ProgressMeter -     12:97816439              0.0    98.6 m         9777.8 w       77.7%     2.1 h      28.4 m 
INFO  18:09:48,478 ProgressMeter -     12:98184063              0.0    99.1 m         9827.4 w       78.1%     2.1 h      27.8 m 
INFO  18:10:18,479 ProgressMeter -     12:98548763              0.0    99.6 m         9877.0 w       78.5%     2.1 h      27.3 m 
INFO  18:10:58,480 ProgressMeter -     12:99014944              0.0   100.2 m         9943.2 w       79.0%     2.1 h      26.6 m 
INFO  18:11:28,480 ProgressMeter -     12:99384089              0.0   100.7 m         9992.8 w       79.5%     2.1 h      26.0 m 
INFO  18:11:58,481 ProgressMeter -     12:99787232              0.0   101.2 m        10042.4 w       79.9%     2.1 h      25.4 m 
INFO  18:12:28,482 ProgressMeter -    12:100194570              0.0   101.7 m        10092.0 w       80.4%     2.1 h      24.8 m 
INFO  18:13:08,483 ProgressMeter -    12:100723410              0.0   102.4 m        10158.1 w       81.0%     2.1 h      24.0 m 
INFO  18:13:38,483 ProgressMeter -    12:101161094              0.0   102.9 m        10207.7 w       81.5%     2.1 h      23.3 m 
INFO  18:14:08,484 ProgressMeter -    12:101503961              0.0   103.4 m        10257.3 w       81.9%     2.1 h      22.8 m 
INFO  18:14:38,485 ProgressMeter -    12:101893944              0.0   103.9 m        10306.9 w       82.4%     2.1 h      22.2 m 
INFO  18:15:18,486 ProgressMeter -    12:102412777              0.0   104.6 m        10373.1 w       83.0%     2.1 h      21.4 m 
WARN  18:15:28,406 ExactAFCalculator - this tool is currently set to genotype at most 6 alternate alleles in a given context, but the context at 12:102564683 has 9 alternate alleles so only the top alleles will be used; see the --max_alternate_alleles argument 
INFO  18:15:48,486 ProgressMeter -    12:102859018              0.0   105.1 m        10422.7 w       83.5%     2.1 h      20.7 m 
INFO  18:16:18,487 ProgressMeter -    12:103135702              0.0   105.6 m        10472.3 w       83.8%     2.1 h      20.4 m 
INFO  18:16:48,488 ProgressMeter -    12:103490720              0.0   106.1 m        10521.9 w       84.2%     2.1 h      19.8 m 
INFO  18:17:18,489 ProgressMeter -    12:103852408              0.0   106.6 m        10571.5 w       84.7%     2.1 h      19.3 m 
INFO  18:17:48,490 ProgressMeter -    12:104176013              0.0   107.1 m        10621.1 w       85.0%     2.1 h      18.8 m 
INFO  18:18:18,491 ProgressMeter -    12:104476759              0.0   107.6 m        10670.7 w       85.4%     2.1 h      18.4 m 
INFO  18:18:48,492 ProgressMeter -    12:104838824              0.0   108.1 m        10720.3 w       85.8%     2.1 h      17.9 m 
INFO  18:19:18,493 ProgressMeter -    12:105166207              0.0   108.6 m        10769.9 w       86.2%     2.1 h      17.4 m 
INFO  18:19:58,493 ProgressMeter -    12:105595843              0.0   109.2 m        10836.0 w       86.7%     2.1 h      16.8 m 
INFO  18:20:28,494 ProgressMeter -    12:105858795              0.0   109.7 m        10885.6 w       87.0%     2.1 h      16.4 m 
INFO  18:20:58,495 ProgressMeter -    12:106176966              0.0   110.2 m        10935.2 w       87.4%     2.1 h      15.9 m 
INFO  18:21:28,496 ProgressMeter -    12:106612098              0.0   110.7 m        10984.8 w       87.9%     2.1 h      15.3 m 
INFO  18:21:58,497 ProgressMeter -    12:106990278              0.0   111.2 m        11034.4 w       88.3%     2.1 h      14.7 m 
INFO  18:22:38,498 ProgressMeter -    12:107492334              0.0   111.9 m        11100.6 w       88.9%     2.1 h      14.0 m 
INFO  18:23:08,499 ProgressMeter -    12:107838703              0.0   112.4 m        11150.2 w       89.3%     2.1 h      13.5 m 
INFO  18:23:48,500 ProgressMeter -    12:108285963              0.0   113.1 m        11216.3 w       89.8%     2.1 h      12.8 m 
INFO  18:24:18,501 ProgressMeter -    12:108605948              0.0   113.6 m        11265.9 w       90.2%     2.1 h      12.4 m 
INFO  18:24:48,501 ProgressMeter -    12:108983904              0.0   114.1 m        11315.5 w       90.6%     2.1 h      11.8 m 
INFO  18:25:18,516 ProgressMeter -    12:109447998              0.0   114.6 m        11365.2 w       91.2%     2.1 h      11.1 m 
INFO  18:25:48,519 ProgressMeter -    12:109825089              0.0   115.1 m        11414.8 w       91.6%     2.1 h      10.6 m 
INFO  18:26:18,520 ProgressMeter -    12:110171678              0.0   115.6 m        11464.4 w       92.0%     2.1 h      10.1 m 
INFO  18:26:48,521 ProgressMeter -    12:110586080              0.0   116.1 m        11514.0 w       92.5%     2.1 h       9.4 m 
INFO  18:27:18,538 ProgressMeter -    12:111004715              0.0   116.6 m        11563.6 w       93.0%     2.1 h       8.8 m 
INFO  18:27:48,539 ProgressMeter -    12:111386344              0.0   117.1 m        11613.2 w       93.4%     2.1 h       8.3 m 
INFO  18:28:18,540 ProgressMeter -    12:111877063              0.0   117.6 m        11662.8 w       94.0%     2.1 h       7.5 m 
INFO  18:28:48,541 ProgressMeter -    12:112294559              0.0   118.1 m        11712.4 w       94.5%     2.1 h       6.9 m 
INFO  18:29:18,542 ProgressMeter -    12:112725538              0.0   118.6 m        11762.0 w       95.0%     2.1 h       6.3 m 
INFO  18:29:48,543 ProgressMeter -    12:113190392              0.0   119.1 m        11811.6 w       95.5%     2.1 h       5.6 m 
INFO  18:30:18,544 ProgressMeter -    12:113517172              0.0   119.6 m        11861.2 w       95.9%     2.1 h       5.1 m 
INFO  18:30:48,545 ProgressMeter -    12:113957621              0.0     2.0 h        11910.9 w       96.4%     2.1 h       4.5 m 
INFO  18:31:18,546 ProgressMeter -    12:114295938              0.0     2.0 h        11960.5 w       96.8%     2.1 h       4.0 m 
INFO  18:31:48,547 ProgressMeter -    12:114606733              0.0     2.0 h        12010.1 w       97.1%     2.1 h       3.6 m 
INFO  18:32:18,548 ProgressMeter -    12:114983479              0.0     2.0 h        12059.7 w       97.6%     2.1 h       3.0 m 
INFO  18:32:48,549 ProgressMeter -    12:115315704              0.0     2.0 h        12109.3 w       98.0%     2.1 h       2.5 m 
INFO  18:33:18,550 ProgressMeter -    12:115652632              0.0     2.0 h        12158.9 w       98.4%     2.1 h       2.0 m 
INFO  18:33:48,551 ProgressMeter -    12:116016314              0.0     2.1 h        12208.5 w       98.8%     2.1 h      91.0 s 
INFO  18:34:18,552 ProgressMeter -    12:116358343              0.0     2.1 h        12258.1 w       99.2%     2.1 h      61.0 s 
INFO  18:34:48,562 ProgressMeter -    12:116774460              0.0     2.1 h        12307.7 w       99.7%     2.1 h      25.0 s 
INFO  18:35:18,001 VectorLoglessPairHMM - Time spent in setup for JNI call : 2.519462362 
INFO  18:35:18,002 PairHMM - Total compute time in PairHMM computeLikelihoods() : 544.7987427200001 
INFO  18:35:18,002 HaplotypeCaller - Ran local assembly on 422831 active regions 
INFO  18:35:18,008 ProgressMeter -            done      8.6166015E7     2.1 h           86.0 s      100.0%     2.1 h       0.0 s 
INFO  18:35:18,008 ProgressMeter - Total runtime 7473.15 secs, 124.55 min, 2.08 hours 
INFO  18:35:18,009 MicroScheduler - 3762827 reads were filtered out during the traversal out of approximately 23568517 total reads (15.97%) 
INFO  18:35:18,009 MicroScheduler -   -> 0 reads (0.00% of total) failing BadCigarFilter 
INFO  18:35:18,009 MicroScheduler -   -> 2807552 reads (11.91% of total) failing DuplicateReadFilter 
INFO  18:35:18,009 MicroScheduler -   -> 0 reads (0.00% of total) failing FailsVendorQualityCheckFilter 
INFO  18:35:18,010 MicroScheduler -   -> 919821 reads (3.90% of total) failing HCMappingQualityFilter 
INFO  18:35:18,010 MicroScheduler -   -> 0 reads (0.00% of total) failing MalformedReadFilter 
INFO  18:35:18,010 MicroScheduler -   -> 0 reads (0.00% of total) failing MappingQualityUnavailableFilter 
INFO  18:35:18,010 MicroScheduler -   -> 35454 reads (0.15% of total) failing NotPrimaryAlignmentFilter 
INFO  18:35:18,011 MicroScheduler -   -> 0 reads (0.00% of total) failing UnmappedReadFilter 
