INFO  17:41:17,711 HelpFormatter - --------------------------------------------------------------------------------- 
INFO  17:41:17,713 HelpFormatter - The Genome Analysis Toolkit (GATK) v3.4-46-g8ea4dca, Compiled 2015/08/13 20:41:56 
INFO  17:41:17,713 HelpFormatter - Copyright (c) 2010 The Broad Institute 
INFO  17:41:17,713 HelpFormatter - For support and documentation go to http://www.broadinstitute.org/gatk 
INFO  17:41:17,717 HelpFormatter - Program Args: -T PrintReads -I /home/opt/data/broadout/FC1-NA12878-01_S1_L001_gatk_best_practices_36t_30s_2015-11-10_16-39-49/FC1-NA12878-01_S1_L001_realign.bam -L /home/beris/Broad_Ref_Pipeline_approved_package/workflow_profiler/.queue/scatterGather/ExamplePrintReads-1-sg/temp_06_of_36/scatter.intervals -R /home/beris/Broad_Ref_Pipeline_approved_package/homosapiensrefgenome/Homo_sapiens_assembly19.fasta -BQSR /home/opt/data/broadout/FC1-NA12878-01_S1_L001_gatk_best_practices_36t_30s_2015-11-10_16-39-49/FC1-NA12878-01_S1_L001_recal.grp -o /home/beris/Broad_Ref_Pipeline_approved_package/workflow_profiler/.queue/scatterGather/ExamplePrintReads-1-sg/temp_06_of_36/FC1-NA12878-01_S1_L001_final.bam 
INFO  17:41:17,728 HelpFormatter - Executing as beris@dna on Linux 2.6.32-573.el6.x86_64 amd64; OpenJDK 64-Bit Server VM 1.7.0_79-mockbuild_2015_07_24_09_26-b00. 
INFO  17:41:17,735 HelpFormatter - Date/Time: 2015/11/10 17:41:17 
INFO  17:41:17,735 HelpFormatter - --------------------------------------------------------------------------------- 
INFO  17:41:17,736 HelpFormatter - --------------------------------------------------------------------------------- 
INFO  17:41:17,894 GenomeAnalysisEngine - Strictness is SILENT 
INFO  17:41:18,975 ContextCovariate - 		Context sizes: base substitution model 2, indel substitution model 3 
INFO  17:41:19,030 GenomeAnalysisEngine - Downsampling Settings: No downsampling 
INFO  17:41:19,038 SAMDataSource$SAMReaders - Initializing SAMRecords in serial 
INFO  17:41:19,161 SAMDataSource$SAMReaders - Done initializing BAM readers: total time 0.12 
INFO  17:41:19,222 IntervalUtils - Processing 171115067 bp from intervals 
INFO  17:41:19,364 GenomeAnalysisEngine - Preparing for traversal over 1 BAM files 
INFO  17:41:20,085 GenomeAnalysisEngine - Done preparing for traversal 
INFO  17:41:20,096 ProgressMeter - [INITIALIZATION COMPLETE; STARTING PROCESSING] 
INFO  17:41:20,096 ProgressMeter -                 | processed |    time |    per 1M |           |   total | remaining 
INFO  17:41:20,096 ProgressMeter -        Location |     reads | elapsed |     reads | completed | runtime |   runtime 
INFO  17:41:20,112 ReadShardBalancer$1 - Loading BAM index data 
INFO  17:41:20,957 ReadShardBalancer$1 - Done loading BAM index data 
INFO  17:41:50,117 ProgressMeter -      6:30071499    200003.0    30.0 s       2.5 m       17.6%     2.8 m       2.3 m 
INFO  17:42:20,118 ProgressMeter -      6:43565399    500009.0    60.0 s     120.0 s       25.5%     3.9 m       2.9 m 
INFO  17:42:50,119 ProgressMeter -      6:80153657    800015.0    90.0 s     112.0 s       46.8%     3.2 m     102.0 s 
INFO  17:43:30,120 ProgressMeter -     6:131939680   1200019.0     2.2 m     108.0 s       77.1%     2.8 m      38.0 s 
INFO  17:44:03,951 Walker - [REDUCE RESULT] Traversal result is: org.broadinstitute.gatk.engine.io.stubs.SAMFileWriterStub@224298f8 
INFO  17:44:04,101 ProgressMeter -            done   1672972.0     2.7 m      98.0 s      100.0%     2.7 m       0.0 s 
INFO  17:44:04,101 ProgressMeter - Total runtime 164.01 secs, 2.73 min, 0.05 hours 
INFO  17:44:04,101 MicroScheduler - 0 reads were filtered out during the traversal out of approximately 1672972 total reads (0.00%) 
INFO  17:44:04,102 MicroScheduler -   -> 0 reads (0.00% of total) failing BadCigarFilter 
INFO  17:44:04,103 MicroScheduler -   -> 0 reads (0.00% of total) failing MalformedReadFilter 
