INFO  20:06:28,517 HelpFormatter - --------------------------------------------------------------------------------- 
INFO  20:06:28,542 HelpFormatter - The Genome Analysis Toolkit (GATK) v3.4-46-g8ea4dca, Compiled 2015/08/13 20:41:56 
INFO  20:06:28,542 HelpFormatter - Copyright (c) 2010 The Broad Institute 
INFO  20:06:28,543 HelpFormatter - For support and documentation go to http://www.broadinstitute.org/gatk 
INFO  20:06:28,555 HelpFormatter - Program Args: -T PrintReads -I /mnt/nvme0n1/data/broadout/HG02561_gatk_best_practices_8t_30s_2016-07-06_18-21-00/HG02561_realign.bam -L /mnt/nvme0n1/Broad_Ref_Pipeline_approved_package/workflow_profiler/.queue/scatterGather/ExamplePrintReads-1-sg/temp_06_of_36/scatter.intervals -R /mnt/nvme0n1/Broad_Ref_Pipeline_approved_package/b37bundle/human_g1k_v37.fasta -BQSR /mnt/nvme0n1/data/broadout/HG02561_gatk_best_practices_8t_30s_2016-07-06_18-21-00/HG02561_recal.grp -o /mnt/nvme0n1/Broad_Ref_Pipeline_approved_package/workflow_profiler/.queue/scatterGather/ExamplePrintReads-1-sg/temp_06_of_36/HG02561_final.bam 
INFO  20:06:28,573 HelpFormatter - Executing as bshifaw@application-1-1.hudson.intel.com on Linux 3.10.0-327.el7.x86_64 amd64; OpenJDK 64-Bit Server VM 1.8.0_91-b14. 
INFO  20:06:28,573 HelpFormatter - Date/Time: 2016/07/06 20:06:28 
INFO  20:06:28,574 HelpFormatter - --------------------------------------------------------------------------------- 
INFO  20:06:28,575 HelpFormatter - --------------------------------------------------------------------------------- 
INFO  20:06:28,832 GenomeAnalysisEngine - Strictness is SILENT 
INFO  20:06:30,958 ContextCovariate - 		Context sizes: base substitution model 2, indel substitution model 3 
INFO  20:06:31,179 GenomeAnalysisEngine - Downsampling Settings: No downsampling 
INFO  20:06:31,216 SAMDataSource$SAMReaders - Initializing SAMRecords in serial 
INFO  20:06:31,399 SAMDataSource$SAMReaders - Done initializing BAM readers: total time 0.18 
INFO  20:06:31,485 IntervalUtils - Processing 171115067 bp from intervals 
INFO  20:06:32,102 GenomeAnalysisEngine - Preparing for traversal over 1 BAM files 
INFO  20:06:33,314 GenomeAnalysisEngine - Done preparing for traversal 
INFO  20:06:33,317 ProgressMeter - [INITIALIZATION COMPLETE; STARTING PROCESSING] 
INFO  20:06:33,319 ProgressMeter -                 | processed |    time |    per 1M |           |   total | remaining 
INFO  20:06:33,322 ProgressMeter -        Location |     reads | elapsed |     reads | completed | runtime |   runtime 
INFO  20:06:33,392 ReadShardBalancer$1 - Loading BAM index data 
INFO  20:06:34,946 ReadShardBalancer$1 - Done loading BAM index data 
INFO  20:07:03,631 ProgressMeter -       6:1742844         0.0    30.0 s      50.1 w        1.0%    49.1 m      48.6 m 
INFO  20:07:33,715 ProgressMeter -       6:7301845    100002.0    60.0 s      10.1 m        4.3%    23.4 m      22.4 m 
INFO  20:08:03,716 ProgressMeter -      6:11233812    200005.0    90.0 s       7.5 m        6.6%    22.8 m      21.3 m 
INFO  20:08:33,816 ProgressMeter -      6:15507592    300007.0   120.0 s       6.7 m        9.1%    22.1 m      20.1 m 
INFO  20:09:03,817 ProgressMeter -      6:18457498    400008.0     2.5 m       6.3 m       10.8%    23.2 m      20.7 m 
INFO  20:09:33,819 ProgressMeter -      6:26205055    500011.0     3.0 m       6.0 m       15.3%    19.6 m      16.6 m 
INFO  20:10:03,821 ProgressMeter -      6:28244686    700015.0     3.5 m       5.0 m       16.5%    21.2 m      17.7 m 
INFO  20:10:34,025 ProgressMeter -      6:30126265    800016.0     4.0 m       5.0 m       17.6%    22.7 m      18.7 m 
INFO  20:11:04,603 ProgressMeter -      6:30954652   1000023.0     4.5 m       4.5 m       18.1%    25.0 m      20.5 m 
INFO  20:11:36,092 ProgressMeter -      6:31727305   1100024.0     5.0 m       4.6 m       18.5%    27.1 m      22.1 m 
INFO  20:12:06,093 ProgressMeter -      6:31994807   1300028.0     5.5 m       4.3 m       18.7%    29.6 m      24.1 m 
INFO  20:12:36,786 ProgressMeter -      6:33141701   1500033.0     6.1 m       4.0 m       19.4%    31.2 m      25.2 m 
INFO  20:13:06,787 ProgressMeter -      6:34506244   1700037.0     6.6 m       3.9 m       20.2%    32.5 m      25.9 m 
INFO  20:13:36,788 ProgressMeter -      6:37441249   1900057.0     7.1 m       3.7 m       21.9%    32.2 m      25.2 m 
INFO  20:14:08,252 ProgressMeter -      6:41874910   2100060.0     7.6 m       3.6 m       24.5%    30.9 m      23.4 m 
INFO  20:14:38,254 ProgressMeter -      6:43402542   2300062.0     8.1 m       3.5 m       25.4%    31.8 m      23.7 m 
INFO  20:15:08,255 ProgressMeter -      6:48117758   2500068.0     8.6 m       3.4 m       28.1%    30.5 m      21.9 m 
INFO  20:15:38,255 ProgressMeter -      6:56374670   2800083.0     9.1 m       3.2 m       32.9%    27.5 m      18.5 m 
INFO  20:16:08,256 ProgressMeter -      6:75950996   3000086.0     9.6 m       3.2 m       44.4%    21.6 m      12.0 m 
INFO  20:16:39,528 ProgressMeter -      6:88125633   3300094.0    10.1 m       3.1 m       51.5%    19.6 m       9.5 m 
INFO  20:17:09,550 ProgressMeter -     6:100868796   3500102.0    10.6 m       3.0 m       58.9%    18.0 m       7.4 m 
INFO  20:17:39,661 ProgressMeter -     6:111650812   3700104.0    11.1 m       3.0 m       65.2%    17.0 m       5.9 m 
INFO  20:18:09,664 ProgressMeter -     6:125232114   4000107.0    11.6 m       2.9 m       73.2%    15.9 m       4.3 m 
INFO  20:18:49,665 ProgressMeter -     6:139488278   4400114.0    12.3 m       2.8 m       81.5%    15.0 m       2.8 m 
INFO  20:19:19,666 ProgressMeter -     6:152631661   4800133.0    12.8 m       2.7 m       89.2%    14.3 m      92.0 s 
INFO  20:19:49,666 ProgressMeter -     6:161049371   5200166.0    13.3 m       2.6 m       94.1%    14.1 m      49.0 s 
INFO  20:20:09,067 Walker - [REDUCE RESULT] Traversal result is: org.broadinstitute.gatk.engine.io.stubs.SAMFileWriterStub@5b58129f 
INFO  20:20:09,165 ProgressMeter -            done   5560473.0    13.6 m       2.4 m      100.0%    13.6 m       0.0 s 
INFO  20:20:09,165 ProgressMeter - Total runtime 815.85 secs, 13.60 min, 0.23 hours 
INFO  20:20:09,165 MicroScheduler - 0 reads were filtered out during the traversal out of approximately 5560473 total reads (0.00%) 
INFO  20:20:09,172 MicroScheduler -   -> 0 reads (0.00% of total) failing BadCigarFilter 
INFO  20:20:09,172 MicroScheduler -   -> 0 reads (0.00% of total) failing MalformedReadFilter 
