INFO  20:24:01,583 HelpFormatter - --------------------------------------------------------------------------------- 
INFO  20:24:01,586 HelpFormatter - The Genome Analysis Toolkit (GATK) v3.4-46-g8ea4dca, Compiled 2015/08/13 20:41:56 
INFO  20:24:01,586 HelpFormatter - Copyright (c) 2010 The Broad Institute 
INFO  20:24:01,586 HelpFormatter - For support and documentation go to http://www.broadinstitute.org/gatk 
INFO  20:24:01,592 HelpFormatter - Program Args: -T PrintReads -I /home/opt/data/broadout/FC1-NA12878-01_S1_L001_R1_001_gatk_best_practices_36t_30s_2015-11-05_19-14-59/FC1-NA12878-01_S1_L001_R1_001_realign.bam -L /home/beris/Broad_Ref_Pipeline_approved_package/workflow_profiler/.queue/scatterGather/ExamplePrintReads-1-sg/temp_18_of_36/scatter.intervals -R /home/beris/Broad_Ref_Pipeline_approved_package/homosapiensrefgenome/Homo_sapiens_assembly19.fasta -BQSR /home/opt/data/broadout/FC1-NA12878-01_S1_L001_R1_001_gatk_best_practices_36t_30s_2015-11-05_19-14-59/FC1-NA12878-01_S1_L001_R1_001_recal.grp -o /home/beris/Broad_Ref_Pipeline_approved_package/workflow_profiler/.queue/scatterGather/ExamplePrintReads-1-sg/temp_18_of_36/FC1-NA12878-01_S1_L001_R1_001_final.bam 
INFO  20:24:01,600 HelpFormatter - Executing as beris@dna on Linux 2.6.32-573.el6.x86_64 amd64; OpenJDK 64-Bit Server VM 1.7.0_79-mockbuild_2015_07_24_09_26-b00. 
INFO  20:24:01,600 HelpFormatter - Date/Time: 2015/11/05 20:24:01 
INFO  20:24:01,600 HelpFormatter - --------------------------------------------------------------------------------- 
INFO  20:24:01,601 HelpFormatter - --------------------------------------------------------------------------------- 
INFO  20:24:01,715 GenomeAnalysisEngine - Strictness is SILENT 
INFO  20:24:02,712 ContextCovariate - 		Context sizes: base substitution model 2, indel substitution model 3 
INFO  20:24:02,751 GenomeAnalysisEngine - Downsampling Settings: No downsampling 
INFO  20:24:02,762 SAMDataSource$SAMReaders - Initializing SAMRecords in serial 
INFO  20:24:02,806 SAMDataSource$SAMReaders - Done initializing BAM readers: total time 0.04 
INFO  20:24:02,832 IntervalUtils - Processing 78077248 bp from intervals 
INFO  20:24:02,925 GenomeAnalysisEngine - Preparing for traversal over 1 BAM files 
INFO  20:24:03,343 GenomeAnalysisEngine - Done preparing for traversal 
INFO  20:24:03,343 ProgressMeter - [INITIALIZATION COMPLETE; STARTING PROCESSING] 
INFO  20:24:03,344 ProgressMeter -                 | processed |    time |    per 1M |           |   total | remaining 
INFO  20:24:03,344 ProgressMeter -        Location |     reads | elapsed |     reads | completed | runtime |   runtime 
INFO  20:24:03,359 ReadShardBalancer$1 - Loading BAM index data 
INFO  20:24:03,915 ReadShardBalancer$1 - Done loading BAM index data 
INFO  20:24:33,795 ProgressMeter -     18:12367393    100004.0    30.0 s       5.1 m       15.8%     3.2 m       2.7 m 
INFO  20:25:06,384 ProgressMeter -     18:48447246    400008.0    63.0 s       2.6 m       62.1%   101.0 s      38.0 s 
INFO  20:25:21,094 Walker - [REDUCE RESULT] Traversal result is: org.broadinstitute.gatk.engine.io.stubs.SAMFileWriterStub@3c65666c 
INFO  20:25:22,069 ProgressMeter -            done    617092.0    78.0 s       2.1 m       99.9%    78.0 s       0.0 s 
INFO  20:25:22,070 ProgressMeter - Total runtime 78.73 secs, 1.31 min, 0.02 hours 
INFO  20:25:22,070 MicroScheduler - 0 reads were filtered out during the traversal out of approximately 617092 total reads (0.00%) 
INFO  20:25:22,070 MicroScheduler -   -> 0 reads (0.00% of total) failing BadCigarFilter 
INFO  20:25:22,071 MicroScheduler -   -> 0 reads (0.00% of total) failing MalformedReadFilter 
