INFO  20:06:14,392 HelpFormatter - --------------------------------------------------------------------------------- 
INFO  20:06:14,394 HelpFormatter - The Genome Analysis Toolkit (GATK) v3.4-46-g8ea4dca, Compiled 2015/08/13 20:41:56 
INFO  20:06:14,394 HelpFormatter - Copyright (c) 2010 The Broad Institute 
INFO  20:06:14,394 HelpFormatter - For support and documentation go to http://www.broadinstitute.org/gatk 
INFO  20:06:14,403 HelpFormatter - Program Args: -T PrintReads -I /mnt/nvme0n1/data/broadout/HG02571_gatk_best_practices_8t_30s_2016-07-06_18-21-01/HG02571_realign.bam -L /mnt/nvme0n1/Broad_Ref_Pipeline_approved_package/workflow_profiler/.queue/scatterGather/ExamplePrintReads-1-sg/temp_18_of_36/scatter.intervals -R /mnt/nvme0n1/Broad_Ref_Pipeline_approved_package/b37bundle/human_g1k_v37.fasta -BQSR /mnt/nvme0n1/data/broadout/HG02571_gatk_best_practices_8t_30s_2016-07-06_18-21-01/HG02571_recal.grp -o /mnt/nvme0n1/Broad_Ref_Pipeline_approved_package/workflow_profiler/.queue/scatterGather/ExamplePrintReads-1-sg/temp_18_of_36/HG02571_final.bam 
INFO  20:06:14,445 HelpFormatter - Executing as bshifaw@application-1-1.hudson.intel.com on Linux 3.10.0-327.el7.x86_64 amd64; OpenJDK 64-Bit Server VM 1.8.0_91-b14. 
INFO  20:06:14,445 HelpFormatter - Date/Time: 2016/07/06 20:06:14 
INFO  20:06:14,445 HelpFormatter - --------------------------------------------------------------------------------- 
INFO  20:06:14,446 HelpFormatter - --------------------------------------------------------------------------------- 
INFO  20:06:14,972 GenomeAnalysisEngine - Strictness is SILENT 
INFO  20:06:17,345 ContextCovariate - 		Context sizes: base substitution model 2, indel substitution model 3 
INFO  20:06:17,548 GenomeAnalysisEngine - Downsampling Settings: No downsampling 
INFO  20:06:17,593 SAMDataSource$SAMReaders - Initializing SAMRecords in serial 
INFO  20:06:17,768 SAMDataSource$SAMReaders - Done initializing BAM readers: total time 0.18 
INFO  20:06:17,856 IntervalUtils - Processing 78077248 bp from intervals 
INFO  20:06:18,291 GenomeAnalysisEngine - Preparing for traversal over 1 BAM files 
INFO  20:06:18,874 GenomeAnalysisEngine - Done preparing for traversal 
INFO  20:06:18,894 ProgressMeter - [INITIALIZATION COMPLETE; STARTING PROCESSING] 
INFO  20:06:18,895 ProgressMeter -                 | processed |    time |    per 1M |           |   total | remaining 
INFO  20:06:18,909 ProgressMeter -        Location |     reads | elapsed |     reads | completed | runtime |   runtime 
INFO  20:06:18,983 ReadShardBalancer$1 - Loading BAM index data 
INFO  20:06:19,988 ReadShardBalancer$1 - Done loading BAM index data 
INFO  20:06:48,962 ProgressMeter -      18:3129449         0.0    30.0 s      49.7 w        4.0%    12.5 m      12.0 m 
INFO  20:07:18,964 ProgressMeter -      18:8819285    100001.0    60.0 s      10.0 m       11.3%     8.9 m       7.9 m 
INFO  20:07:49,908 ProgressMeter -     18:13152360    300005.0    90.0 s       5.1 m       16.8%     8.9 m       7.4 m 
INFO  20:08:21,345 ProgressMeter -     18:19378067    400023.0     2.0 m       5.1 m       24.8%     8.2 m       6.2 m 
INFO  20:08:55,313 ProgressMeter -     18:22805440    500032.0     2.6 m       5.2 m       29.2%     8.9 m       6.3 m 
INFO  20:09:25,314 ProgressMeter -     18:30092862    600038.0     3.1 m       5.2 m       38.5%     8.0 m       4.9 m 
INFO  20:09:55,315 ProgressMeter -     18:43253774    800050.0     3.6 m       4.5 m       55.4%     6.5 m       2.9 m 
INFO  20:10:25,375 ProgressMeter -     18:47367769    900059.0     4.1 m       4.6 m       60.7%     6.8 m       2.7 m 
INFO  20:10:55,376 ProgressMeter -     18:56363778   1100065.0     4.6 m       4.2 m       72.2%     6.4 m     106.0 s 
INFO  20:11:25,777 ProgressMeter -     18:65498631   1300067.0     5.1 m       3.9 m       83.9%     6.1 m      58.0 s 
INFO  20:11:52,645 Walker - [REDUCE RESULT] Traversal result is: org.broadinstitute.gatk.engine.io.stubs.SAMFileWriterStub@5b58129f 
INFO  20:11:52,817 ProgressMeter -            done   1502282.0     5.6 m       3.7 m       99.9%     5.6 m       0.0 s 
INFO  20:11:52,818 ProgressMeter - Total runtime 333.92 secs, 5.57 min, 0.09 hours 
INFO  20:11:52,819 MicroScheduler - 0 reads were filtered out during the traversal out of approximately 1502282 total reads (0.00%) 
INFO  20:11:52,821 MicroScheduler -   -> 0 reads (0.00% of total) failing BadCigarFilter 
INFO  20:11:52,821 MicroScheduler -   -> 0 reads (0.00% of total) failing MalformedReadFilter 
