INFO  20:07:55,409 HelpFormatter - --------------------------------------------------------------------------------- 
INFO  20:07:55,418 HelpFormatter - The Genome Analysis Toolkit (GATK) v3.4-46-g8ea4dca, Compiled 2015/08/13 20:41:56 
INFO  20:07:55,418 HelpFormatter - Copyright (c) 2010 The Broad Institute 
INFO  20:07:55,418 HelpFormatter - For support and documentation go to http://www.broadinstitute.org/gatk 
INFO  20:07:55,422 HelpFormatter - Program Args: -T PrintReads -I /mnt/nvme0n1/data/broadout/HG02771_gatk_best_practices_8t_30s_2016-07-06_18-21-02/HG02771_realign.bam -L /mnt/nvme0n1/Broad_Ref_Pipeline_approved_package/workflow_profiler/.queue/scatterGather/ExamplePrintReads-1-sg/temp_18_of_36/scatter.intervals -R /mnt/nvme0n1/Broad_Ref_Pipeline_approved_package/b37bundle/human_g1k_v37.fasta -BQSR /mnt/nvme0n1/data/broadout/HG02771_gatk_best_practices_8t_30s_2016-07-06_18-21-02/HG02771_recal.grp -o /mnt/nvme0n1/Broad_Ref_Pipeline_approved_package/workflow_profiler/.queue/scatterGather/ExamplePrintReads-1-sg/temp_18_of_36/HG02771_final.bam 
INFO  20:07:55,439 HelpFormatter - Executing as bshifaw@application-1-1.hudson.intel.com on Linux 3.10.0-327.el7.x86_64 amd64; OpenJDK 64-Bit Server VM 1.8.0_91-b14. 
INFO  20:07:55,440 HelpFormatter - Date/Time: 2016/07/06 20:07:55 
INFO  20:07:55,445 HelpFormatter - --------------------------------------------------------------------------------- 
INFO  20:07:55,445 HelpFormatter - --------------------------------------------------------------------------------- 
INFO  20:07:57,565 GenomeAnalysisEngine - Strictness is SILENT 
INFO  20:08:01,255 ContextCovariate - 		Context sizes: base substitution model 2, indel substitution model 3 
INFO  20:08:01,542 GenomeAnalysisEngine - Downsampling Settings: No downsampling 
INFO  20:08:01,609 SAMDataSource$SAMReaders - Initializing SAMRecords in serial 
INFO  20:08:01,785 SAMDataSource$SAMReaders - Done initializing BAM readers: total time 0.18 
INFO  20:08:01,905 IntervalUtils - Processing 78077248 bp from intervals 
INFO  20:08:02,351 GenomeAnalysisEngine - Preparing for traversal over 1 BAM files 
INFO  20:08:03,143 GenomeAnalysisEngine - Done preparing for traversal 
INFO  20:08:03,161 ProgressMeter - [INITIALIZATION COMPLETE; STARTING PROCESSING] 
INFO  20:08:03,162 ProgressMeter -                 | processed |    time |    per 1M |           |   total | remaining 
INFO  20:08:03,172 ProgressMeter -        Location |     reads | elapsed |     reads | completed | runtime |   runtime 
INFO  20:08:03,210 ReadShardBalancer$1 - Loading BAM index data 
INFO  20:08:04,232 ReadShardBalancer$1 - Done loading BAM index data 
INFO  20:08:34,911 ProgressMeter -        18:49102         0.0    31.0 s      52.5 w        0.1%    13.7 h      13.7 h 
INFO  20:09:38,565 ProgressMeter -     18:11886523    200002.0    95.0 s       8.0 m       15.2%    10.4 m       8.8 m 
INFO  20:10:08,585 ProgressMeter -     18:18586679    300009.0     2.1 m       7.0 m       23.8%     8.8 m       6.7 m 
INFO  20:10:42,914 ProgressMeter -     18:22901965    500012.0     2.7 m       5.3 m       29.3%     9.0 m       6.4 m 
INFO  20:11:12,915 ProgressMeter -     18:32392056    700015.0     3.2 m       4.5 m       41.5%     7.6 m       4.4 m 
INFO  20:11:42,920 ProgressMeter -     18:43666380    800017.0     3.7 m       4.6 m       55.9%     6.5 m       2.9 m 
INFO  20:12:12,921 ProgressMeter -     18:47810265   1000020.0     4.2 m       4.2 m       61.2%     6.8 m       2.6 m 
INFO  20:12:43,546 ProgressMeter -     18:56247448   1100021.0     4.7 m       4.2 m       72.0%     6.5 m     108.0 s 
INFO  20:13:13,547 ProgressMeter -     18:64172463   1300026.0     5.2 m       4.0 m       82.2%     6.3 m      67.0 s 
INFO  20:13:42,984 Walker - [REDUCE RESULT] Traversal result is: org.broadinstitute.gatk.engine.io.stubs.SAMFileWriterStub@5b58129f 
INFO  20:13:43,156 ProgressMeter -            done   1536250.0     5.7 m       3.7 m       99.9%     5.7 m       0.0 s 
INFO  20:13:43,157 ProgressMeter - Total runtime 340.00 secs, 5.67 min, 0.09 hours 
INFO  20:13:43,157 MicroScheduler - 0 reads were filtered out during the traversal out of approximately 1536250 total reads (0.00%) 
INFO  20:13:43,157 MicroScheduler -   -> 0 reads (0.00% of total) failing BadCigarFilter 
INFO  20:13:43,157 MicroScheduler -   -> 0 reads (0.00% of total) failing MalformedReadFilter 
