INFO  20:06:28,517 HelpFormatter - --------------------------------------------------------------------------------- 
INFO  20:06:28,519 HelpFormatter - The Genome Analysis Toolkit (GATK) v3.4-46-g8ea4dca, Compiled 2015/08/13 20:41:56 
INFO  20:06:28,519 HelpFormatter - Copyright (c) 2010 The Broad Institute 
INFO  20:06:28,525 HelpFormatter - For support and documentation go to http://www.broadinstitute.org/gatk 
INFO  20:06:28,529 HelpFormatter - Program Args: -T PrintReads -I /mnt/nvme0n1/data/broadout/HG02561_gatk_best_practices_8t_30s_2016-07-06_18-21-00/HG02561_realign.bam -L /mnt/nvme0n1/Broad_Ref_Pipeline_approved_package/workflow_profiler/.queue/scatterGather/ExamplePrintReads-1-sg/temp_18_of_36/scatter.intervals -R /mnt/nvme0n1/Broad_Ref_Pipeline_approved_package/b37bundle/human_g1k_v37.fasta -BQSR /mnt/nvme0n1/data/broadout/HG02561_gatk_best_practices_8t_30s_2016-07-06_18-21-00/HG02561_recal.grp -o /mnt/nvme0n1/Broad_Ref_Pipeline_approved_package/workflow_profiler/.queue/scatterGather/ExamplePrintReads-1-sg/temp_18_of_36/HG02561_final.bam 
INFO  20:06:28,561 HelpFormatter - Executing as bshifaw@application-1-1.hudson.intel.com on Linux 3.10.0-327.el7.x86_64 amd64; OpenJDK 64-Bit Server VM 1.8.0_91-b14. 
INFO  20:06:28,562 HelpFormatter - Date/Time: 2016/07/06 20:06:28 
INFO  20:06:28,563 HelpFormatter - --------------------------------------------------------------------------------- 
INFO  20:06:28,563 HelpFormatter - --------------------------------------------------------------------------------- 
INFO  20:06:29,116 GenomeAnalysisEngine - Strictness is SILENT 
INFO  20:06:32,160 ContextCovariate - 		Context sizes: base substitution model 2, indel substitution model 3 
INFO  20:06:32,563 GenomeAnalysisEngine - Downsampling Settings: No downsampling 
INFO  20:06:32,610 SAMDataSource$SAMReaders - Initializing SAMRecords in serial 
INFO  20:06:32,827 SAMDataSource$SAMReaders - Done initializing BAM readers: total time 0.22 
INFO  20:06:32,965 IntervalUtils - Processing 78077248 bp from intervals 
INFO  20:06:33,759 GenomeAnalysisEngine - Preparing for traversal over 1 BAM files 
INFO  20:06:34,703 GenomeAnalysisEngine - Done preparing for traversal 
INFO  20:06:34,758 ProgressMeter - [INITIALIZATION COMPLETE; STARTING PROCESSING] 
INFO  20:06:34,766 ProgressMeter -                 | processed |    time |    per 1M |           |   total | remaining 
INFO  20:06:34,766 ProgressMeter -        Location |     reads | elapsed |     reads | completed | runtime |   runtime 
INFO  20:06:34,812 ReadShardBalancer$1 - Loading BAM index data 
INFO  20:06:35,539 ReadShardBalancer$1 - Done loading BAM index data 
INFO  20:07:04,812 ProgressMeter -       18:905521         0.0    30.0 s      49.7 w        1.2%    43.1 m      42.6 m 
INFO  20:07:34,894 ProgressMeter -      18:8635666    100001.0    60.0 s      10.0 m       11.1%     9.0 m       8.0 m 
INFO  20:08:04,915 ProgressMeter -     18:12325383    200002.0    90.0 s       7.5 m       15.8%     9.5 m       8.0 m 
INFO  20:08:34,918 ProgressMeter -     18:14183732    300004.0   120.0 s       6.7 m       18.2%    11.0 m       9.0 m 
INFO  20:09:04,919 ProgressMeter -     18:19997801    400006.0     2.5 m       6.3 m       25.6%     9.8 m       7.3 m 
INFO  20:09:34,922 ProgressMeter -     18:28598676    600024.0     3.0 m       5.0 m       36.6%     8.2 m       5.2 m 
INFO  20:10:04,924 ProgressMeter -     18:32844080    700026.0     3.5 m       5.0 m       42.1%     8.3 m       4.8 m 
INFO  20:10:34,925 ProgressMeter -     18:44416526    900034.0     4.0 m       4.4 m       56.9%     7.0 m       3.0 m 
INFO  20:11:04,926 ProgressMeter -     18:48444531   1000036.0     4.5 m       4.5 m       62.0%     7.3 m       2.8 m 
INFO  20:11:36,595 ProgressMeter -     18:57106840   1200049.0     5.0 m       4.2 m       73.1%     6.9 m     110.0 s 
INFO  20:12:06,596 ProgressMeter -     18:71816232   1400053.0     5.5 m       4.0 m       92.0%     6.0 m      28.0 s 
INFO  20:12:23,098 Walker - [REDUCE RESULT] Traversal result is: org.broadinstitute.gatk.engine.io.stubs.SAMFileWriterStub@5b58129f 
INFO  20:12:23,254 ProgressMeter -            done   1550416.0     5.8 m       3.7 m       99.9%     5.8 m       0.0 s 
INFO  20:12:23,254 ProgressMeter - Total runtime 348.50 secs, 5.81 min, 0.10 hours 
INFO  20:12:23,254 MicroScheduler - 0 reads were filtered out during the traversal out of approximately 1550416 total reads (0.00%) 
INFO  20:12:23,255 MicroScheduler -   -> 0 reads (0.00% of total) failing BadCigarFilter 
INFO  20:12:23,255 MicroScheduler -   -> 0 reads (0.00% of total) failing MalformedReadFilter 
