INFO  20:48:11,994 HelpFormatter - --------------------------------------------------------------------------------- 
INFO  20:48:12,095 HelpFormatter - The Genome Analysis Toolkit (GATK) v3.4-46-g8ea4dca, Compiled 2015/08/13 20:41:56 
INFO  20:48:12,096 HelpFormatter - Copyright (c) 2010 The Broad Institute 
INFO  20:48:12,096 HelpFormatter - For support and documentation go to http://www.broadinstitute.org/gatk 
INFO  20:48:12,105 HelpFormatter - Program Args: -T HaplotypeCaller -I /mnt/nvme0n1/data/broadout/HG02571_gatk_best_practices_8t_30s_2016-07-06_18-21-01/HG02571_final.bam -L /mnt/nvme0n1/Broad_Ref_Pipeline_approved_package/workflow_profiler/.queue/scatterGather/ExampleHaplotypeCaller-1-sg/temp_10_of_36/scatter.intervals -R /mnt/nvme0n1/Broad_Ref_Pipeline_approved_package/b37bundle/human_g1k_v37.fasta -variant_index_type LINEAR -variant_index_parameter 128000 -o /mnt/nvme0n1/Broad_Ref_Pipeline_approved_package/workflow_profiler/.queue/scatterGather/ExampleHaplotypeCaller-1-sg/temp_10_of_36/HG02571_HaplotypeCaller.g.vcf -ERC GVCF 
INFO  20:48:12,204 HelpFormatter - Executing as bshifaw@application-1-1.hudson.intel.com on Linux 3.10.0-327.el7.x86_64 amd64; OpenJDK 64-Bit Server VM 1.8.0_91-b14. 
INFO  20:48:12,206 HelpFormatter - Date/Time: 2016/07/06 20:48:11 
INFO  20:48:12,209 HelpFormatter - --------------------------------------------------------------------------------- 
INFO  20:48:12,210 HelpFormatter - --------------------------------------------------------------------------------- 
WARN  20:48:12,264 GATKVCFUtils - Naming your output file using the .g.vcf extension will automatically set the appropriate values  for --variant_index_type and --variant_index_parameter 
INFO  20:48:13,098 GenomeAnalysisEngine - Strictness is SILENT 
INFO  20:48:14,232 GenomeAnalysisEngine - Downsampling Settings: Method: BY_SAMPLE, Target Coverage: 500 
INFO  20:48:14,317 SAMDataSource$SAMReaders - Initializing SAMRecords in serial 
INFO  20:48:14,634 SAMDataSource$SAMReaders - Done initializing BAM readers: total time 0.32 
INFO  20:48:14,816 HCMappingQualityFilter - Filtering out reads with MAPQ < 20 
INFO  20:48:15,691 IntervalUtils - Processing 1437965 bp from intervals 
INFO  20:48:17,113 GenomeAnalysisEngine - Preparing for traversal over 1 BAM files 
INFO  20:48:18,746 GenomeAnalysisEngine - Done preparing for traversal 
INFO  20:48:18,750 ProgressMeter - [INITIALIZATION COMPLETE; STARTING PROCESSING] 
INFO  20:48:18,750 ProgressMeter -                 |      processed |    time |         per 1M |           |   total | remaining 
INFO  20:48:18,752 ProgressMeter -        Location | active regions | elapsed | active regions | completed | runtime |   runtime 
INFO  20:48:18,839 HaplotypeCaller - Standard Emitting and Calling confidence set to 0.0 for reference-model confidence output 
INFO  20:48:18,839 HaplotypeCaller - All sites annotated with PLs forced to true for reference-model confidence output 
INFO  20:48:20,502 HaplotypeCaller - Using global mismapping rate of 45 => -4.5 in log10 likelihood units 
Using AVX accelerated implementation of PairHMM
INFO  20:48:33,017 VectorLoglessPairHMM - libVectorLoglessPairHMM unpacked successfully from GATK jar file 
INFO  20:48:33,018 VectorLoglessPairHMM - Using vectorized implementation of PairHMM 
WARN  20:48:35,812 HaplotypeScore - Annotation will not be calculated, must be called from UnifiedGenotyper 
WARN  20:48:35,812 InbreedingCoeff - Annotation will not be calculated, must provide a valid PED file (-ped) from the command line. 
INFO  20:48:49,060 ProgressMeter -      4:77662369            716.0    30.0 s           11.8 h        0.2%     4.0 h       4.0 h 
INFO  20:49:19,091 ProgressMeter -      4:77941603         105365.0    60.0 s            9.5 m        0.7%     2.3 h       2.3 h 
INFO  20:49:49,092 ProgressMeter -      4:79391082        1928743.0    90.0 s           46.0 s        2.3%    66.0 m      64.5 m 
INFO  20:50:19,093 ProgressMeter -      4:82125845        7246064.0   120.0 s           16.0 s        4.5%    44.2 m      42.2 m 
INFO  20:50:59,094 ProgressMeter -      4:85416773      2.1206485E7     2.7 m            7.0 s        7.6%    35.1 m      32.5 m 
INFO  20:51:39,095 ProgressMeter -      4:89356827      6.2924003E7     3.3 m            3.0 s       13.5%    24.8 m      21.4 m 
INFO  20:52:09,096 ProgressMeter -     4:100047693     1.17292027E8     3.8 m            1.0 s       18.2%    21.0 m      17.2 m 
INFO  20:52:39,097 ProgressMeter -     4:103534530     1.68210991E8     4.3 m            1.0 s       21.3%    20.4 m      16.0 m 
INFO  20:53:09,097 ProgressMeter -     4:109817771     2.59714854E8     4.8 m            1.0 s       26.3%    18.4 m      13.5 m 
INFO  20:53:39,098 ProgressMeter -     4:114278595     3.53979623E8     5.3 m            0.0 s       31.2%    17.1 m      11.8 m 
INFO  20:54:09,099 ProgressMeter -     4:122301411     4.51384883E8     5.8 m            0.0 s       35.4%    16.5 m      10.7 m 
INFO  20:54:39,100 ProgressMeter -     4:128626694     5.66608089E8     6.3 m            0.0 s       40.9%    15.5 m       9.2 m 
INFO  20:55:09,101 ProgressMeter -     4:142153627     7.27555679E8     6.8 m            0.0 s       46.3%    14.8 m       7.9 m 
INFO  20:55:39,102 ProgressMeter -     4:151935527     9.58643193E8     7.3 m            0.0 s       52.5%    14.0 m       6.6 m 
INFO  20:56:09,103 ProgressMeter -     4:157693824     1.16743872E9     7.8 m            0.0 s       58.4%    13.4 m       5.6 m 
INFO  20:56:39,104 ProgressMeter -     4:169322103    1.422600149E9     8.3 m            0.0 s       64.3%    13.0 m       4.6 m 
INFO  20:57:09,105 ProgressMeter -     4:178355484    1.666505838E9     8.8 m            0.0 s       69.3%    12.7 m       3.9 m 
INFO  20:57:39,107 ProgressMeter -     4:186567770    1.915759534E9     9.3 m            0.0 s       74.5%    12.5 m       3.2 m 
INFO  20:58:09,108 ProgressMeter -        5:233540    2.032716937E9     9.8 m            0.0 s       78.7%    12.5 m       2.7 m 
INFO  20:58:39,109 ProgressMeter -       5:1481029     2.04048254E9    10.3 m            0.0 s       82.5%    12.5 m       2.2 m 
INFO  20:59:09,119 ProgressMeter -      5:13721057    2.067425135E9    10.8 m            0.0 s       87.7%    12.4 m      91.0 s 
INFO  20:59:39,120 ProgressMeter -      5:31551494    2.124788704E9    11.3 m            0.0 s       94.1%    12.0 m      42.0 s 
INFO  21:00:04,020 VectorLoglessPairHMM - Time spent in setup for JNI call : 0.335031515 
INFO  21:00:04,022 PairHMM - Total compute time in PairHMM computeLikelihoods() : 61.688443195000005 
INFO  21:00:04,022 HaplotypeCaller - Ran local assembly on 8469 active regions 
INFO  21:00:04,055 ProgressMeter -            done    2.203488863E9    11.8 m            0.0 s      100.0%    11.8 m       0.0 s 
INFO  21:00:04,055 ProgressMeter - Total runtime 705.31 secs, 11.76 min, 0.20 hours 
INFO  21:00:04,056 MicroScheduler - 387352 reads were filtered out during the traversal out of approximately 2323114 total reads (16.67%) 
INFO  21:00:04,056 MicroScheduler -   -> 0 reads (0.00% of total) failing BadCigarFilter 
INFO  21:00:04,060 MicroScheduler -   -> 347489 reads (14.96% of total) failing DuplicateReadFilter 
INFO  21:00:04,061 MicroScheduler -   -> 0 reads (0.00% of total) failing FailsVendorQualityCheckFilter 
INFO  21:00:04,061 MicroScheduler -   -> 39679 reads (1.71% of total) failing HCMappingQualityFilter 
INFO  21:00:04,062 MicroScheduler -   -> 0 reads (0.00% of total) failing MalformedReadFilter 
INFO  21:00:04,062 MicroScheduler -   -> 0 reads (0.00% of total) failing MappingQualityUnavailableFilter 
INFO  21:00:04,062 MicroScheduler -   -> 184 reads (0.01% of total) failing NotPrimaryAlignmentFilter 
INFO  21:00:04,063 MicroScheduler -   -> 0 reads (0.00% of total) failing UnmappedReadFilter 
