INFO  17:35:10,033 HelpFormatter - --------------------------------------------------------------------------------- 
INFO  17:35:10,035 HelpFormatter - The Genome Analysis Toolkit (GATK) v3.4-46-g8ea4dca, Compiled 2015/08/13 20:41:56 
INFO  17:35:10,035 HelpFormatter - Copyright (c) 2010 The Broad Institute 
INFO  17:35:10,036 HelpFormatter - For support and documentation go to http://www.broadinstitute.org/gatk 
INFO  17:35:10,039 HelpFormatter - Program Args: -T BaseRecalibrator -I /home/opt/data/broadout/FC1-NA12878-01_S1_L001_gatk_best_practices_36t_30s_2015-11-10_16-39-49/FC1-NA12878-01_S1_L001_realign.bam -L /home/beris/Broad_Ref_Pipeline_approved_package/workflow_profiler/.queue/scatterGather/ExampleBaseRecalibrator-1-sg/temp_10_of_24/scatter.intervals -R /home/beris/Broad_Ref_Pipeline_approved_package/homosapiensrefgenome/Homo_sapiens_assembly19.fasta -knownSites /home/beris/Broad_Ref_Pipeline_approved_package/homosapiensrefgenome/Homo_sapiens_assembly19.dbsnp.vcf -o /home/beris/Broad_Ref_Pipeline_approved_package/workflow_profiler/.queue/scatterGather/ExampleBaseRecalibrator-1-sg/temp_10_of_24/FC1-NA12878-01_S1_L001_recal.grp 
INFO  17:35:10,044 HelpFormatter - Executing as beris@dna on Linux 2.6.32-573.el6.x86_64 amd64; OpenJDK 64-Bit Server VM 1.7.0_79-mockbuild_2015_07_24_09_26-b00. 
INFO  17:35:10,045 HelpFormatter - Date/Time: 2015/11/10 17:35:10 
INFO  17:35:10,045 HelpFormatter - --------------------------------------------------------------------------------- 
INFO  17:35:10,045 HelpFormatter - --------------------------------------------------------------------------------- 
INFO  17:35:10,104 GenomeAnalysisEngine - Strictness is SILENT 
INFO  17:35:10,219 GenomeAnalysisEngine - Downsampling Settings: No downsampling 
INFO  17:35:10,227 SAMDataSource$SAMReaders - Initializing SAMRecords in serial 
INFO  17:35:10,260 SAMDataSource$SAMReaders - Done initializing BAM readers: total time 0.03 
INFO  17:35:10,731 IntervalUtils - Processing 1527810 bp from intervals 
INFO  17:35:10,845 GenomeAnalysisEngine - Preparing for traversal over 1 BAM files 
INFO  17:35:11,303 GenomeAnalysisEngine - Done preparing for traversal 
INFO  17:35:11,303 ProgressMeter - [INITIALIZATION COMPLETE; STARTING PROCESSING] 
INFO  17:35:11,304 ProgressMeter -                 | processed |    time |    per 1M |           |   total | remaining 
INFO  17:35:11,304 ProgressMeter -        Location |     reads | elapsed |     reads | completed | runtime |   runtime 
INFO  17:35:11,327 BaseRecalibrator - The covariates being used here:  
INFO  17:35:11,327 BaseRecalibrator - 	ReadGroupCovariate 
INFO  17:35:11,328 BaseRecalibrator - 	QualityScoreCovariate 
INFO  17:35:11,328 BaseRecalibrator - 	ContextCovariate 
INFO  17:35:11,328 ContextCovariate - 		Context sizes: base substitution model 2, indel substitution model 3 
INFO  17:35:11,328 BaseRecalibrator - 	CycleCovariate 
INFO  17:35:11,330 ReadShardBalancer$1 - Loading BAM index data 
INFO  17:35:11,639 ReadShardBalancer$1 - Done loading BAM index data 
INFO  17:35:41,352 ProgressMeter -     10:23321748         0.0    30.0 s      49.7 w       15.6%     3.2 m       2.7 m 
INFO  17:36:11,354 ProgressMeter -     10:76349160    300015.0    60.0 s       3.3 m       46.6%     2.1 m      68.0 s 
INFO  17:36:41,358 ProgressMeter -    10:123848198    500018.0    90.0 s       3.0 m       89.9%   100.0 s      10.0 s 
INFO  17:36:46,777 BaseRecalibrator - Calculating quantized quality scores... 
INFO  17:36:46,819 BaseRecalibrator - Writing recalibration report... 
INFO  17:36:47,303 BaseRecalibrator - ...done! 
INFO  17:36:47,304 BaseRecalibrator - BaseRecalibrator was able to recalibrate 657816 reads 
INFO  17:36:47,305 ProgressMeter -            done    657816.0    96.0 s       2.4 m      100.0%    96.0 s       0.0 s 
INFO  17:36:47,305 ProgressMeter - Total runtime 96.00 secs, 1.60 min, 0.03 hours 
INFO  17:36:47,305 MicroScheduler - 48335 reads were filtered out during the traversal out of approximately 706151 total reads (6.84%) 
INFO  17:36:47,306 MicroScheduler -   -> 0 reads (0.00% of total) failing BadCigarFilter 
INFO  17:36:47,306 MicroScheduler -   -> 25428 reads (3.60% of total) failing DuplicateReadFilter 
INFO  17:36:47,306 MicroScheduler -   -> 0 reads (0.00% of total) failing FailsVendorQualityCheckFilter 
INFO  17:36:47,306 MicroScheduler -   -> 0 reads (0.00% of total) failing MalformedReadFilter 
INFO  17:36:47,306 MicroScheduler -   -> 0 reads (0.00% of total) failing MappingQualityUnavailableFilter 
INFO  17:36:47,307 MicroScheduler -   -> 22853 reads (3.24% of total) failing MappingQualityZeroFilter 
INFO  17:36:47,307 MicroScheduler -   -> 54 reads (0.01% of total) failing NotPrimaryAlignmentFilter 
INFO  17:36:47,307 MicroScheduler -   -> 0 reads (0.00% of total) failing UnmappedReadFilter 
