INFO  20:17:54,162 HelpFormatter - --------------------------------------------------------------------------------- 
INFO  20:17:54,164 HelpFormatter - The Genome Analysis Toolkit (GATK) v3.4-46-g8ea4dca, Compiled 2015/08/13 20:41:56 
INFO  20:17:54,165 HelpFormatter - Copyright (c) 2010 The Broad Institute 
INFO  20:17:54,165 HelpFormatter - For support and documentation go to http://www.broadinstitute.org/gatk 
INFO  20:17:54,168 HelpFormatter - Program Args: -T BaseRecalibrator -I /home/opt/data/broadout/FC1-NA12878-01_S1_L001_R1_001_gatk_best_practices_36t_30s_2015-11-05_19-14-59/FC1-NA12878-01_S1_L001_R1_001_realign.bam -L /home/beris/Broad_Ref_Pipeline_approved_package/workflow_profiler/.queue/scatterGather/ExampleBaseRecalibrator-1-sg/temp_10_of_24/scatter.intervals -R /home/beris/Broad_Ref_Pipeline_approved_package/homosapiensrefgenome/Homo_sapiens_assembly19.fasta -knownSites /home/beris/Broad_Ref_Pipeline_approved_package/homosapiensrefgenome/Homo_sapiens_assembly19.dbsnp.vcf -o /home/beris/Broad_Ref_Pipeline_approved_package/workflow_profiler/.queue/scatterGather/ExampleBaseRecalibrator-1-sg/temp_10_of_24/FC1-NA12878-01_S1_L001_R1_001_recal.grp 
INFO  20:17:54,175 HelpFormatter - Executing as beris@dna on Linux 2.6.32-573.el6.x86_64 amd64; OpenJDK 64-Bit Server VM 1.7.0_79-mockbuild_2015_07_24_09_26-b00. 
INFO  20:17:54,176 HelpFormatter - Date/Time: 2015/11/05 20:17:54 
INFO  20:17:54,176 HelpFormatter - --------------------------------------------------------------------------------- 
INFO  20:17:54,177 HelpFormatter - --------------------------------------------------------------------------------- 
INFO  20:17:54,247 GenomeAnalysisEngine - Strictness is SILENT 
INFO  20:17:54,357 GenomeAnalysisEngine - Downsampling Settings: No downsampling 
INFO  20:17:54,368 SAMDataSource$SAMReaders - Initializing SAMRecords in serial 
INFO  20:17:54,412 SAMDataSource$SAMReaders - Done initializing BAM readers: total time 0.04 
INFO  20:17:54,842 IntervalUtils - Processing 1527810 bp from intervals 
INFO  20:17:54,928 GenomeAnalysisEngine - Preparing for traversal over 1 BAM files 
INFO  20:17:55,238 GenomeAnalysisEngine - Done preparing for traversal 
INFO  20:17:55,239 ProgressMeter - [INITIALIZATION COMPLETE; STARTING PROCESSING] 
INFO  20:17:55,239 ProgressMeter -                 | processed |    time |    per 1M |           |   total | remaining 
INFO  20:17:55,240 ProgressMeter -        Location |     reads | elapsed |     reads | completed | runtime |   runtime 
INFO  20:17:55,393 BaseRecalibrator - The covariates being used here:  
INFO  20:17:55,394 BaseRecalibrator - 	ReadGroupCovariate 
INFO  20:17:55,394 BaseRecalibrator - 	QualityScoreCovariate 
INFO  20:17:55,395 BaseRecalibrator - 	ContextCovariate 
INFO  20:17:55,395 ContextCovariate - 		Context sizes: base substitution model 2, indel substitution model 3 
INFO  20:17:55,395 BaseRecalibrator - 	CycleCovariate 
INFO  20:17:55,400 ReadShardBalancer$1 - Loading BAM index data 
INFO  20:17:55,770 ReadShardBalancer$1 - Done loading BAM index data 
INFO  20:18:30,485 ProgressMeter -     10:27508854         0.0    35.0 s      58.3 w       18.9%     3.1 m       2.5 m 
INFO  20:19:00,487 ProgressMeter -     10:75609134    200004.0    65.0 s       5.4 m       45.9%     2.4 m      76.0 s 
INFO  20:19:30,491 ProgressMeter -    10:123997179    400008.0    95.0 s       4.0 m       90.1%   105.0 s      10.0 s 
INFO  20:19:33,649 BaseRecalibrator - Calculating quantized quality scores... 
INFO  20:19:33,696 BaseRecalibrator - Writing recalibration report... 
INFO  20:19:34,375 BaseRecalibrator - ...done! 
INFO  20:19:34,375 BaseRecalibrator - BaseRecalibrator was able to recalibrate 494452 reads 
INFO  20:19:34,376 ProgressMeter -            done    494452.0    99.0 s       3.3 m       99.9%    99.0 s       0.0 s 
INFO  20:19:34,376 ProgressMeter - Total runtime 99.14 secs, 1.65 min, 0.03 hours 
INFO  20:19:34,376 MicroScheduler - 212023 reads were filtered out during the traversal out of approximately 706475 total reads (30.01%) 
INFO  20:19:34,377 MicroScheduler -   -> 0 reads (0.00% of total) failing BadCigarFilter 
INFO  20:19:34,377 MicroScheduler -   -> 181654 reads (25.71% of total) failing DuplicateReadFilter 
INFO  20:19:34,377 MicroScheduler -   -> 0 reads (0.00% of total) failing FailsVendorQualityCheckFilter 
INFO  20:19:34,377 MicroScheduler -   -> 0 reads (0.00% of total) failing MalformedReadFilter 
INFO  20:19:34,377 MicroScheduler -   -> 0 reads (0.00% of total) failing MappingQualityUnavailableFilter 
INFO  20:19:34,378 MicroScheduler -   -> 30325 reads (4.29% of total) failing MappingQualityZeroFilter 
INFO  20:19:34,378 MicroScheduler -   -> 44 reads (0.01% of total) failing NotPrimaryAlignmentFilter 
INFO  20:19:34,378 MicroScheduler -   -> 0 reads (0.00% of total) failing UnmappedReadFilter 
