INFO  19:49:31,970 HelpFormatter - --------------------------------------------------------------------------------- 
INFO  19:49:31,972 HelpFormatter - The Genome Analysis Toolkit (GATK) v3.4-46-g8ea4dca, Compiled 2015/08/13 20:41:56 
INFO  19:49:31,972 HelpFormatter - Copyright (c) 2010 The Broad Institute 
INFO  19:49:31,973 HelpFormatter - For support and documentation go to http://www.broadinstitute.org/gatk 
INFO  19:49:31,976 HelpFormatter - Program Args: -T BaseRecalibrator -I /mnt/nvme0n1/data/broadout/HG02571_gatk_best_practices_8t_30s_2016-07-06_18-21-01/HG02571_realign.bam -L /mnt/nvme0n1/Broad_Ref_Pipeline_approved_package/workflow_profiler/.queue/scatterGather/ExampleBaseRecalibrator-1-sg/temp_10_of_24/scatter.intervals -R /mnt/nvme0n1/Broad_Ref_Pipeline_approved_package/b37bundle/human_g1k_v37.fasta -knownSites /mnt/nvme0n1/Broad_Ref_Pipeline_approved_package/b37bundle/dbsnp_138.b37.vcf -o /mnt/nvme0n1/Broad_Ref_Pipeline_approved_package/workflow_profiler/.queue/scatterGather/ExampleBaseRecalibrator-1-sg/temp_10_of_24/HG02571_recal.grp 
INFO  19:49:31,982 HelpFormatter - Executing as bshifaw@application-1-1.hudson.intel.com on Linux 3.10.0-327.el7.x86_64 amd64; OpenJDK 64-Bit Server VM 1.8.0_91-b14. 
INFO  19:49:31,982 HelpFormatter - Date/Time: 2016/07/06 19:49:31 
INFO  19:49:31,982 HelpFormatter - --------------------------------------------------------------------------------- 
INFO  19:49:31,982 HelpFormatter - --------------------------------------------------------------------------------- 
INFO  19:49:32,074 GenomeAnalysisEngine - Strictness is SILENT 
INFO  19:49:32,248 GenomeAnalysisEngine - Downsampling Settings: No downsampling 
INFO  19:49:32,254 SAMDataSource$SAMReaders - Initializing SAMRecords in serial 
INFO  19:49:32,321 SAMDataSource$SAMReaders - Done initializing BAM readers: total time 0.07 
INFO  19:49:32,821 IntervalUtils - Processing 2081910 bp from intervals 
INFO  19:49:32,927 GenomeAnalysisEngine - Preparing for traversal over 1 BAM files 
INFO  19:49:33,097 GenomeAnalysisEngine - Done preparing for traversal 
INFO  19:49:33,098 ProgressMeter - [INITIALIZATION COMPLETE; STARTING PROCESSING] 
INFO  19:49:33,098 ProgressMeter -                 | processed |    time |    per 1M |           |   total | remaining 
INFO  19:49:33,099 ProgressMeter -        Location |     reads | elapsed |     reads | completed | runtime |   runtime 
INFO  19:49:33,120 BaseRecalibrator - The covariates being used here:  
INFO  19:49:33,121 BaseRecalibrator - 	ReadGroupCovariate 
INFO  19:49:33,121 BaseRecalibrator - 	QualityScoreCovariate 
INFO  19:49:33,121 BaseRecalibrator - 	ContextCovariate 
INFO  19:49:33,121 ContextCovariate - 		Context sizes: base substitution model 2, indel substitution model 3 
INFO  19:49:33,121 BaseRecalibrator - 	CycleCovariate 
INFO  19:49:33,123 ReadShardBalancer$1 - Loading BAM index data 
INFO  19:49:33,262 ReadShardBalancer$1 - Done loading BAM index data 
INFO  19:50:03,546 ProgressMeter -      10:5950991         0.0    30.0 s      50.3 w        3.7%    13.4 m      12.9 m 
INFO  19:50:33,553 ProgressMeter -     10:12159721    100001.0    60.0 s      10.1 m        6.7%    14.9 m      13.9 m 
INFO  19:51:03,556 ProgressMeter -     10:16996405    200002.0    90.0 s       7.5 m       10.5%    14.3 m      12.8 m 
INFO  19:51:33,558 ProgressMeter -     10:23611397    300011.0   120.0 s       6.7 m       14.7%    13.6 m      11.6 m 
INFO  19:52:03,568 ProgressMeter -     10:28420502    400013.0     2.5 m       6.3 m       18.6%    13.4 m      10.9 m 
INFO  19:52:33,913 ProgressMeter -     10:43622118    600018.0     3.0 m       5.0 m       24.2%    12.4 m       9.4 m 
INFO  19:53:06,451 ProgressMeter -     10:61831084    800022.0     3.6 m       4.4 m       33.4%    10.6 m       7.1 m 
INFO  19:53:36,453 ProgressMeter -     10:72541743   1000026.0     4.1 m       4.1 m       41.5%     9.7 m       5.7 m 
INFO  19:54:06,460 ProgressMeter -     10:78870154   1200030.0     4.6 m       3.8 m       48.7%     9.4 m       4.8 m 
INFO  19:54:36,463 ProgressMeter -     10:91465070   1500037.0     5.1 m       3.4 m       55.8%     9.1 m       4.0 m 
INFO  19:55:06,972 ProgressMeter -     10:96012202   1600040.0     5.6 m       3.5 m       60.4%     9.2 m       3.6 m 
INFO  19:55:37,108 ProgressMeter -     10:99145709   1700041.0     6.1 m       3.6 m       65.2%     9.3 m       3.2 m 
INFO  19:56:07,110 ProgressMeter -    10:102763324   1900050.0     6.6 m       3.5 m       71.2%     9.2 m       2.7 m 
INFO  19:56:38,380 ProgressMeter -    10:104855716   2100058.0     7.1 m       3.4 m       76.0%     9.3 m       2.2 m 
INFO  19:57:08,655 ProgressMeter -    10:115525203   2300063.0     7.6 m       3.3 m       82.6%     9.2 m      95.0 s 
INFO  19:57:38,663 ProgressMeter -    10:124348595   2500067.0     8.1 m       3.2 m       90.7%     8.9 m      49.0 s 
INFO  19:58:08,666 ProgressMeter -    10:135341090   2700074.0     8.6 m       3.2 m       99.5%     8.6 m       2.0 s 
INFO  19:58:09,213 BaseRecalibrator - Calculating quantized quality scores... 
INFO  19:58:09,288 BaseRecalibrator - Writing recalibration report... 
INFO  19:58:11,544 BaseRecalibrator - ...done! 
INFO  19:58:11,557 BaseRecalibrator - BaseRecalibrator was able to recalibrate 2792952 reads 
INFO  19:58:11,559 ProgressMeter -            done   2792952.0     8.6 m       3.1 m       99.8%     8.6 m       0.0 s 
INFO  19:58:11,559 ProgressMeter - Total runtime 518.46 secs, 8.64 min, 0.14 hours 
INFO  19:58:11,560 MicroScheduler - 780943 reads were filtered out during the traversal out of approximately 3573895 total reads (21.85%) 
INFO  19:58:11,560 MicroScheduler -   -> 0 reads (0.00% of total) failing BadCigarFilter 
INFO  19:58:11,561 MicroScheduler -   -> 533719 reads (14.93% of total) failing DuplicateReadFilter 
INFO  19:58:11,561 MicroScheduler -   -> 0 reads (0.00% of total) failing FailsVendorQualityCheckFilter 
INFO  19:58:11,561 MicroScheduler -   -> 0 reads (0.00% of total) failing MalformedReadFilter 
INFO  19:58:11,561 MicroScheduler -   -> 0 reads (0.00% of total) failing MappingQualityUnavailableFilter 
INFO  19:58:11,561 MicroScheduler -   -> 246922 reads (6.91% of total) failing MappingQualityZeroFilter 
INFO  19:58:11,562 MicroScheduler -   -> 302 reads (0.01% of total) failing NotPrimaryAlignmentFilter 
INFO  19:58:11,562 MicroScheduler -   -> 0 reads (0.00% of total) failing UnmappedReadFilter 
