INFO  17:36:57,538 HelpFormatter - --------------------------------------------------------------------------------- 
INFO  17:36:57,542 HelpFormatter - The Genome Analysis Toolkit (GATK) v3.4-46-g8ea4dca, Compiled 2015/08/13 20:41:56 
INFO  17:36:57,542 HelpFormatter - Copyright (c) 2010 The Broad Institute 
INFO  17:36:57,543 HelpFormatter - For support and documentation go to http://www.broadinstitute.org/gatk 
INFO  17:36:57,555 HelpFormatter - Program Args: -T HaplotypeCaller -I /cluster_share/data/out/HG02769_gatk_best_practices_36t_30s_2016-11-28_15-18-37/HG02769_final.bam -L /cluster_share/data/Broad_Ref_Pipeline_approved_package/workflow_profiler/.queue/scatterGather/ExampleHaplotypeCaller-1-sg/temp_31_of_36/scatter.intervals -R /cluster_share/data/reference/b37bundle/human_g1k_v37.fasta -variant_index_type LINEAR -variant_index_parameter 128000 -o /cluster_share/data/Broad_Ref_Pipeline_approved_package/workflow_profiler/.queue/scatterGather/ExampleHaplotypeCaller-1-sg/temp_31_of_36/HG02769_HaplotypeCaller.g.vcf -ERC GVCF 
INFO  17:36:57,565 HelpFormatter - Executing as bshifaw@compute-1-1.hudson.intel.com on Linux 3.10.0-327.13.1.el7.x86_64 amd64; OpenJDK 64-Bit Server VM 1.8.0_111-b15. 
INFO  17:36:57,567 HelpFormatter - Date/Time: 2016/11/28 17:36:57 
INFO  17:36:57,567 HelpFormatter - --------------------------------------------------------------------------------- 
INFO  17:36:57,567 HelpFormatter - --------------------------------------------------------------------------------- 
WARN  17:36:57,579 GATKVCFUtils - Naming your output file using the .g.vcf extension will automatically set the appropriate values  for --variant_index_type and --variant_index_parameter 
INFO  17:36:57,673 GenomeAnalysisEngine - Strictness is SILENT 
INFO  17:36:57,973 GenomeAnalysisEngine - Downsampling Settings: Method: BY_SAMPLE, Target Coverage: 500 
INFO  17:36:57,979 SAMDataSource$SAMReaders - Initializing SAMRecords in serial 
INFO  17:36:58,084 SAMDataSource$SAMReaders - Done initializing BAM readers: total time 0.10 
INFO  17:36:58,120 HCMappingQualityFilter - Filtering out reads with MAPQ < 20 
INFO  17:36:58,285 IntervalUtils - Processing 1437965 bp from intervals 
INFO  17:36:58,543 GenomeAnalysisEngine - Preparing for traversal over 1 BAM files 
INFO  17:36:58,937 GenomeAnalysisEngine - Done preparing for traversal 
INFO  17:36:58,938 ProgressMeter - [INITIALIZATION COMPLETE; STARTING PROCESSING] 
INFO  17:36:58,968 ProgressMeter -                 |      processed |    time |         per 1M |           |   total | remaining 
INFO  17:36:58,969 ProgressMeter -        Location | active regions | elapsed | active regions | completed | runtime |   runtime 
INFO  17:36:58,989 HaplotypeCaller - Standard Emitting and Calling confidence set to 0.0 for reference-model confidence output 
INFO  17:36:58,989 HaplotypeCaller - All sites annotated with PLs forced to true for reference-model confidence output 
INFO  17:36:59,239 HaplotypeCaller - Using global mismapping rate of 45 => -4.5 in log10 likelihood units 
Using AVX accelerated implementation of PairHMM
INFO  17:37:01,656 VectorLoglessPairHMM - libVectorLoglessPairHMM unpacked successfully from GATK jar file 
INFO  17:37:01,674 VectorLoglessPairHMM - Using vectorized implementation of PairHMM 
WARN  17:37:02,108 HaplotypeScore - Annotation will not be calculated, must be called from UnifiedGenotyper 
WARN  17:37:02,114 InbreedingCoeff - Annotation will not be calculated, must provide a valid PED file (-ped) from the command line. 
INFO  17:37:29,003 ProgressMeter -     18:33703406        3838763.0    30.0 s            7.0 s        3.5%    14.3 m      13.8 m 
INFO  17:37:59,011 ProgressMeter -     18:47810710      4.9890636E7    60.0 s            1.0 s       12.0%     8.3 m       7.3 m 
INFO  17:38:29,012 ProgressMeter -     18:71959092     2.31398395E8    90.0 s            0.0 s       25.6%     5.9 m       4.4 m 
INFO  17:38:59,014 ProgressMeter -      19:1808171      3.2615283E8   120.0 s            0.0 s       40.7%     4.9 m       2.9 m 
INFO  17:39:29,015 ProgressMeter -      19:4512411     4.66881571E8     2.5 m            0.0 s       54.3%     4.6 m       2.1 m 
INFO  17:39:59,016 ProgressMeter -      19:7964277     7.22357997E8     3.0 m            0.0 s       68.8%     4.4 m      81.0 s 
INFO  17:40:29,018 ProgressMeter -     19:10107995     9.22170781E8     3.5 m            0.0 s       79.9%     4.4 m      52.0 s 
INFO  17:40:59,019 ProgressMeter -     19:13030005     1.40015679E9     4.0 m            0.0 s       97.2%     4.1 m       6.0 s 
INFO  17:41:02,467 VectorLoglessPairHMM - Time spent in setup for JNI call : 0.15213183700000002 
INFO  17:41:02,467 PairHMM - Total compute time in PairHMM computeLikelihoods() : 29.890611017 
INFO  17:41:02,468 HaplotypeCaller - Ran local assembly on 8902 active regions 
INFO  17:41:02,479 ProgressMeter -            done    1.505769969E9     4.1 m            0.0 s      100.0%     4.1 m       0.0 s 
INFO  17:41:02,479 ProgressMeter - Total runtime 243.54 secs, 4.06 min, 0.07 hours 
INFO  17:41:02,479 MicroScheduler - 392775 reads were filtered out during the traversal out of approximately 2277408 total reads (17.25%) 
INFO  17:41:02,480 MicroScheduler -   -> 0 reads (0.00% of total) failing BadCigarFilter 
INFO  17:41:02,480 MicroScheduler -   -> 313032 reads (13.75% of total) failing DuplicateReadFilter 
INFO  17:41:02,480 MicroScheduler -   -> 0 reads (0.00% of total) failing FailsVendorQualityCheckFilter 
INFO  17:41:02,480 MicroScheduler -   -> 79500 reads (3.49% of total) failing HCMappingQualityFilter 
INFO  17:41:02,480 MicroScheduler -   -> 0 reads (0.00% of total) failing MalformedReadFilter 
INFO  17:41:02,481 MicroScheduler -   -> 0 reads (0.00% of total) failing MappingQualityUnavailableFilter 
INFO  17:41:02,481 MicroScheduler -   -> 243 reads (0.01% of total) failing NotPrimaryAlignmentFilter 
INFO  17:41:02,481 MicroScheduler -   -> 0 reads (0.00% of total) failing UnmappedReadFilter 
