INFO  20:48:07,678 HelpFormatter - --------------------------------------------------------------------------------- 
INFO  20:48:07,817 HelpFormatter - The Genome Analysis Toolkit (GATK) v3.4-46-g8ea4dca, Compiled 2015/08/13 20:41:56 
INFO  20:48:07,817 HelpFormatter - Copyright (c) 2010 The Broad Institute 
INFO  20:48:07,817 HelpFormatter - For support and documentation go to http://www.broadinstitute.org/gatk 
INFO  20:48:07,826 HelpFormatter - Program Args: -T HaplotypeCaller -I /mnt/nvme0n1/data/broadout/HG02771_gatk_best_practices_8t_30s_2016-07-06_18-21-02/HG02771_final.bam -L /mnt/nvme0n1/Broad_Ref_Pipeline_approved_package/workflow_profiler/.queue/scatterGather/ExampleHaplotypeCaller-1-sg/temp_31_of_36/scatter.intervals -R /mnt/nvme0n1/Broad_Ref_Pipeline_approved_package/b37bundle/human_g1k_v37.fasta -variant_index_type LINEAR -variant_index_parameter 128000 -o /mnt/nvme0n1/Broad_Ref_Pipeline_approved_package/workflow_profiler/.queue/scatterGather/ExampleHaplotypeCaller-1-sg/temp_31_of_36/HG02771_HaplotypeCaller.g.vcf -ERC GVCF 
INFO  20:48:07,858 HelpFormatter - Executing as bshifaw@application-1-1.hudson.intel.com on Linux 3.10.0-327.el7.x86_64 amd64; OpenJDK 64-Bit Server VM 1.8.0_91-b14. 
INFO  20:48:07,861 HelpFormatter - Date/Time: 2016/07/06 20:48:07 
INFO  20:48:07,863 HelpFormatter - --------------------------------------------------------------------------------- 
INFO  20:48:07,866 HelpFormatter - --------------------------------------------------------------------------------- 
WARN  20:48:07,891 GATKVCFUtils - Naming your output file using the .g.vcf extension will automatically set the appropriate values  for --variant_index_type and --variant_index_parameter 
INFO  20:48:08,186 GenomeAnalysisEngine - Strictness is SILENT 
INFO  20:48:08,868 GenomeAnalysisEngine - Downsampling Settings: Method: BY_SAMPLE, Target Coverage: 500 
INFO  20:48:08,936 SAMDataSource$SAMReaders - Initializing SAMRecords in serial 
INFO  20:48:09,182 SAMDataSource$SAMReaders - Done initializing BAM readers: total time 0.24 
INFO  20:48:09,273 HCMappingQualityFilter - Filtering out reads with MAPQ < 20 
INFO  20:48:09,746 IntervalUtils - Processing 1437965 bp from intervals 
INFO  20:48:10,549 GenomeAnalysisEngine - Preparing for traversal over 1 BAM files 
INFO  20:48:11,568 GenomeAnalysisEngine - Done preparing for traversal 
INFO  20:48:11,568 ProgressMeter - [INITIALIZATION COMPLETE; STARTING PROCESSING] 
INFO  20:48:11,603 ProgressMeter -                 |      processed |    time |         per 1M |           |   total | remaining 
INFO  20:48:11,605 ProgressMeter -        Location | active regions | elapsed | active regions | completed | runtime |   runtime 
INFO  20:48:11,655 HaplotypeCaller - Standard Emitting and Calling confidence set to 0.0 for reference-model confidence output 
INFO  20:48:11,655 HaplotypeCaller - All sites annotated with PLs forced to true for reference-model confidence output 
INFO  20:48:12,769 HaplotypeCaller - Using global mismapping rate of 45 => -4.5 in log10 likelihood units 
Using AVX accelerated implementation of PairHMM
INFO  20:48:18,408 VectorLoglessPairHMM - libVectorLoglessPairHMM unpacked successfully from GATK jar file 
INFO  20:48:18,409 VectorLoglessPairHMM - Using vectorized implementation of PairHMM 
WARN  20:48:19,741 HaplotypeScore - Annotation will not be calculated, must be called from UnifiedGenotyper 
WARN  20:48:19,742 InbreedingCoeff - Annotation will not be calculated, must provide a valid PED file (-ped) from the command line. 
INFO  20:48:41,857 ProgressMeter -     18:29790414          46205.0    30.0 s           10.9 m        0.3%     2.7 h       2.7 h 
INFO  20:49:11,891 ProgressMeter -     18:30349556         193787.0    60.0 s            5.2 m        0.8%     2.2 h       2.1 h 
INFO  20:49:43,180 ProgressMeter -     18:32843425        2098543.0    91.0 s           43.0 s        2.5%    59.8 m      58.2 m 
INFO  20:50:13,181 ProgressMeter -     18:34380109        7688436.0     2.0 m           15.0 s        4.7%    42.6 m      40.5 m 
INFO  20:50:53,182 ProgressMeter -     18:44555221       2.774838E7     2.7 m            5.0 s        8.9%    30.3 m      27.6 m 
INFO  20:51:33,185 ProgressMeter -     18:51729251       6.519967E7     3.4 m            3.0 s       13.8%    24.3 m      20.9 m 
INFO  20:52:03,186 ProgressMeter -     18:56819756     1.15864521E8     3.9 m            1.0 s       18.3%    21.1 m      17.2 m 
INFO  20:52:33,187 ProgressMeter -     18:61570083     1.77802918E8     4.4 m            1.0 s       22.4%    19.4 m      15.1 m 
INFO  20:53:03,188 ProgressMeter -     18:72914175      2.4408894E8     4.9 m            1.0 s       26.6%    18.2 m      13.4 m 
INFO  20:53:33,189 ProgressMeter -       19:504693     2.98702172E8     5.4 m            1.0 s       31.1%    17.2 m      11.9 m 
INFO  20:54:03,189 ProgressMeter -      19:1106419     3.07645981E8     5.9 m            1.0 s       36.4%    16.1 m      10.2 m 
INFO  20:54:33,190 ProgressMeter -      19:2222511     3.42990556E8     6.4 m            1.0 s       43.2%    14.7 m       8.4 m 
INFO  20:55:03,191 ProgressMeter -      19:3612335      3.9328328E8     6.9 m            1.0 s       48.7%    14.1 m       7.2 m 
INFO  20:55:33,193 ProgressMeter -      19:4511575     4.66881571E8     7.4 m            0.0 s       54.2%    13.5 m       6.2 m 
INFO  20:56:03,194 ProgressMeter -      19:4930678     4.89540193E8     7.9 m            0.0 s       56.0%    14.0 m       6.2 m 
INFO  20:56:33,195 ProgressMeter -      19:6417942     5.82635147E8     8.4 m            0.0 s       61.4%    13.6 m       5.3 m 
INFO  20:57:03,196 ProgressMeter -      19:7521161       6.632516E8     8.9 m            0.0 s       65.4%    13.5 m       4.7 m 
INFO  20:57:33,197 ProgressMeter -      19:8180347     7.51857315E8     9.4 m            0.0 s       70.1%    13.3 m       4.0 m 
INFO  20:58:03,198 ProgressMeter -      19:8992957     8.26824663E8     9.9 m            0.0 s       73.5%    13.4 m       3.6 m 
INFO  20:58:33,199 ProgressMeter -      19:9073634      8.5328907E8    10.4 m            0.0 s       75.9%    13.6 m       3.3 m 
INFO  20:59:03,213 ProgressMeter -     19:10079299     9.08632278E8    10.9 m            0.0 s       79.4%    13.7 m       2.8 m 
INFO  20:59:33,214 ProgressMeter -     19:10571703    1.016602452E9    11.4 m            0.0 s       83.7%    13.6 m       2.2 m 
INFO  21:00:03,215 ProgressMeter -     19:11446071    1.178175201E9    11.9 m            0.0 s       88.7%    13.4 m      90.0 s 
INFO  21:00:33,217 ProgressMeter -     19:12791127    1.326388903E9    12.4 m            0.0 s       94.6%    13.0 m      41.0 s 
INFO  21:00:47,963 VectorLoglessPairHMM - Time spent in setup for JNI call : 0.383476971 
INFO  21:00:47,964 PairHMM - Total compute time in PairHMM computeLikelihoods() : 73.68621137400001 
INFO  21:00:47,977 HaplotypeCaller - Ran local assembly on 8939 active regions 
INFO  21:00:47,984 ProgressMeter -            done    1.505769969E9    12.6 m            0.0 s      100.0%    12.6 m       0.0 s 
INFO  21:00:47,985 ProgressMeter - Total runtime 756.42 secs, 12.61 min, 0.21 hours 
INFO  21:00:47,985 MicroScheduler - 386898 reads were filtered out during the traversal out of approximately 2204774 total reads (17.55%) 
INFO  21:00:47,986 MicroScheduler -   -> 0 reads (0.00% of total) failing BadCigarFilter 
INFO  21:00:47,986 MicroScheduler -   -> 309326 reads (14.03% of total) failing DuplicateReadFilter 
INFO  21:00:47,986 MicroScheduler -   -> 0 reads (0.00% of total) failing FailsVendorQualityCheckFilter 
INFO  21:00:47,987 MicroScheduler -   -> 77363 reads (3.51% of total) failing HCMappingQualityFilter 
INFO  21:00:47,987 MicroScheduler -   -> 0 reads (0.00% of total) failing MalformedReadFilter 
INFO  21:00:47,987 MicroScheduler -   -> 0 reads (0.00% of total) failing MappingQualityUnavailableFilter 
INFO  21:00:47,988 MicroScheduler -   -> 209 reads (0.01% of total) failing NotPrimaryAlignmentFilter 
INFO  21:00:47,988 MicroScheduler -   -> 0 reads (0.00% of total) failing UnmappedReadFilter 
