INFO  16:10:25,101 HelpFormatter - --------------------------------------------------------------------------------- 
INFO  16:10:25,105 HelpFormatter - The Genome Analysis Toolkit (GATK) v3.4-46-g8ea4dca, Compiled 2015/08/13 20:41:56 
INFO  16:10:25,108 HelpFormatter - Copyright (c) 2010 The Broad Institute 
INFO  16:10:25,108 HelpFormatter - For support and documentation go to http://www.broadinstitute.org/gatk 
INFO  16:10:25,112 HelpFormatter - Program Args: -T HaplotypeCaller -I /mnt/sdb/data/broadout/sim1M_pairs_gatk_best_practices_36t_30s_2016-09-26_15-40-42/sim1M_pairs_final.bam -L /home/bshifaw/gitrepos/Reference-Design/Broad_Ref_Pip/workflow_profiler/.queue/scatterGather/ExampleHaplotypeCaller-1-sg/temp_31_of_36/scatter.intervals -R /mnt/sdb/Broad_Ref_Pipeline_approved_package/homosapiensrefgenome/Homo_sapiens_assembly19.fasta -variant_index_type LINEAR -variant_index_parameter 128000 -o /home/bshifaw/gitrepos/Reference-Design/Broad_Ref_Pip/workflow_profiler/.queue/scatterGather/ExampleHaplotypeCaller-1-sg/temp_31_of_36/sim1M_pairs_HaplotypeCaller.g.vcf -ERC GVCF 
INFO  16:10:25,148 HelpFormatter - Executing as bshifaw@application-0-1.hudson.intel.com on Linux 3.10.0-327.13.1.el7.x86_64 amd64; OpenJDK 64-Bit Server VM 1.8.0_102-b14. 
INFO  16:10:25,163 HelpFormatter - Date/Time: 2016/09/26 16:10:25 
INFO  16:10:25,164 HelpFormatter - --------------------------------------------------------------------------------- 
INFO  16:10:25,164 HelpFormatter - --------------------------------------------------------------------------------- 
WARN  16:10:25,167 GATKVCFUtils - Naming your output file using the .g.vcf extension will automatically set the appropriate values  for --variant_index_type and --variant_index_parameter 
INFO  16:10:25,292 GenomeAnalysisEngine - Strictness is SILENT 
INFO  16:10:25,535 GenomeAnalysisEngine - Downsampling Settings: Method: BY_SAMPLE, Target Coverage: 500 
INFO  16:10:25,546 SAMDataSource$SAMReaders - Initializing SAMRecords in serial 
INFO  16:10:25,683 SAMDataSource$SAMReaders - Done initializing BAM readers: total time 0.14 
INFO  16:10:25,708 HCMappingQualityFilter - Filtering out reads with MAPQ < 20 
INFO  16:10:25,745 IntervalUtils - Processing 86166015 bp from intervals 
INFO  16:10:25,901 GenomeAnalysisEngine - Preparing for traversal over 1 BAM files 
INFO  16:10:26,178 GenomeAnalysisEngine - Done preparing for traversal 
INFO  16:10:26,191 ProgressMeter - [INITIALIZATION COMPLETE; STARTING PROCESSING] 
INFO  16:10:26,191 ProgressMeter -                 |      processed |    time |         per 1M |           |   total | remaining 
INFO  16:10:26,192 ProgressMeter -        Location | active regions | elapsed | active regions | completed | runtime |   runtime 
INFO  16:10:26,214 HaplotypeCaller - Standard Emitting and Calling confidence set to 0.0 for reference-model confidence output 
INFO  16:10:26,214 HaplotypeCaller - All sites annotated with PLs forced to true for reference-model confidence output 
INFO  16:10:26,358 HaplotypeCaller - Using global mismapping rate of 45 => -4.5 in log10 likelihood units 
Using AVX accelerated implementation of PairHMM
INFO  16:10:31,326 VectorLoglessPairHMM - libVectorLoglessPairHMM unpacked successfully from GATK jar file 
INFO  16:10:31,341 VectorLoglessPairHMM - Using vectorized implementation of PairHMM 
WARN  16:10:31,662 HaplotypeScore - Annotation will not be calculated, must be called from UnifiedGenotyper 
WARN  16:10:31,677 InbreedingCoeff - Annotation will not be calculated, must provide a valid PED file (-ped) from the command line. 
INFO  16:10:56,254 ProgressMeter -      18:5080655              0.0    30.0 s           49.7 w        1.7%    29.4 m      28.9 m 
INFO  16:11:26,259 ProgressMeter -      18:9878588              0.0    60.0 s           99.3 w        7.3%    13.8 m      12.8 m 
INFO  16:11:56,261 ProgressMeter -     18:19246467              0.0    90.0 s          148.9 w       18.1%     8.3 m       6.8 m 
INFO  16:12:26,262 ProgressMeter -     18:27946455              0.0   120.0 s          198.5 w       28.2%     7.1 m       5.1 m 
INFO  16:12:56,263 ProgressMeter -     18:36341349              0.0     2.5 m          248.1 w       38.0%     6.6 m       4.1 m 
INFO  16:13:26,264 ProgressMeter -     18:45147072              0.0     3.0 m          297.7 w       48.2%     6.2 m       3.2 m 
INFO  16:13:56,271 ProgressMeter -     18:54178294              0.0     3.5 m          347.4 w       58.7%     6.0 m       2.5 m 
INFO  16:14:26,271 ProgressMeter -     18:62871345              0.0     4.0 m          397.0 w       68.8%     5.8 m     108.0 s 
INFO  16:14:56,272 ProgressMeter -     18:71829793              0.0     4.5 m          446.6 w       79.2%     5.7 m      71.0 s 
INFO  16:15:26,273 ProgressMeter -      19:2723683      7.4463872E7     5.0 m            4.0 s       89.6%     5.6 m      34.0 s 
INFO  16:15:53,476 VectorLoglessPairHMM - Time spent in setup for JNI call : 0.00325536 
INFO  16:15:53,476 PairHMM - Total compute time in PairHMM computeLikelihoods() : 0.054867029000000005 
INFO  16:15:53,477 HaplotypeCaller - Ran local assembly on 293511 active regions 
INFO  16:15:53,482 ProgressMeter -            done      8.6166015E7     5.5 m            3.0 s      100.0%     5.5 m       0.0 s 
INFO  16:15:53,482 ProgressMeter - Total runtime 327.29 secs, 5.45 min, 0.09 hours 
INFO  16:15:53,483 MicroScheduler - 603 reads were filtered out during the traversal out of approximately 53229 total reads (1.13%) 
INFO  16:15:53,483 MicroScheduler -   -> 0 reads (0.00% of total) failing BadCigarFilter 
INFO  16:15:53,483 MicroScheduler -   -> 0 reads (0.00% of total) failing DuplicateReadFilter 
INFO  16:15:53,483 MicroScheduler -   -> 0 reads (0.00% of total) failing FailsVendorQualityCheckFilter 
INFO  16:15:53,483 MicroScheduler -   -> 600 reads (1.13% of total) failing HCMappingQualityFilter 
INFO  16:15:53,484 MicroScheduler -   -> 0 reads (0.00% of total) failing MalformedReadFilter 
INFO  16:15:53,484 MicroScheduler -   -> 0 reads (0.00% of total) failing MappingQualityUnavailableFilter 
INFO  16:15:53,484 MicroScheduler -   -> 3 reads (0.01% of total) failing NotPrimaryAlignmentFilter 
INFO  16:15:53,484 MicroScheduler -   -> 0 reads (0.00% of total) failing UnmappedReadFilter 
