INFO  19:49:32,471 HelpFormatter - --------------------------------------------------------------------------------- 
INFO  19:49:32,478 HelpFormatter - The Genome Analysis Toolkit (GATK) v3.4-46-g8ea4dca, Compiled 2015/08/13 20:41:56 
INFO  19:49:32,479 HelpFormatter - Copyright (c) 2010 The Broad Institute 
INFO  19:49:32,479 HelpFormatter - For support and documentation go to http://www.broadinstitute.org/gatk 
INFO  19:49:32,482 HelpFormatter - Program Args: -T BaseRecalibrator -I /mnt/nvme0n1/data/broadout/HG02571_gatk_best_practices_8t_30s_2016-07-06_18-21-01/HG02571_realign.bam -L /mnt/nvme0n1/Broad_Ref_Pipeline_approved_package/workflow_profiler/.queue/scatterGather/ExampleBaseRecalibrator-1-sg/temp_15_of_24/scatter.intervals -R /mnt/nvme0n1/Broad_Ref_Pipeline_approved_package/b37bundle/human_g1k_v37.fasta -knownSites /mnt/nvme0n1/Broad_Ref_Pipeline_approved_package/b37bundle/dbsnp_138.b37.vcf -o /mnt/nvme0n1/Broad_Ref_Pipeline_approved_package/workflow_profiler/.queue/scatterGather/ExampleBaseRecalibrator-1-sg/temp_15_of_24/HG02571_recal.grp 
INFO  19:49:32,492 HelpFormatter - Executing as bshifaw@application-1-1.hudson.intel.com on Linux 3.10.0-327.el7.x86_64 amd64; OpenJDK 64-Bit Server VM 1.8.0_91-b14. 
INFO  19:49:32,493 HelpFormatter - Date/Time: 2016/07/06 19:49:32 
INFO  19:49:32,493 HelpFormatter - --------------------------------------------------------------------------------- 
INFO  19:49:32,493 HelpFormatter - --------------------------------------------------------------------------------- 
INFO  19:49:32,579 GenomeAnalysisEngine - Strictness is SILENT 
INFO  19:49:32,667 GenomeAnalysisEngine - Downsampling Settings: No downsampling 
INFO  19:49:32,672 SAMDataSource$SAMReaders - Initializing SAMRecords in serial 
INFO  19:49:32,707 SAMDataSource$SAMReaders - Done initializing BAM readers: total time 0.03 
INFO  19:49:32,990 IntervalUtils - Processing 1801029 bp from intervals 
INFO  19:49:33,076 GenomeAnalysisEngine - Preparing for traversal over 1 BAM files 
INFO  19:49:33,277 GenomeAnalysisEngine - Done preparing for traversal 
INFO  19:49:33,287 ProgressMeter - [INITIALIZATION COMPLETE; STARTING PROCESSING] 
INFO  19:49:33,288 ProgressMeter -                 | processed |    time |    per 1M |           |   total | remaining 
INFO  19:49:33,288 ProgressMeter -        Location |     reads | elapsed |     reads | completed | runtime |   runtime 
INFO  19:49:33,379 BaseRecalibrator - The covariates being used here:  
INFO  19:49:33,380 BaseRecalibrator - 	ReadGroupCovariate 
INFO  19:49:33,380 BaseRecalibrator - 	QualityScoreCovariate 
INFO  19:49:33,380 BaseRecalibrator - 	ContextCovariate 
INFO  19:49:33,380 ContextCovariate - 		Context sizes: base substitution model 2, indel substitution model 3 
INFO  19:49:33,380 BaseRecalibrator - 	CycleCovariate 
INFO  19:49:33,382 ReadShardBalancer$1 - Loading BAM index data 
INFO  19:49:33,519 ReadShardBalancer$1 - Done loading BAM index data 
INFO  19:50:03,339 ProgressMeter -     15:25339293         0.0    30.0 s      49.7 w        2.7%    18.8 m      18.3 m 
INFO  19:50:35,407 ProgressMeter -     15:28424365    100001.0    62.0 s      10.4 m        5.0%    20.8 m      19.8 m 
INFO  19:51:06,691 ProgressMeter -     15:34135726    200002.0    93.0 s       7.8 m       10.0%    15.5 m      13.9 m 
INFO  19:51:36,692 ProgressMeter -     15:39883812    300004.0     2.1 m       6.9 m       13.8%    14.8 m      12.8 m 
INFO  19:52:09,466 ProgressMeter -     15:41771312    400005.0     2.6 m       6.5 m       19.6%    13.3 m      10.7 m 
INFO  19:52:39,467 ProgressMeter -     15:43584931    600008.0     3.1 m       5.2 m       27.8%    11.1 m       8.0 m 
INFO  19:53:09,491 ProgressMeter -     15:48787438    900011.0     3.6 m       4.0 m       36.7%     9.8 m       6.2 m 
INFO  19:53:39,493 ProgressMeter -     15:56435073   1100013.0     4.1 m       3.7 m       46.7%     8.8 m       4.7 m 
INFO  19:54:09,495 ProgressMeter -     15:65563339   1400018.0     4.6 m       3.3 m       57.7%     8.0 m       3.4 m 
INFO  19:54:42,064 ProgressMeter -     15:72875677   1600020.0     5.1 m       3.2 m       67.1%     7.7 m       2.5 m 
INFO  19:55:12,787 ProgressMeter -     15:76191834   1800027.0     5.7 m       3.1 m       74.4%     7.6 m     116.0 s 
INFO  19:55:42,789 ProgressMeter -     15:81598306   1900028.0     6.2 m       3.2 m       80.9%     7.6 m      87.0 s 
INFO  19:56:12,792 ProgressMeter -     15:89393005   2000029.0     6.7 m       3.3 m       87.5%     7.6 m      56.0 s 
INFO  19:56:45,554 ProgressMeter -     15:91449332   2200034.0     7.2 m       3.3 m       93.2%     7.7 m      31.0 s 
INFO  19:57:12,325 BaseRecalibrator - Calculating quantized quality scores... 
INFO  19:57:12,395 BaseRecalibrator - Writing recalibration report... 
INFO  19:57:14,936 BaseRecalibrator - ...done! 
INFO  19:57:14,945 BaseRecalibrator - BaseRecalibrator was able to recalibrate 2405444 reads 
INFO  19:57:14,947 ProgressMeter -            done   2405444.0     7.7 m       3.2 m      100.0%     7.7 m       0.0 s 
INFO  19:57:14,956 ProgressMeter - Total runtime 461.68 secs, 7.69 min, 0.13 hours 
INFO  19:57:14,957 MicroScheduler - 687103 reads were filtered out during the traversal out of approximately 3092547 total reads (22.22%) 
INFO  19:57:14,957 MicroScheduler -   -> 0 reads (0.00% of total) failing BadCigarFilter 
INFO  19:57:14,957 MicroScheduler -   -> 474188 reads (15.33% of total) failing DuplicateReadFilter 
INFO  19:57:14,957 MicroScheduler -   -> 0 reads (0.00% of total) failing FailsVendorQualityCheckFilter 
INFO  19:57:14,958 MicroScheduler -   -> 0 reads (0.00% of total) failing MalformedReadFilter 
INFO  19:57:14,958 MicroScheduler -   -> 0 reads (0.00% of total) failing MappingQualityUnavailableFilter 
INFO  19:57:14,962 MicroScheduler -   -> 212588 reads (6.87% of total) failing MappingQualityZeroFilter 
INFO  19:57:14,962 MicroScheduler -   -> 327 reads (0.01% of total) failing NotPrimaryAlignmentFilter 
INFO  19:57:14,962 MicroScheduler -   -> 0 reads (0.00% of total) failing UnmappedReadFilter 
