INFO  14:30:01,568 HelpFormatter - --------------------------------------------------------------------------------- 
INFO  14:30:01,572 HelpFormatter - The Genome Analysis Toolkit (GATK) v3.4-46-g8ea4dca, Compiled 2015/08/13 20:41:56 
INFO  14:30:01,572 HelpFormatter - Copyright (c) 2010 The Broad Institute 
INFO  14:30:01,572 HelpFormatter - For support and documentation go to http://www.broadinstitute.org/gatk 
INFO  14:30:01,576 HelpFormatter - Program Args: -T HaplotypeCaller -I /mnt/sdb/data/broadout/sim1M_pairs_gatk_best_practices_12t_30s_2016-07-25_14-09-52/sim1M_pairs_realign.bam -L /mnt/sdb/Broad_Ref_Pipeline_approved_package/workflow_profiler/.queue/scatterGather/ExampleHaplotypeCaller-1-sg/temp_19_of_36/scatter.intervals -R /mnt/sdb/Broad_Ref_Pipeline_approved_package/b37bundle/human_g1k_v37.fasta -variant_index_type LINEAR -variant_index_parameter 128000 -o /mnt/sdb/Broad_Ref_Pipeline_approved_package/workflow_profiler/.queue/scatterGather/ExampleHaplotypeCaller-1-sg/temp_19_of_36/sim1M_pairs_realign.bam_HaplotypeCaller.g.vcf -ERC GVCF 
INFO  14:30:01,586 HelpFormatter - Executing as bshifaw@application-0-1.hudson.intel.com on Linux 3.10.0-327.el7.x86_64 amd64; OpenJDK 64-Bit Server VM 1.8.0_101-b13. 
INFO  14:30:01,588 HelpFormatter - Date/Time: 2016/07/25 14:30:01 
INFO  14:30:01,588 HelpFormatter - --------------------------------------------------------------------------------- 
INFO  14:30:01,589 HelpFormatter - --------------------------------------------------------------------------------- 
WARN  14:30:01,593 GATKVCFUtils - Naming your output file using the .g.vcf extension will automatically set the appropriate values  for --variant_index_type and --variant_index_parameter 
INFO  14:30:01,707 GenomeAnalysisEngine - Strictness is SILENT 
INFO  14:30:01,831 GenomeAnalysisEngine - Downsampling Settings: Method: BY_SAMPLE, Target Coverage: 500 
INFO  14:30:01,839 SAMDataSource$SAMReaders - Initializing SAMRecords in serial 
INFO  14:30:01,945 SAMDataSource$SAMReaders - Done initializing BAM readers: total time 0.11 
INFO  14:30:01,953 HCMappingQualityFilter - Filtering out reads with MAPQ < 20 
INFO  14:30:02,089 IntervalUtils - Processing 1437965 bp from intervals 
INFO  14:30:02,218 GenomeAnalysisEngine - Preparing for traversal over 1 BAM files 
INFO  14:30:02,424 GenomeAnalysisEngine - Done preparing for traversal 
INFO  14:30:02,424 ProgressMeter - [INITIALIZATION COMPLETE; STARTING PROCESSING] 
INFO  14:30:02,425 ProgressMeter -                 |      processed |    time |         per 1M |           |   total | remaining 
INFO  14:30:02,425 ProgressMeter -        Location | active regions | elapsed | active regions | completed | runtime |   runtime 
INFO  14:30:02,426 HaplotypeCaller - Standard Emitting and Calling confidence set to 0.0 for reference-model confidence output 
INFO  14:30:02,426 HaplotypeCaller - All sites annotated with PLs forced to true for reference-model confidence output 
INFO  14:30:02,632 HaplotypeCaller - Using global mismapping rate of 45 => -4.5 in log10 likelihood units 
Using AVX accelerated implementation of PairHMM
INFO  14:30:06,005 VectorLoglessPairHMM - libVectorLoglessPairHMM unpacked successfully from GATK jar file 
INFO  14:30:06,005 VectorLoglessPairHMM - Using vectorized implementation of PairHMM 
WARN  14:30:06,489 HaplotypeScore - Annotation will not be calculated, must be called from UnifiedGenotyper 
WARN  14:30:06,497 InbreedingCoeff - Annotation will not be calculated, must provide a valid PED file (-ped) from the command line. 
INFO  14:30:32,486 ProgressMeter -    10:102045802     1.40033182E9    30.0 s            0.0 s       63.4%    47.0 s      17.0 s 
INFO  14:30:42,008 VectorLoglessPairHMM - Time spent in setup for JNI call : 2.09568E-4 
INFO  14:30:42,013 PairHMM - Total compute time in PairHMM computeLikelihoods() : 0.0014157170000000001 
INFO  14:30:42,013 HaplotypeCaller - Ran local assembly on 6859 active regions 
INFO  14:30:42,068 ProgressMeter -            done    3.522670182E9    39.0 s            0.0 s      100.0%    39.0 s       0.0 s 
INFO  14:30:42,069 ProgressMeter - Total runtime 39.64 secs, 0.66 min, 0.01 hours 
INFO  14:30:42,069 MicroScheduler - 68 reads were filtered out during the traversal out of approximately 1768 total reads (3.85%) 
INFO  14:30:42,072 MicroScheduler -   -> 0 reads (0.00% of total) failing BadCigarFilter 
INFO  14:30:42,072 MicroScheduler -   -> 0 reads (0.00% of total) failing DuplicateReadFilter 
INFO  14:30:42,072 MicroScheduler -   -> 0 reads (0.00% of total) failing FailsVendorQualityCheckFilter 
INFO  14:30:42,072 MicroScheduler -   -> 67 reads (3.79% of total) failing HCMappingQualityFilter 
INFO  14:30:42,072 MicroScheduler -   -> 0 reads (0.00% of total) failing MalformedReadFilter 
INFO  14:30:42,072 MicroScheduler -   -> 0 reads (0.00% of total) failing MappingQualityUnavailableFilter 
INFO  14:30:42,073 MicroScheduler -   -> 1 reads (0.06% of total) failing NotPrimaryAlignmentFilter 
INFO  14:30:42,073 MicroScheduler -   -> 0 reads (0.00% of total) failing UnmappedReadFilter 
