INFO  20:07:46,753 HelpFormatter - --------------------------------------------------------------------------------- 
INFO  20:07:46,756 HelpFormatter - The Genome Analysis Toolkit (GATK) v3.4-46-g8ea4dca, Compiled 2015/08/13 20:41:56 
INFO  20:07:46,757 HelpFormatter - Copyright (c) 2010 The Broad Institute 
INFO  20:07:46,757 HelpFormatter - For support and documentation go to http://www.broadinstitute.org/gatk 
INFO  20:07:46,763 HelpFormatter - Program Args: -T IndelRealigner -I /home/opt/data/broadout/FC1-NA12878-01_S1_L001_R1_001_gatk_best_practices_36t_30s_2015-11-05_19-14-59/FC1-NA12878-01_S1_L001_R1_001_dupRem.bam -L /home/beris/Broad_Ref_Pipeline_approved_package/workflow_profiler/.queue/scatterGather/ExampleIndelRealigner-1-sg/temp_19_of_36/scatter.intervals -R /home/beris/Broad_Ref_Pipeline_approved_package/homosapiensrefgenome/Homo_sapiens_assembly19.fasta -known /home/beris/Broad_Ref_Pipeline_approved_package/homosapiensrefgenome/Homo_sapiens_assembly19.known_indels.vcf -targetIntervals /home/opt/data/broadout/FC1-NA12878-01_S1_L001_R1_001_gatk_best_practices_36t_30s_2015-11-05_19-14-59/FC1-NA12878-01_S1_L001_R1_001_realn.intervals -o /home/beris/Broad_Ref_Pipeline_approved_package/workflow_profiler/.queue/scatterGather/ExampleIndelRealigner-1-sg/temp_19_of_36/FC1-NA12878-01_S1_L001_R1_001_realign.bam -filterNoBases 
INFO  20:07:46,784 HelpFormatter - Executing as beris@dna on Linux 2.6.32-573.el6.x86_64 amd64; OpenJDK 64-Bit Server VM 1.7.0_79-mockbuild_2015_07_24_09_26-b00. 
INFO  20:07:46,785 HelpFormatter - Date/Time: 2015/11/05 20:07:46 
INFO  20:07:46,785 HelpFormatter - --------------------------------------------------------------------------------- 
INFO  20:07:46,785 HelpFormatter - --------------------------------------------------------------------------------- 
INFO  20:07:46,920 GenomeAnalysisEngine - Strictness is SILENT 
INFO  20:07:47,062 GenomeAnalysisEngine - Downsampling Settings: No downsampling 
INFO  20:07:47,073 SAMDataSource$SAMReaders - Initializing SAMRecords in serial 
INFO  20:07:47,142 SAMDataSource$SAMReaders - Done initializing BAM readers: total time 0.07 
INFO  20:07:47,356 IntervalUtils - Processing 59128983 bp from intervals 
INFO  20:07:47,480 GenomeAnalysisEngine - Preparing for traversal over 1 BAM files 
INFO  20:07:55,551 GenomeAnalysisEngine - Done preparing for traversal 
INFO  20:07:55,552 ProgressMeter - [INITIALIZATION COMPLETE; STARTING PROCESSING] 
INFO  20:07:55,553 ProgressMeter -                 | processed |    time |    per 1M |           |   total | remaining 
INFO  20:07:55,553 ProgressMeter -        Location |     reads | elapsed |     reads | completed | runtime |   runtime 
INFO  20:07:55,803 ReadShardBalancer$1 - Loading BAM index data 
INFO  20:07:56,490 ReadShardBalancer$1 - Done loading BAM index data 
INFO  20:08:25,557 ProgressMeter -       19:613435         0.0    30.0 s      49.6 w        1.0%    48.2 m      47.7 m 
INFO  20:09:04,175 ProgressMeter -     19:22155800    400015.0    68.0 s       2.9 m       37.5%     3.0 m     113.0 s 
INFO  20:09:19,939 ProgressMeter -            done   1220762.0    84.0 s      69.0 s      100.0%    84.0 s       0.0 s 
INFO  20:09:19,940 ProgressMeter - Total runtime 84.39 secs, 1.41 min, 0.02 hours 
INFO  20:09:19,946 MicroScheduler - 1579227 reads were filtered out during the traversal out of approximately 2799989 total reads (56.40%) 
INFO  20:09:19,946 MicroScheduler -   -> 0 reads (0.00% of total) failing BadCigarFilter 
INFO  20:09:19,947 MicroScheduler -   -> 1579227 reads (56.40% of total) failing MalformedReadFilter 
