INFO  17:50:56,192 HelpFormatter - --------------------------------------------------------------------------------- 
INFO  17:50:56,196 HelpFormatter - The Genome Analysis Toolkit (GATK) v3.4-46-g8ea4dca, Compiled 2015/08/13 20:41:56 
INFO  17:50:56,196 HelpFormatter - Copyright (c) 2010 The Broad Institute 
INFO  17:50:56,196 HelpFormatter - For support and documentation go to http://www.broadinstitute.org/gatk 
INFO  17:50:56,199 HelpFormatter - Program Args: -T IndelRealigner -I /mnt/sdb/data/broadout/HG02769_gatk_best_practices_8t_30s_2016-07-25_16-38-44/HG02769_dupRem.bam -L /mnt/sdb/Broad_Ref_Pipeline_approved_package/workflow_profiler/.queue/scatterGather/ExampleIndelRealigner-1-sg/temp_19_of_36/scatter.intervals -R /mnt/sdb/Broad_Ref_Pipeline_approved_package/b37bundle/human_g1k_v37.fasta -known /mnt/sdb/Broad_Ref_Pipeline_approved_package/b37bundle/1000G_phase1.indels.b37.vcf -targetIntervals /mnt/sdb/data/broadout/HG02769_gatk_best_practices_8t_30s_2016-07-25_16-38-44/HG02769_realn.intervals -o /mnt/sdb/Broad_Ref_Pipeline_approved_package/workflow_profiler/.queue/scatterGather/ExampleIndelRealigner-1-sg/temp_19_of_36/HG02769_realign.bam -filterNoBases 
INFO  17:50:56,214 HelpFormatter - Executing as bshifaw@application-0-1.hudson.intel.com on Linux 3.10.0-327.el7.x86_64 amd64; OpenJDK 64-Bit Server VM 1.8.0_101-b13. 
INFO  17:50:56,215 HelpFormatter - Date/Time: 2016/07/25 17:50:56 
INFO  17:50:56,215 HelpFormatter - --------------------------------------------------------------------------------- 
INFO  17:50:56,215 HelpFormatter - --------------------------------------------------------------------------------- 
INFO  17:50:56,841 GenomeAnalysisEngine - Strictness is SILENT 
INFO  17:50:57,131 GenomeAnalysisEngine - Downsampling Settings: No downsampling 
INFO  17:50:57,171 SAMDataSource$SAMReaders - Initializing SAMRecords in serial 
INFO  17:50:57,339 SAMDataSource$SAMReaders - Done initializing BAM readers: total time 0.15 
INFO  17:50:57,630 IntervalUtils - Processing 59128983 bp from intervals 
INFO  17:50:57,848 GenomeAnalysisEngine - Preparing for traversal over 1 BAM files 
INFO  17:50:58,301 GenomeAnalysisEngine - Done preparing for traversal 
INFO  17:50:58,302 ProgressMeter - [INITIALIZATION COMPLETE; STARTING PROCESSING] 
INFO  17:50:58,305 ProgressMeter -                 | processed |    time |    per 1M |           |   total | remaining 
INFO  17:50:58,305 ProgressMeter -        Location |     reads | elapsed |     reads | completed | runtime |   runtime 
INFO  17:50:58,838 ReadShardBalancer$1 - Loading BAM index data 
INFO  17:50:59,538 ReadShardBalancer$1 - Done loading BAM index data 
INFO  17:51:28,704 ProgressMeter -      19:1031074         0.0    30.0 s      50.3 w        1.7%    28.7 m      28.2 m 
INFO  17:51:58,707 ProgressMeter -      19:6903911    600015.0    60.0 s     100.0 s       11.7%     8.6 m       7.6 m 
INFO  17:52:28,711 ProgressMeter -      19:8993464    800039.0    90.0 s     113.0 s       15.2%     9.9 m       8.4 m 
INFO  17:52:59,120 ProgressMeter -     19:10096505   1000045.0   120.0 s     120.0 s       17.1%    11.7 m       9.7 m 
INFO  17:53:29,121 ProgressMeter -     19:11285244   1200049.0     2.5 m       2.1 m       19.1%    13.1 m      10.6 m 
INFO  17:53:59,122 ProgressMeter -     19:15233624   1700062.0     3.0 m     106.0 s       25.8%    11.6 m       8.6 m 
INFO  17:54:29,123 ProgressMeter -     19:18377990   2100071.0     3.5 m     100.0 s       31.1%    11.3 m       7.8 m 
INFO  17:54:59,584 ProgressMeter -     19:33585160   2500082.0     4.0 m      96.0 s       56.8%     7.1 m       3.1 m 
INFO  17:55:29,585 ProgressMeter -     19:39867362   3100099.0     4.5 m      87.0 s       67.4%     6.7 m       2.2 m 
INFO  17:55:59,587 ProgressMeter -     19:45391402   3900113.0     5.0 m      77.0 s       76.8%     6.5 m      91.0 s 
INFO  17:56:29,587 ProgressMeter -     19:54074932   5000139.0     5.5 m      66.0 s       91.5%     6.0 m      30.0 s 
INFO  17:56:44,914 ProgressMeter -            done   5788507.0     5.8 m      59.0 s      100.0%     5.8 m       0.0 s 
INFO  17:56:44,914 ProgressMeter - Total runtime 346.61 secs, 5.78 min, 0.10 hours 
INFO  17:56:44,919 MicroScheduler - 95428 reads were filtered out during the traversal out of approximately 5883935 total reads (1.62%) 
INFO  17:56:44,920 MicroScheduler -   -> 0 reads (0.00% of total) failing BadCigarFilter 
INFO  17:56:44,920 MicroScheduler -   -> 95428 reads (1.62% of total) failing MalformedReadFilter 
