INFO  19:29:14,250 HelpFormatter - --------------------------------------------------------------------------------- 
INFO  19:29:14,261 HelpFormatter - The Genome Analysis Toolkit (GATK) v3.4-46-g8ea4dca, Compiled 2015/08/13 20:41:56 
INFO  19:29:14,261 HelpFormatter - Copyright (c) 2010 The Broad Institute 
INFO  19:29:14,261 HelpFormatter - For support and documentation go to http://www.broadinstitute.org/gatk 
INFO  19:29:14,265 HelpFormatter - Program Args: -T IndelRealigner -I /mnt/nvme0n1/data/broadout/HG02571_gatk_best_practices_8t_30s_2016-07-06_18-21-01/HG02571_dupRem.bam -L /mnt/nvme0n1/Broad_Ref_Pipeline_approved_package/workflow_profiler/.queue/scatterGather/ExampleIndelRealigner-1-sg/temp_19_of_36/scatter.intervals -R /mnt/nvme0n1/Broad_Ref_Pipeline_approved_package/b37bundle/human_g1k_v37.fasta -known /mnt/nvme0n1/Broad_Ref_Pipeline_approved_package/b37bundle/1000G_phase1.indels.b37.vcf -targetIntervals /mnt/nvme0n1/data/broadout/HG02571_gatk_best_practices_8t_30s_2016-07-06_18-21-01/HG02571_realn.intervals -o /mnt/nvme0n1/Broad_Ref_Pipeline_approved_package/workflow_profiler/.queue/scatterGather/ExampleIndelRealigner-1-sg/temp_19_of_36/HG02571_realign.bam -filterNoBases 
INFO  19:29:14,277 HelpFormatter - Executing as bshifaw@application-1-1.hudson.intel.com on Linux 3.10.0-327.el7.x86_64 amd64; OpenJDK 64-Bit Server VM 1.8.0_91-b14. 
INFO  19:29:14,277 HelpFormatter - Date/Time: 2016/07/06 19:29:14 
INFO  19:29:14,278 HelpFormatter - --------------------------------------------------------------------------------- 
INFO  19:29:14,278 HelpFormatter - --------------------------------------------------------------------------------- 
INFO  19:29:15,017 GenomeAnalysisEngine - Strictness is SILENT 
INFO  19:29:15,409 GenomeAnalysisEngine - Downsampling Settings: No downsampling 
INFO  19:29:15,419 SAMDataSource$SAMReaders - Initializing SAMRecords in serial 
INFO  19:29:15,597 SAMDataSource$SAMReaders - Done initializing BAM readers: total time 0.18 
INFO  19:29:16,021 IntervalUtils - Processing 59128983 bp from intervals 
INFO  19:29:16,404 GenomeAnalysisEngine - Preparing for traversal over 1 BAM files 
INFO  19:29:17,059 GenomeAnalysisEngine - Done preparing for traversal 
INFO  19:29:17,059 ProgressMeter - [INITIALIZATION COMPLETE; STARTING PROCESSING] 
INFO  19:29:17,059 ProgressMeter -                 | processed |    time |    per 1M |           |   total | remaining 
INFO  19:29:17,074 ProgressMeter -        Location |     reads | elapsed |     reads | completed | runtime |   runtime 
INFO  19:29:17,326 ReadShardBalancer$1 - Loading BAM index data 
INFO  19:29:17,854 ReadShardBalancer$1 - Done loading BAM index data 
INFO  19:29:47,160 ProgressMeter -       19:881748         0.0    30.0 s      49.8 w        1.5%    33.5 m      33.0 m 
INFO  19:30:18,959 ProgressMeter -      19:5215650    400015.0    61.0 s       2.6 m        8.8%    11.5 m      10.5 m 
INFO  19:30:50,620 ProgressMeter -      19:9082547   1000024.0    93.0 s      93.0 s       15.4%    10.1 m       8.5 m 
INFO  19:31:20,785 ProgressMeter -     19:14569183   1600043.0     2.1 m      77.0 s       24.6%     8.3 m       6.3 m 
INFO  19:31:50,786 ProgressMeter -     19:20959304   2300056.0     2.6 m      66.0 s       35.4%     7.2 m       4.6 m 
INFO  19:32:30,787 ProgressMeter -     19:43382197   3600102.0     3.2 m      53.0 s       73.4%     4.4 m      70.0 s 
INFO  19:33:00,788 ProgressMeter -     19:54234361   5000147.0     3.7 m      44.0 s       91.7%     4.1 m      20.0 s 
INFO  19:33:10,399 ProgressMeter -            done   5725830.0     3.9 m      40.0 s      100.0%     3.9 m       0.0 s 
INFO  19:33:10,399 ProgressMeter - Total runtime 233.34 secs, 3.89 min, 0.06 hours 
INFO  19:33:10,402 MicroScheduler - 86539 reads were filtered out during the traversal out of approximately 5812369 total reads (1.49%) 
INFO  19:33:10,402 MicroScheduler -   -> 0 reads (0.00% of total) failing BadCigarFilter 
INFO  19:33:10,403 MicroScheduler -   -> 86539 reads (1.49% of total) failing MalformedReadFilter 
