INFO  17:41:17,287 HelpFormatter - --------------------------------------------------------------------------------- 
INFO  17:41:17,289 HelpFormatter - The Genome Analysis Toolkit (GATK) v3.4-46-g8ea4dca, Compiled 2015/08/13 20:41:56 
INFO  17:41:17,289 HelpFormatter - Copyright (c) 2010 The Broad Institute 
INFO  17:41:17,289 HelpFormatter - For support and documentation go to http://www.broadinstitute.org/gatk 
INFO  17:41:17,293 HelpFormatter - Program Args: -T PrintReads -I /home/opt/data/broadout/FC1-NA12878-01_S1_L001_gatk_best_practices_36t_30s_2015-11-10_16-39-49/FC1-NA12878-01_S1_L001_realign.bam -L /home/beris/Broad_Ref_Pipeline_approved_package/workflow_profiler/.queue/scatterGather/ExamplePrintReads-1-sg/temp_03_of_36/scatter.intervals -R /home/beris/Broad_Ref_Pipeline_approved_package/homosapiensrefgenome/Homo_sapiens_assembly19.fasta -BQSR /home/opt/data/broadout/FC1-NA12878-01_S1_L001_gatk_best_practices_36t_30s_2015-11-10_16-39-49/FC1-NA12878-01_S1_L001_recal.grp -o /home/beris/Broad_Ref_Pipeline_approved_package/workflow_profiler/.queue/scatterGather/ExamplePrintReads-1-sg/temp_03_of_36/FC1-NA12878-01_S1_L001_final.bam 
INFO  17:41:17,316 HelpFormatter - Executing as beris@dna on Linux 2.6.32-573.el6.x86_64 amd64; OpenJDK 64-Bit Server VM 1.7.0_79-mockbuild_2015_07_24_09_26-b00. 
INFO  17:41:17,316 HelpFormatter - Date/Time: 2015/11/10 17:41:17 
INFO  17:41:17,316 HelpFormatter - --------------------------------------------------------------------------------- 
INFO  17:41:17,316 HelpFormatter - --------------------------------------------------------------------------------- 
INFO  17:41:17,407 GenomeAnalysisEngine - Strictness is SILENT 
INFO  17:41:18,463 ContextCovariate - 		Context sizes: base substitution model 2, indel substitution model 3 
INFO  17:41:18,522 GenomeAnalysisEngine - Downsampling Settings: No downsampling 
INFO  17:41:18,532 SAMDataSource$SAMReaders - Initializing SAMRecords in serial 
INFO  17:41:18,613 SAMDataSource$SAMReaders - Done initializing BAM readers: total time 0.08 
INFO  17:41:18,679 IntervalUtils - Processing 198022430 bp from intervals 
INFO  17:41:18,761 GenomeAnalysisEngine - Preparing for traversal over 1 BAM files 
INFO  17:41:19,506 GenomeAnalysisEngine - Done preparing for traversal 
INFO  17:41:19,510 ProgressMeter - [INITIALIZATION COMPLETE; STARTING PROCESSING] 
INFO  17:41:19,511 ProgressMeter -                 | processed |    time |    per 1M |           |   total | remaining 
INFO  17:41:19,511 ProgressMeter -        Location |     reads | elapsed |     reads | completed | runtime |   runtime 
INFO  17:41:19,558 ReadShardBalancer$1 - Loading BAM index data 
INFO  17:41:20,671 ReadShardBalancer$1 - Done loading BAM index data 
INFO  17:41:49,559 ProgressMeter -      3:36155964    200002.0    30.0 s       2.5 m       18.3%     2.7 m       2.2 m 
INFO  17:42:19,587 ProgressMeter -      3:52838877    500008.0    60.0 s     120.0 s       26.7%     3.7 m       2.7 m 
INFO  17:42:49,588 ProgressMeter -     3:100630714    800024.0    90.0 s     112.0 s       50.8%     3.0 m      87.0 s 
INFO  17:43:19,589 ProgressMeter -     3:130536963   1200029.0   120.0 s     100.0 s       65.9%     3.0 m      62.0 s 
INFO  17:43:49,690 ProgressMeter -     3:169526604   1500033.0     2.5 m     100.0 s       85.6%     2.9 m      25.0 s 
INFO  17:44:12,594 Walker - [REDUCE RESULT] Traversal result is: org.broadinstitute.gatk.engine.io.stubs.SAMFileWriterStub@4248d35a 
INFO  17:44:12,757 ProgressMeter -            done   1842905.0     2.9 m      94.0 s      100.0%     2.9 m       0.0 s 
INFO  17:44:12,758 ProgressMeter - Total runtime 173.25 secs, 2.89 min, 0.05 hours 
INFO  17:44:12,759 MicroScheduler - 0 reads were filtered out during the traversal out of approximately 1842905 total reads (0.00%) 
INFO  17:44:12,759 MicroScheduler -   -> 0 reads (0.00% of total) failing BadCigarFilter 
INFO  17:44:12,760 MicroScheduler -   -> 0 reads (0.00% of total) failing MalformedReadFilter 
