INFO  17:06:47,743 HelpFormatter - --------------------------------------------------------------------------------- 
INFO  17:06:47,756 HelpFormatter - The Genome Analysis Toolkit (GATK) v3.4-46-g8ea4dca, Compiled 2015/08/13 20:41:56 
INFO  17:06:47,756 HelpFormatter - Copyright (c) 2010 The Broad Institute 
INFO  17:06:47,756 HelpFormatter - For support and documentation go to http://www.broadinstitute.org/gatk 
INFO  17:06:47,760 HelpFormatter - Program Args: -T PrintReads -I /cluster_share/data/out/HG02769_gatk_best_practices_36t_30s_2016-11-28_15-18-37/HG02769_realign.bam -L /cluster_share/data/Broad_Ref_Pipeline_approved_package/workflow_profiler/.queue/scatterGather/ExamplePrintReads-1-sg/temp_03_of_36/scatter.intervals -R /cluster_share/data/reference/b37bundle/human_g1k_v37.fasta -BQSR /cluster_share/data/out/HG02769_gatk_best_practices_36t_30s_2016-11-28_15-18-37/HG02769_recal.grp -o /cluster_share/data/Broad_Ref_Pipeline_approved_package/workflow_profiler/.queue/scatterGather/ExamplePrintReads-1-sg/temp_03_of_36/HG02769_final.bam 
INFO  17:06:47,773 HelpFormatter - Executing as bshifaw@compute-1-1.hudson.intel.com on Linux 3.10.0-327.13.1.el7.x86_64 amd64; OpenJDK 64-Bit Server VM 1.8.0_111-b15. 
INFO  17:06:47,773 HelpFormatter - Date/Time: 2016/11/28 17:06:47 
INFO  17:06:47,774 HelpFormatter - --------------------------------------------------------------------------------- 
INFO  17:06:47,774 HelpFormatter - --------------------------------------------------------------------------------- 
INFO  17:06:47,937 GenomeAnalysisEngine - Strictness is SILENT 
INFO  17:06:49,125 ContextCovariate - 		Context sizes: base substitution model 2, indel substitution model 3 
INFO  17:06:49,240 GenomeAnalysisEngine - Downsampling Settings: No downsampling 
INFO  17:06:49,261 SAMDataSource$SAMReaders - Initializing SAMRecords in serial 
INFO  17:06:49,361 SAMDataSource$SAMReaders - Done initializing BAM readers: total time 0.10 
INFO  17:06:49,399 IntervalUtils - Processing 198022430 bp from intervals 
INFO  17:06:49,597 GenomeAnalysisEngine - Preparing for traversal over 1 BAM files 
INFO  17:06:50,683 GenomeAnalysisEngine - Done preparing for traversal 
INFO  17:06:50,684 ProgressMeter - [INITIALIZATION COMPLETE; STARTING PROCESSING] 
INFO  17:06:50,684 ProgressMeter -                 | processed |    time |    per 1M |           |   total | remaining 
INFO  17:06:50,684 ProgressMeter -        Location |     reads | elapsed |     reads | completed | runtime |   runtime 
INFO  17:06:50,733 ReadShardBalancer$1 - Loading BAM index data 
INFO  17:06:51,645 ReadShardBalancer$1 - Done loading BAM index data 
INFO  17:07:20,734 ProgressMeter -      3:12447540    300004.0    30.0 s     100.0 s        6.3%     8.0 m       7.5 m 
INFO  17:07:50,737 ProgressMeter -      3:37340357    800013.0    60.0 s      75.0 s       18.9%     5.3 m       4.3 m 
INFO  17:08:20,739 ProgressMeter -      3:47278003   1400021.0    90.0 s      64.0 s       23.9%     6.3 m       4.8 m 
INFO  17:08:50,742 ProgressMeter -      3:50683663   1900035.0   120.0 s      63.0 s       25.6%     7.8 m       5.8 m 
INFO  17:09:20,744 ProgressMeter -      3:63645494   2500049.0     2.5 m      60.0 s       32.1%     7.8 m       5.3 m 
INFO  17:09:50,776 ProgressMeter -     3:108343401   3000062.0     3.0 m      60.0 s       54.7%     5.5 m       2.5 m 
INFO  17:10:20,778 ProgressMeter -     3:124376333   3600083.0     3.5 m      58.0 s       62.8%     5.6 m       2.1 m 
INFO  17:10:50,779 ProgressMeter -     3:138382782   4200096.0     4.0 m      57.0 s       69.9%     5.7 m     103.0 s 
INFO  17:11:21,525 ProgressMeter -     3:170201399   4800107.0     4.5 m      56.0 s       86.0%     5.2 m      44.0 s 
INFO  17:11:51,527 ProgressMeter -     3:194062607   5400120.0     5.0 m      55.0 s       98.0%     5.1 m       6.0 s 
INFO  17:12:00,624 Walker - [REDUCE RESULT] Traversal result is: org.broadinstitute.gatk.engine.io.stubs.SAMFileWriterStub@2a6e54c2 
INFO  17:12:01,045 ProgressMeter -            done   5679808.0     5.2 m      54.0 s      100.0%     5.2 m       0.0 s 
INFO  17:12:01,046 ProgressMeter - Total runtime 310.36 secs, 5.17 min, 0.09 hours 
INFO  17:12:01,046 MicroScheduler - 0 reads were filtered out during the traversal out of approximately 5679808 total reads (0.00%) 
INFO  17:12:01,047 MicroScheduler -   -> 0 reads (0.00% of total) failing BadCigarFilter 
INFO  17:12:01,047 MicroScheduler -   -> 0 reads (0.00% of total) failing MalformedReadFilter 
