INFO  17:50:46,861 HelpFormatter - --------------------------------------------------------------------------------- 
INFO  17:50:46,864 HelpFormatter - The Genome Analysis Toolkit (GATK) v3.4-46-g8ea4dca, Compiled 2015/08/13 20:41:56 
INFO  17:50:46,865 HelpFormatter - Copyright (c) 2010 The Broad Institute 
INFO  17:50:46,865 HelpFormatter - For support and documentation go to http://www.broadinstitute.org/gatk 
INFO  17:50:46,869 HelpFormatter - Program Args: -T IndelRealigner -I /mnt/sdb/data/broadout/HG02769_gatk_best_practices_8t_30s_2016-07-25_16-38-44/HG02769_dupRem.bam -L /mnt/sdb/Broad_Ref_Pipeline_approved_package/workflow_profiler/.queue/scatterGather/ExampleIndelRealigner-1-sg/temp_05_of_36/scatter.intervals -R /mnt/sdb/Broad_Ref_Pipeline_approved_package/b37bundle/human_g1k_v37.fasta -known /mnt/sdb/Broad_Ref_Pipeline_approved_package/b37bundle/1000G_phase1.indels.b37.vcf -targetIntervals /mnt/sdb/data/broadout/HG02769_gatk_best_practices_8t_30s_2016-07-25_16-38-44/HG02769_realn.intervals -o /mnt/sdb/Broad_Ref_Pipeline_approved_package/workflow_profiler/.queue/scatterGather/ExampleIndelRealigner-1-sg/temp_05_of_36/HG02769_realign.bam -filterNoBases 
INFO  17:50:46,911 HelpFormatter - Executing as bshifaw@application-0-1.hudson.intel.com on Linux 3.10.0-327.el7.x86_64 amd64; OpenJDK 64-Bit Server VM 1.8.0_101-b13. 
INFO  17:50:46,911 HelpFormatter - Date/Time: 2016/07/25 17:50:46 
INFO  17:50:46,911 HelpFormatter - --------------------------------------------------------------------------------- 
INFO  17:50:46,913 HelpFormatter - --------------------------------------------------------------------------------- 
INFO  17:50:47,152 GenomeAnalysisEngine - Strictness is SILENT 
INFO  17:50:47,315 GenomeAnalysisEngine - Downsampling Settings: No downsampling 
INFO  17:50:47,323 SAMDataSource$SAMReaders - Initializing SAMRecords in serial 
INFO  17:50:47,378 SAMDataSource$SAMReaders - Done initializing BAM readers: total time 0.04 
INFO  17:50:48,321 IntervalUtils - Processing 180915260 bp from intervals 
INFO  17:50:48,523 GenomeAnalysisEngine - Preparing for traversal over 1 BAM files 
INFO  17:50:49,184 GenomeAnalysisEngine - Done preparing for traversal 
INFO  17:50:49,185 ProgressMeter - [INITIALIZATION COMPLETE; STARTING PROCESSING] 
INFO  17:50:49,185 ProgressMeter -                 | processed |    time |    per 1M |           |   total | remaining 
INFO  17:50:49,185 ProgressMeter -        Location |     reads | elapsed |     reads | completed | runtime |   runtime 
INFO  17:50:49,588 ReadShardBalancer$1 - Loading BAM index data 
INFO  17:50:51,137 ReadShardBalancer$1 - Done loading BAM index data 
INFO  17:51:19,422 ProgressMeter -       5:6748678    100001.0    30.0 s       5.0 m        3.7%    13.4 m      12.9 m 
INFO  17:51:49,475 ProgressMeter -      5:38438484    600010.0    60.0 s     100.0 s       21.2%     4.7 m       3.7 m 
INFO  17:52:26,138 ProgressMeter -      5:56181885    900016.0    96.0 s     107.0 s       31.1%     5.2 m       3.6 m 
INFO  17:52:56,148 ProgressMeter -      5:68660762   1100019.0     2.1 m     115.0 s       38.0%     5.5 m       3.4 m 
INFO  17:53:26,890 ProgressMeter -      5:75596631   1400032.0     2.6 m     112.0 s       41.8%     6.3 m       3.6 m 
INFO  17:53:57,096 ProgressMeter -      5:99724716   1900048.0     3.1 m      98.0 s       55.1%     5.7 m       2.5 m 
INFO  17:54:28,725 ProgressMeter -     5:131324618   2400056.0     3.7 m      91.0 s       72.6%     5.0 m      82.0 s 
INFO  17:55:08,726 ProgressMeter -     5:140593857   3100078.0     4.3 m      83.0 s       77.7%     5.6 m      74.0 s 
INFO  17:55:38,727 ProgressMeter -     5:156608216   3800094.0     4.8 m      76.0 s       86.6%     5.6 m      44.0 s 
INFO  17:56:07,512 ProgressMeter -            done   4626744.0     5.3 m      68.0 s      100.0%     5.3 m       0.0 s 
INFO  17:56:07,513 ProgressMeter - Total runtime 318.33 secs, 5.31 min, 0.09 hours 
INFO  17:56:07,516 MicroScheduler - 127894 reads were filtered out during the traversal out of approximately 4754638 total reads (2.69%) 
INFO  17:56:07,516 MicroScheduler -   -> 0 reads (0.00% of total) failing BadCigarFilter 
INFO  17:56:07,517 MicroScheduler -   -> 127894 reads (2.69% of total) failing MalformedReadFilter 
