INFO  19:35:10,779 HelpFormatter - --------------------------------------------------------------------------------- 
INFO  19:35:10,793 HelpFormatter - The Genome Analysis Toolkit (GATK) v3.4-46-g8ea4dca, Compiled 2015/08/13 20:41:56 
INFO  19:35:10,794 HelpFormatter - Copyright (c) 2010 The Broad Institute 
INFO  19:35:10,794 HelpFormatter - For support and documentation go to http://www.broadinstitute.org/gatk 
INFO  19:35:10,797 HelpFormatter - Program Args: -T IndelRealigner -I /mnt/nvme0n1/data/broadout/HG02771_gatk_best_practices_8t_30s_2016-07-06_18-21-02/HG02771_dupRem.bam -L /mnt/nvme0n1/Broad_Ref_Pipeline_approved_package/workflow_profiler/.queue/scatterGather/ExampleIndelRealigner-1-sg/temp_05_of_36/scatter.intervals -R /mnt/nvme0n1/Broad_Ref_Pipeline_approved_package/b37bundle/human_g1k_v37.fasta -known /mnt/nvme0n1/Broad_Ref_Pipeline_approved_package/b37bundle/1000G_phase1.indels.b37.vcf -targetIntervals /mnt/nvme0n1/data/broadout/HG02771_gatk_best_practices_8t_30s_2016-07-06_18-21-02/HG02771_realn.intervals -o /mnt/nvme0n1/Broad_Ref_Pipeline_approved_package/workflow_profiler/.queue/scatterGather/ExampleIndelRealigner-1-sg/temp_05_of_36/HG02771_realign.bam -filterNoBases 
INFO  19:35:10,804 HelpFormatter - Executing as bshifaw@application-1-1.hudson.intel.com on Linux 3.10.0-327.el7.x86_64 amd64; OpenJDK 64-Bit Server VM 1.8.0_91-b14. 
INFO  19:35:10,805 HelpFormatter - Date/Time: 2016/07/06 19:35:10 
INFO  19:35:10,805 HelpFormatter - --------------------------------------------------------------------------------- 
INFO  19:35:10,805 HelpFormatter - --------------------------------------------------------------------------------- 
INFO  19:35:10,963 GenomeAnalysisEngine - Strictness is SILENT 
INFO  19:35:11,136 GenomeAnalysisEngine - Downsampling Settings: No downsampling 
INFO  19:35:11,154 SAMDataSource$SAMReaders - Initializing SAMRecords in serial 
INFO  19:35:11,215 SAMDataSource$SAMReaders - Done initializing BAM readers: total time 0.06 
INFO  19:35:11,470 IntervalUtils - Processing 180915260 bp from intervals 
INFO  19:35:11,584 GenomeAnalysisEngine - Preparing for traversal over 1 BAM files 
INFO  19:35:11,973 GenomeAnalysisEngine - Done preparing for traversal 
INFO  19:35:11,974 ProgressMeter - [INITIALIZATION COMPLETE; STARTING PROCESSING] 
INFO  19:35:11,974 ProgressMeter -                 | processed |    time |    per 1M |           |   total | remaining 
INFO  19:35:11,974 ProgressMeter -        Location |     reads | elapsed |     reads | completed | runtime |   runtime 
INFO  19:35:12,287 ReadShardBalancer$1 - Loading BAM index data 
INFO  19:35:12,910 ReadShardBalancer$1 - Done loading BAM index data 
INFO  19:35:41,999 ProgressMeter -      5:45695952    800013.0    30.0 s      37.0 s       25.3%   118.0 s      88.0 s 
INFO  19:36:12,328 ProgressMeter -     5:132228026   2500055.0    60.0 s      24.0 s       73.1%    82.0 s      22.0 s 
INFO  19:36:42,330 ProgressMeter -     5:177675191   4500100.0    90.0 s      20.0 s       98.2%    91.0 s       1.0 s 
INFO  19:36:44,503 ProgressMeter -            done   4717495.0    92.0 s      19.0 s      100.0%    92.0 s       0.0 s 
INFO  19:36:44,504 ProgressMeter - Total runtime 92.53 secs, 1.54 min, 0.03 hours 
INFO  19:36:44,509 MicroScheduler - 148113 reads were filtered out during the traversal out of approximately 4865608 total reads (3.04%) 
INFO  19:36:44,510 MicroScheduler -   -> 0 reads (0.00% of total) failing BadCigarFilter 
INFO  19:36:44,510 MicroScheduler -   -> 148113 reads (3.04% of total) failing MalformedReadFilter 
