INFO  19:29:00,932 HelpFormatter - --------------------------------------------------------------------------------- 
INFO  19:29:00,934 HelpFormatter - The Genome Analysis Toolkit (GATK) v3.4-46-g8ea4dca, Compiled 2015/08/13 20:41:56 
INFO  19:29:00,934 HelpFormatter - Copyright (c) 2010 The Broad Institute 
INFO  19:29:00,935 HelpFormatter - For support and documentation go to http://www.broadinstitute.org/gatk 
INFO  19:29:01,197 HelpFormatter - Program Args: -T IndelRealigner -I /mnt/nvme0n1/data/broadout/HG02571_gatk_best_practices_8t_30s_2016-07-06_18-21-01/HG02571_dupRem.bam -L /mnt/nvme0n1/Broad_Ref_Pipeline_approved_package/workflow_profiler/.queue/scatterGather/ExampleIndelRealigner-1-sg/temp_05_of_36/scatter.intervals -R /mnt/nvme0n1/Broad_Ref_Pipeline_approved_package/b37bundle/human_g1k_v37.fasta -known /mnt/nvme0n1/Broad_Ref_Pipeline_approved_package/b37bundle/1000G_phase1.indels.b37.vcf -targetIntervals /mnt/nvme0n1/data/broadout/HG02571_gatk_best_practices_8t_30s_2016-07-06_18-21-01/HG02571_realn.intervals -o /mnt/nvme0n1/Broad_Ref_Pipeline_approved_package/workflow_profiler/.queue/scatterGather/ExampleIndelRealigner-1-sg/temp_05_of_36/HG02571_realign.bam -filterNoBases 
INFO  19:29:01,205 HelpFormatter - Executing as bshifaw@application-1-1.hudson.intel.com on Linux 3.10.0-327.el7.x86_64 amd64; OpenJDK 64-Bit Server VM 1.8.0_91-b14. 
INFO  19:29:01,205 HelpFormatter - Date/Time: 2016/07/06 19:29:00 
INFO  19:29:01,205 HelpFormatter - --------------------------------------------------------------------------------- 
INFO  19:29:01,206 HelpFormatter - --------------------------------------------------------------------------------- 
INFO  19:29:03,627 GenomeAnalysisEngine - Strictness is SILENT 
INFO  19:29:03,789 GenomeAnalysisEngine - Downsampling Settings: No downsampling 
INFO  19:29:03,796 SAMDataSource$SAMReaders - Initializing SAMRecords in serial 
INFO  19:29:03,870 SAMDataSource$SAMReaders - Done initializing BAM readers: total time 0.07 
INFO  19:29:05,214 IntervalUtils - Processing 180915260 bp from intervals 
INFO  19:29:05,345 GenomeAnalysisEngine - Preparing for traversal over 1 BAM files 
INFO  19:29:06,712 GenomeAnalysisEngine - Done preparing for traversal 
INFO  19:29:06,714 ProgressMeter - [INITIALIZATION COMPLETE; STARTING PROCESSING] 
INFO  19:29:06,715 ProgressMeter -                 | processed |    time |    per 1M |           |   total | remaining 
INFO  19:29:06,716 ProgressMeter -        Location |     reads | elapsed |     reads | completed | runtime |   runtime 
INFO  19:29:07,567 ReadShardBalancer$1 - Loading BAM index data 
INFO  19:29:09,300 ReadShardBalancer$1 - Done loading BAM index data 
INFO  19:29:38,844 ProgressMeter -       5:7288561    100002.0    32.0 s       5.4 m        4.0%    13.2 m      12.7 m 
INFO  19:30:09,029 ProgressMeter -      5:33588827    400009.0    62.0 s       2.6 m       18.6%     5.6 m       4.5 m 
INFO  19:30:39,030 ProgressMeter -      5:54275038    900015.0    92.0 s     102.0 s       30.0%     5.1 m       3.6 m 
INFO  19:31:10,132 ProgressMeter -      5:71524310   1300026.0     2.1 m      94.0 s       39.5%     5.2 m       3.1 m 
INFO  19:31:43,316 ProgressMeter -      5:98221425   1900050.0     2.6 m      82.0 s       54.3%     4.8 m       2.2 m 
INFO  19:32:13,317 ProgressMeter -     5:137802376   2700085.0     3.1 m      69.0 s       76.2%     4.1 m      58.0 s 
INFO  19:32:43,318 ProgressMeter -     5:154396302   3700125.0     3.6 m      58.0 s       85.3%     4.2 m      37.0 s 
INFO  19:32:59,820 ProgressMeter -            done   4618826.0     3.9 m      50.0 s      100.0%     3.9 m       0.0 s 
INFO  19:32:59,821 ProgressMeter - Total runtime 233.11 secs, 3.89 min, 0.06 hours 
INFO  19:32:59,829 MicroScheduler - 122738 reads were filtered out during the traversal out of approximately 4741564 total reads (2.59%) 
INFO  19:32:59,830 MicroScheduler -   -> 0 reads (0.00% of total) failing BadCigarFilter 
INFO  19:32:59,830 MicroScheduler -   -> 122738 reads (2.59% of total) failing MalformedReadFilter 
