INFO  20:39:39,384 HelpFormatter - --------------------------------------------------------------------------------- 
INFO  20:39:39,386 HelpFormatter - The Genome Analysis Toolkit (GATK) v3.4-46-g8ea4dca, Compiled 2015/08/13 20:41:56 
INFO  20:39:39,386 HelpFormatter - Copyright (c) 2010 The Broad Institute 
INFO  20:39:39,386 HelpFormatter - For support and documentation go to http://www.broadinstitute.org/gatk 
INFO  20:39:39,389 HelpFormatter - Program Args: -T HaplotypeCaller -I /home/opt/data/broadout/FC1-NA12878-01_S1_L001_R1_001_gatk_best_practices_36t_30s_2015-11-05_19-14-59/FC1-NA12878-01_S1_L001_R1_001_realign.bam -L /home/beris/Broad_Ref_Pipeline_approved_package/workflow_profiler/.queue/scatterGather/ExampleHaplotypeCaller-1-sg/temp_32_of_36/scatter.intervals -R /home/beris/Broad_Ref_Pipeline_approved_package/homosapiensrefgenome/Homo_sapiens_assembly19.fasta -variant_index_type LINEAR -variant_index_parameter 128000 -o /home/beris/Broad_Ref_Pipeline_approved_package/workflow_profiler/.queue/scatterGather/ExampleHaplotypeCaller-1-sg/temp_32_of_36/FC1-NA12878-01_S1_L001_R1_001_realign.bam_HaplotypeCaller.g.vcf -ERC GVCF 
INFO  20:39:39,396 HelpFormatter - Executing as beris@dna on Linux 2.6.32-573.el6.x86_64 amd64; OpenJDK 64-Bit Server VM 1.7.0_79-mockbuild_2015_07_24_09_26-b00. 
INFO  20:39:39,397 HelpFormatter - Date/Time: 2015/11/05 20:39:39 
INFO  20:39:39,397 HelpFormatter - --------------------------------------------------------------------------------- 
INFO  20:39:39,397 HelpFormatter - --------------------------------------------------------------------------------- 
WARN  20:39:39,428 GATKVCFUtils - Naming your output file using the .g.vcf extension will automatically set the appropriate values  for --variant_index_type and --variant_index_parameter 
INFO  20:39:39,583 GenomeAnalysisEngine - Strictness is SILENT 
INFO  20:39:39,735 GenomeAnalysisEngine - Downsampling Settings: Method: BY_SAMPLE, Target Coverage: 500 
INFO  20:39:39,745 SAMDataSource$SAMReaders - Initializing SAMRecords in serial 
INFO  20:39:39,791 SAMDataSource$SAMReaders - Done initializing BAM readers: total time 0.04 
INFO  20:39:39,799 HCMappingQualityFilter - Filtering out reads with MAPQ < 20 
INFO  20:39:39,984 IntervalUtils - Processing 1017715 bp from intervals 
INFO  20:39:40,077 GenomeAnalysisEngine - Preparing for traversal over 1 BAM files 
INFO  20:39:40,359 GenomeAnalysisEngine - Done preparing for traversal 
INFO  20:39:40,359 ProgressMeter - [INITIALIZATION COMPLETE; STARTING PROCESSING] 
INFO  20:39:40,360 ProgressMeter -                 |      processed |    time |         per 1M |           |   total | remaining 
INFO  20:39:40,360 ProgressMeter -        Location | active regions | elapsed | active regions | completed | runtime |   runtime 
INFO  20:39:40,361 HaplotypeCaller - Standard Emitting and Calling confidence set to 0.0 for reference-model confidence output 
INFO  20:39:40,361 HaplotypeCaller - All sites annotated with PLs forced to true for reference-model confidence output 
INFO  20:39:40,534 HaplotypeCaller - Using global mismapping rate of 45 => -4.5 in log10 likelihood units 
Using AVX accelerated implementation of PairHMM
INFO  20:39:41,505 VectorLoglessPairHMM - libVectorLoglessPairHMM unpacked successfully from GATK jar file 
INFO  20:39:41,506 VectorLoglessPairHMM - Using vectorized implementation of PairHMM 
WARN  20:39:41,692 HaplotypeScore - Annotation will not be calculated, must be called from UnifiedGenotyper 
WARN  20:39:41,692 InbreedingCoeff - Annotation will not be calculated, must provide a valid PED file (-ped) from the command line. 
INFO  20:40:10,364 ProgressMeter -     19:11135007      6.8306537E7    30.0 s            0.0 s       18.1%     2.8 m       2.3 m 
INFO  20:40:40,367 ProgressMeter -     19:22018888     8.05837701E8    60.0 s            0.0 s       59.4%   101.0 s      41.0 s 
INFO  20:41:10,370 ProgressMeter -     19:39597740    1.642466207E9    90.0 s            0.0 s       87.6%   102.0 s      12.0 s 
INFO  20:41:18,523 VectorLoglessPairHMM - Time spent in setup for JNI call : 0.033644255000000005 
INFO  20:41:18,523 PairHMM - Total compute time in PairHMM computeLikelihoods() : 4.386217943 
INFO  20:41:18,524 HaplotypeCaller - Ran local assembly on 9964 active regions 
INFO  20:41:18,530 ProgressMeter -            done    2.186797716E9    98.0 s            0.0 s      100.0%    98.0 s       0.0 s 
INFO  20:41:18,530 ProgressMeter - Total runtime 98.17 secs, 1.64 min, 0.03 hours 
INFO  20:41:18,530 MicroScheduler - 90334 reads were filtered out during the traversal out of approximately 374854 total reads (24.10%) 
INFO  20:41:18,531 MicroScheduler -   -> 0 reads (0.00% of total) failing BadCigarFilter 
INFO  20:41:18,531 MicroScheduler -   -> 78916 reads (21.05% of total) failing DuplicateReadFilter 
INFO  20:41:18,531 MicroScheduler -   -> 0 reads (0.00% of total) failing FailsVendorQualityCheckFilter 
INFO  20:41:18,531 MicroScheduler -   -> 11374 reads (3.03% of total) failing HCMappingQualityFilter 
INFO  20:41:18,531 MicroScheduler -   -> 0 reads (0.00% of total) failing MalformedReadFilter 
INFO  20:41:18,532 MicroScheduler -   -> 0 reads (0.00% of total) failing MappingQualityUnavailableFilter 
INFO  20:41:18,532 MicroScheduler -   -> 44 reads (0.01% of total) failing NotPrimaryAlignmentFilter 
INFO  20:41:18,532 MicroScheduler -   -> 0 reads (0.00% of total) failing UnmappedReadFilter 
