INFO  20:47:28,757 HelpFormatter - --------------------------------------------------------------------------------- 
INFO  20:47:28,768 HelpFormatter - The Genome Analysis Toolkit (GATK) v3.4-46-g8ea4dca, Compiled 2015/08/13 20:41:56 
INFO  20:47:28,817 HelpFormatter - Copyright (c) 2010 The Broad Institute 
INFO  20:47:28,817 HelpFormatter - For support and documentation go to http://www.broadinstitute.org/gatk 
INFO  20:47:28,821 HelpFormatter - Program Args: -T HaplotypeCaller -I /mnt/nvme0n1/data/broadout/HG02561_gatk_best_practices_8t_30s_2016-07-06_18-21-00/HG02561_final.bam -L /mnt/nvme0n1/Broad_Ref_Pipeline_approved_package/workflow_profiler/.queue/scatterGather/ExampleHaplotypeCaller-1-sg/temp_32_of_36/scatter.intervals -R /mnt/nvme0n1/Broad_Ref_Pipeline_approved_package/b37bundle/human_g1k_v37.fasta -variant_index_type LINEAR -variant_index_parameter 128000 -o /mnt/nvme0n1/Broad_Ref_Pipeline_approved_package/workflow_profiler/.queue/scatterGather/ExampleHaplotypeCaller-1-sg/temp_32_of_36/HG02561_HaplotypeCaller.g.vcf -ERC GVCF 
INFO  20:47:28,850 HelpFormatter - Executing as bshifaw@application-1-1.hudson.intel.com on Linux 3.10.0-327.el7.x86_64 amd64; OpenJDK 64-Bit Server VM 1.8.0_91-b14. 
INFO  20:47:28,851 HelpFormatter - Date/Time: 2016/07/06 20:47:28 
INFO  20:47:28,851 HelpFormatter - --------------------------------------------------------------------------------- 
INFO  20:47:28,852 HelpFormatter - --------------------------------------------------------------------------------- 
WARN  20:47:28,863 GATKVCFUtils - Naming your output file using the .g.vcf extension will automatically set the appropriate values  for --variant_index_type and --variant_index_parameter 
INFO  20:47:29,039 GenomeAnalysisEngine - Strictness is SILENT 
INFO  20:47:29,250 GenomeAnalysisEngine - Downsampling Settings: Method: BY_SAMPLE, Target Coverage: 500 
INFO  20:47:29,255 SAMDataSource$SAMReaders - Initializing SAMRecords in serial 
INFO  20:47:29,358 SAMDataSource$SAMReaders - Done initializing BAM readers: total time 0.10 
INFO  20:47:29,371 HCMappingQualityFilter - Filtering out reads with MAPQ < 20 
INFO  20:47:29,528 IntervalUtils - Processing 1437965 bp from intervals 
INFO  20:47:29,740 GenomeAnalysisEngine - Preparing for traversal over 1 BAM files 
INFO  20:47:30,006 GenomeAnalysisEngine - Done preparing for traversal 
INFO  20:47:30,006 ProgressMeter - [INITIALIZATION COMPLETE; STARTING PROCESSING] 
INFO  20:47:30,007 ProgressMeter -                 |      processed |    time |         per 1M |           |   total | remaining 
INFO  20:47:30,018 ProgressMeter -        Location | active regions | elapsed | active regions | completed | runtime |   runtime 
INFO  20:47:30,040 HaplotypeCaller - Standard Emitting and Calling confidence set to 0.0 for reference-model confidence output 
INFO  20:47:30,041 HaplotypeCaller - All sites annotated with PLs forced to true for reference-model confidence output 
INFO  20:47:30,215 HaplotypeCaller - Using global mismapping rate of 45 => -4.5 in log10 likelihood units 
Using AVX accelerated implementation of PairHMM
INFO  20:47:34,513 VectorLoglessPairHMM - libVectorLoglessPairHMM unpacked successfully from GATK jar file 
INFO  20:47:34,513 VectorLoglessPairHMM - Using vectorized implementation of PairHMM 
WARN  20:47:34,941 HaplotypeScore - Annotation will not be calculated, must be called from UnifiedGenotyper 
WARN  20:47:34,941 InbreedingCoeff - Annotation will not be calculated, must provide a valid PED file (-ped) from the command line. 
INFO  20:48:00,089 ProgressMeter -     19:14048546         185857.0    30.0 s            2.7 m        0.9%    56.4 m      55.9 m 
INFO  20:48:30,090 ProgressMeter -     19:14262893        1196793.0    60.0 s           50.0 s        2.2%    46.4 m      45.4 m 
INFO  20:49:00,114 ProgressMeter -     19:14517632        2032731.0    90.0 s           44.0 s        2.8%    53.0 m      51.5 m 
INFO  20:49:30,250 ProgressMeter -     19:14876361        6488148.0   120.0 s           18.0 s        4.7%    42.3 m      40.3 m 
INFO  20:50:00,251 ProgressMeter -     19:15276127        9959405.0     2.5 m           15.0 s        6.3%    40.0 m      37.5 m 
INFO  20:50:30,252 ProgressMeter -     19:15759918      2.0487054E7     3.0 m            8.0 s        9.1%    33.0 m      30.0 m 
INFO  20:51:00,253 ProgressMeter -     19:16044969      2.4905742E7     3.5 m            8.0 s       10.1%    34.8 m      31.3 m 
INFO  20:51:40,254 ProgressMeter -     19:17163583       5.596739E7     4.2 m            4.0 s       13.9%    29.9 m      25.7 m 
INFO  20:52:10,255 ProgressMeter -     19:17887392     1.00997094E8     4.7 m            2.0 s       18.7%    24.9 m      20.2 m 
INFO  20:52:40,256 ProgressMeter -     19:18684059     1.53563961E8     5.2 m            2.0 s       23.2%    22.3 m      17.1 m 
INFO  20:53:20,257 ProgressMeter -     19:20045018     2.51871014E8     5.8 m            1.0 s       30.0%    19.4 m      13.6 m 
INFO  20:53:50,258 ProgressMeter -     19:31768080     3.09771996E8     6.3 m            1.0 s       34.9%    18.2 m      11.8 m 
INFO  20:54:20,259 ProgressMeter -     19:34292020     3.96890994E8     6.8 m            1.0 s       38.4%    17.8 m      11.0 m 
INFO  20:54:50,269 ProgressMeter -     19:35862210     4.88639147E8     7.3 m            0.0 s       42.6%    17.2 m       9.9 m 
INFO  20:55:20,270 ProgressMeter -     19:36431236     5.84776281E8     7.8 m            0.0 s       47.8%    16.4 m       8.6 m 
INFO  20:55:50,271 ProgressMeter -     19:37905172     6.70399117E8     8.3 m            0.0 s       52.2%    16.0 m       7.6 m 
INFO  20:56:20,272 ProgressMeter -     19:39328274     8.75995726E8     8.8 m            0.0 s       58.9%    15.0 m       6.2 m 
INFO  20:56:50,273 ProgressMeter -     19:40366199    1.018032673E9     9.3 m            0.0 s       63.8%    14.6 m       5.3 m 
INFO  20:57:20,274 ProgressMeter -     19:41086178    1.140720957E9     9.8 m            0.0 s       68.1%    14.4 m       4.6 m 
INFO  20:57:50,275 ProgressMeter -     19:42187745    1.341552329E9    10.3 m            0.0 s       72.7%    14.2 m       3.9 m 
INFO  20:58:20,294 ProgressMeter -     19:43009450     1.51860038E9    10.8 m            0.0 s       77.8%    13.9 m       3.1 m 
INFO  20:58:50,295 ProgressMeter -     19:43268432     1.54552797E9    11.3 m            0.0 s       78.3%    14.5 m       3.1 m 
INFO  20:59:20,296 ProgressMeter -     19:44131744    1.665512427E9    11.8 m            0.0 s       80.8%    14.7 m       2.8 m 
INFO  20:59:50,297 ProgressMeter -     19:45160978    1.810798392E9    12.3 m            0.0 s       85.1%    14.5 m       2.2 m 
INFO  21:00:20,305 ProgressMeter -     19:46389034    2.156616261E9    12.8 m            0.0 s       92.3%    13.9 m      63.0 s 
INFO  21:00:50,306 ProgressMeter -     19:48665467    2.542889058E9    13.3 m            0.0 s       99.7%    13.4 m       2.0 s 
INFO  21:00:52,521 VectorLoglessPairHMM - Time spent in setup for JNI call : 0.532553776 
INFO  21:00:52,534 PairHMM - Total compute time in PairHMM computeLikelihoods() : 98.45924127900001 
INFO  21:00:52,535 HaplotypeCaller - Ran local assembly on 8807 active regions 
INFO  21:00:52,541 ProgressMeter -            done    2.562981775E9    13.4 m            0.0 s      100.0%    13.4 m       0.0 s 
INFO  21:00:52,542 ProgressMeter - Total runtime 802.54 secs, 13.38 min, 0.22 hours 
INFO  21:00:52,542 MicroScheduler - 477359 reads were filtered out during the traversal out of approximately 2520704 total reads (18.94%) 
INFO  21:00:52,543 MicroScheduler -   -> 0 reads (0.00% of total) failing BadCigarFilter 
INFO  21:00:52,543 MicroScheduler -   -> 390994 reads (15.51% of total) failing DuplicateReadFilter 
INFO  21:00:52,543 MicroScheduler -   -> 0 reads (0.00% of total) failing FailsVendorQualityCheckFilter 
INFO  21:00:52,543 MicroScheduler -   -> 86107 reads (3.42% of total) failing HCMappingQualityFilter 
INFO  21:00:52,544 MicroScheduler -   -> 0 reads (0.00% of total) failing MalformedReadFilter 
INFO  21:00:52,544 MicroScheduler -   -> 0 reads (0.00% of total) failing MappingQualityUnavailableFilter 
INFO  21:00:52,544 MicroScheduler -   -> 258 reads (0.01% of total) failing NotPrimaryAlignmentFilter 
INFO  21:00:52,544 MicroScheduler -   -> 0 reads (0.00% of total) failing UnmappedReadFilter 
