INFO  20:07:46,685 HelpFormatter - --------------------------------------------------------------------------------- 
INFO  20:07:46,688 HelpFormatter - The Genome Analysis Toolkit (GATK) v3.4-46-g8ea4dca, Compiled 2015/08/13 20:41:56 
INFO  20:07:46,688 HelpFormatter - Copyright (c) 2010 The Broad Institute 
INFO  20:07:46,688 HelpFormatter - For support and documentation go to http://www.broadinstitute.org/gatk 
INFO  20:07:46,694 HelpFormatter - Program Args: -T IndelRealigner -I /home/opt/data/broadout/FC1-NA12878-01_S1_L001_R1_001_gatk_best_practices_36t_30s_2015-11-05_19-14-59/FC1-NA12878-01_S1_L001_R1_001_dupRem.bam -L /home/beris/Broad_Ref_Pipeline_approved_package/workflow_profiler/.queue/scatterGather/ExampleIndelRealigner-1-sg/temp_36_of_36/scatter.intervals -L unmapped -R /home/beris/Broad_Ref_Pipeline_approved_package/homosapiensrefgenome/Homo_sapiens_assembly19.fasta -known /home/beris/Broad_Ref_Pipeline_approved_package/homosapiensrefgenome/Homo_sapiens_assembly19.known_indels.vcf -targetIntervals /home/opt/data/broadout/FC1-NA12878-01_S1_L001_R1_001_gatk_best_practices_36t_30s_2015-11-05_19-14-59/FC1-NA12878-01_S1_L001_R1_001_realn.intervals -o /home/beris/Broad_Ref_Pipeline_approved_package/workflow_profiler/.queue/scatterGather/ExampleIndelRealigner-1-sg/temp_36_of_36/FC1-NA12878-01_S1_L001_R1_001_realign.bam -filterNoBases 
INFO  20:07:46,703 HelpFormatter - Executing as beris@dna on Linux 2.6.32-573.el6.x86_64 amd64; OpenJDK 64-Bit Server VM 1.7.0_79-mockbuild_2015_07_24_09_26-b00. 
INFO  20:07:46,703 HelpFormatter - Date/Time: 2015/11/05 20:07:46 
INFO  20:07:46,704 HelpFormatter - --------------------------------------------------------------------------------- 
INFO  20:07:46,704 HelpFormatter - --------------------------------------------------------------------------------- 
INFO  20:07:46,831 GenomeAnalysisEngine - Strictness is SILENT 
INFO  20:07:46,927 GenomeAnalysisEngine - Downsampling Settings: No downsampling 
INFO  20:07:46,938 SAMDataSource$SAMReaders - Initializing SAMRecords in serial 
INFO  20:07:46,985 SAMDataSource$SAMReaders - Done initializing BAM readers: total time 0.05 
INFO  20:07:47,105 IntervalUtils - Processing 6010812 bp from intervals 
INFO  20:07:47,190 GenomeAnalysisEngine - Preparing for traversal over 1 BAM files 
INFO  20:07:47,269 GenomeAnalysisEngine - Done preparing for traversal 
INFO  20:07:47,270 ProgressMeter - [INITIALIZATION COMPLETE; STARTING PROCESSING] 
INFO  20:07:47,271 ProgressMeter -                 | processed |    time |    per 1M |           |   total | remaining 
INFO  20:07:47,271 ProgressMeter -        Location |     reads | elapsed |     reads | completed | runtime |   runtime 
INFO  20:07:47,447 ReadShardBalancer$1 - Loading BAM index data 
INFO  20:07:47,450 ReadShardBalancer$1 - Done loading BAM index data 
INFO  20:07:47,541 ReadShardBalancer$1 - Loading BAM index data 
INFO  20:07:47,543 ReadShardBalancer$1 - Done loading BAM index data 
INFO  20:07:47,608 ReadShardBalancer$1 - Loading BAM index data 
INFO  20:07:47,610 ReadShardBalancer$1 - Done loading BAM index data 
INFO  20:07:51,835 ReadShardBalancer$1 - Loading BAM index data 
INFO  20:07:52,134 ReadShardBalancer$1 - Done loading BAM index data 
INFO  20:07:52,235 ReadShardBalancer$1 - Loading BAM index data 
INFO  20:07:52,239 ReadShardBalancer$1 - Done loading BAM index data 
INFO  20:07:52,424 ReadShardBalancer$1 - Loading BAM index data 
INFO  20:07:52,428 ReadShardBalancer$1 - Done loading BAM index data 
INFO  20:07:52,481 ReadShardBalancer$1 - Loading BAM index data 
INFO  20:07:52,484 ReadShardBalancer$1 - Done loading BAM index data 
INFO  20:07:52,741 ReadShardBalancer$1 - Loading BAM index data 
INFO  20:07:52,744 ReadShardBalancer$1 - Done loading BAM index data 
INFO  20:07:53,048 ReadShardBalancer$1 - Loading BAM index data 
INFO  20:07:53,051 ReadShardBalancer$1 - Done loading BAM index data 
INFO  20:07:53,172 ReadShardBalancer$1 - Loading BAM index data 
INFO  20:07:53,175 ReadShardBalancer$1 - Done loading BAM index data 
INFO  20:07:53,274 ReadShardBalancer$1 - Loading BAM index data 
INFO  20:07:53,277 ReadShardBalancer$1 - Done loading BAM index data 
INFO  20:07:53,366 ReadShardBalancer$1 - Loading BAM index data 
INFO  20:07:53,369 ReadShardBalancer$1 - Done loading BAM index data 
INFO  20:07:53,541 ReadShardBalancer$1 - Loading BAM index data 
INFO  20:07:53,544 ReadShardBalancer$1 - Done loading BAM index data 
INFO  20:07:53,633 ReadShardBalancer$1 - Loading BAM index data 
INFO  20:07:53,636 ReadShardBalancer$1 - Done loading BAM index data 
INFO  20:07:53,708 ReadShardBalancer$1 - Loading BAM index data 
INFO  20:07:53,711 ReadShardBalancer$1 - Done loading BAM index data 
INFO  20:07:53,780 ReadShardBalancer$1 - Loading BAM index data 
INFO  20:07:53,782 ReadShardBalancer$1 - Done loading BAM index data 
INFO  20:07:53,878 ReadShardBalancer$1 - Loading BAM index data 
INFO  20:07:53,881 ReadShardBalancer$1 - Done loading BAM index data 
INFO  20:07:53,922 ReadShardBalancer$1 - Loading BAM index data 
INFO  20:07:53,925 ReadShardBalancer$1 - Done loading BAM index data 
INFO  20:07:53,968 ReadShardBalancer$1 - Loading BAM index data 
INFO  20:07:53,971 ReadShardBalancer$1 - Done loading BAM index data 
INFO  20:07:54,066 ReadShardBalancer$1 - Loading BAM index data 
INFO  20:07:54,069 ReadShardBalancer$1 - Done loading BAM index data 
INFO  20:07:54,108 ReadShardBalancer$1 - Loading BAM index data 
INFO  20:07:54,111 ReadShardBalancer$1 - Done loading BAM index data 
INFO  20:07:54,126 ReadShardBalancer$1 - Loading BAM index data 
INFO  20:07:54,130 ReadShardBalancer$1 - Done loading BAM index data 
INFO  20:07:54,224 ReadShardBalancer$1 - Loading BAM index data 
INFO  20:07:54,228 ReadShardBalancer$1 - Done loading BAM index data 
INFO  20:07:54,368 ReadShardBalancer$1 - Loading BAM index data 
INFO  20:07:54,371 ReadShardBalancer$1 - Done loading BAM index data 
INFO  20:07:54,427 ReadShardBalancer$1 - Loading BAM index data 
INFO  20:07:54,430 ReadShardBalancer$1 - Done loading BAM index data 
INFO  20:07:54,526 ReadShardBalancer$1 - Loading BAM index data 
INFO  20:07:54,531 ReadShardBalancer$1 - Done loading BAM index data 
INFO  20:08:17,564 ProgressMeter - GL000191.1:83265     13443.0    30.0 s      37.6 m       19.4%     2.6 m       2.1 m 
INFO  20:08:28,931 ReadShardBalancer$1 - Loading BAM index data 
INFO  20:08:28,934 ReadShardBalancer$1 - Done loading BAM index data 
INFO  20:08:29,829 ReadShardBalancer$1 - Loading BAM index data 
INFO  20:08:29,831 ReadShardBalancer$1 - Done loading BAM index data 
INFO  20:08:30,027 ReadShardBalancer$1 - Loading BAM index data 
INFO  20:08:30,031 ReadShardBalancer$1 - Done loading BAM index data 
INFO  20:08:30,191 ReadShardBalancer$1 - Loading BAM index data 
INFO  20:08:30,194 ReadShardBalancer$1 - Done loading BAM index data 
INFO  20:08:30,332 ReadShardBalancer$1 - Loading BAM index data 
INFO  20:08:30,335 ReadShardBalancer$1 - Done loading BAM index data 
INFO  20:08:32,521 ReadShardBalancer$1 - Loading BAM index data 
INFO  20:08:32,529 ReadShardBalancer$1 - Done loading BAM index data 
INFO  20:08:33,851 ReadShardBalancer$1 - Loading BAM index data 
INFO  20:08:33,858 ReadShardBalancer$1 - Done loading BAM index data 
INFO  20:08:34,087 ReadShardBalancer$1 - Loading BAM index data 
INFO  20:08:34,092 ReadShardBalancer$1 - Done loading BAM index data 
INFO  20:08:38,335 ReadShardBalancer$1 - Loading BAM index data 
INFO  20:08:38,343 ReadShardBalancer$1 - Done loading BAM index data 
INFO  20:08:38,689 ReadShardBalancer$1 - Loading BAM index data 
INFO  20:08:38,696 ReadShardBalancer$1 - Done loading BAM index data 
INFO  20:08:40,362 ReadShardBalancer$1 - Loading BAM index data 
INFO  20:08:40,366 ReadShardBalancer$1 - Done loading BAM index data 
INFO  20:08:40,771 ReadShardBalancer$1 - Loading BAM index data 
INFO  20:08:40,779 ReadShardBalancer$1 - Done loading BAM index data 
INFO  20:08:40,858 ReadShardBalancer$1 - Loading BAM index data 
INFO  20:08:40,866 ReadShardBalancer$1 - Done loading BAM index data 
INFO  20:08:41,029 ReadShardBalancer$1 - Loading BAM index data 
INFO  20:08:41,037 ReadShardBalancer$1 - Done loading BAM index data 
INFO  20:08:41,216 ReadShardBalancer$1 - Loading BAM index data 
INFO  20:08:41,223 ReadShardBalancer$1 - Done loading BAM index data 
INFO  20:08:41,346 ReadShardBalancer$1 - Loading BAM index data 
INFO  20:08:41,352 ReadShardBalancer$1 - Done loading BAM index data 
INFO  20:08:41,422 ReadShardBalancer$1 - Loading BAM index data 
INFO  20:08:41,426 ReadShardBalancer$1 - Done loading BAM index data 
INFO  20:08:41,650 ReadShardBalancer$1 - Loading BAM index data 
INFO  20:08:41,656 ReadShardBalancer$1 - Done loading BAM index data 
INFO  20:08:42,263 ReadShardBalancer$1 - Loading BAM index data 
INFO  20:08:42,269 ReadShardBalancer$1 - Done loading BAM index data 
INFO  20:08:42,922 ReadShardBalancer$1 - Loading BAM index data 
INFO  20:08:42,928 ReadShardBalancer$1 - Done loading BAM index data 
INFO  20:08:43,163 ReadShardBalancer$1 - Loading BAM index data 
INFO  20:08:43,166 ReadShardBalancer$1 - Done loading BAM index data 
INFO  20:08:43,311 ReadShardBalancer$1 - Loading BAM index data 
INFO  20:08:43,316 ReadShardBalancer$1 - Done loading BAM index data 
INFO  20:08:44,931 ReadShardBalancer$1 - Loading BAM index data 
INFO  20:08:44,943 ReadShardBalancer$1 - Done loading BAM index data 
INFO  20:08:46,187 ReadShardBalancer$1 - Loading BAM index data 
INFO  20:08:46,224 ReadShardBalancer$1 - Done loading BAM index data 
INFO  20:08:48,616 ReadShardBalancer$1 - Loading BAM index data 
INFO  20:08:48,616 ReadShardBalancer$1 - Done loading BAM index data 
INFO  20:08:48,782 ProgressMeter - NC_007605:22590    258942.0    61.0 s       4.0 m       97.5%    62.0 s       1.0 s 
INFO  20:08:49,521 ProgressMeter -            done    308622.0    62.0 s       3.4 m      100.0%    62.0 s       0.0 s 
INFO  20:08:49,522 ProgressMeter - Total runtime 62.25 secs, 1.04 min, 0.02 hours 
INFO  20:08:49,531 MicroScheduler - 4324285 reads were filtered out during the traversal out of approximately 4632907 total reads (93.34%) 
INFO  20:08:49,531 MicroScheduler -   -> 0 reads (0.00% of total) failing BadCigarFilter 
INFO  20:08:49,532 MicroScheduler -   -> 4324285 reads (93.34% of total) failing MalformedReadFilter 
