INFO  16:35:33,375 HelpFormatter - --------------------------------------------------------------------------------- 
INFO  16:35:33,377 HelpFormatter - The Genome Analysis Toolkit (GATK) v3.4-46-g8ea4dca, Compiled 2015/08/13 20:41:56 
INFO  16:35:33,377 HelpFormatter - Copyright (c) 2010 The Broad Institute 
INFO  16:35:33,378 HelpFormatter - For support and documentation go to http://www.broadinstitute.org/gatk 
INFO  16:35:33,381 HelpFormatter - Program Args: -T IndelRealigner -I /cluster_share/data/out/HG02769_gatk_best_practices_36t_30s_2016-11-28_15-18-37/HG02769_dupRem.bam -L /cluster_share/data/Broad_Ref_Pipeline_approved_package/workflow_profiler/.queue/scatterGather/ExampleIndelRealigner-1-sg/temp_26_of_36/scatter.intervals -R /cluster_share/data/reference/b37bundle/human_g1k_v37.fasta -known /cluster_share/data/reference/b37bundle/1000G_phase1.indels.b37.vcf -targetIntervals /cluster_share/data/out/HG02769_gatk_best_practices_36t_30s_2016-11-28_15-18-37/HG02769_realn.intervals -o /cluster_share/data/Broad_Ref_Pipeline_approved_package/workflow_profiler/.queue/scatterGather/ExampleIndelRealigner-1-sg/temp_26_of_36/HG02769_realign.bam -filterNoBases 
INFO  16:35:33,396 HelpFormatter - Executing as bshifaw@compute-1-1.hudson.intel.com on Linux 3.10.0-327.13.1.el7.x86_64 amd64; OpenJDK 64-Bit Server VM 1.8.0_111-b15. 
INFO  16:35:33,398 HelpFormatter - Date/Time: 2016/11/28 16:35:33 
INFO  16:35:33,398 HelpFormatter - --------------------------------------------------------------------------------- 
INFO  16:35:33,399 HelpFormatter - --------------------------------------------------------------------------------- 
INFO  16:35:33,655 GenomeAnalysisEngine - Strictness is SILENT 
INFO  16:35:33,915 GenomeAnalysisEngine - Downsampling Settings: No downsampling 
INFO  16:35:33,946 SAMDataSource$SAMReaders - Initializing SAMRecords in serial 
INFO  16:35:34,117 SAMDataSource$SAMReaders - Done initializing BAM readers: total time 0.17 
WARN  16:35:34,237 FSLockWithShared$LockAcquisitionTask - WARNING: Unable to lock file /cluster_share/data/reference/b37bundle/1000G_phase1.indels.b37.vcf.idx because an IOException occurred with message: Function not implemented. 
INFO  16:35:34,250 RMDTrackBuilder - Could not acquire a shared lock on index file /cluster_share/data/reference/b37bundle/1000G_phase1.indels.b37.vcf.idx, falling back to using an in-memory index for this GATK run. 
INFO  16:35:46,506 IntervalUtils - Processing 4262 bp from intervals 
INFO  16:35:46,935 GenomeAnalysisEngine - Preparing for traversal over 1 BAM files 
INFO  16:35:47,107 GenomeAnalysisEngine - Done preparing for traversal 
INFO  16:35:47,130 ProgressMeter - [INITIALIZATION COMPLETE; STARTING PROCESSING] 
INFO  16:35:47,130 ProgressMeter -                 | processed |    time |    per 1M |           |   total | remaining 
INFO  16:35:47,131 ProgressMeter -        Location |     reads | elapsed |     reads | completed | runtime |   runtime 
INFO  16:35:47,387 ReadShardBalancer$1 - Loading BAM index data 
INFO  16:35:47,388 ReadShardBalancer$1 - Done loading BAM index data 
INFO  16:35:47,618 ProgressMeter -            done         0.0     0.0 s       5.6 d      100.0%     0.0 s       0.0 s 
INFO  16:35:47,618 ProgressMeter - Total runtime 0.49 secs, 0.01 min, 0.00 hours 
