INFO  20:39:39,699 HelpFormatter - --------------------------------------------------------------------------------- 
INFO  20:39:39,701 HelpFormatter - The Genome Analysis Toolkit (GATK) v3.4-46-g8ea4dca, Compiled 2015/08/13 20:41:56 
INFO  20:39:39,701 HelpFormatter - Copyright (c) 2010 The Broad Institute 
INFO  20:39:39,701 HelpFormatter - For support and documentation go to http://www.broadinstitute.org/gatk 
INFO  20:39:39,704 HelpFormatter - Program Args: -T HaplotypeCaller -I /home/opt/data/broadout/FC1-NA12878-01_S1_L001_R1_001_gatk_best_practices_36t_30s_2015-11-05_19-14-59/FC1-NA12878-01_S1_L001_R1_001_realign.bam -L /home/beris/Broad_Ref_Pipeline_approved_package/workflow_profiler/.queue/scatterGather/ExampleHaplotypeCaller-1-sg/temp_27_of_36/scatter.intervals -R /home/beris/Broad_Ref_Pipeline_approved_package/homosapiensrefgenome/Homo_sapiens_assembly19.fasta -variant_index_type LINEAR -variant_index_parameter 128000 -o /home/beris/Broad_Ref_Pipeline_approved_package/workflow_profiler/.queue/scatterGather/ExampleHaplotypeCaller-1-sg/temp_27_of_36/FC1-NA12878-01_S1_L001_R1_001_realign.bam_HaplotypeCaller.g.vcf -ERC GVCF 
INFO  20:39:39,711 HelpFormatter - Executing as beris@dna on Linux 2.6.32-573.el6.x86_64 amd64; OpenJDK 64-Bit Server VM 1.7.0_79-mockbuild_2015_07_24_09_26-b00. 
INFO  20:39:39,712 HelpFormatter - Date/Time: 2015/11/05 20:39:39 
INFO  20:39:39,712 HelpFormatter - --------------------------------------------------------------------------------- 
INFO  20:39:39,712 HelpFormatter - --------------------------------------------------------------------------------- 
WARN  20:39:39,744 GATKVCFUtils - Naming your output file using the .g.vcf extension will automatically set the appropriate values  for --variant_index_type and --variant_index_parameter 
INFO  20:39:39,872 GenomeAnalysisEngine - Strictness is SILENT 
INFO  20:39:39,989 GenomeAnalysisEngine - Downsampling Settings: Method: BY_SAMPLE, Target Coverage: 500 
INFO  20:39:39,998 SAMDataSource$SAMReaders - Initializing SAMRecords in serial 
INFO  20:39:40,040 SAMDataSource$SAMReaders - Done initializing BAM readers: total time 0.04 
INFO  20:39:40,050 HCMappingQualityFilter - Filtering out reads with MAPQ < 20 
INFO  20:39:40,301 IntervalUtils - Processing 1017715 bp from intervals 
INFO  20:39:40,428 GenomeAnalysisEngine - Preparing for traversal over 1 BAM files 
INFO  20:39:40,847 GenomeAnalysisEngine - Done preparing for traversal 
INFO  20:39:40,848 ProgressMeter - [INITIALIZATION COMPLETE; STARTING PROCESSING] 
INFO  20:39:40,848 ProgressMeter -                 |      processed |    time |         per 1M |           |   total | remaining 
INFO  20:39:40,859 ProgressMeter -        Location | active regions | elapsed | active regions | completed | runtime |   runtime 
INFO  20:39:40,859 HaplotypeCaller - Standard Emitting and Calling confidence set to 0.0 for reference-model confidence output 
INFO  20:39:40,867 HaplotypeCaller - All sites annotated with PLs forced to true for reference-model confidence output 
INFO  20:39:41,082 HaplotypeCaller - Using global mismapping rate of 45 => -4.5 in log10 likelihood units 
Using AVX accelerated implementation of PairHMM
INFO  20:39:42,217 VectorLoglessPairHMM - libVectorLoglessPairHMM unpacked successfully from GATK jar file 
INFO  20:39:42,218 VectorLoglessPairHMM - Using vectorized implementation of PairHMM 
WARN  20:39:42,444 HaplotypeScore - Annotation will not be calculated, must be called from UnifiedGenotyper 
WARN  20:39:42,445 InbreedingCoeff - Annotation will not be calculated, must provide a valid PED file (-ped) from the command line. 
INFO  20:40:10,872 ProgressMeter -     15:79065373     1.00812457E8    30.0 s            0.0 s       19.8%     2.5 m       2.0 m 
INFO  20:40:40,875 ProgressMeter -       16:721183     5.63384461E8    60.0 s            0.0 s       51.8%   115.0 s      55.0 s 
INFO  20:41:10,878 ProgressMeter -     16:15022231     9.23781184E8    90.0 s            0.0 s       86.0%   104.0 s      14.0 s 
INFO  20:41:20,445 VectorLoglessPairHMM - Time spent in setup for JNI call : 0.031339301 
INFO  20:41:20,445 PairHMM - Total compute time in PairHMM computeLikelihoods() : 4.437852441 
INFO  20:41:20,446 HaplotypeCaller - Ran local assembly on 10209 active regions 
INFO  20:41:20,452 ProgressMeter -            done     1.25095353E9    99.0 s            0.0 s      100.0%    99.0 s       0.0 s 
INFO  20:41:20,452 ProgressMeter - Total runtime 99.60 secs, 1.66 min, 0.03 hours 
INFO  20:41:20,452 MicroScheduler - 159530 reads were filtered out during the traversal out of approximately 472064 total reads (33.79%) 
INFO  20:41:20,453 MicroScheduler -   -> 0 reads (0.00% of total) failing BadCigarFilter 
INFO  20:41:20,453 MicroScheduler -   -> 97726 reads (20.70% of total) failing DuplicateReadFilter 
INFO  20:41:20,453 MicroScheduler -   -> 0 reads (0.00% of total) failing FailsVendorQualityCheckFilter 
INFO  20:41:20,453 MicroScheduler -   -> 61756 reads (13.08% of total) failing HCMappingQualityFilter 
INFO  20:41:20,453 MicroScheduler -   -> 0 reads (0.00% of total) failing MalformedReadFilter 
INFO  20:41:20,454 MicroScheduler -   -> 0 reads (0.00% of total) failing MappingQualityUnavailableFilter 
INFO  20:41:20,454 MicroScheduler -   -> 48 reads (0.01% of total) failing NotPrimaryAlignmentFilter 
INFO  20:41:20,454 MicroScheduler -   -> 0 reads (0.00% of total) failing UnmappedReadFilter 
