INFO  17:35:10,054 HelpFormatter - --------------------------------------------------------------------------------- 
INFO  17:35:10,056 HelpFormatter - The Genome Analysis Toolkit (GATK) v3.4-46-g8ea4dca, Compiled 2015/08/13 20:41:56 
INFO  17:35:10,056 HelpFormatter - Copyright (c) 2010 The Broad Institute 
INFO  17:35:10,056 HelpFormatter - For support and documentation go to http://www.broadinstitute.org/gatk 
INFO  17:35:10,059 HelpFormatter - Program Args: -T BaseRecalibrator -I /home/opt/data/broadout/FC1-NA12878-01_S1_L001_gatk_best_practices_36t_30s_2015-11-10_16-39-49/FC1-NA12878-01_S1_L001_realign.bam -L /home/beris/Broad_Ref_Pipeline_approved_package/workflow_profiler/.queue/scatterGather/ExampleBaseRecalibrator-1-sg/temp_08_of_24/scatter.intervals -R /home/beris/Broad_Ref_Pipeline_approved_package/homosapiensrefgenome/Homo_sapiens_assembly19.fasta -knownSites /home/beris/Broad_Ref_Pipeline_approved_package/homosapiensrefgenome/Homo_sapiens_assembly19.dbsnp.vcf -o /home/beris/Broad_Ref_Pipeline_approved_package/workflow_profiler/.queue/scatterGather/ExampleBaseRecalibrator-1-sg/temp_08_of_24/FC1-NA12878-01_S1_L001_recal.grp 
INFO  17:35:10,065 HelpFormatter - Executing as beris@dna on Linux 2.6.32-573.el6.x86_64 amd64; OpenJDK 64-Bit Server VM 1.7.0_79-mockbuild_2015_07_24_09_26-b00. 
INFO  17:35:10,065 HelpFormatter - Date/Time: 2015/11/10 17:35:10 
INFO  17:35:10,065 HelpFormatter - --------------------------------------------------------------------------------- 
INFO  17:35:10,065 HelpFormatter - --------------------------------------------------------------------------------- 
INFO  17:35:10,133 GenomeAnalysisEngine - Strictness is SILENT 
INFO  17:35:10,233 GenomeAnalysisEngine - Downsampling Settings: No downsampling 
INFO  17:35:10,250 SAMDataSource$SAMReaders - Initializing SAMRecords in serial 
INFO  17:35:10,285 SAMDataSource$SAMReaders - Done initializing BAM readers: total time 0.03 
INFO  17:35:10,633 IntervalUtils - Processing 1219396 bp from intervals 
INFO  17:35:10,740 GenomeAnalysisEngine - Preparing for traversal over 1 BAM files 
INFO  17:35:11,060 GenomeAnalysisEngine - Done preparing for traversal 
INFO  17:35:11,060 ProgressMeter - [INITIALIZATION COMPLETE; STARTING PROCESSING] 
INFO  17:35:11,061 ProgressMeter -                 | processed |    time |    per 1M |           |   total | remaining 
INFO  17:35:11,061 ProgressMeter -        Location |     reads | elapsed |     reads | completed | runtime |   runtime 
INFO  17:35:11,227 BaseRecalibrator - The covariates being used here:  
INFO  17:35:11,227 BaseRecalibrator - 	ReadGroupCovariate 
INFO  17:35:11,228 BaseRecalibrator - 	QualityScoreCovariate 
INFO  17:35:11,228 BaseRecalibrator - 	ContextCovariate 
INFO  17:35:11,228 ContextCovariate - 		Context sizes: base substitution model 2, indel substitution model 3 
INFO  17:35:11,228 BaseRecalibrator - 	CycleCovariate 
INFO  17:35:11,233 ReadShardBalancer$1 - Loading BAM index data 
INFO  17:35:11,582 ReadShardBalancer$1 - Done loading BAM index data 
INFO  17:35:41,162 ProgressMeter -      8:27287998         0.0    30.0 s      49.8 w       21.1%     2.4 m     112.0 s 
INFO  17:36:11,164 ProgressMeter -      8:68930197    200006.0    60.0 s       5.0 m       47.5%     2.1 m      66.0 s 
INFO  17:36:41,647 ProgressMeter -     8:145007558    400009.0    90.0 s       3.8 m       94.2%    95.0 s       5.0 s 
INFO  17:36:42,945 BaseRecalibrator - Calculating quantized quality scores... 
INFO  17:36:42,994 BaseRecalibrator - Writing recalibration report... 
INFO  17:36:43,512 BaseRecalibrator - ...done! 
INFO  17:36:43,512 BaseRecalibrator - BaseRecalibrator was able to recalibrate 505609 reads 
INFO  17:36:43,513 ProgressMeter -            done    505609.0    92.0 s       3.0 m      100.0%    92.0 s       0.0 s 
INFO  17:36:43,513 ProgressMeter - Total runtime 92.45 secs, 1.54 min, 0.03 hours 
INFO  17:36:43,514 MicroScheduler - 44351 reads were filtered out during the traversal out of approximately 549960 total reads (8.06%) 
INFO  17:36:43,514 MicroScheduler -   -> 0 reads (0.00% of total) failing BadCigarFilter 
INFO  17:36:43,514 MicroScheduler -   -> 18687 reads (3.40% of total) failing DuplicateReadFilter 
INFO  17:36:43,514 MicroScheduler -   -> 0 reads (0.00% of total) failing FailsVendorQualityCheckFilter 
INFO  17:36:43,514 MicroScheduler -   -> 0 reads (0.00% of total) failing MalformedReadFilter 
INFO  17:36:43,515 MicroScheduler -   -> 0 reads (0.00% of total) failing MappingQualityUnavailableFilter 
INFO  17:36:43,515 MicroScheduler -   -> 25620 reads (4.66% of total) failing MappingQualityZeroFilter 
INFO  17:36:43,515 MicroScheduler -   -> 44 reads (0.01% of total) failing NotPrimaryAlignmentFilter 
INFO  17:36:43,515 MicroScheduler -   -> 0 reads (0.00% of total) failing UnmappedReadFilter 
