INFO  18:12:42,007 HelpFormatter - --------------------------------------------------------------------------------- 
INFO  18:12:42,018 HelpFormatter - The Genome Analysis Toolkit (GATK) v3.4-46-g8ea4dca, Compiled 2015/08/13 20:41:56 
INFO  18:12:42,018 HelpFormatter - Copyright (c) 2010 The Broad Institute 
INFO  18:12:42,018 HelpFormatter - For support and documentation go to http://www.broadinstitute.org/gatk 
INFO  18:12:42,030 HelpFormatter - Program Args: -T BaseRecalibrator -I /mnt/sdb/data/broadout/HG02769_gatk_best_practices_8t_30s_2016-07-25_16-38-44/HG02769_realign.bam -L /mnt/sdb/Broad_Ref_Pipeline_approved_package/workflow_profiler/.queue/scatterGather/ExampleBaseRecalibrator-1-sg/temp_08_of_24/scatter.intervals -R /mnt/sdb/Broad_Ref_Pipeline_approved_package/b37bundle/human_g1k_v37.fasta -knownSites /mnt/sdb/Broad_Ref_Pipeline_approved_package/b37bundle/dbsnp_138.b37.vcf -o /mnt/sdb/Broad_Ref_Pipeline_approved_package/workflow_profiler/.queue/scatterGather/ExampleBaseRecalibrator-1-sg/temp_08_of_24/HG02769_recal.grp 
INFO  18:12:42,065 HelpFormatter - Executing as bshifaw@application-0-1.hudson.intel.com on Linux 3.10.0-327.el7.x86_64 amd64; OpenJDK 64-Bit Server VM 1.8.0_101-b13. 
INFO  18:12:42,065 HelpFormatter - Date/Time: 2016/07/25 18:12:42 
INFO  18:12:42,066 HelpFormatter - --------------------------------------------------------------------------------- 
INFO  18:12:42,068 HelpFormatter - --------------------------------------------------------------------------------- 
INFO  18:12:42,223 GenomeAnalysisEngine - Strictness is SILENT 
INFO  18:12:42,471 GenomeAnalysisEngine - Downsampling Settings: No downsampling 
INFO  18:12:42,478 SAMDataSource$SAMReaders - Initializing SAMRecords in serial 
INFO  18:12:42,670 SAMDataSource$SAMReaders - Done initializing BAM readers: total time 0.19 
INFO  18:12:43,533 IntervalUtils - Processing 1756584 bp from intervals 
INFO  18:12:43,709 GenomeAnalysisEngine - Preparing for traversal over 1 BAM files 
INFO  18:12:43,929 GenomeAnalysisEngine - Done preparing for traversal 
INFO  18:12:43,929 ProgressMeter - [INITIALIZATION COMPLETE; STARTING PROCESSING] 
INFO  18:12:43,929 ProgressMeter -                 | processed |    time |    per 1M |           |   total | remaining 
INFO  18:12:43,951 ProgressMeter -        Location |     reads | elapsed |     reads | completed | runtime |   runtime 
INFO  18:12:44,019 BaseRecalibrator - The covariates being used here:  
INFO  18:12:44,019 BaseRecalibrator - 	ReadGroupCovariate 
INFO  18:12:44,021 BaseRecalibrator - 	QualityScoreCovariate 
INFO  18:12:44,021 BaseRecalibrator - 	ContextCovariate 
INFO  18:12:44,021 ContextCovariate - 		Context sizes: base substitution model 2, indel substitution model 3 
INFO  18:12:44,021 BaseRecalibrator - 	CycleCovariate 
INFO  18:12:44,023 ReadShardBalancer$1 - Loading BAM index data 
INFO  18:12:44,248 ReadShardBalancer$1 - Done loading BAM index data 
INFO  18:13:14,553 ProgressMeter -      8:10465622         0.0    30.0 s      50.6 w        5.2%     9.5 m       9.0 m 
INFO  18:13:45,556 ProgressMeter -      8:21996416    200003.0    61.0 s       5.1 m       13.6%     7.5 m       6.5 m 
INFO  18:14:21,872 ProgressMeter -      8:24348390    400011.0    97.0 s       4.1 m       17.9%     9.0 m       7.4 m 
INFO  18:14:52,211 ProgressMeter -      8:33369935    500014.0     2.1 m       4.3 m       26.2%     8.1 m       6.0 m 
INFO  18:15:23,670 ProgressMeter -      8:42587447    800018.0     2.7 m       3.3 m       34.5%     7.7 m       5.0 m 
INFO  18:15:53,672 ProgressMeter -      8:64122293    900026.0     3.2 m       3.5 m       43.9%     7.2 m       4.0 m 
INFO  18:16:25,480 ProgressMeter -      8:80976813   1100030.0     3.7 m       3.4 m       52.5%     7.0 m       3.3 m 
INFO  18:16:55,483 ProgressMeter -     8:101287254   1400035.0     4.2 m       3.0 m       64.7%     6.5 m       2.3 m 
INFO  18:17:25,486 ProgressMeter -     8:120592315   1700039.0     4.7 m       2.8 m       73.8%     6.3 m      99.0 s 
INFO  18:17:55,488 ProgressMeter -     8:133981832   1900044.0     5.2 m       2.7 m       82.8%     6.3 m      64.0 s 
INFO  18:18:21,420 BaseRecalibrator - Calculating quantized quality scores... 
INFO  18:18:21,500 BaseRecalibrator - Writing recalibration report... 
INFO  18:18:23,328 BaseRecalibrator - ...done! 
INFO  18:18:23,329 BaseRecalibrator - BaseRecalibrator was able to recalibrate 2229225 reads 
INFO  18:18:23,331 ProgressMeter -            done   2229225.0     5.7 m       2.5 m      100.0%     5.7 m       0.0 s 
INFO  18:18:23,344 ProgressMeter - Total runtime 339.42 secs, 5.66 min, 0.09 hours 
INFO  18:18:23,346 MicroScheduler - 430074 reads were filtered out during the traversal out of approximately 2659299 total reads (16.17%) 
INFO  18:18:23,346 MicroScheduler -   -> 0 reads (0.00% of total) failing BadCigarFilter 
INFO  18:18:23,346 MicroScheduler -   -> 338485 reads (12.73% of total) failing DuplicateReadFilter 
INFO  18:18:23,346 MicroScheduler -   -> 0 reads (0.00% of total) failing FailsVendorQualityCheckFilter 
INFO  18:18:23,347 MicroScheduler -   -> 0 reads (0.00% of total) failing MalformedReadFilter 
INFO  18:18:23,347 MicroScheduler -   -> 0 reads (0.00% of total) failing MappingQualityUnavailableFilter 
INFO  18:18:23,347 MicroScheduler -   -> 91305 reads (3.43% of total) failing MappingQualityZeroFilter 
INFO  18:18:23,347 MicroScheduler -   -> 284 reads (0.01% of total) failing NotPrimaryAlignmentFilter 
INFO  18:18:23,347 MicroScheduler -   -> 0 reads (0.00% of total) failing UnmappedReadFilter 
