INFO  16:01:11,338 HelpFormatter - --------------------------------------------------------------------------------- 
INFO  16:01:11,340 HelpFormatter - The Genome Analysis Toolkit (GATK) v3.4-46-g8ea4dca, Compiled 2015/08/13 20:41:56 
INFO  16:01:11,340 HelpFormatter - Copyright (c) 2010 The Broad Institute 
INFO  16:01:11,340 HelpFormatter - For support and documentation go to http://www.broadinstitute.org/gatk 
INFO  16:01:11,343 HelpFormatter - Program Args: -T BaseRecalibrator -I /mnt/sdb/data/broadout/sim1M_pairs_gatk_best_practices_36t_30s_2016-09-26_15-40-42/sim1M_pairs_realign.bam -L /home/bshifaw/gitrepos/Reference-Design/Broad_Ref_Pip/workflow_profiler/.queue/scatterGather/ExampleBaseRecalibrator-1-sg/temp_08_of_36/scatter.intervals -R /mnt/sdb/Broad_Ref_Pipeline_approved_package/homosapiensrefgenome/Homo_sapiens_assembly19.fasta -knownSites /mnt/sdb/Broad_Ref_Pipeline_approved_package/homosapiensrefgenome/Homo_sapiens_assembly19.dbsnp.vcf -o /home/bshifaw/gitrepos/Reference-Design/Broad_Ref_Pip/workflow_profiler/.queue/scatterGather/ExampleBaseRecalibrator-1-sg/temp_08_of_36/sim1M_pairs_recal.grp 
INFO  16:01:11,356 HelpFormatter - Executing as bshifaw@application-0-1.hudson.intel.com on Linux 3.10.0-327.13.1.el7.x86_64 amd64; OpenJDK 64-Bit Server VM 1.8.0_102-b14. 
INFO  16:01:11,356 HelpFormatter - Date/Time: 2016/09/26 16:01:11 
INFO  16:01:11,356 HelpFormatter - --------------------------------------------------------------------------------- 
INFO  16:01:11,356 HelpFormatter - --------------------------------------------------------------------------------- 
INFO  16:01:11,469 GenomeAnalysisEngine - Strictness is SILENT 
INFO  16:01:11,612 GenomeAnalysisEngine - Downsampling Settings: No downsampling 
INFO  16:01:11,617 SAMDataSource$SAMReaders - Initializing SAMRecords in serial 
INFO  16:01:11,791 SAMDataSource$SAMReaders - Done initializing BAM readers: total time 0.17 
INFO  16:01:12,257 IntervalUtils - Processing 146364022 bp from intervals 
INFO  16:01:12,549 GenomeAnalysisEngine - Preparing for traversal over 1 BAM files 
INFO  16:01:13,363 GenomeAnalysisEngine - Done preparing for traversal 
INFO  16:01:13,366 ProgressMeter - [INITIALIZATION COMPLETE; STARTING PROCESSING] 
INFO  16:01:13,375 ProgressMeter -                 | processed |    time |    per 1M |           |   total | remaining 
INFO  16:01:13,376 ProgressMeter -        Location |     reads | elapsed |     reads | completed | runtime |   runtime 
INFO  16:01:13,538 BaseRecalibrator - The covariates being used here:  
INFO  16:01:13,539 BaseRecalibrator - 	ReadGroupCovariate 
INFO  16:01:13,540 BaseRecalibrator - 	QualityScoreCovariate 
INFO  16:01:13,540 BaseRecalibrator - 	ContextCovariate 
INFO  16:01:13,540 ContextCovariate - 		Context sizes: base substitution model 2, indel substitution model 3 
INFO  16:01:13,540 BaseRecalibrator - 	CycleCovariate 
INFO  16:01:13,617 ReadShardBalancer$1 - Loading BAM index data 
INFO  16:01:14,928 ReadShardBalancer$1 - Done loading BAM index data 
INFO  16:01:43,402 ProgressMeter -        Starting         0.0    30.0 s      49.7 w      100.0%    30.0 s       0.0 s 
INFO  16:02:13,405 ProgressMeter -        Starting         0.0    60.0 s      99.3 w      100.0%    60.0 s       0.0 s 
INFO  16:02:38,871 BaseRecalibrator - Calculating quantized quality scores... 
INFO  16:02:38,891 BaseRecalibrator - Writing recalibration report... 
INFO  16:02:39,646 BaseRecalibrator - ...done! 
INFO  16:02:39,646 BaseRecalibrator - BaseRecalibrator was able to recalibrate 90885 reads 
INFO  16:02:39,647 ProgressMeter -            done     90885.0    86.0 s      15.8 m       99.9%    86.0 s       0.0 s 
INFO  16:02:39,648 ProgressMeter - Total runtime 86.28 secs, 1.44 min, 0.02 hours 
INFO  16:02:39,648 MicroScheduler - 1342 reads were filtered out during the traversal out of approximately 92227 total reads (1.46%) 
INFO  16:02:39,649 MicroScheduler -   -> 0 reads (0.00% of total) failing BadCigarFilter 
INFO  16:02:39,649 MicroScheduler -   -> 0 reads (0.00% of total) failing DuplicateReadFilter 
INFO  16:02:39,649 MicroScheduler -   -> 0 reads (0.00% of total) failing FailsVendorQualityCheckFilter 
INFO  16:02:39,649 MicroScheduler -   -> 0 reads (0.00% of total) failing MalformedReadFilter 
INFO  16:02:39,649 MicroScheduler -   -> 0 reads (0.00% of total) failing MappingQualityUnavailableFilter 
INFO  16:02:39,650 MicroScheduler -   -> 1335 reads (1.45% of total) failing MappingQualityZeroFilter 
INFO  16:02:39,650 MicroScheduler -   -> 7 reads (0.01% of total) failing NotPrimaryAlignmentFilter 
INFO  16:02:39,650 MicroScheduler -   -> 0 reads (0.00% of total) failing UnmappedReadFilter 
