INFO  17:06:49,599 HelpFormatter - --------------------------------------------------------------------------------- 
INFO  17:06:49,615 HelpFormatter - The Genome Analysis Toolkit (GATK) v3.4-46-g8ea4dca, Compiled 2015/08/13 20:41:56 
INFO  17:06:49,615 HelpFormatter - Copyright (c) 2010 The Broad Institute 
INFO  17:06:49,615 HelpFormatter - For support and documentation go to http://www.broadinstitute.org/gatk 
INFO  17:06:49,624 HelpFormatter - Program Args: -T PrintReads -I /cluster_share/data/out/HG02769_gatk_best_practices_36t_30s_2016-11-28_15-18-37/HG02769_realign.bam -L /cluster_share/data/Broad_Ref_Pipeline_approved_package/workflow_profiler/.queue/scatterGather/ExamplePrintReads-1-sg/temp_05_of_36/scatter.intervals -R /cluster_share/data/reference/b37bundle/human_g1k_v37.fasta -BQSR /cluster_share/data/out/HG02769_gatk_best_practices_36t_30s_2016-11-28_15-18-37/HG02769_recal.grp -o /cluster_share/data/Broad_Ref_Pipeline_approved_package/workflow_profiler/.queue/scatterGather/ExamplePrintReads-1-sg/temp_05_of_36/HG02769_final.bam 
INFO  17:06:49,640 HelpFormatter - Executing as bshifaw@compute-1-1.hudson.intel.com on Linux 3.10.0-327.13.1.el7.x86_64 amd64; OpenJDK 64-Bit Server VM 1.8.0_111-b15. 
INFO  17:06:49,641 HelpFormatter - Date/Time: 2016/11/28 17:06:49 
INFO  17:06:49,641 HelpFormatter - --------------------------------------------------------------------------------- 
INFO  17:06:49,641 HelpFormatter - --------------------------------------------------------------------------------- 
INFO  17:06:49,848 GenomeAnalysisEngine - Strictness is SILENT 
INFO  17:06:52,204 ContextCovariate - 		Context sizes: base substitution model 2, indel substitution model 3 
INFO  17:06:52,557 GenomeAnalysisEngine - Downsampling Settings: No downsampling 
INFO  17:06:52,583 SAMDataSource$SAMReaders - Initializing SAMRecords in serial 
INFO  17:06:52,777 SAMDataSource$SAMReaders - Done initializing BAM readers: total time 0.19 
INFO  17:06:52,869 IntervalUtils - Processing 180915260 bp from intervals 
INFO  17:06:53,195 GenomeAnalysisEngine - Preparing for traversal over 1 BAM files 
INFO  17:06:54,360 GenomeAnalysisEngine - Done preparing for traversal 
INFO  17:06:54,377 ProgressMeter - [INITIALIZATION COMPLETE; STARTING PROCESSING] 
INFO  17:06:54,380 ProgressMeter -                 | processed |    time |    per 1M |           |   total | remaining 
INFO  17:06:54,381 ProgressMeter -        Location |     reads | elapsed |     reads | completed | runtime |   runtime 
INFO  17:06:54,409 ReadShardBalancer$1 - Loading BAM index data 
INFO  17:06:55,289 ReadShardBalancer$1 - Done loading BAM index data 
INFO  17:07:24,413 ProgressMeter -      5:31521357    400005.0    30.0 s      75.0 s       17.4%     2.9 m       2.4 m 
INFO  17:07:54,417 ProgressMeter -      5:54710046    900013.0    60.0 s      66.0 s       30.2%     3.3 m       2.3 m 
INFO  17:08:24,418 ProgressMeter -      5:75469751   1400030.0    90.0 s      64.0 s       41.7%     3.6 m       2.1 m 
INFO  17:08:54,420 ProgressMeter -     5:110079546   2000048.0   120.0 s      60.0 s       60.8%     3.3 m      77.0 s 
INFO  17:09:24,421 ProgressMeter -     5:134346196   2500058.0     2.5 m      60.0 s       74.3%     3.4 m      51.0 s 
INFO  17:09:54,422 ProgressMeter -     5:140731845   3100076.0     3.0 m      58.0 s       77.8%     3.9 m      51.0 s 
INFO  17:10:24,423 ProgressMeter -     5:150948515   3700093.0     3.5 m      56.0 s       83.4%     4.2 m      41.0 s 
INFO  17:10:54,425 ProgressMeter -     5:176563026   4200101.0     4.0 m      57.0 s       97.6%     4.1 m       5.0 s 
INFO  17:11:10,423 Walker - [REDUCE RESULT] Traversal result is: org.broadinstitute.gatk.engine.io.stubs.SAMFileWriterStub@2a6e54c2 
INFO  17:11:10,910 ProgressMeter -            done   4626738.0     4.3 m      55.0 s      100.0%     4.3 m       0.0 s 
INFO  17:11:10,911 ProgressMeter - Total runtime 256.54 secs, 4.28 min, 0.07 hours 
INFO  17:11:10,912 MicroScheduler - 0 reads were filtered out during the traversal out of approximately 4626738 total reads (0.00%) 
INFO  17:11:10,912 MicroScheduler -   -> 0 reads (0.00% of total) failing BadCigarFilter 
INFO  17:11:10,912 MicroScheduler -   -> 0 reads (0.00% of total) failing MalformedReadFilter 
