INFO  16:06:18,229 HelpFormatter - --------------------------------------------------------------------------------- 
INFO  16:06:18,231 HelpFormatter - The Genome Analysis Toolkit (GATK) v3.4-46-g8ea4dca, Compiled 2015/08/13 20:41:56 
INFO  16:06:18,232 HelpFormatter - Copyright (c) 2010 The Broad Institute 
INFO  16:06:18,232 HelpFormatter - For support and documentation go to http://www.broadinstitute.org/gatk 
INFO  16:06:18,243 HelpFormatter - Program Args: -T PrintReads -I /mnt/sdb/data/broadout/sim1M_pairs_gatk_best_practices_36t_30s_2016-09-26_15-40-42/sim1M_pairs_realign.bam -L /home/bshifaw/gitrepos/Reference-Design/Broad_Ref_Pip/workflow_profiler/.queue/scatterGather/ExamplePrintReads-1-sg/temp_05_of_36/scatter.intervals -R /mnt/sdb/Broad_Ref_Pipeline_approved_package/homosapiensrefgenome/Homo_sapiens_assembly19.fasta -BQSR /mnt/sdb/data/broadout/sim1M_pairs_gatk_best_practices_36t_30s_2016-09-26_15-40-42/sim1M_pairs_recal.grp -o /home/bshifaw/gitrepos/Reference-Design/Broad_Ref_Pip/workflow_profiler/.queue/scatterGather/ExamplePrintReads-1-sg/temp_05_of_36/sim1M_pairs_final.bam 
INFO  16:06:18,273 HelpFormatter - Executing as bshifaw@application-0-1.hudson.intel.com on Linux 3.10.0-327.13.1.el7.x86_64 amd64; OpenJDK 64-Bit Server VM 1.8.0_102-b14. 
INFO  16:06:18,274 HelpFormatter - Date/Time: 2016/09/26 16:06:18 
INFO  16:06:18,274 HelpFormatter - --------------------------------------------------------------------------------- 
INFO  16:06:18,274 HelpFormatter - --------------------------------------------------------------------------------- 
INFO  16:06:18,470 GenomeAnalysisEngine - Strictness is SILENT 
INFO  16:06:20,411 ContextCovariate - 		Context sizes: base substitution model 2, indel substitution model 3 
INFO  16:06:20,619 GenomeAnalysisEngine - Downsampling Settings: No downsampling 
INFO  16:06:20,669 SAMDataSource$SAMReaders - Initializing SAMRecords in serial 
INFO  16:06:20,839 SAMDataSource$SAMReaders - Done initializing BAM readers: total time 0.17 
INFO  16:06:20,911 IntervalUtils - Processing 180915260 bp from intervals 
INFO  16:06:21,241 GenomeAnalysisEngine - Preparing for traversal over 1 BAM files 
INFO  16:06:21,838 GenomeAnalysisEngine - Done preparing for traversal 
INFO  16:06:21,853 ProgressMeter - [INITIALIZATION COMPLETE; STARTING PROCESSING] 
INFO  16:06:21,853 ProgressMeter -                 | processed |    time |    per 1M |           |   total | remaining 
INFO  16:06:21,854 ProgressMeter -        Location |     reads | elapsed |     reads | completed | runtime |   runtime 
INFO  16:06:21,863 ReadShardBalancer$1 - Loading BAM index data 
INFO  16:06:22,583 ReadShardBalancer$1 - Done loading BAM index data 
INFO  16:06:36,892 Walker - [REDUCE RESULT] Traversal result is: org.broadinstitute.gatk.engine.io.stubs.SAMFileWriterStub@5b58129f 
INFO  16:06:36,991 ProgressMeter -            done    114613.0    15.0 s       2.2 m      100.0%    15.0 s       0.0 s 
INFO  16:06:36,992 ProgressMeter - Total runtime 15.14 secs, 0.25 min, 0.00 hours 
INFO  16:06:36,992 MicroScheduler - 0 reads were filtered out during the traversal out of approximately 114613 total reads (0.00%) 
INFO  16:06:36,992 MicroScheduler -   -> 0 reads (0.00% of total) failing BadCigarFilter 
INFO  16:06:36,992 MicroScheduler -   -> 0 reads (0.00% of total) failing MalformedReadFilter 
