INFO  20:17:54,408 HelpFormatter - --------------------------------------------------------------------------------- 
INFO  20:17:54,411 HelpFormatter - The Genome Analysis Toolkit (GATK) v3.4-46-g8ea4dca, Compiled 2015/08/13 20:41:56 
INFO  20:17:54,411 HelpFormatter - Copyright (c) 2010 The Broad Institute 
INFO  20:17:54,411 HelpFormatter - For support and documentation go to http://www.broadinstitute.org/gatk 
INFO  20:17:54,416 HelpFormatter - Program Args: -T BaseRecalibrator -I /home/opt/data/broadout/FC1-NA12878-01_S1_L001_R1_001_gatk_best_practices_36t_30s_2015-11-05_19-14-59/FC1-NA12878-01_S1_L001_R1_001_realign.bam -L /home/beris/Broad_Ref_Pipeline_approved_package/workflow_profiler/.queue/scatterGather/ExampleBaseRecalibrator-1-sg/temp_21_of_24/scatter.intervals -R /home/beris/Broad_Ref_Pipeline_approved_package/homosapiensrefgenome/Homo_sapiens_assembly19.fasta -knownSites /home/beris/Broad_Ref_Pipeline_approved_package/homosapiensrefgenome/Homo_sapiens_assembly19.dbsnp.vcf -o /home/beris/Broad_Ref_Pipeline_approved_package/workflow_profiler/.queue/scatterGather/ExampleBaseRecalibrator-1-sg/temp_21_of_24/FC1-NA12878-01_S1_L001_R1_001_recal.grp 
INFO  20:17:54,425 HelpFormatter - Executing as beris@dna on Linux 2.6.32-573.el6.x86_64 amd64; OpenJDK 64-Bit Server VM 1.7.0_79-mockbuild_2015_07_24_09_26-b00. 
INFO  20:17:54,426 HelpFormatter - Date/Time: 2015/11/05 20:17:54 
INFO  20:17:54,426 HelpFormatter - --------------------------------------------------------------------------------- 
INFO  20:17:54,426 HelpFormatter - --------------------------------------------------------------------------------- 
INFO  20:17:54,516 GenomeAnalysisEngine - Strictness is SILENT 
INFO  20:17:54,631 GenomeAnalysisEngine - Downsampling Settings: No downsampling 
INFO  20:17:54,643 SAMDataSource$SAMReaders - Initializing SAMRecords in serial 
INFO  20:17:54,700 SAMDataSource$SAMReaders - Done initializing BAM readers: total time 0.06 
INFO  20:17:55,008 IntervalUtils - Processing 387867 bp from intervals 
INFO  20:17:55,096 GenomeAnalysisEngine - Preparing for traversal over 1 BAM files 
INFO  20:17:55,289 GenomeAnalysisEngine - Done preparing for traversal 
INFO  20:17:55,290 ProgressMeter - [INITIALIZATION COMPLETE; STARTING PROCESSING] 
INFO  20:17:55,290 ProgressMeter -                 | processed |    time |    per 1M |           |   total | remaining 
INFO  20:17:55,290 ProgressMeter -        Location |     reads | elapsed |     reads | completed | runtime |   runtime 
INFO  20:17:55,401 BaseRecalibrator - The covariates being used here:  
INFO  20:17:55,401 BaseRecalibrator - 	ReadGroupCovariate 
INFO  20:17:55,401 BaseRecalibrator - 	QualityScoreCovariate 
INFO  20:17:55,402 BaseRecalibrator - 	ContextCovariate 
INFO  20:17:55,402 ContextCovariate - 		Context sizes: base substitution model 2, indel substitution model 3 
INFO  20:17:55,402 BaseRecalibrator - 	CycleCovariate 
INFO  20:17:55,406 ReadShardBalancer$1 - Loading BAM index data 
INFO  20:17:55,511 ReadShardBalancer$1 - Done loading BAM index data 
INFO  20:18:28,842 ProgressMeter -     21:44488672         0.0    33.0 s      55.5 w       69.3%    47.0 s      14.0 s 
INFO  20:18:32,881 BaseRecalibrator - Calculating quantized quality scores... 
INFO  20:18:32,973 BaseRecalibrator - Writing recalibration report... 
INFO  20:18:33,872 BaseRecalibrator - ...done! 
INFO  20:18:33,872 BaseRecalibrator - BaseRecalibrator was able to recalibrate 115090 reads 
INFO  20:18:33,873 ProgressMeter -            done    115090.0    38.0 s       5.6 m      100.0%    38.0 s       0.0 s 
INFO  20:18:33,873 ProgressMeter - Total runtime 38.58 secs, 0.64 min, 0.01 hours 
INFO  20:18:33,874 MicroScheduler - 39271 reads were filtered out during the traversal out of approximately 154361 total reads (25.44%) 
INFO  20:18:33,874 MicroScheduler -   -> 0 reads (0.00% of total) failing BadCigarFilter 
INFO  20:18:33,875 MicroScheduler -   -> 37620 reads (24.37% of total) failing DuplicateReadFilter 
INFO  20:18:33,875 MicroScheduler -   -> 0 reads (0.00% of total) failing FailsVendorQualityCheckFilter 
INFO  20:18:33,875 MicroScheduler -   -> 0 reads (0.00% of total) failing MalformedReadFilter 
INFO  20:18:33,875 MicroScheduler -   -> 0 reads (0.00% of total) failing MappingQualityUnavailableFilter 
INFO  20:18:33,875 MicroScheduler -   -> 1649 reads (1.07% of total) failing MappingQualityZeroFilter 
INFO  20:18:33,876 MicroScheduler -   -> 2 reads (0.00% of total) failing NotPrimaryAlignmentFilter 
INFO  20:18:33,876 MicroScheduler -   -> 0 reads (0.00% of total) failing UnmappedReadFilter 
