INFO  19:49:45,903 HelpFormatter - --------------------------------------------------------------------------------- 
INFO  19:49:45,911 HelpFormatter - The Genome Analysis Toolkit (GATK) v3.4-46-g8ea4dca, Compiled 2015/08/13 20:41:56 
INFO  19:49:45,911 HelpFormatter - Copyright (c) 2010 The Broad Institute 
INFO  19:49:45,912 HelpFormatter - For support and documentation go to http://www.broadinstitute.org/gatk 
INFO  19:49:45,922 HelpFormatter - Program Args: -T BaseRecalibrator -I /mnt/nvme0n1/data/broadout/HG02561_gatk_best_practices_8t_30s_2016-07-06_18-21-00/HG02561_realign.bam -L /mnt/nvme0n1/Broad_Ref_Pipeline_approved_package/workflow_profiler/.queue/scatterGather/ExampleBaseRecalibrator-1-sg/temp_21_of_24/scatter.intervals -R /mnt/nvme0n1/Broad_Ref_Pipeline_approved_package/b37bundle/human_g1k_v37.fasta -knownSites /mnt/nvme0n1/Broad_Ref_Pipeline_approved_package/b37bundle/dbsnp_138.b37.vcf -o /mnt/nvme0n1/Broad_Ref_Pipeline_approved_package/workflow_profiler/.queue/scatterGather/ExampleBaseRecalibrator-1-sg/temp_21_of_24/HG02561_recal.grp 
INFO  19:49:45,934 HelpFormatter - Executing as bshifaw@application-1-1.hudson.intel.com on Linux 3.10.0-327.el7.x86_64 amd64; OpenJDK 64-Bit Server VM 1.8.0_91-b14. 
INFO  19:49:45,942 HelpFormatter - Date/Time: 2016/07/06 19:49:45 
INFO  19:49:45,948 HelpFormatter - --------------------------------------------------------------------------------- 
INFO  19:49:45,950 HelpFormatter - --------------------------------------------------------------------------------- 
INFO  19:49:46,235 GenomeAnalysisEngine - Strictness is SILENT 
INFO  19:49:46,680 GenomeAnalysisEngine - Downsampling Settings: No downsampling 
INFO  19:49:46,702 SAMDataSource$SAMReaders - Initializing SAMRecords in serial 
INFO  19:49:46,910 SAMDataSource$SAMReaders - Done initializing BAM readers: total time 0.21 
INFO  19:49:47,655 IntervalUtils - Processing 519331 bp from intervals 
INFO  19:49:47,894 GenomeAnalysisEngine - Preparing for traversal over 1 BAM files 
INFO  19:49:48,184 GenomeAnalysisEngine - Done preparing for traversal 
INFO  19:49:48,184 ProgressMeter - [INITIALIZATION COMPLETE; STARTING PROCESSING] 
INFO  19:49:48,185 ProgressMeter -                 | processed |    time |    per 1M |           |   total | remaining 
INFO  19:49:48,193 ProgressMeter -        Location |     reads | elapsed |     reads | completed | runtime |   runtime 
INFO  19:49:48,300 BaseRecalibrator - The covariates being used here:  
INFO  19:49:48,300 BaseRecalibrator - 	ReadGroupCovariate 
INFO  19:49:48,303 BaseRecalibrator - 	QualityScoreCovariate 
INFO  19:49:48,303 BaseRecalibrator - 	ContextCovariate 
INFO  19:49:48,303 ContextCovariate - 		Context sizes: base substitution model 2, indel substitution model 3 
INFO  19:49:48,303 BaseRecalibrator - 	CycleCovariate 
INFO  19:49:48,314 ReadShardBalancer$1 - Loading BAM index data 
INFO  19:49:48,437 ReadShardBalancer$1 - Done loading BAM index data 
INFO  19:50:18,274 ProgressMeter -     21:10863145         0.0    30.0 s      49.8 w        0.1%     7.9 h       7.9 h 
INFO  19:50:48,378 ProgressMeter -     21:27840900         0.0    60.0 s      99.5 w       10.5%     9.5 m       8.5 m 
INFO  19:51:20,581 ProgressMeter -     21:34030259    200006.0    92.0 s       7.7 m       25.5%     6.0 m       4.5 m 
INFO  19:51:50,607 ProgressMeter -     21:37665808    300008.0     2.0 m       6.8 m       40.8%     5.0 m       3.0 m 
INFO  19:52:26,910 ProgressMeter -     21:43802324    400012.0     2.6 m       6.6 m       64.2%     4.1 m      88.0 s 
INFO  19:52:56,911 ProgressMeter -     21:47423316    700019.0     3.1 m       4.5 m       89.6%     3.5 m      21.0 s 
INFO  19:53:03,060 BaseRecalibrator - Calculating quantized quality scores... 
INFO  19:53:03,168 BaseRecalibrator - Writing recalibration report... 
INFO  19:53:05,030 BaseRecalibrator - ...done! 
INFO  19:53:05,036 BaseRecalibrator - BaseRecalibrator was able to recalibrate 767591 reads 
INFO  19:53:05,042 ProgressMeter -            done    767591.0     3.3 m       4.3 m      100.0%     3.3 m       0.0 s 
INFO  19:53:05,042 ProgressMeter - Total runtime 196.86 secs, 3.28 min, 0.05 hours 
INFO  19:53:05,042 MicroScheduler - 152183 reads were filtered out during the traversal out of approximately 919774 total reads (16.55%) 
INFO  19:53:05,046 MicroScheduler -   -> 0 reads (0.00% of total) failing BadCigarFilter 
INFO  19:53:05,047 MicroScheduler -   -> 137466 reads (14.95% of total) failing DuplicateReadFilter 
INFO  19:53:05,047 MicroScheduler -   -> 0 reads (0.00% of total) failing FailsVendorQualityCheckFilter 
INFO  19:53:05,048 MicroScheduler -   -> 0 reads (0.00% of total) failing MalformedReadFilter 
INFO  19:53:05,048 MicroScheduler -   -> 0 reads (0.00% of total) failing MappingQualityUnavailableFilter 
INFO  19:53:05,048 MicroScheduler -   -> 14608 reads (1.59% of total) failing MappingQualityZeroFilter 
INFO  19:53:05,048 MicroScheduler -   -> 109 reads (0.01% of total) failing NotPrimaryAlignmentFilter 
INFO  19:53:05,050 MicroScheduler -   -> 0 reads (0.00% of total) failing UnmappedReadFilter 
