INFO  14:22:17,158 HelpFormatter - --------------------------------------------------------------------------------- 
INFO  14:22:17,164 HelpFormatter - The Genome Analysis Toolkit (GATK) v3.4-46-g8ea4dca, Compiled 2015/08/13 20:41:56 
INFO  14:22:17,164 HelpFormatter - Copyright (c) 2010 The Broad Institute 
INFO  14:22:17,164 HelpFormatter - For support and documentation go to http://www.broadinstitute.org/gatk 
INFO  14:22:17,167 HelpFormatter - Program Args: -T BaseRecalibrator -I /mnt/sdb/data/broadout/sim1M_pairs_gatk_best_practices_12t_30s_2016-07-25_14-09-52/sim1M_pairs_realign.bam -L /mnt/sdb/Broad_Ref_Pipeline_approved_package/workflow_profiler/.queue/scatterGather/ExampleBaseRecalibrator-1-sg/temp_21_of_24/scatter.intervals -R /mnt/sdb/Broad_Ref_Pipeline_approved_package/b37bundle/human_g1k_v37.fasta -knownSites /mnt/sdb/Broad_Ref_Pipeline_approved_package/b37bundle/dbsnp_138.b37.vcf -o /mnt/sdb/Broad_Ref_Pipeline_approved_package/workflow_profiler/.queue/scatterGather/ExampleBaseRecalibrator-1-sg/temp_21_of_24/sim1M_pairs_recal.grp 
INFO  14:22:17,174 HelpFormatter - Executing as bshifaw@application-0-1.hudson.intel.com on Linux 3.10.0-327.el7.x86_64 amd64; OpenJDK 64-Bit Server VM 1.8.0_101-b13. 
INFO  14:22:17,178 HelpFormatter - Date/Time: 2016/07/25 14:22:17 
INFO  14:22:17,179 HelpFormatter - --------------------------------------------------------------------------------- 
INFO  14:22:17,179 HelpFormatter - --------------------------------------------------------------------------------- 
INFO  14:22:17,254 GenomeAnalysisEngine - Strictness is SILENT 
INFO  14:22:17,344 GenomeAnalysisEngine - Downsampling Settings: No downsampling 
INFO  14:22:17,372 SAMDataSource$SAMReaders - Initializing SAMRecords in serial 
INFO  14:22:17,398 SAMDataSource$SAMReaders - Done initializing BAM readers: total time 0.03 
INFO  14:22:17,696 IntervalUtils - Processing 519331 bp from intervals 
INFO  14:22:17,759 GenomeAnalysisEngine - Preparing for traversal over 1 BAM files 
INFO  14:22:17,913 GenomeAnalysisEngine - Done preparing for traversal 
INFO  14:22:17,954 ProgressMeter - [INITIALIZATION COMPLETE; STARTING PROCESSING] 
INFO  14:22:17,974 ProgressMeter -                 | processed |    time |    per 1M |           |   total | remaining 
INFO  14:22:17,974 ProgressMeter -        Location |     reads | elapsed |     reads | completed | runtime |   runtime 
INFO  14:22:18,060 BaseRecalibrator - The covariates being used here:  
INFO  14:22:18,061 BaseRecalibrator - 	ReadGroupCovariate 
INFO  14:22:18,062 BaseRecalibrator - 	QualityScoreCovariate 
INFO  14:22:18,062 BaseRecalibrator - 	ContextCovariate 
INFO  14:22:18,062 ContextCovariate - 		Context sizes: base substitution model 2, indel substitution model 3 
INFO  14:22:18,064 BaseRecalibrator - 	CycleCovariate 
INFO  14:22:18,066 ReadShardBalancer$1 - Loading BAM index data 
INFO  14:22:18,143 ReadShardBalancer$1 - Done loading BAM index data 
INFO  14:22:24,766 BaseRecalibrator - Calculating quantized quality scores... 
INFO  14:22:24,791 BaseRecalibrator - Writing recalibration report... 
INFO  14:22:25,413 BaseRecalibrator - ...done! 
INFO  14:22:25,413 BaseRecalibrator - BaseRecalibrator was able to recalibrate 458 reads 
INFO  14:22:25,416 ProgressMeter -            done       458.0     7.0 s       4.5 h       86.1%     8.0 s       1.0 s 
INFO  14:22:25,416 ProgressMeter - Total runtime 7.46 secs, 0.12 min, 0.00 hours 
INFO  14:22:25,416 MicroScheduler - 5 reads were filtered out during the traversal out of approximately 463 total reads (1.08%) 
INFO  14:22:25,417 MicroScheduler -   -> 0 reads (0.00% of total) failing BadCigarFilter 
INFO  14:22:25,417 MicroScheduler -   -> 0 reads (0.00% of total) failing DuplicateReadFilter 
INFO  14:22:25,417 MicroScheduler -   -> 0 reads (0.00% of total) failing FailsVendorQualityCheckFilter 
INFO  14:22:25,417 MicroScheduler -   -> 0 reads (0.00% of total) failing MalformedReadFilter 
INFO  14:22:25,418 MicroScheduler -   -> 0 reads (0.00% of total) failing MappingQualityUnavailableFilter 
INFO  14:22:25,418 MicroScheduler -   -> 5 reads (1.08% of total) failing MappingQualityZeroFilter 
INFO  14:22:25,418 MicroScheduler -   -> 0 reads (0.00% of total) failing NotPrimaryAlignmentFilter 
INFO  14:22:25,418 MicroScheduler -   -> 0 reads (0.00% of total) failing UnmappedReadFilter 
