INFO  18:00:55,550 HelpFormatter - --------------------------------------------------------------------------------- 
INFO  18:00:55,555 HelpFormatter - The Genome Analysis Toolkit (GATK) v3.4-46-g8ea4dca, Compiled 2015/08/13 20:41:56 
INFO  18:00:55,556 HelpFormatter - Copyright (c) 2010 The Broad Institute 
INFO  18:00:55,556 HelpFormatter - For support and documentation go to http://www.broadinstitute.org/gatk 
INFO  18:00:55,559 HelpFormatter - Program Args: -T HaplotypeCaller -I /home/opt/data/broadout/FC1-NA12878-01_S1_L001_gatk_best_practices_36t_30s_2015-11-10_16-39-49/FC1-NA12878-01_S1_L001_realign.bam -L /home/beris/Broad_Ref_Pipeline_approved_package/workflow_profiler/.queue/scatterGather/ExampleHaplotypeCaller-1-sg/temp_29_of_36/scatter.intervals -R /home/beris/Broad_Ref_Pipeline_approved_package/homosapiensrefgenome/Homo_sapiens_assembly19.fasta -variant_index_type LINEAR -variant_index_parameter 128000 -o /home/beris/Broad_Ref_Pipeline_approved_package/workflow_profiler/.queue/scatterGather/ExampleHaplotypeCaller-1-sg/temp_29_of_36/FC1-NA12878-01_S1_L001_realign.bam_HaplotypeCaller.g.vcf -ERC GVCF 
INFO  18:00:55,582 HelpFormatter - Executing as beris@dna on Linux 2.6.32-573.el6.x86_64 amd64; OpenJDK 64-Bit Server VM 1.7.0_79-mockbuild_2015_07_24_09_26-b00. 
INFO  18:00:55,582 HelpFormatter - Date/Time: 2015/11/10 18:00:55 
INFO  18:00:55,582 HelpFormatter - --------------------------------------------------------------------------------- 
INFO  18:00:55,583 HelpFormatter - --------------------------------------------------------------------------------- 
WARN  18:00:55,602 GATKVCFUtils - Naming your output file using the .g.vcf extension will automatically set the appropriate values  for --variant_index_type and --variant_index_parameter 
INFO  18:00:55,744 GenomeAnalysisEngine - Strictness is SILENT 
INFO  18:00:55,894 GenomeAnalysisEngine - Downsampling Settings: Method: BY_SAMPLE, Target Coverage: 500 
INFO  18:00:55,901 SAMDataSource$SAMReaders - Initializing SAMRecords in serial 
INFO  18:00:55,944 SAMDataSource$SAMReaders - Done initializing BAM readers: total time 0.04 
INFO  18:00:55,950 HCMappingQualityFilter - Filtering out reads with MAPQ < 20 
INFO  18:00:56,127 IntervalUtils - Processing 1017715 bp from intervals 
INFO  18:00:56,220 GenomeAnalysisEngine - Preparing for traversal over 1 BAM files 
INFO  18:00:56,464 GenomeAnalysisEngine - Done preparing for traversal 
INFO  18:00:56,476 ProgressMeter - [INITIALIZATION COMPLETE; STARTING PROCESSING] 
INFO  18:00:56,476 ProgressMeter -                 |      processed |    time |         per 1M |           |   total | remaining 
INFO  18:00:56,486 ProgressMeter -        Location | active regions | elapsed | active regions | completed | runtime |   runtime 
INFO  18:00:56,486 HaplotypeCaller - Standard Emitting and Calling confidence set to 0.0 for reference-model confidence output 
INFO  18:00:56,486 HaplotypeCaller - All sites annotated with PLs forced to true for reference-model confidence output 
INFO  18:00:56,710 HaplotypeCaller - Using global mismapping rate of 45 => -4.5 in log10 likelihood units 
Using AVX accelerated implementation of PairHMM
INFO  18:00:58,068 VectorLoglessPairHMM - libVectorLoglessPairHMM unpacked successfully from GATK jar file 
INFO  18:00:58,068 VectorLoglessPairHMM - Using vectorized implementation of PairHMM 
WARN  18:00:58,194 HaplotypeScore - Annotation will not be calculated, must be called from UnifiedGenotyper 
WARN  18:00:58,194 InbreedingCoeff - Annotation will not be calculated, must provide a valid PED file (-ped) from the command line. 
INFO  18:01:26,488 ProgressMeter -      17:3365972      1.9553151E7    30.0 s            1.0 s       12.0%     4.2 m       3.7 m 
INFO  18:01:56,490 ProgressMeter -     17:10543070     3.72609155E8    60.0 s            0.0 s       47.9%     2.1 m      65.0 s 
INFO  18:02:26,493 ProgressMeter -     17:27443411    1.109724022E9    90.0 s            0.0 s       75.2%   119.0 s      29.0 s 
INFO  18:02:44,457 VectorLoglessPairHMM - Time spent in setup for JNI call : 0.050733138000000004 
INFO  18:02:44,457 PairHMM - Total compute time in PairHMM computeLikelihoods() : 8.427448337000001 
INFO  18:02:44,457 HaplotypeCaller - Ran local assembly on 9712 active regions 
INFO  18:02:44,464 ProgressMeter -            done    2.201040656E9   107.0 s            0.0 s      100.0%   107.0 s       0.0 s 
INFO  18:02:44,464 ProgressMeter - Total runtime 107.99 secs, 1.80 min, 0.03 hours 
INFO  18:02:44,465 MicroScheduler - 30988 reads were filtered out during the traversal out of approximately 475104 total reads (6.52%) 
INFO  18:02:44,465 MicroScheduler -   -> 0 reads (0.00% of total) failing BadCigarFilter 
INFO  18:02:44,465 MicroScheduler -   -> 15523 reads (3.27% of total) failing DuplicateReadFilter 
INFO  18:02:44,466 MicroScheduler -   -> 0 reads (0.00% of total) failing FailsVendorQualityCheckFilter 
INFO  18:02:44,466 MicroScheduler -   -> 15417 reads (3.24% of total) failing HCMappingQualityFilter 
INFO  18:02:44,466 MicroScheduler -   -> 0 reads (0.00% of total) failing MalformedReadFilter 
INFO  18:02:44,466 MicroScheduler -   -> 0 reads (0.00% of total) failing MappingQualityUnavailableFilter 
INFO  18:02:44,466 MicroScheduler -   -> 48 reads (0.01% of total) failing NotPrimaryAlignmentFilter 
INFO  18:02:44,467 MicroScheduler -   -> 0 reads (0.00% of total) failing UnmappedReadFilter 
