INFO  20:39:39,211 HelpFormatter - --------------------------------------------------------------------------------- 
INFO  20:39:39,213 HelpFormatter - The Genome Analysis Toolkit (GATK) v3.4-46-g8ea4dca, Compiled 2015/08/13 20:41:56 
INFO  20:39:39,214 HelpFormatter - Copyright (c) 2010 The Broad Institute 
INFO  20:39:39,214 HelpFormatter - For support and documentation go to http://www.broadinstitute.org/gatk 
INFO  20:39:39,217 HelpFormatter - Program Args: -T HaplotypeCaller -I /home/opt/data/broadout/FC1-NA12878-01_S1_L001_R1_001_gatk_best_practices_36t_30s_2015-11-05_19-14-59/FC1-NA12878-01_S1_L001_R1_001_realign.bam -L /home/beris/Broad_Ref_Pipeline_approved_package/workflow_profiler/.queue/scatterGather/ExampleHaplotypeCaller-1-sg/temp_29_of_36/scatter.intervals -R /home/beris/Broad_Ref_Pipeline_approved_package/homosapiensrefgenome/Homo_sapiens_assembly19.fasta -variant_index_type LINEAR -variant_index_parameter 128000 -o /home/beris/Broad_Ref_Pipeline_approved_package/workflow_profiler/.queue/scatterGather/ExampleHaplotypeCaller-1-sg/temp_29_of_36/FC1-NA12878-01_S1_L001_R1_001_realign.bam_HaplotypeCaller.g.vcf -ERC GVCF 
INFO  20:39:39,226 HelpFormatter - Executing as beris@dna on Linux 2.6.32-573.el6.x86_64 amd64; OpenJDK 64-Bit Server VM 1.7.0_79-mockbuild_2015_07_24_09_26-b00. 
INFO  20:39:39,226 HelpFormatter - Date/Time: 2015/11/05 20:39:39 
INFO  20:39:39,227 HelpFormatter - --------------------------------------------------------------------------------- 
INFO  20:39:39,227 HelpFormatter - --------------------------------------------------------------------------------- 
WARN  20:39:39,256 GATKVCFUtils - Naming your output file using the .g.vcf extension will automatically set the appropriate values  for --variant_index_type and --variant_index_parameter 
INFO  20:39:39,372 GenomeAnalysisEngine - Strictness is SILENT 
INFO  20:39:39,497 GenomeAnalysisEngine - Downsampling Settings: Method: BY_SAMPLE, Target Coverage: 500 
INFO  20:39:39,518 SAMDataSource$SAMReaders - Initializing SAMRecords in serial 
INFO  20:39:39,564 SAMDataSource$SAMReaders - Done initializing BAM readers: total time 0.05 
INFO  20:39:39,575 HCMappingQualityFilter - Filtering out reads with MAPQ < 20 
INFO  20:39:39,765 IntervalUtils - Processing 1017715 bp from intervals 
INFO  20:39:39,848 GenomeAnalysisEngine - Preparing for traversal over 1 BAM files 
INFO  20:39:40,018 GenomeAnalysisEngine - Done preparing for traversal 
INFO  20:39:40,019 ProgressMeter - [INITIALIZATION COMPLETE; STARTING PROCESSING] 
INFO  20:39:40,019 ProgressMeter -                 |      processed |    time |         per 1M |           |   total | remaining 
INFO  20:39:40,020 ProgressMeter -        Location | active regions | elapsed | active regions | completed | runtime |   runtime 
INFO  20:39:40,020 HaplotypeCaller - Standard Emitting and Calling confidence set to 0.0 for reference-model confidence output 
INFO  20:39:40,021 HaplotypeCaller - All sites annotated with PLs forced to true for reference-model confidence output 
INFO  20:39:40,168 HaplotypeCaller - Using global mismapping rate of 45 => -4.5 in log10 likelihood units 
Using AVX accelerated implementation of PairHMM
INFO  20:39:41,049 VectorLoglessPairHMM - libVectorLoglessPairHMM unpacked successfully from GATK jar file 
INFO  20:39:41,050 VectorLoglessPairHMM - Using vectorized implementation of PairHMM 
WARN  20:39:41,162 HaplotypeScore - Annotation will not be calculated, must be called from UnifiedGenotyper 
WARN  20:39:41,163 InbreedingCoeff - Annotation will not be calculated, must provide a valid PED file (-ped) from the command line. 
INFO  20:40:10,023 ProgressMeter -      17:4886000      7.1207135E7    30.0 s            0.0 s       21.6%     2.3 m     108.0 s 
INFO  20:40:40,025 ProgressMeter -     17:15162377     4.65648654E8    60.0 s            0.0 s       51.5%   116.0 s      56.0 s 
INFO  20:41:10,028 ProgressMeter -     17:32687653    1.492182693E9    90.0 s            0.0 s       84.7%   106.0 s      16.0 s 
INFO  20:41:20,483 VectorLoglessPairHMM - Time spent in setup for JNI call : 0.033592498000000005 
INFO  20:41:20,484 PairHMM - Total compute time in PairHMM computeLikelihoods() : 6.787809848 
INFO  20:41:20,484 HaplotypeCaller - Ran local assembly on 10107 active regions 
INFO  20:41:20,491 ProgressMeter -            done    2.201040656E9   100.0 s            0.0 s      100.0%   100.0 s       0.0 s 
INFO  20:41:20,492 ProgressMeter - Total runtime 100.47 secs, 1.67 min, 0.03 hours 
INFO  20:41:20,492 MicroScheduler - 144068 reads were filtered out during the traversal out of approximately 474894 total reads (30.34%) 
INFO  20:41:20,493 MicroScheduler -   -> 0 reads (0.00% of total) failing BadCigarFilter 
INFO  20:41:20,493 MicroScheduler -   -> 109296 reads (23.01% of total) failing DuplicateReadFilter 
INFO  20:41:20,493 MicroScheduler -   -> 0 reads (0.00% of total) failing FailsVendorQualityCheckFilter 
INFO  20:41:20,493 MicroScheduler -   -> 34720 reads (7.31% of total) failing HCMappingQualityFilter 
INFO  20:41:20,494 MicroScheduler -   -> 0 reads (0.00% of total) failing MalformedReadFilter 
INFO  20:41:20,494 MicroScheduler -   -> 0 reads (0.00% of total) failing MappingQualityUnavailableFilter 
INFO  20:41:20,494 MicroScheduler -   -> 52 reads (0.01% of total) failing NotPrimaryAlignmentFilter 
INFO  20:41:20,494 MicroScheduler -   -> 0 reads (0.00% of total) failing UnmappedReadFilter 
