INFO  19:03:21,735 HelpFormatter - --------------------------------------------------------------------------------- 
INFO  19:03:21,754 HelpFormatter - The Genome Analysis Toolkit (GATK) v3.4-46-g8ea4dca, Compiled 2015/08/13 20:41:56 
INFO  19:03:21,755 HelpFormatter - Copyright (c) 2010 The Broad Institute 
INFO  19:03:21,755 HelpFormatter - For support and documentation go to http://www.broadinstitute.org/gatk 
INFO  19:03:21,759 HelpFormatter - Program Args: -T HaplotypeCaller -I /mnt/sdb/data/broadout/HG02769_gatk_best_practices_8t_30s_2016-07-25_16-38-44/HG02769_final.bam -L /mnt/sdb/Broad_Ref_Pipeline_approved_package/workflow_profiler/.queue/scatterGather/ExampleHaplotypeCaller-1-sg/temp_29_of_36/scatter.intervals -R /mnt/sdb/Broad_Ref_Pipeline_approved_package/b37bundle/human_g1k_v37.fasta -variant_index_type LINEAR -variant_index_parameter 128000 -o /mnt/sdb/Broad_Ref_Pipeline_approved_package/workflow_profiler/.queue/scatterGather/ExampleHaplotypeCaller-1-sg/temp_29_of_36/HG02769_HaplotypeCaller.g.vcf -ERC GVCF 
INFO  19:03:21,778 HelpFormatter - Executing as bshifaw@application-0-1.hudson.intel.com on Linux 3.10.0-327.el7.x86_64 amd64; OpenJDK 64-Bit Server VM 1.8.0_101-b13. 
INFO  19:03:21,778 HelpFormatter - Date/Time: 2016/07/25 19:03:21 
INFO  19:03:21,779 HelpFormatter - --------------------------------------------------------------------------------- 
INFO  19:03:21,779 HelpFormatter - --------------------------------------------------------------------------------- 
WARN  19:03:21,795 GATKVCFUtils - Naming your output file using the .g.vcf extension will automatically set the appropriate values  for --variant_index_type and --variant_index_parameter 
INFO  19:03:22,127 GenomeAnalysisEngine - Strictness is SILENT 
INFO  19:03:22,642 GenomeAnalysisEngine - Downsampling Settings: Method: BY_SAMPLE, Target Coverage: 500 
INFO  19:03:22,688 SAMDataSource$SAMReaders - Initializing SAMRecords in serial 
INFO  19:03:22,949 SAMDataSource$SAMReaders - Done initializing BAM readers: total time 0.26 
INFO  19:03:22,991 HCMappingQualityFilter - Filtering out reads with MAPQ < 20 
INFO  19:03:23,269 IntervalUtils - Processing 1437965 bp from intervals 
INFO  19:03:23,627 GenomeAnalysisEngine - Preparing for traversal over 1 BAM files 
INFO  19:03:24,230 GenomeAnalysisEngine - Done preparing for traversal 
INFO  19:03:24,230 ProgressMeter - [INITIALIZATION COMPLETE; STARTING PROCESSING] 
INFO  19:03:24,231 ProgressMeter -                 |      processed |    time |         per 1M |           |   total | remaining 
INFO  19:03:24,231 ProgressMeter -        Location | active regions | elapsed | active regions | completed | runtime |   runtime 
INFO  19:03:24,242 HaplotypeCaller - Standard Emitting and Calling confidence set to 0.0 for reference-model confidence output 
INFO  19:03:24,242 HaplotypeCaller - All sites annotated with PLs forced to true for reference-model confidence output 
INFO  19:03:24,616 HaplotypeCaller - Using global mismapping rate of 45 => -4.5 in log10 likelihood units 
Using AVX accelerated implementation of PairHMM
INFO  19:03:33,285 VectorLoglessPairHMM - libVectorLoglessPairHMM unpacked successfully from GATK jar file 
INFO  19:03:33,285 VectorLoglessPairHMM - Using vectorized implementation of PairHMM 
WARN  19:03:35,148 HaplotypeScore - Annotation will not be calculated, must be called from UnifiedGenotyper 
WARN  19:03:35,149 InbreedingCoeff - Annotation will not be calculated, must provide a valid PED file (-ped) from the command line. 
INFO  19:03:54,307 ProgressMeter -      17:7756737           9586.0    30.0 s           52.3 m        0.4%   118.4 m     117.9 m 
INFO  19:04:24,308 ProgressMeter -      17:7812409         272017.0    60.0 s            3.7 m        1.3%    77.9 m      76.9 m 
INFO  19:04:54,309 ProgressMeter -      17:8077469        2936445.0    90.0 s           30.0 s        3.6%    41.6 m      40.1 m 
INFO  19:05:34,310 ProgressMeter -      17:8926039      1.2879679E7     2.2 m           10.0 s        7.2%    30.3 m      28.1 m 
INFO  19:06:04,311 ProgressMeter -     17:10404375      3.1774084E7     2.7 m            5.0 s       10.8%    24.7 m      22.0 m 
INFO  19:06:34,312 ProgressMeter -     17:12649184      6.1420981E7     3.2 m            3.0 s       14.8%    21.4 m      18.3 m 
INFO  19:07:04,312 ProgressMeter -     17:16455419     1.09220683E8     3.7 m            2.0 s       18.9%    19.4 m      15.7 m 
INFO  19:07:34,313 ProgressMeter -     17:18137451     1.73791939E8     4.2 m            1.0 s       24.0%    17.4 m      13.2 m 
INFO  19:08:04,314 ProgressMeter -     17:19316958     2.32292476E8     4.7 m            1.0 s       28.1%    16.6 m      11.9 m 
INFO  19:08:34,315 ProgressMeter -     17:26110089     3.28935206E8     5.2 m            0.0 s       32.1%    16.1 m      10.9 m 
INFO  19:09:04,316 ProgressMeter -     17:27183472     4.10551471E8     5.7 m            0.0 s       37.3%    15.2 m       9.5 m 
INFO  19:09:34,317 ProgressMeter -     17:29112885     5.47467314E8     6.2 m            0.0 s       43.0%    14.3 m       8.2 m 
INFO  19:10:04,318 ProgressMeter -     17:31260140     7.07586385E8     6.7 m            0.0 s       48.0%    13.9 m       7.2 m 
INFO  19:10:34,319 ProgressMeter -     17:34001143     8.18241488E8     7.2 m            0.0 s       51.8%    13.8 m       6.7 m 
INFO  19:11:04,320 ProgressMeter -     17:35536258     9.79846802E8     7.7 m            0.0 s       55.8%    13.7 m       6.1 m 
INFO  19:11:34,322 ProgressMeter -     17:37071244    1.169855905E9     8.2 m            0.0 s       60.4%    13.5 m       5.4 m 
INFO  19:12:04,323 ProgressMeter -     17:38032883    1.304530742E9     8.7 m            0.0 s       64.0%    13.5 m       4.9 m 
INFO  19:12:34,324 ProgressMeter -     17:38978159     1.49227001E9     9.2 m            0.0 s       68.7%    13.3 m       4.2 m 
INFO  19:13:04,325 ProgressMeter -     17:39406321    1.543187046E9     9.7 m            0.0 s       70.3%    13.8 m       4.1 m 
INFO  19:13:34,326 ProgressMeter -     17:39890806    1.627596847E9    10.2 m            0.0 s       73.0%    13.9 m       3.8 m 
INFO  19:14:04,328 ProgressMeter -     17:40821884    1.882810114E9    10.7 m            0.0 s       78.9%    13.5 m       2.9 m 
INFO  19:14:34,343 ProgressMeter -     17:42289267    2.225144631E9    11.2 m            0.0 s       86.4%    12.9 m     105.0 s 
INFO  19:14:59,129 VectorLoglessPairHMM - Time spent in setup for JNI call : 0.39023084100000005 
INFO  19:14:59,129 PairHMM - Total compute time in PairHMM computeLikelihoods() : 79.93693975400001 
INFO  19:14:59,129 HaplotypeCaller - Ran local assembly on 8415 active regions 
INFO  19:14:59,135 ProgressMeter -            done     2.93972866E9    11.6 m            0.0 s      100.0%    11.6 m       0.0 s 
INFO  19:14:59,135 ProgressMeter - Total runtime 694.91 secs, 11.58 min, 0.19 hours 
INFO  19:14:59,136 MicroScheduler - 930967 reads were filtered out during the traversal out of approximately 3138615 total reads (29.66%) 
INFO  19:14:59,136 MicroScheduler -   -> 0 reads (0.00% of total) failing BadCigarFilter 
INFO  19:14:59,136 MicroScheduler -   -> 369931 reads (11.79% of total) failing DuplicateReadFilter 
INFO  19:14:59,137 MicroScheduler -   -> 0 reads (0.00% of total) failing FailsVendorQualityCheckFilter 
INFO  19:14:59,137 MicroScheduler -   -> 560795 reads (17.87% of total) failing HCMappingQualityFilter 
INFO  19:14:59,137 MicroScheduler -   -> 0 reads (0.00% of total) failing MalformedReadFilter 
INFO  19:14:59,137 MicroScheduler -   -> 0 reads (0.00% of total) failing MappingQualityUnavailableFilter 
INFO  19:14:59,137 MicroScheduler -   -> 241 reads (0.01% of total) failing NotPrimaryAlignmentFilter 
INFO  19:14:59,138 MicroScheduler -   -> 0 reads (0.00% of total) failing UnmappedReadFilter 
