INFO  20:48:09,951 HelpFormatter - --------------------------------------------------------------------------------- 
INFO  20:48:09,954 HelpFormatter - The Genome Analysis Toolkit (GATK) v3.4-46-g8ea4dca, Compiled 2015/08/13 20:41:56 
INFO  20:48:09,954 HelpFormatter - Copyright (c) 2010 The Broad Institute 
INFO  20:48:09,954 HelpFormatter - For support and documentation go to http://www.broadinstitute.org/gatk 
INFO  20:48:09,957 HelpFormatter - Program Args: -T HaplotypeCaller -I /mnt/nvme0n1/data/broadout/HG02771_gatk_best_practices_8t_30s_2016-07-06_18-21-02/HG02771_final.bam -L /mnt/nvme0n1/Broad_Ref_Pipeline_approved_package/workflow_profiler/.queue/scatterGather/ExampleHaplotypeCaller-1-sg/temp_29_of_36/scatter.intervals -R /mnt/nvme0n1/Broad_Ref_Pipeline_approved_package/b37bundle/human_g1k_v37.fasta -variant_index_type LINEAR -variant_index_parameter 128000 -o /mnt/nvme0n1/Broad_Ref_Pipeline_approved_package/workflow_profiler/.queue/scatterGather/ExampleHaplotypeCaller-1-sg/temp_29_of_36/HG02771_HaplotypeCaller.g.vcf -ERC GVCF 
INFO  20:48:10,059 HelpFormatter - Executing as bshifaw@application-1-1.hudson.intel.com on Linux 3.10.0-327.el7.x86_64 amd64; OpenJDK 64-Bit Server VM 1.8.0_91-b14. 
INFO  20:48:10,060 HelpFormatter - Date/Time: 2016/07/06 20:48:09 
INFO  20:48:10,060 HelpFormatter - --------------------------------------------------------------------------------- 
INFO  20:48:10,061 HelpFormatter - --------------------------------------------------------------------------------- 
WARN  20:48:10,152 GATKVCFUtils - Naming your output file using the .g.vcf extension will automatically set the appropriate values  for --variant_index_type and --variant_index_parameter 
INFO  20:48:10,878 GenomeAnalysisEngine - Strictness is SILENT 
INFO  20:48:11,983 GenomeAnalysisEngine - Downsampling Settings: Method: BY_SAMPLE, Target Coverage: 500 
INFO  20:48:12,020 SAMDataSource$SAMReaders - Initializing SAMRecords in serial 
INFO  20:48:12,322 SAMDataSource$SAMReaders - Done initializing BAM readers: total time 0.30 
INFO  20:48:12,399 HCMappingQualityFilter - Filtering out reads with MAPQ < 20 
INFO  20:48:12,967 IntervalUtils - Processing 1437965 bp from intervals 
INFO  20:48:13,850 GenomeAnalysisEngine - Preparing for traversal over 1 BAM files 
INFO  20:48:15,016 GenomeAnalysisEngine - Done preparing for traversal 
INFO  20:48:15,066 ProgressMeter - [INITIALIZATION COMPLETE; STARTING PROCESSING] 
INFO  20:48:15,067 ProgressMeter -                 |      processed |    time |         per 1M |           |   total | remaining 
INFO  20:48:15,080 ProgressMeter -        Location | active regions | elapsed | active regions | completed | runtime |   runtime 
INFO  20:48:15,119 HaplotypeCaller - Standard Emitting and Calling confidence set to 0.0 for reference-model confidence output 
INFO  20:48:15,120 HaplotypeCaller - All sites annotated with PLs forced to true for reference-model confidence output 
INFO  20:48:16,055 HaplotypeCaller - Using global mismapping rate of 45 => -4.5 in log10 likelihood units 
Using AVX accelerated implementation of PairHMM
INFO  20:48:28,358 VectorLoglessPairHMM - libVectorLoglessPairHMM unpacked successfully from GATK jar file 
INFO  20:48:28,358 VectorLoglessPairHMM - Using vectorized implementation of PairHMM 
WARN  20:48:29,609 HaplotypeScore - Annotation will not be calculated, must be called from UnifiedGenotyper 
WARN  20:48:29,799 InbreedingCoeff - Annotation will not be calculated, must provide a valid PED file (-ped) from the command line. 
INFO  20:48:45,225 ProgressMeter -      17:7752216              0.0    30.0 s           49.9 w        0.2%     4.5 h       4.5 h 
INFO  20:49:15,610 ProgressMeter -      17:7797460          85432.0    60.0 s           11.8 m        0.7%     2.2 h       2.2 h 
INFO  20:49:45,611 ProgressMeter -      17:7917146         994245.0    90.0 s           91.0 s        2.2%    69.6 m      68.1 m 
INFO  20:50:15,612 ProgressMeter -      17:8141297        3727112.0   120.0 s           32.0 s        4.2%    47.7 m      45.7 m 
INFO  20:50:55,613 ProgressMeter -      17:9615235      1.7209236E7     2.7 m            9.0 s        7.9%    33.8 m      31.2 m 
INFO  20:51:25,614 ProgressMeter -     17:10368707      3.0546183E7     3.2 m            6.0 s       10.5%    30.1 m      27.0 m 
INFO  20:51:55,614 ProgressMeter -     17:11772399      5.2108174E7     3.7 m            4.0 s       13.9%    26.3 m      22.6 m 
INFO  20:52:25,616 ProgressMeter -     17:16229062      1.0225918E8     4.2 m            2.0 s       18.3%    22.7 m      18.6 m 
INFO  20:52:55,617 ProgressMeter -     17:18044049     1.62257083E8     4.7 m            1.0 s       23.1%    20.2 m      15.5 m 
INFO  20:53:25,618 ProgressMeter -     17:18862865     2.13350083E8     5.2 m            1.0 s       26.8%    19.3 m      14.1 m 
INFO  20:54:05,619 ProgressMeter -     17:21319593     3.00364459E8     5.8 m            1.0 s       31.0%    18.8 m      13.0 m 
INFO  20:54:35,632 ProgressMeter -     17:27050811      4.0100564E8     6.3 m            0.0 s       36.6%    17.3 m      11.0 m 
INFO  20:55:05,633 ProgressMeter -     17:29124277     5.49944421E8     6.8 m            0.0 s       43.1%    15.9 m       9.0 m 
INFO  20:55:35,634 ProgressMeter -     17:31618374     7.20038862E8     7.3 m            0.0 s       48.2%    15.2 m       7.9 m 
INFO  20:56:05,635 ProgressMeter -     17:34001143     8.18241488E8     7.8 m            0.0 s       51.8%    15.1 m       7.3 m 
INFO  20:56:35,637 ProgressMeter -     17:35445859     9.68645302E8     8.3 m            0.0 s       55.5%    15.0 m       6.7 m 
INFO  20:57:05,638 ProgressMeter -     17:37359267    1.203925224E9     8.8 m            0.0 s       61.1%    14.5 m       5.6 m 
INFO  20:57:35,639 ProgressMeter -     17:38555348    1.416271549E9     9.3 m            0.0 s       66.7%    14.0 m       4.7 m 
INFO  20:58:05,640 ProgressMeter -     17:39382866    1.540158609E9     9.8 m            0.0 s       70.1%    14.0 m       4.2 m 
INFO  20:58:35,645 ProgressMeter -     17:39888148    1.626547871E9    10.3 m            0.0 s       72.9%    14.2 m       3.8 m 
INFO  20:59:05,659 ProgressMeter -     17:40719091    1.852325882E9    10.8 m            0.0 s       78.1%    13.9 m       3.0 m 
INFO  20:59:35,660 ProgressMeter -     17:41600944     2.10663941E9    11.3 m            0.0 s       83.7%    13.5 m       2.2 m 
INFO  21:00:05,661 ProgressMeter -     17:43173510    2.400999678E9    11.8 m            0.0 s       90.4%    13.1 m      75.0 s 
INFO  21:00:35,663 ProgressMeter -     17:46196436    2.876829786E9    12.3 m            0.0 s       98.9%    12.5 m       8.0 s 
INFO  21:00:40,003 VectorLoglessPairHMM - Time spent in setup for JNI call : 0.38500369300000004 
INFO  21:00:40,003 PairHMM - Total compute time in PairHMM computeLikelihoods() : 72.78138591300001 
INFO  21:00:40,003 HaplotypeCaller - Ran local assembly on 8451 active regions 
INFO  21:00:40,022 ProgressMeter -            done     2.93972866E9    12.4 m            0.0 s      100.0%    12.4 m       0.0 s 
INFO  21:00:40,022 ProgressMeter - Total runtime 744.96 secs, 12.42 min, 0.21 hours 
INFO  21:00:40,022 MicroScheduler - 773039 reads were filtered out during the traversal out of approximately 2894992 total reads (26.70%) 
INFO  21:00:40,023 MicroScheduler -   -> 0 reads (0.00% of total) failing BadCigarFilter 
INFO  21:00:40,023 MicroScheduler -   -> 361214 reads (12.48% of total) failing DuplicateReadFilter 
INFO  21:00:40,023 MicroScheduler -   -> 0 reads (0.00% of total) failing FailsVendorQualityCheckFilter 
INFO  21:00:40,024 MicroScheduler -   -> 411608 reads (14.22% of total) failing HCMappingQualityFilter 
INFO  21:00:40,024 MicroScheduler -   -> 0 reads (0.00% of total) failing MalformedReadFilter 
INFO  21:00:40,024 MicroScheduler -   -> 0 reads (0.00% of total) failing MappingQualityUnavailableFilter 
INFO  21:00:40,024 MicroScheduler -   -> 217 reads (0.01% of total) failing NotPrimaryAlignmentFilter 
INFO  21:00:40,024 MicroScheduler -   -> 0 reads (0.00% of total) failing UnmappedReadFilter 
