INFO  17:36:58,207 HelpFormatter - --------------------------------------------------------------------------------- 
INFO  17:36:58,215 HelpFormatter - The Genome Analysis Toolkit (GATK) v3.4-46-g8ea4dca, Compiled 2015/08/13 20:41:56 
INFO  17:36:58,216 HelpFormatter - Copyright (c) 2010 The Broad Institute 
INFO  17:36:58,216 HelpFormatter - For support and documentation go to http://www.broadinstitute.org/gatk 
INFO  17:36:58,222 HelpFormatter - Program Args: -T HaplotypeCaller -I /cluster_share/data/out/HG02769_gatk_best_practices_36t_30s_2016-11-28_15-18-37/HG02769_final.bam -L /cluster_share/data/Broad_Ref_Pipeline_approved_package/workflow_profiler/.queue/scatterGather/ExampleHaplotypeCaller-1-sg/temp_30_of_36/scatter.intervals -R /cluster_share/data/reference/b37bundle/human_g1k_v37.fasta -variant_index_type LINEAR -variant_index_parameter 128000 -o /cluster_share/data/Broad_Ref_Pipeline_approved_package/workflow_profiler/.queue/scatterGather/ExampleHaplotypeCaller-1-sg/temp_30_of_36/HG02769_HaplotypeCaller.g.vcf -ERC GVCF 
INFO  17:36:58,232 HelpFormatter - Executing as bshifaw@compute-1-1.hudson.intel.com on Linux 3.10.0-327.13.1.el7.x86_64 amd64; OpenJDK 64-Bit Server VM 1.8.0_111-b15. 
INFO  17:36:58,242 HelpFormatter - Date/Time: 2016/11/28 17:36:58 
INFO  17:36:58,242 HelpFormatter - --------------------------------------------------------------------------------- 
INFO  17:36:58,242 HelpFormatter - --------------------------------------------------------------------------------- 
WARN  17:36:58,246 GATKVCFUtils - Naming your output file using the .g.vcf extension will automatically set the appropriate values  for --variant_index_type and --variant_index_parameter 
INFO  17:36:58,363 GenomeAnalysisEngine - Strictness is SILENT 
INFO  17:36:58,660 GenomeAnalysisEngine - Downsampling Settings: Method: BY_SAMPLE, Target Coverage: 500 
INFO  17:36:58,692 SAMDataSource$SAMReaders - Initializing SAMRecords in serial 
INFO  17:36:58,900 SAMDataSource$SAMReaders - Done initializing BAM readers: total time 0.21 
INFO  17:36:58,945 HCMappingQualityFilter - Filtering out reads with MAPQ < 20 
INFO  17:36:59,123 IntervalUtils - Processing 1437965 bp from intervals 
INFO  17:36:59,312 GenomeAnalysisEngine - Preparing for traversal over 1 BAM files 
INFO  17:36:59,771 GenomeAnalysisEngine - Done preparing for traversal 
INFO  17:36:59,781 ProgressMeter - [INITIALIZATION COMPLETE; STARTING PROCESSING] 
INFO  17:36:59,789 ProgressMeter -                 |      processed |    time |         per 1M |           |   total | remaining 
INFO  17:36:59,791 ProgressMeter -        Location | active regions | elapsed | active regions | completed | runtime |   runtime 
INFO  17:36:59,860 HaplotypeCaller - Standard Emitting and Calling confidence set to 0.0 for reference-model confidence output 
INFO  17:36:59,860 HaplotypeCaller - All sites annotated with PLs forced to true for reference-model confidence output 
INFO  17:37:00,096 HaplotypeCaller - Using global mismapping rate of 45 => -4.5 in log10 likelihood units 
Using AVX accelerated implementation of PairHMM
INFO  17:37:06,125 VectorLoglessPairHMM - libVectorLoglessPairHMM unpacked successfully from GATK jar file 
INFO  17:37:06,126 VectorLoglessPairHMM - Using vectorized implementation of PairHMM 
WARN  17:37:06,871 HaplotypeScore - Annotation will not be calculated, must be called from UnifiedGenotyper 
WARN  17:37:06,879 InbreedingCoeff - Annotation will not be calculated, must provide a valid PED file (-ped) from the command line. 
INFO  17:37:29,901 ProgressMeter -     17:47899204        1964496.0    30.0 s           15.0 s        2.3%    21.6 m      21.1 m 
INFO  17:37:59,902 ProgressMeter -     17:54535274      3.4718391E7    60.0 s            1.0 s       10.5%     9.5 m       8.5 m 
INFO  17:38:29,903 ProgressMeter -     17:61574446     2.09910326E8    90.0 s            0.0 s       25.4%     5.9 m       4.4 m 
INFO  17:38:59,905 ProgressMeter -     17:67252043     4.88655132E8   120.0 s            0.0 s       38.6%     5.2 m       3.2 m 
INFO  17:39:29,906 ProgressMeter -     17:74707080     9.14084188E8     2.5 m            0.0 s       55.3%     4.5 m       2.0 m 
INFO  17:39:59,908 ProgressMeter -     17:80209426    1.601583252E9     3.0 m            0.0 s       73.7%     4.1 m      64.0 s 
INFO  17:40:29,909 ProgressMeter -     18:14183884    1.814701975E9     3.5 m            0.0 s       89.6%     3.9 m      24.0 s 
INFO  17:40:48,309 VectorLoglessPairHMM - Time spent in setup for JNI call : 0.13343570300000002 
INFO  17:40:48,310 PairHMM - Total compute time in PairHMM computeLikelihoods() : 16.525658214 
INFO  17:40:48,310 HaplotypeCaller - Ran local assembly on 8745 active regions 
INFO  17:40:48,323 ProgressMeter -            done    1.952591728E9     3.8 m            0.0 s      100.0%     3.8 m       0.0 s 
INFO  17:40:48,323 ProgressMeter - Total runtime 228.54 secs, 3.81 min, 0.06 hours 
INFO  17:40:48,324 MicroScheduler - 365818 reads were filtered out during the traversal out of approximately 2327350 total reads (15.72%) 
INFO  17:40:48,324 MicroScheduler -   -> 0 reads (0.00% of total) failing BadCigarFilter 
INFO  17:40:48,325 MicroScheduler -   -> 308679 reads (13.26% of total) failing DuplicateReadFilter 
INFO  17:40:48,325 MicroScheduler -   -> 0 reads (0.00% of total) failing FailsVendorQualityCheckFilter 
INFO  17:40:48,325 MicroScheduler -   -> 56904 reads (2.45% of total) failing HCMappingQualityFilter 
INFO  17:40:48,326 MicroScheduler -   -> 0 reads (0.00% of total) failing MalformedReadFilter 
INFO  17:40:48,326 MicroScheduler -   -> 0 reads (0.00% of total) failing MappingQualityUnavailableFilter 
INFO  17:40:48,326 MicroScheduler -   -> 235 reads (0.01% of total) failing NotPrimaryAlignmentFilter 
INFO  17:40:48,327 MicroScheduler -   -> 0 reads (0.00% of total) failing UnmappedReadFilter 
