INFO  14:30:02,426 HelpFormatter - --------------------------------------------------------------------------------- 
INFO  14:30:02,428 HelpFormatter - The Genome Analysis Toolkit (GATK) v3.4-46-g8ea4dca, Compiled 2015/08/13 20:41:56 
INFO  14:30:02,428 HelpFormatter - Copyright (c) 2010 The Broad Institute 
INFO  14:30:02,429 HelpFormatter - For support and documentation go to http://www.broadinstitute.org/gatk 
INFO  14:30:02,432 HelpFormatter - Program Args: -T HaplotypeCaller -I /mnt/sdb/data/broadout/sim1M_pairs_gatk_best_practices_12t_30s_2016-07-25_14-09-52/sim1M_pairs_realign.bam -L /mnt/sdb/Broad_Ref_Pipeline_approved_package/workflow_profiler/.queue/scatterGather/ExampleHaplotypeCaller-1-sg/temp_30_of_36/scatter.intervals -R /mnt/sdb/Broad_Ref_Pipeline_approved_package/b37bundle/human_g1k_v37.fasta -variant_index_type LINEAR -variant_index_parameter 128000 -o /mnt/sdb/Broad_Ref_Pipeline_approved_package/workflow_profiler/.queue/scatterGather/ExampleHaplotypeCaller-1-sg/temp_30_of_36/sim1M_pairs_realign.bam_HaplotypeCaller.g.vcf -ERC GVCF 
INFO  14:30:02,444 HelpFormatter - Executing as bshifaw@application-0-1.hudson.intel.com on Linux 3.10.0-327.el7.x86_64 amd64; OpenJDK 64-Bit Server VM 1.8.0_101-b13. 
INFO  14:30:02,444 HelpFormatter - Date/Time: 2016/07/25 14:30:02 
INFO  14:30:02,444 HelpFormatter - --------------------------------------------------------------------------------- 
INFO  14:30:02,444 HelpFormatter - --------------------------------------------------------------------------------- 
WARN  14:30:02,447 GATKVCFUtils - Naming your output file using the .g.vcf extension will automatically set the appropriate values  for --variant_index_type and --variant_index_parameter 
INFO  14:30:02,626 GenomeAnalysisEngine - Strictness is SILENT 
INFO  14:30:02,818 GenomeAnalysisEngine - Downsampling Settings: Method: BY_SAMPLE, Target Coverage: 500 
INFO  14:30:02,839 SAMDataSource$SAMReaders - Initializing SAMRecords in serial 
INFO  14:30:02,975 SAMDataSource$SAMReaders - Done initializing BAM readers: total time 0.14 
INFO  14:30:02,981 HCMappingQualityFilter - Filtering out reads with MAPQ < 20 
INFO  14:30:03,205 IntervalUtils - Processing 1437965 bp from intervals 
INFO  14:30:03,405 GenomeAnalysisEngine - Preparing for traversal over 1 BAM files 
INFO  14:30:03,645 GenomeAnalysisEngine - Done preparing for traversal 
INFO  14:30:03,645 ProgressMeter - [INITIALIZATION COMPLETE; STARTING PROCESSING] 
INFO  14:30:03,647 ProgressMeter -                 |      processed |    time |         per 1M |           |   total | remaining 
INFO  14:30:03,647 ProgressMeter -        Location | active regions | elapsed | active regions | completed | runtime |   runtime 
INFO  14:30:03,665 HaplotypeCaller - Standard Emitting and Calling confidence set to 0.0 for reference-model confidence output 
INFO  14:30:03,666 HaplotypeCaller - All sites annotated with PLs forced to true for reference-model confidence output 
INFO  14:30:03,849 HaplotypeCaller - Using global mismapping rate of 45 => -4.5 in log10 likelihood units 
Using AVX accelerated implementation of PairHMM
INFO  14:30:29,379 VectorLoglessPairHMM - libVectorLoglessPairHMM unpacked successfully from GATK jar file 
INFO  14:30:29,400 VectorLoglessPairHMM - Using vectorized implementation of PairHMM 
WARN  14:30:29,692 HaplotypeScore - Annotation will not be calculated, must be called from UnifiedGenotyper 
WARN  14:30:29,695 InbreedingCoeff - Annotation will not be calculated, must provide a valid PED file (-ped) from the command line. 
INFO  14:30:33,880 ProgressMeter -     17:76137244    1.003316009E9    30.0 s            0.0 s       57.7%    51.0 s      21.0 s 
INFO  14:30:45,354 VectorLoglessPairHMM - Time spent in setup for JNI call : 1.59225E-4 
INFO  14:30:45,354 PairHMM - Total compute time in PairHMM computeLikelihoods() : 9.9614E-4 
INFO  14:30:45,355 HaplotypeCaller - Ran local assembly on 6813 active regions 
INFO  14:30:45,362 ProgressMeter -            done    1.952591728E9    41.0 s            0.0 s      100.0%    41.0 s       0.0 s 
INFO  14:30:45,363 ProgressMeter - Total runtime 41.72 secs, 0.70 min, 0.01 hours 
INFO  14:30:45,363 MicroScheduler - 5 reads were filtered out during the traversal out of approximately 1836 total reads (0.27%) 
INFO  14:30:45,363 MicroScheduler -   -> 0 reads (0.00% of total) failing BadCigarFilter 
INFO  14:30:45,363 MicroScheduler -   -> 0 reads (0.00% of total) failing DuplicateReadFilter 
INFO  14:30:45,364 MicroScheduler -   -> 0 reads (0.00% of total) failing FailsVendorQualityCheckFilter 
INFO  14:30:45,364 MicroScheduler -   -> 5 reads (0.27% of total) failing HCMappingQualityFilter 
INFO  14:30:45,364 MicroScheduler -   -> 0 reads (0.00% of total) failing MalformedReadFilter 
INFO  14:30:45,364 MicroScheduler -   -> 0 reads (0.00% of total) failing MappingQualityUnavailableFilter 
INFO  14:30:45,364 MicroScheduler -   -> 0 reads (0.00% of total) failing NotPrimaryAlignmentFilter 
INFO  14:30:45,365 MicroScheduler -   -> 0 reads (0.00% of total) failing UnmappedReadFilter 
