INFO  20:39:39,991 HelpFormatter - --------------------------------------------------------------------------------- 
INFO  20:39:39,993 HelpFormatter - The Genome Analysis Toolkit (GATK) v3.4-46-g8ea4dca, Compiled 2015/08/13 20:41:56 
INFO  20:39:39,994 HelpFormatter - Copyright (c) 2010 The Broad Institute 
INFO  20:39:39,994 HelpFormatter - For support and documentation go to http://www.broadinstitute.org/gatk 
INFO  20:39:39,999 HelpFormatter - Program Args: -T HaplotypeCaller -I /home/opt/data/broadout/FC1-NA12878-01_S1_L001_R1_001_gatk_best_practices_36t_30s_2015-11-05_19-14-59/FC1-NA12878-01_S1_L001_R1_001_realign.bam -L /home/beris/Broad_Ref_Pipeline_approved_package/workflow_profiler/.queue/scatterGather/ExampleHaplotypeCaller-1-sg/temp_19_of_36/scatter.intervals -R /home/beris/Broad_Ref_Pipeline_approved_package/homosapiensrefgenome/Homo_sapiens_assembly19.fasta -variant_index_type LINEAR -variant_index_parameter 128000 -o /home/beris/Broad_Ref_Pipeline_approved_package/workflow_profiler/.queue/scatterGather/ExampleHaplotypeCaller-1-sg/temp_19_of_36/FC1-NA12878-01_S1_L001_R1_001_realign.bam_HaplotypeCaller.g.vcf -ERC GVCF 
INFO  20:39:40,018 HelpFormatter - Executing as beris@dna on Linux 2.6.32-573.el6.x86_64 amd64; OpenJDK 64-Bit Server VM 1.7.0_79-mockbuild_2015_07_24_09_26-b00. 
INFO  20:39:40,018 HelpFormatter - Date/Time: 2015/11/05 20:39:39 
INFO  20:39:40,019 HelpFormatter - --------------------------------------------------------------------------------- 
INFO  20:39:40,019 HelpFormatter - --------------------------------------------------------------------------------- 
WARN  20:39:40,081 GATKVCFUtils - Naming your output file using the .g.vcf extension will automatically set the appropriate values  for --variant_index_type and --variant_index_parameter 
INFO  20:39:40,235 GenomeAnalysisEngine - Strictness is SILENT 
INFO  20:39:40,392 GenomeAnalysisEngine - Downsampling Settings: Method: BY_SAMPLE, Target Coverage: 500 
INFO  20:39:40,404 SAMDataSource$SAMReaders - Initializing SAMRecords in serial 
INFO  20:39:40,454 SAMDataSource$SAMReaders - Done initializing BAM readers: total time 0.05 
INFO  20:39:40,464 HCMappingQualityFilter - Filtering out reads with MAPQ < 20 
INFO  20:39:40,655 IntervalUtils - Processing 1017715 bp from intervals 
INFO  20:39:40,776 GenomeAnalysisEngine - Preparing for traversal over 1 BAM files 
INFO  20:39:41,211 GenomeAnalysisEngine - Done preparing for traversal 
INFO  20:39:41,212 ProgressMeter - [INITIALIZATION COMPLETE; STARTING PROCESSING] 
INFO  20:39:41,212 ProgressMeter -                 |      processed |    time |         per 1M |           |   total | remaining 
INFO  20:39:41,213 ProgressMeter -        Location | active regions | elapsed | active regions | completed | runtime |   runtime 
INFO  20:39:41,218 HaplotypeCaller - Standard Emitting and Calling confidence set to 0.0 for reference-model confidence output 
INFO  20:39:41,219 HaplotypeCaller - All sites annotated with PLs forced to true for reference-model confidence output 
INFO  20:39:41,469 HaplotypeCaller - Using global mismapping rate of 45 => -4.5 in log10 likelihood units 
Using AVX accelerated implementation of PairHMM
INFO  20:39:43,749 VectorLoglessPairHMM - libVectorLoglessPairHMM unpacked successfully from GATK jar file 
INFO  20:39:43,749 VectorLoglessPairHMM - Using vectorized implementation of PairHMM 
WARN  20:39:43,989 HaplotypeScore - Annotation will not be calculated, must be called from UnifiedGenotyper 
WARN  20:39:43,989 InbreedingCoeff - Annotation will not be calculated, must provide a valid PED file (-ped) from the command line. 
INFO  20:40:11,222 ProgressMeter -     10:69961702     1.32458365E8    30.0 s            0.0 s       21.9%     2.3 m     106.0 s 
INFO  20:40:41,225 ProgressMeter -     10:96988376     9.35137207E8    60.0 s            0.0 s       59.0%   101.0 s      41.0 s 
INFO  20:41:11,230 ProgressMeter -    10:118738715    2.410642465E9    90.0 s            0.0 s       96.7%    93.0 s       3.0 s 
INFO  20:41:13,820 VectorLoglessPairHMM - Time spent in setup for JNI call : 0.031064079 
INFO  20:41:13,820 PairHMM - Total compute time in PairHMM computeLikelihoods() : 3.293093089 
INFO  20:41:13,820 HaplotypeCaller - Ran local assembly on 10155 active regions 
INFO  20:41:13,827 ProgressMeter -            done    2.587780041E9    92.0 s            0.0 s      100.0%    92.0 s       0.0 s 
INFO  20:41:13,827 ProgressMeter - Total runtime 92.62 secs, 1.54 min, 0.03 hours 
INFO  20:41:13,827 MicroScheduler - 164242 reads were filtered out during the traversal out of approximately 530260 total reads (30.97%) 
INFO  20:41:13,828 MicroScheduler -   -> 0 reads (0.00% of total) failing BadCigarFilter 
INFO  20:41:13,828 MicroScheduler -   -> 128056 reads (24.15% of total) failing DuplicateReadFilter 
INFO  20:41:13,828 MicroScheduler -   -> 0 reads (0.00% of total) failing FailsVendorQualityCheckFilter 
INFO  20:41:13,828 MicroScheduler -   -> 36138 reads (6.82% of total) failing HCMappingQualityFilter 
INFO  20:41:13,828 MicroScheduler -   -> 0 reads (0.00% of total) failing MalformedReadFilter 
INFO  20:41:13,828 MicroScheduler -   -> 0 reads (0.00% of total) failing MappingQualityUnavailableFilter 
INFO  20:41:13,829 MicroScheduler -   -> 48 reads (0.01% of total) failing NotPrimaryAlignmentFilter 
INFO  20:41:13,829 MicroScheduler -   -> 0 reads (0.00% of total) failing UnmappedReadFilter 
