INFO  20:48:12,100 HelpFormatter - --------------------------------------------------------------------------------- 
INFO  20:48:12,126 HelpFormatter - The Genome Analysis Toolkit (GATK) v3.4-46-g8ea4dca, Compiled 2015/08/13 20:41:56 
INFO  20:48:12,134 HelpFormatter - Copyright (c) 2010 The Broad Institute 
INFO  20:48:12,134 HelpFormatter - For support and documentation go to http://www.broadinstitute.org/gatk 
INFO  20:48:12,140 HelpFormatter - Program Args: -T HaplotypeCaller -I /mnt/nvme0n1/data/broadout/HG02571_gatk_best_practices_8t_30s_2016-07-06_18-21-01/HG02571_final.bam -L /mnt/nvme0n1/Broad_Ref_Pipeline_approved_package/workflow_profiler/.queue/scatterGather/ExampleHaplotypeCaller-1-sg/temp_19_of_36/scatter.intervals -R /mnt/nvme0n1/Broad_Ref_Pipeline_approved_package/b37bundle/human_g1k_v37.fasta -variant_index_type LINEAR -variant_index_parameter 128000 -o /mnt/nvme0n1/Broad_Ref_Pipeline_approved_package/workflow_profiler/.queue/scatterGather/ExampleHaplotypeCaller-1-sg/temp_19_of_36/HG02571_HaplotypeCaller.g.vcf -ERC GVCF 
INFO  20:48:12,273 HelpFormatter - Executing as bshifaw@application-1-1.hudson.intel.com on Linux 3.10.0-327.el7.x86_64 amd64; OpenJDK 64-Bit Server VM 1.8.0_91-b14. 
INFO  20:48:12,274 HelpFormatter - Date/Time: 2016/07/06 20:48:12 
INFO  20:48:12,274 HelpFormatter - --------------------------------------------------------------------------------- 
INFO  20:48:12,274 HelpFormatter - --------------------------------------------------------------------------------- 
WARN  20:48:12,285 GATKVCFUtils - Naming your output file using the .g.vcf extension will automatically set the appropriate values  for --variant_index_type and --variant_index_parameter 
INFO  20:48:12,871 GenomeAnalysisEngine - Strictness is SILENT 
INFO  20:48:13,622 GenomeAnalysisEngine - Downsampling Settings: Method: BY_SAMPLE, Target Coverage: 500 
INFO  20:48:13,662 SAMDataSource$SAMReaders - Initializing SAMRecords in serial 
INFO  20:48:13,931 SAMDataSource$SAMReaders - Done initializing BAM readers: total time 0.27 
INFO  20:48:13,983 HCMappingQualityFilter - Filtering out reads with MAPQ < 20 
INFO  20:48:14,645 IntervalUtils - Processing 1437965 bp from intervals 
INFO  20:48:15,754 GenomeAnalysisEngine - Preparing for traversal over 1 BAM files 
INFO  20:48:17,366 GenomeAnalysisEngine - Done preparing for traversal 
INFO  20:48:17,375 ProgressMeter - [INITIALIZATION COMPLETE; STARTING PROCESSING] 
INFO  20:48:17,376 ProgressMeter -                 |      processed |    time |         per 1M |           |   total | remaining 
INFO  20:48:17,377 ProgressMeter -        Location | active regions | elapsed | active regions | completed | runtime |   runtime 
INFO  20:48:17,520 HaplotypeCaller - Standard Emitting and Calling confidence set to 0.0 for reference-model confidence output 
INFO  20:48:17,520 HaplotypeCaller - All sites annotated with PLs forced to true for reference-model confidence output 
INFO  20:48:18,573 HaplotypeCaller - Using global mismapping rate of 45 => -4.5 in log10 likelihood units 
Using AVX accelerated implementation of PairHMM
INFO  20:48:38,768 VectorLoglessPairHMM - libVectorLoglessPairHMM unpacked successfully from GATK jar file 
INFO  20:48:38,769 VectorLoglessPairHMM - Using vectorized implementation of PairHMM 
WARN  20:48:39,660 HaplotypeScore - Annotation will not be calculated, must be called from UnifiedGenotyper 
WARN  20:48:39,660 InbreedingCoeff - Annotation will not be calculated, must provide a valid PED file (-ped) from the command line. 
INFO  20:48:47,711 ProgressMeter -     10:46968531         147890.0    30.0 s            3.4 m        0.6%    84.8 m      84.3 m 
INFO  20:49:17,729 ProgressMeter -     10:46999940         174767.0    60.0 s            5.8 m        0.7%     2.3 h       2.3 h 
INFO  20:49:47,729 ProgressMeter -     10:49379152        2339630.0    90.0 s           38.0 s        2.7%    55.8 m      54.3 m 
INFO  20:50:17,730 ProgressMeter -     10:50724379        6710966.0   120.0 s           17.0 s        4.5%    44.9 m      42.9 m 
INFO  20:50:47,731 ProgressMeter -     10:52610461      2.0269488E7     2.5 m            7.0 s        7.6%    32.7 m      30.2 m 
INFO  20:51:17,732 ProgressMeter -     10:61831594      4.0680499E7     3.0 m            4.0 s       11.0%    27.3 m      24.3 m 
INFO  20:51:47,733 ProgressMeter -     10:68686627      6.7383619E7     3.5 m            3.0 s       14.5%    24.1 m      20.6 m 
INFO  20:52:17,734 ProgressMeter -     10:71010394      1.2307435E8     4.0 m            1.0 s       19.6%    20.4 m      16.4 m 
INFO  20:52:57,735 ProgressMeter -     10:73570179     2.11393768E8     4.7 m            1.0 s       24.7%    18.9 m      14.2 m 
INFO  20:53:27,743 ProgressMeter -     10:75552033     2.93966549E8     5.2 m            1.0 s       29.6%    17.5 m      12.3 m 
INFO  20:53:57,744 ProgressMeter -     10:81056176     3.97012931E8     5.7 m            0.0 s       34.5%    16.4 m      10.7 m 
INFO  20:54:27,745 ProgressMeter -     10:88466236     5.06260152E8     6.2 m            0.0 s       38.6%    16.0 m       9.8 m 
INFO  20:54:57,746 ProgressMeter -     10:91176994     6.20067198E8     6.7 m            0.0 s       42.9%    15.5 m       8.9 m 
INFO  20:55:27,747 ProgressMeter -     10:95116380     7.95720571E8     7.2 m            0.0 s       48.2%    14.9 m       7.7 m 
INFO  20:55:57,751 ProgressMeter -     10:97154482      9.5954429E8     7.7 m            0.0 s       52.6%    14.6 m       6.9 m 
INFO  20:56:27,752 ProgressMeter -     10:99200876    1.138736213E9     8.2 m            0.0 s       57.3%    14.2 m       6.1 m 
INFO  20:56:57,753 ProgressMeter -    10:101824893    1.355046491E9     8.7 m            0.0 s       62.6%    13.9 m       5.2 m 
INFO  20:57:27,755 ProgressMeter -    10:103588336    1.570842341E9     9.2 m            0.0 s       67.7%    13.5 m       4.4 m 
INFO  20:57:57,756 ProgressMeter -    10:105191834    1.814603472E9     9.7 m            0.0 s       73.7%    13.1 m       3.4 m 
INFO  20:58:27,757 ProgressMeter -    10:112350697    2.135152533E9    10.2 m            0.0 s       79.2%    12.8 m       2.7 m 
INFO  20:58:57,771 ProgressMeter -    10:116064426    2.432070267E9    10.7 m            0.0 s       84.1%    12.7 m     120.0 s 
INFO  20:59:27,773 ProgressMeter -    10:121429711    2.819314868E9    11.2 m            0.0 s       89.9%    12.4 m      75.0 s 
INFO  20:59:57,775 ProgressMeter -    10:124920113    3.204510729E9    11.7 m            0.0 s       95.6%    12.2 m      32.0 s 
INFO  21:00:19,488 VectorLoglessPairHMM - Time spent in setup for JNI call : 0.683764146 
INFO  21:00:19,495 PairHMM - Total compute time in PairHMM computeLikelihoods() : 68.253354692 
INFO  21:00:19,496 HaplotypeCaller - Ran local assembly on 8499 active regions 
INFO  21:00:19,514 ProgressMeter -            done    3.522670182E9    12.0 m            0.0 s      100.0%    12.0 m       0.0 s 
INFO  21:00:19,514 ProgressMeter - Total runtime 722.14 secs, 12.04 min, 0.20 hours 
INFO  21:00:19,515 MicroScheduler - 558626 reads were filtered out during the traversal out of approximately 2554343 total reads (21.87%) 
INFO  21:00:19,515 MicroScheduler -   -> 0 reads (0.00% of total) failing BadCigarFilter 
INFO  21:00:19,515 MicroScheduler -   -> 381848 reads (14.95% of total) failing DuplicateReadFilter 
INFO  21:00:19,516 MicroScheduler -   -> 0 reads (0.00% of total) failing FailsVendorQualityCheckFilter 
INFO  21:00:19,516 MicroScheduler -   -> 176553 reads (6.91% of total) failing HCMappingQualityFilter 
INFO  21:00:19,516 MicroScheduler -   -> 0 reads (0.00% of total) failing MalformedReadFilter 
INFO  21:00:19,516 MicroScheduler -   -> 0 reads (0.00% of total) failing MappingQualityUnavailableFilter 
INFO  21:00:19,516 MicroScheduler -   -> 225 reads (0.01% of total) failing NotPrimaryAlignmentFilter 
INFO  21:00:19,517 MicroScheduler -   -> 0 reads (0.00% of total) failing UnmappedReadFilter 
