INFO  20:48:08,489 HelpFormatter - --------------------------------------------------------------------------------- 
INFO  20:48:08,526 HelpFormatter - The Genome Analysis Toolkit (GATK) v3.4-46-g8ea4dca, Compiled 2015/08/13 20:41:56 
INFO  20:48:08,526 HelpFormatter - Copyright (c) 2010 The Broad Institute 
INFO  20:48:08,580 HelpFormatter - For support and documentation go to http://www.broadinstitute.org/gatk 
INFO  20:48:08,583 HelpFormatter - Program Args: -T HaplotypeCaller -I /mnt/nvme0n1/data/broadout/HG02771_gatk_best_practices_8t_30s_2016-07-06_18-21-02/HG02771_final.bam -L /mnt/nvme0n1/Broad_Ref_Pipeline_approved_package/workflow_profiler/.queue/scatterGather/ExampleHaplotypeCaller-1-sg/temp_19_of_36/scatter.intervals -R /mnt/nvme0n1/Broad_Ref_Pipeline_approved_package/b37bundle/human_g1k_v37.fasta -variant_index_type LINEAR -variant_index_parameter 128000 -o /mnt/nvme0n1/Broad_Ref_Pipeline_approved_package/workflow_profiler/.queue/scatterGather/ExampleHaplotypeCaller-1-sg/temp_19_of_36/HG02771_HaplotypeCaller.g.vcf -ERC GVCF 
INFO  20:48:08,687 HelpFormatter - Executing as bshifaw@application-1-1.hudson.intel.com on Linux 3.10.0-327.el7.x86_64 amd64; OpenJDK 64-Bit Server VM 1.8.0_91-b14. 
INFO  20:48:08,688 HelpFormatter - Date/Time: 2016/07/06 20:48:08 
INFO  20:48:08,691 HelpFormatter - --------------------------------------------------------------------------------- 
INFO  20:48:08,692 HelpFormatter - --------------------------------------------------------------------------------- 
WARN  20:48:08,757 GATKVCFUtils - Naming your output file using the .g.vcf extension will automatically set the appropriate values  for --variant_index_type and --variant_index_parameter 
INFO  20:48:09,246 GenomeAnalysisEngine - Strictness is SILENT 
INFO  20:48:09,859 GenomeAnalysisEngine - Downsampling Settings: Method: BY_SAMPLE, Target Coverage: 500 
INFO  20:48:09,929 SAMDataSource$SAMReaders - Initializing SAMRecords in serial 
INFO  20:48:10,222 SAMDataSource$SAMReaders - Done initializing BAM readers: total time 0.29 
INFO  20:48:10,287 HCMappingQualityFilter - Filtering out reads with MAPQ < 20 
INFO  20:48:10,859 IntervalUtils - Processing 1437965 bp from intervals 
INFO  20:48:11,478 GenomeAnalysisEngine - Preparing for traversal over 1 BAM files 
INFO  20:48:12,489 GenomeAnalysisEngine - Done preparing for traversal 
INFO  20:48:12,579 ProgressMeter - [INITIALIZATION COMPLETE; STARTING PROCESSING] 
INFO  20:48:12,580 ProgressMeter -                 |      processed |    time |         per 1M |           |   total | remaining 
INFO  20:48:12,580 ProgressMeter -        Location | active regions | elapsed | active regions | completed | runtime |   runtime 
INFO  20:48:12,595 HaplotypeCaller - Standard Emitting and Calling confidence set to 0.0 for reference-model confidence output 
INFO  20:48:12,595 HaplotypeCaller - All sites annotated with PLs forced to true for reference-model confidence output 
INFO  20:48:13,579 HaplotypeCaller - Using global mismapping rate of 45 => -4.5 in log10 likelihood units 
Using AVX accelerated implementation of PairHMM
INFO  20:48:22,420 VectorLoglessPairHMM - libVectorLoglessPairHMM unpacked successfully from GATK jar file 
INFO  20:48:22,462 VectorLoglessPairHMM - Using vectorized implementation of PairHMM 
WARN  20:48:23,187 HaplotypeScore - Annotation will not be calculated, must be called from UnifiedGenotyper 
WARN  20:48:23,188 InbreedingCoeff - Annotation will not be calculated, must provide a valid PED file (-ped) from the command line. 
INFO  20:48:43,027 ProgressMeter -     10:46968531         147890.0    30.0 s            3.4 m        0.6%    84.8 m      84.3 m 
INFO  20:49:13,059 ProgressMeter -     10:47000072         174767.0    60.0 s            5.8 m        0.7%     2.3 h       2.3 h 
INFO  20:49:43,111 ProgressMeter -     10:48426621        1516518.0    90.0 s           59.0 s        2.2%    67.2 m      65.7 m 
INFO  20:50:23,112 ProgressMeter -     10:50121644        4482585.0     2.2 m           29.0 s        3.5%    61.3 m      59.1 m 
INFO  20:50:53,113 ProgressMeter -     10:51225926        9678693.0     2.7 m           16.0 s        5.5%    48.1 m      45.5 m 
INFO  20:51:23,114 ProgressMeter -     10:60588600      3.4727706E7     3.2 m            5.0 s       10.0%    31.8 m      28.7 m 
INFO  20:51:53,115 ProgressMeter -     10:64950787      6.0451587E7     3.7 m            3.0 s       13.6%    26.9 m      23.2 m 
INFO  20:52:33,116 ProgressMeter -     10:71119601     1.26467701E8     4.3 m            2.0 s       19.7%    21.9 m      17.6 m 
INFO  20:53:03,117 ProgressMeter -     10:73103914     1.89286945E8     4.8 m            1.0 s       23.4%    20.6 m      15.8 m 
INFO  20:53:33,118 ProgressMeter -     10:75160663      2.7024133E8     5.3 m            1.0 s       27.7%    19.3 m      13.9 m 
INFO  20:54:03,119 ProgressMeter -     10:76855281     3.36174686E8     5.8 m            1.0 s       32.0%    18.2 m      12.4 m 
INFO  20:54:33,120 ProgressMeter -     10:82348334     4.42798176E8     6.3 m            0.0 s       36.1%    17.5 m      11.2 m 
INFO  20:55:03,120 ProgressMeter -     10:90497342     5.80184016E8     6.8 m            0.0 s       41.4%    16.5 m       9.7 m 
INFO  20:55:33,121 ProgressMeter -     10:94407917     7.56011939E8     7.3 m            0.0 s       47.0%    15.6 m       8.3 m 
INFO  20:56:03,122 ProgressMeter -     10:97141390     9.58032116E8     7.8 m            0.0 s       52.6%    14.9 m       7.1 m 
INFO  20:56:33,124 ProgressMeter -     10:99196150    1.135439998E9     8.3 m            0.0 s       57.3%    14.5 m       6.2 m 
INFO  20:57:03,125 ProgressMeter -    10:101646005    1.339799768E9     8.8 m            0.0 s       62.2%    14.2 m       5.4 m 
INFO  20:57:33,126 ProgressMeter -    10:102795480    1.501613166E9     9.3 m            0.0 s       66.1%    14.1 m       4.8 m 
INFO  20:58:03,127 ProgressMeter -    10:104572300    1.722499471E9     9.8 m            0.0 s       71.8%    13.7 m       3.9 m 
INFO  20:58:33,132 ProgressMeter -    10:108339075    2.040385934E9    10.3 m            0.0 s       77.7%    13.3 m       3.0 m 
INFO  20:59:03,133 ProgressMeter -    10:115896893    2.377935381E9    10.8 m            0.0 s       83.2%    13.0 m       2.2 m 
INFO  20:59:33,134 ProgressMeter -    10:120917626    2.761410487E9    11.3 m            0.0 s       89.2%    12.7 m      82.0 s 
INFO  21:00:03,136 ProgressMeter -    10:124909434    3.199014012E9    11.8 m            0.0 s       95.5%    12.4 m      33.0 s 
INFO  21:00:23,811 VectorLoglessPairHMM - Time spent in setup for JNI call : 0.523200842 
INFO  21:00:23,824 PairHMM - Total compute time in PairHMM computeLikelihoods() : 96.70742757100001 
INFO  21:00:23,824 HaplotypeCaller - Ran local assembly on 8544 active regions 
INFO  21:00:23,838 ProgressMeter -            done    3.522670182E9    12.2 m            0.0 s      100.0%    12.2 m       0.0 s 
INFO  21:00:23,839 ProgressMeter - Total runtime 731.26 secs, 12.19 min, 0.20 hours 
INFO  21:00:23,839 MicroScheduler - 485685 reads were filtered out during the traversal out of approximately 2492512 total reads (19.49%) 
INFO  21:00:23,841 MicroScheduler -   -> 0 reads (0.00% of total) failing BadCigarFilter 
INFO  21:00:23,842 MicroScheduler -   -> 310837 reads (12.47% of total) failing DuplicateReadFilter 
INFO  21:00:23,842 MicroScheduler -   -> 0 reads (0.00% of total) failing FailsVendorQualityCheckFilter 
INFO  21:00:23,842 MicroScheduler -   -> 174640 reads (7.01% of total) failing HCMappingQualityFilter 
INFO  21:00:23,843 MicroScheduler -   -> 0 reads (0.00% of total) failing MalformedReadFilter 
INFO  21:00:23,843 MicroScheduler -   -> 0 reads (0.00% of total) failing MappingQualityUnavailableFilter 
INFO  21:00:23,851 MicroScheduler -   -> 208 reads (0.01% of total) failing NotPrimaryAlignmentFilter 
INFO  21:00:23,852 MicroScheduler -   -> 0 reads (0.00% of total) failing UnmappedReadFilter 
