INFO  18:00:55,258 HelpFormatter - --------------------------------------------------------------------------------- 
INFO  18:00:55,260 HelpFormatter - The Genome Analysis Toolkit (GATK) v3.4-46-g8ea4dca, Compiled 2015/08/13 20:41:56 
INFO  18:00:55,260 HelpFormatter - Copyright (c) 2010 The Broad Institute 
INFO  18:00:55,260 HelpFormatter - For support and documentation go to http://www.broadinstitute.org/gatk 
INFO  18:00:55,263 HelpFormatter - Program Args: -T HaplotypeCaller -I /home/opt/data/broadout/FC1-NA12878-01_S1_L001_gatk_best_practices_36t_30s_2015-11-10_16-39-49/FC1-NA12878-01_S1_L001_realign.bam -L /home/beris/Broad_Ref_Pipeline_approved_package/workflow_profiler/.queue/scatterGather/ExampleHaplotypeCaller-1-sg/temp_23_of_36/scatter.intervals -R /home/beris/Broad_Ref_Pipeline_approved_package/homosapiensrefgenome/Homo_sapiens_assembly19.fasta -variant_index_type LINEAR -variant_index_parameter 128000 -o /home/beris/Broad_Ref_Pipeline_approved_package/workflow_profiler/.queue/scatterGather/ExampleHaplotypeCaller-1-sg/temp_23_of_36/FC1-NA12878-01_S1_L001_realign.bam_HaplotypeCaller.g.vcf -ERC GVCF 
INFO  18:00:55,280 HelpFormatter - Executing as beris@dna on Linux 2.6.32-573.el6.x86_64 amd64; OpenJDK 64-Bit Server VM 1.7.0_79-mockbuild_2015_07_24_09_26-b00. 
INFO  18:00:55,281 HelpFormatter - Date/Time: 2015/11/10 18:00:55 
INFO  18:00:55,281 HelpFormatter - --------------------------------------------------------------------------------- 
INFO  18:00:55,281 HelpFormatter - --------------------------------------------------------------------------------- 
WARN  18:00:55,300 GATKVCFUtils - Naming your output file using the .g.vcf extension will automatically set the appropriate values  for --variant_index_type and --variant_index_parameter 
INFO  18:00:55,452 GenomeAnalysisEngine - Strictness is SILENT 
INFO  18:00:55,597 GenomeAnalysisEngine - Downsampling Settings: Method: BY_SAMPLE, Target Coverage: 500 
INFO  18:00:55,604 SAMDataSource$SAMReaders - Initializing SAMRecords in serial 
INFO  18:00:55,668 SAMDataSource$SAMReaders - Done initializing BAM readers: total time 0.06 
INFO  18:00:55,684 HCMappingQualityFilter - Filtering out reads with MAPQ < 20 
INFO  18:00:55,966 IntervalUtils - Processing 1017715 bp from intervals 
INFO  18:00:56,037 GenomeAnalysisEngine - Preparing for traversal over 1 BAM files 
INFO  18:00:56,407 GenomeAnalysisEngine - Done preparing for traversal 
INFO  18:00:56,416 ProgressMeter - [INITIALIZATION COMPLETE; STARTING PROCESSING] 
INFO  18:00:56,416 ProgressMeter -                 |      processed |    time |         per 1M |           |   total | remaining 
INFO  18:00:56,416 ProgressMeter -        Location | active regions | elapsed | active regions | completed | runtime |   runtime 
INFO  18:00:56,425 HaplotypeCaller - Standard Emitting and Calling confidence set to 0.0 for reference-model confidence output 
INFO  18:00:56,426 HaplotypeCaller - All sites annotated with PLs forced to true for reference-model confidence output 
INFO  18:00:56,579 HaplotypeCaller - Using global mismapping rate of 45 => -4.5 in log10 likelihood units 
Using AVX accelerated implementation of PairHMM
INFO  18:00:57,875 VectorLoglessPairHMM - libVectorLoglessPairHMM unpacked successfully from GATK jar file 
INFO  18:00:57,885 VectorLoglessPairHMM - Using vectorized implementation of PairHMM 
WARN  18:00:58,112 HaplotypeScore - Annotation will not be calculated, must be called from UnifiedGenotyper 
WARN  18:00:58,112 InbreedingCoeff - Annotation will not be calculated, must provide a valid PED file (-ped) from the command line. 
INFO  18:01:26,435 ProgressMeter -     12:56331140      4.2857055E7    30.0 s            0.0 s       14.0%     3.6 m       3.1 m 
INFO  18:01:56,437 ProgressMeter -     12:88178085     6.93547524E8    60.0 s            0.0 s       53.3%   112.0 s      52.0 s 
INFO  18:02:26,439 ProgressMeter -    12:110826464    1.915712869E9    90.0 s            0.0 s       85.7%   104.0 s      14.0 s 
INFO  18:02:36,896 VectorLoglessPairHMM - Time spent in setup for JNI call : 0.07606997900000001 
INFO  18:02:36,897 PairHMM - Total compute time in PairHMM computeLikelihoods() : 4.080901676 
INFO  18:02:36,897 HaplotypeCaller - Ran local assembly on 9511 active regions 
INFO  18:02:36,903 ProgressMeter -            done    2.655780627E9   100.0 s            0.0 s      100.0%   100.0 s       0.0 s 
INFO  18:02:36,904 ProgressMeter - Total runtime 100.49 secs, 1.67 min, 0.03 hours 
INFO  18:02:36,904 MicroScheduler - 20046 reads were filtered out during the traversal out of approximately 505167 total reads (3.97%) 
INFO  18:02:36,904 MicroScheduler -   -> 0 reads (0.00% of total) failing BadCigarFilter 
INFO  18:02:36,904 MicroScheduler -   -> 17066 reads (3.38% of total) failing DuplicateReadFilter 
INFO  18:02:36,905 MicroScheduler -   -> 0 reads (0.00% of total) failing FailsVendorQualityCheckFilter 
INFO  18:02:36,905 MicroScheduler -   -> 2929 reads (0.58% of total) failing HCMappingQualityFilter 
INFO  18:02:36,905 MicroScheduler -   -> 0 reads (0.00% of total) failing MalformedReadFilter 
INFO  18:02:36,905 MicroScheduler -   -> 0 reads (0.00% of total) failing MappingQualityUnavailableFilter 
INFO  18:02:36,905 MicroScheduler -   -> 51 reads (0.01% of total) failing NotPrimaryAlignmentFilter 
INFO  18:02:36,906 MicroScheduler -   -> 0 reads (0.00% of total) failing UnmappedReadFilter 
