INFO  18:27:35,711 HelpFormatter - --------------------------------------------------------------------------------- 
INFO  18:27:35,771 HelpFormatter - The Genome Analysis Toolkit (GATK) v3.4-46-g8ea4dca, Compiled 2015/08/13 20:41:56 
INFO  18:27:35,771 HelpFormatter - Copyright (c) 2010 The Broad Institute 
INFO  18:27:35,771 HelpFormatter - For support and documentation go to http://www.broadinstitute.org/gatk 
INFO  18:27:35,813 HelpFormatter - Program Args: -T PrintReads -I /mnt/sdb/data/broadout/HG02769_gatk_best_practices_8t_30s_2016-07-25_16-38-44/HG02769_realign.bam -L /mnt/sdb/Broad_Ref_Pipeline_approved_package/workflow_profiler/.queue/scatterGather/ExamplePrintReads-1-sg/temp_35_of_36/scatter.intervals -R /mnt/sdb/Broad_Ref_Pipeline_approved_package/b37bundle/human_g1k_v37.fasta -BQSR /mnt/sdb/data/broadout/HG02769_gatk_best_practices_8t_30s_2016-07-25_16-38-44/HG02769_recal.grp -o /mnt/sdb/Broad_Ref_Pipeline_approved_package/workflow_profiler/.queue/scatterGather/ExamplePrintReads-1-sg/temp_35_of_36/HG02769_final.bam 
INFO  18:27:35,881 HelpFormatter - Executing as bshifaw@application-0-1.hudson.intel.com on Linux 3.10.0-327.el7.x86_64 amd64; OpenJDK 64-Bit Server VM 1.8.0_101-b13. 
INFO  18:27:35,882 HelpFormatter - Date/Time: 2016/07/25 18:27:35 
INFO  18:27:35,882 HelpFormatter - --------------------------------------------------------------------------------- 
INFO  18:27:35,882 HelpFormatter - --------------------------------------------------------------------------------- 
INFO  18:27:36,726 GenomeAnalysisEngine - Strictness is SILENT 
INFO  18:27:40,334 ContextCovariate - 		Context sizes: base substitution model 2, indel substitution model 3 
INFO  18:27:40,719 GenomeAnalysisEngine - Downsampling Settings: No downsampling 
INFO  18:27:40,756 SAMDataSource$SAMReaders - Initializing SAMRecords in serial 
INFO  18:27:41,023 SAMDataSource$SAMReaders - Done initializing BAM readers: total time 0.27 
INFO  18:27:41,124 IntervalUtils - Processing 36651 bp from intervals 
INFO  18:27:42,074 GenomeAnalysisEngine - Preparing for traversal over 1 BAM files 
INFO  18:27:42,670 GenomeAnalysisEngine - Done preparing for traversal 
INFO  18:27:42,671 ProgressMeter - [INITIALIZATION COMPLETE; STARTING PROCESSING] 
INFO  18:27:42,672 ProgressMeter -                 | processed |    time |    per 1M |           |   total | remaining 
INFO  18:27:42,672 ProgressMeter -        Location |     reads | elapsed |     reads | completed | runtime |   runtime 
INFO  18:27:42,756 ReadShardBalancer$1 - Loading BAM index data 
INFO  18:27:42,757 ReadShardBalancer$1 - Done loading BAM index data 
INFO  18:27:44,091 Walker - [REDUCE RESULT] Traversal result is: org.broadinstitute.gatk.engine.io.stubs.SAMFileWriterStub@2a6e54c2 
INFO  18:27:44,321 ProgressMeter -            done        10.0     1.0 s      45.8 h       29.4%     3.0 s       2.0 s 
INFO  18:27:44,322 ProgressMeter - Total runtime 1.65 secs, 0.03 min, 0.00 hours 
INFO  18:27:44,322 MicroScheduler - 0 reads were filtered out during the traversal out of approximately 10 total reads (0.00%) 
INFO  18:27:44,322 MicroScheduler -   -> 0 reads (0.00% of total) failing BadCigarFilter 
INFO  18:27:44,322 MicroScheduler -   -> 0 reads (0.00% of total) failing MalformedReadFilter 
