INFO  20:07:46,557 HelpFormatter - --------------------------------------------------------------------------------- 
INFO  20:07:46,560 HelpFormatter - The Genome Analysis Toolkit (GATK) v3.4-46-g8ea4dca, Compiled 2015/08/13 20:41:56 
INFO  20:07:46,560 HelpFormatter - Copyright (c) 2010 The Broad Institute 
INFO  20:07:46,561 HelpFormatter - For support and documentation go to http://www.broadinstitute.org/gatk 
INFO  20:07:46,566 HelpFormatter - Program Args: -T IndelRealigner -I /home/opt/data/broadout/FC1-NA12878-01_S1_L001_R1_001_gatk_best_practices_36t_30s_2015-11-05_19-14-59/FC1-NA12878-01_S1_L001_R1_001_dupRem.bam -L /home/beris/Broad_Ref_Pipeline_approved_package/workflow_profiler/.queue/scatterGather/ExampleIndelRealigner-1-sg/temp_15_of_36/scatter.intervals -R /home/beris/Broad_Ref_Pipeline_approved_package/homosapiensrefgenome/Homo_sapiens_assembly19.fasta -known /home/beris/Broad_Ref_Pipeline_approved_package/homosapiensrefgenome/Homo_sapiens_assembly19.known_indels.vcf -targetIntervals /home/opt/data/broadout/FC1-NA12878-01_S1_L001_R1_001_gatk_best_practices_36t_30s_2015-11-05_19-14-59/FC1-NA12878-01_S1_L001_R1_001_realn.intervals -o /home/beris/Broad_Ref_Pipeline_approved_package/workflow_profiler/.queue/scatterGather/ExampleIndelRealigner-1-sg/temp_15_of_36/FC1-NA12878-01_S1_L001_R1_001_realign.bam -filterNoBases 
INFO  20:07:46,582 HelpFormatter - Executing as beris@dna on Linux 2.6.32-573.el6.x86_64 amd64; OpenJDK 64-Bit Server VM 1.7.0_79-mockbuild_2015_07_24_09_26-b00. 
INFO  20:07:46,582 HelpFormatter - Date/Time: 2015/11/05 20:07:46 
INFO  20:07:46,582 HelpFormatter - --------------------------------------------------------------------------------- 
INFO  20:07:46,583 HelpFormatter - --------------------------------------------------------------------------------- 
INFO  20:07:46,735 GenomeAnalysisEngine - Strictness is SILENT 
INFO  20:07:46,876 GenomeAnalysisEngine - Downsampling Settings: No downsampling 
INFO  20:07:46,894 SAMDataSource$SAMReaders - Initializing SAMRecords in serial 
INFO  20:07:46,946 SAMDataSource$SAMReaders - Done initializing BAM readers: total time 0.05 
INFO  20:07:47,161 IntervalUtils - Processing 102531392 bp from intervals 
INFO  20:07:47,261 GenomeAnalysisEngine - Preparing for traversal over 1 BAM files 
INFO  20:07:54,520 GenomeAnalysisEngine - Done preparing for traversal 
INFO  20:07:54,521 ProgressMeter - [INITIALIZATION COMPLETE; STARTING PROCESSING] 
INFO  20:07:54,522 ProgressMeter -                 | processed |    time |    per 1M |           |   total | remaining 
INFO  20:07:54,523 ProgressMeter -        Location |     reads | elapsed |     reads | completed | runtime |   runtime 
INFO  20:07:55,563 ReadShardBalancer$1 - Loading BAM index data 
INFO  20:07:56,088 ReadShardBalancer$1 - Done loading BAM index data 
INFO  20:08:27,596 ProgressMeter -     15:28886761    100001.0    33.0 s       5.5 m       28.2%   117.0 s      84.0 s 
INFO  20:08:57,599 ProgressMeter -     15:62352561    700014.0    63.0 s      90.0 s       60.8%   103.0 s      40.0 s 
INFO  20:09:15,439 ProgressMeter -            done   1241909.0    80.0 s      65.0 s      100.0%    80.0 s       0.0 s 
INFO  20:09:15,440 ProgressMeter - Total runtime 80.92 secs, 1.35 min, 0.02 hours 
INFO  20:09:15,446 MicroScheduler - 2620712 reads were filtered out during the traversal out of approximately 3862621 total reads (67.85%) 
INFO  20:09:15,447 MicroScheduler -   -> 0 reads (0.00% of total) failing BadCigarFilter 
INFO  20:09:15,447 MicroScheduler -   -> 2620712 reads (67.85% of total) failing MalformedReadFilter 
