INFO  17:50:51,834 HelpFormatter - --------------------------------------------------------------------------------- 
INFO  17:50:51,843 HelpFormatter - The Genome Analysis Toolkit (GATK) v3.4-46-g8ea4dca, Compiled 2015/08/13 20:41:56 
INFO  17:50:51,844 HelpFormatter - Copyright (c) 2010 The Broad Institute 
INFO  17:50:51,844 HelpFormatter - For support and documentation go to http://www.broadinstitute.org/gatk 
INFO  17:50:51,847 HelpFormatter - Program Args: -T IndelRealigner -I /mnt/sdb/data/broadout/HG02769_gatk_best_practices_8t_30s_2016-07-25_16-38-44/HG02769_dupRem.bam -L /mnt/sdb/Broad_Ref_Pipeline_approved_package/workflow_profiler/.queue/scatterGather/ExampleIndelRealigner-1-sg/temp_15_of_36/scatter.intervals -R /mnt/sdb/Broad_Ref_Pipeline_approved_package/b37bundle/human_g1k_v37.fasta -known /mnt/sdb/Broad_Ref_Pipeline_approved_package/b37bundle/1000G_phase1.indels.b37.vcf -targetIntervals /mnt/sdb/data/broadout/HG02769_gatk_best_practices_8t_30s_2016-07-25_16-38-44/HG02769_realn.intervals -o /mnt/sdb/Broad_Ref_Pipeline_approved_package/workflow_profiler/.queue/scatterGather/ExampleIndelRealigner-1-sg/temp_15_of_36/HG02769_realign.bam -filterNoBases 
INFO  17:50:51,862 HelpFormatter - Executing as bshifaw@application-0-1.hudson.intel.com on Linux 3.10.0-327.el7.x86_64 amd64; OpenJDK 64-Bit Server VM 1.8.0_101-b13. 
INFO  17:50:51,880 HelpFormatter - Date/Time: 2016/07/25 17:50:51 
INFO  17:50:51,881 HelpFormatter - --------------------------------------------------------------------------------- 
INFO  17:50:51,881 HelpFormatter - --------------------------------------------------------------------------------- 
INFO  17:50:52,292 GenomeAnalysisEngine - Strictness is SILENT 
INFO  17:50:52,506 GenomeAnalysisEngine - Downsampling Settings: No downsampling 
INFO  17:50:52,520 SAMDataSource$SAMReaders - Initializing SAMRecords in serial 
INFO  17:50:52,624 SAMDataSource$SAMReaders - Done initializing BAM readers: total time 0.10 
INFO  17:50:52,869 IntervalUtils - Processing 102531392 bp from intervals 
INFO  17:50:53,100 GenomeAnalysisEngine - Preparing for traversal over 1 BAM files 
INFO  17:50:53,908 GenomeAnalysisEngine - Done preparing for traversal 
INFO  17:50:53,918 ProgressMeter - [INITIALIZATION COMPLETE; STARTING PROCESSING] 
INFO  17:50:53,918 ProgressMeter -                 | processed |    time |    per 1M |           |   total | remaining 
INFO  17:50:53,931 ProgressMeter -        Location |     reads | elapsed |     reads | completed | runtime |   runtime 
INFO  17:50:54,270 ReadShardBalancer$1 - Loading BAM index data 
INFO  17:50:54,638 ReadShardBalancer$1 - Done loading BAM index data 
INFO  17:51:25,713 ProgressMeter -     15:25421978    200004.0    31.0 s       2.6 m       24.8%     2.1 m      94.0 s 
INFO  17:51:59,264 ProgressMeter -     15:40468875    800024.0    65.0 s      81.0 s       39.5%     2.7 m      99.0 s 
INFO  17:52:34,680 ProgressMeter -     15:42139713   1100033.0   100.0 s      91.0 s       41.1%     4.1 m       2.4 m 
INFO  17:53:12,401 ProgressMeter -     15:43770002   1300048.0     2.3 m     106.0 s       42.7%     5.4 m       3.1 m 
INFO  17:53:42,418 ProgressMeter -     15:50494688   1700064.0     2.8 m      99.0 s       49.2%     5.7 m       2.9 m 
INFO  17:54:12,419 ProgressMeter -     15:63063233   2100069.0     3.3 m      94.0 s       61.5%     5.4 m       2.1 m 
INFO  17:54:43,242 ProgressMeter -     15:72192120   2500080.0     3.8 m      91.0 s       70.4%     5.4 m      96.0 s 
INFO  17:55:13,243 ProgressMeter -     15:81235384   3100093.0     4.3 m      83.0 s       79.2%     5.4 m      67.0 s 
INFO  17:55:42,494 ProgressMeter -            done   3912406.0     4.8 m      73.0 s      100.0%     4.8 m       0.0 s 
INFO  17:55:42,495 ProgressMeter - Total runtime 288.58 secs, 4.81 min, 0.08 hours 
INFO  17:55:42,498 MicroScheduler - 110018 reads were filtered out during the traversal out of approximately 4022424 total reads (2.74%) 
INFO  17:55:42,498 MicroScheduler -   -> 0 reads (0.00% of total) failing BadCigarFilter 
INFO  17:55:42,498 MicroScheduler -   -> 110018 reads (2.74% of total) failing MalformedReadFilter 
