INFO  17:23:18,948 HelpFormatter - --------------------------------------------------------------------------------- 
INFO  17:23:18,951 HelpFormatter - The Genome Analysis Toolkit (GATK) v3.4-46-g8ea4dca, Compiled 2015/08/13 20:41:56 
INFO  17:23:18,951 HelpFormatter - Copyright (c) 2010 The Broad Institute 
INFO  17:23:18,951 HelpFormatter - For support and documentation go to http://www.broadinstitute.org/gatk 
INFO  17:23:18,955 HelpFormatter - Program Args: -T IndelRealigner -I /home/opt/data/broadout/FC1-NA12878-01_S1_L001_gatk_best_practices_36t_30s_2015-11-10_16-39-49/FC1-NA12878-01_S1_L001_dupRem.bam -L /home/beris/Broad_Ref_Pipeline_approved_package/workflow_profiler/.queue/scatterGather/ExampleIndelRealigner-1-sg/temp_31_of_36/scatter.intervals -R /home/beris/Broad_Ref_Pipeline_approved_package/homosapiensrefgenome/Homo_sapiens_assembly19.fasta -known /home/beris/Broad_Ref_Pipeline_approved_package/homosapiensrefgenome/Homo_sapiens_assembly19.known_indels.vcf -targetIntervals /home/opt/data/broadout/FC1-NA12878-01_S1_L001_gatk_best_practices_36t_30s_2015-11-10_16-39-49/FC1-NA12878-01_S1_L001_realn.intervals -o /home/beris/Broad_Ref_Pipeline_approved_package/workflow_profiler/.queue/scatterGather/ExampleIndelRealigner-1-sg/temp_31_of_36/FC1-NA12878-01_S1_L001_realign.bam -filterNoBases 
INFO  17:23:18,967 HelpFormatter - Executing as beris@dna on Linux 2.6.32-573.el6.x86_64 amd64; OpenJDK 64-Bit Server VM 1.7.0_79-mockbuild_2015_07_24_09_26-b00. 
INFO  17:23:18,968 HelpFormatter - Date/Time: 2015/11/10 17:23:18 
INFO  17:23:18,968 HelpFormatter - --------------------------------------------------------------------------------- 
INFO  17:23:18,968 HelpFormatter - --------------------------------------------------------------------------------- 
INFO  17:23:19,183 GenomeAnalysisEngine - Strictness is SILENT 
INFO  17:23:19,398 GenomeAnalysisEngine - Downsampling Settings: No downsampling 
INFO  17:23:19,595 SAMDataSource$SAMReaders - Initializing SAMRecords in serial 
INFO  17:23:19,678 SAMDataSource$SAMReaders - Done initializing BAM readers: total time 0.08 
INFO  17:23:20,467 IntervalUtils - Processing 33824 bp from intervals 
INFO  17:23:21,540 GenomeAnalysisEngine - Preparing for traversal over 1 BAM files 
INFO  17:23:21,952 GenomeAnalysisEngine - Done preparing for traversal 
INFO  17:23:21,953 ProgressMeter - [INITIALIZATION COMPLETE; STARTING PROCESSING] 
INFO  17:23:21,953 ProgressMeter -                 | processed |    time |    per 1M |           |   total | remaining 
INFO  17:23:21,953 ProgressMeter -        Location |     reads | elapsed |     reads | completed | runtime |   runtime 
INFO  17:23:25,991 ReadShardBalancer$1 - Loading BAM index data 
INFO  17:23:25,992 ReadShardBalancer$1 - Done loading BAM index data 
INFO  17:23:26,931 ProgressMeter -            done       360.0     4.0 s       3.8 h       82.0%     4.0 s       0.0 s 
INFO  17:23:26,931 ProgressMeter - Total runtime 4.98 secs, 0.08 min, 0.00 hours 
INFO  17:23:26,940 MicroScheduler - 52 reads were filtered out during the traversal out of approximately 412 total reads (12.62%) 
INFO  17:23:26,941 MicroScheduler -   -> 0 reads (0.00% of total) failing BadCigarFilter 
INFO  17:23:26,941 MicroScheduler -   -> 52 reads (12.62% of total) failing MalformedReadFilter 
