INFO  18:00:54,646 HelpFormatter - --------------------------------------------------------------------------------- 
INFO  18:00:54,649 HelpFormatter - The Genome Analysis Toolkit (GATK) v3.4-46-g8ea4dca, Compiled 2015/08/13 20:41:56 
INFO  18:00:54,649 HelpFormatter - Copyright (c) 2010 The Broad Institute 
INFO  18:00:54,649 HelpFormatter - For support and documentation go to http://www.broadinstitute.org/gatk 
INFO  18:00:54,662 HelpFormatter - Program Args: -T HaplotypeCaller -I /home/opt/data/broadout/FC1-NA12878-01_S1_L001_gatk_best_practices_36t_30s_2015-11-10_16-39-49/FC1-NA12878-01_S1_L001_realign.bam -L /home/beris/Broad_Ref_Pipeline_approved_package/workflow_profiler/.queue/scatterGather/ExampleHaplotypeCaller-1-sg/temp_03_of_36/scatter.intervals -R /home/beris/Broad_Ref_Pipeline_approved_package/homosapiensrefgenome/Homo_sapiens_assembly19.fasta -variant_index_type LINEAR -variant_index_parameter 128000 -o /home/beris/Broad_Ref_Pipeline_approved_package/workflow_profiler/.queue/scatterGather/ExampleHaplotypeCaller-1-sg/temp_03_of_36/FC1-NA12878-01_S1_L001_realign.bam_HaplotypeCaller.g.vcf -ERC GVCF 
INFO  18:00:54,678 HelpFormatter - Executing as beris@dna on Linux 2.6.32-573.el6.x86_64 amd64; OpenJDK 64-Bit Server VM 1.7.0_79-mockbuild_2015_07_24_09_26-b00. 
INFO  18:00:54,678 HelpFormatter - Date/Time: 2015/11/10 18:00:54 
INFO  18:00:54,678 HelpFormatter - --------------------------------------------------------------------------------- 
INFO  18:00:54,678 HelpFormatter - --------------------------------------------------------------------------------- 
WARN  18:00:54,698 GATKVCFUtils - Naming your output file using the .g.vcf extension will automatically set the appropriate values  for --variant_index_type and --variant_index_parameter 
INFO  18:00:54,809 GenomeAnalysisEngine - Strictness is SILENT 
INFO  18:00:54,967 GenomeAnalysisEngine - Downsampling Settings: Method: BY_SAMPLE, Target Coverage: 500 
INFO  18:00:54,974 SAMDataSource$SAMReaders - Initializing SAMRecords in serial 
INFO  18:00:55,033 SAMDataSource$SAMReaders - Done initializing BAM readers: total time 0.06 
INFO  18:00:55,054 HCMappingQualityFilter - Filtering out reads with MAPQ < 20 
INFO  18:00:55,318 IntervalUtils - Processing 1017715 bp from intervals 
INFO  18:00:55,438 GenomeAnalysisEngine - Preparing for traversal over 1 BAM files 
INFO  18:00:55,779 GenomeAnalysisEngine - Done preparing for traversal 
INFO  18:00:55,780 ProgressMeter - [INITIALIZATION COMPLETE; STARTING PROCESSING] 
INFO  18:00:55,780 ProgressMeter -                 |      processed |    time |         per 1M |           |   total | remaining 
INFO  18:00:55,780 ProgressMeter -        Location | active regions | elapsed | active regions | completed | runtime |   runtime 
INFO  18:00:55,785 HaplotypeCaller - Standard Emitting and Calling confidence set to 0.0 for reference-model confidence output 
INFO  18:00:55,786 HaplotypeCaller - All sites annotated with PLs forced to true for reference-model confidence output 
INFO  18:00:56,049 HaplotypeCaller - Using global mismapping rate of 45 => -4.5 in log10 likelihood units 
Using AVX accelerated implementation of PairHMM
INFO  18:00:57,094 VectorLoglessPairHMM - libVectorLoglessPairHMM unpacked successfully from GATK jar file 
INFO  18:00:57,100 VectorLoglessPairHMM - Using vectorized implementation of PairHMM 
WARN  18:00:57,212 HaplotypeScore - Annotation will not be calculated, must be called from UnifiedGenotyper 
WARN  18:00:57,213 InbreedingCoeff - Annotation will not be calculated, must provide a valid PED file (-ped) from the command line. 
INFO  18:01:25,806 ProgressMeter -     1:145281903      1.1105815E7    30.0 s            2.0 s        6.4%     7.8 m       7.3 m 
INFO  18:01:55,814 ProgressMeter -     1:150600019       5.937961E7    60.0 s            1.0 s       16.2%     6.2 m       5.2 m 
INFO  18:02:25,816 ProgressMeter -     1:161022538     7.01236545E8    90.0 s            0.0 s       56.3%     2.7 m      69.0 s 
INFO  18:02:55,818 ProgressMeter -     1:196871797    2.345242836E9   120.0 s            0.0 s       95.6%     2.1 m       5.0 s 
INFO  18:02:59,321 VectorLoglessPairHMM - Time spent in setup for JNI call : 0.045599562 
INFO  18:02:59,321 PairHMM - Total compute time in PairHMM computeLikelihoods() : 17.236197960000002 
INFO  18:02:59,321 HaplotypeCaller - Ran local assembly on 9869 active regions 
INFO  18:02:59,328 ProgressMeter -            done    2.573311564E9     2.1 m            0.0 s      100.0%     2.1 m       0.0 s 
INFO  18:02:59,328 ProgressMeter - Total runtime 123.55 secs, 2.06 min, 0.03 hours 
INFO  18:02:59,328 MicroScheduler - 70454 reads were filtered out during the traversal out of approximately 595302 total reads (11.84%) 
INFO  18:02:59,329 MicroScheduler -   -> 0 reads (0.00% of total) failing BadCigarFilter 
INFO  18:02:59,329 MicroScheduler -   -> 21045 reads (3.54% of total) failing DuplicateReadFilter 
INFO  18:02:59,329 MicroScheduler -   -> 0 reads (0.00% of total) failing FailsVendorQualityCheckFilter 
INFO  18:02:59,329 MicroScheduler -   -> 49354 reads (8.29% of total) failing HCMappingQualityFilter 
INFO  18:02:59,329 MicroScheduler -   -> 0 reads (0.00% of total) failing MalformedReadFilter 
INFO  18:02:59,329 MicroScheduler -   -> 0 reads (0.00% of total) failing MappingQualityUnavailableFilter 
INFO  18:02:59,329 MicroScheduler -   -> 55 reads (0.01% of total) failing NotPrimaryAlignmentFilter 
INFO  18:02:59,330 MicroScheduler -   -> 0 reads (0.00% of total) failing UnmappedReadFilter 
