INFO  17:36:55,836 HelpFormatter - --------------------------------------------------------------------------------- 
INFO  17:36:55,838 HelpFormatter - The Genome Analysis Toolkit (GATK) v3.4-46-g8ea4dca, Compiled 2015/08/13 20:41:56 
INFO  17:36:55,838 HelpFormatter - Copyright (c) 2010 The Broad Institute 
INFO  17:36:55,839 HelpFormatter - For support and documentation go to http://www.broadinstitute.org/gatk 
INFO  17:36:55,860 HelpFormatter - Program Args: -T HaplotypeCaller -I /cluster_share/data/out/HG02769_gatk_best_practices_36t_30s_2016-11-28_15-18-37/HG02769_final.bam -L /cluster_share/data/Broad_Ref_Pipeline_approved_package/workflow_profiler/.queue/scatterGather/ExampleHaplotypeCaller-1-sg/temp_03_of_36/scatter.intervals -R /cluster_share/data/reference/b37bundle/human_g1k_v37.fasta -variant_index_type LINEAR -variant_index_parameter 128000 -o /cluster_share/data/Broad_Ref_Pipeline_approved_package/workflow_profiler/.queue/scatterGather/ExampleHaplotypeCaller-1-sg/temp_03_of_36/HG02769_HaplotypeCaller.g.vcf -ERC GVCF 
INFO  17:36:55,871 HelpFormatter - Executing as bshifaw@compute-1-1.hudson.intel.com on Linux 3.10.0-327.13.1.el7.x86_64 amd64; OpenJDK 64-Bit Server VM 1.8.0_111-b15. 
INFO  17:36:55,871 HelpFormatter - Date/Time: 2016/11/28 17:36:55 
INFO  17:36:55,871 HelpFormatter - --------------------------------------------------------------------------------- 
INFO  17:36:55,872 HelpFormatter - --------------------------------------------------------------------------------- 
WARN  17:36:55,875 GATKVCFUtils - Naming your output file using the .g.vcf extension will automatically set the appropriate values  for --variant_index_type and --variant_index_parameter 
INFO  17:36:55,948 GenomeAnalysisEngine - Strictness is SILENT 
INFO  17:36:56,080 GenomeAnalysisEngine - Downsampling Settings: Method: BY_SAMPLE, Target Coverage: 500 
INFO  17:36:56,089 SAMDataSource$SAMReaders - Initializing SAMRecords in serial 
INFO  17:36:56,221 SAMDataSource$SAMReaders - Done initializing BAM readers: total time 0.13 
INFO  17:36:56,230 HCMappingQualityFilter - Filtering out reads with MAPQ < 20 
INFO  17:36:56,482 IntervalUtils - Processing 1437965 bp from intervals 
INFO  17:36:56,629 GenomeAnalysisEngine - Preparing for traversal over 1 BAM files 
INFO  17:36:56,865 GenomeAnalysisEngine - Done preparing for traversal 
INFO  17:36:56,892 ProgressMeter - [INITIALIZATION COMPLETE; STARTING PROCESSING] 
INFO  17:36:56,892 ProgressMeter -                 |      processed |    time |         per 1M |           |   total | remaining 
INFO  17:36:56,893 ProgressMeter -        Location | active regions | elapsed | active regions | completed | runtime |   runtime 
INFO  17:36:56,918 HaplotypeCaller - Standard Emitting and Calling confidence set to 0.0 for reference-model confidence output 
INFO  17:36:56,918 HaplotypeCaller - All sites annotated with PLs forced to true for reference-model confidence output 
INFO  17:36:57,090 HaplotypeCaller - Using global mismapping rate of 45 => -4.5 in log10 likelihood units 
Using AVX accelerated implementation of PairHMM
INFO  17:36:59,073 VectorLoglessPairHMM - libVectorLoglessPairHMM unpacked successfully from GATK jar file 
INFO  17:36:59,073 VectorLoglessPairHMM - Using vectorized implementation of PairHMM 
WARN  17:36:59,237 HaplotypeScore - Annotation will not be calculated, must be called from UnifiedGenotyper 
WARN  17:36:59,238 InbreedingCoeff - Annotation will not be calculated, must provide a valid PED file (-ped) from the command line. 
INFO  17:37:26,922 ProgressMeter -     1:148021525        1633590.0    30.0 s           18.0 s        2.1%    23.7 m      23.2 m 
INFO  17:37:56,927 ProgressMeter -     1:150528586       1.285498E7    60.0 s            4.0 s        6.6%    15.2 m      14.2 m 
INFO  17:38:26,928 ProgressMeter -     1:152276800      5.7385373E7    90.0 s            1.0 s       15.5%     9.7 m       8.2 m 
INFO  17:38:56,929 ProgressMeter -     1:152281037      5.7385373E7   120.0 s            2.0 s       15.8%    12.7 m      10.7 m 
INFO  17:39:26,930 ProgressMeter -     1:152284824      5.7385373E7     2.5 m            2.0 s       16.0%    15.6 m      13.1 m 
INFO  17:39:56,931 ProgressMeter -     1:154209448     1.28712908E8     3.0 m            1.0 s       22.7%    13.2 m      10.2 m 
INFO  17:40:26,932 ProgressMeter -     1:156713189     3.67209361E8     3.5 m            0.0 s       37.9%     9.2 m       5.7 m 
INFO  17:40:56,934 ProgressMeter -     1:161009851     6.90399196E8     4.0 m            0.0 s       50.7%     7.9 m       3.9 m 
INFO  17:41:26,936 ProgressMeter -     1:173879840    1.448438274E9     4.5 m            0.0 s       69.0%     6.5 m       2.0 m 
INFO  17:41:56,938 ProgressMeter -     1:197111809    2.767266354E9     5.0 m            0.0 s       92.3%     5.4 m      24.0 s 
INFO  17:42:08,096 VectorLoglessPairHMM - Time spent in setup for JNI call : 0.171976594 
INFO  17:42:08,096 PairHMM - Total compute time in PairHMM computeLikelihoods() : 84.60257407900001 
INFO  17:42:08,097 HaplotypeCaller - Ran local assembly on 8365 active regions 
INFO  17:42:08,109 ProgressMeter -            done    3.257264661E9     5.2 m            0.0 s      100.0%     5.2 m       0.0 s 
INFO  17:42:08,110 ProgressMeter - Total runtime 311.22 secs, 5.19 min, 0.09 hours 
INFO  17:42:08,111 MicroScheduler - 726851 reads were filtered out during the traversal out of approximately 3172201 total reads (22.91%) 
INFO  17:42:08,111 MicroScheduler -   -> 0 reads (0.00% of total) failing BadCigarFilter 
INFO  17:42:08,111 MicroScheduler -   -> 424941 reads (13.40% of total) failing DuplicateReadFilter 
INFO  17:42:08,112 MicroScheduler -   -> 0 reads (0.00% of total) failing FailsVendorQualityCheckFilter 
INFO  17:42:08,112 MicroScheduler -   -> 301545 reads (9.51% of total) failing HCMappingQualityFilter 
INFO  17:42:08,112 MicroScheduler -   -> 0 reads (0.00% of total) failing MalformedReadFilter 
INFO  17:42:08,113 MicroScheduler -   -> 0 reads (0.00% of total) failing MappingQualityUnavailableFilter 
INFO  17:42:08,113 MicroScheduler -   -> 365 reads (0.01% of total) failing NotPrimaryAlignmentFilter 
INFO  17:42:08,113 MicroScheduler -   -> 0 reads (0.00% of total) failing UnmappedReadFilter 
