INFO  16:10:24,790 HelpFormatter - --------------------------------------------------------------------------------- 
INFO  16:10:24,792 HelpFormatter - The Genome Analysis Toolkit (GATK) v3.4-46-g8ea4dca, Compiled 2015/08/13 20:41:56 
INFO  16:10:24,798 HelpFormatter - Copyright (c) 2010 The Broad Institute 
INFO  16:10:24,798 HelpFormatter - For support and documentation go to http://www.broadinstitute.org/gatk 
INFO  16:10:24,828 HelpFormatter - Program Args: -T HaplotypeCaller -I /mnt/sdb/data/broadout/sim1M_pairs_gatk_best_practices_36t_30s_2016-09-26_15-40-42/sim1M_pairs_final.bam -L /home/bshifaw/gitrepos/Reference-Design/Broad_Ref_Pip/workflow_profiler/.queue/scatterGather/ExampleHaplotypeCaller-1-sg/temp_03_of_36/scatter.intervals -R /mnt/sdb/Broad_Ref_Pipeline_approved_package/homosapiensrefgenome/Homo_sapiens_assembly19.fasta -variant_index_type LINEAR -variant_index_parameter 128000 -o /home/bshifaw/gitrepos/Reference-Design/Broad_Ref_Pip/workflow_profiler/.queue/scatterGather/ExampleHaplotypeCaller-1-sg/temp_03_of_36/sim1M_pairs_HaplotypeCaller.g.vcf -ERC GVCF 
INFO  16:10:24,843 HelpFormatter - Executing as bshifaw@application-0-1.hudson.intel.com on Linux 3.10.0-327.13.1.el7.x86_64 amd64; OpenJDK 64-Bit Server VM 1.8.0_102-b14. 
INFO  16:10:24,845 HelpFormatter - Date/Time: 2016/09/26 16:10:24 
INFO  16:10:24,846 HelpFormatter - --------------------------------------------------------------------------------- 
INFO  16:10:24,846 HelpFormatter - --------------------------------------------------------------------------------- 
WARN  16:10:24,861 GATKVCFUtils - Naming your output file using the .g.vcf extension will automatically set the appropriate values  for --variant_index_type and --variant_index_parameter 
INFO  16:10:24,928 GenomeAnalysisEngine - Strictness is SILENT 
INFO  16:10:25,160 GenomeAnalysisEngine - Downsampling Settings: Method: BY_SAMPLE, Target Coverage: 500 
INFO  16:10:25,166 SAMDataSource$SAMReaders - Initializing SAMRecords in serial 
INFO  16:10:25,245 SAMDataSource$SAMReaders - Done initializing BAM readers: total time 0.08 
INFO  16:10:25,262 HCMappingQualityFilter - Filtering out reads with MAPQ < 20 
INFO  16:10:25,283 IntervalUtils - Processing 86166015 bp from intervals 
INFO  16:10:25,489 GenomeAnalysisEngine - Preparing for traversal over 1 BAM files 
INFO  16:10:25,744 GenomeAnalysisEngine - Done preparing for traversal 
INFO  16:10:25,747 ProgressMeter - [INITIALIZATION COMPLETE; STARTING PROCESSING] 
INFO  16:10:25,752 ProgressMeter -                 |      processed |    time |         per 1M |           |   total | remaining 
INFO  16:10:25,753 ProgressMeter -        Location | active regions | elapsed | active regions | completed | runtime |   runtime 
INFO  16:10:25,757 HaplotypeCaller - Standard Emitting and Calling confidence set to 0.0 for reference-model confidence output 
INFO  16:10:25,757 HaplotypeCaller - All sites annotated with PLs forced to true for reference-model confidence output 
INFO  16:10:26,012 HaplotypeCaller - Using global mismapping rate of 45 => -4.5 in log10 likelihood units 
Using AVX accelerated implementation of PairHMM
INFO  16:10:32,706 VectorLoglessPairHMM - libVectorLoglessPairHMM unpacked successfully from GATK jar file 
INFO  16:10:32,709 VectorLoglessPairHMM - Using vectorized implementation of PairHMM 
WARN  16:10:33,246 HaplotypeScore - Annotation will not be calculated, must be called from UnifiedGenotyper 
WARN  16:10:33,247 InbreedingCoeff - Annotation will not be calculated, must provide a valid PED file (-ped) from the command line. 
INFO  16:10:55,833 ProgressMeter -     1:173907397              0.0    30.0 s           49.7 w        1.8%    27.3 m      26.8 m 
INFO  16:11:25,841 ProgressMeter -     1:178842522              0.0    60.0 s           99.4 w        7.6%    13.2 m      12.2 m 
INFO  16:11:55,842 ProgressMeter -     1:187590059              0.0    90.0 s          149.0 w       17.7%     8.5 m       7.0 m 
INFO  16:12:25,843 ProgressMeter -     1:196159930              0.0   120.0 s          198.6 w       27.7%     7.2 m       5.2 m 
INFO  16:12:55,844 ProgressMeter -     1:204740124              0.0     2.5 m          248.2 w       37.6%     6.6 m       4.1 m 
INFO  16:13:25,845 ProgressMeter -     1:213611400              0.0     3.0 m          297.8 w       47.9%     6.3 m       3.3 m 
INFO  16:13:55,846 ProgressMeter -     1:222084730              0.0     3.5 m          347.4 w       57.7%     6.1 m       2.6 m 
INFO  16:14:25,847 ProgressMeter -     1:230782256              0.0     4.0 m          397.0 w       67.8%     5.9 m     113.0 s 
INFO  16:15:05,848 ProgressMeter -     1:242782413              0.0     4.7 m          463.1 w       81.8%     5.7 m      62.0 s 
INFO  16:15:35,849 ProgressMeter -       2:2647298      7.6918591E7     5.2 m            4.0 s       92.3%     5.6 m      25.0 s 
INFO  16:15:55,262 VectorLoglessPairHMM - Time spent in setup for JNI call : 0.004177863 
INFO  16:15:55,262 PairHMM - Total compute time in PairHMM computeLikelihoods() : 0.056498341 
INFO  16:15:55,263 HaplotypeCaller - Ran local assembly on 293579 active regions 
INFO  16:15:55,269 ProgressMeter -            done      8.6166015E7     5.5 m            3.0 s      100.0%     5.5 m       0.0 s 
INFO  16:15:55,269 ProgressMeter - Total runtime 329.52 secs, 5.49 min, 0.09 hours 
INFO  16:15:55,269 MicroScheduler - 762 reads were filtered out during the traversal out of approximately 55438 total reads (1.37%) 
INFO  16:15:55,270 MicroScheduler -   -> 0 reads (0.00% of total) failing BadCigarFilter 
INFO  16:15:55,270 MicroScheduler -   -> 0 reads (0.00% of total) failing DuplicateReadFilter 
INFO  16:15:55,270 MicroScheduler -   -> 0 reads (0.00% of total) failing FailsVendorQualityCheckFilter 
INFO  16:15:55,270 MicroScheduler -   -> 757 reads (1.37% of total) failing HCMappingQualityFilter 
INFO  16:15:55,270 MicroScheduler -   -> 0 reads (0.00% of total) failing MalformedReadFilter 
INFO  16:15:55,271 MicroScheduler -   -> 0 reads (0.00% of total) failing MappingQualityUnavailableFilter 
INFO  16:15:55,271 MicroScheduler -   -> 5 reads (0.01% of total) failing NotPrimaryAlignmentFilter 
INFO  16:15:55,271 MicroScheduler -   -> 0 reads (0.00% of total) failing UnmappedReadFilter 
