[Mon Jul 25 18:42:43 EDT 2016] picard.sam.MergeSamFiles INPUT=[/mnt/sdb/Broad_Ref_Pipeline_approved_package/workflow_profiler/.queue/scatterGather/ExamplePrintReads-1-sg/temp_01_of_36/HG02769_final.bam, /mnt/sdb/Broad_Ref_Pipeline_approved_package/workflow_profiler/.queue/scatterGather/ExamplePrintReads-1-sg/temp_02_of_36/HG02769_final.bam, /mnt/sdb/Broad_Ref_Pipeline_approved_package/workflow_profiler/.queue/scatterGather/ExamplePrintReads-1-sg/temp_03_of_36/HG02769_final.bam, /mnt/sdb/Broad_Ref_Pipeline_approved_package/workflow_profiler/.queue/scatterGather/ExamplePrintReads-1-sg/temp_04_of_36/HG02769_final.bam, /mnt/sdb/Broad_Ref_Pipeline_approved_package/workflow_profiler/.queue/scatterGather/ExamplePrintReads-1-sg/temp_05_of_36/HG02769_final.bam, /mnt/sdb/Broad_Ref_Pipeline_approved_package/workflow_profiler/.queue/scatterGather/ExamplePrintReads-1-sg/temp_06_of_36/HG02769_final.bam, /mnt/sdb/Broad_Ref_Pipeline_approved_package/workflow_profiler/.queue/scatterGather/ExamplePrintReads-1-sg/temp_07_of_36/HG02769_final.bam, /mnt/sdb/Broad_Ref_Pipeline_approved_package/workflow_profiler/.queue/scatterGather/ExamplePrintReads-1-sg/temp_08_of_36/HG02769_final.bam, /mnt/sdb/Broad_Ref_Pipeline_approved_package/workflow_profiler/.queue/scatterGather/ExamplePrintReads-1-sg/temp_09_of_36/HG02769_final.bam, /mnt/sdb/Broad_Ref_Pipeline_approved_package/workflow_profiler/.queue/scatterGather/ExamplePrintReads-1-sg/temp_10_of_36/HG02769_final.bam, /mnt/sdb/Broad_Ref_Pipeline_approved_package/workflow_profiler/.queue/scatterGather/ExamplePrintReads-1-sg/temp_11_of_36/HG02769_final.bam, /mnt/sdb/Broad_Ref_Pipeline_approved_package/workflow_profiler/.queue/scatterGather/ExamplePrintReads-1-sg/temp_12_of_36/HG02769_final.bam, /mnt/sdb/Broad_Ref_Pipeline_approved_package/workflow_profiler/.queue/scatterGather/ExamplePrintReads-1-sg/temp_13_of_36/HG02769_final.bam, /mnt/sdb/Broad_Ref_Pipeline_approved_package/workflow_profiler/.queue/scatterGather/ExamplePrintReads-1-sg/temp_14_of_36/HG02769_final.bam, /mnt/sdb/Broad_Ref_Pipeline_approved_package/workflow_profiler/.queue/scatterGather/ExamplePrintReads-1-sg/temp_15_of_36/HG02769_final.bam, /mnt/sdb/Broad_Ref_Pipeline_approved_package/workflow_profiler/.queue/scatterGather/ExamplePrintReads-1-sg/temp_16_of_36/HG02769_final.bam, /mnt/sdb/Broad_Ref_Pipeline_approved_package/workflow_profiler/.queue/scatterGather/ExamplePrintReads-1-sg/temp_17_of_36/HG02769_final.bam, /mnt/sdb/Broad_Ref_Pipeline_approved_package/workflow_profiler/.queue/scatterGather/ExamplePrintReads-1-sg/temp_18_of_36/HG02769_final.bam, /mnt/sdb/Broad_Ref_Pipeline_approved_package/workflow_profiler/.queue/scatterGather/ExamplePrintReads-1-sg/temp_19_of_36/HG02769_final.bam, /mnt/sdb/Broad_Ref_Pipeline_approved_package/workflow_profiler/.queue/scatterGather/ExamplePrintReads-1-sg/temp_20_of_36/HG02769_final.bam, /mnt/sdb/Broad_Ref_Pipeline_approved_package/workflow_profiler/.queue/scatterGather/ExamplePrintReads-1-sg/temp_21_of_36/HG02769_final.bam, /mnt/sdb/Broad_Ref_Pipeline_approved_package/workflow_profiler/.queue/scatterGather/ExamplePrintReads-1-sg/temp_22_of_36/HG02769_final.bam, /mnt/sdb/Broad_Ref_Pipeline_approved_package/workflow_profiler/.queue/scatterGather/ExamplePrintReads-1-sg/temp_23_of_36/HG02769_final.bam, /mnt/sdb/Broad_Ref_Pipeline_approved_package/workflow_profiler/.queue/scatterGather/ExamplePrintReads-1-sg/temp_24_of_36/HG02769_final.bam, /mnt/sdb/Broad_Ref_Pipeline_approved_package/workflow_profiler/.queue/scatterGather/ExamplePrintReads-1-sg/temp_25_of_36/HG02769_final.bam, /mnt/sdb/Broad_Ref_Pipeline_approved_package/workflow_profiler/.queue/scatterGather/ExamplePrintReads-1-sg/temp_26_of_36/HG02769_final.bam, /mnt/sdb/Broad_Ref_Pipeline_approved_package/workflow_profiler/.queue/scatterGather/ExamplePrintReads-1-sg/temp_27_of_36/HG02769_final.bam, /mnt/sdb/Broad_Ref_Pipeline_approved_package/workflow_profiler/.queue/scatterGather/ExamplePrintReads-1-sg/temp_28_of_36/HG02769_final.bam, /mnt/sdb/Broad_Ref_Pipeline_approved_package/workflow_profiler/.queue/scatterGather/ExamplePrintReads-1-sg/temp_29_of_36/HG02769_final.bam, /mnt/sdb/Broad_Ref_Pipeline_approved_package/workflow_profiler/.queue/scatterGather/ExamplePrintReads-1-sg/temp_30_of_36/HG02769_final.bam, /mnt/sdb/Broad_Ref_Pipeline_approved_package/workflow_profiler/.queue/scatterGather/ExamplePrintReads-1-sg/temp_31_of_36/HG02769_final.bam, /mnt/sdb/Broad_Ref_Pipeline_approved_package/workflow_profiler/.queue/scatterGather/ExamplePrintReads-1-sg/temp_32_of_36/HG02769_final.bam, /mnt/sdb/Broad_Ref_Pipeline_approved_package/workflow_profiler/.queue/scatterGather/ExamplePrintReads-1-sg/temp_33_of_36/HG02769_final.bam, /mnt/sdb/Broad_Ref_Pipeline_approved_package/workflow_profiler/.queue/scatterGather/ExamplePrintReads-1-sg/temp_34_of_36/HG02769_final.bam, /mnt/sdb/Broad_Ref_Pipeline_approved_package/workflow_profiler/.queue/scatterGather/ExamplePrintReads-1-sg/temp_35_of_36/HG02769_final.bam, /mnt/sdb/Broad_Ref_Pipeline_approved_package/workflow_profiler/.queue/scatterGather/ExamplePrintReads-1-sg/temp_36_of_36/HG02769_final.bam] OUTPUT=/mnt/sdb/data/broadout/HG02769_gatk_best_practices_8t_30s_2016-07-25_16-38-44/HG02769_final.bam SORT_ORDER=coordinate ASSUME_SORTED=true TMP_DIR=[/mnt/sdb/data/broadout/HG02769_gatk_best_practices_8t_30s_2016-07-25_16-38-44] VALIDATION_STRINGENCY=SILENT CREATE_INDEX=true CREATE_MD5_FILE=false    MERGE_SEQUENCE_DICTIONARIES=false USE_THREADING=false VERBOSITY=INFO QUIET=false COMPRESSION_LEVEL=5 MAX_RECORDS_IN_RAM=500000 GA4GH_CLIENT_SECRETS=client_secrets.json
[Mon Jul 25 18:42:43 EDT 2016] Executing as bshifaw@application-0-1.hudson.intel.com on Linux 3.10.0-327.el7.x86_64 amd64; OpenJDK 64-Bit Server VM 1.8.0_101-b13; Picard version: null JdkDeflater
INFO	2016-07-25 18:42:43	MergeSamFiles	Input files are in same order as output so sorting to temp directory is not needed.
INFO	2016-07-25 18:42:54	MergeSamFiles	Processed     1,000,000 records.  Elapsed time: 00:00:10s.  Time for last 1,000,000:   10s.  Last read position: 1:13,645,909
INFO	2016-07-25 18:43:04	MergeSamFiles	Processed     2,000,000 records.  Elapsed time: 00:00:20s.  Time for last 1,000,000:    9s.  Last read position: 1:27,057,781
INFO	2016-07-25 18:43:14	MergeSamFiles	Processed     3,000,000 records.  Elapsed time: 00:00:30s.  Time for last 1,000,000:   10s.  Last read position: 1:43,637,238
INFO	2016-07-25 18:43:24	MergeSamFiles	Processed     4,000,000 records.  Elapsed time: 00:00:40s.  Time for last 1,000,000:   10s.  Last read position: 1:67,666,459
INFO	2016-07-25 18:43:34	MergeSamFiles	Processed     5,000,000 records.  Elapsed time: 00:00:50s.  Time for last 1,000,000:   10s.  Last read position: 1:109,808,803
INFO	2016-07-25 18:43:44	MergeSamFiles	Processed     6,000,000 records.  Elapsed time: 00:01:00s.  Time for last 1,000,000:    9s.  Last read position: 1:145,347,965
INFO	2016-07-25 18:43:53	MergeSamFiles	Processed     7,000,000 records.  Elapsed time: 00:01:10s.  Time for last 1,000,000:    9s.  Last read position: 1:151,414,624
INFO	2016-07-25 18:44:03	MergeSamFiles	Processed     8,000,000 records.  Elapsed time: 00:01:19s.  Time for last 1,000,000:    9s.  Last read position: 1:156,347,949
INFO	2016-07-25 18:44:13	MergeSamFiles	Processed     9,000,000 records.  Elapsed time: 00:01:29s.  Time for last 1,000,000:   10s.  Last read position: 1:173,876,522
INFO	2016-07-25 18:44:23	MergeSamFiles	Processed    10,000,000 records.  Elapsed time: 00:01:39s.  Time for last 1,000,000:   10s.  Last read position: 1:204,125,306
INFO	2016-07-25 18:44:33	MergeSamFiles	Processed    11,000,000 records.  Elapsed time: 00:01:49s.  Time for last 1,000,000:   10s.  Last read position: 1:229,667,377
INFO	2016-07-25 18:44:43	MergeSamFiles	Processed    12,000,000 records.  Elapsed time: 00:02:00s.  Time for last 1,000,000:   10s.  Last read position: 2:20,137,555
INFO	2016-07-25 18:44:54	MergeSamFiles	Processed    13,000,000 records.  Elapsed time: 00:02:10s.  Time for last 1,000,000:   10s.  Last read position: 2:47,635,686
INFO	2016-07-25 18:45:04	MergeSamFiles	Processed    14,000,000 records.  Elapsed time: 00:02:20s.  Time for last 1,000,000:   10s.  Last read position: 2:87,185,027
INFO	2016-07-25 18:45:13	MergeSamFiles	Processed    15,000,000 records.  Elapsed time: 00:02:30s.  Time for last 1,000,000:    9s.  Last read position: 2:110,594,612
INFO	2016-07-25 18:45:24	MergeSamFiles	Processed    16,000,000 records.  Elapsed time: 00:02:40s.  Time for last 1,000,000:   10s.  Last read position: 2:152,320,481
INFO	2016-07-25 18:45:34	MergeSamFiles	Processed    17,000,000 records.  Elapsed time: 00:02:50s.  Time for last 1,000,000:   10s.  Last read position: 2:179,567,207
INFO	2016-07-25 18:45:44	MergeSamFiles	Processed    18,000,000 records.  Elapsed time: 00:03:00s.  Time for last 1,000,000:   10s.  Last read position: 2:216,931,147
INFO	2016-07-25 18:45:54	MergeSamFiles	Processed    19,000,000 records.  Elapsed time: 00:03:10s.  Time for last 1,000,000:   10s.  Last read position: 2:241,663,289
INFO	2016-07-25 18:46:04	MergeSamFiles	Processed    20,000,000 records.  Elapsed time: 00:03:20s.  Time for last 1,000,000:   10s.  Last read position: 3:38,080,794
INFO	2016-07-25 18:46:14	MergeSamFiles	Processed    21,000,000 records.  Elapsed time: 00:03:31s.  Time for last 1,000,000:   10s.  Last read position: 3:50,147,821
INFO	2016-07-25 18:46:24	MergeSamFiles	Processed    22,000,000 records.  Elapsed time: 00:03:41s.  Time for last 1,000,000:   10s.  Last read position: 3:98,512,486
INFO	2016-07-25 18:46:35	MergeSamFiles	Processed    23,000,000 records.  Elapsed time: 00:03:51s.  Time for last 1,000,000:   10s.  Last read position: 3:129,188,247
INFO	2016-07-25 18:46:45	MergeSamFiles	Processed    24,000,000 records.  Elapsed time: 00:04:01s.  Time for last 1,000,000:   10s.  Last read position: 3:172,321,239
INFO	2016-07-25 18:46:55	MergeSamFiles	Processed    25,000,000 records.  Elapsed time: 00:04:12s.  Time for last 1,000,000:   10s.  Last read position: 4:2,940,889
INFO	2016-07-25 18:47:06	MergeSamFiles	Processed    26,000,000 records.  Elapsed time: 00:04:22s.  Time for last 1,000,000:   10s.  Last read position: 4:48,608,587
INFO	2016-07-25 18:47:16	MergeSamFiles	Processed    27,000,000 records.  Elapsed time: 00:04:33s.  Time for last 1,000,000:   10s.  Last read position: 4:89,950,735
INFO	2016-07-25 18:47:26	MergeSamFiles	Processed    28,000,000 records.  Elapsed time: 00:04:43s.  Time for last 1,000,000:   10s.  Last read position: 4:151,673,376
INFO	2016-07-25 18:47:37	MergeSamFiles	Processed    29,000,000 records.  Elapsed time: 00:04:53s.  Time for last 1,000,000:   10s.  Last read position: 5:16,463,240
INFO	2016-07-25 18:47:47	MergeSamFiles	Processed    30,000,000 records.  Elapsed time: 00:05:03s.  Time for last 1,000,000:   10s.  Last read position: 5:70,422,344
INFO	2016-07-25 18:47:57	MergeSamFiles	Processed    31,000,000 records.  Elapsed time: 00:05:13s.  Time for last 1,000,000:   10s.  Last read position: 5:127,483,310
INFO	2016-07-25 18:48:07	MergeSamFiles	Processed    32,000,000 records.  Elapsed time: 00:05:23s.  Time for last 1,000,000:    9s.  Last read position: 5:141,520,123
INFO	2016-07-25 18:48:17	MergeSamFiles	Processed    33,000,000 records.  Elapsed time: 00:05:33s.  Time for last 1,000,000:   10s.  Last read position: 5:176,832,969
INFO	2016-07-25 18:48:27	MergeSamFiles	Processed    34,000,000 records.  Elapsed time: 00:05:43s.  Time for last 1,000,000:   10s.  Last read position: 6:28,327,691
INFO	2016-07-25 18:48:37	MergeSamFiles	Processed    35,000,000 records.  Elapsed time: 00:05:53s.  Time for last 1,000,000:    9s.  Last read position: 6:34,950,755
INFO	2016-07-25 18:48:47	MergeSamFiles	Processed    36,000,000 records.  Elapsed time: 00:06:03s.  Time for last 1,000,000:   10s.  Last read position: 6:56,336,739
INFO	2016-07-25 18:48:57	MergeSamFiles	Processed    37,000,000 records.  Elapsed time: 00:06:13s.  Time for last 1,000,000:   10s.  Last read position: 6:112,454,520
INFO	2016-07-25 18:49:07	MergeSamFiles	Processed    38,000,000 records.  Elapsed time: 00:06:24s.  Time for last 1,000,000:   10s.  Last read position: 6:155,153,071
INFO	2016-07-25 18:49:18	MergeSamFiles	Processed    39,000,000 records.  Elapsed time: 00:06:34s.  Time for last 1,000,000:   10s.  Last read position: 7:11,418,688
INFO	2016-07-25 18:49:28	MergeSamFiles	Processed    40,000,000 records.  Elapsed time: 00:06:44s.  Time for last 1,000,000:   10s.  Last read position: 7:62,969,947
INFO	2016-07-25 18:49:38	MergeSamFiles	Processed    41,000,000 records.  Elapsed time: 00:06:54s.  Time for last 1,000,000:   10s.  Last read position: 7:94,174,907
INFO	2016-07-25 18:49:48	MergeSamFiles	Processed    42,000,000 records.  Elapsed time: 00:07:04s.  Time for last 1,000,000:    9s.  Last read position: 7:110,763,984
INFO	2016-07-25 18:49:58	MergeSamFiles	Processed    43,000,000 records.  Elapsed time: 00:07:14s.  Time for last 1,000,000:   10s.  Last read position: 7:143,507,626
INFO	2016-07-25 18:50:08	MergeSamFiles	Processed    44,000,000 records.  Elapsed time: 00:07:25s.  Time for last 1,000,000:   10s.  Last read position: 8:18,541,209
INFO	2016-07-25 18:50:19	MergeSamFiles	Processed    45,000,000 records.  Elapsed time: 00:07:35s.  Time for last 1,000,000:   10s.  Last read position: 8:62,115,043
INFO	2016-07-25 18:50:29	MergeSamFiles	Processed    46,000,000 records.  Elapsed time: 00:07:45s.  Time for last 1,000,000:   10s.  Last read position: 8:113,237,146
INFO	2016-07-25 18:50:39	MergeSamFiles	Processed    47,000,000 records.  Elapsed time: 00:07:55s.  Time for last 1,000,000:   10s.  Last read position: 9:7,128,147
INFO	2016-07-25 18:50:49	MergeSamFiles	Processed    48,000,000 records.  Elapsed time: 00:08:05s.  Time for last 1,000,000:   10s.  Last read position: 9:41,591,247
INFO	2016-07-25 18:50:59	MergeSamFiles	Processed    49,000,000 records.  Elapsed time: 00:08:15s.  Time for last 1,000,000:   10s.  Last read position: 9:98,908,447
INFO	2016-07-25 18:51:09	MergeSamFiles	Processed    50,000,000 records.  Elapsed time: 00:08:26s.  Time for last 1,000,000:   10s.  Last read position: 9:127,572,653
INFO	2016-07-25 18:51:19	MergeSamFiles	Processed    51,000,000 records.  Elapsed time: 00:08:36s.  Time for last 1,000,000:   10s.  Last read position: 9:140,358,816
INFO	2016-07-25 18:51:30	MergeSamFiles	Processed    52,000,000 records.  Elapsed time: 00:08:46s.  Time for last 1,000,000:   10s.  Last read position: 10:38,696,594
INFO	2016-07-25 18:51:40	MergeSamFiles	Processed    53,000,000 records.  Elapsed time: 00:08:56s.  Time for last 1,000,000:   10s.  Last read position: 10:74,104,749
INFO	2016-07-25 18:51:50	MergeSamFiles	Processed    54,000,000 records.  Elapsed time: 00:09:06s.  Time for last 1,000,000:   10s.  Last read position: 10:100,189,483
INFO	2016-07-25 18:52:00	MergeSamFiles	Processed    55,000,000 records.  Elapsed time: 00:09:16s.  Time for last 1,000,000:   10s.  Last read position: 10:125,558,608
INFO	2016-07-25 18:52:10	MergeSamFiles	Processed    56,000,000 records.  Elapsed time: 00:09:26s.  Time for last 1,000,000:   10s.  Last read position: 11:7,334,742
INFO	2016-07-25 18:52:20	MergeSamFiles	Processed    57,000,000 records.  Elapsed time: 00:09:37s.  Time for last 1,000,000:   10s.  Last read position: 11:46,439,448
INFO	2016-07-25 18:52:30	MergeSamFiles	Processed    58,000,000 records.  Elapsed time: 00:09:46s.  Time for last 1,000,000:    9s.  Last read position: 11:62,299,217
INFO	2016-07-25 18:52:40	MergeSamFiles	Processed    59,000,000 records.  Elapsed time: 00:09:57s.  Time for last 1,000,000:   10s.  Last read position: 11:71,728,662
INFO	2016-07-25 18:52:50	MergeSamFiles	Processed    60,000,000 records.  Elapsed time: 00:10:07s.  Time for last 1,000,000:   10s.  Last read position: 11:111,750,239
INFO	2016-07-25 18:53:00	MergeSamFiles	Processed    61,000,000 records.  Elapsed time: 00:10:17s.  Time for last 1,000,000:   10s.  Last read position: 11:134,072,656
INFO	2016-07-25 18:53:11	MergeSamFiles	Processed    62,000,000 records.  Elapsed time: 00:10:27s.  Time for last 1,000,000:   10s.  Last read position: 12:15,650,160
INFO	2016-07-25 18:53:21	MergeSamFiles	Processed    63,000,000 records.  Elapsed time: 00:10:37s.  Time for last 1,000,000:   10s.  Last read position: 12:51,382,122
INFO	2016-07-25 18:53:30	MergeSamFiles	Processed    64,000,000 records.  Elapsed time: 00:10:47s.  Time for last 1,000,000:    9s.  Last read position: 12:57,922,235
INFO	2016-07-25 18:53:41	MergeSamFiles	Processed    65,000,000 records.  Elapsed time: 00:10:57s.  Time for last 1,000,000:   10s.  Last read position: 12:104,171,683
INFO	2016-07-25 18:53:51	MergeSamFiles	Processed    66,000,000 records.  Elapsed time: 00:11:07s.  Time for last 1,000,000:   10s.  Last read position: 12:123,648,538
INFO	2016-07-25 18:54:01	MergeSamFiles	Processed    67,000,000 records.  Elapsed time: 00:11:17s.  Time for last 1,000,000:   10s.  Last read position: 13:41,508,138
INFO	2016-07-25 18:54:12	MergeSamFiles	Processed    68,000,000 records.  Elapsed time: 00:11:28s.  Time for last 1,000,000:   10s.  Last read position: 13:113,583,884
INFO	2016-07-25 18:54:22	MergeSamFiles	Processed    69,000,000 records.  Elapsed time: 00:11:38s.  Time for last 1,000,000:   10s.  Last read position: 14:33,292,065
INFO	2016-07-25 18:54:32	MergeSamFiles	Processed    70,000,000 records.  Elapsed time: 00:11:48s.  Time for last 1,000,000:   10s.  Last read position: 14:72,151,994
INFO	2016-07-25 18:54:42	MergeSamFiles	Processed    71,000,000 records.  Elapsed time: 00:11:58s.  Time for last 1,000,000:   10s.  Last read position: 14:102,508,976
INFO	2016-07-25 18:54:52	MergeSamFiles	Processed    72,000,000 records.  Elapsed time: 00:12:08s.  Time for last 1,000,000:   10s.  Last read position: 15:31,114,879
INFO	2016-07-25 18:55:02	MergeSamFiles	Processed    73,000,000 records.  Elapsed time: 00:12:18s.  Time for last 1,000,000:    9s.  Last read position: 15:45,464,304
INFO	2016-07-25 18:55:12	MergeSamFiles	Processed    74,000,000 records.  Elapsed time: 00:12:28s.  Time for last 1,000,000:   10s.  Last read position: 15:72,191,269
INFO	2016-07-25 18:55:22	MergeSamFiles	Processed    75,000,000 records.  Elapsed time: 00:12:39s.  Time for last 1,000,000:   10s.  Last read position: 15:90,784,755
INFO	2016-07-25 18:55:33	MergeSamFiles	Processed    76,000,000 records.  Elapsed time: 00:12:49s.  Time for last 1,000,000:   10s.  Last read position: 16:7,703,756
INFO	2016-07-25 18:55:42	MergeSamFiles	Processed    77,000,000 records.  Elapsed time: 00:12:59s.  Time for last 1,000,000:    9s.  Last read position: 16:24,574,912
INFO	2016-07-25 18:55:52	MergeSamFiles	Processed    78,000,000 records.  Elapsed time: 00:13:09s.  Time for last 1,000,000:   10s.  Last read position: 16:48,226,668
INFO	2016-07-25 18:56:03	MergeSamFiles	Processed    79,000,000 records.  Elapsed time: 00:13:19s.  Time for last 1,000,000:   10s.  Last read position: 16:70,422,380
INFO	2016-07-25 18:56:13	MergeSamFiles	Processed    80,000,000 records.  Elapsed time: 00:13:29s.  Time for last 1,000,000:   10s.  Last read position: 17:3,214,139
INFO	2016-07-25 18:56:23	MergeSamFiles	Processed    81,000,000 records.  Elapsed time: 00:13:39s.  Time for last 1,000,000:    9s.  Last read position: 17:10,406,268
INFO	2016-07-25 18:56:33	MergeSamFiles	Processed    82,000,000 records.  Elapsed time: 00:13:49s.  Time for last 1,000,000:   10s.  Last read position: 17:28,749,835
INFO	2016-07-25 18:56:42	MergeSamFiles	Processed    83,000,000 records.  Elapsed time: 00:13:58s.  Time for last 1,000,000:    8s.  Last read position: 17:37,199,532
INFO	2016-07-25 18:56:52	MergeSamFiles	Processed    84,000,000 records.  Elapsed time: 00:14:08s.  Time for last 1,000,000:   10s.  Last read position: 17:43,912,090
INFO	2016-07-25 18:57:02	MergeSamFiles	Processed    85,000,000 records.  Elapsed time: 00:14:18s.  Time for last 1,000,000:    9s.  Last read position: 17:60,503,631
INFO	2016-07-25 18:57:12	MergeSamFiles	Processed    86,000,000 records.  Elapsed time: 00:14:28s.  Time for last 1,000,000:   10s.  Last read position: 17:77,926,645
INFO	2016-07-25 18:57:22	MergeSamFiles	Processed    87,000,000 records.  Elapsed time: 00:14:38s.  Time for last 1,000,000:   10s.  Last read position: 18:33,267,067
INFO	2016-07-25 18:57:32	MergeSamFiles	Processed    88,000,000 records.  Elapsed time: 00:14:49s.  Time for last 1,000,000:   10s.  Last read position: 19:2,413,645
INFO	2016-07-25 18:57:42	MergeSamFiles	Processed    89,000,000 records.  Elapsed time: 00:14:59s.  Time for last 1,000,000:   10s.  Last read position: 19:10,823,325
INFO	2016-07-25 18:57:52	MergeSamFiles	Processed    90,000,000 records.  Elapsed time: 00:15:09s.  Time for last 1,000,000:   10s.  Last read position: 19:19,231,561
INFO	2016-07-25 18:58:03	MergeSamFiles	Processed    91,000,000 records.  Elapsed time: 00:15:19s.  Time for last 1,000,000:   10s.  Last read position: 19:40,174,679
INFO	2016-07-25 18:58:12	MergeSamFiles	Processed    92,000,000 records.  Elapsed time: 00:15:29s.  Time for last 1,000,000:    9s.  Last read position: 19:47,909,854
INFO	2016-07-25 18:58:23	MergeSamFiles	Processed    93,000,000 records.  Elapsed time: 00:15:39s.  Time for last 1,000,000:   10s.  Last read position: 19:54,967,979
INFO	2016-07-25 18:58:33	MergeSamFiles	Processed    94,000,000 records.  Elapsed time: 00:15:50s.  Time for last 1,000,000:   10s.  Last read position: 20:15,866,407
INFO	2016-07-25 18:58:44	MergeSamFiles	Processed    95,000,000 records.  Elapsed time: 00:16:00s.  Time for last 1,000,000:   10s.  Last read position: 20:43,353,387
INFO	2016-07-25 18:58:54	MergeSamFiles	Processed    96,000,000 records.  Elapsed time: 00:16:10s.  Time for last 1,000,000:   10s.  Last read position: 21:24,780,813
INFO	2016-07-25 18:59:04	MergeSamFiles	Processed    97,000,000 records.  Elapsed time: 00:16:20s.  Time for last 1,000,000:   10s.  Last read position: 22:18,020,197
INFO	2016-07-25 18:59:14	MergeSamFiles	Processed    98,000,000 records.  Elapsed time: 00:16:30s.  Time for last 1,000,000:   10s.  Last read position: 22:35,713,827
INFO	2016-07-25 18:59:24	MergeSamFiles	Processed    99,000,000 records.  Elapsed time: 00:16:40s.  Time for last 1,000,000:   10s.  Last read position: X:591,876
INFO	2016-07-25 18:59:34	MergeSamFiles	Processed   100,000,000 records.  Elapsed time: 00:16:50s.  Time for last 1,000,000:    9s.  Last read position: X:41,056,659
INFO	2016-07-25 18:59:43	MergeSamFiles	Processed   101,000,000 records.  Elapsed time: 00:17:00s.  Time for last 1,000,000:    9s.  Last read position: X:64,953,086
INFO	2016-07-25 18:59:53	MergeSamFiles	Processed   102,000,000 records.  Elapsed time: 00:17:10s.  Time for last 1,000,000:   10s.  Last read position: X:107,148,784
INFO	2016-07-25 19:00:03	MergeSamFiles	Processed   103,000,000 records.  Elapsed time: 00:17:19s.  Time for last 1,000,000:    9s.  Last read position: X:134,744,748
INFO	2016-07-25 19:00:13	MergeSamFiles	Processed   104,000,000 records.  Elapsed time: 00:17:29s.  Time for last 1,000,000:    9s.  Last read position: X:154,520,268
INFO	2016-07-25 19:00:14	MergeSamFiles	Finished reading inputs.
[Mon Jul 25 19:00:14 EDT 2016] picard.sam.MergeSamFiles done. Elapsed time: 17.52 minutes.
Runtime.totalMemory()=1512570880
