[Wed Jul 06 20:26:14 EDT 2016] picard.sam.MergeSamFiles INPUT=[/mnt/nvme0n1/Broad_Ref_Pipeline_approved_package/workflow_profiler/.queue/scatterGather/ExamplePrintReads-1-sg/temp_01_of_36/HG02561_final.bam, /mnt/nvme0n1/Broad_Ref_Pipeline_approved_package/workflow_profiler/.queue/scatterGather/ExamplePrintReads-1-sg/temp_02_of_36/HG02561_final.bam, /mnt/nvme0n1/Broad_Ref_Pipeline_approved_package/workflow_profiler/.queue/scatterGather/ExamplePrintReads-1-sg/temp_03_of_36/HG02561_final.bam, /mnt/nvme0n1/Broad_Ref_Pipeline_approved_package/workflow_profiler/.queue/scatterGather/ExamplePrintReads-1-sg/temp_04_of_36/HG02561_final.bam, /mnt/nvme0n1/Broad_Ref_Pipeline_approved_package/workflow_profiler/.queue/scatterGather/ExamplePrintReads-1-sg/temp_05_of_36/HG02561_final.bam, /mnt/nvme0n1/Broad_Ref_Pipeline_approved_package/workflow_profiler/.queue/scatterGather/ExamplePrintReads-1-sg/temp_06_of_36/HG02561_final.bam, /mnt/nvme0n1/Broad_Ref_Pipeline_approved_package/workflow_profiler/.queue/scatterGather/ExamplePrintReads-1-sg/temp_07_of_36/HG02561_final.bam, /mnt/nvme0n1/Broad_Ref_Pipeline_approved_package/workflow_profiler/.queue/scatterGather/ExamplePrintReads-1-sg/temp_08_of_36/HG02561_final.bam, /mnt/nvme0n1/Broad_Ref_Pipeline_approved_package/workflow_profiler/.queue/scatterGather/ExamplePrintReads-1-sg/temp_09_of_36/HG02561_final.bam, /mnt/nvme0n1/Broad_Ref_Pipeline_approved_package/workflow_profiler/.queue/scatterGather/ExamplePrintReads-1-sg/temp_10_of_36/HG02561_final.bam, /mnt/nvme0n1/Broad_Ref_Pipeline_approved_package/workflow_profiler/.queue/scatterGather/ExamplePrintReads-1-sg/temp_11_of_36/HG02561_final.bam, /mnt/nvme0n1/Broad_Ref_Pipeline_approved_package/workflow_profiler/.queue/scatterGather/ExamplePrintReads-1-sg/temp_12_of_36/HG02561_final.bam, /mnt/nvme0n1/Broad_Ref_Pipeline_approved_package/workflow_profiler/.queue/scatterGather/ExamplePrintReads-1-sg/temp_13_of_36/HG02561_final.bam, /mnt/nvme0n1/Broad_Ref_Pipeline_approved_package/workflow_profiler/.queue/scatterGather/ExamplePrintReads-1-sg/temp_14_of_36/HG02561_final.bam, /mnt/nvme0n1/Broad_Ref_Pipeline_approved_package/workflow_profiler/.queue/scatterGather/ExamplePrintReads-1-sg/temp_15_of_36/HG02561_final.bam, /mnt/nvme0n1/Broad_Ref_Pipeline_approved_package/workflow_profiler/.queue/scatterGather/ExamplePrintReads-1-sg/temp_16_of_36/HG02561_final.bam, /mnt/nvme0n1/Broad_Ref_Pipeline_approved_package/workflow_profiler/.queue/scatterGather/ExamplePrintReads-1-sg/temp_17_of_36/HG02561_final.bam, /mnt/nvme0n1/Broad_Ref_Pipeline_approved_package/workflow_profiler/.queue/scatterGather/ExamplePrintReads-1-sg/temp_18_of_36/HG02561_final.bam, /mnt/nvme0n1/Broad_Ref_Pipeline_approved_package/workflow_profiler/.queue/scatterGather/ExamplePrintReads-1-sg/temp_19_of_36/HG02561_final.bam, /mnt/nvme0n1/Broad_Ref_Pipeline_approved_package/workflow_profiler/.queue/scatterGather/ExamplePrintReads-1-sg/temp_20_of_36/HG02561_final.bam, /mnt/nvme0n1/Broad_Ref_Pipeline_approved_package/workflow_profiler/.queue/scatterGather/ExamplePrintReads-1-sg/temp_21_of_36/HG02561_final.bam, /mnt/nvme0n1/Broad_Ref_Pipeline_approved_package/workflow_profiler/.queue/scatterGather/ExamplePrintReads-1-sg/temp_22_of_36/HG02561_final.bam, /mnt/nvme0n1/Broad_Ref_Pipeline_approved_package/workflow_profiler/.queue/scatterGather/ExamplePrintReads-1-sg/temp_23_of_36/HG02561_final.bam, /mnt/nvme0n1/Broad_Ref_Pipeline_approved_package/workflow_profiler/.queue/scatterGather/ExamplePrintReads-1-sg/temp_24_of_36/HG02561_final.bam, /mnt/nvme0n1/Broad_Ref_Pipeline_approved_package/workflow_profiler/.queue/scatterGather/ExamplePrintReads-1-sg/temp_25_of_36/HG02561_final.bam, /mnt/nvme0n1/Broad_Ref_Pipeline_approved_package/workflow_profiler/.queue/scatterGather/ExamplePrintReads-1-sg/temp_26_of_36/HG02561_final.bam, /mnt/nvme0n1/Broad_Ref_Pipeline_approved_package/workflow_profiler/.queue/scatterGather/ExamplePrintReads-1-sg/temp_27_of_36/HG02561_final.bam, /mnt/nvme0n1/Broad_Ref_Pipeline_approved_package/workflow_profiler/.queue/scatterGather/ExamplePrintReads-1-sg/temp_28_of_36/HG02561_final.bam, /mnt/nvme0n1/Broad_Ref_Pipeline_approved_package/workflow_profiler/.queue/scatterGather/ExamplePrintReads-1-sg/temp_29_of_36/HG02561_final.bam, /mnt/nvme0n1/Broad_Ref_Pipeline_approved_package/workflow_profiler/.queue/scatterGather/ExamplePrintReads-1-sg/temp_30_of_36/HG02561_final.bam, /mnt/nvme0n1/Broad_Ref_Pipeline_approved_package/workflow_profiler/.queue/scatterGather/ExamplePrintReads-1-sg/temp_31_of_36/HG02561_final.bam, /mnt/nvme0n1/Broad_Ref_Pipeline_approved_package/workflow_profiler/.queue/scatterGather/ExamplePrintReads-1-sg/temp_32_of_36/HG02561_final.bam, /mnt/nvme0n1/Broad_Ref_Pipeline_approved_package/workflow_profiler/.queue/scatterGather/ExamplePrintReads-1-sg/temp_33_of_36/HG02561_final.bam, /mnt/nvme0n1/Broad_Ref_Pipeline_approved_package/workflow_profiler/.queue/scatterGather/ExamplePrintReads-1-sg/temp_34_of_36/HG02561_final.bam, /mnt/nvme0n1/Broad_Ref_Pipeline_approved_package/workflow_profiler/.queue/scatterGather/ExamplePrintReads-1-sg/temp_35_of_36/HG02561_final.bam, /mnt/nvme0n1/Broad_Ref_Pipeline_approved_package/workflow_profiler/.queue/scatterGather/ExamplePrintReads-1-sg/temp_36_of_36/HG02561_final.bam] OUTPUT=/mnt/nvme0n1/data/broadout/HG02561_gatk_best_practices_8t_30s_2016-07-06_18-21-00/HG02561_final.bam SORT_ORDER=coordinate ASSUME_SORTED=true TMP_DIR=[/mnt/nvme0n1/data/broadout/HG02561_gatk_best_practices_8t_30s_2016-07-06_18-21-00] VALIDATION_STRINGENCY=SILENT CREATE_INDEX=true CREATE_MD5_FILE=false    MERGE_SEQUENCE_DICTIONARIES=false USE_THREADING=false VERBOSITY=INFO QUIET=false COMPRESSION_LEVEL=5 MAX_RECORDS_IN_RAM=500000 GA4GH_CLIENT_SECRETS=client_secrets.json
[Wed Jul 06 20:26:14 EDT 2016] Executing as bshifaw@application-1-1.hudson.intel.com on Linux 3.10.0-327.el7.x86_64 amd64; OpenJDK 64-Bit Server VM 1.8.0_91-b14; Picard version: null JdkDeflater
INFO	2016-07-06 20:26:14	MergeSamFiles	Input files are in same order as output so sorting to temp directory is not needed.
INFO	2016-07-06 20:26:24	MergeSamFiles	Processed     1,000,000 records.  Elapsed time: 00:00:10s.  Time for last 1,000,000:   10s.  Last read position: 1:13,744,606
INFO	2016-07-06 20:26:36	MergeSamFiles	Processed     2,000,000 records.  Elapsed time: 00:00:21s.  Time for last 1,000,000:   11s.  Last read position: 1:27,057,636
INFO	2016-07-06 20:26:46	MergeSamFiles	Processed     3,000,000 records.  Elapsed time: 00:00:32s.  Time for last 1,000,000:   10s.  Last read position: 1:43,166,595
INFO	2016-07-06 20:26:56	MergeSamFiles	Processed     4,000,000 records.  Elapsed time: 00:00:42s.  Time for last 1,000,000:   10s.  Last read position: 1:65,871,744
INFO	2016-07-06 20:27:06	MergeSamFiles	Processed     5,000,000 records.  Elapsed time: 00:00:52s.  Time for last 1,000,000:    9s.  Last read position: 1:104,301,110
INFO	2016-07-06 20:27:17	MergeSamFiles	Processed     6,000,000 records.  Elapsed time: 00:01:03s.  Time for last 1,000,000:   10s.  Last read position: 1:144,873,897
INFO	2016-07-06 20:27:26	MergeSamFiles	Processed     7,000,000 records.  Elapsed time: 00:01:12s.  Time for last 1,000,000:    9s.  Last read position: 1:149,916,634
INFO	2016-07-06 20:27:36	MergeSamFiles	Processed     8,000,000 records.  Elapsed time: 00:01:21s.  Time for last 1,000,000:    9s.  Last read position: 1:155,149,442
INFO	2016-07-06 20:27:46	MergeSamFiles	Processed     9,000,000 records.  Elapsed time: 00:01:31s.  Time for last 1,000,000:    9s.  Last read position: 1:167,382,237
INFO	2016-07-06 20:27:56	MergeSamFiles	Processed    10,000,000 records.  Elapsed time: 00:01:42s.  Time for last 1,000,000:   10s.  Last read position: 1:200,628,149
INFO	2016-07-06 20:28:06	MergeSamFiles	Processed    11,000,000 records.  Elapsed time: 00:01:52s.  Time for last 1,000,000:   10s.  Last read position: 1:220,986,632
INFO	2016-07-06 20:28:17	MergeSamFiles	Processed    12,000,000 records.  Elapsed time: 00:02:03s.  Time for last 1,000,000:   10s.  Last read position: 1:248,652,467
INFO	2016-07-06 20:28:27	MergeSamFiles	Processed    13,000,000 records.  Elapsed time: 00:02:13s.  Time for last 1,000,000:   10s.  Last read position: 2:32,530,464
INFO	2016-07-06 20:28:39	MergeSamFiles	Processed    14,000,000 records.  Elapsed time: 00:02:25s.  Time for last 1,000,000:   11s.  Last read position: 2:73,316,240
INFO	2016-07-06 20:28:49	MergeSamFiles	Processed    15,000,000 records.  Elapsed time: 00:02:35s.  Time for last 1,000,000:   10s.  Last read position: 2:99,438,735
INFO	2016-07-06 20:28:59	MergeSamFiles	Processed    16,000,000 records.  Elapsed time: 00:02:45s.  Time for last 1,000,000:    9s.  Last read position: 2:128,757,304
INFO	2016-07-06 20:29:10	MergeSamFiles	Processed    17,000,000 records.  Elapsed time: 00:02:55s.  Time for last 1,000,000:   10s.  Last read position: 2:170,053,282
INFO	2016-07-06 20:29:20	MergeSamFiles	Processed    18,000,000 records.  Elapsed time: 00:03:06s.  Time for last 1,000,000:   10s.  Last read position: 2:198,274,302
INFO	2016-07-06 20:29:30	MergeSamFiles	Processed    19,000,000 records.  Elapsed time: 00:03:15s.  Time for last 1,000,000:    9s.  Last read position: 2:225,714,270
INFO	2016-07-06 20:29:41	MergeSamFiles	Processed    20,000,000 records.  Elapsed time: 00:03:27s.  Time for last 1,000,000:   11s.  Last read position: 3:10,976,798
INFO	2016-07-06 20:29:52	MergeSamFiles	Processed    21,000,000 records.  Elapsed time: 00:03:38s.  Time for last 1,000,000:   11s.  Last read position: 3:45,046,747
INFO	2016-07-06 20:30:03	MergeSamFiles	Processed    22,000,000 records.  Elapsed time: 00:03:48s.  Time for last 1,000,000:   10s.  Last read position: 3:52,839,810
INFO	2016-07-06 20:30:14	MergeSamFiles	Processed    23,000,000 records.  Elapsed time: 00:03:59s.  Time for last 1,000,000:   10s.  Last read position: 3:112,969,350
INFO	2016-07-06 20:30:24	MergeSamFiles	Processed    24,000,000 records.  Elapsed time: 00:04:09s.  Time for last 1,000,000:   10s.  Last read position: 3:137,600,961
INFO	2016-07-06 20:30:34	MergeSamFiles	Processed    25,000,000 records.  Elapsed time: 00:04:20s.  Time for last 1,000,000:   10s.  Last read position: 3:183,882,292
INFO	2016-07-06 20:30:45	MergeSamFiles	Processed    26,000,000 records.  Elapsed time: 00:04:31s.  Time for last 1,000,000:   10s.  Last read position: 4:7,435,532
INFO	2016-07-06 20:30:56	MergeSamFiles	Processed    27,000,000 records.  Elapsed time: 00:04:42s.  Time for last 1,000,000:   11s.  Last read position: 4:57,266,889
INFO	2016-07-06 20:31:08	MergeSamFiles	Processed    28,000,000 records.  Elapsed time: 00:04:54s.  Time for last 1,000,000:   11s.  Last read position: 4:100,200,722
INFO	2016-07-06 20:31:19	MergeSamFiles	Processed    29,000,000 records.  Elapsed time: 00:05:04s.  Time for last 1,000,000:   10s.  Last read position: 4:153,750,810
INFO	2016-07-06 20:31:29	MergeSamFiles	Processed    30,000,000 records.  Elapsed time: 00:05:15s.  Time for last 1,000,000:   10s.  Last read position: 5:16,676,027
INFO	2016-07-06 20:31:41	MergeSamFiles	Processed    31,000,000 records.  Elapsed time: 00:05:26s.  Time for last 1,000,000:   11s.  Last read position: 5:70,404,699
INFO	2016-07-06 20:31:52	MergeSamFiles	Processed    32,000,000 records.  Elapsed time: 00:05:37s.  Time for last 1,000,000:   11s.  Last read position: 5:123,983,526
INFO	2016-07-06 20:32:02	MergeSamFiles	Processed    33,000,000 records.  Elapsed time: 00:05:48s.  Time for last 1,000,000:   10s.  Last read position: 5:140,856,434
INFO	2016-07-06 20:32:13	MergeSamFiles	Processed    34,000,000 records.  Elapsed time: 00:05:58s.  Time for last 1,000,000:   10s.  Last read position: 5:175,763,700
INFO	2016-07-06 20:32:23	MergeSamFiles	Processed    35,000,000 records.  Elapsed time: 00:06:09s.  Time for last 1,000,000:   10s.  Last read position: 6:26,124,697
INFO	2016-07-06 20:32:34	MergeSamFiles	Processed    36,000,000 records.  Elapsed time: 00:06:20s.  Time for last 1,000,000:   10s.  Last read position: 6:33,165,502
INFO	2016-07-06 20:32:45	MergeSamFiles	Processed    37,000,000 records.  Elapsed time: 00:06:30s.  Time for last 1,000,000:   10s.  Last read position: 6:47,650,083
INFO	2016-07-06 20:32:55	MergeSamFiles	Processed    38,000,000 records.  Elapsed time: 00:06:41s.  Time for last 1,000,000:   10s.  Last read position: 6:105,192,418
INFO	2016-07-06 20:33:06	MergeSamFiles	Processed    39,000,000 records.  Elapsed time: 00:06:51s.  Time for last 1,000,000:   10s.  Last read position: 6:145,114,906
INFO	2016-07-06 20:33:16	MergeSamFiles	Processed    40,000,000 records.  Elapsed time: 00:07:01s.  Time for last 1,000,000:    9s.  Last read position: 7:814,560
INFO	2016-07-06 20:33:26	MergeSamFiles	Processed    41,000,000 records.  Elapsed time: 00:07:12s.  Time for last 1,000,000:   10s.  Last read position: 7:40,314,208
INFO	2016-07-06 20:33:37	MergeSamFiles	Processed    42,000,000 records.  Elapsed time: 00:07:23s.  Time for last 1,000,000:   10s.  Last read position: 7:76,166,770
INFO	2016-07-06 20:33:47	MergeSamFiles	Processed    43,000,000 records.  Elapsed time: 00:07:33s.  Time for last 1,000,000:   10s.  Last read position: 7:100,682,281
INFO	2016-07-06 20:33:58	MergeSamFiles	Processed    44,000,000 records.  Elapsed time: 00:07:44s.  Time for last 1,000,000:   10s.  Last read position: 7:134,133,811
INFO	2016-07-06 20:34:08	MergeSamFiles	Processed    45,000,000 records.  Elapsed time: 00:07:54s.  Time for last 1,000,000:   10s.  Last read position: 7:155,130,667
INFO	2016-07-06 20:34:19	MergeSamFiles	Processed    46,000,000 records.  Elapsed time: 00:08:05s.  Time for last 1,000,000:   10s.  Last read position: 8:30,541,620
INFO	2016-07-06 20:34:30	MergeSamFiles	Processed    47,000,000 records.  Elapsed time: 00:08:15s.  Time for last 1,000,000:   10s.  Last read position: 8:86,574,184
INFO	2016-07-06 20:34:40	MergeSamFiles	Processed    48,000,000 records.  Elapsed time: 00:08:26s.  Time for last 1,000,000:   10s.  Last read position: 8:131,792,713
INFO	2016-07-06 20:34:51	MergeSamFiles	Processed    49,000,000 records.  Elapsed time: 00:08:37s.  Time for last 1,000,000:   11s.  Last read position: 9:22,748,200
INFO	2016-07-06 20:35:02	MergeSamFiles	Processed    50,000,000 records.  Elapsed time: 00:08:48s.  Time for last 1,000,000:   10s.  Last read position: 9:69,787,888
INFO	2016-07-06 20:35:13	MergeSamFiles	Processed    51,000,000 records.  Elapsed time: 00:08:58s.  Time for last 1,000,000:   10s.  Last read position: 9:101,908,890
INFO	2016-07-06 20:35:24	MergeSamFiles	Processed    52,000,000 records.  Elapsed time: 00:09:09s.  Time for last 1,000,000:   11s.  Last read position: 9:130,469,265
INFO	2016-07-06 20:35:34	MergeSamFiles	Processed    53,000,000 records.  Elapsed time: 00:09:20s.  Time for last 1,000,000:   10s.  Last read position: 10:3,149,315
INFO	2016-07-06 20:35:45	MergeSamFiles	Processed    54,000,000 records.  Elapsed time: 00:09:31s.  Time for last 1,000,000:   10s.  Last read position: 10:45,423,302
INFO	2016-07-06 20:35:56	MergeSamFiles	Processed    55,000,000 records.  Elapsed time: 00:09:42s.  Time for last 1,000,000:   11s.  Last read position: 10:74,594,270
INFO	2016-07-06 20:36:07	MergeSamFiles	Processed    56,000,000 records.  Elapsed time: 00:09:53s.  Time for last 1,000,000:   10s.  Last read position: 10:99,577,580
INFO	2016-07-06 20:36:18	MergeSamFiles	Processed    57,000,000 records.  Elapsed time: 00:10:03s.  Time for last 1,000,000:   10s.  Last read position: 10:124,370,672
INFO	2016-07-06 20:36:28	MergeSamFiles	Processed    58,000,000 records.  Elapsed time: 00:10:14s.  Time for last 1,000,000:   10s.  Last read position: 11:6,486,731
INFO	2016-07-06 20:36:39	MergeSamFiles	Processed    59,000,000 records.  Elapsed time: 00:10:25s.  Time for last 1,000,000:   11s.  Last read position: 11:43,348,119
INFO	2016-07-06 20:36:50	MergeSamFiles	Processed    60,000,000 records.  Elapsed time: 00:10:35s.  Time for last 1,000,000:   10s.  Last read position: 11:61,205,525
INFO	2016-07-06 20:37:00	MergeSamFiles	Processed    61,000,000 records.  Elapsed time: 00:10:46s.  Time for last 1,000,000:   10s.  Last read position: 11:68,125,104
INFO	2016-07-06 20:37:10	MergeSamFiles	Processed    62,000,000 records.  Elapsed time: 00:10:56s.  Time for last 1,000,000:   10s.  Last read position: 11:103,057,036
INFO	2016-07-06 20:37:21	MergeSamFiles	Processed    63,000,000 records.  Elapsed time: 00:11:06s.  Time for last 1,000,000:   10s.  Last read position: 11:124,829,787
INFO	2016-07-06 20:37:31	MergeSamFiles	Processed    64,000,000 records.  Elapsed time: 00:11:17s.  Time for last 1,000,000:   10s.  Last read position: 12:9,840,577
INFO	2016-07-06 20:37:43	MergeSamFiles	Processed    65,000,000 records.  Elapsed time: 00:11:28s.  Time for last 1,000,000:   11s.  Last read position: 12:48,468,264
INFO	2016-07-06 20:37:53	MergeSamFiles	Processed    66,000,000 records.  Elapsed time: 00:11:39s.  Time for last 1,000,000:   10s.  Last read position: 12:56,525,498
INFO	2016-07-06 20:38:04	MergeSamFiles	Processed    67,000,000 records.  Elapsed time: 00:11:50s.  Time for last 1,000,000:   10s.  Last read position: 12:93,149,574
INFO	2016-07-06 20:38:15	MergeSamFiles	Processed    68,000,000 records.  Elapsed time: 00:12:00s.  Time for last 1,000,000:   10s.  Last read position: 12:117,383,146
INFO	2016-07-06 20:38:25	MergeSamFiles	Processed    69,000,000 records.  Elapsed time: 00:12:11s.  Time for last 1,000,000:   10s.  Last read position: 13:25,374,541
INFO	2016-07-06 20:38:36	MergeSamFiles	Processed    70,000,000 records.  Elapsed time: 00:12:22s.  Time for last 1,000,000:   10s.  Last read position: 13:77,595,857
INFO	2016-07-06 20:38:47	MergeSamFiles	Processed    71,000,000 records.  Elapsed time: 00:12:32s.  Time for last 1,000,000:   10s.  Last read position: 14:23,000,899
INFO	2016-07-06 20:38:58	MergeSamFiles	Processed    72,000,000 records.  Elapsed time: 00:12:44s.  Time for last 1,000,000:   11s.  Last read position: 14:56,396,022
INFO	2016-07-06 20:39:09	MergeSamFiles	Processed    73,000,000 records.  Elapsed time: 00:12:55s.  Time for last 1,000,000:   10s.  Last read position: 14:81,964,363
INFO	2016-07-06 20:39:20	MergeSamFiles	Processed    74,000,000 records.  Elapsed time: 00:13:05s.  Time for last 1,000,000:   10s.  Last read position: 14:107,218,716
INFO	2016-07-06 20:39:30	MergeSamFiles	Processed    75,000,000 records.  Elapsed time: 00:13:16s.  Time for last 1,000,000:   10s.  Last read position: 15:40,581,498
INFO	2016-07-06 20:39:41	MergeSamFiles	Processed    76,000,000 records.  Elapsed time: 00:13:27s.  Time for last 1,000,000:   11s.  Last read position: 15:52,643,598
INFO	2016-07-06 20:39:52	MergeSamFiles	Processed    77,000,000 records.  Elapsed time: 00:13:37s.  Time for last 1,000,000:   10s.  Last read position: 15:75,561,763
INFO	2016-07-06 20:40:03	MergeSamFiles	Processed    78,000,000 records.  Elapsed time: 00:13:49s.  Time for last 1,000,000:   11s.  Last read position: 15:101,717,757
INFO	2016-07-06 20:40:14	MergeSamFiles	Processed    79,000,000 records.  Elapsed time: 00:13:59s.  Time for last 1,000,000:   10s.  Last read position: 16:14,980,639
INFO	2016-07-06 20:40:25	MergeSamFiles	Processed    80,000,000 records.  Elapsed time: 00:14:11s.  Time for last 1,000,000:   11s.  Last read position: 16:28,726,696
INFO	2016-07-06 20:40:35	MergeSamFiles	Processed    81,000,000 records.  Elapsed time: 00:14:21s.  Time for last 1,000,000:   10s.  Last read position: 16:55,850,764
INFO	2016-07-06 20:40:46	MergeSamFiles	Processed    82,000,000 records.  Elapsed time: 00:14:32s.  Time for last 1,000,000:   10s.  Last read position: 16:72,762,940
INFO	2016-07-06 20:40:57	MergeSamFiles	Processed    83,000,000 records.  Elapsed time: 00:14:42s.  Time for last 1,000,000:   10s.  Last read position: 17:4,455,194
INFO	2016-07-06 20:41:07	MergeSamFiles	Processed    84,000,000 records.  Elapsed time: 00:14:53s.  Time for last 1,000,000:   10s.  Last read position: 17:12,666,370
INFO	2016-07-06 20:41:17	MergeSamFiles	Processed    85,000,000 records.  Elapsed time: 00:15:03s.  Time for last 1,000,000:   10s.  Last read position: 17:29,663,403
INFO	2016-07-06 20:41:27	MergeSamFiles	Processed    86,000,000 records.  Elapsed time: 00:15:13s.  Time for last 1,000,000:    9s.  Last read position: 17:38,172,746
INFO	2016-07-06 20:41:37	MergeSamFiles	Processed    87,000,000 records.  Elapsed time: 00:15:23s.  Time for last 1,000,000:   10s.  Last read position: 17:44,803,773
INFO	2016-07-06 20:41:47	MergeSamFiles	Processed    88,000,000 records.  Elapsed time: 00:15:32s.  Time for last 1,000,000:    9s.  Last read position: 17:61,914,539
INFO	2016-07-06 20:41:57	MergeSamFiles	Processed    89,000,000 records.  Elapsed time: 00:15:42s.  Time for last 1,000,000:   10s.  Last read position: 17:79,077,844
INFO	2016-07-06 20:42:08	MergeSamFiles	Processed    90,000,000 records.  Elapsed time: 00:15:53s.  Time for last 1,000,000:   10s.  Last read position: 18:39,537,532
INFO	2016-07-06 20:42:19	MergeSamFiles	Processed    91,000,000 records.  Elapsed time: 00:16:05s.  Time for last 1,000,000:   11s.  Last read position: 19:2,396,563
INFO	2016-07-06 20:42:31	MergeSamFiles	Processed    92,000,000 records.  Elapsed time: 00:16:16s.  Time for last 1,000,000:   11s.  Last read position: 19:10,671,776
INFO	2016-07-06 20:42:42	MergeSamFiles	Processed    93,000,000 records.  Elapsed time: 00:16:27s.  Time for last 1,000,000:   11s.  Last read position: 19:18,857,865
INFO	2016-07-06 20:42:52	MergeSamFiles	Processed    94,000,000 records.  Elapsed time: 00:16:38s.  Time for last 1,000,000:   10s.  Last read position: 19:39,521,623
INFO	2016-07-06 20:43:03	MergeSamFiles	Processed    95,000,000 records.  Elapsed time: 00:16:48s.  Time for last 1,000,000:   10s.  Last read position: 19:46,815,340
INFO	2016-07-06 20:43:13	MergeSamFiles	Processed    96,000,000 records.  Elapsed time: 00:16:59s.  Time for last 1,000,000:   10s.  Last read position: 19:54,259,925
INFO	2016-07-06 20:43:23	MergeSamFiles	Processed    97,000,000 records.  Elapsed time: 00:17:08s.  Time for last 1,000,000:    9s.  Last read position: 20:5,897,520
INFO	2016-07-06 20:43:34	MergeSamFiles	Processed    98,000,000 records.  Elapsed time: 00:17:19s.  Time for last 1,000,000:   10s.  Last read position: 20:37,570,492
INFO	2016-07-06 20:43:45	MergeSamFiles	Processed    99,000,000 records.  Elapsed time: 00:17:31s.  Time for last 1,000,000:   11s.  Last read position: 20:62,594,047
INFO	2016-07-06 20:43:56	MergeSamFiles	Processed   100,000,000 records.  Elapsed time: 00:17:42s.  Time for last 1,000,000:   11s.  Last read position: 21:46,281,139
INFO	2016-07-06 20:44:07	MergeSamFiles	Processed   101,000,000 records.  Elapsed time: 00:17:52s.  Time for last 1,000,000:   10s.  Last read position: 22:29,763,151
INFO	2016-07-06 20:44:18	MergeSamFiles	Processed   102,000,000 records.  Elapsed time: 00:18:04s.  Time for last 1,000,000:   11s.  Last read position: 22:44,395,490
INFO	2016-07-06 20:44:30	MergeSamFiles	Processed   103,000,000 records.  Elapsed time: 00:18:15s.  Time for last 1,000,000:   11s.  Last read position: X:48,136,184
INFO	2016-07-06 20:44:41	MergeSamFiles	Processed   104,000,000 records.  Elapsed time: 00:18:27s.  Time for last 1,000,000:   11s.  Last read position: X:107,844,605
INFO	2016-07-06 20:44:52	MergeSamFiles	Processed   105,000,000 records.  Elapsed time: 00:18:38s.  Time for last 1,000,000:   10s.  Last read position: X:154,020,443
INFO	2016-07-06 20:44:58	MergeSamFiles	Finished reading inputs.
[Wed Jul 06 20:44:58 EDT 2016] picard.sam.MergeSamFiles done. Elapsed time: 18.74 minutes.
Runtime.totalMemory()=1512570880
