INFO  14:26:24,816 HelpFormatter - --------------------------------------------------------------------------------- 
INFO  14:26:24,818 HelpFormatter - The Genome Analysis Toolkit (GATK) v3.4-46-g8ea4dca, Compiled 2015/08/13 20:41:56 
INFO  14:26:24,821 HelpFormatter - Copyright (c) 2010 The Broad Institute 
INFO  14:26:24,821 HelpFormatter - For support and documentation go to http://www.broadinstitute.org/gatk 
INFO  14:26:24,825 HelpFormatter - Program Args: -T PrintReads -I /mnt/sdb/data/broadout/sim1M_pairs_gatk_best_practices_12t_30s_2016-07-25_14-09-52/sim1M_pairs_realign.bam -L /mnt/sdb/Broad_Ref_Pipeline_approved_package/workflow_profiler/.queue/scatterGather/ExamplePrintReads-1-sg/temp_14_of_36/scatter.intervals -R /mnt/sdb/Broad_Ref_Pipeline_approved_package/b37bundle/human_g1k_v37.fasta -BQSR /mnt/sdb/data/broadout/sim1M_pairs_gatk_best_practices_12t_30s_2016-07-25_14-09-52/sim1M_pairs_recal.grp -o /mnt/sdb/Broad_Ref_Pipeline_approved_package/workflow_profiler/.queue/scatterGather/ExamplePrintReads-1-sg/temp_14_of_36/sim1M_pairs_final.bam 
INFO  14:26:24,852 HelpFormatter - Executing as bshifaw@application-0-1.hudson.intel.com on Linux 3.10.0-327.el7.x86_64 amd64; OpenJDK 64-Bit Server VM 1.8.0_101-b13. 
INFO  14:26:24,852 HelpFormatter - Date/Time: 2016/07/25 14:26:24 
INFO  14:26:24,852 HelpFormatter - --------------------------------------------------------------------------------- 
INFO  14:26:24,853 HelpFormatter - --------------------------------------------------------------------------------- 
INFO  14:26:25,146 GenomeAnalysisEngine - Strictness is SILENT 
INFO  14:26:26,939 ContextCovariate - 		Context sizes: base substitution model 2, indel substitution model 3 
INFO  14:26:27,168 GenomeAnalysisEngine - Downsampling Settings: No downsampling 
INFO  14:26:27,198 SAMDataSource$SAMReaders - Initializing SAMRecords in serial 
INFO  14:26:27,350 SAMDataSource$SAMReaders - Done initializing BAM readers: total time 0.15 
INFO  14:26:27,417 IntervalUtils - Processing 107349540 bp from intervals 
INFO  14:26:27,687 GenomeAnalysisEngine - Preparing for traversal over 1 BAM files 
INFO  14:26:28,398 GenomeAnalysisEngine - Done preparing for traversal 
INFO  14:26:28,430 ProgressMeter - [INITIALIZATION COMPLETE; STARTING PROCESSING] 
INFO  14:26:28,433 ProgressMeter -                 | processed |    time |    per 1M |           |   total | remaining 
INFO  14:26:28,442 ProgressMeter -        Location |     reads | elapsed |     reads | completed | runtime |   runtime 
INFO  14:26:28,452 ReadShardBalancer$1 - Loading BAM index data 
INFO  14:26:28,786 ReadShardBalancer$1 - Done loading BAM index data 
INFO  14:26:39,701 Walker - [REDUCE RESULT] Traversal result is: org.broadinstitute.gatk.engine.io.stubs.SAMFileWriterStub@2a6e54c2 
INFO  14:26:39,801 ProgressMeter -            done     56931.0    11.0 s       3.3 m       99.9%    11.0 s       0.0 s 
INFO  14:26:39,801 ProgressMeter - Total runtime 11.37 secs, 0.19 min, 0.00 hours 
INFO  14:26:39,802 MicroScheduler - 0 reads were filtered out during the traversal out of approximately 56931 total reads (0.00%) 
INFO  14:26:39,802 MicroScheduler -   -> 0 reads (0.00% of total) failing BadCigarFilter 
INFO  14:26:39,803 MicroScheduler -   -> 0 reads (0.00% of total) failing MalformedReadFilter 
