INFO  09:26:31,317 HelpFormatter - --------------------------------------------------------------------------------- 
INFO  09:26:31,319 HelpFormatter - The Genome Analysis Toolkit (GATK) v3.4-46-g8ea4dca, Compiled 2015/08/13 20:41:56 
INFO  09:26:31,320 HelpFormatter - Copyright (c) 2010 The Broad Institute 
INFO  09:26:31,320 HelpFormatter - For support and documentation go to http://www.broadinstitute.org/gatk 
INFO  09:26:31,323 HelpFormatter - Program Args: -T PrintReads -I /mnt/ssdbroad/output/Solexa-272221_gatk_best_practices_36t_30s_2016-02-11_11-59-19/Solexa-272221_realign.bam -L /mnt/ssdbroad/Broad_Ref_Pipeline_approved_package/workflow_profiler/.queue/scatterGather/ExamplePrintReads-1-sg/temp_14_of_36/scatter.intervals -R /mnt/ssdbroad/Broad_Ref_Pipeline_approved_package/homosapiensrefgenome/Homo_sapiens_assembly19.fasta -BQSR /mnt/ssdbroad/output/Solexa-272221_gatk_best_practices_36t_30s_2016-02-11_11-59-19/Solexa-272221_recal.grp -o /mnt/ssdbroad/Broad_Ref_Pipeline_approved_package/workflow_profiler/.queue/scatterGather/ExamplePrintReads-1-sg/temp_14_of_36/Solexa-272221_final.bam 
INFO  09:26:31,335 HelpFormatter - Executing as beris@dna on Linux 2.6.32-573.el6.x86_64 amd64; OpenJDK 64-Bit Server VM 1.7.0_79-mockbuild_2015_07_24_09_26-b00. 
INFO  09:26:31,336 HelpFormatter - Date/Time: 2016/02/12 09:26:31 
INFO  09:26:31,336 HelpFormatter - --------------------------------------------------------------------------------- 
INFO  09:26:31,336 HelpFormatter - --------------------------------------------------------------------------------- 
INFO  09:26:31,437 GenomeAnalysisEngine - Strictness is SILENT 
INFO  09:26:32,901 ContextCovariate - 		Context sizes: base substitution model 2, indel substitution model 3 
INFO  09:26:33,002 GenomeAnalysisEngine - Downsampling Settings: No downsampling 
INFO  09:26:33,013 SAMDataSource$SAMReaders - Initializing SAMRecords in serial 
INFO  09:26:33,074 SAMDataSource$SAMReaders - Done initializing BAM readers: total time 0.06 
INFO  09:26:33,107 IntervalUtils - Processing 107349540 bp from intervals 
INFO  09:26:33,261 GenomeAnalysisEngine - Preparing for traversal over 1 BAM files 
INFO  09:26:34,140 GenomeAnalysisEngine - Done preparing for traversal 
INFO  09:26:34,141 ProgressMeter - [INITIALIZATION COMPLETE; STARTING PROCESSING] 
INFO  09:26:34,141 ProgressMeter -                 | processed |    time |    per 1M |           |   total | remaining 
INFO  09:26:34,141 ProgressMeter -        Location |     reads | elapsed |     reads | completed | runtime |   runtime 
INFO  09:26:34,151 ReadShardBalancer$1 - Loading BAM index data 
INFO  09:26:34,758 ReadShardBalancer$1 - Done loading BAM index data 
INFO  09:27:09,686 ProgressMeter -     14:19040358         0.0    35.0 s      58.8 w       17.7%     3.3 m       2.7 m 
INFO  09:27:40,909 ProgressMeter -     14:19454756    200003.0    66.0 s       5.6 m       18.1%     6.1 m       5.0 m 
INFO  09:28:11,014 ProgressMeter -     14:19709779    300004.0    96.0 s       5.4 m       18.4%     8.7 m       7.1 m 
INFO  09:28:41,025 ProgressMeter -     14:20195499    600008.0     2.1 m       3.5 m       18.8%    11.2 m       9.1 m 
INFO  09:29:11,036 ProgressMeter -     14:20827814    800012.0     2.6 m       3.3 m       19.4%    13.4 m      10.8 m 
INFO  09:29:41,037 ProgressMeter -     14:21677720   1000015.0     3.1 m       3.1 m       20.2%    15.4 m      12.3 m 
INFO  09:30:11,691 ProgressMeter -     14:22516471   1300020.0     3.6 m       2.8 m       21.0%    17.2 m      13.6 m 
INFO  09:30:41,741 ProgressMeter -     14:23558185   1600026.0     4.1 m       2.6 m       21.9%    18.8 m      14.6 m 
INFO  09:31:11,765 ProgressMeter -     14:24498505   1800030.0     4.6 m       2.6 m       22.8%    20.2 m      15.6 m 
INFO  09:31:41,862 ProgressMeter -     14:25440428   2100034.0     5.1 m       2.4 m       23.7%    21.6 m      16.5 m 
INFO  09:32:12,242 ProgressMeter -     14:26329441   2300196.0     5.6 m       2.4 m       24.5%    23.0 m      17.3 m 
INFO  09:32:42,244 ProgressMeter -     14:27205315   2600200.0     6.1 m       2.4 m       25.3%    24.2 m      18.1 m 
INFO  09:33:12,966 ProgressMeter -     14:28197216   2800202.0     6.6 m       2.4 m       26.3%    25.3 m      18.6 m 
INFO  09:33:42,994 ProgressMeter -     14:29202111   3100206.0     7.1 m       2.3 m       27.2%    26.2 m      19.1 m 
INFO  09:34:12,995 ProgressMeter -     14:30191665   3400211.0     7.6 m       2.2 m       28.1%    27.1 m      19.5 m 
INFO  09:34:42,997 ProgressMeter -     14:31211152   3700214.0     8.1 m       2.2 m       29.1%    28.0 m      19.8 m 
INFO  09:35:22,998 ProgressMeter -     14:32445159   4000217.0     8.8 m       2.2 m       30.2%    29.1 m      20.3 m 
INFO  09:35:52,999 ProgressMeter -     14:33470738   4300220.0     9.3 m       2.2 m       31.2%    29.8 m      20.5 m 
INFO  09:36:23,003 ProgressMeter -     14:34461343   4600225.0     9.8 m       2.1 m       32.1%    30.5 m      20.7 m 
INFO  09:36:53,005 ProgressMeter -     14:35510165   4900228.0    10.3 m       2.1 m       33.1%    31.1 m      20.8 m 
INFO  09:37:23,006 ProgressMeter -     14:36471938   5200232.0    10.8 m       2.1 m       34.0%    31.8 m      21.0 m 
INFO  09:37:53,092 ProgressMeter -     14:37517928   5500236.0    11.3 m       2.1 m       34.9%    32.3 m      21.0 m 
INFO  09:38:23,115 ProgressMeter -     14:38563159   5700238.0    11.8 m       2.1 m       35.9%    32.8 m      21.0 m 
INFO  09:38:53,116 ProgressMeter -     14:39542914   6000243.0    12.3 m       2.1 m       36.8%    33.4 m      21.1 m 
INFO  09:39:23,117 ProgressMeter -     14:40542588   6300247.0    12.8 m       2.0 m       37.8%    33.9 m      21.1 m 
INFO  09:39:53,118 ProgressMeter -     14:41516134   6600251.0    13.3 m       2.0 m       38.7%    34.4 m      21.1 m 
INFO  09:40:24,155 ProgressMeter -     14:42521954   6900254.0    13.8 m     120.0 s       39.6%    34.9 m      21.1 m 
INFO  09:40:54,294 ProgressMeter -     14:43575270   7100257.0    14.3 m       2.0 m       40.6%    35.3 m      21.0 m 
INFO  09:41:24,296 ProgressMeter -     14:44563140   7400260.0    14.8 m     120.0 s       41.5%    35.7 m      20.9 m 
INFO  09:41:54,308 ProgressMeter -     14:45582930   7700263.0    15.3 m     119.0 s       42.5%    36.1 m      20.8 m 
INFO  09:42:34,309 ProgressMeter -     14:46972852   8100267.0    16.0 m     118.0 s       43.8%    36.6 m      20.6 m 
INFO  09:43:04,310 ProgressMeter -     14:47898368   8400271.0    16.5 m     117.0 s       44.6%    37.0 m      20.5 m 
INFO  09:43:34,310 ProgressMeter -     14:48915606   8700274.0    17.0 m     117.0 s       45.6%    37.3 m      20.3 m 
INFO  09:44:04,311 ProgressMeter -     14:49917321   8900277.0    17.5 m     117.0 s       46.5%    37.6 m      20.1 m 
INFO  09:44:34,312 ProgressMeter -     14:50924010   9200280.0    18.0 m     117.0 s       47.4%    37.9 m      19.9 m 
INFO  09:45:04,313 ProgressMeter -     14:51950959   9500284.0    18.5 m     116.0 s       48.4%    38.2 m      19.7 m 
INFO  09:45:34,314 ProgressMeter -     14:52930205   9800287.0    19.0 m     116.0 s       49.3%    38.5 m      19.5 m 
INFO  09:46:04,315 ProgressMeter -     14:53975026   1.010029E7    19.5 m     115.0 s       50.3%    38.8 m      19.3 m 
INFO  09:46:34,316 ProgressMeter -     14:55022173   1.0400296E7    20.0 m     115.0 s       51.3%    39.0 m      19.0 m 
INFO  09:47:04,443 ProgressMeter -     14:56051897   1.0700299E7    20.5 m     114.0 s       52.2%    39.3 m      18.8 m 
INFO  09:47:34,456 ProgressMeter -     14:57098965   1.1000303E7    21.0 m     114.0 s       53.2%    39.5 m      18.5 m 
INFO  09:48:04,457 ProgressMeter -     14:58071100   1.1200307E7    21.5 m     115.0 s       54.1%    39.7 m      18.2 m 
INFO  09:48:34,458 ProgressMeter -     14:59156783   1.150031E7    22.0 m     114.0 s       55.1%    39.9 m      17.9 m 
INFO  09:49:04,459 ProgressMeter -     14:60224524   1.1800313E7    22.5 m     114.0 s       56.1%    40.1 m      17.6 m 
INFO  09:49:44,460 ProgressMeter -     14:61589937   1.2200318E7    23.2 m     113.0 s       57.4%    40.4 m      17.2 m 
INFO  09:50:14,461 ProgressMeter -     14:62649717   1.2500322E7    23.7 m     113.0 s       58.4%    40.6 m      16.9 m 
INFO  09:50:44,462 ProgressMeter -     14:63637123   1.2800327E7    24.2 m     113.0 s       59.3%    40.8 m      16.6 m 
INFO  09:51:24,571 ProgressMeter -     14:65039612   1.3200334E7    24.8 m     112.0 s       60.6%    41.0 m      16.2 m 
INFO  09:51:54,594 ProgressMeter -     14:66109845   1.350034E7    25.3 m     112.0 s       61.6%    41.1 m      15.8 m 
INFO  09:52:24,595 ProgressMeter -     14:67135060   1.3700342E7    25.8 m     113.0 s       62.5%    41.3 m      15.5 m 
INFO  09:52:54,596 ProgressMeter -     14:68180762   1.4000347E7    26.3 m     112.0 s       63.5%    41.5 m      15.1 m 
INFO  09:53:24,630 ProgressMeter -     14:69201628   1.4300351E7    26.8 m     112.0 s       64.5%    41.6 m      14.8 m 
INFO  09:53:54,631 ProgressMeter -     14:70232512   1.4600355E7    27.3 m     112.0 s       65.4%    41.8 m      14.4 m 
INFO  09:54:24,633 ProgressMeter -     14:71275918   1.4900362E7    27.8 m     112.0 s       66.4%    41.9 m      14.1 m 
INFO  09:54:54,948 ProgressMeter -     14:72279266   1.5200365E7    28.3 m     111.0 s       67.3%    42.1 m      13.7 m 
INFO  09:55:25,000 ProgressMeter -     14:73342374   1.550037E7    28.8 m     111.0 s       68.3%    42.2 m      13.4 m 
INFO  09:55:55,001 ProgressMeter -     14:74416639   1.5700372E7    29.3 m     112.0 s       69.3%    42.3 m      13.0 m 
INFO  09:56:25,010 ProgressMeter -     14:75474591   1.6000375E7    29.8 m     111.0 s       70.3%    42.4 m      12.6 m 
INFO  09:56:55,011 ProgressMeter -     14:76484546   1.6300381E7    30.3 m     111.0 s       71.2%    42.6 m      12.2 m 
INFO  09:57:25,013 ProgressMeter -     14:77602386   1.6600387E7    30.8 m     111.0 s       72.3%    42.7 m      11.8 m 
INFO  09:57:55,014 ProgressMeter -     14:78684695   1.6900392E7    31.3 m     111.0 s       73.3%    42.7 m      11.4 m 
INFO  09:58:25,015 ProgressMeter -     14:79750321   1.7200396E7    31.8 m     111.0 s       74.3%    42.8 m      11.0 m 
INFO  09:58:55,016 ProgressMeter -     14:80823696   1.75004E7    32.3 m     110.0 s       75.3%    42.9 m      10.6 m 
INFO  09:59:25,017 ProgressMeter -     14:81705452   1.7700404E7    32.8 m     111.0 s       76.1%    43.1 m      10.3 m 
INFO  09:59:55,019 ProgressMeter -     14:82671256   1.8000407E7    33.3 m     111.0 s       77.0%    43.3 m      10.0 m 
INFO  10:00:25,068 ProgressMeter -     14:83624543   1.830041E7    33.8 m     110.0 s       77.9%    43.4 m       9.6 m 
INFO  10:00:55,070 ProgressMeter -     14:84610851   1.8500413E7    34.3 m     111.0 s       78.8%    43.6 m       9.2 m 
INFO  10:01:25,071 ProgressMeter -     14:85683338   1.8800416E7    34.8 m     111.0 s       79.8%    43.6 m       8.8 m 
INFO  10:01:55,073 ProgressMeter -     14:86611693   1.9100419E7    35.3 m     111.0 s       80.7%    43.8 m       8.5 m 
INFO  10:02:25,226 ProgressMeter -     14:87645121   1.9400422E7    35.9 m     110.0 s       81.6%    43.9 m       8.1 m 
INFO  10:02:55,227 ProgressMeter -     14:88710698   1.9700427E7    36.4 m     110.0 s       82.6%    44.0 m       7.6 m 
INFO  10:03:25,228 ProgressMeter -     14:89726918   2.0000432E7    36.9 m     110.0 s       83.6%    44.1 m       7.2 m 
INFO  10:03:55,230 ProgressMeter -     14:90812090   2.0200435E7    37.4 m     110.0 s       84.6%    44.2 m       6.8 m 
INFO  10:04:25,231 ProgressMeter -     14:91932217   2.0500438E7    37.9 m     110.0 s       85.6%    44.2 m       6.3 m 
INFO  10:04:55,233 ProgressMeter -     14:92930031   2.0800442E7    38.4 m     110.0 s       86.6%    44.3 m       6.0 m 
INFO  10:05:25,234 ProgressMeter -     14:93983606   2.1100447E7    38.9 m     110.0 s       87.5%    44.4 m       5.5 m 
INFO  10:05:55,236 ProgressMeter -     14:95047341   2.140045E7    39.4 m     110.0 s       88.5%    44.4 m       5.1 m 
INFO  10:06:25,675 ProgressMeter -     14:96124561   2.1700455E7    39.9 m     110.0 s       89.5%    44.5 m       4.7 m 
INFO  10:06:55,676 ProgressMeter -     14:97231426   2.1900457E7    40.4 m     110.0 s       90.6%    44.5 m       4.2 m 
INFO  10:07:25,677 ProgressMeter -     14:98341598   2.2200463E7    40.9 m     110.0 s       91.6%    44.6 m       3.7 m 
INFO  10:07:55,679 ProgressMeter -     14:99434373   2.2500466E7    41.4 m     110.0 s       92.6%    44.6 m       3.3 m 
INFO  10:08:25,680 ProgressMeter -    14:100614032   2.290047E7    41.9 m     109.0 s       93.7%    44.7 m       2.8 m 
INFO  10:08:55,907 ProgressMeter -    14:101826922   2.3200474E7    42.4 m     109.0 s       94.9%    44.6 m       2.3 m 
INFO  10:09:25,908 ProgressMeter -    14:103099926   2.3500477E7    42.9 m     109.0 s       96.0%    44.6 m     105.0 s 
INFO  10:09:55,909 ProgressMeter -    14:104328385   2.380048E7    43.4 m     109.0 s       97.2%    44.6 m      75.0 s 
INFO  10:10:25,911 ProgressMeter -    14:105555309   2.4100483E7    43.9 m     109.0 s       98.3%    44.6 m      44.0 s 
INFO  10:10:55,912 ProgressMeter -    14:107147167   2.4400487E7    44.4 m     109.0 s       99.8%    44.4 m       5.0 s 
INFO  10:10:59,705 Walker - [REDUCE RESULT] Traversal result is: org.broadinstitute.gatk.engine.io.stubs.SAMFileWriterStub@4248d35a 
INFO  10:10:59,809 ProgressMeter -            done   2.4526483E7    44.4 m     108.0 s       99.9%    44.4 m       1.0 s 
INFO  10:10:59,809 ProgressMeter - Total runtime 2665.67 secs, 44.43 min, 0.74 hours 
INFO  10:10:59,809 MicroScheduler - 0 reads were filtered out during the traversal out of approximately 24526483 total reads (0.00%) 
INFO  10:10:59,810 MicroScheduler -   -> 0 reads (0.00% of total) failing BadCigarFilter 
INFO  10:10:59,810 MicroScheduler -   -> 0 reads (0.00% of total) failing MalformedReadFilter 
