INFO  17:06:50,052 HelpFormatter - --------------------------------------------------------------------------------- 
INFO  17:06:50,068 HelpFormatter - The Genome Analysis Toolkit (GATK) v3.4-46-g8ea4dca, Compiled 2015/08/13 20:41:56 
INFO  17:06:50,068 HelpFormatter - Copyright (c) 2010 The Broad Institute 
INFO  17:06:50,068 HelpFormatter - For support and documentation go to http://www.broadinstitute.org/gatk 
INFO  17:06:50,073 HelpFormatter - Program Args: -T PrintReads -I /cluster_share/data/out/HG02769_gatk_best_practices_36t_30s_2016-11-28_15-18-37/HG02769_realign.bam -L /cluster_share/data/Broad_Ref_Pipeline_approved_package/workflow_profiler/.queue/scatterGather/ExamplePrintReads-1-sg/temp_30_of_36/scatter.intervals -R /cluster_share/data/reference/b37bundle/human_g1k_v37.fasta -BQSR /cluster_share/data/out/HG02769_gatk_best_practices_36t_30s_2016-11-28_15-18-37/HG02769_recal.grp -o /cluster_share/data/Broad_Ref_Pipeline_approved_package/workflow_profiler/.queue/scatterGather/ExamplePrintReads-1-sg/temp_30_of_36/HG02769_final.bam 
INFO  17:06:50,080 HelpFormatter - Executing as bshifaw@compute-1-1.hudson.intel.com on Linux 3.10.0-327.13.1.el7.x86_64 amd64; OpenJDK 64-Bit Server VM 1.8.0_111-b15. 
INFO  17:06:50,080 HelpFormatter - Date/Time: 2016/11/28 17:06:50 
INFO  17:06:50,081 HelpFormatter - --------------------------------------------------------------------------------- 
INFO  17:06:50,081 HelpFormatter - --------------------------------------------------------------------------------- 
INFO  17:06:50,325 GenomeAnalysisEngine - Strictness is SILENT 
INFO  17:06:52,532 ContextCovariate - 		Context sizes: base substitution model 2, indel substitution model 3 
INFO  17:06:52,680 GenomeAnalysisEngine - Downsampling Settings: No downsampling 
INFO  17:06:52,720 SAMDataSource$SAMReaders - Initializing SAMRecords in serial 
INFO  17:06:52,841 SAMDataSource$SAMReaders - Done initializing BAM readers: total time 0.12 
INFO  17:06:52,921 IntervalUtils - Processing 27682 bp from intervals 
INFO  17:06:53,242 GenomeAnalysisEngine - Preparing for traversal over 1 BAM files 
INFO  17:06:53,463 GenomeAnalysisEngine - Done preparing for traversal 
INFO  17:06:53,473 ProgressMeter - [INITIALIZATION COMPLETE; STARTING PROCESSING] 
INFO  17:06:53,474 ProgressMeter -                 | processed |    time |    per 1M |           |   total | remaining 
INFO  17:06:53,474 ProgressMeter -        Location |     reads | elapsed |     reads | completed | runtime |   runtime 
INFO  17:06:53,493 ReadShardBalancer$1 - Loading BAM index data 
INFO  17:06:53,494 ReadShardBalancer$1 - Done loading BAM index data 
INFO  17:06:54,236 Walker - [REDUCE RESULT] Traversal result is: org.broadinstitute.gatk.engine.io.stubs.SAMFileWriterStub@2a6e54c2 
INFO  17:06:54,429 ProgressMeter -            done        12.0     0.0 s      22.1 h       29.2%     0.0 s       0.0 s 
INFO  17:06:54,429 ProgressMeter - Total runtime 0.96 secs, 0.02 min, 0.00 hours 
INFO  17:06:54,429 MicroScheduler - 0 reads were filtered out during the traversal out of approximately 12 total reads (0.00%) 
INFO  17:06:54,430 MicroScheduler -   -> 0 reads (0.00% of total) failing BadCigarFilter 
INFO  17:06:54,430 MicroScheduler -   -> 0 reads (0.00% of total) failing MalformedReadFilter 
