INFO  16:06:18,114 HelpFormatter - --------------------------------------------------------------------------------- 
INFO  16:06:18,148 HelpFormatter - The Genome Analysis Toolkit (GATK) v3.4-46-g8ea4dca, Compiled 2015/08/13 20:41:56 
INFO  16:06:18,148 HelpFormatter - Copyright (c) 2010 The Broad Institute 
INFO  16:06:18,148 HelpFormatter - For support and documentation go to http://www.broadinstitute.org/gatk 
INFO  16:06:18,156 HelpFormatter - Program Args: -T PrintReads -I /mnt/sdb/data/broadout/sim1M_pairs_gatk_best_practices_36t_30s_2016-09-26_15-40-42/sim1M_pairs_realign.bam -L /home/bshifaw/gitrepos/Reference-Design/Broad_Ref_Pip/workflow_profiler/.queue/scatterGather/ExamplePrintReads-1-sg/temp_30_of_36/scatter.intervals -R /mnt/sdb/Broad_Ref_Pipeline_approved_package/homosapiensrefgenome/Homo_sapiens_assembly19.fasta -BQSR /mnt/sdb/data/broadout/sim1M_pairs_gatk_best_practices_36t_30s_2016-09-26_15-40-42/sim1M_pairs_recal.grp -o /home/bshifaw/gitrepos/Reference-Design/Broad_Ref_Pip/workflow_profiler/.queue/scatterGather/ExamplePrintReads-1-sg/temp_30_of_36/sim1M_pairs_final.bam 
INFO  16:06:18,173 HelpFormatter - Executing as bshifaw@application-0-1.hudson.intel.com on Linux 3.10.0-327.13.1.el7.x86_64 amd64; OpenJDK 64-Bit Server VM 1.8.0_102-b14. 
INFO  16:06:18,173 HelpFormatter - Date/Time: 2016/09/26 16:06:18 
INFO  16:06:18,173 HelpFormatter - --------------------------------------------------------------------------------- 
INFO  16:06:18,175 HelpFormatter - --------------------------------------------------------------------------------- 
INFO  16:06:18,409 GenomeAnalysisEngine - Strictness is SILENT 
INFO  16:06:20,605 ContextCovariate - 		Context sizes: base substitution model 2, indel substitution model 3 
INFO  16:06:20,847 GenomeAnalysisEngine - Downsampling Settings: No downsampling 
INFO  16:06:20,871 SAMDataSource$SAMReaders - Initializing SAMRecords in serial 
INFO  16:06:20,996 SAMDataSource$SAMReaders - Done initializing BAM readers: total time 0.13 
INFO  16:06:21,024 IntervalUtils - Processing 27682 bp from intervals 
INFO  16:06:21,357 GenomeAnalysisEngine - Preparing for traversal over 1 BAM files 
INFO  16:06:21,605 GenomeAnalysisEngine - Done preparing for traversal 
INFO  16:06:21,629 ProgressMeter - [INITIALIZATION COMPLETE; STARTING PROCESSING] 
INFO  16:06:21,629 ProgressMeter -                 | processed |    time |    per 1M |           |   total | remaining 
INFO  16:06:21,631 ProgressMeter -        Location |     reads | elapsed |     reads | completed | runtime |   runtime 
INFO  16:06:21,653 ReadShardBalancer$1 - Loading BAM index data 
INFO  16:06:21,654 ReadShardBalancer$1 - Done loading BAM index data 
INFO  16:06:21,966 Walker - [REDUCE RESULT] Traversal result is: org.broadinstitute.gatk.engine.io.stubs.SAMFileWriterStub@5b58129f 
INFO  16:06:21,987 ProgressMeter -            done        22.0     0.0 s       4.5 h       14.0%     0.0 s       0.0 s 
INFO  16:06:21,989 ProgressMeter - Total runtime 0.36 secs, 0.01 min, 0.00 hours 
INFO  16:06:21,989 MicroScheduler - 0 reads were filtered out during the traversal out of approximately 22 total reads (0.00%) 
INFO  16:06:21,989 MicroScheduler -   -> 0 reads (0.00% of total) failing BadCigarFilter 
INFO  16:06:21,989 MicroScheduler -   -> 0 reads (0.00% of total) failing MalformedReadFilter 
