INFO  17:50:56,920 HelpFormatter - --------------------------------------------------------------------------------- 
INFO  17:50:56,947 HelpFormatter - The Genome Analysis Toolkit (GATK) v3.4-46-g8ea4dca, Compiled 2015/08/13 20:41:56 
INFO  17:50:56,947 HelpFormatter - Copyright (c) 2010 The Broad Institute 
INFO  17:50:56,947 HelpFormatter - For support and documentation go to http://www.broadinstitute.org/gatk 
INFO  17:50:56,951 HelpFormatter - Program Args: -T IndelRealigner -I /mnt/sdb/data/broadout/HG02769_gatk_best_practices_8t_30s_2016-07-25_16-38-44/HG02769_dupRem.bam -L /mnt/sdb/Broad_Ref_Pipeline_approved_package/workflow_profiler/.queue/scatterGather/ExampleIndelRealigner-1-sg/temp_29_of_36/scatter.intervals -R /mnt/sdb/Broad_Ref_Pipeline_approved_package/b37bundle/human_g1k_v37.fasta -known /mnt/sdb/Broad_Ref_Pipeline_approved_package/b37bundle/1000G_phase1.indels.b37.vcf -targetIntervals /mnt/sdb/data/broadout/HG02769_gatk_best_practices_8t_30s_2016-07-25_16-38-44/HG02769_realn.intervals -o /mnt/sdb/Broad_Ref_Pipeline_approved_package/workflow_profiler/.queue/scatterGather/ExampleIndelRealigner-1-sg/temp_29_of_36/HG02769_realign.bam -filterNoBases 
INFO  17:50:57,005 HelpFormatter - Executing as bshifaw@application-0-1.hudson.intel.com on Linux 3.10.0-327.el7.x86_64 amd64; OpenJDK 64-Bit Server VM 1.8.0_101-b13. 
INFO  17:50:57,010 HelpFormatter - Date/Time: 2016/07/25 17:50:56 
INFO  17:50:57,010 HelpFormatter - --------------------------------------------------------------------------------- 
INFO  17:50:57,011 HelpFormatter - --------------------------------------------------------------------------------- 
INFO  17:50:57,800 GenomeAnalysisEngine - Strictness is SILENT 
INFO  17:50:58,293 GenomeAnalysisEngine - Downsampling Settings: No downsampling 
INFO  17:50:58,319 SAMDataSource$SAMReaders - Initializing SAMRecords in serial 
INFO  17:50:58,552 SAMDataSource$SAMReaders - Done initializing BAM readers: total time 0.23 
INFO  17:50:58,866 IntervalUtils - Processing 27386 bp from intervals 
INFO  17:50:59,020 GenomeAnalysisEngine - Preparing for traversal over 1 BAM files 
INFO  17:50:59,110 GenomeAnalysisEngine - Done preparing for traversal 
INFO  17:50:59,110 ProgressMeter - [INITIALIZATION COMPLETE; STARTING PROCESSING] 
INFO  17:50:59,111 ProgressMeter -                 | processed |    time |    per 1M |           |   total | remaining 
INFO  17:50:59,111 ProgressMeter -        Location |     reads | elapsed |     reads | completed | runtime |   runtime 
INFO  17:50:59,407 ReadShardBalancer$1 - Loading BAM index data 
INFO  17:50:59,408 ReadShardBalancer$1 - Done loading BAM index data 
INFO  17:50:59,720 ProgressMeter -            done         4.0     0.0 s      42.2 h       61.1%     0.0 s       0.0 s 
INFO  17:50:59,721 ProgressMeter - Total runtime 0.61 secs, 0.01 min, 0.00 hours 
INFO  17:50:59,724 MicroScheduler - 24 reads were filtered out during the traversal out of approximately 28 total reads (85.71%) 
INFO  17:50:59,756 MicroScheduler -   -> 0 reads (0.00% of total) failing BadCigarFilter 
INFO  17:50:59,756 MicroScheduler -   -> 24 reads (85.71% of total) failing MalformedReadFilter 
