INFO  20:07:46,649 HelpFormatter - --------------------------------------------------------------------------------- 
INFO  20:07:46,652 HelpFormatter - The Genome Analysis Toolkit (GATK) v3.4-46-g8ea4dca, Compiled 2015/08/13 20:41:56 
INFO  20:07:46,653 HelpFormatter - Copyright (c) 2010 The Broad Institute 
INFO  20:07:46,653 HelpFormatter - For support and documentation go to http://www.broadinstitute.org/gatk 
INFO  20:07:46,658 HelpFormatter - Program Args: -T IndelRealigner -I /home/opt/data/broadout/FC1-NA12878-01_S1_L001_R1_001_gatk_best_practices_36t_30s_2015-11-05_19-14-59/FC1-NA12878-01_S1_L001_R1_001_dupRem.bam -L /home/beris/Broad_Ref_Pipeline_approved_package/workflow_profiler/.queue/scatterGather/ExampleIndelRealigner-1-sg/temp_24_of_36/scatter.intervals -R /home/beris/Broad_Ref_Pipeline_approved_package/homosapiensrefgenome/Homo_sapiens_assembly19.fasta -known /home/beris/Broad_Ref_Pipeline_approved_package/homosapiensrefgenome/Homo_sapiens_assembly19.known_indels.vcf -targetIntervals /home/opt/data/broadout/FC1-NA12878-01_S1_L001_R1_001_gatk_best_practices_36t_30s_2015-11-05_19-14-59/FC1-NA12878-01_S1_L001_R1_001_realn.intervals -o /home/beris/Broad_Ref_Pipeline_approved_package/workflow_profiler/.queue/scatterGather/ExampleIndelRealigner-1-sg/temp_24_of_36/FC1-NA12878-01_S1_L001_R1_001_realign.bam -filterNoBases 
INFO  20:07:46,667 HelpFormatter - Executing as beris@dna on Linux 2.6.32-573.el6.x86_64 amd64; OpenJDK 64-Bit Server VM 1.7.0_79-mockbuild_2015_07_24_09_26-b00. 
INFO  20:07:46,667 HelpFormatter - Date/Time: 2015/11/05 20:07:46 
INFO  20:07:46,667 HelpFormatter - --------------------------------------------------------------------------------- 
INFO  20:07:46,668 HelpFormatter - --------------------------------------------------------------------------------- 
INFO  20:07:46,796 GenomeAnalysisEngine - Strictness is SILENT 
INFO  20:07:46,886 GenomeAnalysisEngine - Downsampling Settings: No downsampling 
INFO  20:07:46,897 SAMDataSource$SAMReaders - Initializing SAMRecords in serial 
INFO  20:07:46,942 SAMDataSource$SAMReaders - Done initializing BAM readers: total time 0.05 
INFO  20:07:47,113 IntervalUtils - Processing 59373566 bp from intervals 
INFO  20:07:47,210 GenomeAnalysisEngine - Preparing for traversal over 1 BAM files 
INFO  20:07:47,510 GenomeAnalysisEngine - Done preparing for traversal 
INFO  20:07:47,510 ProgressMeter - [INITIALIZATION COMPLETE; STARTING PROCESSING] 
INFO  20:07:47,511 ProgressMeter -                 | processed |    time |    per 1M |           |   total | remaining 
INFO  20:07:47,511 ProgressMeter -        Location |     reads | elapsed |     reads | completed | runtime |   runtime 
INFO  20:07:47,763 ReadShardBalancer$1 - Loading BAM index data 
INFO  20:07:48,275 ReadShardBalancer$1 - Done loading BAM index data 
INFO  20:08:17,518 ProgressMeter -        Starting         0.0    30.0 s      49.6 w      100.0%    30.0 s       0.0 s 
INFO  20:08:26,489 ProgressMeter -            done     39547.0    38.0 s      16.4 m       99.4%    38.0 s       0.0 s 
INFO  20:08:26,490 ProgressMeter - Total runtime 38.98 secs, 0.65 min, 0.01 hours 
INFO  20:08:26,495 MicroScheduler - 1016797 reads were filtered out during the traversal out of approximately 1056344 total reads (96.26%) 
INFO  20:08:26,495 MicroScheduler -   -> 0 reads (0.00% of total) failing BadCigarFilter 
INFO  20:08:26,496 MicroScheduler -   -> 1016797 reads (96.26% of total) failing MalformedReadFilter 
