INFO  17:36:58,089 HelpFormatter - --------------------------------------------------------------------------------- 
INFO  17:36:58,092 HelpFormatter - The Genome Analysis Toolkit (GATK) v3.4-46-g8ea4dca, Compiled 2015/08/13 20:41:56 
INFO  17:36:58,092 HelpFormatter - Copyright (c) 2010 The Broad Institute 
INFO  17:36:58,093 HelpFormatter - For support and documentation go to http://www.broadinstitute.org/gatk 
INFO  17:36:58,096 HelpFormatter - Program Args: -T HaplotypeCaller -I /cluster_share/data/out/HG02769_gatk_best_practices_36t_30s_2016-11-28_15-18-37/HG02769_final.bam -L /cluster_share/data/Broad_Ref_Pipeline_approved_package/workflow_profiler/.queue/scatterGather/ExampleHaplotypeCaller-1-sg/temp_26_of_36/scatter.intervals -R /cluster_share/data/reference/b37bundle/human_g1k_v37.fasta -variant_index_type LINEAR -variant_index_parameter 128000 -o /cluster_share/data/Broad_Ref_Pipeline_approved_package/workflow_profiler/.queue/scatterGather/ExampleHaplotypeCaller-1-sg/temp_26_of_36/HG02769_HaplotypeCaller.g.vcf -ERC GVCF 
INFO  17:36:58,138 HelpFormatter - Executing as bshifaw@compute-1-1.hudson.intel.com on Linux 3.10.0-327.13.1.el7.x86_64 amd64; OpenJDK 64-Bit Server VM 1.8.0_111-b15. 
INFO  17:36:58,139 HelpFormatter - Date/Time: 2016/11/28 17:36:58 
INFO  17:36:58,139 HelpFormatter - --------------------------------------------------------------------------------- 
INFO  17:36:58,139 HelpFormatter - --------------------------------------------------------------------------------- 
WARN  17:36:58,177 GATKVCFUtils - Naming your output file using the .g.vcf extension will automatically set the appropriate values  for --variant_index_type and --variant_index_parameter 
INFO  17:36:58,263 GenomeAnalysisEngine - Strictness is SILENT 
INFO  17:36:58,542 GenomeAnalysisEngine - Downsampling Settings: Method: BY_SAMPLE, Target Coverage: 500 
INFO  17:36:58,576 SAMDataSource$SAMReaders - Initializing SAMRecords in serial 
INFO  17:36:58,698 SAMDataSource$SAMReaders - Done initializing BAM readers: total time 0.12 
INFO  17:36:58,784 HCMappingQualityFilter - Filtering out reads with MAPQ < 20 
INFO  17:36:59,026 IntervalUtils - Processing 1437965 bp from intervals 
INFO  17:36:59,221 GenomeAnalysisEngine - Preparing for traversal over 1 BAM files 
INFO  17:36:59,639 GenomeAnalysisEngine - Done preparing for traversal 
INFO  17:36:59,639 ProgressMeter - [INITIALIZATION COMPLETE; STARTING PROCESSING] 
INFO  17:36:59,640 ProgressMeter -                 |      processed |    time |         per 1M |           |   total | remaining 
INFO  17:36:59,640 ProgressMeter -        Location | active regions | elapsed | active regions | completed | runtime |   runtime 
INFO  17:36:59,671 HaplotypeCaller - Standard Emitting and Calling confidence set to 0.0 for reference-model confidence output 
INFO  17:36:59,672 HaplotypeCaller - All sites annotated with PLs forced to true for reference-model confidence output 
INFO  17:36:59,843 HaplotypeCaller - Using global mismapping rate of 45 => -4.5 in log10 likelihood units 
Using AVX accelerated implementation of PairHMM
INFO  17:37:05,675 VectorLoglessPairHMM - libVectorLoglessPairHMM unpacked successfully from GATK jar file 
INFO  17:37:05,698 VectorLoglessPairHMM - Using vectorized implementation of PairHMM 
WARN  17:37:06,277 HaplotypeScore - Annotation will not be calculated, must be called from UnifiedGenotyper 
WARN  17:37:06,278 InbreedingCoeff - Annotation will not be calculated, must provide a valid PED file (-ped) from the command line. 
INFO  17:37:29,717 ProgressMeter -     15:31234128        2145475.0    30.0 s           14.0 s        2.6%    19.1 m      18.6 m 
INFO  17:37:59,720 ProgressMeter -     15:40300186      4.9022116E7    60.0 s            1.0 s       11.9%     8.4 m       7.4 m 
INFO  17:38:29,721 ProgressMeter -     15:43044375     2.02932682E8    90.0 s            0.0 s       26.4%     5.7 m       4.2 m 
INFO  17:38:59,722 ProgressMeter -     15:49048491      4.8925859E8   120.0 s            0.0 s       40.2%     5.0 m       3.0 m 
INFO  17:39:29,723 ProgressMeter -     15:59911386    1.053391939E9     2.5 m            0.0 s       56.4%     4.4 m     115.0 s 
INFO  17:39:59,724 ProgressMeter -     15:69334951    1.827365404E9     3.0 m            0.0 s       72.9%     4.1 m      66.0 s 
INFO  17:40:29,725 ProgressMeter -     15:78526661    2.706386706E9     3.5 m            0.0 s       90.1%     3.9 m      23.0 s 
INFO  17:40:45,728 VectorLoglessPairHMM - Time spent in setup for JNI call : 0.15678572300000002 
INFO  17:40:45,728 PairHMM - Total compute time in PairHMM computeLikelihoods() : 17.091309741 
INFO  17:40:45,729 HaplotypeCaller - Ran local assembly on 8414 active regions 
INFO  17:40:45,738 ProgressMeter -            done    3.355414259E9     3.8 m            0.0 s      100.0%     3.8 m       0.0 s 
INFO  17:40:45,739 ProgressMeter - Total runtime 226.10 secs, 3.77 min, 0.06 hours 
INFO  17:40:45,739 MicroScheduler - 478526 reads were filtered out during the traversal out of approximately 2492384 total reads (19.20%) 
INFO  17:40:45,739 MicroScheduler -   -> 0 reads (0.00% of total) failing BadCigarFilter 
INFO  17:40:45,739 MicroScheduler -   -> 309316 reads (12.41% of total) failing DuplicateReadFilter 
INFO  17:40:45,740 MicroScheduler -   -> 0 reads (0.00% of total) failing FailsVendorQualityCheckFilter 
INFO  17:40:45,740 MicroScheduler -   -> 168968 reads (6.78% of total) failing HCMappingQualityFilter 
INFO  17:40:45,740 MicroScheduler -   -> 0 reads (0.00% of total) failing MalformedReadFilter 
INFO  17:40:45,740 MicroScheduler -   -> 0 reads (0.00% of total) failing MappingQualityUnavailableFilter 
INFO  17:40:45,741 MicroScheduler -   -> 242 reads (0.01% of total) failing NotPrimaryAlignmentFilter 
INFO  17:40:45,741 MicroScheduler -   -> 0 reads (0.00% of total) failing UnmappedReadFilter 
