INFO  20:06:28,217 HelpFormatter - --------------------------------------------------------------------------------- 
INFO  20:06:28,219 HelpFormatter - The Genome Analysis Toolkit (GATK) v3.4-46-g8ea4dca, Compiled 2015/08/13 20:41:56 
INFO  20:06:28,219 HelpFormatter - Copyright (c) 2010 The Broad Institute 
INFO  20:06:28,219 HelpFormatter - For support and documentation go to http://www.broadinstitute.org/gatk 
INFO  20:06:28,222 HelpFormatter - Program Args: -T PrintReads -I /mnt/nvme0n1/data/broadout/HG02561_gatk_best_practices_8t_30s_2016-07-06_18-21-00/HG02561_realign.bam -L /mnt/nvme0n1/Broad_Ref_Pipeline_approved_package/workflow_profiler/.queue/scatterGather/ExamplePrintReads-1-sg/temp_15_of_36/scatter.intervals -R /mnt/nvme0n1/Broad_Ref_Pipeline_approved_package/b37bundle/human_g1k_v37.fasta -BQSR /mnt/nvme0n1/data/broadout/HG02561_gatk_best_practices_8t_30s_2016-07-06_18-21-00/HG02561_recal.grp -o /mnt/nvme0n1/Broad_Ref_Pipeline_approved_package/workflow_profiler/.queue/scatterGather/ExamplePrintReads-1-sg/temp_15_of_36/HG02561_final.bam 
INFO  20:06:28,270 HelpFormatter - Executing as bshifaw@application-1-1.hudson.intel.com on Linux 3.10.0-327.el7.x86_64 amd64; OpenJDK 64-Bit Server VM 1.8.0_91-b14. 
INFO  20:06:28,271 HelpFormatter - Date/Time: 2016/07/06 20:06:28 
INFO  20:06:28,271 HelpFormatter - --------------------------------------------------------------------------------- 
INFO  20:06:28,274 HelpFormatter - --------------------------------------------------------------------------------- 
INFO  20:06:28,938 GenomeAnalysisEngine - Strictness is SILENT 
INFO  20:06:32,016 ContextCovariate - 		Context sizes: base substitution model 2, indel substitution model 3 
INFO  20:06:32,350 GenomeAnalysisEngine - Downsampling Settings: No downsampling 
INFO  20:06:32,408 SAMDataSource$SAMReaders - Initializing SAMRecords in serial 
INFO  20:06:32,535 SAMDataSource$SAMReaders - Done initializing BAM readers: total time 0.13 
INFO  20:06:32,620 IntervalUtils - Processing 102531392 bp from intervals 
INFO  20:06:33,012 GenomeAnalysisEngine - Preparing for traversal over 1 BAM files 
INFO  20:06:33,997 GenomeAnalysisEngine - Done preparing for traversal 
INFO  20:06:33,997 ProgressMeter - [INITIALIZATION COMPLETE; STARTING PROCESSING] 
INFO  20:06:34,023 ProgressMeter -                 | processed |    time |    per 1M |           |   total | remaining 
INFO  20:06:34,023 ProgressMeter -        Location |     reads | elapsed |     reads | completed | runtime |   runtime 
INFO  20:06:34,069 ReadShardBalancer$1 - Loading BAM index data 
INFO  20:06:34,640 ReadShardBalancer$1 - Done loading BAM index data 
INFO  20:07:04,061 ProgressMeter -     15:20663606         0.0    30.0 s      49.7 w       20.2%     2.5 m     118.0 s 
INFO  20:07:34,419 ProgressMeter -     15:23048862    200002.0    60.0 s       5.0 m       22.5%     4.4 m       3.4 m 
INFO  20:08:04,420 ProgressMeter -     15:25335095    300003.0    90.0 s       5.0 m       24.7%     6.1 m       4.6 m 
INFO  20:08:43,886 ProgressMeter -     15:28441624    400009.0     2.2 m       5.4 m       27.7%     7.8 m       5.6 m 
INFO  20:09:14,180 ProgressMeter -     15:30337483    600017.0     2.7 m       4.4 m       29.6%     9.0 m       6.3 m 
INFO  20:09:44,181 ProgressMeter -     15:33357242    700021.0     3.2 m       4.5 m       32.5%     9.7 m       6.6 m 
INFO  20:10:14,548 ProgressMeter -     15:37184481    900023.0     3.7 m       4.1 m       36.3%    10.1 m       6.4 m 
INFO  20:10:44,549 ProgressMeter -     15:41224621   1000024.0     4.2 m       4.2 m       40.2%    10.4 m       6.2 m 
INFO  20:11:14,550 ProgressMeter -     15:42437860   1200040.0     4.7 m       3.9 m       41.4%    11.3 m       6.6 m 
INFO  20:11:44,551 ProgressMeter -     15:43678079   1400045.0     5.2 m       3.7 m       42.6%    12.1 m       7.0 m 
INFO  20:12:14,769 ProgressMeter -     15:44778894   1500047.0     5.7 m       3.8 m       43.7%    13.0 m       7.3 m 
INFO  20:12:45,375 ProgressMeter -     15:48787405   1700056.0     6.2 m       3.6 m       47.6%    13.0 m       6.8 m 
INFO  20:13:15,376 ProgressMeter -     15:52194164   1900060.0     6.7 m       3.5 m       50.9%    13.1 m       6.4 m 
INFO  20:13:45,471 ProgressMeter -     15:57820859   2100065.0     7.2 m       3.4 m       56.4%    12.7 m       5.6 m 
INFO  20:14:15,847 ProgressMeter -     15:64218193   2300073.0     7.7 m       3.3 m       62.6%    12.3 m       4.6 m 
INFO  20:14:45,848 ProgressMeter -     15:68583133   2500075.0     8.2 m       3.3 m       66.9%    12.2 m       4.1 m 
INFO  20:15:15,849 ProgressMeter -     15:74282789   2800078.0     8.7 m       3.1 m       72.4%    12.0 m       3.3 m 
INFO  20:15:46,154 ProgressMeter -     15:75991741   3000083.0     9.2 m       3.1 m       74.1%    12.4 m       3.2 m 
INFO  20:16:16,290 ProgressMeter -     15:81274468   3300086.0     9.7 m       2.9 m       79.3%    12.2 m       2.5 m 
INFO  20:16:47,782 ProgressMeter -     15:86236686   3500091.0    10.2 m       2.9 m       84.1%    12.1 m     115.0 s 
INFO  20:17:17,803 ProgressMeter -     15:91475205   3800095.0    10.7 m       2.8 m       89.2%    12.0 m      77.0 s 
INFO  20:17:47,804 ProgressMeter -    15:102517812   4000097.0    11.2 m       2.8 m      100.0%    11.2 m       0.0 s 
INFO  20:17:47,861 Walker - [REDUCE RESULT] Traversal result is: org.broadinstitute.gatk.engine.io.stubs.SAMFileWriterStub@5b58129f 
INFO  20:17:47,998 ProgressMeter -            done   4069894.0    11.2 m       2.8 m      100.0%    11.2 m       0.0 s 
INFO  20:17:47,998 ProgressMeter - Total runtime 674.00 secs, 11.23 min, 0.19 hours 
INFO  20:17:47,999 MicroScheduler - 0 reads were filtered out during the traversal out of approximately 4069894 total reads (0.00%) 
INFO  20:17:47,999 MicroScheduler -   -> 0 reads (0.00% of total) failing BadCigarFilter 
INFO  20:17:47,999 MicroScheduler -   -> 0 reads (0.00% of total) failing MalformedReadFilter 
