INFO  09:26:31,430 HelpFormatter - --------------------------------------------------------------------------------- 
INFO  09:26:31,432 HelpFormatter - The Genome Analysis Toolkit (GATK) v3.4-46-g8ea4dca, Compiled 2015/08/13 20:41:56 
INFO  09:26:31,432 HelpFormatter - Copyright (c) 2010 The Broad Institute 
INFO  09:26:31,433 HelpFormatter - For support and documentation go to http://www.broadinstitute.org/gatk 
INFO  09:26:31,436 HelpFormatter - Program Args: -T PrintReads -I /mnt/ssdbroad/output/Solexa-272221_gatk_best_practices_36t_30s_2016-02-11_11-59-19/Solexa-272221_realign.bam -L /mnt/ssdbroad/Broad_Ref_Pipeline_approved_package/workflow_profiler/.queue/scatterGather/ExamplePrintReads-1-sg/temp_15_of_36/scatter.intervals -R /mnt/ssdbroad/Broad_Ref_Pipeline_approved_package/homosapiensrefgenome/Homo_sapiens_assembly19.fasta -BQSR /mnt/ssdbroad/output/Solexa-272221_gatk_best_practices_36t_30s_2016-02-11_11-59-19/Solexa-272221_recal.grp -o /mnt/ssdbroad/Broad_Ref_Pipeline_approved_package/workflow_profiler/.queue/scatterGather/ExamplePrintReads-1-sg/temp_15_of_36/Solexa-272221_final.bam 
INFO  09:26:31,447 HelpFormatter - Executing as beris@dna on Linux 2.6.32-573.el6.x86_64 amd64; OpenJDK 64-Bit Server VM 1.7.0_79-mockbuild_2015_07_24_09_26-b00. 
INFO  09:26:31,453 HelpFormatter - Date/Time: 2016/02/12 09:26:31 
INFO  09:26:31,453 HelpFormatter - --------------------------------------------------------------------------------- 
INFO  09:26:31,453 HelpFormatter - --------------------------------------------------------------------------------- 
INFO  09:26:31,603 GenomeAnalysisEngine - Strictness is SILENT 
INFO  09:26:32,972 ContextCovariate - 		Context sizes: base substitution model 2, indel substitution model 3 
INFO  09:26:33,070 GenomeAnalysisEngine - Downsampling Settings: No downsampling 
INFO  09:26:33,077 SAMDataSource$SAMReaders - Initializing SAMRecords in serial 
INFO  09:26:33,114 SAMDataSource$SAMReaders - Done initializing BAM readers: total time 0.04 
INFO  09:26:33,148 IntervalUtils - Processing 102531392 bp from intervals 
INFO  09:26:33,268 GenomeAnalysisEngine - Preparing for traversal over 1 BAM files 
INFO  09:26:34,092 GenomeAnalysisEngine - Done preparing for traversal 
INFO  09:26:34,092 ProgressMeter - [INITIALIZATION COMPLETE; STARTING PROCESSING] 
INFO  09:26:34,093 ProgressMeter -                 | processed |    time |    per 1M |           |   total | remaining 
INFO  09:26:34,093 ProgressMeter -        Location |     reads | elapsed |     reads | completed | runtime |   runtime 
INFO  09:26:34,102 ReadShardBalancer$1 - Loading BAM index data 
INFO  09:26:34,675 ReadShardBalancer$1 - Done loading BAM index data 
INFO  09:27:04,113 ProgressMeter -     15:20017374         0.0    30.0 s      49.6 w       19.5%     2.6 m       2.1 m 
INFO  09:27:34,150 ProgressMeter -     15:20386068    200002.0    60.0 s       5.0 m       19.9%     5.0 m       4.0 m 
INFO  09:28:04,199 ProgressMeter -     15:20546928    300003.0    90.0 s       5.0 m       20.0%     7.5 m       6.0 m 
INFO  09:28:34,922 ProgressMeter -     15:21080144    600008.0   120.0 s       3.4 m       20.6%     9.7 m       7.7 m 
INFO  09:29:04,923 ProgressMeter -     15:22119606    800010.0     2.5 m       3.1 m       21.6%    11.6 m       9.1 m 
INFO  09:29:35,005 ProgressMeter -     15:22710714   1100013.0     3.0 m       2.7 m       22.2%    13.5 m      10.5 m 
INFO  09:30:05,379 ProgressMeter -     15:23499910   1300015.0     3.5 m       2.7 m       22.9%    15.3 m      11.8 m 
INFO  09:30:35,379 ProgressMeter -     15:24585253   1600019.0     4.0 m       2.5 m       24.0%    16.8 m      12.7 m 
INFO  09:31:05,381 ProgressMeter -     15:25563594   1800022.0     4.5 m       2.5 m       24.9%    18.1 m      13.6 m 
INFO  09:31:35,763 ProgressMeter -     15:26505659   2100025.0     5.0 m       2.4 m       25.9%    19.4 m      14.4 m 
INFO  09:32:05,764 ProgressMeter -     15:27560617   2300027.0     5.5 m       2.4 m       26.9%    20.5 m      15.0 m 
INFO  09:32:35,765 ProgressMeter -     15:28455864   2600033.0     6.0 m       2.3 m       27.8%    21.7 m      15.7 m 
INFO  09:33:05,766 ProgressMeter -     15:29517614   2900037.0     6.5 m       2.3 m       28.8%    22.6 m      16.1 m 
INFO  09:33:45,767 ProgressMeter -     15:30883772   3200040.0     7.2 m       2.2 m       30.1%    23.8 m      16.7 m 
INFO  09:34:15,767 ProgressMeter -     15:31837385   3500045.0     7.7 m       2.2 m       31.1%    24.7 m      17.1 m 
INFO  09:34:45,768 ProgressMeter -     15:32917533   3800049.0     8.2 m       2.2 m       32.1%    25.5 m      17.3 m 
INFO  09:35:15,769 ProgressMeter -     15:33887269   4100052.0     8.7 m       2.1 m       33.1%    26.3 m      17.6 m 
INFO  09:35:45,770 ProgressMeter -     15:34963893   4300056.0     9.2 m       2.1 m       34.1%    26.9 m      17.7 m 
INFO  09:36:15,792 ProgressMeter -     15:35958459   4600061.0     9.7 m       2.1 m       35.1%    27.6 m      17.9 m 
INFO  09:36:45,793 ProgressMeter -     15:36960997   4900064.0    10.2 m       2.1 m       36.0%    28.2 m      18.1 m 
INFO  09:37:15,794 ProgressMeter -     15:37980662   5200068.0    10.7 m       2.1 m       37.0%    28.8 m      18.2 m 
INFO  09:37:45,802 ProgressMeter -     15:38954137   5500075.0    11.2 m       2.0 m       38.0%    29.4 m      18.3 m 
INFO  09:38:15,803 ProgressMeter -     15:39978094   5800080.0    11.7 m     120.0 s       39.0%    30.0 m      18.3 m 
INFO  09:38:45,804 ProgressMeter -     15:40918006   6000082.0    12.2 m       2.0 m       39.9%    30.5 m      18.3 m 
INFO  09:39:15,805 ProgressMeter -     15:42008755   6300086.0    12.7 m     120.0 s       41.0%    31.0 m      18.3 m 
INFO  09:39:45,806 ProgressMeter -     15:43003203   6600092.0    13.2 m     119.0 s       41.9%    31.4 m      18.2 m 
INFO  09:40:15,807 ProgressMeter -     15:44087405   6900095.0    13.7 m     119.0 s       43.0%    31.8 m      18.1 m 
INFO  09:40:45,808 ProgressMeter -     15:45047865   7100098.0    14.2 m     119.0 s       43.9%    32.3 m      18.1 m 
INFO  09:41:15,809 ProgressMeter -     15:46107972   7400101.0    14.7 m     119.0 s       45.0%    32.7 m      18.0 m 
INFO  09:41:45,810 ProgressMeter -     15:47066957   7700105.0    15.2 m     118.0 s       45.9%    33.1 m      17.9 m 
INFO  09:42:15,997 ProgressMeter -     15:48134256   8000108.0    15.7 m     117.0 s       46.9%    33.4 m      17.7 m 
INFO  09:42:46,050 ProgressMeter -     15:49178307   8300111.0    16.2 m     117.0 s       48.0%    33.7 m      17.6 m 
INFO  09:43:16,051 ProgressMeter -     15:50167704   8500113.0    16.7 m     117.0 s       48.9%    34.1 m      17.4 m 
INFO  09:43:46,052 ProgressMeter -     15:51195376   8800117.0    17.2 m     117.0 s       49.9%    34.4 m      17.2 m 
INFO  09:44:26,057 ProgressMeter -     15:52547374   9200121.0    17.9 m     116.0 s       51.3%    34.8 m      17.0 m 
INFO  09:44:56,058 ProgressMeter -     15:53567697   9500124.0    18.4 m     115.0 s       52.2%    35.1 m      16.8 m 
INFO  09:45:27,863 ProgressMeter -     15:54493196   9800128.0    18.9 m     115.0 s       53.1%    35.5 m      16.6 m 
INFO  09:45:57,864 ProgressMeter -     15:55333340   1.0100156E7    19.4 m     115.0 s       54.0%    35.9 m      16.5 m 
INFO  09:46:27,865 ProgressMeter -     15:56391894   1.0400159E7    19.9 m     114.0 s       55.0%    36.2 m      16.3 m 
INFO  09:46:57,866 ProgressMeter -     15:57396651   1.0700162E7    20.4 m     114.0 s       56.0%    36.4 m      16.0 m 
INFO  09:47:27,867 ProgressMeter -     15:58450150   1.1000165E7    20.9 m     113.0 s       57.0%    36.6 m      15.7 m 
INFO  09:47:57,868 ProgressMeter -     15:59469051   1.1200168E7    21.4 m     114.0 s       58.0%    36.9 m      15.5 m 
INFO  09:48:27,884 ProgressMeter -     15:60549845   1.1500172E7    21.9 m     114.0 s       59.1%    37.1 m      15.2 m 
INFO  09:48:57,885 ProgressMeter -     15:61605891   1.1800175E7    22.4 m     113.0 s       60.1%    37.3 m      14.9 m 
INFO  09:49:27,886 ProgressMeter -     15:62684629   1.2100178E7    22.9 m     113.0 s       61.1%    37.4 m      14.5 m 
INFO  09:50:07,887 ProgressMeter -     15:64122538   1.2500182E7    23.6 m     113.0 s       62.5%    37.7 m      14.1 m 
INFO  09:50:37,888 ProgressMeter -     15:65226205   1.2800186E7    24.1 m     112.0 s       63.6%    37.8 m      13.8 m 
INFO  09:51:07,889 ProgressMeter -     15:66334162   1.3100189E7    24.6 m     112.0 s       64.7%    37.9 m      13.4 m 
INFO  09:51:37,890 ProgressMeter -     15:67376133   1.3400192E7    25.1 m     112.0 s       65.7%    38.1 m      13.1 m 
INFO  09:52:07,974 ProgressMeter -     15:68415034   1.3700195E7    25.6 m     111.0 s       66.7%    38.3 m      12.7 m 
INFO  09:52:37,975 ProgressMeter -     15:69496098   1.3900197E7    26.1 m     112.0 s       67.8%    38.4 m      12.4 m 
INFO  09:53:07,975 ProgressMeter -     15:70587973   1.4200201E7    26.6 m     112.0 s       68.8%    38.6 m      12.0 m 
INFO  09:53:37,977 ProgressMeter -     15:71636182   1.4500204E7    27.1 m     111.0 s       69.9%    38.7 m      11.7 m 
INFO  09:54:07,978 ProgressMeter -     15:72673980   1.4800207E7    27.6 m     111.0 s       70.9%    38.9 m      11.3 m 
INFO  09:54:37,979 ProgressMeter -     15:73748164   1.510021E7    28.1 m     111.0 s       71.9%    39.0 m      10.9 m 
INFO  09:55:07,980 ProgressMeter -     15:74848770   1.5400214E7    28.6 m     111.0 s       73.0%    39.1 m      10.6 m 
INFO  09:55:38,035 ProgressMeter -     15:75963785   1.5700217E7    29.1 m     111.0 s       74.1%    39.2 m      10.2 m 
INFO  09:56:08,037 ProgressMeter -     15:77060224   1.6000222E7    29.6 m     110.0 s       75.2%    39.3 m       9.8 m 
INFO  09:56:39,467 ProgressMeter -     15:77911004   1.6300284E7    30.1 m     110.0 s       76.0%    39.6 m       9.5 m 
INFO  09:57:09,468 ProgressMeter -     15:78974971   1.6600287E7    30.6 m     110.0 s       77.0%    39.7 m       9.1 m 
INFO  09:57:39,489 ProgressMeter -     15:80076923   1.6900291E7    31.1 m     110.0 s       78.1%    39.8 m       8.7 m 
INFO  09:58:09,490 ProgressMeter -     15:81133980   1.7200294E7    31.6 m     110.0 s       79.1%    39.9 m       8.3 m 
INFO  09:58:39,503 ProgressMeter -     15:82233783   1.7500297E7    32.1 m     110.0 s       80.2%    40.0 m       7.9 m 
INFO  09:59:09,504 ProgressMeter -     15:83644640   1.78003E7    32.6 m     109.0 s       81.6%    39.9 m       7.4 m 
INFO  09:59:39,564 ProgressMeter -     15:84694264   1.8000302E7    33.1 m     110.0 s       82.6%    40.1 m       7.0 m 
INFO  10:00:09,565 ProgressMeter -     15:85815625   1.8300305E7    33.6 m     110.0 s       83.7%    40.1 m       6.5 m 
INFO  10:00:39,566 ProgressMeter -     15:86876975   1.8600308E7    34.1 m     109.0 s       84.7%    40.2 m       6.1 m 
INFO  10:01:09,567 ProgressMeter -     15:87851715   1.8900312E7    34.6 m     109.0 s       85.7%    40.4 m       5.8 m 
INFO  10:01:39,568 ProgressMeter -     15:88941517   1.9200317E7    35.1 m     109.0 s       86.7%    40.4 m       5.4 m 
INFO  10:02:09,569 ProgressMeter -     15:90037082   1.9500321E7    35.6 m     109.0 s       87.8%    40.5 m       4.9 m 
INFO  10:02:39,570 ProgressMeter -     15:91177766   1.9800327E7    36.1 m     109.0 s       88.9%    40.6 m       4.5 m 
INFO  10:03:09,702 ProgressMeter -     15:92270282   2.0100333E7    36.6 m     109.0 s       90.0%    40.7 m       4.1 m 
INFO  10:03:39,782 ProgressMeter -     15:93359201   2.0400337E7    37.1 m     109.0 s       91.1%    40.7 m       3.6 m 
INFO  10:04:09,783 ProgressMeter -     15:94457985   2.0700341E7    37.6 m     108.0 s       92.1%    40.8 m       3.2 m 
INFO  10:04:39,921 ProgressMeter -     15:95517584   2.1000347E7    38.1 m     108.0 s       93.2%    40.9 m       2.8 m 
INFO  10:05:19,922 ProgressMeter -     15:96949281   2.1300352E7    38.8 m     109.0 s       94.6%    41.0 m       2.2 m 
INFO  10:05:49,923 ProgressMeter -     15:98030372   2.1600356E7    39.3 m     109.0 s       95.6%    41.1 m     108.0 s 
INFO  10:06:19,924 ProgressMeter -     15:99110921   2.1900359E7    39.8 m     108.0 s       96.7%    41.1 m      82.0 s 
INFO  10:06:49,933 ProgressMeter -    15:100210356   2.2200363E7    40.3 m     108.0 s       97.7%    41.2 m      55.0 s 
INFO  10:07:19,935 ProgressMeter -    15:101335980   2.2500366E7    40.8 m     108.0 s       98.8%    41.2 m      28.0 s 
INFO  10:07:49,936 ProgressMeter -    15:102460459   2.280037E7    41.3 m     108.0 s       99.9%    41.3 m       1.0 s 
INFO  10:07:52,379 Walker - [REDUCE RESULT] Traversal result is: org.broadinstitute.gatk.engine.io.stubs.SAMFileWriterStub@1f7d19f2 
INFO  10:07:52,485 ProgressMeter -            done   2.2913069E7    41.3 m     108.0 s      100.0%    41.3 m       0.0 s 
INFO  10:07:52,485 ProgressMeter - Total runtime 2478.39 secs, 41.31 min, 0.69 hours 
INFO  10:07:52,486 MicroScheduler - 0 reads were filtered out during the traversal out of approximately 22913069 total reads (0.00%) 
INFO  10:07:52,486 MicroScheduler -   -> 0 reads (0.00% of total) failing BadCigarFilter 
INFO  10:07:52,486 MicroScheduler -   -> 0 reads (0.00% of total) failing MalformedReadFilter 
