INFO  20:47:27,952 HelpFormatter - --------------------------------------------------------------------------------- 
INFO  20:47:27,954 HelpFormatter - The Genome Analysis Toolkit (GATK) v3.4-46-g8ea4dca, Compiled 2015/08/13 20:41:56 
INFO  20:47:27,960 HelpFormatter - Copyright (c) 2010 The Broad Institute 
INFO  20:47:27,960 HelpFormatter - For support and documentation go to http://www.broadinstitute.org/gatk 
INFO  20:47:27,964 HelpFormatter - Program Args: -T HaplotypeCaller -I /mnt/nvme0n1/data/broadout/HG02561_gatk_best_practices_8t_30s_2016-07-06_18-21-00/HG02561_final.bam -L /mnt/nvme0n1/Broad_Ref_Pipeline_approved_package/workflow_profiler/.queue/scatterGather/ExampleHaplotypeCaller-1-sg/temp_34_of_36/scatter.intervals -R /mnt/nvme0n1/Broad_Ref_Pipeline_approved_package/b37bundle/human_g1k_v37.fasta -variant_index_type LINEAR -variant_index_parameter 128000 -o /mnt/nvme0n1/Broad_Ref_Pipeline_approved_package/workflow_profiler/.queue/scatterGather/ExampleHaplotypeCaller-1-sg/temp_34_of_36/HG02561_HaplotypeCaller.g.vcf -ERC GVCF 
INFO  20:47:27,986 HelpFormatter - Executing as bshifaw@application-1-1.hudson.intel.com on Linux 3.10.0-327.el7.x86_64 amd64; OpenJDK 64-Bit Server VM 1.8.0_91-b14. 
INFO  20:47:27,986 HelpFormatter - Date/Time: 2016/07/06 20:47:27 
INFO  20:47:27,986 HelpFormatter - --------------------------------------------------------------------------------- 
INFO  20:47:27,987 HelpFormatter - --------------------------------------------------------------------------------- 
WARN  20:47:27,990 GATKVCFUtils - Naming your output file using the .g.vcf extension will automatically set the appropriate values  for --variant_index_type and --variant_index_parameter 
INFO  20:47:28,102 GenomeAnalysisEngine - Strictness is SILENT 
INFO  20:47:28,231 GenomeAnalysisEngine - Downsampling Settings: Method: BY_SAMPLE, Target Coverage: 500 
INFO  20:47:28,240 SAMDataSource$SAMReaders - Initializing SAMRecords in serial 
INFO  20:47:28,338 SAMDataSource$SAMReaders - Done initializing BAM readers: total time 0.10 
INFO  20:47:28,376 HCMappingQualityFilter - Filtering out reads with MAPQ < 20 
INFO  20:47:28,540 IntervalUtils - Processing 1437965 bp from intervals 
INFO  20:47:28,671 GenomeAnalysisEngine - Preparing for traversal over 1 BAM files 
INFO  20:47:28,898 GenomeAnalysisEngine - Done preparing for traversal 
INFO  20:47:28,899 ProgressMeter - [INITIALIZATION COMPLETE; STARTING PROCESSING] 
INFO  20:47:28,899 ProgressMeter -                 |      processed |    time |         per 1M |           |   total | remaining 
INFO  20:47:28,899 ProgressMeter -        Location | active regions | elapsed | active regions | completed | runtime |   runtime 
INFO  20:47:28,899 HaplotypeCaller - Standard Emitting and Calling confidence set to 0.0 for reference-model confidence output 
INFO  20:47:28,900 HaplotypeCaller - All sites annotated with PLs forced to true for reference-model confidence output 
INFO  20:47:29,119 HaplotypeCaller - Using global mismapping rate of 45 => -4.5 in log10 likelihood units 
Using AVX accelerated implementation of PairHMM
INFO  20:47:34,467 VectorLoglessPairHMM - libVectorLoglessPairHMM unpacked successfully from GATK jar file 
INFO  20:47:34,536 VectorLoglessPairHMM - Using vectorized implementation of PairHMM 
WARN  20:47:35,069 HaplotypeScore - Annotation will not be calculated, must be called from UnifiedGenotyper 
WARN  20:47:35,070 InbreedingCoeff - Annotation will not be calculated, must provide a valid PED file (-ped) from the command line. 
INFO  20:47:58,923 ProgressMeter -     20:37617410         381494.0    30.0 s           78.0 s        1.1%    45.3 m      44.8 m 
INFO  20:48:28,924 ProgressMeter -     20:39978688        1640332.0    60.0 s           36.0 s        2.5%    39.4 m      38.4 m 
INFO  20:48:58,939 ProgressMeter -     20:40054681        2481389.0    90.0 s           36.0 s        3.3%    45.6 m      44.1 m 
INFO  20:49:28,941 ProgressMeter -     20:42195656        6965487.0   120.0 s           17.0 s        4.8%    41.7 m      39.7 m 
INFO  20:49:58,942 ProgressMeter -     20:43545401      1.7572417E7     2.5 m            8.0 s        7.2%    34.6 m      32.1 m 
INFO  20:50:28,946 ProgressMeter -     20:44259457      2.9153221E7     3.0 m            6.0 s        9.5%    31.7 m      28.7 m 
INFO  20:50:58,947 ProgressMeter -     20:44691947      4.7193509E7     3.5 m            4.0 s       12.6%    27.9 m      24.4 m 
INFO  20:51:28,949 ProgressMeter -     20:47628409       9.044273E7     4.0 m            2.0 s       16.6%    24.0 m      20.0 m 
INFO  20:51:58,950 ProgressMeter -     20:50273646     1.46353172E8     4.5 m            1.0 s       21.4%    21.0 m      16.5 m 
INFO  20:52:28,954 ProgressMeter -     20:56073554     1.95652394E8     5.0 m            1.0 s       24.9%    20.0 m      15.0 m 
INFO  20:52:58,955 ProgressMeter -     20:60714079     2.86932858E8     5.5 m            1.0 s       30.0%    18.4 m      12.9 m 
INFO  20:53:28,963 ProgressMeter -     20:61944095      3.8778444E8     6.0 m            0.0 s       35.6%    16.9 m      10.9 m 
INFO  20:53:58,965 ProgressMeter -     20:62830163     4.87845384E8     6.5 m            0.0 s       41.0%    15.9 m       9.4 m 
INFO  20:54:28,967 ProgressMeter -     21:10944616     5.02697183E8     7.0 m            0.0 s       41.7%    16.8 m       9.8 m 
INFO  20:54:58,968 ProgressMeter -     21:28304271     5.09373492E8     7.5 m            0.0 s       45.7%    16.4 m       8.9 m 
INFO  20:55:28,970 ProgressMeter -     21:33073256     5.24265745E8     8.0 m            0.0 s       49.6%    16.1 m       8.1 m 
INFO  20:55:58,983 ProgressMeter -     21:35468683      5.5861351E8     8.5 m            0.0 s       54.5%    15.6 m       7.1 m 
INFO  20:56:28,984 ProgressMeter -     21:38845124     5.99682546E8     9.0 m            0.0 s       58.3%    15.4 m       6.4 m 
INFO  20:56:58,985 ProgressMeter -     21:42851047     6.53126185E8     9.5 m            0.0 s       62.4%    15.2 m       5.7 m 
INFO  20:57:28,987 ProgressMeter -     21:44324028     7.15853209E8    10.0 m            0.0 s       66.0%    15.2 m       5.2 m 
INFO  20:57:58,988 ProgressMeter -     21:45959913     8.08010118E8    10.5 m            0.0 s       70.5%    14.9 m       4.4 m 
INFO  20:58:28,989 ProgressMeter -     21:46057283     8.12224174E8    11.0 m            0.0 s       71.1%    15.5 m       4.5 m 
INFO  20:58:58,991 ProgressMeter -     21:47656819     9.01717961E8    11.5 m            0.0 s       75.0%    15.3 m       3.8 m 
INFO  20:59:28,992 ProgressMeter -     22:18064186     9.66858153E8    12.0 m            0.0 s       79.5%    15.1 m       3.1 m 
INFO  20:59:58,994 ProgressMeter -     22:20114423     9.87395298E8    12.5 m            0.0 s       85.6%    14.6 m       2.1 m 
INFO  21:00:28,995 ProgressMeter -     22:23154441    1.026822274E9    13.0 m            0.0 s       92.2%    14.1 m      65.0 s 
INFO  21:00:56,205 VectorLoglessPairHMM - Time spent in setup for JNI call : 0.503488752 
INFO  21:00:56,206 PairHMM - Total compute time in PairHMM computeLikelihoods() : 94.801251074 
INFO  21:00:56,206 HaplotypeCaller - Ran local assembly on 8919 active regions 
INFO  21:00:56,213 ProgressMeter -            done     1.12658313E9    13.5 m            0.0 s      100.0%    13.5 m       0.0 s 
INFO  21:00:56,214 ProgressMeter - Total runtime 807.32 secs, 13.46 min, 0.22 hours 
INFO  21:00:56,219 MicroScheduler - 445592 reads were filtered out during the traversal out of approximately 2518659 total reads (17.69%) 
INFO  21:00:56,219 MicroScheduler -   -> 0 reads (0.00% of total) failing BadCigarFilter 
INFO  21:00:56,219 MicroScheduler -   -> 378765 reads (15.04% of total) failing DuplicateReadFilter 
INFO  21:00:56,220 MicroScheduler -   -> 0 reads (0.00% of total) failing FailsVendorQualityCheckFilter 
INFO  21:00:56,220 MicroScheduler -   -> 66579 reads (2.64% of total) failing HCMappingQualityFilter 
INFO  21:00:56,220 MicroScheduler -   -> 0 reads (0.00% of total) failing MalformedReadFilter 
INFO  21:00:56,220 MicroScheduler -   -> 0 reads (0.00% of total) failing MappingQualityUnavailableFilter 
INFO  21:00:56,221 MicroScheduler -   -> 248 reads (0.01% of total) failing NotPrimaryAlignmentFilter 
INFO  21:00:56,221 MicroScheduler -   -> 0 reads (0.00% of total) failing UnmappedReadFilter 
