INFO  16:30:45,929 HelpFormatter - --------------------------------------------------------------------------------- 
INFO  16:30:45,932 HelpFormatter - The Genome Analysis Toolkit (GATK) v3.4-46-g8ea4dca, Compiled 2015/08/13 20:41:56 
INFO  16:30:45,932 HelpFormatter - Copyright (c) 2010 The Broad Institute 
INFO  16:30:45,932 HelpFormatter - For support and documentation go to http://www.broadinstitute.org/gatk 
INFO  16:30:45,945 HelpFormatter - Program Args: -T HaplotypeCaller -I /mnt/ssdbroad/output/Solexa-272221_gatk_best_practices_36t_30s_2016-02-11_11-59-19/Solexa-272221_final.bam -L /mnt/ssdbroad/Broad_Ref_Pipeline_approved_package/workflow_profiler/.queue/scatterGather/ExampleHaplotypeCaller-1-sg/temp_34_of_36/scatter.intervals -R /mnt/ssdbroad/Broad_Ref_Pipeline_approved_package/homosapiensrefgenome/Homo_sapiens_assembly19.fasta -variant_index_type LINEAR -variant_index_parameter 128000 -o /mnt/ssdbroad/Broad_Ref_Pipeline_approved_package/workflow_profiler/.queue/scatterGather/ExampleHaplotypeCaller-1-sg/temp_34_of_36/Solexa-272221_HaplotypeCaller.g.vcf -ERC GVCF 
INFO  16:30:45,972 HelpFormatter - Executing as beris@dna on Linux 2.6.32-573.el6.x86_64 amd64; OpenJDK 64-Bit Server VM 1.7.0_79-mockbuild_2015_07_24_09_26-b00. 
INFO  16:30:45,972 HelpFormatter - Date/Time: 2016/02/12 16:30:45 
INFO  16:30:45,972 HelpFormatter - --------------------------------------------------------------------------------- 
INFO  16:30:45,973 HelpFormatter - --------------------------------------------------------------------------------- 
WARN  16:30:46,016 GATKVCFUtils - Naming your output file using the .g.vcf extension will automatically set the appropriate values  for --variant_index_type and --variant_index_parameter 
INFO  16:30:46,129 GenomeAnalysisEngine - Strictness is SILENT 
INFO  16:30:46,274 GenomeAnalysisEngine - Downsampling Settings: Method: BY_SAMPLE, Target Coverage: 500 
INFO  16:30:46,281 SAMDataSource$SAMReaders - Initializing SAMRecords in serial 
INFO  16:30:46,363 SAMDataSource$SAMReaders - Done initializing BAM readers: total time 0.07 
INFO  16:30:46,373 HCMappingQualityFilter - Filtering out reads with MAPQ < 20 
INFO  16:30:46,394 IntervalUtils - Processing 86166015 bp from intervals 
INFO  16:30:46,475 GenomeAnalysisEngine - Preparing for traversal over 1 BAM files 
INFO  16:30:46,845 GenomeAnalysisEngine - Done preparing for traversal 
INFO  16:30:46,846 ProgressMeter - [INITIALIZATION COMPLETE; STARTING PROCESSING] 
INFO  16:30:46,846 ProgressMeter -                 |      processed |    time |         per 1M |           |   total | remaining 
INFO  16:30:46,847 ProgressMeter -        Location | active regions | elapsed | active regions | completed | runtime |   runtime 
INFO  16:30:46,847 HaplotypeCaller - Standard Emitting and Calling confidence set to 0.0 for reference-model confidence output 
INFO  16:30:46,847 HaplotypeCaller - All sites annotated with PLs forced to true for reference-model confidence output 
INFO  16:30:47,024 HaplotypeCaller - Using global mismapping rate of 45 => -4.5 in log10 likelihood units 
Using AVX accelerated implementation of PairHMM
INFO  16:31:10,217 VectorLoglessPairHMM - libVectorLoglessPairHMM unpacked successfully from GATK jar file 
INFO  16:31:10,218 VectorLoglessPairHMM - Using vectorized implementation of PairHMM 
WARN  16:31:10,458 HaplotypeScore - Annotation will not be calculated, must be called from UnifiedGenotyper 
WARN  16:31:10,458 InbreedingCoeff - Annotation will not be calculated, must provide a valid PED file (-ped) from the command line. 
INFO  16:31:16,916 ProgressMeter -     22:16059082              0.0    30.0 s           49.7 w        2.7%    18.7 m      18.2 m 
INFO  16:31:46,917 ProgressMeter -     22:16198910              0.0    60.0 s           99.3 w        2.8%    35.2 m      34.2 m 
INFO  16:32:16,925 ProgressMeter -     22:16372071              0.0    90.0 s          148.9 w        3.0%    49.3 m      47.8 m 
INFO  16:32:46,926 ProgressMeter -     22:16641059              0.0   120.0 s          198.5 w        3.4%    59.6 m      57.6 m 
INFO  16:33:16,927 ProgressMeter -     22:16867616              0.0     2.5 m          248.1 w        3.6%    69.1 m      66.6 m 
INFO  16:33:46,929 ProgressMeter -     22:16890367              0.0     3.0 m          297.8 w        3.6%    82.3 m      79.3 m 
INFO  16:34:16,930 ProgressMeter -     22:16914286              0.0     3.5 m          347.4 w        3.7%    95.3 m      91.8 m 
INFO  16:34:46,931 ProgressMeter -     22:16929603              0.0     4.0 m          397.0 w        3.7%   108.4 m     104.4 m 
INFO  16:35:26,932 ProgressMeter -     22:16951051              0.0     4.7 m          463.1 w        3.7%     2.1 h       2.0 h 
INFO  16:35:56,932 ProgressMeter -     22:17005724              0.0     5.2 m          512.7 w        3.8%     2.3 h       2.2 h 
INFO  16:36:26,933 ProgressMeter -     22:17055196              0.0     5.7 m          562.3 w        3.8%     2.5 h       2.4 h 
INFO  16:36:56,934 ProgressMeter -     22:17236787              0.0     6.2 m          611.9 w        4.0%     2.5 h       2.4 h 
INFO  16:37:36,934 ProgressMeter -     22:17355275              0.0     6.8 m          678.1 w        4.2%     2.7 h       2.6 h 
INFO  16:38:06,935 ProgressMeter -     22:17373959              0.0     7.3 m          727.7 w        4.2%     2.9 h       2.8 h 
INFO  16:38:36,936 ProgressMeter -     22:17393125              0.0     7.8 m          777.3 w        4.2%     3.1 h       3.0 h 
INFO  16:39:16,937 ProgressMeter -     22:17728846              0.0     8.5 m          843.4 w        4.6%     3.1 h       2.9 h 
INFO  16:39:46,937 ProgressMeter -     22:18076909              0.0     9.0 m          893.0 w        5.0%     3.0 h       2.8 h 
INFO  16:40:16,938 ProgressMeter -     22:18402497              0.0     9.5 m          942.6 w        5.4%     2.9 h       2.8 h 
INFO  16:40:46,988 ProgressMeter -     22:18718209              0.0    10.0 m          992.3 w        5.8%     2.9 h       2.7 h 
INFO  16:41:16,989 ProgressMeter -     22:18718209              0.0    10.5 m         1041.9 w        5.8%     3.0 h       2.9 h 
INFO  16:41:46,990 ProgressMeter -     22:18718392              0.0    11.0 m         1091.5 w        5.8%     3.2 h       3.0 h 
INFO  16:42:16,992 ProgressMeter -     22:18718574              0.0    11.5 m         1141.1 w        5.8%     3.3 h       3.1 h 
INFO  16:42:46,993 ProgressMeter -     22:18721425              0.0    12.0 m         1190.7 w        5.8%     3.5 h       3.3 h 
INFO  16:43:16,994 ProgressMeter -     22:18721764              0.0    12.5 m         1240.3 w        5.8%     3.6 h       3.4 h 
INFO  16:43:56,995 ProgressMeter -     22:18878565              0.0    13.2 m         1306.5 w        6.0%     3.7 h       3.5 h 
INFO  16:44:26,995 ProgressMeter -     22:18880231              0.0    13.7 m         1356.1 w        6.0%     3.8 h       3.6 h 
INFO  16:44:56,996 ProgressMeter -     22:18884146              0.0    14.2 m         1405.7 w        6.0%     4.0 h       3.7 h 
INFO  16:45:26,997 ProgressMeter -     22:18884146              0.0    14.7 m         1455.3 w        6.0%     4.1 h       3.9 h 
INFO  16:46:06,998 ProgressMeter -     22:18884392              0.0    15.3 m         1521.4 w        6.0%     4.3 h       4.0 h 
INFO  16:46:36,998 ProgressMeter -     22:18961598              0.0    15.8 m         1571.0 w        6.0%     4.4 h       4.1 h 
INFO  16:47:06,999 ProgressMeter -     22:19335977              0.0    16.3 m         1620.6 w        6.5%     4.2 h       3.9 h 
INFO  16:47:37,000 ProgressMeter -     22:19689783              0.0    16.8 m         1670.2 w        6.9%     4.1 h       3.8 h 
INFO  16:48:17,001 ProgressMeter -     22:20027001              0.0    17.5 m         1736.4 w        7.3%     4.0 h       3.7 h 
INFO  16:48:47,001 ProgressMeter -     22:20326753              0.0    18.0 m         1786.0 w        7.6%     3.9 h       3.6 h 
INFO  16:49:17,002 ProgressMeter -     22:20658167              0.0    18.5 m         1835.6 w        8.0%     3.8 h       3.5 h 
INFO  16:49:47,003 ProgressMeter -     22:20658167              0.0    19.0 m         1885.2 w        8.0%     3.9 h       3.6 h 
INFO  16:50:27,004 ProgressMeter -     22:20882184              0.0    19.7 m         1951.3 w        8.3%     4.0 h       3.6 h 
INFO  16:50:57,010 ProgressMeter -     22:21208237              0.0    20.2 m         2000.9 w        8.7%     3.9 h       3.5 h 
INFO  16:51:27,011 ProgressMeter -     22:21511400              0.0    20.7 m         2050.5 w        9.0%     3.8 h       3.5 h 
INFO  16:52:07,011 ProgressMeter -     22:21912564              0.0    21.3 m         2116.7 w        9.5%     3.8 h       3.4 h 
INFO  16:52:37,012 ProgressMeter -     22:22233172              0.0    21.8 m         2166.3 w        9.8%     3.7 h       3.3 h 
INFO  16:53:07,013 ProgressMeter -     22:22509056              0.0    22.3 m         2215.9 w       10.2%     3.7 h       3.3 h 
INFO  16:53:37,014 ProgressMeter -     22:22635699              0.0    22.8 m         2265.5 w       10.3%     3.7 h       3.3 h 
INFO  16:54:07,015 ProgressMeter -     22:22707380              0.0    23.3 m         2315.1 w       10.4%     3.7 h       3.4 h 
INFO  16:54:47,016 ProgressMeter -     22:22919829              0.0    24.0 m         2381.2 w       10.6%     3.8 h       3.4 h 
INFO  16:55:17,016 ProgressMeter -     22:23202426              0.0    24.5 m         2430.8 w       11.0%     3.7 h       3.3 h 
INFO  16:55:47,017 ProgressMeter -     22:23548180              0.0    25.0 m         2480.4 w       11.4%     3.7 h       3.2 h 
INFO  16:56:17,018 ProgressMeter -     22:23811451              0.0    25.5 m         2530.0 w       11.7%     3.6 h       3.2 h 
INFO  16:56:57,019 ProgressMeter -     22:24160323              0.0    26.2 m         2596.2 w       12.1%     3.6 h       3.2 h 
INFO  16:57:27,020 ProgressMeter -     22:24361374              0.0    26.7 m         2645.8 w       12.3%     3.6 h       3.2 h 
INFO  16:57:57,043 ProgressMeter -     22:24696912              0.0    27.2 m         2695.4 w       12.7%     3.6 h       3.1 h 
INFO  16:58:27,043 ProgressMeter -     22:25048435              0.0    27.7 m         2745.0 w       13.1%     3.5 h       3.1 h 
INFO  16:58:57,044 ProgressMeter -     22:25326724              0.0    28.2 m         2794.6 w       13.4%     3.5 h       3.0 h 
INFO  16:59:27,045 ProgressMeter -     22:25663821              0.0    28.7 m         2844.2 w       13.8%     3.5 h       3.0 h 
INFO  17:00:07,046 ProgressMeter -     22:26098942              0.0    29.3 m         2910.4 w       14.3%     3.4 h       2.9 h 
INFO  17:00:37,046 ProgressMeter -     22:26386562              0.0    29.8 m         2960.0 w       14.7%     3.4 h       2.9 h 
INFO  17:01:07,047 ProgressMeter -     22:26709892              0.0    30.3 m         3009.6 w       15.0%     3.4 h       2.9 h 
INFO  17:01:37,048 ProgressMeter -     22:26991894              0.0    30.8 m         3059.2 w       15.4%     3.3 h       2.8 h 
INFO  17:02:17,048 ProgressMeter -     22:27381915              0.0    31.5 m         3125.3 w       15.8%     3.3 h       2.8 h 
INFO  17:02:47,051 ProgressMeter -     22:27695898              0.0    32.0 m         3174.9 w       16.2%     3.3 h       2.8 h 
INFO  17:03:17,058 ProgressMeter -     22:27970288              0.0    32.5 m         3224.6 w       16.5%     3.3 h       2.7 h 
INFO  17:03:47,059 ProgressMeter -     22:28368836              0.0    33.0 m         3274.2 w       17.0%     3.2 h       2.7 h 
INFO  17:04:27,060 ProgressMeter -     22:28931869              0.0    33.7 m         3340.3 w       17.6%     3.2 h       2.6 h 
INFO  17:05:07,061 ProgressMeter -     22:29411441              0.0    34.3 m         3406.4 w       18.2%     3.1 h       2.6 h 
INFO  17:05:37,061 ProgressMeter -     22:29711273              0.0    34.8 m         3456.0 w       18.5%     3.1 h       2.6 h 
INFO  17:06:07,062 ProgressMeter -     22:30062196              0.0    35.3 m         3505.6 w       18.9%     3.1 h       2.5 h 
INFO  17:06:47,063 ProgressMeter -     22:30517479              0.0    36.0 m         3571.8 w       19.5%     3.1 h       2.5 h 
INFO  17:07:27,064 ProgressMeter -     22:30988224              0.0    36.7 m         3637.9 w       20.0%     3.1 h       2.4 h 
INFO  17:08:07,065 ProgressMeter -     22:31391818              0.0    37.3 m         3704.1 w       20.5%     3.0 h       2.4 h 
INFO  17:08:37,065 ProgressMeter -     22:31731962              0.0    37.8 m         3753.7 w       20.9%     3.0 h       2.4 h 
INFO  17:09:07,066 ProgressMeter -     22:32065450              0.0    38.3 m         3803.3 w       21.3%     3.0 h       2.4 h 
INFO  17:09:37,067 ProgressMeter -     22:32453756              0.0    38.8 m         3852.9 w       21.7%     3.0 h       2.3 h 
INFO  17:10:17,068 ProgressMeter -     22:32890113              0.0    39.5 m         3919.0 w       22.2%     3.0 h       2.3 h 
INFO  17:10:47,069 ProgressMeter -     22:33227443              0.0    40.0 m         3968.6 w       22.6%     2.9 h       2.3 h 
INFO  17:11:27,069 ProgressMeter -     22:33689620              0.0    40.7 m         4034.8 w       23.1%     2.9 h       2.3 h 
INFO  17:11:58,571 ProgressMeter -     22:34048375              0.0    41.2 m         4086.8 w       23.6%     2.9 h       2.2 h 
INFO  17:12:28,572 ProgressMeter -     22:34358796              0.0    41.7 m         4136.5 w       23.9%     2.9 h       2.2 h 
INFO  17:12:58,575 ProgressMeter -     22:34694935              0.0    42.2 m         4186.1 w       24.3%     2.9 h       2.2 h 
INFO  17:13:28,576 ProgressMeter -     22:34910326              0.0    42.7 m         4235.7 w       24.6%     2.9 h       2.2 h 
INFO  17:13:58,577 ProgressMeter -     22:35211639              0.0    43.2 m         4285.3 w       24.9%     2.9 h       2.2 h 
INFO  17:14:38,578 ProgressMeter -     22:35590157              0.0    43.9 m         4351.4 w       25.3%     2.9 h       2.2 h 
INFO  17:15:18,579 ProgressMeter -     22:35998228              0.0    44.5 m         4417.5 w       25.8%     2.9 h       2.1 h 
INFO  17:15:48,584 ProgressMeter -     22:36302368              0.0    45.0 m         4467.2 w       26.2%     2.9 h       2.1 h 
INFO  17:16:28,585 ProgressMeter -     22:36692332              0.0    45.7 m         4533.3 w       26.6%     2.9 h       2.1 h 
INFO  17:17:08,588 ProgressMeter -     22:37026254              0.0    46.4 m         4599.4 w       27.0%     2.9 h       2.1 h 
INFO  17:17:38,589 ProgressMeter -     22:37327736              0.0    46.9 m         4649.0 w       27.4%     2.9 h       2.1 h 
INFO  17:18:18,589 ProgressMeter -     22:37764925              0.0    47.5 m         4715.2 w       27.9%     2.8 h       2.0 h 
INFO  17:18:48,590 ProgressMeter -     22:38095890              0.0    48.0 m         4764.8 w       28.3%     2.8 h       2.0 h 
INFO  17:19:18,591 ProgressMeter -     22:38483898              0.0    48.5 m         4814.4 w       28.7%     2.8 h       2.0 h 
INFO  17:19:58,592 ProgressMeter -     22:38939049              0.0    49.2 m         4880.5 w       29.2%     2.8 h     119.1 m 
INFO  17:20:28,592 ProgressMeter -     22:39282706              0.0    49.7 m         4930.1 w       29.6%     2.8 h     118.0 m 
INFO  17:20:58,593 ProgressMeter -     22:39534639              0.0    50.2 m         4979.7 w       29.9%     2.8 h     117.5 m 
INFO  17:21:28,594 ProgressMeter -     22:39840493              0.0    50.7 m         5029.3 w       30.3%     2.8 h     116.7 m 
INFO  17:22:08,595 ProgressMeter -     22:40336046              0.0    51.4 m         5095.5 w       30.9%     2.8 h     115.1 m 
INFO  17:22:38,595 ProgressMeter -     22:40654639              0.0    51.9 m         5145.1 w       31.2%     2.8 h     114.2 m 
INFO  17:23:08,596 ProgressMeter -     22:40978378              0.0    52.4 m         5194.7 w       31.6%     2.8 h     113.3 m 
INFO  17:23:38,597 ProgressMeter -     22:41358156              0.0    52.9 m         5244.3 w       32.0%     2.7 h     112.1 m 
INFO  17:24:18,598 ProgressMeter -     22:41816581              0.0    53.5 m         5310.4 w       32.6%     2.7 h     110.8 m 
INFO  17:24:58,599 ProgressMeter -     22:42318649              0.0    54.2 m         5376.6 w       33.2%     2.7 h     109.2 m 
INFO  17:25:28,600 ProgressMeter -     22:42680852              0.0    54.7 m         5426.2 w       33.6%     2.7 h     108.2 m 
INFO  17:25:58,745 ProgressMeter -     22:43002212              0.0    55.2 m         5476.0 w       33.9%     2.7 h     107.4 m 
INFO  17:26:29,726 ProgressMeter -     22:43270877              0.0    55.7 m         5527.2 w       34.3%     2.7 h     106.9 m 
INFO  17:27:09,727 ProgressMeter -     22:43730562              0.0    56.4 m         5593.4 w       34.8%     2.7 h     105.6 m 
INFO  17:27:39,729 ProgressMeter -     22:44051751              0.0    56.9 m         5643.0 w       35.2%     2.7 h     104.8 m 
INFO  17:28:09,729 ProgressMeter -     22:44395140              0.0    57.4 m         5692.6 w       35.6%     2.7 h     103.9 m 
INFO  17:28:39,730 ProgressMeter -     22:44699790              0.0    57.9 m         5742.2 w       35.9%     2.7 h     103.2 m 
INFO  17:29:09,731 ProgressMeter -     22:44922611              0.0    58.4 m         5791.8 w       36.2%     2.7 h     103.0 m 
INFO  17:29:39,735 ProgressMeter -     22:45225349              0.0    58.9 m         5841.4 w       36.5%     2.7 h     102.3 m 
INFO  17:30:09,736 ProgressMeter -     22:45500804              0.0    59.4 m         5891.0 w       36.8%     2.7 h     101.7 m 
INFO  17:30:49,737 ProgressMeter -     22:45951482              0.0    60.0 m         5957.2 w       37.4%     2.7 h     100.6 m 
INFO  17:31:19,737 ProgressMeter -     22:46325687              0.0    60.5 m         6006.8 w       37.8%     2.7 h      99.6 m 
INFO  17:31:49,738 ProgressMeter -     22:46686255              0.0    61.0 m         6056.4 w       38.2%     2.7 h      98.6 m 
INFO  17:32:19,739 ProgressMeter -     22:46990823              0.0    61.5 m         6106.0 w       38.6%     2.7 h      98.0 m 
INFO  17:32:59,739 ProgressMeter -     22:47417261              0.0    62.2 m         6172.1 w       39.1%     2.7 h      97.0 m 
INFO  17:33:29,740 ProgressMeter -     22:47723407              0.0    62.7 m         6221.7 w       39.4%     2.7 h      96.3 m 
INFO  17:33:59,741 ProgressMeter -     22:48042330              0.0    63.2 m         6271.3 w       39.8%     2.6 h      95.6 m 
INFO  17:34:39,742 ProgressMeter -     22:48439321              0.0    63.9 m         6337.5 w       40.3%     2.6 h      94.8 m 
INFO  17:35:09,742 ProgressMeter -     22:48750026              0.0    64.4 m         6387.1 w       40.6%     2.6 h      94.1 m 
INFO  17:35:39,755 ProgressMeter -     22:49010111              0.0    64.9 m         6436.7 w       40.9%     2.6 h      93.6 m 
INFO  17:36:09,755 ProgressMeter -     22:49249134              0.0    65.4 m         6486.3 w       41.2%     2.6 h      93.3 m 
INFO  17:36:39,765 ProgressMeter -     22:49437920              0.0    65.9 m         6535.9 w       41.4%     2.7 h      93.2 m 
INFO  17:37:09,772 ProgressMeter -     22:49645404              0.0    66.4 m         6585.5 w       41.7%     2.7 h      92.9 m 
INFO  17:37:39,774 ProgressMeter -     22:49878117              0.0    66.9 m         6635.1 w       41.9%     2.7 h      92.6 m 
INFO  17:38:09,775 ProgressMeter -     22:50212032              0.0    67.4 m         6684.7 w       42.3%     2.7 h      91.8 m 
INFO  17:38:49,776 ProgressMeter -     22:50664507              0.0    68.0 m         6750.9 w       42.8%     2.6 h      90.8 m 
WARN  17:39:16,918 ExactAFCalculator - this tool is currently set to genotype at most 6 alternate alleles in a given context, but the context at 22:50923282 has 9 alternate alleles so only the top alleles will be used; see the --max_alternate_alleles argument 
INFO  17:39:19,776 ProgressMeter -     22:50951140              0.0    68.5 m         6800.5 w       43.2%     2.6 h      90.2 m 
INFO  17:39:49,777 ProgressMeter -        X:155614      3.7554791E7    69.0 m          110.0 s       43.8%     2.6 h      88.7 m 
INFO  17:40:19,914 ProgressMeter -        X:418180      3.7554791E7    69.6 m          111.0 s       44.1%     2.6 h      88.3 m 
INFO  17:40:59,915 ProgressMeter -        X:722386      3.7554791E7    70.2 m          112.0 s       44.4%     2.6 h      87.8 m 
INFO  17:41:39,915 ProgressMeter -        X:935105      3.7554791E7    70.9 m          113.0 s       44.7%     2.6 h      87.8 m 
INFO  17:42:09,916 ProgressMeter -        X:959473      3.7554791E7    71.4 m          114.0 s       44.7%     2.7 h      88.3 m 
INFO  17:42:39,917 ProgressMeter -       X:1229176      3.7554791E7    71.9 m          114.0 s       45.0%     2.7 h      87.8 m 
INFO  17:43:19,918 ProgressMeter -       X:1534603      3.7554791E7    72.6 m          115.0 s       45.4%     2.7 h      87.4 m 
INFO  17:43:59,918 ProgressMeter -       X:1791804      3.7554791E7    73.2 m          116.0 s       45.7%     2.7 h      87.1 m 
INFO  17:44:29,919 ProgressMeter -       X:2015471      3.7554791E7    73.7 m          117.0 s       45.9%     2.7 h      86.8 m 
INFO  17:44:59,920 ProgressMeter -       X:2327093      3.7554791E7    74.2 m          118.0 s       46.3%     2.7 h      86.1 m 
INFO  17:45:29,921 ProgressMeter -       X:2569834      3.7554791E7    74.7 m          119.0 s       46.6%     2.7 h      85.7 m 
INFO  17:45:59,922 ProgressMeter -       X:2835745      3.7554791E7    75.2 m          120.0 s       46.9%     2.7 h      85.2 m 
INFO  17:46:39,923 ProgressMeter -       X:3506036      3.7554791E7    75.9 m            2.0 m       47.7%     2.7 h      83.4 m 
INFO  17:47:09,924 ProgressMeter -       X:4205897      3.7554791E7    76.4 m            2.0 m       48.5%     2.6 h      81.2 m 
INFO  17:47:39,924 ProgressMeter -       X:4847541      3.7554791E7    76.9 m            2.0 m       49.2%     2.6 h      79.4 m 
INFO  17:48:09,925 ProgressMeter -       X:5375733      3.7554791E7    77.4 m            2.1 m       49.8%     2.6 h      77.9 m 
INFO  17:48:39,926 ProgressMeter -       X:5938445      3.7554791E7    77.9 m            2.1 m       50.5%     2.6 h      76.4 m 
INFO  17:49:09,927 ProgressMeter -       X:6560982      3.7554791E7    78.4 m            2.1 m       51.2%     2.6 h      74.7 m 
INFO  17:49:49,928 ProgressMeter -       X:7334011      3.7554791E7    79.1 m            2.1 m       52.1%     2.5 h      72.7 m 
INFO  17:50:29,929 ProgressMeter -       X:8171978      3.7554791E7    79.7 m            2.1 m       53.1%     2.5 h      70.5 m 
INFO  17:50:59,929 ProgressMeter -       X:8848005      3.7554791E7    80.2 m            2.1 m       53.9%     2.5 h      68.7 m 
INFO  17:51:29,930 ProgressMeter -       X:9375335      3.7554791E7    80.7 m            2.1 m       54.5%     2.5 h      67.5 m 
INFO  17:51:59,931 ProgressMeter -       X:9820574      3.7554791E7    81.2 m            2.2 m       55.0%     2.5 h      66.5 m 
INFO  17:52:29,932 ProgressMeter -      X:10536201      3.7554791E7    81.7 m            2.2 m       55.8%     2.4 h      64.7 m 
INFO  17:53:09,933 ProgressMeter -      X:11537878      3.7554791E7    82.4 m            2.2 m       57.0%     2.4 h      62.2 m 
INFO  17:53:39,933 ProgressMeter -      X:12201586      3.7554791E7    82.9 m            2.2 m       57.7%     2.4 h      60.7 m 
INFO  17:54:09,934 ProgressMeter -      X:12802849      3.7554791E7    83.4 m            2.2 m       58.4%     2.4 h      59.3 m 
INFO  17:54:39,939 ProgressMeter -      X:13338024      3.7554791E7    83.9 m            2.2 m       59.1%     2.4 h      58.1 m 
INFO  17:55:09,940 ProgressMeter -      X:13953327      3.7554791E7    84.4 m            2.2 m       59.8%     2.4 h      56.8 m 
INFO  17:55:39,941 ProgressMeter -      X:14592262      3.7554791E7    84.9 m            2.3 m       60.5%     2.3 h      55.4 m 
INFO  17:56:09,942 ProgressMeter -      X:15172928      3.7554791E7    85.4 m            2.3 m       61.2%     2.3 h      54.1 m 
INFO  17:56:49,942 ProgressMeter -      X:16025602      3.7554791E7    86.1 m            2.3 m       62.2%     2.3 h      52.3 m 
INFO  17:57:19,945 ProgressMeter -      X:16562491      3.7554791E7    86.6 m            2.3 m       62.8%     2.3 h      51.3 m 
INFO  17:57:49,946 ProgressMeter -      X:17190179      3.7554791E7    87.1 m            2.3 m       63.5%     2.3 h      50.0 m 
INFO  17:58:19,949 ProgressMeter -      X:17866760      3.7554791E7    87.6 m            2.3 m       64.3%     2.3 h      48.6 m 
INFO  17:58:49,954 ProgressMeter -      X:18558718      3.7554791E7    88.1 m            2.3 m       65.1%     2.3 h      47.2 m 
INFO  17:59:29,954 ProgressMeter -      X:19486127      3.7554791E7    88.7 m            2.4 m       66.2%     2.2 h      45.3 m 
INFO  17:59:59,955 ProgressMeter -      X:20162205      3.7554791E7    89.2 m            2.4 m       67.0%     2.2 h      44.0 m 
INFO  18:00:29,957 ProgressMeter -      X:20871450      3.7554791E7    89.7 m            2.4 m       67.8%     2.2 h      42.6 m 
INFO  18:00:59,958 ProgressMeter -      X:21598046      3.7554791E7    90.2 m            2.4 m       68.6%     2.2 h      41.2 m 
INFO  18:01:29,959 ProgressMeter -      X:22170808      3.7554791E7    90.7 m            2.4 m       69.3%     2.2 h      40.2 m 
INFO  18:01:59,960 ProgressMeter -      X:22794334      3.7554791E7    91.2 m            2.4 m       70.0%     2.2 h      39.0 m 
INFO  18:02:39,961 ProgressMeter -      X:23633847      3.7554791E7    91.9 m            2.4 m       71.0%     2.2 h      37.5 m 
INFO  18:03:09,961 ProgressMeter -      X:24232096      3.7554791E7    92.4 m            2.5 m       71.7%     2.1 h      36.5 m 
INFO  18:03:39,962 ProgressMeter -      X:24876861      3.7554791E7    92.9 m            2.5 m       72.5%     2.1 h      35.3 m 
INFO  18:04:09,963 ProgressMeter -      X:25526998      3.7554791E7    93.4 m            2.5 m       73.2%     2.1 h      34.2 m 
INFO  18:04:39,964 ProgressMeter -      X:26150052      3.7554791E7    93.9 m            2.5 m       73.9%     2.1 h      33.1 m 
INFO  18:05:19,965 ProgressMeter -      X:26980577      3.7554791E7    94.6 m            2.5 m       74.9%     2.1 h      31.7 m 
INFO  18:05:49,965 ProgressMeter -      X:27535925      3.7554791E7    95.1 m            2.5 m       75.5%     2.1 h      30.8 m 
INFO  18:06:19,966 ProgressMeter -      X:28234512      3.7554791E7    95.6 m            2.5 m       76.4%     2.1 h      29.6 m 
INFO  18:06:59,967 ProgressMeter -      X:29112002      3.7554791E7    96.2 m            2.6 m       77.4%     2.1 h      28.1 m 
INFO  18:07:39,968 ProgressMeter -      X:29930346      3.7554791E7    96.9 m            2.6 m       78.3%     2.1 h      26.8 m 
INFO  18:08:09,968 ProgressMeter -      X:30532259      3.7554791E7    97.4 m            2.6 m       79.0%     2.1 h      25.9 m 
INFO  18:08:39,970 ProgressMeter -      X:31102205      3.7554791E7    97.9 m            2.6 m       79.7%     2.0 h      25.0 m 
INFO  18:09:09,970 ProgressMeter -      X:31661947      3.7554791E7    98.4 m            2.6 m       80.3%     2.0 h      24.1 m 
INFO  18:09:39,971 ProgressMeter -      X:32273638      3.7554791E7    98.9 m            2.6 m       81.0%     2.0 h      23.1 m 
INFO  18:10:09,972 ProgressMeter -      X:32881084      3.7554791E7    99.4 m            2.6 m       81.7%     2.0 h      22.2 m 
INFO  18:10:49,973 ProgressMeter -      X:33634206      3.7554791E7   100.1 m            2.7 m       82.6%     2.0 h      21.0 m 
INFO  18:11:29,974 ProgressMeter -      X:34503453      3.7554791E7   100.7 m            2.7 m       83.6%     2.0 h      19.7 m 
INFO  18:12:09,975 ProgressMeter -      X:35328963      3.7554791E7   101.4 m            2.7 m       84.6%   119.9 m      18.5 m 
INFO  18:12:39,975 ProgressMeter -      X:36012361      3.7554791E7   101.9 m            2.7 m       85.4%   119.3 m      17.4 m 
INFO  18:13:09,976 ProgressMeter -      X:36737896      3.7554791E7   102.4 m            2.7 m       86.2%   118.7 m      16.4 m 
INFO  18:13:39,977 ProgressMeter -      X:37388527      3.7554791E7   102.9 m            2.7 m       87.0%   118.3 m      15.4 m 
INFO  18:14:09,978 ProgressMeter -      X:38031280      3.7554791E7   103.4 m            2.8 m       87.7%   117.9 m      14.5 m 
INFO  18:14:49,979 ProgressMeter -      X:38901263      3.7554791E7   104.1 m            2.8 m       88.7%   117.3 m      13.2 m 
INFO  18:15:19,980 ProgressMeter -      X:39561852      3.7554791E7   104.6 m            2.8 m       89.5%   116.8 m      12.3 m 
INFO  18:15:49,981 ProgressMeter -      X:40217932      3.7554791E7   105.1 m            2.8 m       90.3%   116.4 m      11.3 m 
INFO  18:16:29,982 ProgressMeter -      X:41027575      3.7554791E7   105.7 m            2.8 m       91.2%   115.9 m      10.2 m 
INFO  18:16:59,982 ProgressMeter -      X:41700416      3.7554791E7   106.2 m            2.8 m       92.0%   115.5 m       9.3 m 
INFO  18:17:29,983 ProgressMeter -      X:42417797      3.7554791E7   106.7 m            2.8 m       92.8%   115.0 m       8.3 m 
INFO  18:17:59,984 ProgressMeter -      X:43078247      3.7554791E7   107.2 m            2.9 m       93.6%   114.6 m       7.4 m 
INFO  18:18:29,985 ProgressMeter -      X:43738009      3.7554791E7   107.7 m            2.9 m       94.3%   114.2 m       6.5 m 
INFO  18:18:59,986 ProgressMeter -      X:44420894      3.7554791E7   108.2 m            2.9 m       95.1%   113.7 m       5.5 m 
INFO  18:19:29,987 ProgressMeter -      X:44963247      3.7554791E7   108.7 m            2.9 m       95.8%   113.5 m       4.8 m 
INFO  18:20:09,988 ProgressMeter -      X:45835337      3.7554791E7   109.4 m            2.9 m       96.8%   113.0 m       3.6 m 
INFO  18:20:49,989 ProgressMeter -      X:46723957      3.7554791E7   110.1 m            2.9 m       97.8%   112.5 m       2.5 m 
INFO  18:21:19,989 ProgressMeter -      X:47340457      3.7554791E7   110.6 m            2.9 m       98.5%   112.2 m      99.0 s 
INFO  18:21:49,990 ProgressMeter -      X:48032358      3.7554791E7   111.1 m            3.0 m       99.3%   111.8 m      45.0 s 
INFO  18:22:18,970 VectorLoglessPairHMM - Time spent in setup for JNI call : 1.8958633260000002 
INFO  18:22:18,971 PairHMM - Total compute time in PairHMM computeLikelihoods() : 877.0223938720001 
INFO  18:22:18,972 HaplotypeCaller - Ran local assembly on 401454 active regions 
INFO  18:22:18,979 ProgressMeter -            done      8.6166015E7   111.5 m           77.0 s      100.0%   111.5 m       0.0 s 
INFO  18:22:18,979 ProgressMeter - Total runtime 6692.13 secs, 111.54 min, 1.86 hours 
INFO  18:22:18,980 MicroScheduler - 2877301 reads were filtered out during the traversal out of approximately 16433573 total reads (17.51%) 
INFO  18:22:18,981 MicroScheduler -   -> 0 reads (0.00% of total) failing BadCigarFilter 
INFO  18:22:18,982 MicroScheduler -   -> 1779957 reads (10.83% of total) failing DuplicateReadFilter 
INFO  18:22:18,983 MicroScheduler -   -> 0 reads (0.00% of total) failing FailsVendorQualityCheckFilter 
INFO  18:22:18,983 MicroScheduler -   -> 1072951 reads (6.53% of total) failing HCMappingQualityFilter 
INFO  18:22:18,984 MicroScheduler -   -> 0 reads (0.00% of total) failing MalformedReadFilter 
INFO  18:22:18,985 MicroScheduler -   -> 0 reads (0.00% of total) failing MappingQualityUnavailableFilter 
INFO  18:22:18,985 MicroScheduler -   -> 24393 reads (0.15% of total) failing NotPrimaryAlignmentFilter 
INFO  18:22:18,986 MicroScheduler -   -> 0 reads (0.00% of total) failing UnmappedReadFilter 
