INFO  20:47:28,238 HelpFormatter - --------------------------------------------------------------------------------- 
INFO  20:47:28,240 HelpFormatter - The Genome Analysis Toolkit (GATK) v3.4-46-g8ea4dca, Compiled 2015/08/13 20:41:56 
INFO  20:47:28,240 HelpFormatter - Copyright (c) 2010 The Broad Institute 
INFO  20:47:28,240 HelpFormatter - For support and documentation go to http://www.broadinstitute.org/gatk 
INFO  20:47:28,245 HelpFormatter - Program Args: -T HaplotypeCaller -I /mnt/nvme0n1/data/broadout/HG02561_gatk_best_practices_8t_30s_2016-07-06_18-21-00/HG02561_final.bam -L /mnt/nvme0n1/Broad_Ref_Pipeline_approved_package/workflow_profiler/.queue/scatterGather/ExampleHaplotypeCaller-1-sg/temp_20_of_36/scatter.intervals -R /mnt/nvme0n1/Broad_Ref_Pipeline_approved_package/b37bundle/human_g1k_v37.fasta -variant_index_type LINEAR -variant_index_parameter 128000 -o /mnt/nvme0n1/Broad_Ref_Pipeline_approved_package/workflow_profiler/.queue/scatterGather/ExampleHaplotypeCaller-1-sg/temp_20_of_36/HG02561_HaplotypeCaller.g.vcf -ERC GVCF 
INFO  20:47:28,269 HelpFormatter - Executing as bshifaw@application-1-1.hudson.intel.com on Linux 3.10.0-327.el7.x86_64 amd64; OpenJDK 64-Bit Server VM 1.8.0_91-b14. 
INFO  20:47:28,270 HelpFormatter - Date/Time: 2016/07/06 20:47:28 
INFO  20:47:28,270 HelpFormatter - --------------------------------------------------------------------------------- 
INFO  20:47:28,270 HelpFormatter - --------------------------------------------------------------------------------- 
WARN  20:47:28,273 GATKVCFUtils - Naming your output file using the .g.vcf extension will automatically set the appropriate values  for --variant_index_type and --variant_index_parameter 
INFO  20:47:28,408 GenomeAnalysisEngine - Strictness is SILENT 
INFO  20:47:28,569 GenomeAnalysisEngine - Downsampling Settings: Method: BY_SAMPLE, Target Coverage: 500 
INFO  20:47:28,622 SAMDataSource$SAMReaders - Initializing SAMRecords in serial 
INFO  20:47:28,778 SAMDataSource$SAMReaders - Done initializing BAM readers: total time 0.16 
INFO  20:47:28,814 HCMappingQualityFilter - Filtering out reads with MAPQ < 20 
INFO  20:47:29,018 IntervalUtils - Processing 1437965 bp from intervals 
INFO  20:47:29,185 GenomeAnalysisEngine - Preparing for traversal over 1 BAM files 
INFO  20:47:29,408 GenomeAnalysisEngine - Done preparing for traversal 
INFO  20:47:29,408 ProgressMeter - [INITIALIZATION COMPLETE; STARTING PROCESSING] 
INFO  20:47:29,409 ProgressMeter -                 |      processed |    time |         per 1M |           |   total | remaining 
INFO  20:47:29,409 ProgressMeter -        Location | active regions | elapsed | active regions | completed | runtime |   runtime 
INFO  20:47:29,409 HaplotypeCaller - Standard Emitting and Calling confidence set to 0.0 for reference-model confidence output 
INFO  20:47:29,410 HaplotypeCaller - All sites annotated with PLs forced to true for reference-model confidence output 
INFO  20:47:29,677 HaplotypeCaller - Using global mismapping rate of 45 => -4.5 in log10 likelihood units 
Using AVX accelerated implementation of PairHMM
INFO  20:47:32,342 VectorLoglessPairHMM - libVectorLoglessPairHMM unpacked successfully from GATK jar file 
INFO  20:47:32,367 VectorLoglessPairHMM - Using vectorized implementation of PairHMM 
WARN  20:47:32,664 HaplotypeScore - Annotation will not be calculated, must be called from UnifiedGenotyper 
WARN  20:47:32,664 InbreedingCoeff - Annotation will not be calculated, must provide a valid PED file (-ped) from the command line. 
INFO  20:47:59,438 ProgressMeter -    10:129903379         144758.0    30.0 s            3.5 m        0.8%    64.7 m      64.2 m 
INFO  20:48:29,441 ProgressMeter -    10:129907206         144758.0    60.0 s            6.9 m        1.0%    96.3 m      95.3 m 
INFO  20:48:59,780 ProgressMeter -    10:132932592        1056750.0    90.0 s           85.0 s        1.8%    81.1 m      79.6 m 
INFO  20:49:29,787 ProgressMeter -    10:134464038        4272577.0   120.0 s           28.0 s        3.5%    57.7 m      55.7 m 
INFO  20:49:59,788 ProgressMeter -    10:135098991      1.0335405E7     2.5 m           14.0 s        5.7%    43.7 m      41.2 m 
INFO  20:50:39,789 ProgressMeter -       11:308961      1.7615099E7     3.2 m           10.0 s        8.6%    37.0 m      33.8 m 
INFO  20:51:09,790 ProgressMeter -       11:760070      2.2592047E7     3.7 m            9.0 s       12.4%    29.6 m      25.9 m 
INFO  20:51:39,791 ProgressMeter -      11:1017291       2.865071E7     4.2 m            8.0 s       14.3%    29.1 m      24.9 m 
INFO  20:52:09,792 ProgressMeter -      11:1027293      2.9468299E7     4.7 m            9.0 s       14.6%    31.9 m      27.2 m 
INFO  20:52:39,793 ProgressMeter -      11:1271811      3.7879283E7     5.2 m            8.0 s       17.6%    29.4 m      24.2 m 
INFO  20:53:19,794 ProgressMeter -      11:3756470       8.871551E7     5.8 m            3.0 s       23.6%    24.8 m      18.9 m 
INFO  20:53:49,795 ProgressMeter -      11:5344903     1.14597474E8     6.3 m            3.0 s       27.2%    23.3 m      16.9 m 
INFO  20:54:19,796 ProgressMeter -      11:5842569     1.26335837E8     6.8 m            3.0 s       29.2%    23.4 m      16.6 m 
INFO  20:54:49,796 ProgressMeter -      11:6891334     1.52933961E8     7.3 m            2.0 s       34.0%    21.6 m      14.3 m 
INFO  20:55:19,797 ProgressMeter -      11:8772157     2.09570492E8     7.8 m            2.0 s       37.5%    20.9 m      13.1 m 
INFO  20:55:49,798 ProgressMeter -     11:10823944      3.1863838E8     8.3 m            1.0 s       42.1%    19.8 m      11.5 m 
INFO  20:56:19,799 ProgressMeter -     11:16816501     4.54584482E8     8.8 m            1.0 s       46.9%    18.8 m      10.0 m 
INFO  20:56:49,800 ProgressMeter -     11:18451409     5.74696459E8     9.3 m            0.0 s       50.9%    18.3 m       9.0 m 
INFO  20:57:19,814 ProgressMeter -     11:20413705     6.70663381E8     9.8 m            0.0 s       54.1%    18.2 m       8.4 m 
INFO  20:57:49,815 ProgressMeter -     11:31327855     8.47144649E8    10.3 m            0.0 s       58.7%    17.6 m       7.3 m 
INFO  20:58:19,816 ProgressMeter -     11:34527351    1.035343922E9    10.8 m            0.0 s       63.7%    17.0 m       6.2 m 
INFO  20:58:49,818 ProgressMeter -     11:45924100    1.247855675E9    11.3 m            0.0 s       68.9%    16.4 m       5.1 m 
INFO  20:59:19,847 ProgressMeter -     11:47280716     1.44126869E9    11.8 m            0.0 s       74.3%    15.9 m       4.1 m 
INFO  20:59:49,848 ProgressMeter -     11:55433592    1.669249023E9    12.3 m            0.0 s       80.1%    15.4 m       3.1 m 
INFO  21:00:19,864 ProgressMeter -     11:57136782    1.743552963E9    12.8 m            0.0 s       84.0%    15.3 m       2.5 m 
INFO  21:00:49,867 ProgressMeter -     11:60268490    2.046153394E9    13.3 m            0.0 s       91.0%    14.7 m      79.0 s 
INFO  21:01:10,035 VectorLoglessPairHMM - Time spent in setup for JNI call : 0.8045328700000001 
INFO  21:01:10,036 PairHMM - Total compute time in PairHMM computeLikelihoods() : 123.825106668 
INFO  21:01:10,036 HaplotypeCaller - Ran local assembly on 8666 active regions 
INFO  21:01:10,043 ProgressMeter -            done    2.489396224E9    13.7 m            0.0 s      100.0%    13.7 m       0.0 s 
INFO  21:01:10,043 ProgressMeter - Total runtime 820.64 secs, 13.68 min, 0.23 hours 
INFO  21:01:10,044 MicroScheduler - 536889 reads were filtered out during the traversal out of approximately 2750306 total reads (19.52%) 
INFO  21:01:10,044 MicroScheduler -   -> 0 reads (0.00% of total) failing BadCigarFilter 
INFO  21:01:10,045 MicroScheduler -   -> 403447 reads (14.67% of total) failing DuplicateReadFilter 
INFO  21:01:10,045 MicroScheduler -   -> 0 reads (0.00% of total) failing FailsVendorQualityCheckFilter 
INFO  21:01:10,045 MicroScheduler -   -> 133207 reads (4.84% of total) failing HCMappingQualityFilter 
INFO  21:01:10,045 MicroScheduler -   -> 0 reads (0.00% of total) failing MalformedReadFilter 
INFO  21:01:10,046 MicroScheduler -   -> 0 reads (0.00% of total) failing MappingQualityUnavailableFilter 
INFO  21:01:10,046 MicroScheduler -   -> 235 reads (0.01% of total) failing NotPrimaryAlignmentFilter 
INFO  21:01:10,046 MicroScheduler -   -> 0 reads (0.00% of total) failing UnmappedReadFilter 
