INFO  16:01:10,683 HelpFormatter - --------------------------------------------------------------------------------- 
INFO  16:01:10,695 HelpFormatter - The Genome Analysis Toolkit (GATK) v3.4-46-g8ea4dca, Compiled 2015/08/13 20:41:56 
INFO  16:01:10,695 HelpFormatter - Copyright (c) 2010 The Broad Institute 
INFO  16:01:10,695 HelpFormatter - For support and documentation go to http://www.broadinstitute.org/gatk 
INFO  16:01:10,699 HelpFormatter - Program Args: -T BaseRecalibrator -I /mnt/sdb/data/broadout/sim1M_pairs_gatk_best_practices_36t_30s_2016-09-26_15-40-42/sim1M_pairs_realign.bam -L /home/bshifaw/gitrepos/Reference-Design/Broad_Ref_Pip/workflow_profiler/.queue/scatterGather/ExampleBaseRecalibrator-1-sg/temp_22_of_36/scatter.intervals -R /mnt/sdb/Broad_Ref_Pipeline_approved_package/homosapiensrefgenome/Homo_sapiens_assembly19.fasta -knownSites /mnt/sdb/Broad_Ref_Pipeline_approved_package/homosapiensrefgenome/Homo_sapiens_assembly19.dbsnp.vcf -o /home/bshifaw/gitrepos/Reference-Design/Broad_Ref_Pip/workflow_profiler/.queue/scatterGather/ExampleBaseRecalibrator-1-sg/temp_22_of_36/sim1M_pairs_recal.grp 
INFO  16:01:10,708 HelpFormatter - Executing as bshifaw@application-0-1.hudson.intel.com on Linux 3.10.0-327.13.1.el7.x86_64 amd64; OpenJDK 64-Bit Server VM 1.8.0_102-b14. 
INFO  16:01:10,709 HelpFormatter - Date/Time: 2016/09/26 16:01:10 
INFO  16:01:10,710 HelpFormatter - --------------------------------------------------------------------------------- 
INFO  16:01:10,713 HelpFormatter - --------------------------------------------------------------------------------- 
INFO  16:01:10,811 GenomeAnalysisEngine - Strictness is SILENT 
INFO  16:01:10,996 GenomeAnalysisEngine - Downsampling Settings: No downsampling 
INFO  16:01:11,002 SAMDataSource$SAMReaders - Initializing SAMRecords in serial 
INFO  16:01:11,101 SAMDataSource$SAMReaders - Done initializing BAM readers: total time 0.10 
INFO  16:01:11,446 IntervalUtils - Processing 51304566 bp from intervals 
INFO  16:01:11,618 GenomeAnalysisEngine - Preparing for traversal over 1 BAM files 
INFO  16:01:12,047 GenomeAnalysisEngine - Done preparing for traversal 
INFO  16:01:12,047 ProgressMeter - [INITIALIZATION COMPLETE; STARTING PROCESSING] 
INFO  16:01:12,048 ProgressMeter -                 | processed |    time |    per 1M |           |   total | remaining 
INFO  16:01:12,048 ProgressMeter -        Location |     reads | elapsed |     reads | completed | runtime |   runtime 
INFO  16:01:12,112 BaseRecalibrator - The covariates being used here:  
INFO  16:01:12,112 BaseRecalibrator - 	ReadGroupCovariate 
INFO  16:01:12,112 BaseRecalibrator - 	QualityScoreCovariate 
INFO  16:01:12,113 BaseRecalibrator - 	ContextCovariate 
INFO  16:01:12,113 ContextCovariate - 		Context sizes: base substitution model 2, indel substitution model 3 
INFO  16:01:12,113 BaseRecalibrator - 	CycleCovariate 
INFO  16:01:12,115 ReadShardBalancer$1 - Loading BAM index data 
INFO  16:01:12,209 ReadShardBalancer$1 - Done loading BAM index data 
INFO  16:01:42,071 ProgressMeter -        Starting         0.0    30.0 s      49.6 w      100.0%    30.0 s       0.0 s 
INFO  16:01:44,145 BaseRecalibrator - Calculating quantized quality scores... 
INFO  16:01:44,167 BaseRecalibrator - Writing recalibration report... 
INFO  16:01:44,953 BaseRecalibrator - ...done! 
INFO  16:01:44,953 BaseRecalibrator - BaseRecalibrator was able to recalibrate 21403 reads 
INFO  16:01:44,954 ProgressMeter -            done     21403.0    32.0 s      25.6 m       99.9%    32.0 s       0.0 s 
INFO  16:01:44,955 ProgressMeter - Total runtime 32.91 secs, 0.55 min, 0.01 hours 
INFO  16:01:44,955 MicroScheduler - 905 reads were filtered out during the traversal out of approximately 22308 total reads (4.06%) 
INFO  16:01:44,955 MicroScheduler -   -> 0 reads (0.00% of total) failing BadCigarFilter 
INFO  16:01:44,955 MicroScheduler -   -> 0 reads (0.00% of total) failing DuplicateReadFilter 
INFO  16:01:44,956 MicroScheduler -   -> 0 reads (0.00% of total) failing FailsVendorQualityCheckFilter 
INFO  16:01:44,956 MicroScheduler -   -> 0 reads (0.00% of total) failing MalformedReadFilter 
INFO  16:01:44,956 MicroScheduler -   -> 0 reads (0.00% of total) failing MappingQualityUnavailableFilter 
INFO  16:01:44,956 MicroScheduler -   -> 903 reads (4.05% of total) failing MappingQualityZeroFilter 
INFO  16:01:44,956 MicroScheduler -   -> 2 reads (0.01% of total) failing NotPrimaryAlignmentFilter 
INFO  16:01:44,956 MicroScheduler -   -> 0 reads (0.00% of total) failing UnmappedReadFilter 
