INFO  20:17:54,299 HelpFormatter - --------------------------------------------------------------------------------- 
INFO  20:17:54,301 HelpFormatter - The Genome Analysis Toolkit (GATK) v3.4-46-g8ea4dca, Compiled 2015/08/13 20:41:56 
INFO  20:17:54,301 HelpFormatter - Copyright (c) 2010 The Broad Institute 
INFO  20:17:54,301 HelpFormatter - For support and documentation go to http://www.broadinstitute.org/gatk 
INFO  20:17:54,305 HelpFormatter - Program Args: -T BaseRecalibrator -I /home/opt/data/broadout/FC1-NA12878-01_S1_L001_R1_001_gatk_best_practices_36t_30s_2015-11-05_19-14-59/FC1-NA12878-01_S1_L001_R1_001_realign.bam -L /home/beris/Broad_Ref_Pipeline_approved_package/workflow_profiler/.queue/scatterGather/ExampleBaseRecalibrator-1-sg/temp_13_of_24/scatter.intervals -R /home/beris/Broad_Ref_Pipeline_approved_package/homosapiensrefgenome/Homo_sapiens_assembly19.fasta -knownSites /home/beris/Broad_Ref_Pipeline_approved_package/homosapiensrefgenome/Homo_sapiens_assembly19.dbsnp.vcf -o /home/beris/Broad_Ref_Pipeline_approved_package/workflow_profiler/.queue/scatterGather/ExampleBaseRecalibrator-1-sg/temp_13_of_24/FC1-NA12878-01_S1_L001_R1_001_recal.grp 
INFO  20:17:54,311 HelpFormatter - Executing as beris@dna on Linux 2.6.32-573.el6.x86_64 amd64; OpenJDK 64-Bit Server VM 1.7.0_79-mockbuild_2015_07_24_09_26-b00. 
INFO  20:17:54,312 HelpFormatter - Date/Time: 2015/11/05 20:17:54 
INFO  20:17:54,312 HelpFormatter - --------------------------------------------------------------------------------- 
INFO  20:17:54,312 HelpFormatter - --------------------------------------------------------------------------------- 
INFO  20:17:54,400 GenomeAnalysisEngine - Strictness is SILENT 
INFO  20:17:54,515 GenomeAnalysisEngine - Downsampling Settings: No downsampling 
INFO  20:17:54,526 SAMDataSource$SAMReaders - Initializing SAMRecords in serial 
INFO  20:17:54,576 SAMDataSource$SAMReaders - Done initializing BAM readers: total time 0.05 
INFO  20:17:54,974 IntervalUtils - Processing 654220 bp from intervals 
INFO  20:17:55,070 GenomeAnalysisEngine - Preparing for traversal over 1 BAM files 
INFO  20:17:55,347 GenomeAnalysisEngine - Done preparing for traversal 
INFO  20:17:55,348 ProgressMeter - [INITIALIZATION COMPLETE; STARTING PROCESSING] 
INFO  20:17:55,349 ProgressMeter -                 | processed |    time |    per 1M |           |   total | remaining 
INFO  20:17:55,349 ProgressMeter -        Location |     reads | elapsed |     reads | completed | runtime |   runtime 
INFO  20:17:55,478 BaseRecalibrator - The covariates being used here:  
INFO  20:17:55,478 BaseRecalibrator - 	ReadGroupCovariate 
INFO  20:17:55,479 BaseRecalibrator - 	QualityScoreCovariate 
INFO  20:17:55,479 BaseRecalibrator - 	ContextCovariate 
INFO  20:17:55,479 ContextCovariate - 		Context sizes: base substitution model 2, indel substitution model 3 
INFO  20:17:55,479 BaseRecalibrator - 	CycleCovariate 
INFO  20:17:55,481 ReadShardBalancer$1 - Loading BAM index data 
INFO  20:17:55,671 ReadShardBalancer$1 - Done loading BAM index data 
INFO  20:18:29,796 ProgressMeter -     13:35619507         0.0    34.0 s      57.0 w       26.3%     2.2 m      95.0 s 
INFO  20:18:58,802 BaseRecalibrator - Calculating quantized quality scores... 
INFO  20:18:58,873 BaseRecalibrator - Writing recalibration report... 
INFO  20:19:00,133 BaseRecalibrator - ...done! 
INFO  20:19:00,133 BaseRecalibrator - BaseRecalibrator was able to recalibrate 221364 reads 
INFO  20:19:00,135 ProgressMeter -            done    221364.0    64.0 s       4.9 m      100.0%    64.0 s       0.0 s 
INFO  20:19:00,135 ProgressMeter - Total runtime 64.79 secs, 1.08 min, 0.02 hours 
INFO  20:19:00,135 MicroScheduler - 82988 reads were filtered out during the traversal out of approximately 304352 total reads (27.27%) 
INFO  20:19:00,136 MicroScheduler -   -> 0 reads (0.00% of total) failing BadCigarFilter 
INFO  20:19:00,136 MicroScheduler -   -> 82114 reads (26.98% of total) failing DuplicateReadFilter 
INFO  20:19:00,136 MicroScheduler -   -> 0 reads (0.00% of total) failing FailsVendorQualityCheckFilter 
INFO  20:19:00,136 MicroScheduler -   -> 0 reads (0.00% of total) failing MalformedReadFilter 
INFO  20:19:00,136 MicroScheduler -   -> 0 reads (0.00% of total) failing MappingQualityUnavailableFilter 
INFO  20:19:00,137 MicroScheduler -   -> 620 reads (0.20% of total) failing MappingQualityZeroFilter 
INFO  20:19:00,137 MicroScheduler -   -> 254 reads (0.08% of total) failing NotPrimaryAlignmentFilter 
INFO  20:19:00,137 MicroScheduler -   -> 0 reads (0.00% of total) failing UnmappedReadFilter 
