INFO  19:49:46,931 HelpFormatter - --------------------------------------------------------------------------------- 
INFO  19:49:46,947 HelpFormatter - The Genome Analysis Toolkit (GATK) v3.4-46-g8ea4dca, Compiled 2015/08/13 20:41:56 
INFO  19:49:46,947 HelpFormatter - Copyright (c) 2010 The Broad Institute 
INFO  19:49:46,947 HelpFormatter - For support and documentation go to http://www.broadinstitute.org/gatk 
INFO  19:49:46,968 HelpFormatter - Program Args: -T BaseRecalibrator -I /mnt/nvme0n1/data/broadout/HG02561_gatk_best_practices_8t_30s_2016-07-06_18-21-00/HG02561_realign.bam -L /mnt/nvme0n1/Broad_Ref_Pipeline_approved_package/workflow_profiler/.queue/scatterGather/ExampleBaseRecalibrator-1-sg/temp_13_of_24/scatter.intervals -R /mnt/nvme0n1/Broad_Ref_Pipeline_approved_package/b37bundle/human_g1k_v37.fasta -knownSites /mnt/nvme0n1/Broad_Ref_Pipeline_approved_package/b37bundle/dbsnp_138.b37.vcf -o /mnt/nvme0n1/Broad_Ref_Pipeline_approved_package/workflow_profiler/.queue/scatterGather/ExampleBaseRecalibrator-1-sg/temp_13_of_24/HG02561_recal.grp 
INFO  19:49:46,992 HelpFormatter - Executing as bshifaw@application-1-1.hudson.intel.com on Linux 3.10.0-327.el7.x86_64 amd64; OpenJDK 64-Bit Server VM 1.8.0_91-b14. 
INFO  19:49:47,002 HelpFormatter - Date/Time: 2016/07/06 19:49:46 
INFO  19:49:47,003 HelpFormatter - --------------------------------------------------------------------------------- 
INFO  19:49:47,003 HelpFormatter - --------------------------------------------------------------------------------- 
INFO  19:49:47,254 GenomeAnalysisEngine - Strictness is SILENT 
INFO  19:49:47,448 GenomeAnalysisEngine - Downsampling Settings: No downsampling 
INFO  19:49:47,471 SAMDataSource$SAMReaders - Initializing SAMRecords in serial 
INFO  19:49:47,556 SAMDataSource$SAMReaders - Done initializing BAM readers: total time 0.08 
INFO  19:49:48,103 IntervalUtils - Processing 938271 bp from intervals 
INFO  19:49:48,249 GenomeAnalysisEngine - Preparing for traversal over 1 BAM files 
INFO  19:49:48,854 GenomeAnalysisEngine - Done preparing for traversal 
INFO  19:49:48,877 ProgressMeter - [INITIALIZATION COMPLETE; STARTING PROCESSING] 
INFO  19:49:48,913 ProgressMeter -                 | processed |    time |    per 1M |           |   total | remaining 
INFO  19:49:48,913 ProgressMeter -        Location |     reads | elapsed |     reads | completed | runtime |   runtime 
INFO  19:49:49,027 BaseRecalibrator - The covariates being used here:  
INFO  19:49:49,028 BaseRecalibrator - 	ReadGroupCovariate 
INFO  19:49:49,029 BaseRecalibrator - 	QualityScoreCovariate 
INFO  19:49:49,029 BaseRecalibrator - 	ContextCovariate 
INFO  19:49:49,030 ContextCovariate - 		Context sizes: base substitution model 2, indel substitution model 3 
INFO  19:49:49,030 BaseRecalibrator - 	CycleCovariate 
INFO  19:49:49,032 ReadShardBalancer$1 - Loading BAM index data 
INFO  19:49:49,248 ReadShardBalancer$1 - Done loading BAM index data 
INFO  19:50:23,544 ProgressMeter -     13:20763602         0.0    34.0 s      57.4 w        2.5%    22.5 m      21.9 m 
INFO  19:50:54,466 ProgressMeter -     13:25266585    100002.0    65.0 s      10.9 m        9.9%    11.0 m       9.9 m 
INFO  19:51:25,078 ProgressMeter -     13:31480704    200003.0    96.0 s       8.0 m       20.7%     7.7 m       6.1 m 
INFO  19:51:55,889 ProgressMeter -     13:37526733    300006.0     2.1 m       7.1 m       31.4%     6.7 m       4.6 m 
INFO  19:52:25,936 ProgressMeter -     13:45768356    500008.0     2.6 m       5.2 m       43.5%     6.0 m       3.4 m 
INFO  19:52:55,938 ProgressMeter -     13:52952557    700012.0     3.1 m       4.5 m       56.1%     5.6 m       2.4 m 
INFO  19:53:25,939 ProgressMeter -     13:97928487    900017.0     3.6 m       4.0 m       75.3%     4.8 m      71.0 s 
INFO  19:53:56,328 ProgressMeter -    13:113839861   1200027.0     4.1 m       3.4 m       95.6%     4.3 m      11.0 s 
INFO  19:54:02,946 BaseRecalibrator - Calculating quantized quality scores... 
INFO  19:54:03,057 BaseRecalibrator - Writing recalibration report... 
INFO  19:54:05,047 BaseRecalibrator - ...done! 
INFO  19:54:05,048 BaseRecalibrator - BaseRecalibrator was able to recalibrate 1287952 reads 
INFO  19:54:05,049 ProgressMeter -            done   1287952.0     4.3 m       3.3 m      100.0%     4.3 m       0.0 s 
INFO  19:54:05,049 ProgressMeter - Total runtime 256.20 secs, 4.27 min, 0.07 hours 
INFO  19:54:05,049 MicroScheduler - 218781 reads were filtered out during the traversal out of approximately 1506733 total reads (14.52%) 
INFO  19:54:05,050 MicroScheduler -   -> 0 reads (0.00% of total) failing BadCigarFilter 
INFO  19:54:05,051 MicroScheduler -   -> 201832 reads (13.40% of total) failing DuplicateReadFilter 
INFO  19:54:05,052 MicroScheduler -   -> 0 reads (0.00% of total) failing FailsVendorQualityCheckFilter 
INFO  19:54:05,052 MicroScheduler -   -> 0 reads (0.00% of total) failing MalformedReadFilter 
INFO  19:54:05,052 MicroScheduler -   -> 0 reads (0.00% of total) failing MappingQualityUnavailableFilter 
INFO  19:54:05,052 MicroScheduler -   -> 16757 reads (1.11% of total) failing MappingQualityZeroFilter 
INFO  19:54:05,052 MicroScheduler -   -> 192 reads (0.01% of total) failing NotPrimaryAlignmentFilter 
INFO  19:54:05,052 MicroScheduler -   -> 0 reads (0.00% of total) failing UnmappedReadFilter 
