INFO  11:29:12,634 HelpFormatter - --------------------------------------------------------------------------------- 
INFO  11:29:12,636 HelpFormatter - The Genome Analysis Toolkit (GATK) v3.4-46-g8ea4dca, Compiled 2015/08/13 20:41:56 
INFO  11:29:12,637 HelpFormatter - Copyright (c) 2010 The Broad Institute 
INFO  11:29:12,637 HelpFormatter - For support and documentation go to http://www.broadinstitute.org/gatk 
INFO  11:29:12,640 HelpFormatter - Program Args: -T BaseRecalibrator -I /mnt/ssdbroad/output/sim1M_pairs_gatk_best_practices_36t_30s_2016-02-11_11-03-56/sim1M_pairs_realign.bam -L /mnt/ssdbroad/Broad_Ref_Pipeline_approved_package/workflow_profiler/.queue/scatterGather/ExampleBaseRecalibrator-1-sg/temp_28_of_36/scatter.intervals -R /mnt/ssdbroad/Broad_Ref_Pipeline_approved_package/homosapiensrefgenome/Homo_sapiens_assembly19.fasta -knownSites /mnt/ssdbroad/Broad_Ref_Pipeline_approved_package/homosapiensrefgenome/Homo_sapiens_assembly19.dbsnp.vcf -o /mnt/ssdbroad/Broad_Ref_Pipeline_approved_package/workflow_profiler/.queue/scatterGather/ExampleBaseRecalibrator-1-sg/temp_28_of_36/sim1M_pairs_recal.grp 
INFO  11:29:12,659 HelpFormatter - Executing as beris@dna on Linux 2.6.32-573.el6.x86_64 amd64; OpenJDK 64-Bit Server VM 1.7.0_79-mockbuild_2015_07_24_09_26-b00. 
INFO  11:29:12,659 HelpFormatter - Date/Time: 2016/02/11 11:29:12 
INFO  11:29:12,659 HelpFormatter - --------------------------------------------------------------------------------- 
INFO  11:29:12,660 HelpFormatter - --------------------------------------------------------------------------------- 
INFO  11:29:12,767 GenomeAnalysisEngine - Strictness is SILENT 
INFO  11:29:12,902 GenomeAnalysisEngine - Downsampling Settings: No downsampling 
INFO  11:29:12,911 SAMDataSource$SAMReaders - Initializing SAMRecords in serial 
INFO  11:29:12,962 SAMDataSource$SAMReaders - Done initializing BAM readers: total time 0.05 
WARN  11:33:25,408 RMDTrackBuilder - Unable to write to /mnt/ssdbroad/Broad_Ref_Pipeline_approved_package/homosapiensrefgenome/Homo_sapiens_assembly19.dbsnp.vcf.idx for the index file, creating index in memory only 
INFO  11:33:25,433 IntervalUtils - Processing 19913 bp from intervals 
INFO  11:33:26,015 GenomeAnalysisEngine - Preparing for traversal over 1 BAM files 
INFO  11:33:26,355 GenomeAnalysisEngine - Done preparing for traversal 
INFO  11:33:26,358 ProgressMeter - [INITIALIZATION COMPLETE; STARTING PROCESSING] 
INFO  11:33:26,360 ProgressMeter -                 | processed |    time |    per 1M |           |   total | remaining 
INFO  11:33:26,361 ProgressMeter -        Location |     reads | elapsed |     reads | completed | runtime |   runtime 
INFO  11:33:26,413 BaseRecalibrator - The covariates being used here:  
INFO  11:33:26,416 BaseRecalibrator - 	ReadGroupCovariate 
INFO  11:33:26,418 BaseRecalibrator - 	QualityScoreCovariate 
INFO  11:33:26,418 BaseRecalibrator - 	ContextCovariate 
INFO  11:33:26,419 ContextCovariate - 		Context sizes: base substitution model 2, indel substitution model 3 
INFO  11:33:26,420 BaseRecalibrator - 	CycleCovariate 
INFO  11:33:26,423 ReadShardBalancer$1 - Loading BAM index data 
INFO  11:33:26,427 ReadShardBalancer$1 - Done loading BAM index data 
INFO  11:33:26,597 BaseRecalibrator - Calculating quantized quality scores... 
INFO  11:33:26,721 BaseRecalibrator - Writing recalibration report... 
INFO  11:33:27,642 BaseRecalibrator - ...done! 
INFO  11:33:27,642 BaseRecalibrator - BaseRecalibrator was able to recalibrate 12 reads 
INFO  11:33:27,644 ProgressMeter -            done        12.0     1.0 s      29.8 h       36.1%     2.0 s       1.0 s 
INFO  11:33:27,646 ProgressMeter - Total runtime 1.29 secs, 0.02 min, 0.00 hours 
INFO  11:33:27,646 MicroScheduler - 0 reads were filtered out during the traversal out of approximately 12 total reads (0.00%) 
INFO  11:33:27,647 MicroScheduler -   -> 0 reads (0.00% of total) failing BadCigarFilter 
INFO  11:33:27,647 MicroScheduler -   -> 0 reads (0.00% of total) failing DuplicateReadFilter 
INFO  11:33:27,655 MicroScheduler -   -> 0 reads (0.00% of total) failing FailsVendorQualityCheckFilter 
INFO  11:33:27,655 MicroScheduler -   -> 0 reads (0.00% of total) failing MalformedReadFilter 
INFO  11:33:27,655 MicroScheduler -   -> 0 reads (0.00% of total) failing MappingQualityUnavailableFilter 
INFO  11:33:27,656 MicroScheduler -   -> 0 reads (0.00% of total) failing MappingQualityZeroFilter 
INFO  11:33:27,656 MicroScheduler -   -> 0 reads (0.00% of total) failing NotPrimaryAlignmentFilter 
INFO  11:33:27,656 MicroScheduler -   -> 0 reads (0.00% of total) failing UnmappedReadFilter 
