INFO  17:35:10,240 HelpFormatter - --------------------------------------------------------------------------------- 
INFO  17:35:10,242 HelpFormatter - The Genome Analysis Toolkit (GATK) v3.4-46-g8ea4dca, Compiled 2015/08/13 20:41:56 
INFO  17:35:10,242 HelpFormatter - Copyright (c) 2010 The Broad Institute 
INFO  17:35:10,242 HelpFormatter - For support and documentation go to http://www.broadinstitute.org/gatk 
INFO  17:35:10,246 HelpFormatter - Program Args: -T BaseRecalibrator -I /home/opt/data/broadout/FC1-NA12878-01_S1_L001_gatk_best_practices_36t_30s_2015-11-10_16-39-49/FC1-NA12878-01_S1_L001_realign.bam -L /home/beris/Broad_Ref_Pipeline_approved_package/workflow_profiler/.queue/scatterGather/ExampleBaseRecalibrator-1-sg/temp_19_of_24/scatter.intervals -R /home/beris/Broad_Ref_Pipeline_approved_package/homosapiensrefgenome/Homo_sapiens_assembly19.fasta -knownSites /home/beris/Broad_Ref_Pipeline_approved_package/homosapiensrefgenome/Homo_sapiens_assembly19.dbsnp.vcf -o /home/beris/Broad_Ref_Pipeline_approved_package/workflow_profiler/.queue/scatterGather/ExampleBaseRecalibrator-1-sg/temp_19_of_24/FC1-NA12878-01_S1_L001_recal.grp 
INFO  17:35:10,258 HelpFormatter - Executing as beris@dna on Linux 2.6.32-573.el6.x86_64 amd64; OpenJDK 64-Bit Server VM 1.7.0_79-mockbuild_2015_07_24_09_26-b00. 
INFO  17:35:10,258 HelpFormatter - Date/Time: 2015/11/10 17:35:10 
INFO  17:35:10,258 HelpFormatter - --------------------------------------------------------------------------------- 
INFO  17:35:10,258 HelpFormatter - --------------------------------------------------------------------------------- 
INFO  17:35:10,341 GenomeAnalysisEngine - Strictness is SILENT 
INFO  17:35:10,454 GenomeAnalysisEngine - Downsampling Settings: No downsampling 
INFO  17:35:10,466 SAMDataSource$SAMReaders - Initializing SAMRecords in serial 
INFO  17:35:10,515 SAMDataSource$SAMReaders - Done initializing BAM readers: total time 0.05 
INFO  17:35:10,933 IntervalUtils - Processing 2045568 bp from intervals 
INFO  17:35:11,070 GenomeAnalysisEngine - Preparing for traversal over 1 BAM files 
INFO  17:35:11,460 GenomeAnalysisEngine - Done preparing for traversal 
INFO  17:35:11,461 ProgressMeter - [INITIALIZATION COMPLETE; STARTING PROCESSING] 
INFO  17:35:11,461 ProgressMeter -                 | processed |    time |    per 1M |           |   total | remaining 
INFO  17:35:11,461 ProgressMeter -        Location |     reads | elapsed |     reads | completed | runtime |   runtime 
INFO  17:35:11,608 BaseRecalibrator - The covariates being used here:  
INFO  17:35:11,608 BaseRecalibrator - 	ReadGroupCovariate 
INFO  17:35:11,608 BaseRecalibrator - 	QualityScoreCovariate 
INFO  17:35:11,608 BaseRecalibrator - 	ContextCovariate 
INFO  17:35:11,609 ContextCovariate - 		Context sizes: base substitution model 2, indel substitution model 3 
INFO  17:35:11,609 BaseRecalibrator - 	CycleCovariate 
INFO  17:35:11,617 ReadShardBalancer$1 - Loading BAM index data 
INFO  17:35:11,921 ReadShardBalancer$1 - Done loading BAM index data 
INFO  17:35:41,581 ProgressMeter -     19:14162988    100001.0    30.0 s       5.0 m       32.9%    91.0 s      61.0 s 
INFO  17:36:11,645 ProgressMeter -     19:41937163    400010.0    60.0 s       2.5 m       66.0%    90.0 s      30.0 s 
INFO  17:36:30,616 BaseRecalibrator - Calculating quantized quality scores... 
INFO  17:36:30,680 BaseRecalibrator - Writing recalibration report... 
INFO  17:36:31,360 BaseRecalibrator - ...done! 
INFO  17:36:31,361 BaseRecalibrator - BaseRecalibrator was able to recalibrate 602323 reads 
INFO  17:36:31,361 ProgressMeter -            done    602323.0    79.0 s       2.2 m      100.0%    79.0 s       0.0 s 
INFO  17:36:31,361 ProgressMeter - Total runtime 79.90 secs, 1.33 min, 0.02 hours 
INFO  17:36:31,362 MicroScheduler - 29740 reads were filtered out during the traversal out of approximately 632063 total reads (4.71%) 
INFO  17:36:31,362 MicroScheduler -   -> 0 reads (0.00% of total) failing BadCigarFilter 
INFO  17:36:31,362 MicroScheduler -   -> 17334 reads (2.74% of total) failing DuplicateReadFilter 
INFO  17:36:31,363 MicroScheduler -   -> 0 reads (0.00% of total) failing FailsVendorQualityCheckFilter 
INFO  17:36:31,363 MicroScheduler -   -> 0 reads (0.00% of total) failing MalformedReadFilter 
INFO  17:36:31,363 MicroScheduler -   -> 0 reads (0.00% of total) failing MappingQualityUnavailableFilter 
INFO  17:36:31,363 MicroScheduler -   -> 12337 reads (1.95% of total) failing MappingQualityZeroFilter 
INFO  17:36:31,363 MicroScheduler -   -> 69 reads (0.01% of total) failing NotPrimaryAlignmentFilter 
INFO  17:36:31,363 MicroScheduler -   -> 0 reads (0.00% of total) failing UnmappedReadFilter 
