INFO  19:49:32,400 HelpFormatter - --------------------------------------------------------------------------------- 
INFO  19:49:32,420 HelpFormatter - The Genome Analysis Toolkit (GATK) v3.4-46-g8ea4dca, Compiled 2015/08/13 20:41:56 
INFO  19:49:32,420 HelpFormatter - Copyright (c) 2010 The Broad Institute 
INFO  19:49:32,420 HelpFormatter - For support and documentation go to http://www.broadinstitute.org/gatk 
INFO  19:49:32,424 HelpFormatter - Program Args: -T BaseRecalibrator -I /mnt/nvme0n1/data/broadout/HG02571_gatk_best_practices_8t_30s_2016-07-06_18-21-01/HG02571_realign.bam -L /mnt/nvme0n1/Broad_Ref_Pipeline_approved_package/workflow_profiler/.queue/scatterGather/ExampleBaseRecalibrator-1-sg/temp_19_of_24/scatter.intervals -R /mnt/nvme0n1/Broad_Ref_Pipeline_approved_package/b37bundle/human_g1k_v37.fasta -knownSites /mnt/nvme0n1/Broad_Ref_Pipeline_approved_package/b37bundle/dbsnp_138.b37.vcf -o /mnt/nvme0n1/Broad_Ref_Pipeline_approved_package/workflow_profiler/.queue/scatterGather/ExampleBaseRecalibrator-1-sg/temp_19_of_24/HG02571_recal.grp 
INFO  19:49:32,431 HelpFormatter - Executing as bshifaw@application-1-1.hudson.intel.com on Linux 3.10.0-327.el7.x86_64 amd64; OpenJDK 64-Bit Server VM 1.8.0_91-b14. 
INFO  19:49:32,431 HelpFormatter - Date/Time: 2016/07/06 19:49:32 
INFO  19:49:32,431 HelpFormatter - --------------------------------------------------------------------------------- 
INFO  19:49:32,434 HelpFormatter - --------------------------------------------------------------------------------- 
INFO  19:49:32,601 GenomeAnalysisEngine - Strictness is SILENT 
INFO  19:49:32,729 GenomeAnalysisEngine - Downsampling Settings: No downsampling 
INFO  19:49:32,736 SAMDataSource$SAMReaders - Initializing SAMRecords in serial 
INFO  19:49:32,761 SAMDataSource$SAMReaders - Done initializing BAM readers: total time 0.02 
INFO  19:49:33,193 IntervalUtils - Processing 3200977 bp from intervals 
INFO  19:49:33,358 GenomeAnalysisEngine - Preparing for traversal over 1 BAM files 
INFO  19:49:33,581 GenomeAnalysisEngine - Done preparing for traversal 
INFO  19:49:33,582 ProgressMeter - [INITIALIZATION COMPLETE; STARTING PROCESSING] 
INFO  19:49:33,587 ProgressMeter -                 | processed |    time |    per 1M |           |   total | remaining 
INFO  19:49:33,588 ProgressMeter -        Location |     reads | elapsed |     reads | completed | runtime |   runtime 
INFO  19:49:33,641 BaseRecalibrator - The covariates being used here:  
INFO  19:49:33,659 BaseRecalibrator - 	ReadGroupCovariate 
INFO  19:49:33,659 BaseRecalibrator - 	QualityScoreCovariate 
INFO  19:49:33,660 BaseRecalibrator - 	ContextCovariate 
INFO  19:49:33,660 ContextCovariate - 		Context sizes: base substitution model 2, indel substitution model 3 
INFO  19:49:33,660 BaseRecalibrator - 	CycleCovariate 
INFO  19:49:33,662 ReadShardBalancer$1 - Loading BAM index data 
INFO  19:49:33,859 ReadShardBalancer$1 - Done loading BAM index data 
INFO  19:50:04,299 ProgressMeter -      19:1425919         0.0    30.0 s      50.8 w        3.7%    13.6 m      13.1 m 
INFO  19:50:35,091 ProgressMeter -      19:2987801    100003.0    61.0 s      10.3 m        7.3%    13.9 m      12.9 m 
INFO  19:51:05,094 ProgressMeter -      19:4910903    300017.0    91.0 s       5.1 m       11.6%    13.1 m      11.6 m 
INFO  19:51:43,282 ProgressMeter -      19:6828479    400019.0     2.2 m       5.4 m       15.2%    14.1 m      12.0 m 
INFO  19:52:13,546 ProgressMeter -      19:9025674    600021.0     2.7 m       4.4 m       19.8%    13.4 m      10.7 m 
INFO  19:52:45,413 ProgressMeter -     19:10473297    800024.0     3.2 m       4.0 m       23.8%    13.3 m      10.2 m 
INFO  19:53:15,421 ProgressMeter -     19:12848517   1100033.0     3.7 m       3.4 m       29.3%    12.6 m       8.9 m 
INFO  19:53:45,423 ProgressMeter -     19:15757951   1300036.0     4.2 m       3.2 m       35.5%    11.8 m       7.6 m 
INFO  19:54:15,994 ProgressMeter -     19:18974260   1600042.0     4.7 m       2.9 m       42.4%    11.1 m       6.4 m 
INFO  19:54:46,038 ProgressMeter -     19:33200198   1800045.0     5.2 m       2.9 m       47.6%    10.9 m       5.7 m 
INFO  19:55:16,915 ProgressMeter -     19:35835967   1900047.0     5.7 m       3.0 m       50.4%    11.3 m       5.6 m 
INFO  19:55:46,916 ProgressMeter -     19:37619889   2100051.0     6.2 m       3.0 m       54.4%    11.4 m       5.2 m 
INFO  19:56:18,681 ProgressMeter -     19:39898689   2300057.0     6.8 m       2.9 m       59.0%    11.4 m       4.7 m 
INFO  19:56:48,683 ProgressMeter -     19:41858654   2400058.0     7.3 m       3.0 m       63.7%    11.4 m       4.1 m 
INFO  19:57:18,687 ProgressMeter -     19:43920063   2700068.0     7.8 m       2.9 m       67.1%    11.5 m       3.8 m 
INFO  19:57:48,690 ProgressMeter -     19:46142144   2900072.0     8.3 m       2.8 m       72.0%    11.5 m       3.2 m 
INFO  19:58:18,692 ProgressMeter -     19:49636411   3100074.0     8.8 m       2.8 m       79.1%    11.1 m       2.3 m 
INFO  19:58:48,693 ProgressMeter -     19:52538269   3400078.0     9.3 m       2.7 m       86.6%    10.7 m      85.0 s 
INFO  19:59:18,963 ProgressMeter -     19:55816731   3800091.0     9.8 m       2.6 m       93.5%    10.4 m      40.0 s 
INFO  19:59:38,431 BaseRecalibrator - Calculating quantized quality scores... 
INFO  19:59:38,493 BaseRecalibrator - Writing recalibration report... 
INFO  19:59:39,812 BaseRecalibrator - ...done! 
INFO  19:59:39,812 BaseRecalibrator - BaseRecalibrator was able to recalibrate 4118005 reads 
INFO  19:59:39,813 ProgressMeter -            done   4118005.0    10.1 m       2.5 m      100.0%    10.1 m       0.0 s 
INFO  19:59:39,814 ProgressMeter - Total runtime 606.23 secs, 10.10 min, 0.17 hours 
INFO  19:59:39,814 MicroScheduler - 1071359 reads were filtered out during the traversal out of approximately 5189364 total reads (20.65%) 
INFO  19:59:39,825 MicroScheduler -   -> 0 reads (0.00% of total) failing BadCigarFilter 
INFO  19:59:39,826 MicroScheduler -   -> 890862 reads (17.17% of total) failing DuplicateReadFilter 
INFO  19:59:39,826 MicroScheduler -   -> 0 reads (0.00% of total) failing FailsVendorQualityCheckFilter 
INFO  19:59:39,826 MicroScheduler -   -> 0 reads (0.00% of total) failing MalformedReadFilter 
INFO  19:59:39,826 MicroScheduler -   -> 0 reads (0.00% of total) failing MappingQualityUnavailableFilter 
INFO  19:59:39,826 MicroScheduler -   -> 179921 reads (3.47% of total) failing MappingQualityZeroFilter 
INFO  19:59:39,826 MicroScheduler -   -> 576 reads (0.01% of total) failing NotPrimaryAlignmentFilter 
INFO  19:59:39,827 MicroScheduler -   -> 0 reads (0.00% of total) failing UnmappedReadFilter 
