INFO  07:30:27,617 HelpFormatter - --------------------------------------------------------------------------------- 
INFO  07:30:27,619 HelpFormatter - The Genome Analysis Toolkit (GATK) v3.4-46-g8ea4dca, Compiled 2015/08/13 20:41:56 
INFO  07:30:27,619 HelpFormatter - Copyright (c) 2010 The Broad Institute 
INFO  07:30:27,619 HelpFormatter - For support and documentation go to http://www.broadinstitute.org/gatk 
INFO  07:30:27,623 HelpFormatter - Program Args: -T BaseRecalibrator -I /mnt/ssdbroad/output/Solexa-272221_gatk_best_practices_36t_30s_2016-02-11_11-59-19/Solexa-272221_realign.bam -L /mnt/ssdbroad/Broad_Ref_Pipeline_approved_package/workflow_profiler/.queue/scatterGather/ExampleBaseRecalibrator-1-sg/temp_29_of_36/scatter.intervals -R /mnt/ssdbroad/Broad_Ref_Pipeline_approved_package/homosapiensrefgenome/Homo_sapiens_assembly19.fasta -knownSites /mnt/ssdbroad/Broad_Ref_Pipeline_approved_package/homosapiensrefgenome/Homo_sapiens_assembly19.dbsnp.vcf -o /mnt/ssdbroad/Broad_Ref_Pipeline_approved_package/workflow_profiler/.queue/scatterGather/ExampleBaseRecalibrator-1-sg/temp_29_of_36/Solexa-272221_recal.grp 
INFO  07:30:27,629 HelpFormatter - Executing as beris@dna on Linux 2.6.32-573.el6.x86_64 amd64; OpenJDK 64-Bit Server VM 1.7.0_79-mockbuild_2015_07_24_09_26-b00. 
INFO  07:30:27,630 HelpFormatter - Date/Time: 2016/02/12 07:30:27 
INFO  07:30:27,630 HelpFormatter - --------------------------------------------------------------------------------- 
INFO  07:30:27,630 HelpFormatter - --------------------------------------------------------------------------------- 
INFO  07:30:27,752 GenomeAnalysisEngine - Strictness is SILENT 
INFO  07:30:27,980 GenomeAnalysisEngine - Downsampling Settings: No downsampling 
INFO  07:30:27,988 SAMDataSource$SAMReaders - Initializing SAMRecords in serial 
INFO  07:30:28,027 SAMDataSource$SAMReaders - Done initializing BAM readers: total time 0.04 
INFO  07:30:28,234 IntervalUtils - Processing 27386 bp from intervals 
INFO  07:30:28,377 GenomeAnalysisEngine - Preparing for traversal over 1 BAM files 
INFO  07:30:28,538 GenomeAnalysisEngine - Done preparing for traversal 
INFO  07:30:28,540 ProgressMeter - [INITIALIZATION COMPLETE; STARTING PROCESSING] 
INFO  07:30:28,540 ProgressMeter -                 | processed |    time |    per 1M |           |   total | remaining 
INFO  07:30:28,541 ProgressMeter -        Location |     reads | elapsed |     reads | completed | runtime |   runtime 
INFO  07:30:29,102 BaseRecalibrator - The covariates being used here:  
INFO  07:30:29,112 BaseRecalibrator - 	ReadGroupCovariate 
INFO  07:30:29,113 BaseRecalibrator - 	QualityScoreCovariate 
INFO  07:30:29,113 BaseRecalibrator - 	ContextCovariate 
INFO  07:30:29,113 ContextCovariate - 		Context sizes: base substitution model 2, indel substitution model 3 
INFO  07:30:29,114 BaseRecalibrator - 	CycleCovariate 
INFO  07:30:29,116 ReadShardBalancer$1 - Loading BAM index data 
INFO  07:30:29,116 ReadShardBalancer$1 - Done loading BAM index data 
INFO  07:30:50,901 BaseRecalibrator - Calculating quantized quality scores... 
INFO  07:30:51,076 BaseRecalibrator - Writing recalibration report... 
INFO  07:30:53,542 BaseRecalibrator - ...done! 
INFO  07:30:53,542 BaseRecalibrator - BaseRecalibrator was able to recalibrate 23731 reads 
INFO  07:30:53,544 ProgressMeter -            done     23731.0    25.0 s      17.6 m       93.8%    26.0 s       1.0 s 
INFO  07:30:53,546 ProgressMeter - Total runtime 25.01 secs, 0.42 min, 0.01 hours 
INFO  07:30:53,547 MicroScheduler - 5808 reads were filtered out during the traversal out of approximately 29539 total reads (19.66%) 
INFO  07:30:53,560 MicroScheduler -   -> 0 reads (0.00% of total) failing BadCigarFilter 
INFO  07:30:53,563 MicroScheduler -   -> 3172 reads (10.74% of total) failing DuplicateReadFilter 
INFO  07:30:53,568 MicroScheduler -   -> 0 reads (0.00% of total) failing FailsVendorQualityCheckFilter 
INFO  07:30:53,568 MicroScheduler -   -> 0 reads (0.00% of total) failing MalformedReadFilter 
INFO  07:30:53,568 MicroScheduler -   -> 0 reads (0.00% of total) failing MappingQualityUnavailableFilter 
INFO  07:30:53,568 MicroScheduler -   -> 2599 reads (8.80% of total) failing MappingQualityZeroFilter 
INFO  07:30:53,569 MicroScheduler -   -> 37 reads (0.13% of total) failing NotPrimaryAlignmentFilter 
INFO  07:30:53,569 MicroScheduler -   -> 0 reads (0.00% of total) failing UnmappedReadFilter 
