INFO  11:29:12,159 HelpFormatter - --------------------------------------------------------------------------------- 
INFO  11:29:12,161 HelpFormatter - The Genome Analysis Toolkit (GATK) v3.4-46-g8ea4dca, Compiled 2015/08/13 20:41:56 
INFO  11:29:12,161 HelpFormatter - Copyright (c) 2010 The Broad Institute 
INFO  11:29:12,161 HelpFormatter - For support and documentation go to http://www.broadinstitute.org/gatk 
INFO  11:29:12,164 HelpFormatter - Program Args: -T BaseRecalibrator -I /mnt/ssdbroad/output/sim1M_pairs_gatk_best_practices_36t_30s_2016-02-11_11-03-56/sim1M_pairs_realign.bam -L /mnt/ssdbroad/Broad_Ref_Pipeline_approved_package/workflow_profiler/.queue/scatterGather/ExampleBaseRecalibrator-1-sg/temp_03_of_36/scatter.intervals -R /mnt/ssdbroad/Broad_Ref_Pipeline_approved_package/homosapiensrefgenome/Homo_sapiens_assembly19.fasta -knownSites /mnt/ssdbroad/Broad_Ref_Pipeline_approved_package/homosapiensrefgenome/Homo_sapiens_assembly19.dbsnp.vcf -o /mnt/ssdbroad/Broad_Ref_Pipeline_approved_package/workflow_profiler/.queue/scatterGather/ExampleBaseRecalibrator-1-sg/temp_03_of_36/sim1M_pairs_recal.grp 
INFO  11:29:12,192 HelpFormatter - Executing as beris@dna on Linux 2.6.32-573.el6.x86_64 amd64; OpenJDK 64-Bit Server VM 1.7.0_79-mockbuild_2015_07_24_09_26-b00. 
INFO  11:29:12,192 HelpFormatter - Date/Time: 2016/02/11 11:29:12 
INFO  11:29:12,192 HelpFormatter - --------------------------------------------------------------------------------- 
INFO  11:29:12,192 HelpFormatter - --------------------------------------------------------------------------------- 
INFO  11:29:12,273 GenomeAnalysisEngine - Strictness is SILENT 
INFO  11:29:12,439 GenomeAnalysisEngine - Downsampling Settings: No downsampling 
INFO  11:29:12,456 SAMDataSource$SAMReaders - Initializing SAMRecords in serial 
INFO  11:29:12,523 SAMDataSource$SAMReaders - Done initializing BAM readers: total time 0.07 
WARN  11:33:07,934 RMDTrackBuilder - Unable to write to /mnt/ssdbroad/Broad_Ref_Pipeline_approved_package/homosapiensrefgenome/Homo_sapiens_assembly19.dbsnp.vcf.idx for the index file, creating index in memory only 
INFO  11:33:07,984 IntervalUtils - Processing 198022430 bp from intervals 
INFO  11:33:08,061 GenomeAnalysisEngine - Preparing for traversal over 1 BAM files 
INFO  11:33:08,671 GenomeAnalysisEngine - Done preparing for traversal 
INFO  11:33:08,672 ProgressMeter - [INITIALIZATION COMPLETE; STARTING PROCESSING] 
INFO  11:33:08,672 ProgressMeter -                 | processed |    time |    per 1M |           |   total | remaining 
INFO  11:33:08,672 ProgressMeter -        Location |     reads | elapsed |     reads | completed | runtime |   runtime 
INFO  11:33:08,736 BaseRecalibrator - The covariates being used here:  
INFO  11:33:08,737 BaseRecalibrator - 	ReadGroupCovariate 
INFO  11:33:08,737 BaseRecalibrator - 	QualityScoreCovariate 
INFO  11:33:08,737 BaseRecalibrator - 	ContextCovariate 
INFO  11:33:08,738 ContextCovariate - 		Context sizes: base substitution model 2, indel substitution model 3 
INFO  11:33:08,738 BaseRecalibrator - 	CycleCovariate 
INFO  11:33:08,740 ReadShardBalancer$1 - Loading BAM index data 
INFO  11:33:10,175 ReadShardBalancer$1 - Done loading BAM index data 
INFO  11:33:38,716 ProgressMeter -      3:80909086         0.0    30.0 s      49.7 w       40.9%    73.0 s      43.0 s 
INFO  11:33:45,883 BaseRecalibrator - Calculating quantized quality scores... 
INFO  11:33:45,930 BaseRecalibrator - Writing recalibration report... 
INFO  11:33:47,007 BaseRecalibrator - ...done! 
INFO  11:33:47,007 BaseRecalibrator - BaseRecalibrator was able to recalibrate 124788 reads 
INFO  11:33:47,008 ProgressMeter -            done    124788.0    38.0 s       5.1 m       99.8%    38.0 s       0.0 s 
INFO  11:33:47,008 ProgressMeter - Total runtime 38.34 secs, 0.64 min, 0.01 hours 
INFO  11:33:47,008 MicroScheduler - 891 reads were filtered out during the traversal out of approximately 125679 total reads (0.71%) 
INFO  11:33:47,009 MicroScheduler -   -> 0 reads (0.00% of total) failing BadCigarFilter 
INFO  11:33:47,009 MicroScheduler -   -> 0 reads (0.00% of total) failing DuplicateReadFilter 
INFO  11:33:47,009 MicroScheduler -   -> 0 reads (0.00% of total) failing FailsVendorQualityCheckFilter 
INFO  11:33:47,009 MicroScheduler -   -> 0 reads (0.00% of total) failing MalformedReadFilter 
INFO  11:33:47,009 MicroScheduler -   -> 0 reads (0.00% of total) failing MappingQualityUnavailableFilter 
INFO  11:33:47,010 MicroScheduler -   -> 883 reads (0.70% of total) failing MappingQualityZeroFilter 
INFO  11:33:47,010 MicroScheduler -   -> 8 reads (0.01% of total) failing NotPrimaryAlignmentFilter 
INFO  11:33:47,010 MicroScheduler -   -> 0 reads (0.00% of total) failing UnmappedReadFilter 
