INFO  07:30:28,548 HelpFormatter - --------------------------------------------------------------------------------- 
INFO  07:30:28,563 HelpFormatter - The Genome Analysis Toolkit (GATK) v3.4-46-g8ea4dca, Compiled 2015/08/13 20:41:56 
INFO  07:30:28,563 HelpFormatter - Copyright (c) 2010 The Broad Institute 
INFO  07:30:28,563 HelpFormatter - For support and documentation go to http://www.broadinstitute.org/gatk 
INFO  07:30:28,609 HelpFormatter - Program Args: -T BaseRecalibrator -I /mnt/ssdbroad/output/Solexa-272221_gatk_best_practices_36t_30s_2016-02-11_11-59-19/Solexa-272221_realign.bam -L /mnt/ssdbroad/Broad_Ref_Pipeline_approved_package/workflow_profiler/.queue/scatterGather/ExampleBaseRecalibrator-1-sg/temp_36_of_36/scatter.intervals -R /mnt/ssdbroad/Broad_Ref_Pipeline_approved_package/homosapiensrefgenome/Homo_sapiens_assembly19.fasta -knownSites /mnt/ssdbroad/Broad_Ref_Pipeline_approved_package/homosapiensrefgenome/Homo_sapiens_assembly19.dbsnp.vcf -o /mnt/ssdbroad/Broad_Ref_Pipeline_approved_package/workflow_profiler/.queue/scatterGather/ExampleBaseRecalibrator-1-sg/temp_36_of_36/Solexa-272221_recal.grp 
INFO  07:30:28,624 HelpFormatter - Executing as beris@dna on Linux 2.6.32-573.el6.x86_64 amd64; OpenJDK 64-Bit Server VM 1.7.0_79-mockbuild_2015_07_24_09_26-b00. 
INFO  07:30:28,624 HelpFormatter - Date/Time: 2016/02/12 07:30:28 
INFO  07:30:28,624 HelpFormatter - --------------------------------------------------------------------------------- 
INFO  07:30:28,624 HelpFormatter - --------------------------------------------------------------------------------- 
INFO  07:30:28,806 GenomeAnalysisEngine - Strictness is SILENT 
INFO  07:30:29,005 GenomeAnalysisEngine - Downsampling Settings: No downsampling 
INFO  07:30:29,020 SAMDataSource$SAMReaders - Initializing SAMRecords in serial 
INFO  07:30:29,138 SAMDataSource$SAMReaders - Done initializing BAM readers: total time 0.12 
INFO  07:30:29,626 IntervalUtils - Processing 6010811 bp from intervals 
INFO  07:30:29,839 GenomeAnalysisEngine - Preparing for traversal over 1 BAM files 
INFO  07:30:30,035 GenomeAnalysisEngine - Done preparing for traversal 
INFO  07:30:30,036 ProgressMeter - [INITIALIZATION COMPLETE; STARTING PROCESSING] 
INFO  07:30:30,036 ProgressMeter -                 | processed |    time |    per 1M |           |   total | remaining 
INFO  07:30:30,036 ProgressMeter -        Location |     reads | elapsed |     reads | completed | runtime |   runtime 
INFO  07:30:30,927 BaseRecalibrator - The covariates being used here:  
INFO  07:30:30,932 BaseRecalibrator - 	ReadGroupCovariate 
INFO  07:30:30,933 BaseRecalibrator - 	QualityScoreCovariate 
INFO  07:30:30,933 BaseRecalibrator - 	ContextCovariate 
INFO  07:30:30,933 ContextCovariate - 		Context sizes: base substitution model 2, indel substitution model 3 
INFO  07:30:30,933 BaseRecalibrator - 	CycleCovariate 
INFO  07:30:30,944 ReadShardBalancer$1 - Loading BAM index data 
INFO  07:30:30,948 ReadShardBalancer$1 - Done loading BAM index data 
INFO  07:30:31,480 ReadShardBalancer$1 - Loading BAM index data 
INFO  07:30:31,482 ReadShardBalancer$1 - Done loading BAM index data 
INFO  07:30:32,938 ReadShardBalancer$1 - Loading BAM index data 
INFO  07:30:32,940 ReadShardBalancer$1 - Done loading BAM index data 
INFO  07:30:42,524 ReadShardBalancer$1 - Loading BAM index data 
INFO  07:30:42,526 ReadShardBalancer$1 - Done loading BAM index data 
INFO  07:30:43,386 ReadShardBalancer$1 - Loading BAM index data 
INFO  07:30:43,394 ReadShardBalancer$1 - Done loading BAM index data 
INFO  07:30:43,551 ReadShardBalancer$1 - Loading BAM index data 
INFO  07:30:43,561 ReadShardBalancer$1 - Done loading BAM index data 
INFO  07:30:44,008 ReadShardBalancer$1 - Loading BAM index data 
INFO  07:30:44,014 ReadShardBalancer$1 - Done loading BAM index data 
INFO  07:30:45,070 ReadShardBalancer$1 - Loading BAM index data 
INFO  07:30:45,074 ReadShardBalancer$1 - Done loading BAM index data 
INFO  07:30:45,981 ReadShardBalancer$1 - Loading BAM index data 
INFO  07:30:45,983 ReadShardBalancer$1 - Done loading BAM index data 
INFO  07:30:46,550 ReadShardBalancer$1 - Loading BAM index data 
INFO  07:30:46,552 ReadShardBalancer$1 - Done loading BAM index data 
INFO  07:30:47,532 ReadShardBalancer$1 - Loading BAM index data 
INFO  07:30:47,534 ReadShardBalancer$1 - Done loading BAM index data 
INFO  07:31:00,908 ProgressMeter - GL000234.1:17643     20922.0    30.0 s      24.6 m        6.1%     8.2 m       7.7 m 
INFO  07:31:06,303 ReadShardBalancer$1 - Loading BAM index data 
INFO  07:31:06,304 ReadShardBalancer$1 - Done loading BAM index data 
INFO  07:31:16,874 ReadShardBalancer$1 - Loading BAM index data 
INFO  07:31:16,876 ReadShardBalancer$1 - Done loading BAM index data 
INFO  07:31:17,127 ReadShardBalancer$1 - Loading BAM index data 
INFO  07:31:17,129 ReadShardBalancer$1 - Done loading BAM index data 
INFO  07:31:19,930 ReadShardBalancer$1 - Loading BAM index data 
INFO  07:31:19,931 ReadShardBalancer$1 - Done loading BAM index data 
INFO  07:31:20,444 ReadShardBalancer$1 - Loading BAM index data 
INFO  07:31:20,446 ReadShardBalancer$1 - Done loading BAM index data 
INFO  07:31:30,143 ReadShardBalancer$1 - Loading BAM index data 
INFO  07:31:30,145 ReadShardBalancer$1 - Done loading BAM index data 
INFO  07:31:30,910 ProgressMeter - GL000243.1:28273    192962.0    60.0 s       5.3 m       10.4%     9.6 m       8.6 m 
INFO  07:31:31,413 ReadShardBalancer$1 - Loading BAM index data 
INFO  07:31:31,415 ReadShardBalancer$1 - Done loading BAM index data 
INFO  07:31:31,728 ReadShardBalancer$1 - Loading BAM index data 
INFO  07:31:31,730 ReadShardBalancer$1 - Done loading BAM index data 
INFO  07:31:34,598 ReadShardBalancer$1 - Loading BAM index data 
INFO  07:31:34,601 ReadShardBalancer$1 - Done loading BAM index data 
INFO  07:31:38,602 ReadShardBalancer$1 - Loading BAM index data 
INFO  07:31:38,605 ReadShardBalancer$1 - Done loading BAM index data 
INFO  07:31:41,587 ReadShardBalancer$1 - Loading BAM index data 
INFO  07:31:41,595 ReadShardBalancer$1 - Done loading BAM index data 
INFO  07:31:45,023 ReadShardBalancer$1 - Loading BAM index data 
INFO  07:31:45,025 ReadShardBalancer$1 - Done loading BAM index data 
INFO  07:32:00,942 ProgressMeter - GL000198.1:90026    256811.0    90.0 s       5.9 m       16.5%     9.1 m       7.6 m 
INFO  07:32:17,495 ReadShardBalancer$1 - Loading BAM index data 
INFO  07:32:17,497 ReadShardBalancer$1 - Done loading BAM index data 
INFO  07:32:26,729 ReadShardBalancer$1 - Loading BAM index data 
INFO  07:32:26,732 ReadShardBalancer$1 - Done loading BAM index data 
INFO  07:32:27,657 ReadShardBalancer$1 - Loading BAM index data 
INFO  07:32:27,660 ReadShardBalancer$1 - Done loading BAM index data 
INFO  07:32:30,944 ProgressMeter - GL000228.1:58970    479342.0   120.0 s       4.2 m       22.9%     8.7 m       6.7 m 
INFO  07:32:48,101 ReadShardBalancer$1 - Loading BAM index data 
INFO  07:32:48,105 ReadShardBalancer$1 - Done loading BAM index data 
INFO  07:33:00,953 ProgressMeter - GL000214.1:55990    590996.0     2.5 m       4.3 m       25.0%    10.0 m       7.5 m 
INFO  07:33:24,085 ReadShardBalancer$1 - Loading BAM index data 
INFO  07:33:24,088 ReadShardBalancer$1 - Done loading BAM index data 
INFO  07:33:29,320 ReadShardBalancer$1 - Loading BAM index data 
INFO  07:33:29,323 ReadShardBalancer$1 - Done loading BAM index data 
INFO  07:33:30,954 ProgressMeter - GL000221.1:34103    820118.0     3.0 m       3.7 m       27.0%    11.1 m       8.1 m 
INFO  07:33:34,322 ReadShardBalancer$1 - Loading BAM index data 
INFO  07:33:34,326 ReadShardBalancer$1 - Done loading BAM index data 
INFO  07:33:48,949 ReadShardBalancer$1 - Loading BAM index data 
INFO  07:33:48,953 ReadShardBalancer$1 - Done loading BAM index data 
INFO  07:34:00,955 ProgressMeter - GL000220.1:20902    983389.0     3.5 m       3.6 m       34.7%    10.1 m       6.6 m 
INFO  07:34:31,024 ProgressMeter - GL000220.1:119923   1183426.0     4.0 m       3.4 m       36.3%    11.0 m       7.0 m 
INFO  07:35:01,026 ProgressMeter - GL000220.1:125116   1283439.0     4.5 m       3.5 m       36.4%    12.4 m       7.9 m 
INFO  07:35:31,028 ProgressMeter - GL000220.1:130175   1483488.0     5.0 m       3.4 m       36.5%    13.7 m       8.7 m 
INFO  07:36:01,040 ProgressMeter - GL000220.1:134625   1683553.0     5.5 m       3.3 m       36.5%    15.1 m       9.6 m 
INFO  07:36:31,042 ProgressMeter - GL000220.1:140206   1883593.0     6.0 m       3.2 m       36.6%    16.4 m      10.4 m 
INFO  07:36:49,642 ReadShardBalancer$1 - Loading BAM index data 
INFO  07:36:49,646 ReadShardBalancer$1 - Done loading BAM index data 
INFO  07:37:01,044 ProgressMeter - GL000220.1:145722   2083629.0     6.5 m       3.1 m       36.7%    17.7 m      11.2 m 
INFO  07:37:03,061 ReadShardBalancer$1 - Loading BAM index data 
INFO  07:37:03,066 ReadShardBalancer$1 - Done loading BAM index data 
INFO  07:37:04,980 ReadShardBalancer$1 - Loading BAM index data 
INFO  07:37:04,984 ReadShardBalancer$1 - Done loading BAM index data 
INFO  07:37:31,045 ProgressMeter - GL000199.1:49873   2241051.0     7.0 m       3.1 m       43.3%    16.2 m       9.2 m 
INFO  07:38:01,053 ProgressMeter - GL000199.1:73250   2441121.0     7.5 m       3.1 m       43.7%    17.2 m       9.7 m 
INFO  07:38:31,054 ProgressMeter - GL000199.1:92822   2541167.0     8.0 m       3.2 m       44.0%    18.2 m      10.2 m 
INFO  07:39:01,056 ProgressMeter - GL000199.1:160829   2741178.0     8.5 m       3.1 m       45.2%    18.9 m      10.3 m 
INFO  07:39:04,725 ReadShardBalancer$1 - Loading BAM index data 
INFO  07:39:04,729 ReadShardBalancer$1 - Done loading BAM index data 
INFO  07:39:11,259 ReadShardBalancer$1 - Loading BAM index data 
INFO  07:39:11,263 ReadShardBalancer$1 - Done loading BAM index data 
INFO  07:39:31,057 ProgressMeter - GL000216.1:51063   2999360.0     9.0 m       3.0 m       49.0%    18.4 m       9.4 m 
INFO  07:40:01,059 ProgressMeter - GL000216.1:155358   3099361.0     9.5 m       3.1 m       50.8%    18.7 m       9.2 m 
INFO  07:40:03,355 ReadShardBalancer$1 - Loading BAM index data 
INFO  07:40:03,359 ReadShardBalancer$1 - Done loading BAM index data 
INFO  07:40:10,191 ReadShardBalancer$1 - Loading BAM index data 
INFO  07:40:10,194 ReadShardBalancer$1 - Done loading BAM index data 
INFO  07:40:26,409 ReadShardBalancer$1 - Loading BAM index data 
INFO  07:40:26,413 ReadShardBalancer$1 - Done loading BAM index data 
INFO  07:40:31,061 ProgressMeter - GL000205.1:167846   3341599.0    10.0 m       3.0 m       56.7%    17.7 m       7.6 m 
INFO  07:40:48,516 ReadShardBalancer$1 - Loading BAM index data 
INFO  07:40:48,520 ReadShardBalancer$1 - Done loading BAM index data 
INFO  07:41:01,063 ProgressMeter - GL000224.1:3972   3513833.0    10.5 m       3.0 m       59.9%    17.6 m       7.0 m 
INFO  07:41:10,993 ReadShardBalancer$1 - Loading BAM index data 
INFO  07:41:10,997 ReadShardBalancer$1 - Done loading BAM index data 
INFO  07:41:23,182 ReadShardBalancer$1 - Loading BAM index data 
INFO  07:41:23,186 ReadShardBalancer$1 - Done loading BAM index data 
INFO  07:41:31,065 ProgressMeter - GL000195.1:32027   3702906.0    11.0 m       3.0 m       66.3%    16.6 m       5.6 m 
INFO  07:41:40,560 ReadShardBalancer$1 - Loading BAM index data 
INFO  07:41:40,564 ReadShardBalancer$1 - Done loading BAM index data 
INFO  07:42:01,067 ProgressMeter - GL000212.1:40769   3861844.0    11.5 m       3.0 m       69.5%    16.6 m       5.0 m 
INFO  07:42:25,691 ReadShardBalancer$1 - Loading BAM index data 
INFO  07:42:25,695 ReadShardBalancer$1 - Done loading BAM index data 
INFO  07:42:31,068 ProgressMeter - GL000212.1:162002   4061946.0    12.0 m       3.0 m       71.5%    16.8 m       4.8 m 
INFO  07:42:31,734 ReadShardBalancer$1 - Loading BAM index data 
INFO  07:42:31,738 ReadShardBalancer$1 - Done loading BAM index data 
INFO  07:42:34,862 ReadShardBalancer$1 - Loading BAM index data 
INFO  07:42:34,866 ReadShardBalancer$1 - Done loading BAM index data 
INFO  07:42:51,134 ReadShardBalancer$1 - Loading BAM index data 
INFO  07:42:51,138 ReadShardBalancer$1 - Done loading BAM index data 
INFO  07:42:53,177 ReadShardBalancer$1 - Loading BAM index data 
INFO  07:42:53,184 ReadShardBalancer$1 - Done loading BAM index data 
INFO  07:43:01,070 ProgressMeter - GL000194.1:130893   4237382.0    12.5 m       3.0 m       83.5%    15.0 m       2.5 m 
INFO  07:43:31,071 ProgressMeter - GL000225.1:66393   4411119.0    13.0 m       3.0 m       85.6%    15.2 m       2.2 m 
INFO  07:44:01,073 ProgressMeter - GL000225.1:122050   4611136.0    13.5 m       2.9 m       86.6%    15.6 m       2.1 m 
INFO  07:44:17,378 ReadShardBalancer$1 - Loading BAM index data 
INFO  07:44:17,384 ReadShardBalancer$1 - Done loading BAM index data 
INFO  07:44:22,080 ReadShardBalancer$1 - Loading BAM index data 
INFO  07:44:22,082 ReadShardBalancer$1 - Done loading BAM index data 
INFO  07:44:31,075 ProgressMeter - GL000192.1:475357   4734784.0    14.0 m       3.0 m       95.9%    14.6 m      35.0 s 
INFO  07:45:01,077 ProgressMeter - NC_007605:76746   5025975.0    14.5 m       2.9 m       98.4%    14.7 m      13.0 s 
INFO  07:45:31,079 ProgressMeter - NC_007605:139203   5225985.0    15.0 m       2.9 m       99.5%    15.1 m       4.0 s 
INFO  07:45:39,538 BaseRecalibrator - Calculating quantized quality scores... 
INFO  07:45:39,620 BaseRecalibrator - Writing recalibration report... 
INFO  07:45:41,094 BaseRecalibrator - ...done! 
INFO  07:45:41,094 BaseRecalibrator - BaseRecalibrator was able to recalibrate 5399999 reads 
INFO  07:45:41,095 ProgressMeter -            done   5400536.0    15.2 m       2.8 m      100.0%    15.2 m       0.0 s 
INFO  07:45:41,095 ProgressMeter - Total runtime 911.06 secs, 15.18 min, 0.25 hours 
INFO  07:45:41,096 MicroScheduler - 4719733 reads were filtered out during the traversal out of approximately 10120269 total reads (46.64%) 
INFO  07:45:41,096 MicroScheduler -   -> 0 reads (0.00% of total) failing BadCigarFilter 
INFO  07:45:41,096 MicroScheduler -   -> 965375 reads (9.54% of total) failing DuplicateReadFilter 
INFO  07:45:41,097 MicroScheduler -   -> 0 reads (0.00% of total) failing FailsVendorQualityCheckFilter 
INFO  07:45:41,097 MicroScheduler -   -> 0 reads (0.00% of total) failing MalformedReadFilter 
INFO  07:45:41,097 MicroScheduler -   -> 0 reads (0.00% of total) failing MappingQualityUnavailableFilter 
INFO  07:45:41,097 MicroScheduler -   -> 3690839 reads (36.47% of total) failing MappingQualityZeroFilter 
INFO  07:45:41,097 MicroScheduler -   -> 63519 reads (0.63% of total) failing NotPrimaryAlignmentFilter 
INFO  07:45:41,098 MicroScheduler -   -> 0 reads (0.00% of total) failing UnmappedReadFilter 
