INFO  20:24:02,397 HelpFormatter - --------------------------------------------------------------------------------- 
INFO  20:24:02,400 HelpFormatter - The Genome Analysis Toolkit (GATK) v3.4-46-g8ea4dca, Compiled 2015/08/13 20:41:56 
INFO  20:24:02,401 HelpFormatter - Copyright (c) 2010 The Broad Institute 
INFO  20:24:02,401 HelpFormatter - For support and documentation go to http://www.broadinstitute.org/gatk 
INFO  20:24:02,407 HelpFormatter - Program Args: -T PrintReads -I /home/opt/data/broadout/FC1-NA12878-01_S1_L001_R1_001_gatk_best_practices_36t_30s_2015-11-05_19-14-59/FC1-NA12878-01_S1_L001_R1_001_realign.bam -L /home/beris/Broad_Ref_Pipeline_approved_package/workflow_profiler/.queue/scatterGather/ExamplePrintReads-1-sg/temp_25_of_36/scatter.intervals -R /home/beris/Broad_Ref_Pipeline_approved_package/homosapiensrefgenome/Homo_sapiens_assembly19.fasta -BQSR /home/opt/data/broadout/FC1-NA12878-01_S1_L001_R1_001_gatk_best_practices_36t_30s_2015-11-05_19-14-59/FC1-NA12878-01_S1_L001_R1_001_recal.grp -o /home/beris/Broad_Ref_Pipeline_approved_package/workflow_profiler/.queue/scatterGather/ExamplePrintReads-1-sg/temp_25_of_36/FC1-NA12878-01_S1_L001_R1_001_final.bam 
INFO  20:24:02,422 HelpFormatter - Executing as beris@dna on Linux 2.6.32-573.el6.x86_64 amd64; OpenJDK 64-Bit Server VM 1.7.0_79-mockbuild_2015_07_24_09_26-b00. 
INFO  20:24:02,422 HelpFormatter - Date/Time: 2015/11/05 20:24:02 
INFO  20:24:02,422 HelpFormatter - --------------------------------------------------------------------------------- 
INFO  20:24:02,422 HelpFormatter - --------------------------------------------------------------------------------- 
INFO  20:24:02,518 GenomeAnalysisEngine - Strictness is SILENT 
INFO  20:24:03,156 ContextCovariate - 		Context sizes: base substitution model 2, indel substitution model 3 
INFO  20:24:03,194 GenomeAnalysisEngine - Downsampling Settings: No downsampling 
INFO  20:24:03,205 SAMDataSource$SAMReaders - Initializing SAMRecords in serial 
INFO  20:24:03,306 SAMDataSource$SAMReaders - Done initializing BAM readers: total time 0.10 
INFO  20:24:03,338 IntervalUtils - Processing 16569 bp from intervals 
INFO  20:24:03,424 GenomeAnalysisEngine - Preparing for traversal over 1 BAM files 
INFO  20:24:03,533 GenomeAnalysisEngine - Done preparing for traversal 
INFO  20:24:03,536 ProgressMeter - [INITIALIZATION COMPLETE; STARTING PROCESSING] 
INFO  20:24:03,537 ProgressMeter -                 | processed |    time |    per 1M |           |   total | remaining 
INFO  20:24:03,537 ProgressMeter -        Location |     reads | elapsed |     reads | completed | runtime |   runtime 
INFO  20:24:03,558 ReadShardBalancer$1 - Loading BAM index data 
INFO  20:24:03,559 ReadShardBalancer$1 - Done loading BAM index data 
INFO  20:24:08,170 Walker - [REDUCE RESULT] Traversal result is: org.broadinstitute.gatk.engine.io.stubs.SAMFileWriterStub@3c65666c 
INFO  20:24:08,191 ProgressMeter -            done     28960.0     4.0 s       2.7 m      100.0%     4.0 s       0.0 s 
INFO  20:24:08,192 ProgressMeter - Total runtime 4.66 secs, 0.08 min, 0.00 hours 
INFO  20:24:08,192 MicroScheduler - 0 reads were filtered out during the traversal out of approximately 28960 total reads (0.00%) 
INFO  20:24:08,193 MicroScheduler -   -> 0 reads (0.00% of total) failing BadCigarFilter 
INFO  20:24:08,193 MicroScheduler -   -> 0 reads (0.00% of total) failing MalformedReadFilter 
