INFO  20:07:46,045 HelpFormatter - --------------------------------------------------------------------------------- 
INFO  20:07:46,048 HelpFormatter - The Genome Analysis Toolkit (GATK) v3.4-46-g8ea4dca, Compiled 2015/08/13 20:41:56 
INFO  20:07:46,048 HelpFormatter - Copyright (c) 2010 The Broad Institute 
INFO  20:07:46,048 HelpFormatter - For support and documentation go to http://www.broadinstitute.org/gatk 
INFO  20:07:46,053 HelpFormatter - Program Args: -T IndelRealigner -I /home/opt/data/broadout/FC1-NA12878-01_S1_L001_R1_001_gatk_best_practices_36t_30s_2015-11-05_19-14-59/FC1-NA12878-01_S1_L001_R1_001_dupRem.bam -L /home/beris/Broad_Ref_Pipeline_approved_package/workflow_profiler/.queue/scatterGather/ExampleIndelRealigner-1-sg/temp_07_of_36/scatter.intervals -R /home/beris/Broad_Ref_Pipeline_approved_package/homosapiensrefgenome/Homo_sapiens_assembly19.fasta -known /home/beris/Broad_Ref_Pipeline_approved_package/homosapiensrefgenome/Homo_sapiens_assembly19.known_indels.vcf -targetIntervals /home/opt/data/broadout/FC1-NA12878-01_S1_L001_R1_001_gatk_best_practices_36t_30s_2015-11-05_19-14-59/FC1-NA12878-01_S1_L001_R1_001_realn.intervals -o /home/beris/Broad_Ref_Pipeline_approved_package/workflow_profiler/.queue/scatterGather/ExampleIndelRealigner-1-sg/temp_07_of_36/FC1-NA12878-01_S1_L001_R1_001_realign.bam -filterNoBases 
INFO  20:07:46,060 HelpFormatter - Executing as beris@dna on Linux 2.6.32-573.el6.x86_64 amd64; OpenJDK 64-Bit Server VM 1.7.0_79-mockbuild_2015_07_24_09_26-b00. 
INFO  20:07:46,060 HelpFormatter - Date/Time: 2015/11/05 20:07:46 
INFO  20:07:46,060 HelpFormatter - --------------------------------------------------------------------------------- 
INFO  20:07:46,061 HelpFormatter - --------------------------------------------------------------------------------- 
INFO  20:07:46,205 GenomeAnalysisEngine - Strictness is SILENT 
INFO  20:07:46,329 GenomeAnalysisEngine - Downsampling Settings: No downsampling 
INFO  20:07:46,340 SAMDataSource$SAMReaders - Initializing SAMRecords in serial 
INFO  20:07:46,409 SAMDataSource$SAMReaders - Done initializing BAM readers: total time 0.07 
INFO  20:07:46,566 IntervalUtils - Processing 159138663 bp from intervals 
INFO  20:07:46,660 GenomeAnalysisEngine - Preparing for traversal over 1 BAM files 
INFO  20:07:47,421 GenomeAnalysisEngine - Done preparing for traversal 
INFO  20:07:47,421 ProgressMeter - [INITIALIZATION COMPLETE; STARTING PROCESSING] 
INFO  20:07:47,422 ProgressMeter -                 | processed |    time |    per 1M |           |   total | remaining 
INFO  20:07:47,422 ProgressMeter -        Location |     reads | elapsed |     reads | completed | runtime |   runtime 
INFO  20:07:47,673 ReadShardBalancer$1 - Loading BAM index data 
INFO  20:07:48,987 ReadShardBalancer$1 - Done loading BAM index data 
INFO  20:08:17,429 ProgressMeter -        Starting         0.0    30.0 s      49.6 w      100.0%    30.0 s       0.0 s 
INFO  20:08:48,868 ProgressMeter -      7:44924202    300003.0    61.0 s       3.4 m       28.2%     3.6 m       2.6 m 
INFO  20:09:18,869 ProgressMeter -      7:99306818    900033.0    91.0 s     101.0 s       62.4%     2.4 m      54.0 s 
INFO  20:09:36,048 ProgressMeter -            done   1728806.0   108.0 s      62.0 s      100.0%   108.0 s       0.0 s 
INFO  20:09:36,049 ProgressMeter - Total runtime 108.63 secs, 1.81 min, 0.03 hours 
INFO  20:09:36,055 MicroScheduler - 3745467 reads were filtered out during the traversal out of approximately 5474273 total reads (68.42%) 
INFO  20:09:36,056 MicroScheduler -   -> 0 reads (0.00% of total) failing BadCigarFilter 
INFO  20:09:36,056 MicroScheduler -   -> 3745467 reads (68.42% of total) failing MalformedReadFilter 
