INFO  17:41:17,636 HelpFormatter - --------------------------------------------------------------------------------- 
INFO  17:41:17,638 HelpFormatter - The Genome Analysis Toolkit (GATK) v3.4-46-g8ea4dca, Compiled 2015/08/13 20:41:56 
INFO  17:41:17,639 HelpFormatter - Copyright (c) 2010 The Broad Institute 
INFO  17:41:17,639 HelpFormatter - For support and documentation go to http://www.broadinstitute.org/gatk 
INFO  17:41:17,642 HelpFormatter - Program Args: -T PrintReads -I /home/opt/data/broadout/FC1-NA12878-01_S1_L001_gatk_best_practices_36t_30s_2015-11-10_16-39-49/FC1-NA12878-01_S1_L001_realign.bam -L /home/beris/Broad_Ref_Pipeline_approved_package/workflow_profiler/.queue/scatterGather/ExamplePrintReads-1-sg/temp_02_of_36/scatter.intervals -R /home/beris/Broad_Ref_Pipeline_approved_package/homosapiensrefgenome/Homo_sapiens_assembly19.fasta -BQSR /home/opt/data/broadout/FC1-NA12878-01_S1_L001_gatk_best_practices_36t_30s_2015-11-10_16-39-49/FC1-NA12878-01_S1_L001_recal.grp -o /home/beris/Broad_Ref_Pipeline_approved_package/workflow_profiler/.queue/scatterGather/ExamplePrintReads-1-sg/temp_02_of_36/FC1-NA12878-01_S1_L001_final.bam 
INFO  17:41:17,650 HelpFormatter - Executing as beris@dna on Linux 2.6.32-573.el6.x86_64 amd64; OpenJDK 64-Bit Server VM 1.7.0_79-mockbuild_2015_07_24_09_26-b00. 
INFO  17:41:17,655 HelpFormatter - Date/Time: 2015/11/10 17:41:17 
INFO  17:41:17,656 HelpFormatter - --------------------------------------------------------------------------------- 
INFO  17:41:17,656 HelpFormatter - --------------------------------------------------------------------------------- 
INFO  17:41:17,777 GenomeAnalysisEngine - Strictness is SILENT 
INFO  17:41:18,710 ContextCovariate - 		Context sizes: base substitution model 2, indel substitution model 3 
INFO  17:41:18,762 GenomeAnalysisEngine - Downsampling Settings: No downsampling 
INFO  17:41:18,819 SAMDataSource$SAMReaders - Initializing SAMRecords in serial 
INFO  17:41:18,985 SAMDataSource$SAMReaders - Done initializing BAM readers: total time 0.17 
INFO  17:41:19,002 IntervalUtils - Processing 243199373 bp from intervals 
INFO  17:41:19,124 GenomeAnalysisEngine - Preparing for traversal over 1 BAM files 
INFO  17:41:19,858 GenomeAnalysisEngine - Done preparing for traversal 
INFO  17:41:19,858 ProgressMeter - [INITIALIZATION COMPLETE; STARTING PROCESSING] 
INFO  17:41:19,858 ProgressMeter -                 | processed |    time |    per 1M |           |   total | remaining 
INFO  17:41:19,859 ProgressMeter -        Location |     reads | elapsed |     reads | completed | runtime |   runtime 
INFO  17:41:19,868 ReadShardBalancer$1 - Loading BAM index data 
INFO  17:41:21,101 ReadShardBalancer$1 - Done loading BAM index data 
INFO  17:41:49,895 ProgressMeter -      2:29129535    200008.0    30.0 s       2.5 m       12.0%     4.2 m       3.7 m 
INFO  17:42:19,897 ProgressMeter -      2:61450518    500012.0    60.0 s     120.0 s       25.3%     4.0 m       3.0 m 
INFO  17:42:49,898 ProgressMeter -      2:89934397    800017.0    90.0 s     112.0 s       37.0%     4.1 m       2.6 m 
INFO  17:43:19,899 ProgressMeter -     2:111419366   1100023.0   120.0 s     109.0 s       45.8%     4.4 m       2.4 m 
INFO  17:43:50,027 ProgressMeter -     2:152352980   1500032.0     2.5 m     100.0 s       62.6%     4.0 m      89.0 s 
INFO  17:44:20,028 ProgressMeter -     2:179528460   1900049.0     3.0 m      94.0 s       73.8%     4.1 m      63.0 s 
INFO  17:44:50,582 ProgressMeter -     2:216274656   2300057.0     3.5 m      91.0 s       88.9%     3.9 m      26.0 s 
INFO  17:45:12,818 Walker - [REDUCE RESULT] Traversal result is: org.broadinstitute.gatk.engine.io.stubs.SAMFileWriterStub@4248d35a 
INFO  17:45:12,994 ProgressMeter -            done   2636090.0     3.9 m      88.0 s      100.0%     3.9 m       0.0 s 
INFO  17:45:12,995 ProgressMeter - Total runtime 233.14 secs, 3.89 min, 0.06 hours 
INFO  17:45:12,995 MicroScheduler - 0 reads were filtered out during the traversal out of approximately 2636090 total reads (0.00%) 
INFO  17:45:12,996 MicroScheduler -   -> 0 reads (0.00% of total) failing BadCigarFilter 
INFO  17:45:12,996 MicroScheduler -   -> 0 reads (0.00% of total) failing MalformedReadFilter 
