INFO  20:06:13,244 HelpFormatter - --------------------------------------------------------------------------------- 
INFO  20:06:13,246 HelpFormatter - The Genome Analysis Toolkit (GATK) v3.4-46-g8ea4dca, Compiled 2015/08/13 20:41:56 
INFO  20:06:13,246 HelpFormatter - Copyright (c) 2010 The Broad Institute 
INFO  20:06:13,246 HelpFormatter - For support and documentation go to http://www.broadinstitute.org/gatk 
INFO  20:06:13,255 HelpFormatter - Program Args: -T PrintReads -I /mnt/nvme0n1/data/broadout/HG02571_gatk_best_practices_8t_30s_2016-07-06_18-21-01/HG02571_realign.bam -L /mnt/nvme0n1/Broad_Ref_Pipeline_approved_package/workflow_profiler/.queue/scatterGather/ExamplePrintReads-1-sg/temp_02_of_36/scatter.intervals -R /mnt/nvme0n1/Broad_Ref_Pipeline_approved_package/b37bundle/human_g1k_v37.fasta -BQSR /mnt/nvme0n1/data/broadout/HG02571_gatk_best_practices_8t_30s_2016-07-06_18-21-01/HG02571_recal.grp -o /mnt/nvme0n1/Broad_Ref_Pipeline_approved_package/workflow_profiler/.queue/scatterGather/ExamplePrintReads-1-sg/temp_02_of_36/HG02571_final.bam 
INFO  20:06:13,272 HelpFormatter - Executing as bshifaw@application-1-1.hudson.intel.com on Linux 3.10.0-327.el7.x86_64 amd64; OpenJDK 64-Bit Server VM 1.8.0_91-b14. 
INFO  20:06:13,280 HelpFormatter - Date/Time: 2016/07/06 20:06:13 
INFO  20:06:13,281 HelpFormatter - --------------------------------------------------------------------------------- 
INFO  20:06:13,281 HelpFormatter - --------------------------------------------------------------------------------- 
INFO  20:06:13,503 GenomeAnalysisEngine - Strictness is SILENT 
INFO  20:06:15,107 ContextCovariate - 		Context sizes: base substitution model 2, indel substitution model 3 
INFO  20:06:15,304 GenomeAnalysisEngine - Downsampling Settings: No downsampling 
INFO  20:06:15,329 SAMDataSource$SAMReaders - Initializing SAMRecords in serial 
INFO  20:06:15,446 SAMDataSource$SAMReaders - Done initializing BAM readers: total time 0.12 
INFO  20:06:15,548 IntervalUtils - Processing 243199373 bp from intervals 
INFO  20:06:16,065 GenomeAnalysisEngine - Preparing for traversal over 1 BAM files 
INFO  20:06:16,954 GenomeAnalysisEngine - Done preparing for traversal 
INFO  20:06:16,963 ProgressMeter - [INITIALIZATION COMPLETE; STARTING PROCESSING] 
INFO  20:06:16,964 ProgressMeter -                 | processed |    time |    per 1M |           |   total | remaining 
INFO  20:06:16,967 ProgressMeter -        Location |     reads | elapsed |     reads | completed | runtime |   runtime 
INFO  20:06:17,026 ReadShardBalancer$1 - Loading BAM index data 
INFO  20:06:18,700 ReadShardBalancer$1 - Done loading BAM index data 
INFO  20:06:47,046 ProgressMeter -       2:1457674         0.0    30.0 s      49.7 w        0.6%    83.4 m      82.9 m 
INFO  20:07:17,156 ProgressMeter -       2:9624572    100002.0    60.0 s      10.0 m        4.0%    25.3 m      24.3 m 
INFO  20:07:47,158 ProgressMeter -      2:17896300    300005.0    90.0 s       5.0 m        7.4%    20.4 m      18.9 m 
INFO  20:08:17,159 ProgressMeter -      2:21234371    300005.0   120.0 s       6.7 m        8.7%    22.9 m      20.9 m 
INFO  20:08:51,304 ProgressMeter -      2:25061810    400008.0     2.6 m       6.4 m       10.3%    24.9 m      22.3 m 
INFO  20:09:21,305 ProgressMeter -      2:27355988    600015.0     3.1 m       5.1 m       11.2%    27.3 m      24.2 m 
INFO  20:09:52,586 ProgressMeter -      2:27892155    700018.0     3.6 m       5.1 m       11.5%    31.2 m      27.7 m 
INFO  20:10:22,609 ProgressMeter -      2:32526555    900021.0     4.1 m       4.5 m       13.4%    30.5 m      26.4 m 
INFO  20:10:52,611 ProgressMeter -      2:38201250   1100031.0     4.6 m       4.2 m       15.7%    29.2 m      24.6 m 
INFO  20:11:22,612 ProgressMeter -      2:44152257   1200032.0     5.1 m       4.2 m       18.2%    28.0 m      22.9 m 
INFO  20:11:52,613 ProgressMeter -      2:53999017   1400037.0     5.6 m       4.0 m       22.2%    25.1 m      19.6 m 
INFO  20:12:22,917 ProgressMeter -      2:61456719   1500039.0     6.1 m       4.1 m       25.3%    24.1 m      18.0 m 
INFO  20:12:55,253 ProgressMeter -      2:69014994   1700050.0     6.6 m       3.9 m       28.4%    23.4 m      16.7 m 
INFO  20:13:25,378 ProgressMeter -      2:73675574   1900055.0     7.1 m       3.8 m       30.3%    23.5 m      16.4 m 
INFO  20:13:55,379 ProgressMeter -      2:75425733   2100057.0     7.6 m       3.6 m       31.0%    24.6 m      17.0 m 
INFO  20:14:25,381 ProgressMeter -      2:87201762   2300059.0     8.1 m       3.5 m       35.9%    22.7 m      14.5 m 
INFO  20:14:55,383 ProgressMeter -      2:90249248   2500061.0     8.6 m       3.5 m       37.1%    23.3 m      14.6 m 
INFO  20:15:25,384 ProgressMeter -      2:97377423   2700065.0     9.1 m       3.4 m       40.0%    22.8 m      13.7 m 
INFO  20:15:55,385 ProgressMeter -     2:102788493   3000072.0     9.6 m       3.2 m       42.3%    22.8 m      13.2 m 
INFO  20:16:25,459 ProgressMeter -     2:109381654   3200076.0    10.1 m       3.2 m       45.0%    22.5 m      12.4 m 
INFO  20:16:55,468 ProgressMeter -     2:113033215   3400086.0    10.6 m       3.1 m       46.5%    22.9 m      12.2 m 
INFO  20:17:25,469 ProgressMeter -     2:122204983   3700097.0    11.1 m       3.0 m       50.2%    22.2 m      11.0 m 
INFO  20:17:55,470 ProgressMeter -     2:132121169   3900099.0    11.6 m       3.0 m       54.3%    21.4 m       9.8 m 
INFO  20:18:25,484 ProgressMeter -     2:152276839   4300112.0    12.1 m       2.8 m       62.6%    19.4 m       7.2 m 
INFO  20:18:55,485 ProgressMeter -     2:165796079   4600117.0    12.6 m       2.7 m       68.2%    18.5 m       5.9 m 
INFO  20:19:25,486 ProgressMeter -     2:175260407   5000123.0    13.1 m       2.6 m       72.1%    18.2 m       5.1 m 
INFO  20:19:55,487 ProgressMeter -     2:182542573   5400136.0    13.6 m       2.5 m       75.1%    18.2 m       4.5 m 
INFO  20:20:25,488 ProgressMeter -     2:203420040   5900144.0    14.1 m       2.4 m       83.6%    16.9 m       2.8 m 
INFO  20:20:55,489 ProgressMeter -     2:220034534   6500156.0    14.6 m       2.3 m       90.5%    16.2 m      92.0 s 
INFO  20:21:25,490 ProgressMeter -     2:234602497   7000169.0    15.1 m       2.2 m       96.5%    15.7 m      33.0 s 
INFO  20:21:40,490 Walker - [REDUCE RESULT] Traversal result is: org.broadinstitute.gatk.engine.io.stubs.SAMFileWriterStub@5b58129f 
INFO  20:21:40,678 ProgressMeter -            done   7417191.0    15.4 m       2.1 m      100.0%    15.4 m       0.0 s 
INFO  20:21:40,678 ProgressMeter - Total runtime 923.72 secs, 15.40 min, 0.26 hours 
INFO  20:21:40,679 MicroScheduler - 0 reads were filtered out during the traversal out of approximately 7417191 total reads (0.00%) 
INFO  20:21:40,679 MicroScheduler -   -> 0 reads (0.00% of total) failing BadCigarFilter 
INFO  20:21:40,679 MicroScheduler -   -> 0 reads (0.00% of total) failing MalformedReadFilter 
