INFO  20:06:27,847 HelpFormatter - --------------------------------------------------------------------------------- 
INFO  20:06:27,856 HelpFormatter - The Genome Analysis Toolkit (GATK) v3.4-46-g8ea4dca, Compiled 2015/08/13 20:41:56 
INFO  20:06:27,863 HelpFormatter - Copyright (c) 2010 The Broad Institute 
INFO  20:06:27,863 HelpFormatter - For support and documentation go to http://www.broadinstitute.org/gatk 
INFO  20:06:27,867 HelpFormatter - Program Args: -T PrintReads -I /mnt/nvme0n1/data/broadout/HG02561_gatk_best_practices_8t_30s_2016-07-06_18-21-00/HG02561_realign.bam -L /mnt/nvme0n1/Broad_Ref_Pipeline_approved_package/workflow_profiler/.queue/scatterGather/ExamplePrintReads-1-sg/temp_02_of_36/scatter.intervals -R /mnt/nvme0n1/Broad_Ref_Pipeline_approved_package/b37bundle/human_g1k_v37.fasta -BQSR /mnt/nvme0n1/data/broadout/HG02561_gatk_best_practices_8t_30s_2016-07-06_18-21-00/HG02561_recal.grp -o /mnt/nvme0n1/Broad_Ref_Pipeline_approved_package/workflow_profiler/.queue/scatterGather/ExamplePrintReads-1-sg/temp_02_of_36/HG02561_final.bam 
INFO  20:06:27,900 HelpFormatter - Executing as bshifaw@application-1-1.hudson.intel.com on Linux 3.10.0-327.el7.x86_64 amd64; OpenJDK 64-Bit Server VM 1.8.0_91-b14. 
INFO  20:06:27,907 HelpFormatter - Date/Time: 2016/07/06 20:06:27 
INFO  20:06:27,908 HelpFormatter - --------------------------------------------------------------------------------- 
INFO  20:06:27,908 HelpFormatter - --------------------------------------------------------------------------------- 
INFO  20:06:28,532 GenomeAnalysisEngine - Strictness is SILENT 
INFO  20:06:30,734 ContextCovariate - 		Context sizes: base substitution model 2, indel substitution model 3 
INFO  20:06:30,991 GenomeAnalysisEngine - Downsampling Settings: No downsampling 
INFO  20:06:31,060 SAMDataSource$SAMReaders - Initializing SAMRecords in serial 
INFO  20:06:31,271 SAMDataSource$SAMReaders - Done initializing BAM readers: total time 0.21 
INFO  20:06:31,347 IntervalUtils - Processing 243199373 bp from intervals 
INFO  20:06:31,870 GenomeAnalysisEngine - Preparing for traversal over 1 BAM files 
INFO  20:06:33,276 GenomeAnalysisEngine - Done preparing for traversal 
INFO  20:06:33,278 ProgressMeter - [INITIALIZATION COMPLETE; STARTING PROCESSING] 
INFO  20:06:33,278 ProgressMeter -                 | processed |    time |    per 1M |           |   total | remaining 
INFO  20:06:33,278 ProgressMeter -        Location |     reads | elapsed |     reads | completed | runtime |   runtime 
INFO  20:06:33,312 ReadShardBalancer$1 - Loading BAM index data 
INFO  20:06:35,249 ReadShardBalancer$1 - Done loading BAM index data 
INFO  20:07:03,619 ProgressMeter -       2:1491825         0.0    30.0 s      50.2 w        0.6%    81.5 m      81.0 m 
INFO  20:07:33,689 ProgressMeter -      2:10269484    100001.0    60.0 s      10.1 m        4.2%    23.7 m      22.7 m 
INFO  20:08:03,806 ProgressMeter -      2:15378825    200003.0    90.0 s       7.5 m        6.3%    23.7 m      22.2 m 
INFO  20:08:34,435 ProgressMeter -      2:20178535    300004.0     2.0 m       6.7 m        8.3%    24.3 m      22.3 m 
INFO  20:09:06,891 ProgressMeter -      2:24296981    400006.0     2.6 m       6.4 m       10.0%    25.5 m      23.0 m 
INFO  20:09:36,892 ProgressMeter -      2:26536162    500007.0     3.1 m       6.1 m       10.9%    28.0 m      24.9 m 
INFO  20:10:07,500 ProgressMeter -      2:27587448    700013.0     3.6 m       5.1 m       11.3%    31.4 m      27.9 m 
INFO  20:10:37,502 ProgressMeter -      2:28752700    800024.0     4.1 m       5.1 m       11.8%    34.4 m      30.3 m 
INFO  20:11:07,503 ProgressMeter -      2:32889440    900028.0     4.6 m       5.1 m       13.5%    33.8 m      29.2 m 
INFO  20:11:37,504 ProgressMeter -      2:39212982   1100033.0     5.1 m       4.6 m       16.1%    31.4 m      26.4 m 
INFO  20:12:07,505 ProgressMeter -      2:46608752   1300038.0     5.6 m       4.3 m       19.2%    29.0 m      23.5 m 
INFO  20:12:37,506 ProgressMeter -      2:55523682   1500040.0     6.1 m       4.0 m       22.8%    26.6 m      20.5 m 
INFO  20:13:07,514 ProgressMeter -      2:64083508   1600043.0     6.6 m       4.1 m       26.4%    24.9 m      18.4 m 
INFO  20:13:37,515 ProgressMeter -      2:70840780   1800060.0     7.1 m       3.9 m       29.1%    24.3 m      17.2 m 
INFO  20:14:07,516 ProgressMeter -      2:74071842   2000065.0     7.6 m       3.8 m       30.5%    24.8 m      17.3 m 
INFO  20:14:37,518 ProgressMeter -      2:84800722   2200076.0     8.1 m       3.7 m       34.9%    23.1 m      15.1 m 
INFO  20:15:07,520 ProgressMeter -      2:87565656   2400078.0     8.6 m       3.6 m       36.0%    23.8 m      15.2 m 
INFO  20:15:37,521 ProgressMeter -      2:91894198   2600081.0     9.1 m       3.5 m       37.8%    24.0 m      14.9 m 
INFO  20:16:07,772 ProgressMeter -      2:97751995   2800086.0     9.6 m       3.4 m       40.2%    23.8 m      14.2 m 
INFO  20:16:37,773 ProgressMeter -     2:105893989   3100092.0    10.1 m       3.2 m       43.5%    23.1 m      13.1 m 
INFO  20:17:07,774 ProgressMeter -     2:109546740   3300094.0    10.6 m       3.2 m       45.0%    23.5 m      12.9 m 
INFO  20:17:37,775 ProgressMeter -     2:113179599   3600117.0    11.1 m       3.1 m       46.5%    23.8 m      12.7 m 
INFO  20:18:07,776 ProgressMeter -     2:128331607   3900136.0    11.6 m       3.0 m       52.8%    21.9 m      10.4 m 
INFO  20:18:37,777 ProgressMeter -     2:135779379   4200148.0    12.1 m       2.9 m       55.8%    21.6 m       9.5 m 
INFO  20:19:17,778 ProgressMeter -     2:161143562   4600153.0    12.7 m       2.8 m       66.3%    19.2 m       6.5 m 
INFO  20:19:47,778 ProgressMeter -     2:172749768   5000173.0    13.2 m       2.6 m       71.0%    18.6 m       5.4 m 
INFO  20:20:17,779 ProgressMeter -     2:180830784   5500190.0    13.7 m       2.5 m       74.4%    18.5 m       4.7 m 
INFO  20:20:48,186 ProgressMeter -     2:202672376   6100224.0    14.2 m       2.3 m       83.3%    17.1 m       2.8 m 
INFO  20:21:18,187 ProgressMeter -     2:219677432   6600236.0    14.7 m       2.2 m       90.3%    16.3 m      94.0 s 
INFO  20:21:48,188 ProgressMeter -     2:234164844   7200274.0    15.2 m       2.1 m       96.3%    15.8 m      35.0 s 
INFO  20:22:06,185 Walker - [REDUCE RESULT] Traversal result is: org.broadinstitute.gatk.engine.io.stubs.SAMFileWriterStub@5b58129f 
INFO  20:22:06,371 ProgressMeter -            done   7663836.0    15.6 m       2.0 m      100.0%    15.6 m       0.0 s 
INFO  20:22:06,371 ProgressMeter - Total runtime 933.09 secs, 15.55 min, 0.26 hours 
INFO  20:22:06,371 MicroScheduler - 0 reads were filtered out during the traversal out of approximately 7663836 total reads (0.00%) 
INFO  20:22:06,371 MicroScheduler -   -> 0 reads (0.00% of total) failing BadCigarFilter 
INFO  20:22:06,372 MicroScheduler -   -> 0 reads (0.00% of total) failing MalformedReadFilter 
