INFO  20:48:10,130 HelpFormatter - --------------------------------------------------------------------------------- 
INFO  20:48:10,140 HelpFormatter - The Genome Analysis Toolkit (GATK) v3.4-46-g8ea4dca, Compiled 2015/08/13 20:41:56 
INFO  20:48:10,141 HelpFormatter - Copyright (c) 2010 The Broad Institute 
INFO  20:48:10,141 HelpFormatter - For support and documentation go to http://www.broadinstitute.org/gatk 
INFO  20:48:10,144 HelpFormatter - Program Args: -T HaplotypeCaller -I /mnt/nvme0n1/data/broadout/HG02771_gatk_best_practices_8t_30s_2016-07-06_18-21-02/HG02771_final.bam -L /mnt/nvme0n1/Broad_Ref_Pipeline_approved_package/workflow_profiler/.queue/scatterGather/ExampleHaplotypeCaller-1-sg/temp_27_of_36/scatter.intervals -R /mnt/nvme0n1/Broad_Ref_Pipeline_approved_package/b37bundle/human_g1k_v37.fasta -variant_index_type LINEAR -variant_index_parameter 128000 -o /mnt/nvme0n1/Broad_Ref_Pipeline_approved_package/workflow_profiler/.queue/scatterGather/ExampleHaplotypeCaller-1-sg/temp_27_of_36/HG02771_HaplotypeCaller.g.vcf -ERC GVCF 
INFO  20:48:10,214 HelpFormatter - Executing as bshifaw@application-1-1.hudson.intel.com on Linux 3.10.0-327.el7.x86_64 amd64; OpenJDK 64-Bit Server VM 1.8.0_91-b14. 
INFO  20:48:10,219 HelpFormatter - Date/Time: 2016/07/06 20:48:10 
INFO  20:48:10,222 HelpFormatter - --------------------------------------------------------------------------------- 
INFO  20:48:10,223 HelpFormatter - --------------------------------------------------------------------------------- 
WARN  20:48:10,278 GATKVCFUtils - Naming your output file using the .g.vcf extension will automatically set the appropriate values  for --variant_index_type and --variant_index_parameter 
INFO  20:48:10,749 GenomeAnalysisEngine - Strictness is SILENT 
INFO  20:48:11,445 GenomeAnalysisEngine - Downsampling Settings: Method: BY_SAMPLE, Target Coverage: 500 
INFO  20:48:11,451 SAMDataSource$SAMReaders - Initializing SAMRecords in serial 
INFO  20:48:11,718 SAMDataSource$SAMReaders - Done initializing BAM readers: total time 0.27 
INFO  20:48:11,857 HCMappingQualityFilter - Filtering out reads with MAPQ < 20 
INFO  20:48:12,413 IntervalUtils - Processing 1437965 bp from intervals 
INFO  20:48:13,193 GenomeAnalysisEngine - Preparing for traversal over 1 BAM files 
INFO  20:48:14,281 GenomeAnalysisEngine - Done preparing for traversal 
INFO  20:48:14,282 ProgressMeter - [INITIALIZATION COMPLETE; STARTING PROCESSING] 
INFO  20:48:14,283 ProgressMeter -                 |      processed |    time |         per 1M |           |   total | remaining 
INFO  20:48:14,284 ProgressMeter -        Location | active regions | elapsed | active regions | completed | runtime |   runtime 
INFO  20:48:14,355 HaplotypeCaller - Standard Emitting and Calling confidence set to 0.0 for reference-model confidence output 
INFO  20:48:14,355 HaplotypeCaller - All sites annotated with PLs forced to true for reference-model confidence output 
INFO  20:48:15,443 HaplotypeCaller - Using global mismapping rate of 45 => -4.5 in log10 likelihood units 
Using AVX accelerated implementation of PairHMM
INFO  20:48:33,545 VectorLoglessPairHMM - libVectorLoglessPairHMM unpacked successfully from GATK jar file 
INFO  20:48:33,546 VectorLoglessPairHMM - Using vectorized implementation of PairHMM 
WARN  20:48:34,588 HaplotypeScore - Annotation will not be calculated, must be called from UnifiedGenotyper 
WARN  20:48:34,588 InbreedingCoeff - Annotation will not be calculated, must provide a valid PED file (-ped) from the command line. 
INFO  20:48:44,546 ProgressMeter -     15:85411705          20979.0    30.0 s           24.0 m        0.3%     2.9 h       2.8 h 
INFO  20:49:14,608 ProgressMeter -     15:85607610         118591.0    60.0 s            8.5 m        0.6%     2.8 h       2.8 h 
INFO  20:49:44,609 ProgressMeter -     15:86253897         681577.0    90.0 s            2.2 m        1.4%   104.1 m     102.6 m 
INFO  20:50:14,610 ProgressMeter -     15:89172405        3233908.0   120.0 s           37.0 s        3.0%    66.0 m      64.0 m 
INFO  20:50:44,611 ProgressMeter -     15:90137594        9664223.0     2.5 m           15.0 s        5.6%    45.0 m      42.5 m 
INFO  20:51:14,612 ProgressMeter -     15:90784705      1.9382675E7     3.0 m            9.0 s        8.2%    36.7 m      33.7 m 
INFO  20:51:44,613 ProgressMeter -     15:91544567      3.9676554E7     3.5 m            5.0 s       11.7%    30.0 m      26.5 m 
INFO  20:52:14,614 ProgressMeter -    15:100332990      7.5651834E7     4.0 m            3.0 s       15.7%    25.4 m      21.4 m 
INFO  20:52:44,615 ProgressMeter -       16:133307     1.14863229E8     4.5 m            2.0 s       19.5%    23.1 m      18.6 m 
INFO  20:53:14,616 ProgressMeter -       16:736157     1.19738554E8     5.0 m            2.0 s       24.3%    20.6 m      15.6 m 
INFO  20:53:44,617 ProgressMeter -      16:1464108     1.33206898E8     5.5 m            2.0 s       28.9%    19.0 m      13.5 m 
INFO  20:54:14,618 ProgressMeter -      16:2125748     1.67906982E8     6.0 m            2.0 s       34.2%    17.5 m      11.5 m 
INFO  20:54:44,619 ProgressMeter -      16:2814228     2.09451251E8     6.5 m            1.0 s       39.9%    16.3 m       9.8 m 
INFO  20:55:14,620 ProgressMeter -      16:3634845     2.55089136E8     7.0 m            1.0 s       44.6%    15.7 m       8.7 m 
INFO  20:55:44,630 ProgressMeter -      16:4790636      3.2207773E8     7.5 m            1.0 s       48.6%    15.4 m       7.9 m 
INFO  20:56:14,631 ProgressMeter -      16:8739913     3.82196432E8     8.0 m            1.0 s       51.5%    15.5 m       7.5 m 
INFO  20:56:44,632 ProgressMeter -     16:10996463     4.35772691E8     8.5 m            1.0 s       53.7%    15.8 m       7.3 m 
INFO  20:57:14,638 ProgressMeter -     16:14958468     5.41874756E8     9.0 m            0.0 s       57.6%    15.6 m       6.6 m 
INFO  20:57:44,639 ProgressMeter -     16:19047037     7.46095815E8     9.5 m            0.0 s       64.2%    14.8 m       5.3 m 
INFO  20:58:14,641 ProgressMeter -     16:20931431      9.0089318E8    10.0 m            0.0 s       68.7%    14.6 m       4.6 m 
INFO  20:58:44,662 ProgressMeter -     16:23507033    1.105717801E9    10.5 m            0.0 s       74.2%    14.1 m       3.6 m 
INFO  20:59:14,673 ProgressMeter -     16:27351473    1.264433874E9    11.0 m            0.0 s       78.7%    14.0 m       3.0 m 
INFO  20:59:44,674 ProgressMeter -     16:29469327    1.464754537E9    11.5 m            0.0 s       85.0%    13.5 m       2.0 m 
INFO  21:00:14,675 ProgressMeter -     16:30768460    1.660693915E9    12.0 m            0.0 s       92.5%    13.0 m      58.0 s 
INFO  21:00:41,206 VectorLoglessPairHMM - Time spent in setup for JNI call : 0.40671477100000003 
INFO  21:00:41,206 PairHMM - Total compute time in PairHMM computeLikelihoods() : 90.17312443 
INFO  21:00:41,207 HaplotypeCaller - Ran local assembly on 8684 active regions 
INFO  21:00:41,222 ProgressMeter -            done    1.914349996E9    12.4 m            0.0 s      100.0%    12.4 m       0.0 s 
INFO  21:00:41,222 ProgressMeter - Total runtime 746.94 secs, 12.45 min, 0.21 hours 
INFO  21:00:41,223 MicroScheduler - 596463 reads were filtered out during the traversal out of approximately 2462185 total reads (24.22%) 
INFO  21:00:41,235 MicroScheduler -   -> 0 reads (0.00% of total) failing BadCigarFilter 
INFO  21:00:41,236 MicroScheduler -   -> 319365 reads (12.97% of total) failing DuplicateReadFilter 
INFO  21:00:41,236 MicroScheduler -   -> 0 reads (0.00% of total) failing FailsVendorQualityCheckFilter 
INFO  21:00:41,236 MicroScheduler -   -> 276854 reads (11.24% of total) failing HCMappingQualityFilter 
INFO  21:00:41,237 MicroScheduler -   -> 0 reads (0.00% of total) failing MalformedReadFilter 
INFO  21:00:41,237 MicroScheduler -   -> 0 reads (0.00% of total) failing MappingQualityUnavailableFilter 
INFO  21:00:41,237 MicroScheduler -   -> 244 reads (0.01% of total) failing NotPrimaryAlignmentFilter 
INFO  21:00:41,237 MicroScheduler -   -> 0 reads (0.00% of total) failing UnmappedReadFilter 
