INFO  16:30:44,867 HelpFormatter - --------------------------------------------------------------------------------- 
INFO  16:30:44,870 HelpFormatter - The Genome Analysis Toolkit (GATK) v3.4-46-g8ea4dca, Compiled 2015/08/13 20:41:56 
INFO  16:30:44,870 HelpFormatter - Copyright (c) 2010 The Broad Institute 
INFO  16:30:44,870 HelpFormatter - For support and documentation go to http://www.broadinstitute.org/gatk 
INFO  16:30:44,874 HelpFormatter - Program Args: -T HaplotypeCaller -I /mnt/ssdbroad/output/Solexa-272221_gatk_best_practices_36t_30s_2016-02-11_11-59-19/Solexa-272221_final.bam -L /mnt/ssdbroad/Broad_Ref_Pipeline_approved_package/workflow_profiler/.queue/scatterGather/ExampleHaplotypeCaller-1-sg/temp_27_of_36/scatter.intervals -R /mnt/ssdbroad/Broad_Ref_Pipeline_approved_package/homosapiensrefgenome/Homo_sapiens_assembly19.fasta -variant_index_type LINEAR -variant_index_parameter 128000 -o /mnt/ssdbroad/Broad_Ref_Pipeline_approved_package/workflow_profiler/.queue/scatterGather/ExampleHaplotypeCaller-1-sg/temp_27_of_36/Solexa-272221_HaplotypeCaller.g.vcf -ERC GVCF 
INFO  16:30:44,903 HelpFormatter - Executing as beris@dna on Linux 2.6.32-573.el6.x86_64 amd64; OpenJDK 64-Bit Server VM 1.7.0_79-mockbuild_2015_07_24_09_26-b00. 
INFO  16:30:44,904 HelpFormatter - Date/Time: 2016/02/12 16:30:44 
INFO  16:30:44,904 HelpFormatter - --------------------------------------------------------------------------------- 
INFO  16:30:44,904 HelpFormatter - --------------------------------------------------------------------------------- 
WARN  16:30:44,965 GATKVCFUtils - Naming your output file using the .g.vcf extension will automatically set the appropriate values  for --variant_index_type and --variant_index_parameter 
INFO  16:30:45,140 GenomeAnalysisEngine - Strictness is SILENT 
INFO  16:30:45,344 GenomeAnalysisEngine - Downsampling Settings: Method: BY_SAMPLE, Target Coverage: 500 
INFO  16:30:45,352 SAMDataSource$SAMReaders - Initializing SAMRecords in serial 
INFO  16:30:45,402 SAMDataSource$SAMReaders - Done initializing BAM readers: total time 0.05 
INFO  16:30:45,419 HCMappingQualityFilter - Filtering out reads with MAPQ < 20 
INFO  16:30:45,433 IntervalUtils - Processing 86166015 bp from intervals 
INFO  16:30:45,535 GenomeAnalysisEngine - Preparing for traversal over 1 BAM files 
INFO  16:30:46,099 GenomeAnalysisEngine - Done preparing for traversal 
INFO  16:30:46,099 ProgressMeter - [INITIALIZATION COMPLETE; STARTING PROCESSING] 
INFO  16:30:46,100 ProgressMeter -                 |      processed |    time |         per 1M |           |   total | remaining 
INFO  16:30:46,120 ProgressMeter -        Location | active regions | elapsed | active regions | completed | runtime |   runtime 
INFO  16:30:46,122 HaplotypeCaller - Standard Emitting and Calling confidence set to 0.0 for reference-model confidence output 
INFO  16:30:46,123 HaplotypeCaller - All sites annotated with PLs forced to true for reference-model confidence output 
INFO  16:30:46,365 HaplotypeCaller - Using global mismapping rate of 45 => -4.5 in log10 likelihood units 
Using AVX accelerated implementation of PairHMM
INFO  16:30:53,369 VectorLoglessPairHMM - libVectorLoglessPairHMM unpacked successfully from GATK jar file 
INFO  16:30:53,376 VectorLoglessPairHMM - Using vectorized implementation of PairHMM 
WARN  16:30:53,687 HaplotypeScore - Annotation will not be calculated, must be called from UnifiedGenotyper 
WARN  16:30:53,693 InbreedingCoeff - Annotation will not be calculated, must provide a valid PED file (-ped) from the command line. 
INFO  16:31:16,185 ProgressMeter -     14:40431016              0.0    30.0 s           49.7 w        0.1%    14.1 h      14.1 h 
INFO  16:32:16,187 ProgressMeter -     14:40998034              0.0    90.0 s          149.0 w        0.7%     3.5 h       3.5 h 
INFO  16:32:46,188 ProgressMeter -     14:41264903              0.0   120.0 s          198.6 w        1.0%     3.2 h       3.2 h 
INFO  16:33:26,189 ProgressMeter -     14:41531953              0.0     2.7 m          264.7 w        1.3%     3.3 h       3.3 h 
INFO  16:33:56,191 ProgressMeter -     14:41797713              0.0     3.2 m          314.3 w        1.6%     3.2 h       3.2 h 
INFO  16:34:36,192 ProgressMeter -     14:42298502              0.0     3.8 m          380.4 w        2.2%     2.9 h       2.8 h 
INFO  16:35:16,193 ProgressMeter -     14:42699842              0.0     4.5 m          446.6 w        2.7%     2.8 h       2.7 h 
INFO  16:35:46,193 ProgressMeter -     14:42992602              0.0     5.0 m          496.2 w        3.0%     2.7 h       2.7 h 
INFO  16:36:16,194 ProgressMeter -     14:43319811              0.0     5.5 m          545.8 w        3.4%     2.7 h       2.6 h 
INFO  16:36:56,195 ProgressMeter -     14:43729502              0.0     6.2 m          611.9 w        3.9%     2.6 h       2.5 h 
INFO  16:37:26,195 ProgressMeter -     14:44103513              0.0     6.7 m          661.5 w        4.3%     2.6 h       2.5 h 
INFO  16:37:56,196 ProgressMeter -     14:44456296              0.0     7.2 m          711.1 w        4.7%     2.5 h       2.4 h 
INFO  16:38:26,197 ProgressMeter -     14:44835301              0.0     7.7 m          760.7 w        5.2%     2.5 h       2.3 h 
INFO  16:39:06,198 ProgressMeter -     14:45235999              0.0     8.3 m          826.9 w        5.6%     2.5 h       2.3 h 
INFO  16:39:46,198 ProgressMeter -     14:45852524              0.0     9.0 m          893.0 w        6.4%     2.4 h       2.2 h 
INFO  16:40:16,199 ProgressMeter -     14:46245373              0.0     9.5 m          942.6 w        6.8%     2.3 h       2.2 h 
INFO  16:40:46,200 ProgressMeter -     14:46559411              0.0    10.0 m          992.2 w        7.2%     2.3 h       2.2 h 
INFO  16:41:16,211 ProgressMeter -     14:46776584              0.0    10.5 m         1041.9 w        7.4%     2.4 h       2.2 h 
INFO  16:41:46,211 ProgressMeter -     14:47050971              0.0    11.0 m         1091.5 w        7.7%     2.4 h       2.2 h 
INFO  16:42:16,212 ProgressMeter -     14:47400231              0.0    11.5 m         1141.1 w        8.1%     2.4 h       2.2 h 
INFO  16:42:46,219 ProgressMeter -     14:47744147              0.0    12.0 m         1190.7 w        8.5%     2.3 h       2.1 h 
INFO  16:43:16,220 ProgressMeter -     14:47996481              0.0    12.5 m         1240.3 w        8.8%     2.4 h       2.1 h 
INFO  16:43:46,221 ProgressMeter -     14:48304524              0.0    13.0 m         1289.9 w        9.2%     2.4 h       2.1 h 
INFO  16:44:26,221 ProgressMeter -     14:48674425              0.0    13.7 m         1356.0 w        9.6%     2.4 h       2.1 h 
INFO  16:44:56,222 ProgressMeter -     14:49059745              0.0    14.2 m         1405.6 w       10.1%     2.3 h       2.1 h 
INFO  16:45:26,223 ProgressMeter -     14:49379942              0.0    14.7 m         1455.2 w       10.4%     2.3 h       2.1 h 
INFO  16:46:06,224 ProgressMeter -     14:49825596              0.0    15.3 m         1521.4 w       11.0%     2.3 h       2.1 h 
INFO  16:46:36,224 ProgressMeter -     14:50216507              0.0    15.8 m         1571.0 w       11.4%     2.3 h       2.0 h 
INFO  16:47:06,225 ProgressMeter -     14:50544391              0.0    16.3 m         1620.6 w       11.8%     2.3 h       2.0 h 
INFO  16:47:36,226 ProgressMeter -     14:50837161              0.0    16.8 m         1670.2 w       12.1%     2.3 h       2.0 h 
INFO  16:48:06,679 ProgressMeter -     14:51088127              0.0    17.3 m         1720.5 w       12.4%     2.3 h       2.0 h 
INFO  16:48:36,680 ProgressMeter -     14:51382721              0.0    17.8 m         1770.1 w       12.8%     2.3 h       2.0 h 
INFO  16:49:06,680 ProgressMeter -     14:51688059              0.0    18.3 m         1819.7 w       13.1%     2.3 h       2.0 h 
INFO  16:49:36,681 ProgressMeter -     14:52013115              0.0    18.8 m         1869.3 w       13.5%     2.3 h       2.0 h 
WARN  16:49:44,959 ExactAFCalculator - this tool is currently set to genotype at most 6 alternate alleles in a given context, but the context at 14:52104183 has 8 alternate alleles so only the top alleles will be used; see the --max_alternate_alleles argument 
INFO  16:50:06,682 ProgressMeter -     14:52308677              0.0    19.3 m         1919.0 w       13.8%     2.3 h       2.0 h 
INFO  16:50:46,683 ProgressMeter -     14:52664319              0.0    20.0 m         1985.1 w       14.3%     2.3 h       2.0 h 
INFO  16:51:16,683 ProgressMeter -     14:52981313              0.0    20.5 m         2034.7 w       14.6%     2.3 h     119.7 m 
INFO  16:51:46,684 ProgressMeter -     14:53346716              0.0    21.0 m         2084.3 w       15.0%     2.3 h     118.6 m 
INFO  16:52:16,685 ProgressMeter -     14:53679601              0.0    21.5 m         2133.9 w       15.4%     2.3 h     117.8 m 
INFO  16:52:56,686 ProgressMeter -     14:53987583              0.0    22.2 m         2200.0 w       15.8%     2.3 h     118.2 m 
INFO  16:53:36,687 ProgressMeter -     14:54427226              0.0    22.8 m         2266.2 w       16.3%     2.3 h     117.2 m 
INFO  16:54:06,687 ProgressMeter -     14:54695189              0.0    23.3 m         2315.8 w       16.6%     2.3 h     117.1 m 
INFO  16:54:36,688 ProgressMeter -     14:55085788              0.0    23.8 m         2365.4 w       17.1%     2.3 h     115.8 m 
INFO  16:55:06,689 ProgressMeter -     14:55415347              0.0    24.3 m         2415.0 w       17.4%     2.3 h     115.1 m 
INFO  16:55:36,690 ProgressMeter -     14:55743406              0.0    24.8 m         2464.6 w       17.8%     2.3 h     114.4 m 
INFO  16:56:16,690 ProgressMeter -     14:56187994              0.0    25.5 m         2530.7 w       18.3%     2.3 h     113.5 m 
INFO  16:56:46,691 ProgressMeter -     14:56481055              0.0    26.0 m         2580.3 w       18.7%     2.3 h     113.1 m 
INFO  16:57:16,692 ProgressMeter -     14:56708181              0.0    26.5 m         2629.9 w       18.9%     2.3 h     113.3 m 
INFO  16:57:46,693 ProgressMeter -     14:56988081              0.0    27.0 m         2679.6 w       19.3%     2.3 h     113.1 m 
INFO  16:58:26,694 ProgressMeter -     14:57400152              0.0    27.7 m         2745.7 w       19.8%     2.3 h     112.4 m 
INFO  16:58:56,694 ProgressMeter -     14:57754307              0.0    28.2 m         2795.3 w       20.2%     2.3 h     111.5 m 
INFO  16:59:26,695 ProgressMeter -     14:58088829              0.0    28.7 m         2844.9 w       20.6%     2.3 h     110.8 m 
INFO  16:59:56,696 ProgressMeter -     14:58361035              0.0    29.2 m         2894.5 w       20.9%     2.3 h     110.6 m 
INFO  17:00:26,697 ProgressMeter -     14:58657133              0.0    29.7 m         2944.1 w       21.2%     2.3 h     110.2 m 
INFO  17:01:06,697 ProgressMeter -     14:59177808              0.0    30.3 m         3010.2 w       21.8%     2.3 h     108.7 m 
INFO  17:01:36,698 ProgressMeter -     14:59455239              0.0    30.8 m         3059.9 w       22.1%     2.3 h     108.4 m 
INFO  17:02:06,699 ProgressMeter -     14:59769244              0.0    31.3 m         3109.5 w       22.5%     2.3 h     107.9 m 
INFO  17:02:46,700 ProgressMeter -     14:60176184              0.0    32.0 m         3175.6 w       23.0%     2.3 h     107.3 m 
INFO  17:03:26,700 ProgressMeter -     14:60661445              0.0    32.7 m         3241.7 w       23.5%     2.3 h     106.1 m 
INFO  17:03:56,707 ProgressMeter -     14:61030074              0.0    33.2 m         3291.3 w       24.0%     2.3 h     105.2 m 
INFO  17:04:26,708 ProgressMeter -     14:61389998              0.0    33.7 m         3341.0 w       24.4%     2.3 h     104.4 m 
INFO  17:04:56,709 ProgressMeter -     14:61736043              0.0    34.2 m         3390.6 w       24.8%     2.3 h     103.7 m 
INFO  17:05:36,710 ProgressMeter -     14:62167909              0.0    34.8 m         3456.7 w       25.3%     2.3 h     102.9 m 
INFO  17:06:06,710 ProgressMeter -     14:62559249              0.0    35.3 m         3506.3 w       25.7%     2.3 h     101.9 m 
INFO  17:06:36,711 ProgressMeter -     14:62929387              0.0    35.8 m         3555.9 w       26.2%     2.3 h     101.1 m 
INFO  17:07:06,734 ProgressMeter -     14:63129402              0.0    36.3 m         3605.5 w       26.4%     2.3 h     101.3 m 
INFO  17:07:36,735 ProgressMeter -     14:63496186              0.0    36.8 m         3655.2 w       26.8%     2.3 h     100.5 m 
INFO  17:08:06,736 ProgressMeter -     14:63831858              0.0    37.3 m         3704.8 w       27.2%     2.3 h      99.8 m 
INFO  17:08:46,737 ProgressMeter -     14:64375596              0.0    38.0 m         3770.9 w       27.8%     2.3 h      98.5 m 
INFO  17:09:16,737 ProgressMeter -     14:64754724              0.0    38.5 m         3820.5 w       28.3%     2.3 h      97.6 m 
INFO  17:09:46,738 ProgressMeter -     14:65082292              0.0    39.0 m         3870.1 w       28.7%     2.3 h      97.0 m 
INFO  17:10:16,739 ProgressMeter -     14:65468312              0.0    39.5 m         3919.7 w       29.1%     2.3 h      96.2 m 
INFO  17:10:56,739 ProgressMeter -     14:65965655              0.0    40.2 m         3985.8 w       29.7%     2.3 h      95.1 m 
INFO  17:11:26,740 ProgressMeter -     14:66332985              0.0    40.7 m         4035.5 w       30.1%     2.3 h      94.4 m 
INFO  17:11:56,741 ProgressMeter -     14:66797649              0.0    41.2 m         4085.1 w       30.7%     2.2 h      93.1 m 
INFO  17:12:36,742 ProgressMeter -     14:67443472              0.0    41.8 m         4151.2 w       31.4%     2.2 h      91.4 m 
INFO  17:13:16,743 ProgressMeter -     14:67987660              0.0    42.5 m         4217.3 w       32.0%     2.2 h      90.1 m 
INFO  17:13:46,744 ProgressMeter -     14:68320157              0.0    43.0 m         4266.9 w       32.4%     2.2 h      89.6 m 
INFO  17:14:26,744 ProgressMeter -     14:68876457              0.0    43.7 m         4333.1 w       33.1%     2.2 h      88.4 m 
INFO  17:14:56,745 ProgressMeter -     14:69202604              0.0    44.2 m         4382.7 w       33.4%     2.2 h      87.9 m 
INFO  17:15:26,746 ProgressMeter -     14:69554126              0.0    44.7 m         4432.3 w       33.9%     2.2 h      87.3 m 
INFO  17:15:56,747 ProgressMeter -     14:69957141              0.0    45.2 m         4481.9 w       34.3%     2.2 h      86.4 m 
INFO  17:16:36,747 ProgressMeter -     14:70482138              0.0    45.8 m         4548.0 w       34.9%     2.2 h      85.4 m 
INFO  17:17:06,748 ProgressMeter -     14:70759373              0.0    46.3 m         4597.6 w       35.3%     2.2 h      85.1 m 
INFO  17:17:36,753 ProgressMeter -     14:71096956              0.0    46.8 m         4647.2 w       35.6%     2.2 h      84.5 m 
INFO  17:18:16,754 ProgressMeter -     14:71556655              0.0    47.5 m         4713.4 w       36.2%     2.2 h      83.8 m 
INFO  17:18:46,755 ProgressMeter -     14:71889837              0.0    48.0 m         4763.0 w       36.6%     2.2 h      83.3 m 
INFO  17:19:26,756 ProgressMeter -     14:72365178              0.0    48.7 m         4829.1 w       37.1%     2.2 h      82.4 m 
INFO  17:19:56,756 ProgressMeter -     14:72654332              0.0    49.2 m         4878.7 w       37.5%     2.2 h      82.1 m 
INFO  17:20:26,757 ProgressMeter -     14:72946903              0.0    49.7 m         4928.3 w       37.8%     2.2 h      81.7 m 
INFO  17:21:06,758 ProgressMeter -     14:73450196              0.0    50.3 m         4994.5 w       38.4%     2.2 h      80.8 m 
INFO  17:21:36,760 ProgressMeter -     14:73838922              0.0    50.8 m         5044.1 w       38.8%     2.2 h      80.1 m 
INFO  17:22:06,760 ProgressMeter -     14:74218302              0.0    51.3 m         5093.7 w       39.3%     2.2 h      79.4 m 
INFO  17:22:36,761 ProgressMeter -     14:74553090              0.0    51.8 m         5143.3 w       39.7%     2.2 h      78.9 m 
INFO  17:23:06,762 ProgressMeter -     14:74868242              0.0    52.3 m         5192.9 w       40.0%     2.2 h      78.4 m 
INFO  17:23:46,763 ProgressMeter -     14:75396869              0.0    53.0 m         5259.0 w       40.6%     2.2 h      77.4 m 
INFO  17:24:16,763 ProgressMeter -     14:75750260              0.0    53.5 m         5308.6 w       41.0%     2.2 h      76.8 m 
INFO  17:24:46,764 ProgressMeter -     14:76102836              0.0    54.0 m         5358.2 w       41.5%     2.2 h      76.3 m 
INFO  17:25:16,765 ProgressMeter -     14:76471761              0.0    54.5 m         5407.8 w       41.9%     2.2 h      75.6 m 
INFO  17:25:56,766 ProgressMeter -     14:76904352              0.0    55.2 m         5474.0 w       42.4%     2.2 h      75.0 m 
INFO  17:26:26,766 ProgressMeter -     14:77194717              0.0    55.7 m         5523.6 w       42.7%     2.2 h      74.6 m 
INFO  17:26:56,767 ProgressMeter -     14:77515814              0.0    56.2 m         5573.2 w       43.1%     2.2 h      74.2 m 
INFO  17:27:26,779 ProgressMeter -     14:77824146              0.0    56.7 m         5622.8 w       43.5%     2.2 h      73.7 m 
INFO  17:27:56,780 ProgressMeter -     14:78117557              0.0    57.2 m         5672.4 w       43.8%     2.2 h      73.4 m 
INFO  17:28:27,021 ProgressMeter -     14:78471946              0.0    57.7 m         5722.4 w       44.2%     2.2 h      72.8 m 
INFO  17:29:07,022 ProgressMeter -     14:78834024              0.0    58.3 m         5788.6 w       44.6%     2.2 h      72.4 m 
INFO  17:29:37,022 ProgressMeter -     14:79199134              0.0    58.8 m         5838.2 w       45.1%     2.2 h      71.8 m 
INFO  17:30:07,023 ProgressMeter -     14:79571938              0.0    59.3 m         5887.8 w       45.5%     2.2 h      71.1 m 
INFO  17:30:47,024 ProgressMeter -     14:80076053              0.0    60.0 m         5953.9 w       46.1%     2.2 h      70.2 m 
INFO  17:31:27,024 ProgressMeter -     14:80520217              0.0    60.7 m         6020.0 w       46.6%     2.2 h      69.6 m 
INFO  17:31:57,042 ProgressMeter -     14:80923417              0.0    61.2 m         6069.7 w       47.1%     2.2 h      68.8 m 
INFO  17:32:27,098 ProgressMeter -     14:81244268              0.0    61.7 m         6119.4 w       47.4%     2.2 h      68.4 m 
INFO  17:32:57,099 ProgressMeter -     14:81578906              0.0    62.2 m         6169.0 w       47.8%     2.2 h      67.9 m 
INFO  17:33:37,100 ProgressMeter -     14:82063787              0.0    62.9 m         6235.1 w       48.4%     2.2 h      67.1 m 
INFO  17:34:17,101 ProgressMeter -     14:82552525              0.0    63.5 m         6301.3 w       48.9%     2.2 h      66.3 m 
INFO  17:34:47,101 ProgressMeter -     14:82939719              0.0    64.0 m         6350.9 w       49.4%     2.2 h      65.6 m 
INFO  17:35:17,105 ProgressMeter -     14:83297670              0.0    64.5 m         6400.5 w       49.8%     2.2 h      65.0 m 
INFO  17:35:47,105 ProgressMeter -     14:83568871              0.0    65.0 m         6450.1 w       50.1%     2.2 h      64.7 m 
INFO  17:36:17,106 ProgressMeter -     14:83911953              0.0    65.5 m         6499.7 w       50.5%     2.2 h      64.2 m 
INFO  17:36:47,107 ProgressMeter -     14:84271721              0.0    66.0 m         6549.3 w       50.9%     2.2 h      63.6 m 
INFO  17:37:27,108 ProgressMeter -     14:84770829              0.0    66.7 m         6615.4 w       51.5%     2.2 h      62.8 m 
INFO  17:38:07,109 ProgressMeter -     14:85154550              0.0    67.4 m         6681.6 w       52.0%     2.2 h      62.3 m 
INFO  17:38:37,109 ProgressMeter -     14:85477720              0.0    67.9 m         6731.2 w       52.3%     2.2 h      61.8 m 
INFO  17:39:07,110 ProgressMeter -     14:85807546              0.0    68.4 m         6780.8 w       52.7%     2.2 h      61.3 m 
INFO  17:39:47,111 ProgressMeter -     14:86181062              0.0    69.0 m         6846.9 w       53.2%     2.2 h      60.8 m 
INFO  17:40:27,111 ProgressMeter -     14:86637384              0.0    69.7 m         6913.0 w       53.7%     2.2 h      60.1 m 
INFO  17:40:57,112 ProgressMeter -     14:86884082              0.0    70.2 m         6962.7 w       54.0%     2.2 h      59.9 m 
INFO  17:41:27,113 ProgressMeter -     14:87218633              0.0    70.7 m         7012.3 w       54.4%     2.2 h      59.3 m 
INFO  17:42:07,114 ProgressMeter -     14:87633902              0.0    71.4 m         7078.4 w       54.8%     2.2 h      58.8 m 
INFO  17:42:37,114 ProgressMeter -     14:87899651              0.0    71.9 m         7128.0 w       55.1%     2.2 h      58.4 m 
INFO  17:43:07,115 ProgressMeter -     14:88287455              0.0    72.4 m         7177.6 w       55.6%     2.2 h      57.8 m 
INFO  17:43:37,116 ProgressMeter -     14:88529954              0.0    72.9 m         7227.2 w       55.9%     2.2 h      57.5 m 
INFO  17:44:07,117 ProgressMeter -     14:88842575              0.0    73.4 m         7276.8 w       56.2%     2.2 h      57.1 m 
INFO  17:44:37,118 ProgressMeter -     14:89194858              0.0    73.9 m         7326.4 w       56.7%     2.2 h      56.5 m 
INFO  17:45:07,119 ProgressMeter -     14:89564922              0.0    74.4 m         7376.0 w       57.1%     2.2 h      55.9 m 
INFO  17:45:37,120 ProgressMeter -     14:89928947              0.0    74.9 m         7425.6 w       57.5%     2.2 h      55.3 m 
INFO  17:46:17,120 ProgressMeter -     14:90328602              0.0    75.5 m         7491.8 w       58.0%     2.2 h      54.8 m 
INFO  17:46:47,121 ProgressMeter -     14:90693832              0.0    76.0 m         7541.4 w       58.4%     2.2 h      54.2 m 
INFO  17:47:17,122 ProgressMeter -     14:91024006              0.0    76.5 m         7591.0 w       58.8%     2.2 h      53.7 m 
INFO  17:47:47,123 ProgressMeter -     14:91410562              0.0    77.0 m         7640.6 w       59.2%     2.2 h      53.0 m 
INFO  17:48:17,124 ProgressMeter -     14:91807029              0.0    77.5 m         7690.2 w       59.7%     2.2 h      52.4 m 
INFO  17:48:57,124 ProgressMeter -     14:92156636              0.0    78.2 m         7756.3 w       60.1%     2.2 h      51.9 m 
INFO  17:49:27,763 ProgressMeter -     14:92475916              0.0    78.7 m         7807.0 w       60.5%     2.2 h      51.5 m 
INFO  17:49:57,767 ProgressMeter -     14:92686876              0.0    79.2 m         7856.6 w       60.7%     2.2 h      51.3 m 
INFO  17:50:27,768 ProgressMeter -     14:92968593              0.0    79.7 m         7906.2 w       61.0%     2.2 h      50.9 m 
INFO  17:50:57,769 ProgressMeter -     14:93292551              0.0    80.2 m         7955.8 w       61.4%     2.2 h      50.4 m 
INFO  17:51:37,770 ProgressMeter -     14:93722561              0.0    80.9 m         8021.9 w       61.9%     2.2 h      49.8 m 
INFO  17:52:07,770 ProgressMeter -     14:94084768              0.0    81.4 m         8071.5 w       62.3%     2.2 h      49.2 m 
INFO  17:52:37,771 ProgressMeter -     14:94442594              0.0    81.9 m         8121.2 w       62.7%     2.2 h      48.6 m 
INFO  17:53:07,772 ProgressMeter -     14:94800843              0.0    82.4 m         8170.8 w       63.2%     2.2 h      48.0 m 
INFO  17:53:37,775 ProgressMeter -     14:95008607              0.0    82.9 m         8220.4 w       63.4%     2.2 h      47.8 m 
INFO  17:54:07,776 ProgressMeter -     14:95274704              0.0    83.4 m         8270.0 w       63.7%     2.2 h      47.5 m 
INFO  17:54:37,779 ProgressMeter -     14:95518112              0.0    83.9 m         8319.6 w       64.0%     2.2 h      47.2 m 
INFO  17:55:07,780 ProgressMeter -     14:95876680              0.0    84.4 m         8369.2 w       64.4%     2.2 h      46.6 m 
INFO  17:55:47,781 ProgressMeter -     14:96137495              0.0    85.0 m         8435.3 w       64.7%     2.2 h      46.4 m 
INFO  17:56:17,783 ProgressMeter -     14:96488300              0.0    85.5 m         8484.9 w       65.1%     2.2 h      45.8 m 
INFO  17:56:47,784 ProgressMeter -     14:96815006              0.0    86.0 m         8534.5 w       65.5%     2.2 h      45.3 m 
INFO  17:57:17,787 ProgressMeter -     14:97172015              0.0    86.5 m         8584.1 w       65.9%     2.2 h      44.7 m 
INFO  17:57:47,788 ProgressMeter -     14:97535250              0.0    87.0 m         8633.7 w       66.3%     2.2 h      44.2 m 
INFO  17:58:17,791 ProgressMeter -     14:97972010              0.0    87.5 m         8683.4 w       66.8%     2.2 h      43.4 m 
INFO  17:58:47,792 ProgressMeter -     14:98323122              0.0    88.0 m         8733.0 w       67.2%     2.2 h      42.9 m 
INFO  17:59:17,799 ProgressMeter -     14:98589019              0.0    88.5 m         8782.6 w       67.6%     2.2 h      42.5 m 
INFO  17:59:47,799 ProgressMeter -     14:98896354              0.0    89.0 m         8832.2 w       67.9%     2.2 h      42.1 m 
INFO  18:00:17,800 ProgressMeter -     14:99207180              0.0    89.5 m         8881.8 w       68.3%     2.2 h      41.6 m 
INFO  18:00:47,801 ProgressMeter -     14:99575156              0.0    90.0 m         8931.4 w       68.7%     2.2 h      41.0 m 
INFO  18:01:17,802 ProgressMeter -     14:99925334              0.0    90.5 m         8981.0 w       69.1%     2.2 h      40.5 m 
INFO  18:01:47,804 ProgressMeter -    14:100222673              0.0    91.0 m         9030.6 w       69.5%     2.2 h      40.0 m 
INFO  18:02:17,804 ProgressMeter -    14:100589027              0.0    91.5 m         9080.2 w       69.9%     2.2 h      39.5 m 
INFO  18:02:47,805 ProgressMeter -    14:100985073              0.0    92.0 m         9129.8 w       70.3%     2.2 h      38.8 m 
INFO  18:03:27,806 ProgressMeter -    14:101514511              0.0    92.7 m         9195.9 w       70.9%     2.2 h      37.9 m 
INFO  18:04:07,807 ProgressMeter -    14:101949966              0.0    93.4 m         9262.1 w       71.5%     2.2 h      37.3 m 
INFO  18:04:37,807 ProgressMeter -    14:102416094              0.0    93.9 m         9311.7 w       72.0%     2.2 h      36.5 m 
INFO  18:05:07,808 ProgressMeter -    14:102782903              0.0    94.4 m         9361.3 w       72.4%     2.2 h      35.9 m 
INFO  18:05:37,809 ProgressMeter -    14:103135799              0.0    94.9 m         9410.9 w       72.8%     2.2 h      35.4 m 
INFO  18:06:07,810 ProgressMeter -    14:103552025              0.0    95.4 m         9460.5 w       73.3%     2.2 h      34.7 m 
INFO  18:06:47,811 ProgressMeter -    14:104000188              0.0    96.0 m         9526.6 w       73.8%     2.2 h      34.0 m 
INFO  18:07:17,811 ProgressMeter -    14:104339911              0.0    96.5 m         9576.2 w       74.2%     2.2 h      33.5 m 
INFO  18:07:47,812 ProgressMeter -    14:104673857              0.0    97.0 m         9625.8 w       74.6%     2.2 h      33.0 m 
INFO  18:08:17,813 ProgressMeter -    14:104993586              0.0    97.5 m         9675.5 w       75.0%     2.2 h      32.5 m 
INFO  18:08:47,814 ProgressMeter -    14:105333208              0.0    98.0 m         9725.1 w       75.4%     2.2 h      32.0 m 
INFO  18:09:27,814 ProgressMeter -    14:105818019              0.0    98.7 m         9791.2 w       75.9%     2.2 h      31.3 m 
INFO  18:09:57,815 ProgressMeter -    14:106119287              0.0    99.2 m         9840.8 w       76.3%     2.2 h      30.8 m 
INFO  18:10:27,817 ProgressMeter -    14:106297186              0.0    99.7 m         9890.4 w       76.5%     2.2 h      30.6 m 
INFO  18:10:57,817 ProgressMeter -    14:106784299              0.0   100.2 m         9940.0 w       77.1%     2.2 h      29.8 m 
INFO  18:11:27,818 ProgressMeter -    14:106805560              0.0   100.7 m         9989.6 w       77.1%     2.2 h      29.9 m 
INFO  18:11:57,819 ProgressMeter -    14:106817047              0.0   101.2 m        10039.2 w       77.1%     2.2 h      30.0 m 
INFO  18:12:37,820 ProgressMeter -    14:106923160              0.0   101.9 m        10105.4 w       77.2%     2.2 h      30.0 m 
INFO  18:13:17,820 ProgressMeter -    14:107037600              0.0   102.5 m        10171.5 w       77.4%     2.2 h      30.0 m 
INFO  18:13:47,821 ProgressMeter -    14:107165473              0.0   103.0 m        10221.1 w       77.5%     2.2 h      29.9 m 
INFO  18:14:17,822 ProgressMeter -    14:107187298              0.0   103.5 m        10270.7 w       77.5%     2.2 h      30.0 m 
INFO  18:14:47,823 ProgressMeter -    14:107280293              0.0   104.0 m        10320.3 w       77.6%     2.2 h      30.0 m 
INFO  18:15:27,869 ProgressMeter -     15:13488995      6.6969329E7   104.7 m           93.0 s       93.4%   112.1 m       7.4 m 
INFO  18:15:41,427 VectorLoglessPairHMM - Time spent in setup for JNI call : 2.055315348 
INFO  18:15:41,427 PairHMM - Total compute time in PairHMM computeLikelihoods() : 414.98987516000005 
INFO  18:15:41,427 HaplotypeCaller - Ran local assembly on 401072 active regions 
INFO  18:15:41,432 ProgressMeter -            done      8.6166015E7   104.9 m           73.0 s      100.0%   104.9 m       0.0 s 
INFO  18:15:41,433 ProgressMeter - Total runtime 6295.33 secs, 104.92 min, 1.75 hours 
INFO  18:15:41,433 MicroScheduler - 2567105 reads were filtered out during the traversal out of approximately 18223423 total reads (14.09%) 
INFO  18:15:41,433 MicroScheduler -   -> 0 reads (0.00% of total) failing BadCigarFilter 
INFO  18:15:41,434 MicroScheduler -   -> 2168838 reads (11.90% of total) failing DuplicateReadFilter 
INFO  18:15:41,434 MicroScheduler -   -> 0 reads (0.00% of total) failing FailsVendorQualityCheckFilter 
INFO  18:15:41,434 MicroScheduler -   -> 374067 reads (2.05% of total) failing HCMappingQualityFilter 
INFO  18:15:41,434 MicroScheduler -   -> 0 reads (0.00% of total) failing MalformedReadFilter 
INFO  18:15:41,434 MicroScheduler -   -> 0 reads (0.00% of total) failing MappingQualityUnavailableFilter 
INFO  18:15:41,435 MicroScheduler -   -> 24200 reads (0.13% of total) failing NotPrimaryAlignmentFilter 
INFO  18:15:41,435 MicroScheduler -   -> 0 reads (0.00% of total) failing UnmappedReadFilter 
