INFO  14:30:03,551 HelpFormatter - --------------------------------------------------------------------------------- 
INFO  14:30:03,563 HelpFormatter - The Genome Analysis Toolkit (GATK) v3.4-46-g8ea4dca, Compiled 2015/08/13 20:41:56 
INFO  14:30:03,563 HelpFormatter - Copyright (c) 2010 The Broad Institute 
INFO  14:30:03,563 HelpFormatter - For support and documentation go to http://www.broadinstitute.org/gatk 
INFO  14:30:03,566 HelpFormatter - Program Args: -T HaplotypeCaller -I /mnt/sdb/data/broadout/sim1M_pairs_gatk_best_practices_12t_30s_2016-07-25_14-09-52/sim1M_pairs_realign.bam -L /mnt/sdb/Broad_Ref_Pipeline_approved_package/workflow_profiler/.queue/scatterGather/ExampleHaplotypeCaller-1-sg/temp_31_of_36/scatter.intervals -R /mnt/sdb/Broad_Ref_Pipeline_approved_package/b37bundle/human_g1k_v37.fasta -variant_index_type LINEAR -variant_index_parameter 128000 -o /mnt/sdb/Broad_Ref_Pipeline_approved_package/workflow_profiler/.queue/scatterGather/ExampleHaplotypeCaller-1-sg/temp_31_of_36/sim1M_pairs_realign.bam_HaplotypeCaller.g.vcf -ERC GVCF 
INFO  14:30:03,598 HelpFormatter - Executing as bshifaw@application-0-1.hudson.intel.com on Linux 3.10.0-327.el7.x86_64 amd64; OpenJDK 64-Bit Server VM 1.8.0_101-b13. 
INFO  14:30:03,599 HelpFormatter - Date/Time: 2016/07/25 14:30:03 
INFO  14:30:03,599 HelpFormatter - --------------------------------------------------------------------------------- 
INFO  14:30:03,608 HelpFormatter - --------------------------------------------------------------------------------- 
WARN  14:30:03,611 GATKVCFUtils - Naming your output file using the .g.vcf extension will automatically set the appropriate values  for --variant_index_type and --variant_index_parameter 
INFO  14:30:03,755 GenomeAnalysisEngine - Strictness is SILENT 
INFO  14:30:03,900 GenomeAnalysisEngine - Downsampling Settings: Method: BY_SAMPLE, Target Coverage: 500 
INFO  14:30:03,906 SAMDataSource$SAMReaders - Initializing SAMRecords in serial 
INFO  14:30:04,038 SAMDataSource$SAMReaders - Done initializing BAM readers: total time 0.12 
INFO  14:30:04,049 HCMappingQualityFilter - Filtering out reads with MAPQ < 20 
INFO  14:30:04,198 IntervalUtils - Processing 1437965 bp from intervals 
INFO  14:30:04,299 GenomeAnalysisEngine - Preparing for traversal over 1 BAM files 
INFO  14:30:04,575 GenomeAnalysisEngine - Done preparing for traversal 
INFO  14:30:04,586 ProgressMeter - [INITIALIZATION COMPLETE; STARTING PROCESSING] 
INFO  14:30:04,587 ProgressMeter -                 |      processed |    time |         per 1M |           |   total | remaining 
INFO  14:30:04,594 ProgressMeter -        Location | active regions | elapsed | active regions | completed | runtime |   runtime 
INFO  14:30:04,604 HaplotypeCaller - Standard Emitting and Calling confidence set to 0.0 for reference-model confidence output 
INFO  14:30:04,604 HaplotypeCaller - All sites annotated with PLs forced to true for reference-model confidence output 
INFO  14:30:05,128 HaplotypeCaller - Using global mismapping rate of 45 => -4.5 in log10 likelihood units 
Using AVX accelerated implementation of PairHMM
INFO  14:30:15,646 VectorLoglessPairHMM - libVectorLoglessPairHMM unpacked successfully from GATK jar file 
INFO  14:30:15,647 VectorLoglessPairHMM - Using vectorized implementation of PairHMM 
WARN  14:30:16,021 HaplotypeScore - Annotation will not be calculated, must be called from UnifiedGenotyper 
WARN  14:30:16,022 InbreedingCoeff - Annotation will not be calculated, must provide a valid PED file (-ped) from the command line. 
INFO  14:30:34,635 ProgressMeter -      19:6939983     6.41238506E8    30.0 s            0.0 s       64.5%    46.0 s      16.0 s 
INFO  14:30:43,369 VectorLoglessPairHMM - Time spent in setup for JNI call : 9.615460000000001E-4 
INFO  14:30:43,369 PairHMM - Total compute time in PairHMM computeLikelihoods() : 0.0017695640000000002 
INFO  14:30:43,369 HaplotypeCaller - Ran local assembly on 6733 active regions 
INFO  14:30:43,388 ProgressMeter -            done    1.505769969E9    38.0 s            0.0 s      100.0%    38.0 s       0.0 s 
INFO  14:30:43,401 ProgressMeter - Total runtime 38.82 secs, 0.65 min, 0.01 hours 
INFO  14:30:43,402 MicroScheduler - 7 reads were filtered out during the traversal out of approximately 1687 total reads (0.41%) 
INFO  14:30:43,402 MicroScheduler -   -> 0 reads (0.00% of total) failing BadCigarFilter 
INFO  14:30:43,402 MicroScheduler -   -> 0 reads (0.00% of total) failing DuplicateReadFilter 
INFO  14:30:43,402 MicroScheduler -   -> 0 reads (0.00% of total) failing FailsVendorQualityCheckFilter 
INFO  14:30:43,403 MicroScheduler -   -> 7 reads (0.41% of total) failing HCMappingQualityFilter 
INFO  14:30:43,403 MicroScheduler -   -> 0 reads (0.00% of total) failing MalformedReadFilter 
INFO  14:30:43,403 MicroScheduler -   -> 0 reads (0.00% of total) failing MappingQualityUnavailableFilter 
INFO  14:30:43,403 MicroScheduler -   -> 0 reads (0.00% of total) failing NotPrimaryAlignmentFilter 
INFO  14:30:43,404 MicroScheduler -   -> 0 reads (0.00% of total) failing UnmappedReadFilter 
