INFO  19:54:45,099 HelpFormatter - --------------------------------------------------------------------------------- 
INFO  19:54:45,102 HelpFormatter - The Genome Analysis Toolkit (GATK) v3.4-46-g8ea4dca, Compiled 2015/08/13 20:41:56 
INFO  19:54:45,102 HelpFormatter - Copyright (c) 2010 The Broad Institute 
INFO  19:54:45,102 HelpFormatter - For support and documentation go to http://www.broadinstitute.org/gatk 
INFO  19:54:45,106 HelpFormatter - Program Args: -T BaseRecalibrator -I /mnt/nvme0n1/data/broadout/HG02771_gatk_best_practices_8t_30s_2016-07-06_18-21-02/HG02771_realign.bam -L /mnt/nvme0n1/Broad_Ref_Pipeline_approved_package/workflow_profiler/.queue/scatterGather/ExampleBaseRecalibrator-1-sg/temp_20_of_24/scatter.intervals -R /mnt/nvme0n1/Broad_Ref_Pipeline_approved_package/b37bundle/human_g1k_v37.fasta -knownSites /mnt/nvme0n1/Broad_Ref_Pipeline_approved_package/b37bundle/dbsnp_138.b37.vcf -o /mnt/nvme0n1/Broad_Ref_Pipeline_approved_package/workflow_profiler/.queue/scatterGather/ExampleBaseRecalibrator-1-sg/temp_20_of_24/HG02771_recal.grp 
INFO  19:54:45,122 HelpFormatter - Executing as bshifaw@application-1-1.hudson.intel.com on Linux 3.10.0-327.el7.x86_64 amd64; OpenJDK 64-Bit Server VM 1.8.0_91-b14. 
INFO  19:54:45,135 HelpFormatter - Date/Time: 2016/07/06 19:54:45 
INFO  19:54:45,144 HelpFormatter - --------------------------------------------------------------------------------- 
INFO  19:54:45,144 HelpFormatter - --------------------------------------------------------------------------------- 
INFO  19:54:45,300 GenomeAnalysisEngine - Strictness is SILENT 
INFO  19:54:45,636 GenomeAnalysisEngine - Downsampling Settings: No downsampling 
INFO  19:54:45,650 SAMDataSource$SAMReaders - Initializing SAMRecords in serial 
INFO  19:54:45,833 SAMDataSource$SAMReaders - Done initializing BAM readers: total time 0.18 
INFO  19:54:47,461 IntervalUtils - Processing 1276439 bp from intervals 
INFO  19:54:47,611 GenomeAnalysisEngine - Preparing for traversal over 1 BAM files 
INFO  19:54:48,132 GenomeAnalysisEngine - Done preparing for traversal 
INFO  19:54:48,163 ProgressMeter - [INITIALIZATION COMPLETE; STARTING PROCESSING] 
INFO  19:54:48,168 ProgressMeter -                 | processed |    time |    per 1M |           |   total | remaining 
INFO  19:54:48,169 ProgressMeter -        Location |     reads | elapsed |     reads | completed | runtime |   runtime 
INFO  19:54:48,271 BaseRecalibrator - The covariates being used here:  
INFO  19:54:48,276 BaseRecalibrator - 	ReadGroupCovariate 
INFO  19:54:48,278 BaseRecalibrator - 	QualityScoreCovariate 
INFO  19:54:48,278 BaseRecalibrator - 	ContextCovariate 
INFO  19:54:48,278 ContextCovariate - 		Context sizes: base substitution model 2, indel substitution model 3 
INFO  19:54:48,279 BaseRecalibrator - 	CycleCovariate 
INFO  19:54:48,280 ReadShardBalancer$1 - Loading BAM index data 
INFO  19:54:48,711 ReadShardBalancer$1 - Done loading BAM index data 
INFO  19:55:18,581 ProgressMeter -        20:77056         0.0    30.0 s      50.3 w        0.0%    17.0 h      17.0 h 
INFO  19:56:19,379 ProgressMeter -      20:6022571    200003.0    90.0 s       7.6 m       14.4%    10.4 m       8.9 m 
INFO  19:56:49,525 ProgressMeter -     20:18794872    300006.0     2.0 m       6.7 m       23.7%     8.5 m       6.5 m 
INFO  19:57:19,526 ProgressMeter -     20:31024770    500009.0     2.5 m       5.0 m       35.0%     7.2 m       4.7 m 
INFO  19:57:50,048 ProgressMeter -     20:34459663    800014.0     3.0 m       3.8 m       46.7%     6.5 m       3.4 m 
INFO  19:58:20,388 ProgressMeter -     20:43836711   1100021.0     3.5 m       3.2 m       62.3%     5.7 m       2.1 m 
INFO  19:58:50,390 ProgressMeter -     20:50305684   1300025.0     4.0 m       3.1 m       77.4%     5.2 m      70.0 s 
INFO  19:59:19,549 BaseRecalibrator - Calculating quantized quality scores... 
INFO  19:59:19,596 BaseRecalibrator - Writing recalibration report... 
INFO  19:59:20,392 ProgressMeter -     20:62905026   1700037.0     4.5 m       2.7 m      100.0%     4.5 m       0.0 s 
INFO  19:59:21,019 BaseRecalibrator - ...done! 
INFO  19:59:21,019 BaseRecalibrator - BaseRecalibrator was able to recalibrate 1717662 reads 
INFO  19:59:21,021 ProgressMeter -            done   1717662.0     4.5 m       2.6 m      100.0%     4.5 m       0.0 s 
INFO  19:59:21,021 ProgressMeter - Total runtime 272.86 secs, 4.55 min, 0.08 hours 
INFO  19:59:21,021 MicroScheduler - 305017 reads were filtered out during the traversal out of approximately 2022679 total reads (15.08%) 
INFO  19:59:21,022 MicroScheduler -   -> 0 reads (0.00% of total) failing BadCigarFilter 
INFO  19:59:21,022 MicroScheduler -   -> 290156 reads (14.35% of total) failing DuplicateReadFilter 
INFO  19:59:21,022 MicroScheduler -   -> 0 reads (0.00% of total) failing FailsVendorQualityCheckFilter 
INFO  19:59:21,023 MicroScheduler -   -> 0 reads (0.00% of total) failing MalformedReadFilter 
INFO  19:59:21,023 MicroScheduler -   -> 0 reads (0.00% of total) failing MappingQualityUnavailableFilter 
INFO  19:59:21,023 MicroScheduler -   -> 14663 reads (0.72% of total) failing MappingQualityZeroFilter 
INFO  19:59:21,023 MicroScheduler -   -> 198 reads (0.01% of total) failing NotPrimaryAlignmentFilter 
INFO  19:59:21,023 MicroScheduler -   -> 0 reads (0.00% of total) failing UnmappedReadFilter 
