INFO  19:29:05,271 HelpFormatter - --------------------------------------------------------------------------------- 
INFO  19:29:05,274 HelpFormatter - The Genome Analysis Toolkit (GATK) v3.4-46-g8ea4dca, Compiled 2015/08/13 20:41:56 
INFO  19:29:05,280 HelpFormatter - Copyright (c) 2010 The Broad Institute 
INFO  19:29:05,280 HelpFormatter - For support and documentation go to http://www.broadinstitute.org/gatk 
INFO  19:29:05,284 HelpFormatter - Program Args: -T IndelRealigner -I /mnt/nvme0n1/data/broadout/HG02571_gatk_best_practices_8t_30s_2016-07-06_18-21-01/HG02571_dupRem.bam -L /mnt/nvme0n1/Broad_Ref_Pipeline_approved_package/workflow_profiler/.queue/scatterGather/ExampleIndelRealigner-1-sg/temp_14_of_36/scatter.intervals -R /mnt/nvme0n1/Broad_Ref_Pipeline_approved_package/b37bundle/human_g1k_v37.fasta -known /mnt/nvme0n1/Broad_Ref_Pipeline_approved_package/b37bundle/1000G_phase1.indels.b37.vcf -targetIntervals /mnt/nvme0n1/data/broadout/HG02571_gatk_best_practices_8t_30s_2016-07-06_18-21-01/HG02571_realn.intervals -o /mnt/nvme0n1/Broad_Ref_Pipeline_approved_package/workflow_profiler/.queue/scatterGather/ExampleIndelRealigner-1-sg/temp_14_of_36/HG02571_realign.bam -filterNoBases 
INFO  19:29:06,950 HelpFormatter - Executing as bshifaw@application-1-1.hudson.intel.com on Linux 3.10.0-327.el7.x86_64 amd64; OpenJDK 64-Bit Server VM 1.8.0_91-b14. 
INFO  19:29:06,951 HelpFormatter - Date/Time: 2016/07/06 19:29:05 
INFO  19:29:06,951 HelpFormatter - --------------------------------------------------------------------------------- 
INFO  19:29:06,954 HelpFormatter - --------------------------------------------------------------------------------- 
INFO  19:29:07,240 GenomeAnalysisEngine - Strictness is SILENT 
INFO  19:29:07,387 GenomeAnalysisEngine - Downsampling Settings: No downsampling 
INFO  19:29:07,407 SAMDataSource$SAMReaders - Initializing SAMRecords in serial 
INFO  19:29:07,588 SAMDataSource$SAMReaders - Done initializing BAM readers: total time 0.18 
INFO  19:29:07,879 IntervalUtils - Processing 107349540 bp from intervals 
INFO  19:29:08,098 GenomeAnalysisEngine - Preparing for traversal over 1 BAM files 
INFO  19:29:09,549 GenomeAnalysisEngine - Done preparing for traversal 
INFO  19:29:09,550 ProgressMeter - [INITIALIZATION COMPLETE; STARTING PROCESSING] 
INFO  19:29:09,558 ProgressMeter -                 | processed |    time |    per 1M |           |   total | remaining 
INFO  19:29:09,559 ProgressMeter -        Location |     reads | elapsed |     reads | completed | runtime |   runtime 
INFO  19:29:09,901 ReadShardBalancer$1 - Loading BAM index data 
INFO  19:29:10,591 ReadShardBalancer$1 - Done loading BAM index data 
INFO  19:29:45,769 ProgressMeter -     14:20852579    100002.0    36.0 s       6.0 m       19.4%     3.1 m       2.5 m 
INFO  19:30:15,772 ProgressMeter -     14:23892813    500010.0    66.0 s       2.2 m       22.3%     4.9 m       3.8 m 
INFO  19:30:45,773 ProgressMeter -     14:34269196    900040.0    96.0 s     106.0 s       31.9%     5.0 m       3.4 m 
INFO  19:31:15,774 ProgressMeter -     14:56763795   1300045.0     2.1 m      97.0 s       52.9%     4.0 m     112.0 s 
INFO  19:31:45,775 ProgressMeter -     14:75352413   2100077.0     2.6 m      74.0 s       70.2%     3.7 m      66.0 s 
INFO  19:32:15,776 ProgressMeter -    14:102498696   2900090.0     3.1 m      64.0 s       95.5%     3.2 m       8.0 s 
INFO  19:32:28,015 ProgressMeter -            done   3323971.0     3.3 m      59.0 s       99.9%     3.3 m       0.0 s 
INFO  19:32:28,015 ProgressMeter - Total runtime 198.47 secs, 3.31 min, 0.06 hours 
INFO  19:32:28,018 MicroScheduler - 68842 reads were filtered out during the traversal out of approximately 3392813 total reads (2.03%) 
INFO  19:32:28,018 MicroScheduler -   -> 0 reads (0.00% of total) failing BadCigarFilter 
INFO  19:32:28,019 MicroScheduler -   -> 68842 reads (2.03% of total) failing MalformedReadFilter 
