INFO  20:07:46,146 HelpFormatter - --------------------------------------------------------------------------------- 
INFO  20:07:46,148 HelpFormatter - The Genome Analysis Toolkit (GATK) v3.4-46-g8ea4dca, Compiled 2015/08/13 20:41:56 
INFO  20:07:46,148 HelpFormatter - Copyright (c) 2010 The Broad Institute 
INFO  20:07:46,148 HelpFormatter - For support and documentation go to http://www.broadinstitute.org/gatk 
INFO  20:07:46,154 HelpFormatter - Program Args: -T IndelRealigner -I /home/opt/data/broadout/FC1-NA12878-01_S1_L001_R1_001_gatk_best_practices_36t_30s_2015-11-05_19-14-59/FC1-NA12878-01_S1_L001_R1_001_dupRem.bam -L /home/beris/Broad_Ref_Pipeline_approved_package/workflow_profiler/.queue/scatterGather/ExampleIndelRealigner-1-sg/temp_18_of_36/scatter.intervals -R /home/beris/Broad_Ref_Pipeline_approved_package/homosapiensrefgenome/Homo_sapiens_assembly19.fasta -known /home/beris/Broad_Ref_Pipeline_approved_package/homosapiensrefgenome/Homo_sapiens_assembly19.known_indels.vcf -targetIntervals /home/opt/data/broadout/FC1-NA12878-01_S1_L001_R1_001_gatk_best_practices_36t_30s_2015-11-05_19-14-59/FC1-NA12878-01_S1_L001_R1_001_realn.intervals -o /home/beris/Broad_Ref_Pipeline_approved_package/workflow_profiler/.queue/scatterGather/ExampleIndelRealigner-1-sg/temp_18_of_36/FC1-NA12878-01_S1_L001_R1_001_realign.bam -filterNoBases 
INFO  20:07:46,162 HelpFormatter - Executing as beris@dna on Linux 2.6.32-573.el6.x86_64 amd64; OpenJDK 64-Bit Server VM 1.7.0_79-mockbuild_2015_07_24_09_26-b00. 
INFO  20:07:46,163 HelpFormatter - Date/Time: 2015/11/05 20:07:46 
INFO  20:07:46,163 HelpFormatter - --------------------------------------------------------------------------------- 
INFO  20:07:46,163 HelpFormatter - --------------------------------------------------------------------------------- 
INFO  20:07:46,319 GenomeAnalysisEngine - Strictness is SILENT 
INFO  20:07:46,415 GenomeAnalysisEngine - Downsampling Settings: No downsampling 
INFO  20:07:46,426 SAMDataSource$SAMReaders - Initializing SAMRecords in serial 
INFO  20:07:46,479 SAMDataSource$SAMReaders - Done initializing BAM readers: total time 0.05 
INFO  20:07:46,649 IntervalUtils - Processing 78077248 bp from intervals 
INFO  20:07:46,749 GenomeAnalysisEngine - Preparing for traversal over 1 BAM files 
INFO  20:07:47,426 GenomeAnalysisEngine - Done preparing for traversal 
INFO  20:07:47,426 ProgressMeter - [INITIALIZATION COMPLETE; STARTING PROCESSING] 
INFO  20:07:47,427 ProgressMeter -                 | processed |    time |    per 1M |           |   total | remaining 
INFO  20:07:47,427 ProgressMeter -        Location |     reads | elapsed |     reads | completed | runtime |   runtime 
INFO  20:07:47,715 ReadShardBalancer$1 - Loading BAM index data 
INFO  20:07:48,882 ReadShardBalancer$1 - Done loading BAM index data 
INFO  20:08:17,451 ProgressMeter -        Starting         0.0    30.0 s      49.6 w      100.0%    30.0 s       0.0 s 
INFO  20:08:57,610 ProgressMeter -     18:45372126    300007.0    70.0 s       3.9 m       58.1%   120.0 s      50.0 s 
INFO  20:09:03,639 ProgressMeter -            done    617092.0    76.0 s       2.1 m       99.9%    76.0 s       0.0 s 
INFO  20:09:03,639 ProgressMeter - Total runtime 76.21 secs, 1.27 min, 0.02 hours 
INFO  20:09:03,644 MicroScheduler - 1043043 reads were filtered out during the traversal out of approximately 1660135 total reads (62.83%) 
INFO  20:09:03,645 MicroScheduler -   -> 0 reads (0.00% of total) failing BadCigarFilter 
INFO  20:09:03,645 MicroScheduler -   -> 1043043 reads (62.83% of total) failing MalformedReadFilter 
