INFO  19:29:18,381 HelpFormatter - --------------------------------------------------------------------------------- 
INFO  19:29:18,384 HelpFormatter - The Genome Analysis Toolkit (GATK) v3.4-46-g8ea4dca, Compiled 2015/08/13 20:41:56 
INFO  19:29:18,384 HelpFormatter - Copyright (c) 2010 The Broad Institute 
INFO  19:29:18,384 HelpFormatter - For support and documentation go to http://www.broadinstitute.org/gatk 
INFO  19:29:18,388 HelpFormatter - Program Args: -T IndelRealigner -I /mnt/nvme0n1/data/broadout/HG02571_gatk_best_practices_8t_30s_2016-07-06_18-21-01/HG02571_dupRem.bam -L /mnt/nvme0n1/Broad_Ref_Pipeline_approved_package/workflow_profiler/.queue/scatterGather/ExampleIndelRealigner-1-sg/temp_18_of_36/scatter.intervals -R /mnt/nvme0n1/Broad_Ref_Pipeline_approved_package/b37bundle/human_g1k_v37.fasta -known /mnt/nvme0n1/Broad_Ref_Pipeline_approved_package/b37bundle/1000G_phase1.indels.b37.vcf -targetIntervals /mnt/nvme0n1/data/broadout/HG02571_gatk_best_practices_8t_30s_2016-07-06_18-21-01/HG02571_realn.intervals -o /mnt/nvme0n1/Broad_Ref_Pipeline_approved_package/workflow_profiler/.queue/scatterGather/ExampleIndelRealigner-1-sg/temp_18_of_36/HG02571_realign.bam -filterNoBases 
INFO  19:29:18,425 HelpFormatter - Executing as bshifaw@application-1-1.hudson.intel.com on Linux 3.10.0-327.el7.x86_64 amd64; OpenJDK 64-Bit Server VM 1.8.0_91-b14. 
INFO  19:29:19,465 HelpFormatter - Date/Time: 2016/07/06 19:29:18 
INFO  19:29:19,465 HelpFormatter - --------------------------------------------------------------------------------- 
INFO  19:29:19,466 HelpFormatter - --------------------------------------------------------------------------------- 
INFO  19:29:19,885 GenomeAnalysisEngine - Strictness is SILENT 
INFO  19:29:20,109 GenomeAnalysisEngine - Downsampling Settings: No downsampling 
INFO  19:29:20,122 SAMDataSource$SAMReaders - Initializing SAMRecords in serial 
INFO  19:29:20,242 SAMDataSource$SAMReaders - Done initializing BAM readers: total time 0.12 
INFO  19:29:20,564 IntervalUtils - Processing 78077248 bp from intervals 
INFO  19:29:20,807 GenomeAnalysisEngine - Preparing for traversal over 1 BAM files 
INFO  19:29:21,312 GenomeAnalysisEngine - Done preparing for traversal 
INFO  19:29:21,312 ProgressMeter - [INITIALIZATION COMPLETE; STARTING PROCESSING] 
INFO  19:29:21,312 ProgressMeter -                 | processed |    time |    per 1M |           |   total | remaining 
INFO  19:29:21,313 ProgressMeter -        Location |     reads | elapsed |     reads | completed | runtime |   runtime 
INFO  19:29:21,686 ReadShardBalancer$1 - Loading BAM index data 
INFO  19:29:22,112 ReadShardBalancer$1 - Done loading BAM index data 
INFO  19:29:53,152 ProgressMeter -      18:3640302         0.0    31.0 s      52.6 w        4.7%    11.1 m      10.6 m 
INFO  19:30:23,170 ProgressMeter -     18:20581654    400023.0    61.0 s       2.6 m       26.4%     3.9 m       2.8 m 
INFO  19:30:53,171 ProgressMeter -     18:46287885    900059.0    91.0 s     102.0 s       59.3%     2.6 m      62.0 s 
INFO  19:31:23,172 ProgressMeter -     18:66195349   1300067.0     2.0 m      93.0 s       84.8%     2.4 m      21.0 s 
INFO  19:31:28,837 ProgressMeter -            done   1502282.0     2.1 m      84.0 s       99.9%     2.1 m       0.0 s 
INFO  19:31:28,837 ProgressMeter - Total runtime 127.53 secs, 2.13 min, 0.04 hours 
INFO  19:31:28,840 MicroScheduler - 40406 reads were filtered out during the traversal out of approximately 1542688 total reads (2.62%) 
INFO  19:31:28,841 MicroScheduler -   -> 0 reads (0.00% of total) failing BadCigarFilter 
INFO  19:31:28,841 MicroScheduler -   -> 40406 reads (2.62% of total) failing MalformedReadFilter 
