INFO  19:30:06,673 HelpFormatter - --------------------------------------------------------------------------------- 
INFO  19:30:06,690 HelpFormatter - The Genome Analysis Toolkit (GATK) v3.4-46-g8ea4dca, Compiled 2015/08/13 20:41:56 
INFO  19:30:06,691 HelpFormatter - Copyright (c) 2010 The Broad Institute 
INFO  19:30:06,691 HelpFormatter - For support and documentation go to http://www.broadinstitute.org/gatk 
INFO  19:30:06,694 HelpFormatter - Program Args: -T IndelRealigner -I /mnt/nvme0n1/data/broadout/HG02561_gatk_best_practices_8t_30s_2016-07-06_18-21-00/HG02561_dupRem.bam -L /mnt/nvme0n1/Broad_Ref_Pipeline_approved_package/workflow_profiler/.queue/scatterGather/ExampleIndelRealigner-1-sg/temp_18_of_36/scatter.intervals -R /mnt/nvme0n1/Broad_Ref_Pipeline_approved_package/b37bundle/human_g1k_v37.fasta -known /mnt/nvme0n1/Broad_Ref_Pipeline_approved_package/b37bundle/1000G_phase1.indels.b37.vcf -targetIntervals /mnt/nvme0n1/data/broadout/HG02561_gatk_best_practices_8t_30s_2016-07-06_18-21-00/HG02561_realn.intervals -o /mnt/nvme0n1/Broad_Ref_Pipeline_approved_package/workflow_profiler/.queue/scatterGather/ExampleIndelRealigner-1-sg/temp_18_of_36/HG02561_realign.bam -filterNoBases 
INFO  19:30:06,731 HelpFormatter - Executing as bshifaw@application-1-1.hudson.intel.com on Linux 3.10.0-327.el7.x86_64 amd64; OpenJDK 64-Bit Server VM 1.8.0_91-b14. 
INFO  19:30:06,741 HelpFormatter - Date/Time: 2016/07/06 19:30:06 
INFO  19:30:06,741 HelpFormatter - --------------------------------------------------------------------------------- 
INFO  19:30:06,742 HelpFormatter - --------------------------------------------------------------------------------- 
INFO  19:30:07,233 GenomeAnalysisEngine - Strictness is SILENT 
INFO  19:30:07,846 GenomeAnalysisEngine - Downsampling Settings: No downsampling 
INFO  19:30:07,896 SAMDataSource$SAMReaders - Initializing SAMRecords in serial 
INFO  19:30:08,075 SAMDataSource$SAMReaders - Done initializing BAM readers: total time 0.18 
INFO  19:30:08,379 IntervalUtils - Processing 78077248 bp from intervals 
INFO  19:30:08,614 GenomeAnalysisEngine - Preparing for traversal over 1 BAM files 
INFO  19:30:09,219 GenomeAnalysisEngine - Done preparing for traversal 
INFO  19:30:09,239 ProgressMeter - [INITIALIZATION COMPLETE; STARTING PROCESSING] 
INFO  19:30:09,243 ProgressMeter -                 | processed |    time |    per 1M |           |   total | remaining 
INFO  19:30:09,269 ProgressMeter -        Location |     reads | elapsed |     reads | completed | runtime |   runtime 
INFO  19:30:09,822 ReadShardBalancer$1 - Loading BAM index data 
INFO  19:30:10,217 ReadShardBalancer$1 - Done loading BAM index data 
INFO  19:30:41,535 ProgressMeter -      18:3581903         0.0    32.0 s      53.4 w        4.6%    11.6 m      11.1 m 
INFO  19:31:11,615 ProgressMeter -     18:24893870    500013.0    62.0 s       2.1 m       31.9%     3.2 m       2.2 m 
INFO  19:31:41,616 ProgressMeter -     18:51013302   1100038.0    92.0 s      83.0 s       65.3%     2.3 m      48.0 s 
INFO  19:31:57,801 ProgressMeter -            done   1550416.0   108.0 s      70.0 s       99.9%   108.0 s       0.0 s 
INFO  19:31:57,801 ProgressMeter - Total runtime 108.58 secs, 1.81 min, 0.03 hours 
INFO  19:31:57,804 MicroScheduler - 37039 reads were filtered out during the traversal out of approximately 1587455 total reads (2.33%) 
INFO  19:31:57,804 MicroScheduler -   -> 0 reads (0.00% of total) failing BadCigarFilter 
INFO  19:31:57,804 MicroScheduler -   -> 37039 reads (2.33% of total) failing MalformedReadFilter 
