INFO  19:35:11,644 HelpFormatter - --------------------------------------------------------------------------------- 
INFO  19:35:11,671 HelpFormatter - The Genome Analysis Toolkit (GATK) v3.4-46-g8ea4dca, Compiled 2015/08/13 20:41:56 
INFO  19:35:11,671 HelpFormatter - Copyright (c) 2010 The Broad Institute 
INFO  19:35:11,671 HelpFormatter - For support and documentation go to http://www.broadinstitute.org/gatk 
INFO  19:35:11,675 HelpFormatter - Program Args: -T IndelRealigner -I /mnt/nvme0n1/data/broadout/HG02771_gatk_best_practices_8t_30s_2016-07-06_18-21-02/HG02771_dupRem.bam -L /mnt/nvme0n1/Broad_Ref_Pipeline_approved_package/workflow_profiler/.queue/scatterGather/ExampleIndelRealigner-1-sg/temp_18_of_36/scatter.intervals -R /mnt/nvme0n1/Broad_Ref_Pipeline_approved_package/b37bundle/human_g1k_v37.fasta -known /mnt/nvme0n1/Broad_Ref_Pipeline_approved_package/b37bundle/1000G_phase1.indels.b37.vcf -targetIntervals /mnt/nvme0n1/data/broadout/HG02771_gatk_best_practices_8t_30s_2016-07-06_18-21-02/HG02771_realn.intervals -o /mnt/nvme0n1/Broad_Ref_Pipeline_approved_package/workflow_profiler/.queue/scatterGather/ExampleIndelRealigner-1-sg/temp_18_of_36/HG02771_realign.bam -filterNoBases 
INFO  19:35:11,692 HelpFormatter - Executing as bshifaw@application-1-1.hudson.intel.com on Linux 3.10.0-327.el7.x86_64 amd64; OpenJDK 64-Bit Server VM 1.8.0_91-b14. 
INFO  19:35:11,693 HelpFormatter - Date/Time: 2016/07/06 19:35:11 
INFO  19:35:11,693 HelpFormatter - --------------------------------------------------------------------------------- 
INFO  19:35:11,693 HelpFormatter - --------------------------------------------------------------------------------- 
INFO  19:35:12,069 GenomeAnalysisEngine - Strictness is SILENT 
INFO  19:35:12,283 GenomeAnalysisEngine - Downsampling Settings: No downsampling 
INFO  19:35:12,311 SAMDataSource$SAMReaders - Initializing SAMRecords in serial 
INFO  19:35:12,489 SAMDataSource$SAMReaders - Done initializing BAM readers: total time 0.18 
INFO  19:35:13,019 IntervalUtils - Processing 78077248 bp from intervals 
INFO  19:35:13,321 GenomeAnalysisEngine - Preparing for traversal over 1 BAM files 
INFO  19:35:13,774 GenomeAnalysisEngine - Done preparing for traversal 
INFO  19:35:13,783 ProgressMeter - [INITIALIZATION COMPLETE; STARTING PROCESSING] 
INFO  19:35:13,805 ProgressMeter -                 | processed |    time |    per 1M |           |   total | remaining 
INFO  19:35:13,805 ProgressMeter -        Location |     reads | elapsed |     reads | completed | runtime |   runtime 
INFO  19:35:14,179 ReadShardBalancer$1 - Loading BAM index data 
INFO  19:35:14,826 ReadShardBalancer$1 - Done loading BAM index data 
INFO  19:35:43,894 ProgressMeter -     18:46196312    900019.0    30.0 s      33.0 s       59.2%    50.0 s      20.0 s 
INFO  19:35:55,509 ProgressMeter -            done   1536250.0    41.0 s      27.0 s       99.9%    41.0 s       0.0 s 
INFO  19:35:55,512 ProgressMeter - Total runtime 41.73 secs, 0.70 min, 0.01 hours 
INFO  19:35:55,515 MicroScheduler - 50624 reads were filtered out during the traversal out of approximately 1586874 total reads (3.19%) 
INFO  19:35:55,515 MicroScheduler -   -> 0 reads (0.00% of total) failing BadCigarFilter 
INFO  19:35:55,516 MicroScheduler -   -> 50624 reads (3.19% of total) failing MalformedReadFilter 
