INFO  19:30:08,458 HelpFormatter - --------------------------------------------------------------------------------- 
INFO  19:30:08,511 HelpFormatter - The Genome Analysis Toolkit (GATK) v3.4-46-g8ea4dca, Compiled 2015/08/13 20:41:56 
INFO  19:30:08,511 HelpFormatter - Copyright (c) 2010 The Broad Institute 
INFO  19:30:08,512 HelpFormatter - For support and documentation go to http://www.broadinstitute.org/gatk 
INFO  19:30:08,515 HelpFormatter - Program Args: -T IndelRealigner -I /mnt/nvme0n1/data/broadout/HG02561_gatk_best_practices_8t_30s_2016-07-06_18-21-00/HG02561_dupRem.bam -L /mnt/nvme0n1/Broad_Ref_Pipeline_approved_package/workflow_profiler/.queue/scatterGather/ExampleIndelRealigner-1-sg/temp_36_of_36/scatter.intervals -L unmapped -R /mnt/nvme0n1/Broad_Ref_Pipeline_approved_package/b37bundle/human_g1k_v37.fasta -known /mnt/nvme0n1/Broad_Ref_Pipeline_approved_package/b37bundle/1000G_phase1.indels.b37.vcf -targetIntervals /mnt/nvme0n1/data/broadout/HG02561_gatk_best_practices_8t_30s_2016-07-06_18-21-00/HG02561_realn.intervals -o /mnt/nvme0n1/Broad_Ref_Pipeline_approved_package/workflow_profiler/.queue/scatterGather/ExampleIndelRealigner-1-sg/temp_36_of_36/HG02561_realign.bam -filterNoBases 
INFO  19:30:08,571 HelpFormatter - Executing as bshifaw@application-1-1.hudson.intel.com on Linux 3.10.0-327.el7.x86_64 amd64; OpenJDK 64-Bit Server VM 1.8.0_91-b14. 
INFO  19:30:08,597 HelpFormatter - Date/Time: 2016/07/06 19:30:08 
INFO  19:30:08,601 HelpFormatter - --------------------------------------------------------------------------------- 
INFO  19:30:08,605 HelpFormatter - --------------------------------------------------------------------------------- 
INFO  19:30:09,467 GenomeAnalysisEngine - Strictness is SILENT 
INFO  19:30:09,924 GenomeAnalysisEngine - Downsampling Settings: No downsampling 
INFO  19:30:09,971 SAMDataSource$SAMReaders - Initializing SAMRecords in serial 
INFO  19:30:10,217 SAMDataSource$SAMReaders - Done initializing BAM readers: total time 0.25 
INFO  19:30:10,623 IntervalUtils - Processing 5838989 bp from intervals 
INFO  19:30:10,920 GenomeAnalysisEngine - Preparing for traversal over 1 BAM files 
INFO  19:30:11,329 GenomeAnalysisEngine - Done preparing for traversal 
INFO  19:30:11,335 ProgressMeter - [INITIALIZATION COMPLETE; STARTING PROCESSING] 
INFO  19:30:11,336 ProgressMeter -                 | processed |    time |    per 1M |           |   total | remaining 
INFO  19:30:11,336 ProgressMeter -        Location |     reads | elapsed |     reads | completed | runtime |   runtime 
INFO  19:30:11,677 ReadShardBalancer$1 - Loading BAM index data 
INFO  19:30:11,731 ReadShardBalancer$1 - Done loading BAM index data 
INFO  19:30:11,926 ReadShardBalancer$1 - Loading BAM index data 
INFO  19:30:11,927 ReadShardBalancer$1 - Done loading BAM index data 
INFO  19:30:11,929 ReadShardBalancer$1 - Loading BAM index data 
INFO  19:30:11,931 ReadShardBalancer$1 - Done loading BAM index data 
INFO  19:30:12,111 ReadShardBalancer$1 - Loading BAM index data 
INFO  19:30:12,117 ReadShardBalancer$1 - Done loading BAM index data 
INFO  19:30:12,297 ReadShardBalancer$1 - Loading BAM index data 
INFO  19:30:12,300 ReadShardBalancer$1 - Done loading BAM index data 
INFO  19:30:12,385 ReadShardBalancer$1 - Loading BAM index data 
INFO  19:30:12,387 ReadShardBalancer$1 - Done loading BAM index data 
INFO  19:30:12,463 ReadShardBalancer$1 - Loading BAM index data 
INFO  19:30:12,473 ReadShardBalancer$1 - Done loading BAM index data 
INFO  19:30:12,519 ReadShardBalancer$1 - Loading BAM index data 
INFO  19:30:12,530 ReadShardBalancer$1 - Done loading BAM index data 
INFO  19:30:12,596 ReadShardBalancer$1 - Loading BAM index data 
INFO  19:30:12,598 ReadShardBalancer$1 - Done loading BAM index data 
INFO  19:30:12,741 ReadShardBalancer$1 - Loading BAM index data 
INFO  19:30:12,743 ReadShardBalancer$1 - Done loading BAM index data 
INFO  19:30:12,817 ReadShardBalancer$1 - Loading BAM index data 
INFO  19:30:12,845 ReadShardBalancer$1 - Done loading BAM index data 
INFO  19:30:12,847 ReadShardBalancer$1 - Loading BAM index data 
INFO  19:30:12,851 ReadShardBalancer$1 - Done loading BAM index data 
INFO  19:30:12,861 ReadShardBalancer$1 - Loading BAM index data 
INFO  19:30:12,877 ReadShardBalancer$1 - Done loading BAM index data 
INFO  19:30:12,897 ReadShardBalancer$1 - Loading BAM index data 
INFO  19:30:12,915 ReadShardBalancer$1 - Done loading BAM index data 
INFO  19:30:12,944 ReadShardBalancer$1 - Loading BAM index data 
INFO  19:30:13,079 ReadShardBalancer$1 - Done loading BAM index data 
INFO  19:30:13,117 ReadShardBalancer$1 - Loading BAM index data 
INFO  19:30:13,119 ReadShardBalancer$1 - Done loading BAM index data 
INFO  19:30:13,204 ReadShardBalancer$1 - Loading BAM index data 
INFO  19:30:13,206 ReadShardBalancer$1 - Done loading BAM index data 
INFO  19:30:13,247 ReadShardBalancer$1 - Loading BAM index data 
INFO  19:30:13,254 ReadShardBalancer$1 - Done loading BAM index data 
INFO  19:30:13,265 ReadShardBalancer$1 - Loading BAM index data 
INFO  19:30:13,270 ReadShardBalancer$1 - Done loading BAM index data 
INFO  19:30:13,315 ReadShardBalancer$1 - Loading BAM index data 
INFO  19:30:13,322 ReadShardBalancer$1 - Done loading BAM index data 
INFO  19:30:13,324 ReadShardBalancer$1 - Loading BAM index data 
INFO  19:30:13,342 ReadShardBalancer$1 - Done loading BAM index data 
INFO  19:30:13,356 ReadShardBalancer$1 - Loading BAM index data 
INFO  19:30:13,398 ReadShardBalancer$1 - Done loading BAM index data 
INFO  19:30:13,409 ReadShardBalancer$1 - Loading BAM index data 
INFO  19:30:13,482 ReadShardBalancer$1 - Done loading BAM index data 
INFO  19:30:13,485 ReadShardBalancer$1 - Loading BAM index data 
INFO  19:30:13,509 ReadShardBalancer$1 - Done loading BAM index data 
INFO  19:30:13,859 ReadShardBalancer$1 - Loading BAM index data 
INFO  19:30:13,881 ReadShardBalancer$1 - Done loading BAM index data 
INFO  19:30:14,471 ReadShardBalancer$1 - Loading BAM index data 
INFO  19:30:14,787 ReadShardBalancer$1 - Done loading BAM index data 
INFO  19:30:16,854 ReadShardBalancer$1 - Loading BAM index data 
INFO  19:30:16,875 ReadShardBalancer$1 - Done loading BAM index data 
INFO  19:30:18,672 ReadShardBalancer$1 - Loading BAM index data 
INFO  19:30:18,684 ReadShardBalancer$1 - Done loading BAM index data 
INFO  19:30:18,739 ReadShardBalancer$1 - Loading BAM index data 
INFO  19:30:18,749 ReadShardBalancer$1 - Done loading BAM index data 
INFO  19:30:18,992 ReadShardBalancer$1 - Loading BAM index data 
INFO  19:30:19,003 ReadShardBalancer$1 - Done loading BAM index data 
INFO  19:30:20,042 ReadShardBalancer$1 - Loading BAM index data 
INFO  19:30:20,071 ReadShardBalancer$1 - Done loading BAM index data 
INFO  19:30:20,162 ReadShardBalancer$1 - Loading BAM index data 
INFO  19:30:20,178 ReadShardBalancer$1 - Done loading BAM index data 
INFO  19:30:20,250 ReadShardBalancer$1 - Loading BAM index data 
INFO  19:30:20,274 ReadShardBalancer$1 - Done loading BAM index data 
INFO  19:30:20,759 ReadShardBalancer$1 - Loading BAM index data 
INFO  19:30:20,763 ReadShardBalancer$1 - Done loading BAM index data 
INFO  19:30:21,136 ReadShardBalancer$1 - Loading BAM index data 
INFO  19:30:21,139 ReadShardBalancer$1 - Done loading BAM index data 
INFO  19:30:21,192 ReadShardBalancer$1 - Loading BAM index data 
INFO  19:30:21,193 ReadShardBalancer$1 - Done loading BAM index data 
INFO  19:30:21,546 ReadShardBalancer$1 - Loading BAM index data 
INFO  19:30:21,547 ReadShardBalancer$1 - Done loading BAM index data 
INFO  19:30:21,585 ReadShardBalancer$1 - Loading BAM index data 
INFO  19:30:21,607 ReadShardBalancer$1 - Done loading BAM index data 
INFO  19:30:21,665 ReadShardBalancer$1 - Loading BAM index data 
INFO  19:30:21,667 ReadShardBalancer$1 - Done loading BAM index data 
INFO  19:30:21,763 ReadShardBalancer$1 - Loading BAM index data 
INFO  19:30:22,063 ReadShardBalancer$1 - Done loading BAM index data 
INFO  19:30:22,065 ReadShardBalancer$1 - Loading BAM index data 
INFO  19:30:22,075 ReadShardBalancer$1 - Done loading BAM index data 
INFO  19:30:22,176 ReadShardBalancer$1 - Loading BAM index data 
INFO  19:30:22,183 ReadShardBalancer$1 - Done loading BAM index data 
INFO  19:30:22,367 ReadShardBalancer$1 - Loading BAM index data 
INFO  19:30:22,378 ReadShardBalancer$1 - Done loading BAM index data 
INFO  19:30:22,454 ReadShardBalancer$1 - Loading BAM index data 
INFO  19:30:22,478 ReadShardBalancer$1 - Done loading BAM index data 
INFO  19:30:22,621 ReadShardBalancer$1 - Loading BAM index data 
INFO  19:30:22,637 ReadShardBalancer$1 - Done loading BAM index data 
INFO  19:30:22,803 ReadShardBalancer$1 - Loading BAM index data 
INFO  19:30:22,811 ReadShardBalancer$1 - Done loading BAM index data 
INFO  19:30:22,871 ReadShardBalancer$1 - Loading BAM index data 
INFO  19:30:22,873 ReadShardBalancer$1 - Done loading BAM index data 
INFO  19:30:22,913 ReadShardBalancer$1 - Loading BAM index data 
INFO  19:30:22,936 ReadShardBalancer$1 - Done loading BAM index data 
INFO  19:30:22,964 ReadShardBalancer$1 - Loading BAM index data 
INFO  19:30:23,079 ReadShardBalancer$1 - Done loading BAM index data 
INFO  19:30:23,174 ReadShardBalancer$1 - Loading BAM index data 
INFO  19:30:23,175 ReadShardBalancer$1 - Done loading BAM index data 
INFO  19:30:27,736 ProgressMeter -            done    129127.0    16.0 s       2.1 m       99.3%    16.0 s       0.0 s 
INFO  19:30:27,737 ProgressMeter - Total runtime 16.40 secs, 0.27 min, 0.00 hours 
INFO  19:30:27,740 MicroScheduler - 24902 reads were filtered out during the traversal out of approximately 154029 total reads (16.17%) 
INFO  19:30:27,748 MicroScheduler -   -> 0 reads (0.00% of total) failing BadCigarFilter 
INFO  19:30:27,748 MicroScheduler -   -> 24902 reads (16.17% of total) failing MalformedReadFilter 
