INFO  17:51:01,030 HelpFormatter - --------------------------------------------------------------------------------- 
INFO  17:51:01,043 HelpFormatter - The Genome Analysis Toolkit (GATK) v3.4-46-g8ea4dca, Compiled 2015/08/13 20:41:56 
INFO  17:51:01,043 HelpFormatter - Copyright (c) 2010 The Broad Institute 
INFO  17:51:01,043 HelpFormatter - For support and documentation go to http://www.broadinstitute.org/gatk 
INFO  17:51:01,047 HelpFormatter - Program Args: -T IndelRealigner -I /mnt/sdb/data/broadout/HG02769_gatk_best_practices_8t_30s_2016-07-25_16-38-44/HG02769_dupRem.bam -L /mnt/sdb/Broad_Ref_Pipeline_approved_package/workflow_profiler/.queue/scatterGather/ExampleIndelRealigner-1-sg/temp_36_of_36/scatter.intervals -L unmapped -R /mnt/sdb/Broad_Ref_Pipeline_approved_package/b37bundle/human_g1k_v37.fasta -known /mnt/sdb/Broad_Ref_Pipeline_approved_package/b37bundle/1000G_phase1.indels.b37.vcf -targetIntervals /mnt/sdb/data/broadout/HG02769_gatk_best_practices_8t_30s_2016-07-25_16-38-44/HG02769_realn.intervals -o /mnt/sdb/Broad_Ref_Pipeline_approved_package/workflow_profiler/.queue/scatterGather/ExampleIndelRealigner-1-sg/temp_36_of_36/HG02769_realign.bam -filterNoBases 
INFO  17:51:01,079 HelpFormatter - Executing as bshifaw@application-0-1.hudson.intel.com on Linux 3.10.0-327.el7.x86_64 amd64; OpenJDK 64-Bit Server VM 1.8.0_101-b13. 
INFO  17:51:01,080 HelpFormatter - Date/Time: 2016/07/25 17:51:01 
INFO  17:51:01,080 HelpFormatter - --------------------------------------------------------------------------------- 
INFO  17:51:01,081 HelpFormatter - --------------------------------------------------------------------------------- 
INFO  17:51:05,126 GenomeAnalysisEngine - Strictness is SILENT 
INFO  17:51:05,368 GenomeAnalysisEngine - Downsampling Settings: No downsampling 
INFO  17:51:05,378 SAMDataSource$SAMReaders - Initializing SAMRecords in serial 
INFO  17:51:05,466 SAMDataSource$SAMReaders - Done initializing BAM readers: total time 0.09 
INFO  17:51:05,717 IntervalUtils - Processing 5838989 bp from intervals 
INFO  17:51:05,920 GenomeAnalysisEngine - Preparing for traversal over 1 BAM files 
INFO  17:51:06,103 GenomeAnalysisEngine - Done preparing for traversal 
INFO  17:51:06,104 ProgressMeter - [INITIALIZATION COMPLETE; STARTING PROCESSING] 
INFO  17:51:06,111 ProgressMeter -                 | processed |    time |    per 1M |           |   total | remaining 
INFO  17:51:06,113 ProgressMeter -        Location |     reads | elapsed |     reads | completed | runtime |   runtime 
INFO  17:51:06,705 ReadShardBalancer$1 - Loading BAM index data 
INFO  17:51:06,718 ReadShardBalancer$1 - Done loading BAM index data 
INFO  17:51:06,793 ReadShardBalancer$1 - Loading BAM index data 
INFO  17:51:06,796 ReadShardBalancer$1 - Done loading BAM index data 
INFO  17:51:06,869 ReadShardBalancer$1 - Loading BAM index data 
INFO  17:51:06,872 ReadShardBalancer$1 - Done loading BAM index data 
INFO  17:51:07,002 ReadShardBalancer$1 - Loading BAM index data 
INFO  17:51:07,022 ReadShardBalancer$1 - Done loading BAM index data 
INFO  17:51:07,181 ReadShardBalancer$1 - Loading BAM index data 
INFO  17:51:07,190 ReadShardBalancer$1 - Done loading BAM index data 
INFO  17:51:07,259 ReadShardBalancer$1 - Loading BAM index data 
INFO  17:51:07,262 ReadShardBalancer$1 - Done loading BAM index data 
INFO  17:51:07,326 ReadShardBalancer$1 - Loading BAM index data 
INFO  17:51:07,328 ReadShardBalancer$1 - Done loading BAM index data 
INFO  17:51:07,351 ReadShardBalancer$1 - Loading BAM index data 
INFO  17:51:07,357 ReadShardBalancer$1 - Done loading BAM index data 
INFO  17:51:07,463 ReadShardBalancer$1 - Loading BAM index data 
INFO  17:51:07,477 ReadShardBalancer$1 - Done loading BAM index data 
INFO  17:51:07,581 ReadShardBalancer$1 - Loading BAM index data 
INFO  17:51:07,602 ReadShardBalancer$1 - Done loading BAM index data 
INFO  17:51:07,696 ReadShardBalancer$1 - Loading BAM index data 
INFO  17:51:07,698 ReadShardBalancer$1 - Done loading BAM index data 
INFO  17:51:07,700 ReadShardBalancer$1 - Loading BAM index data 
INFO  17:51:07,702 ReadShardBalancer$1 - Done loading BAM index data 
INFO  17:51:07,749 ReadShardBalancer$1 - Loading BAM index data 
INFO  17:51:07,781 ReadShardBalancer$1 - Done loading BAM index data 
INFO  17:51:07,785 ReadShardBalancer$1 - Loading BAM index data 
INFO  17:51:07,786 ReadShardBalancer$1 - Done loading BAM index data 
INFO  17:51:07,826 ReadShardBalancer$1 - Loading BAM index data 
INFO  17:51:07,844 ReadShardBalancer$1 - Done loading BAM index data 
INFO  17:51:07,891 ReadShardBalancer$1 - Loading BAM index data 
INFO  17:51:07,905 ReadShardBalancer$1 - Done loading BAM index data 
INFO  17:51:07,937 ReadShardBalancer$1 - Loading BAM index data 
INFO  17:51:07,953 ReadShardBalancer$1 - Done loading BAM index data 
INFO  17:51:07,981 ReadShardBalancer$1 - Loading BAM index data 
INFO  17:51:07,985 ReadShardBalancer$1 - Done loading BAM index data 
INFO  17:51:07,999 ReadShardBalancer$1 - Loading BAM index data 
INFO  17:51:08,001 ReadShardBalancer$1 - Done loading BAM index data 
INFO  17:51:08,037 ReadShardBalancer$1 - Loading BAM index data 
INFO  17:51:08,051 ReadShardBalancer$1 - Done loading BAM index data 
INFO  17:51:08,056 ReadShardBalancer$1 - Loading BAM index data 
INFO  17:51:08,082 ReadShardBalancer$1 - Done loading BAM index data 
INFO  17:51:08,107 ReadShardBalancer$1 - Loading BAM index data 
INFO  17:51:08,115 ReadShardBalancer$1 - Done loading BAM index data 
INFO  17:51:08,134 ReadShardBalancer$1 - Loading BAM index data 
INFO  17:51:08,153 ReadShardBalancer$1 - Done loading BAM index data 
INFO  17:51:08,163 ReadShardBalancer$1 - Loading BAM index data 
INFO  17:51:08,176 ReadShardBalancer$1 - Done loading BAM index data 
INFO  17:51:08,322 ReadShardBalancer$1 - Loading BAM index data 
INFO  17:51:08,324 ReadShardBalancer$1 - Done loading BAM index data 
INFO  17:51:08,892 ReadShardBalancer$1 - Loading BAM index data 
INFO  17:51:08,911 ReadShardBalancer$1 - Done loading BAM index data 
INFO  17:51:09,805 ReadShardBalancer$1 - Loading BAM index data 
INFO  17:51:09,816 ReadShardBalancer$1 - Done loading BAM index data 
INFO  17:51:10,390 ReadShardBalancer$1 - Loading BAM index data 
INFO  17:51:10,395 ReadShardBalancer$1 - Done loading BAM index data 
INFO  17:51:10,501 ReadShardBalancer$1 - Loading BAM index data 
INFO  17:51:10,508 ReadShardBalancer$1 - Done loading BAM index data 
INFO  17:51:10,766 ReadShardBalancer$1 - Loading BAM index data 
INFO  17:51:10,770 ReadShardBalancer$1 - Done loading BAM index data 
INFO  17:51:11,280 ReadShardBalancer$1 - Loading BAM index data 
INFO  17:51:11,288 ReadShardBalancer$1 - Done loading BAM index data 
INFO  17:51:11,311 ReadShardBalancer$1 - Loading BAM index data 
INFO  17:51:11,333 ReadShardBalancer$1 - Done loading BAM index data 
INFO  17:51:11,393 ReadShardBalancer$1 - Loading BAM index data 
INFO  17:51:11,408 ReadShardBalancer$1 - Done loading BAM index data 
INFO  17:51:11,566 ReadShardBalancer$1 - Loading BAM index data 
INFO  17:51:11,583 ReadShardBalancer$1 - Done loading BAM index data 
INFO  17:51:11,685 ReadShardBalancer$1 - Loading BAM index data 
INFO  17:51:11,703 ReadShardBalancer$1 - Done loading BAM index data 
INFO  17:51:11,712 ReadShardBalancer$1 - Loading BAM index data 
INFO  17:51:11,742 ReadShardBalancer$1 - Done loading BAM index data 
INFO  17:51:11,752 ReadShardBalancer$1 - Loading BAM index data 
INFO  17:51:11,754 ReadShardBalancer$1 - Done loading BAM index data 
INFO  17:51:11,812 ReadShardBalancer$1 - Loading BAM index data 
INFO  17:51:11,823 ReadShardBalancer$1 - Done loading BAM index data 
INFO  17:51:11,881 ReadShardBalancer$1 - Loading BAM index data 
INFO  17:51:11,903 ReadShardBalancer$1 - Done loading BAM index data 
INFO  17:51:11,906 ReadShardBalancer$1 - Loading BAM index data 
INFO  17:51:11,923 ReadShardBalancer$1 - Done loading BAM index data 
INFO  17:51:11,932 ReadShardBalancer$1 - Loading BAM index data 
INFO  17:51:11,934 ReadShardBalancer$1 - Done loading BAM index data 
INFO  17:51:12,012 ReadShardBalancer$1 - Loading BAM index data 
INFO  17:51:12,024 ReadShardBalancer$1 - Done loading BAM index data 
INFO  17:51:12,172 ReadShardBalancer$1 - Loading BAM index data 
INFO  17:51:12,183 ReadShardBalancer$1 - Done loading BAM index data 
INFO  17:51:12,217 ReadShardBalancer$1 - Loading BAM index data 
INFO  17:51:12,228 ReadShardBalancer$1 - Done loading BAM index data 
INFO  17:51:12,345 ReadShardBalancer$1 - Loading BAM index data 
INFO  17:51:12,434 ReadShardBalancer$1 - Done loading BAM index data 
INFO  17:51:12,554 ReadShardBalancer$1 - Loading BAM index data 
INFO  17:51:12,555 ReadShardBalancer$1 - Done loading BAM index data 
INFO  17:51:12,589 ReadShardBalancer$1 - Loading BAM index data 
INFO  17:51:12,604 ReadShardBalancer$1 - Done loading BAM index data 
INFO  17:51:12,650 ReadShardBalancer$1 - Loading BAM index data 
INFO  17:51:12,654 ReadShardBalancer$1 - Done loading BAM index data 
INFO  17:51:12,673 ReadShardBalancer$1 - Loading BAM index data 
INFO  17:51:12,747 ReadShardBalancer$1 - Done loading BAM index data 
INFO  17:51:12,886 ReadShardBalancer$1 - Loading BAM index data 
INFO  17:51:12,891 ReadShardBalancer$1 - Done loading BAM index data 
INFO  17:51:17,736 ProgressMeter -            done    108684.0    11.0 s     107.0 s       98.5%    11.0 s       0.0 s 
INFO  17:51:17,737 ProgressMeter - Total runtime 11.63 secs, 0.19 min, 0.00 hours 
INFO  17:51:17,801 MicroScheduler - 21462 reads were filtered out during the traversal out of approximately 130146 total reads (16.49%) 
INFO  17:51:17,815 MicroScheduler -   -> 0 reads (0.00% of total) failing BadCigarFilter 
INFO  17:51:17,815 MicroScheduler -   -> 21462 reads (16.49% of total) failing MalformedReadFilter 
