INFO  19:35:12,231 HelpFormatter - --------------------------------------------------------------------------------- 
INFO  19:35:12,233 HelpFormatter - The Genome Analysis Toolkit (GATK) v3.4-46-g8ea4dca, Compiled 2015/08/13 20:41:56 
INFO  19:35:12,233 HelpFormatter - Copyright (c) 2010 The Broad Institute 
INFO  19:35:12,233 HelpFormatter - For support and documentation go to http://www.broadinstitute.org/gatk 
INFO  19:35:12,250 HelpFormatter - Program Args: -T IndelRealigner -I /mnt/nvme0n1/data/broadout/HG02771_gatk_best_practices_8t_30s_2016-07-06_18-21-02/HG02771_dupRem.bam -L /mnt/nvme0n1/Broad_Ref_Pipeline_approved_package/workflow_profiler/.queue/scatterGather/ExampleIndelRealigner-1-sg/temp_36_of_36/scatter.intervals -L unmapped -R /mnt/nvme0n1/Broad_Ref_Pipeline_approved_package/b37bundle/human_g1k_v37.fasta -known /mnt/nvme0n1/Broad_Ref_Pipeline_approved_package/b37bundle/1000G_phase1.indels.b37.vcf -targetIntervals /mnt/nvme0n1/data/broadout/HG02771_gatk_best_practices_8t_30s_2016-07-06_18-21-02/HG02771_realn.intervals -o /mnt/nvme0n1/Broad_Ref_Pipeline_approved_package/workflow_profiler/.queue/scatterGather/ExampleIndelRealigner-1-sg/temp_36_of_36/HG02771_realign.bam -filterNoBases 
INFO  19:35:12,262 HelpFormatter - Executing as bshifaw@application-1-1.hudson.intel.com on Linux 3.10.0-327.el7.x86_64 amd64; OpenJDK 64-Bit Server VM 1.8.0_91-b14. 
INFO  19:35:12,274 HelpFormatter - Date/Time: 2016/07/06 19:35:12 
INFO  19:35:12,278 HelpFormatter - --------------------------------------------------------------------------------- 
INFO  19:35:12,279 HelpFormatter - --------------------------------------------------------------------------------- 
INFO  19:35:12,737 GenomeAnalysisEngine - Strictness is SILENT 
INFO  19:35:12,961 GenomeAnalysisEngine - Downsampling Settings: No downsampling 
INFO  19:35:12,976 SAMDataSource$SAMReaders - Initializing SAMRecords in serial 
INFO  19:35:13,151 SAMDataSource$SAMReaders - Done initializing BAM readers: total time 0.17 
INFO  19:35:13,501 IntervalUtils - Processing 5838989 bp from intervals 
INFO  19:35:13,664 GenomeAnalysisEngine - Preparing for traversal over 1 BAM files 
INFO  19:35:13,763 GenomeAnalysisEngine - Done preparing for traversal 
INFO  19:35:13,765 ProgressMeter - [INITIALIZATION COMPLETE; STARTING PROCESSING] 
INFO  19:35:13,769 ProgressMeter -                 | processed |    time |    per 1M |           |   total | remaining 
INFO  19:35:13,769 ProgressMeter -        Location |     reads | elapsed |     reads | completed | runtime |   runtime 
INFO  19:35:14,183 ReadShardBalancer$1 - Loading BAM index data 
INFO  19:35:14,227 ReadShardBalancer$1 - Done loading BAM index data 
INFO  19:35:14,336 ReadShardBalancer$1 - Loading BAM index data 
INFO  19:35:14,366 ReadShardBalancer$1 - Done loading BAM index data 
INFO  19:35:14,408 ReadShardBalancer$1 - Loading BAM index data 
INFO  19:35:14,411 ReadShardBalancer$1 - Done loading BAM index data 
INFO  19:35:14,537 ReadShardBalancer$1 - Loading BAM index data 
INFO  19:35:14,539 ReadShardBalancer$1 - Done loading BAM index data 
INFO  19:35:14,577 ReadShardBalancer$1 - Loading BAM index data 
INFO  19:35:14,578 ReadShardBalancer$1 - Done loading BAM index data 
INFO  19:35:14,747 ReadShardBalancer$1 - Loading BAM index data 
INFO  19:35:14,748 ReadShardBalancer$1 - Done loading BAM index data 
INFO  19:35:14,817 ReadShardBalancer$1 - Loading BAM index data 
INFO  19:35:14,818 ReadShardBalancer$1 - Done loading BAM index data 
INFO  19:35:14,828 ReadShardBalancer$1 - Loading BAM index data 
INFO  19:35:14,832 ReadShardBalancer$1 - Done loading BAM index data 
INFO  19:35:15,017 ReadShardBalancer$1 - Loading BAM index data 
INFO  19:35:15,021 ReadShardBalancer$1 - Done loading BAM index data 
INFO  19:35:15,146 ReadShardBalancer$1 - Loading BAM index data 
INFO  19:35:15,153 ReadShardBalancer$1 - Done loading BAM index data 
INFO  19:35:15,234 ReadShardBalancer$1 - Loading BAM index data 
INFO  19:35:15,257 ReadShardBalancer$1 - Done loading BAM index data 
INFO  19:35:15,260 ReadShardBalancer$1 - Loading BAM index data 
INFO  19:35:15,263 ReadShardBalancer$1 - Done loading BAM index data 
INFO  19:35:15,325 ReadShardBalancer$1 - Loading BAM index data 
INFO  19:35:15,327 ReadShardBalancer$1 - Done loading BAM index data 
INFO  19:35:15,329 ReadShardBalancer$1 - Loading BAM index data 
INFO  19:35:15,340 ReadShardBalancer$1 - Done loading BAM index data 
INFO  19:35:15,409 ReadShardBalancer$1 - Loading BAM index data 
INFO  19:35:15,420 ReadShardBalancer$1 - Done loading BAM index data 
INFO  19:35:15,506 ReadShardBalancer$1 - Loading BAM index data 
INFO  19:35:15,512 ReadShardBalancer$1 - Done loading BAM index data 
INFO  19:35:15,555 ReadShardBalancer$1 - Loading BAM index data 
INFO  19:35:15,556 ReadShardBalancer$1 - Done loading BAM index data 
INFO  19:35:15,572 ReadShardBalancer$1 - Loading BAM index data 
INFO  19:35:15,591 ReadShardBalancer$1 - Done loading BAM index data 
INFO  19:35:15,596 ReadShardBalancer$1 - Loading BAM index data 
INFO  19:35:15,597 ReadShardBalancer$1 - Done loading BAM index data 
INFO  19:35:15,614 ReadShardBalancer$1 - Loading BAM index data 
INFO  19:35:15,623 ReadShardBalancer$1 - Done loading BAM index data 
INFO  19:35:15,627 ReadShardBalancer$1 - Loading BAM index data 
INFO  19:35:15,630 ReadShardBalancer$1 - Done loading BAM index data 
INFO  19:35:15,649 ReadShardBalancer$1 - Loading BAM index data 
INFO  19:35:15,661 ReadShardBalancer$1 - Done loading BAM index data 
INFO  19:35:15,742 ReadShardBalancer$1 - Loading BAM index data 
INFO  19:35:15,749 ReadShardBalancer$1 - Done loading BAM index data 
INFO  19:35:15,751 ReadShardBalancer$1 - Loading BAM index data 
INFO  19:35:15,763 ReadShardBalancer$1 - Done loading BAM index data 
INFO  19:35:15,888 ReadShardBalancer$1 - Loading BAM index data 
INFO  19:35:15,915 ReadShardBalancer$1 - Done loading BAM index data 
INFO  19:35:16,252 ReadShardBalancer$1 - Loading BAM index data 
INFO  19:35:16,395 ReadShardBalancer$1 - Done loading BAM index data 
INFO  19:35:17,190 ReadShardBalancer$1 - Loading BAM index data 
INFO  19:35:17,195 ReadShardBalancer$1 - Done loading BAM index data 
INFO  19:35:18,200 ReadShardBalancer$1 - Loading BAM index data 
INFO  19:35:18,210 ReadShardBalancer$1 - Done loading BAM index data 
INFO  19:35:18,322 ReadShardBalancer$1 - Loading BAM index data 
INFO  19:35:18,331 ReadShardBalancer$1 - Done loading BAM index data 
INFO  19:35:18,559 ReadShardBalancer$1 - Loading BAM index data 
INFO  19:35:18,561 ReadShardBalancer$1 - Done loading BAM index data 
INFO  19:35:19,001 ReadShardBalancer$1 - Loading BAM index data 
INFO  19:35:19,007 ReadShardBalancer$1 - Done loading BAM index data 
INFO  19:35:19,039 ReadShardBalancer$1 - Loading BAM index data 
INFO  19:35:19,043 ReadShardBalancer$1 - Done loading BAM index data 
INFO  19:35:19,121 ReadShardBalancer$1 - Loading BAM index data 
INFO  19:35:19,124 ReadShardBalancer$1 - Done loading BAM index data 
INFO  19:35:19,409 ReadShardBalancer$1 - Loading BAM index data 
INFO  19:35:19,413 ReadShardBalancer$1 - Done loading BAM index data 
INFO  19:35:19,492 ReadShardBalancer$1 - Loading BAM index data 
INFO  19:35:19,498 ReadShardBalancer$1 - Done loading BAM index data 
INFO  19:35:19,523 ReadShardBalancer$1 - Loading BAM index data 
INFO  19:35:19,526 ReadShardBalancer$1 - Done loading BAM index data 
INFO  19:35:19,540 ReadShardBalancer$1 - Loading BAM index data 
INFO  19:35:19,562 ReadShardBalancer$1 - Done loading BAM index data 
INFO  19:35:19,571 ReadShardBalancer$1 - Loading BAM index data 
INFO  19:35:19,589 ReadShardBalancer$1 - Done loading BAM index data 
INFO  19:35:19,605 ReadShardBalancer$1 - Loading BAM index data 
INFO  19:35:19,620 ReadShardBalancer$1 - Done loading BAM index data 
INFO  19:35:19,627 ReadShardBalancer$1 - Loading BAM index data 
INFO  19:35:19,628 ReadShardBalancer$1 - Done loading BAM index data 
INFO  19:35:19,636 ReadShardBalancer$1 - Loading BAM index data 
INFO  19:35:19,656 ReadShardBalancer$1 - Done loading BAM index data 
INFO  19:35:19,677 ReadShardBalancer$1 - Loading BAM index data 
INFO  19:35:19,706 ReadShardBalancer$1 - Done loading BAM index data 
INFO  19:35:19,781 ReadShardBalancer$1 - Loading BAM index data 
INFO  19:35:19,783 ReadShardBalancer$1 - Done loading BAM index data 
INFO  19:35:19,813 ReadShardBalancer$1 - Loading BAM index data 
INFO  19:35:19,857 ReadShardBalancer$1 - Done loading BAM index data 
INFO  19:35:20,037 ReadShardBalancer$1 - Loading BAM index data 
INFO  19:35:20,078 ReadShardBalancer$1 - Done loading BAM index data 
INFO  19:35:20,217 ReadShardBalancer$1 - Loading BAM index data 
INFO  19:35:20,219 ReadShardBalancer$1 - Done loading BAM index data 
INFO  19:35:20,249 ReadShardBalancer$1 - Loading BAM index data 
INFO  19:35:20,252 ReadShardBalancer$1 - Done loading BAM index data 
INFO  19:35:20,288 ReadShardBalancer$1 - Loading BAM index data 
INFO  19:35:20,324 ReadShardBalancer$1 - Done loading BAM index data 
INFO  19:35:20,330 ReadShardBalancer$1 - Loading BAM index data 
INFO  19:35:20,429 ReadShardBalancer$1 - Done loading BAM index data 
INFO  19:35:20,540 ReadShardBalancer$1 - Loading BAM index data 
INFO  19:35:20,554 ReadShardBalancer$1 - Done loading BAM index data 
INFO  19:35:21,718 ProgressMeter -            done    122288.0     7.0 s      65.0 s       98.8%     7.0 s       0.0 s 
INFO  19:35:21,731 ProgressMeter - Total runtime 7.97 secs, 0.13 min, 0.00 hours 
INFO  19:35:21,734 MicroScheduler - 27047 reads were filtered out during the traversal out of approximately 149335 total reads (18.11%) 
INFO  19:35:21,735 MicroScheduler -   -> 0 reads (0.00% of total) failing BadCigarFilter 
INFO  19:35:21,735 MicroScheduler -   -> 27047 reads (18.11% of total) failing MalformedReadFilter 
