INFO  15:57:34,192 HelpFormatter - --------------------------------------------------------------------------------- 
INFO  15:57:34,194 HelpFormatter - The Genome Analysis Toolkit (GATK) v3.4-46-g8ea4dca, Compiled 2015/08/13 20:41:56 
INFO  15:57:34,195 HelpFormatter - Copyright (c) 2010 The Broad Institute 
INFO  15:57:34,195 HelpFormatter - For support and documentation go to http://www.broadinstitute.org/gatk 
INFO  15:57:34,198 HelpFormatter - Program Args: -T IndelRealigner -I /mnt/sdb/data/broadout/sim1M_pairs_gatk_best_practices_36t_30s_2016-09-26_15-40-42/sim1M_pairs_dupRem.bam -L /home/bshifaw/gitrepos/Reference-Design/Broad_Ref_Pip/workflow_profiler/.queue/scatterGather/ExampleIndelRealigner-1-sg/temp_36_of_36/scatter.intervals -L unmapped -R /mnt/sdb/Broad_Ref_Pipeline_approved_package/homosapiensrefgenome/Homo_sapiens_assembly19.fasta -known /mnt/sdb/Broad_Ref_Pipeline_approved_package/homosapiensrefgenome/Homo_sapiens_assembly19.known_indels.vcf -targetIntervals /mnt/sdb/data/broadout/sim1M_pairs_gatk_best_practices_36t_30s_2016-09-26_15-40-42/sim1M_pairs_realn.intervals -o /home/bshifaw/gitrepos/Reference-Design/Broad_Ref_Pip/workflow_profiler/.queue/scatterGather/ExampleIndelRealigner-1-sg/temp_36_of_36/sim1M_pairs_realign.bam -filterNoBases 
INFO  15:57:34,219 HelpFormatter - Executing as bshifaw@application-0-1.hudson.intel.com on Linux 3.10.0-327.13.1.el7.x86_64 amd64; OpenJDK 64-Bit Server VM 1.8.0_102-b14. 
INFO  15:57:34,219 HelpFormatter - Date/Time: 2016/09/26 15:57:34 
INFO  15:57:34,226 HelpFormatter - --------------------------------------------------------------------------------- 
INFO  15:57:34,226 HelpFormatter - --------------------------------------------------------------------------------- 
INFO  15:57:34,507 GenomeAnalysisEngine - Strictness is SILENT 
INFO  15:57:34,686 GenomeAnalysisEngine - Downsampling Settings: No downsampling 
INFO  15:57:34,704 SAMDataSource$SAMReaders - Initializing SAMRecords in serial 
INFO  15:57:34,775 SAMDataSource$SAMReaders - Done initializing BAM readers: total time 0.07 
INFO  15:57:35,108 IntervalUtils - Processing 6010812 bp from intervals 
INFO  15:57:35,298 GenomeAnalysisEngine - Preparing for traversal over 1 BAM files 
INFO  15:57:35,406 GenomeAnalysisEngine - Done preparing for traversal 
INFO  15:57:35,406 ProgressMeter - [INITIALIZATION COMPLETE; STARTING PROCESSING] 
INFO  15:57:35,410 ProgressMeter -                 | processed |    time |    per 1M |           |   total | remaining 
INFO  15:57:35,416 ProgressMeter -        Location |     reads | elapsed |     reads | completed | runtime |   runtime 
INFO  15:57:36,495 ReadShardBalancer$1 - Loading BAM index data 
INFO  15:57:36,504 ReadShardBalancer$1 - Done loading BAM index data 
INFO  15:57:36,529 ReadShardBalancer$1 - Loading BAM index data 
INFO  15:57:36,564 ReadShardBalancer$1 - Done loading BAM index data 
INFO  15:57:36,641 ReadShardBalancer$1 - Loading BAM index data 
INFO  15:57:36,644 ReadShardBalancer$1 - Done loading BAM index data 
INFO  15:57:36,725 ReadShardBalancer$1 - Loading BAM index data 
INFO  15:57:36,727 ReadShardBalancer$1 - Done loading BAM index data 
INFO  15:57:36,759 ReadShardBalancer$1 - Loading BAM index data 
INFO  15:57:36,777 ReadShardBalancer$1 - Done loading BAM index data 
INFO  15:57:36,804 ReadShardBalancer$1 - Loading BAM index data 
INFO  15:57:36,807 ReadShardBalancer$1 - Done loading BAM index data 
INFO  15:57:36,817 ReadShardBalancer$1 - Loading BAM index data 
INFO  15:57:36,819 ReadShardBalancer$1 - Done loading BAM index data 
INFO  15:57:36,841 ReadShardBalancer$1 - Loading BAM index data 
INFO  15:57:36,845 ReadShardBalancer$1 - Done loading BAM index data 
INFO  15:57:36,861 ReadShardBalancer$1 - Loading BAM index data 
INFO  15:57:36,863 ReadShardBalancer$1 - Done loading BAM index data 
INFO  15:57:36,872 ReadShardBalancer$1 - Loading BAM index data 
INFO  15:57:36,875 ReadShardBalancer$1 - Done loading BAM index data 
INFO  15:57:36,883 ReadShardBalancer$1 - Loading BAM index data 
INFO  15:57:36,886 ReadShardBalancer$1 - Done loading BAM index data 
INFO  15:57:36,906 ReadShardBalancer$1 - Loading BAM index data 
INFO  15:57:36,908 ReadShardBalancer$1 - Done loading BAM index data 
INFO  15:57:36,915 ReadShardBalancer$1 - Loading BAM index data 
INFO  15:57:36,916 ReadShardBalancer$1 - Done loading BAM index data 
INFO  15:57:36,919 ReadShardBalancer$1 - Loading BAM index data 
INFO  15:57:36,920 ReadShardBalancer$1 - Done loading BAM index data 
INFO  15:57:36,923 ReadShardBalancer$1 - Loading BAM index data 
INFO  15:57:36,924 ReadShardBalancer$1 - Done loading BAM index data 
INFO  15:57:36,936 ReadShardBalancer$1 - Loading BAM index data 
INFO  15:57:36,940 ReadShardBalancer$1 - Done loading BAM index data 
INFO  15:57:36,944 ReadShardBalancer$1 - Loading BAM index data 
INFO  15:57:36,960 ReadShardBalancer$1 - Done loading BAM index data 
INFO  15:57:36,962 ReadShardBalancer$1 - Loading BAM index data 
INFO  15:57:36,970 ReadShardBalancer$1 - Done loading BAM index data 
INFO  15:57:36,989 ReadShardBalancer$1 - Loading BAM index data 
INFO  15:57:36,992 ReadShardBalancer$1 - Done loading BAM index data 
INFO  15:57:37,000 ReadShardBalancer$1 - Loading BAM index data 
INFO  15:57:37,027 ReadShardBalancer$1 - Done loading BAM index data 
INFO  15:57:37,029 ReadShardBalancer$1 - Loading BAM index data 
INFO  15:57:37,033 ReadShardBalancer$1 - Done loading BAM index data 
INFO  15:57:37,036 ReadShardBalancer$1 - Loading BAM index data 
INFO  15:57:37,040 ReadShardBalancer$1 - Done loading BAM index data 
INFO  15:57:37,059 ReadShardBalancer$1 - Loading BAM index data 
INFO  15:57:37,063 ReadShardBalancer$1 - Done loading BAM index data 
INFO  15:57:37,067 ReadShardBalancer$1 - Loading BAM index data 
INFO  15:57:37,069 ReadShardBalancer$1 - Done loading BAM index data 
INFO  15:57:37,081 ReadShardBalancer$1 - Loading BAM index data 
INFO  15:57:37,083 ReadShardBalancer$1 - Done loading BAM index data 
INFO  15:57:37,102 ReadShardBalancer$1 - Loading BAM index data 
INFO  15:57:37,109 ReadShardBalancer$1 - Done loading BAM index data 
INFO  15:57:37,136 ReadShardBalancer$1 - Loading BAM index data 
INFO  15:57:37,142 ReadShardBalancer$1 - Done loading BAM index data 
INFO  15:57:37,145 ReadShardBalancer$1 - Loading BAM index data 
INFO  15:57:37,147 ReadShardBalancer$1 - Done loading BAM index data 
INFO  15:57:37,166 ReadShardBalancer$1 - Loading BAM index data 
INFO  15:57:37,171 ReadShardBalancer$1 - Done loading BAM index data 
INFO  15:57:37,199 ReadShardBalancer$1 - Loading BAM index data 
INFO  15:57:37,206 ReadShardBalancer$1 - Done loading BAM index data 
INFO  15:57:37,248 ReadShardBalancer$1 - Loading BAM index data 
INFO  15:57:37,272 ReadShardBalancer$1 - Done loading BAM index data 
INFO  15:57:37,290 ReadShardBalancer$1 - Loading BAM index data 
INFO  15:57:37,309 ReadShardBalancer$1 - Done loading BAM index data 
INFO  15:57:37,337 ReadShardBalancer$1 - Loading BAM index data 
INFO  15:57:37,339 ReadShardBalancer$1 - Done loading BAM index data 
INFO  15:57:37,348 ReadShardBalancer$1 - Loading BAM index data 
INFO  15:57:37,374 ReadShardBalancer$1 - Done loading BAM index data 
INFO  15:57:37,396 ReadShardBalancer$1 - Loading BAM index data 
INFO  15:57:37,398 ReadShardBalancer$1 - Done loading BAM index data 
INFO  15:57:37,478 ReadShardBalancer$1 - Loading BAM index data 
INFO  15:57:37,485 ReadShardBalancer$1 - Done loading BAM index data 
INFO  15:57:37,498 ReadShardBalancer$1 - Loading BAM index data 
INFO  15:57:37,499 ReadShardBalancer$1 - Done loading BAM index data 
INFO  15:57:37,531 ReadShardBalancer$1 - Loading BAM index data 
INFO  15:57:37,535 ReadShardBalancer$1 - Done loading BAM index data 
INFO  15:57:37,542 ReadShardBalancer$1 - Loading BAM index data 
INFO  15:57:37,560 ReadShardBalancer$1 - Done loading BAM index data 
INFO  15:57:37,569 ReadShardBalancer$1 - Loading BAM index data 
INFO  15:57:37,588 ReadShardBalancer$1 - Done loading BAM index data 
INFO  15:57:37,602 ReadShardBalancer$1 - Loading BAM index data 
INFO  15:57:37,606 ReadShardBalancer$1 - Done loading BAM index data 
INFO  15:57:37,631 ReadShardBalancer$1 - Loading BAM index data 
INFO  15:57:37,633 ReadShardBalancer$1 - Done loading BAM index data 
INFO  15:57:37,644 ReadShardBalancer$1 - Loading BAM index data 
INFO  15:57:37,648 ReadShardBalancer$1 - Done loading BAM index data 
INFO  15:57:37,678 ReadShardBalancer$1 - Loading BAM index data 
INFO  15:57:37,686 ReadShardBalancer$1 - Done loading BAM index data 
INFO  15:57:37,689 ReadShardBalancer$1 - Loading BAM index data 
INFO  15:57:37,712 ReadShardBalancer$1 - Done loading BAM index data 
INFO  15:57:37,717 ReadShardBalancer$1 - Loading BAM index data 
INFO  15:57:37,732 ReadShardBalancer$1 - Done loading BAM index data 
INFO  15:57:37,782 ReadShardBalancer$1 - Loading BAM index data 
INFO  15:57:37,789 ReadShardBalancer$1 - Done loading BAM index data 
INFO  15:57:37,794 ReadShardBalancer$1 - Loading BAM index data 
INFO  15:57:37,816 ReadShardBalancer$1 - Done loading BAM index data 
INFO  15:57:37,829 ReadShardBalancer$1 - Loading BAM index data 
INFO  15:57:38,056 ReadShardBalancer$1 - Done loading BAM index data 
INFO  15:57:38,104 ReadShardBalancer$1 - Loading BAM index data 
INFO  15:57:38,109 ReadShardBalancer$1 - Done loading BAM index data 
INFO  15:57:38,124 ReadShardBalancer$1 - Loading BAM index data 
INFO  15:57:38,124 ReadShardBalancer$1 - Done loading BAM index data 
INFO  15:57:45,450 ProgressMeter -            done    157470.0    10.0 s      63.0 s       96.0%    10.0 s       0.0 s 
INFO  15:57:45,452 ProgressMeter - Total runtime 10.04 secs, 0.17 min, 0.00 hours 
INFO  15:57:45,455 MicroScheduler - 13 reads were filtered out during the traversal out of approximately 157483 total reads (0.01%) 
INFO  15:57:45,466 MicroScheduler -   -> 0 reads (0.00% of total) failing BadCigarFilter 
INFO  15:57:45,468 MicroScheduler -   -> 13 reads (0.01% of total) failing MalformedReadFilter 
