INFO  19:03:19,878 HelpFormatter - --------------------------------------------------------------------------------- 
INFO  19:03:19,880 HelpFormatter - The Genome Analysis Toolkit (GATK) v3.4-46-g8ea4dca, Compiled 2015/08/13 20:41:56 
INFO  19:03:19,880 HelpFormatter - Copyright (c) 2010 The Broad Institute 
INFO  19:03:19,880 HelpFormatter - For support and documentation go to http://www.broadinstitute.org/gatk 
INFO  19:03:19,884 HelpFormatter - Program Args: -T HaplotypeCaller -I /mnt/sdb/data/broadout/HG02769_gatk_best_practices_8t_30s_2016-07-25_16-38-44/HG02769_final.bam -L /mnt/sdb/Broad_Ref_Pipeline_approved_package/workflow_profiler/.queue/scatterGather/ExampleHaplotypeCaller-1-sg/temp_10_of_36/scatter.intervals -R /mnt/sdb/Broad_Ref_Pipeline_approved_package/b37bundle/human_g1k_v37.fasta -variant_index_type LINEAR -variant_index_parameter 128000 -o /mnt/sdb/Broad_Ref_Pipeline_approved_package/workflow_profiler/.queue/scatterGather/ExampleHaplotypeCaller-1-sg/temp_10_of_36/HG02769_HaplotypeCaller.g.vcf -ERC GVCF 
INFO  19:03:19,896 HelpFormatter - Executing as bshifaw@application-0-1.hudson.intel.com on Linux 3.10.0-327.el7.x86_64 amd64; OpenJDK 64-Bit Server VM 1.8.0_101-b13. 
INFO  19:03:19,897 HelpFormatter - Date/Time: 2016/07/25 19:03:19 
INFO  19:03:19,897 HelpFormatter - --------------------------------------------------------------------------------- 
INFO  19:03:19,898 HelpFormatter - --------------------------------------------------------------------------------- 
WARN  19:03:19,913 GATKVCFUtils - Naming your output file using the .g.vcf extension will automatically set the appropriate values  for --variant_index_type and --variant_index_parameter 
INFO  19:03:20,264 GenomeAnalysisEngine - Strictness is SILENT 
INFO  19:03:20,585 GenomeAnalysisEngine - Downsampling Settings: Method: BY_SAMPLE, Target Coverage: 500 
INFO  19:03:20,599 SAMDataSource$SAMReaders - Initializing SAMRecords in serial 
INFO  19:03:20,792 SAMDataSource$SAMReaders - Done initializing BAM readers: total time 0.19 
INFO  19:03:20,823 HCMappingQualityFilter - Filtering out reads with MAPQ < 20 
INFO  19:03:21,098 IntervalUtils - Processing 1437965 bp from intervals 
INFO  19:03:21,511 GenomeAnalysisEngine - Preparing for traversal over 1 BAM files 
INFO  19:03:22,001 GenomeAnalysisEngine - Done preparing for traversal 
INFO  19:03:22,003 ProgressMeter - [INITIALIZATION COMPLETE; STARTING PROCESSING] 
INFO  19:03:22,005 ProgressMeter -                 |      processed |    time |         per 1M |           |   total | remaining 
INFO  19:03:22,007 ProgressMeter -        Location | active regions | elapsed | active regions | completed | runtime |   runtime 
INFO  19:03:22,023 HaplotypeCaller - Standard Emitting and Calling confidence set to 0.0 for reference-model confidence output 
INFO  19:03:22,023 HaplotypeCaller - All sites annotated with PLs forced to true for reference-model confidence output 
INFO  19:03:22,422 HaplotypeCaller - Using global mismapping rate of 45 => -4.5 in log10 likelihood units 
Using AVX accelerated implementation of PairHMM
INFO  19:03:27,642 VectorLoglessPairHMM - libVectorLoglessPairHMM unpacked successfully from GATK jar file 
INFO  19:03:27,664 VectorLoglessPairHMM - Using vectorized implementation of PairHMM 
WARN  19:03:32,734 HaplotypeScore - Annotation will not be calculated, must be called from UnifiedGenotyper 
WARN  19:03:32,735 InbreedingCoeff - Annotation will not be calculated, must provide a valid PED file (-ped) from the command line. 
INFO  19:03:52,071 ProgressMeter -      4:77675630           8346.0    30.0 s           60.0 m        0.3%     2.9 h       2.9 h 
INFO  19:04:22,077 ProgressMeter -      4:78649958         376169.0    60.0 s            2.7 m        1.1%    88.4 m      87.4 m 
INFO  19:04:52,078 ProgressMeter -      4:79763487        3421593.0    90.0 s           26.0 s        3.0%    50.3 m      48.8 m 
INFO  19:05:22,079 ProgressMeter -      4:83791463      1.1731721E7   120.0 s           10.0 s        5.7%    35.1 m      33.1 m 
INFO  19:05:52,080 ProgressMeter -      4:87019668      3.2404557E7     2.5 m            4.0 s        9.4%    26.6 m      24.1 m 
INFO  19:06:32,081 ProgressMeter -      4:90171052      7.8187251E7     3.2 m            2.0 s       15.1%    21.0 m      17.9 m 
INFO  19:07:02,082 ProgressMeter -     4:100268852     1.27714877E8     3.7 m            1.0 s       18.9%    19.4 m      15.7 m 
INFO  19:07:32,083 ProgressMeter -     4:104577299     2.00418197E8     4.2 m            1.0 s       23.2%    17.9 m      13.8 m 
INFO  19:08:02,084 ProgressMeter -     4:110791997     2.90754298E8     4.7 m            0.0 s       27.8%    16.8 m      12.1 m 
INFO  19:08:32,085 ProgressMeter -     4:119613182     3.93241424E8     5.2 m            0.0 s       33.0%    15.6 m      10.5 m 
INFO  19:09:02,086 ProgressMeter -     4:123229281     5.10581308E8     5.7 m            0.0 s       37.6%    15.1 m       9.4 m 
INFO  19:09:32,087 ProgressMeter -     4:134084144      6.3977768E8     6.2 m            0.0 s       43.3%    14.2 m       8.1 m 
INFO  19:10:02,088 ProgressMeter -     4:146044662     8.09224072E8     6.7 m            0.0 s       48.4%    13.8 m       7.1 m 
INFO  19:10:32,089 ProgressMeter -     4:153332803     9.97483446E8     7.2 m            0.0 s       53.5%    13.4 m       6.2 m 
INFO  19:11:02,091 ProgressMeter -     4:159590713    1.217468846E9     7.7 m            0.0 s       59.5%    12.9 m       5.2 m 
INFO  19:11:32,092 ProgressMeter -     4:170650677    1.514520424E9     8.2 m            0.0 s       66.2%    12.3 m       4.2 m 
INFO  19:12:02,093 ProgressMeter -     4:184576982     1.74214062E9     8.7 m            0.0 s       71.0%    12.2 m       3.5 m 
INFO  19:12:32,094 ProgressMeter -     4:187510199    1.975149729E9     9.2 m            0.0 s       75.7%    12.1 m       2.9 m 
INFO  19:13:02,096 ProgressMeter -        5:343956     2.03287088E9     9.7 m            0.0 s       78.9%    12.2 m       2.6 m 
INFO  19:13:32,097 ProgressMeter -       5:6607077    2.046456341E9    10.2 m            0.0 s       84.4%    12.0 m     112.0 s 
INFO  19:14:02,098 ProgressMeter -      5:16671055    2.095954026E9    10.7 m            0.0 s       91.2%    11.7 m      61.0 s 
INFO  19:14:30,144 VectorLoglessPairHMM - Time spent in setup for JNI call : 0.492212179 
INFO  19:14:30,144 PairHMM - Total compute time in PairHMM computeLikelihoods() : 61.39809759800001 
INFO  19:14:30,145 HaplotypeCaller - Ran local assembly on 8546 active regions 
INFO  19:14:30,151 ProgressMeter -            done    2.203488863E9    11.1 m            0.0 s      100.0%    11.1 m       0.0 s 
INFO  19:14:30,151 ProgressMeter - Total runtime 668.15 secs, 11.14 min, 0.19 hours 
INFO  19:14:30,152 MicroScheduler - 325249 reads were filtered out during the traversal out of approximately 2337627 total reads (13.91%) 
INFO  19:14:30,152 MicroScheduler -   -> 0 reads (0.00% of total) failing BadCigarFilter 
INFO  19:14:30,152 MicroScheduler -   -> 289725 reads (12.39% of total) failing DuplicateReadFilter 
INFO  19:14:30,153 MicroScheduler -   -> 0 reads (0.00% of total) failing FailsVendorQualityCheckFilter 
INFO  19:14:30,153 MicroScheduler -   -> 35278 reads (1.51% of total) failing HCMappingQualityFilter 
INFO  19:14:30,153 MicroScheduler -   -> 0 reads (0.00% of total) failing MalformedReadFilter 
INFO  19:14:30,153 MicroScheduler -   -> 0 reads (0.00% of total) failing MappingQualityUnavailableFilter 
INFO  19:14:30,153 MicroScheduler -   -> 246 reads (0.01% of total) failing NotPrimaryAlignmentFilter 
INFO  19:14:30,154 MicroScheduler -   -> 0 reads (0.00% of total) failing UnmappedReadFilter 
