INFO  19:54:49,512 HelpFormatter - --------------------------------------------------------------------------------- 
INFO  19:54:49,578 HelpFormatter - The Genome Analysis Toolkit (GATK) v3.4-46-g8ea4dca, Compiled 2015/08/13 20:41:56 
INFO  19:54:49,579 HelpFormatter - Copyright (c) 2010 The Broad Institute 
INFO  19:54:49,579 HelpFormatter - For support and documentation go to http://www.broadinstitute.org/gatk 
INFO  19:54:49,583 HelpFormatter - Program Args: -T BaseRecalibrator -I /mnt/nvme0n1/data/broadout/HG02771_gatk_best_practices_8t_30s_2016-07-06_18-21-02/HG02771_realign.bam -L /mnt/nvme0n1/Broad_Ref_Pipeline_approved_package/workflow_profiler/.queue/scatterGather/ExampleBaseRecalibrator-1-sg/temp_22_of_24/scatter.intervals -R /mnt/nvme0n1/Broad_Ref_Pipeline_approved_package/b37bundle/human_g1k_v37.fasta -knownSites /mnt/nvme0n1/Broad_Ref_Pipeline_approved_package/b37bundle/dbsnp_138.b37.vcf -o /mnt/nvme0n1/Broad_Ref_Pipeline_approved_package/workflow_profiler/.queue/scatterGather/ExampleBaseRecalibrator-1-sg/temp_22_of_24/HG02771_recal.grp 
INFO  19:54:49,610 HelpFormatter - Executing as bshifaw@application-1-1.hudson.intel.com on Linux 3.10.0-327.el7.x86_64 amd64; OpenJDK 64-Bit Server VM 1.8.0_91-b14. 
INFO  19:54:49,616 HelpFormatter - Date/Time: 2016/07/06 19:54:49 
INFO  19:54:49,616 HelpFormatter - --------------------------------------------------------------------------------- 
INFO  19:54:49,617 HelpFormatter - --------------------------------------------------------------------------------- 
INFO  19:54:49,821 GenomeAnalysisEngine - Strictness is SILENT 
INFO  19:54:50,197 GenomeAnalysisEngine - Downsampling Settings: No downsampling 
INFO  19:54:50,239 SAMDataSource$SAMReaders - Initializing SAMRecords in serial 
INFO  19:54:50,429 SAMDataSource$SAMReaders - Done initializing BAM readers: total time 0.19 
INFO  19:54:51,281 IntervalUtils - Processing 1085554 bp from intervals 
INFO  19:54:51,895 GenomeAnalysisEngine - Preparing for traversal over 1 BAM files 
INFO  19:54:52,432 GenomeAnalysisEngine - Done preparing for traversal 
INFO  19:54:52,437 ProgressMeter - [INITIALIZATION COMPLETE; STARTING PROCESSING] 
INFO  19:54:52,443 ProgressMeter -                 | processed |    time |    per 1M |           |   total | remaining 
INFO  19:54:52,454 ProgressMeter -        Location |     reads | elapsed |     reads | completed | runtime |   runtime 
INFO  19:54:52,592 BaseRecalibrator - The covariates being used here:  
INFO  19:54:52,599 BaseRecalibrator - 	ReadGroupCovariate 
INFO  19:54:52,601 BaseRecalibrator - 	QualityScoreCovariate 
INFO  19:54:52,604 BaseRecalibrator - 	ContextCovariate 
INFO  19:54:52,604 ContextCovariate - 		Context sizes: base substitution model 2, indel substitution model 3 
INFO  19:54:52,605 BaseRecalibrator - 	CycleCovariate 
INFO  19:54:52,607 ReadShardBalancer$1 - Loading BAM index data 
INFO  19:54:52,896 ReadShardBalancer$1 - Done loading BAM index data 
INFO  19:55:23,351 ProgressMeter -     22:17472874         0.0    30.0 s      51.1 w        0.8%    60.8 m      60.3 m 
INFO  19:55:55,531 ProgressMeter -     22:20077337    100001.0    63.0 s      10.5 m        9.9%    10.6 m       9.5 m 
INFO  19:56:25,713 ProgressMeter -     22:23523737    200002.0    93.0 s       7.8 m       20.3%     7.6 m       6.1 m 
INFO  19:56:57,780 ProgressMeter -     22:26890146    400004.0     2.1 m       5.2 m       30.2%     6.9 m       4.8 m 
INFO  19:57:27,783 ProgressMeter -     22:32239672    600015.0     2.6 m       4.3 m       45.0%     5.7 m       3.2 m 
INFO  19:57:58,152 ProgressMeter -     22:38363701    800019.0     3.1 m       3.9 m       59.2%     5.2 m       2.1 m 
INFO  19:58:28,156 ProgressMeter -     22:42962359   1100023.0     3.6 m       3.3 m       77.1%     4.6 m      63.0 s 
INFO  19:58:56,749 BaseRecalibrator - Calculating quantized quality scores... 
INFO  19:58:56,813 BaseRecalibrator - Writing recalibration report... 
INFO  19:58:58,188 ProgressMeter -     22:51237625   1400033.0     4.1 m       2.9 m      100.0%     4.1 m       0.0 s 
INFO  19:58:58,189 BaseRecalibrator - ...done! 
INFO  19:58:58,189 BaseRecalibrator - BaseRecalibrator was able to recalibrate 1417047 reads 
INFO  19:58:58,191 ProgressMeter -            done   1417047.0     4.1 m       2.9 m      100.0%     4.1 m       0.0 s 
INFO  19:58:58,191 ProgressMeter - Total runtime 245.75 secs, 4.10 min, 0.07 hours 
INFO  19:58:58,191 MicroScheduler - 317171 reads were filtered out during the traversal out of approximately 1734218 total reads (18.29%) 
INFO  19:58:58,191 MicroScheduler -   -> 0 reads (0.00% of total) failing BadCigarFilter 
INFO  19:58:58,192 MicroScheduler -   -> 253256 reads (14.60% of total) failing DuplicateReadFilter 
INFO  19:58:58,196 MicroScheduler -   -> 0 reads (0.00% of total) failing FailsVendorQualityCheckFilter 
INFO  19:58:58,196 MicroScheduler -   -> 0 reads (0.00% of total) failing MalformedReadFilter 
INFO  19:58:58,196 MicroScheduler -   -> 0 reads (0.00% of total) failing MappingQualityUnavailableFilter 
INFO  19:58:58,202 MicroScheduler -   -> 63710 reads (3.67% of total) failing MappingQualityZeroFilter 
INFO  19:58:58,203 MicroScheduler -   -> 205 reads (0.01% of total) failing NotPrimaryAlignmentFilter 
INFO  19:58:58,203 MicroScheduler -   -> 0 reads (0.00% of total) failing UnmappedReadFilter 
