INFO  20:24:01,682 HelpFormatter - --------------------------------------------------------------------------------- 
INFO  20:24:01,684 HelpFormatter - The Genome Analysis Toolkit (GATK) v3.4-46-g8ea4dca, Compiled 2015/08/13 20:41:56 
INFO  20:24:01,684 HelpFormatter - Copyright (c) 2010 The Broad Institute 
INFO  20:24:01,684 HelpFormatter - For support and documentation go to http://www.broadinstitute.org/gatk 
INFO  20:24:01,687 HelpFormatter - Program Args: -T PrintReads -I /home/opt/data/broadout/FC1-NA12878-01_S1_L001_R1_001_gatk_best_practices_36t_30s_2015-11-05_19-14-59/FC1-NA12878-01_S1_L001_R1_001_realign.bam -L /home/beris/Broad_Ref_Pipeline_approved_package/workflow_profiler/.queue/scatterGather/ExamplePrintReads-1-sg/temp_23_of_36/scatter.intervals -R /home/beris/Broad_Ref_Pipeline_approved_package/homosapiensrefgenome/Homo_sapiens_assembly19.fasta -BQSR /home/opt/data/broadout/FC1-NA12878-01_S1_L001_R1_001_gatk_best_practices_36t_30s_2015-11-05_19-14-59/FC1-NA12878-01_S1_L001_R1_001_recal.grp -o /home/beris/Broad_Ref_Pipeline_approved_package/workflow_profiler/.queue/scatterGather/ExamplePrintReads-1-sg/temp_23_of_36/FC1-NA12878-01_S1_L001_R1_001_final.bam 
INFO  20:24:01,694 HelpFormatter - Executing as beris@dna on Linux 2.6.32-573.el6.x86_64 amd64; OpenJDK 64-Bit Server VM 1.7.0_79-mockbuild_2015_07_24_09_26-b00. 
INFO  20:24:01,695 HelpFormatter - Date/Time: 2015/11/05 20:24:01 
INFO  20:24:01,695 HelpFormatter - --------------------------------------------------------------------------------- 
INFO  20:24:01,695 HelpFormatter - --------------------------------------------------------------------------------- 
INFO  20:24:01,801 GenomeAnalysisEngine - Strictness is SILENT 
INFO  20:24:02,463 ContextCovariate - 		Context sizes: base substitution model 2, indel substitution model 3 
INFO  20:24:02,490 GenomeAnalysisEngine - Downsampling Settings: No downsampling 
INFO  20:24:02,497 SAMDataSource$SAMReaders - Initializing SAMRecords in serial 
INFO  20:24:02,529 SAMDataSource$SAMReaders - Done initializing BAM readers: total time 0.03 
INFO  20:24:02,549 IntervalUtils - Processing 155270560 bp from intervals 
INFO  20:24:02,633 GenomeAnalysisEngine - Preparing for traversal over 1 BAM files 
INFO  20:24:03,072 GenomeAnalysisEngine - Done preparing for traversal 
INFO  20:24:03,073 ProgressMeter - [INITIALIZATION COMPLETE; STARTING PROCESSING] 
INFO  20:24:03,073 ProgressMeter -                 | processed |    time |    per 1M |           |   total | remaining 
INFO  20:24:03,073 ProgressMeter -        Location |     reads | elapsed |     reads | completed | runtime |   runtime 
INFO  20:24:03,084 ReadShardBalancer$1 - Loading BAM index data 
INFO  20:24:03,906 ReadShardBalancer$1 - Done loading BAM index data 
INFO  20:24:33,725 ProgressMeter -      X:15793435    100001.0    30.0 s       5.1 m       10.2%     4.9 m       4.4 m 
INFO  20:25:03,727 ProgressMeter -      X:49061725    400004.0    60.0 s       2.5 m       31.6%     3.2 m       2.2 m 
INFO  20:25:33,727 ProgressMeter -      X:77302105    800010.0    90.0 s     113.0 s       49.8%     3.0 m      90.0 s 
INFO  20:26:03,834 ProgressMeter -     X:122251655   1100016.0   120.0 s     109.0 s       78.7%     2.5 m      32.0 s 
INFO  20:26:31,695 Walker - [REDUCE RESULT] Traversal result is: org.broadinstitute.gatk.engine.io.stubs.SAMFileWriterStub@1f7d19f2 
INFO  20:26:32,511 ProgressMeter -            done   1483221.0     2.5 m     100.0 s      100.0%     2.5 m       0.0 s 
INFO  20:26:32,511 ProgressMeter - Total runtime 149.44 secs, 2.49 min, 0.04 hours 
INFO  20:26:32,512 MicroScheduler - 0 reads were filtered out during the traversal out of approximately 1483221 total reads (0.00%) 
INFO  20:26:32,513 MicroScheduler -   -> 0 reads (0.00% of total) failing BadCigarFilter 
INFO  20:26:32,513 MicroScheduler -   -> 0 reads (0.00% of total) failing MalformedReadFilter 
