INFO  18:27:26,946 HelpFormatter - --------------------------------------------------------------------------------- 
INFO  18:27:26,985 HelpFormatter - The Genome Analysis Toolkit (GATK) v3.4-46-g8ea4dca, Compiled 2015/08/13 20:41:56 
INFO  18:27:26,995 HelpFormatter - Copyright (c) 2010 The Broad Institute 
INFO  18:27:26,996 HelpFormatter - For support and documentation go to http://www.broadinstitute.org/gatk 
INFO  18:27:26,999 HelpFormatter - Program Args: -T PrintReads -I /mnt/sdb/data/broadout/HG02769_gatk_best_practices_8t_30s_2016-07-25_16-38-44/HG02769_realign.bam -L /mnt/sdb/Broad_Ref_Pipeline_approved_package/workflow_profiler/.queue/scatterGather/ExamplePrintReads-1-sg/temp_23_of_36/scatter.intervals -R /mnt/sdb/Broad_Ref_Pipeline_approved_package/b37bundle/human_g1k_v37.fasta -BQSR /mnt/sdb/data/broadout/HG02769_gatk_best_practices_8t_30s_2016-07-25_16-38-44/HG02769_recal.grp -o /mnt/sdb/Broad_Ref_Pipeline_approved_package/workflow_profiler/.queue/scatterGather/ExamplePrintReads-1-sg/temp_23_of_36/HG02769_final.bam 
INFO  18:27:27,027 HelpFormatter - Executing as bshifaw@application-0-1.hudson.intel.com on Linux 3.10.0-327.el7.x86_64 amd64; OpenJDK 64-Bit Server VM 1.8.0_101-b13. 
INFO  18:27:27,032 HelpFormatter - Date/Time: 2016/07/25 18:27:26 
INFO  18:27:27,033 HelpFormatter - --------------------------------------------------------------------------------- 
INFO  18:27:27,036 HelpFormatter - --------------------------------------------------------------------------------- 
INFO  18:27:27,413 GenomeAnalysisEngine - Strictness is SILENT 
INFO  18:27:29,455 ContextCovariate - 		Context sizes: base substitution model 2, indel substitution model 3 
INFO  18:27:29,673 GenomeAnalysisEngine - Downsampling Settings: No downsampling 
INFO  18:27:29,702 SAMDataSource$SAMReaders - Initializing SAMRecords in serial 
INFO  18:27:29,849 SAMDataSource$SAMReaders - Done initializing BAM readers: total time 0.15 
INFO  18:27:29,954 IntervalUtils - Processing 155270560 bp from intervals 
INFO  18:27:30,373 GenomeAnalysisEngine - Preparing for traversal over 1 BAM files 
INFO  18:27:31,314 GenomeAnalysisEngine - Done preparing for traversal 
INFO  18:27:31,322 ProgressMeter - [INITIALIZATION COMPLETE; STARTING PROCESSING] 
INFO  18:27:31,323 ProgressMeter -                 | processed |    time |    per 1M |           |   total | remaining 
INFO  18:27:31,401 ProgressMeter -        Location |     reads | elapsed |     reads | completed | runtime |   runtime 
INFO  18:27:31,477 ReadShardBalancer$1 - Loading BAM index data 
INFO  18:27:32,812 ReadShardBalancer$1 - Done loading BAM index data 
INFO  18:28:01,507 ProgressMeter -        X:209892         0.0    30.0 s      49.9 w        0.1%     6.2 h       6.2 h 
INFO  18:28:33,007 ProgressMeter -       X:9656116    100003.0    61.0 s      10.3 m        6.2%    16.3 m      15.3 m 
INFO  18:29:06,584 ProgressMeter -      X:13781967    300006.0    95.0 s       5.3 m        8.9%    17.8 m      16.3 m 
INFO  18:29:39,752 ProgressMeter -      X:17746040    400008.0     2.1 m       5.4 m       11.4%    18.7 m      16.5 m 
INFO  18:30:09,753 ProgressMeter -      X:23020079    700020.0     2.6 m       3.8 m       14.8%    17.8 m      15.1 m 
INFO  18:30:39,754 ProgressMeter -      X:38135979    900026.0     3.1 m       3.5 m       24.6%    12.8 m       9.6 m 
INFO  18:31:09,761 ProgressMeter -      X:48058213   1100028.0     3.6 m       3.3 m       31.0%    11.7 m       8.1 m 
INFO  18:31:39,762 ProgressMeter -      X:49233421   1400039.0     4.1 m       3.0 m       31.7%    13.0 m       8.9 m 
INFO  18:32:09,762 ProgressMeter -      X:52530912   1700057.0     4.6 m       2.7 m       33.8%    13.7 m       9.1 m 
INFO  18:32:39,763 ProgressMeter -      X:64709198   1900060.0     5.1 m       2.7 m       41.7%    12.3 m       7.2 m 
INFO  18:33:09,774 ProgressMeter -      X:73041148   2200064.0     5.6 m       2.6 m       47.0%    12.0 m       6.3 m 
INFO  18:33:39,775 ProgressMeter -      X:96603304   2500070.0     6.1 m       2.5 m       62.2%     9.9 m       3.7 m 
INFO  18:34:09,776 ProgressMeter -     X:103349373   2800078.0     6.6 m       2.4 m       66.6%    10.0 m       3.3 m 
INFO  18:34:39,777 ProgressMeter -     X:110863717   3100094.0     7.1 m       2.3 m       71.4%    10.0 m       2.9 m 
INFO  18:35:09,819 ProgressMeter -     X:120078865   3500098.0     7.6 m       2.2 m       77.3%     9.9 m       2.2 m 
INFO  18:35:39,820 ProgressMeter -     X:131573619   3900116.0     8.1 m       2.1 m       84.7%     9.6 m      87.0 s 
INFO  18:36:09,821 ProgressMeter -     X:146312574   4300135.0     8.6 m     120.0 s       94.2%     9.2 m      31.0 s 
INFO  18:36:39,906 ProgressMeter -     X:153697774   4900166.0     9.1 m     111.0 s       99.0%     9.2 m       5.0 s 
INFO  18:36:46,751 Walker - [REDUCE RESULT] Traversal result is: org.broadinstitute.gatk.engine.io.stubs.SAMFileWriterStub@2a6e54c2 
INFO  18:36:46,922 ProgressMeter -            done   5047232.0     9.3 m     110.0 s      100.0%     9.3 m       0.0 s 
INFO  18:36:46,923 ProgressMeter - Total runtime 555.61 secs, 9.26 min, 0.15 hours 
INFO  18:36:46,923 MicroScheduler - 0 reads were filtered out during the traversal out of approximately 5047232 total reads (0.00%) 
INFO  18:36:46,923 MicroScheduler -   -> 0 reads (0.00% of total) failing BadCigarFilter 
INFO  18:36:46,923 MicroScheduler -   -> 0 reads (0.00% of total) failing MalformedReadFilter 
