INFO  20:07:54,660 HelpFormatter - --------------------------------------------------------------------------------- 
INFO  20:07:54,681 HelpFormatter - The Genome Analysis Toolkit (GATK) v3.4-46-g8ea4dca, Compiled 2015/08/13 20:41:56 
INFO  20:07:54,688 HelpFormatter - Copyright (c) 2010 The Broad Institute 
INFO  20:07:54,688 HelpFormatter - For support and documentation go to http://www.broadinstitute.org/gatk 
INFO  20:07:54,692 HelpFormatter - Program Args: -T PrintReads -I /mnt/nvme0n1/data/broadout/HG02771_gatk_best_practices_8t_30s_2016-07-06_18-21-02/HG02771_realign.bam -L /mnt/nvme0n1/Broad_Ref_Pipeline_approved_package/workflow_profiler/.queue/scatterGather/ExamplePrintReads-1-sg/temp_23_of_36/scatter.intervals -R /mnt/nvme0n1/Broad_Ref_Pipeline_approved_package/b37bundle/human_g1k_v37.fasta -BQSR /mnt/nvme0n1/data/broadout/HG02771_gatk_best_practices_8t_30s_2016-07-06_18-21-02/HG02771_recal.grp -o /mnt/nvme0n1/Broad_Ref_Pipeline_approved_package/workflow_profiler/.queue/scatterGather/ExamplePrintReads-1-sg/temp_23_of_36/HG02771_final.bam 
INFO  20:07:54,749 HelpFormatter - Executing as bshifaw@application-1-1.hudson.intel.com on Linux 3.10.0-327.el7.x86_64 amd64; OpenJDK 64-Bit Server VM 1.8.0_91-b14. 
INFO  20:07:54,752 HelpFormatter - Date/Time: 2016/07/06 20:07:54 
INFO  20:07:54,752 HelpFormatter - --------------------------------------------------------------------------------- 
INFO  20:07:54,754 HelpFormatter - --------------------------------------------------------------------------------- 
INFO  20:07:55,420 GenomeAnalysisEngine - Strictness is SILENT 
INFO  20:07:58,320 ContextCovariate - 		Context sizes: base substitution model 2, indel substitution model 3 
INFO  20:07:58,511 GenomeAnalysisEngine - Downsampling Settings: No downsampling 
INFO  20:07:58,544 SAMDataSource$SAMReaders - Initializing SAMRecords in serial 
INFO  20:07:58,748 SAMDataSource$SAMReaders - Done initializing BAM readers: total time 0.20 
INFO  20:07:58,844 IntervalUtils - Processing 155270560 bp from intervals 
INFO  20:07:59,493 GenomeAnalysisEngine - Preparing for traversal over 1 BAM files 
INFO  20:08:00,263 GenomeAnalysisEngine - Done preparing for traversal 
INFO  20:08:00,268 ProgressMeter - [INITIALIZATION COMPLETE; STARTING PROCESSING] 
INFO  20:08:00,273 ProgressMeter -                 | processed |    time |    per 1M |           |   total | remaining 
INFO  20:08:00,279 ProgressMeter -        Location |     reads | elapsed |     reads | completed | runtime |   runtime 
INFO  20:08:00,315 ReadShardBalancer$1 - Loading BAM index data 
INFO  20:08:01,573 ReadShardBalancer$1 - Done loading BAM index data 
INFO  20:08:30,353 ProgressMeter -        X:224205         0.0    30.0 s      49.7 w        0.1%     5.8 h       5.8 h 
INFO  20:09:00,594 ProgressMeter -       X:3240061         0.0    60.0 s      99.7 w        2.1%    47.9 m      46.9 m 
INFO  20:09:31,903 ProgressMeter -      X:14262705    200006.0    91.0 s       7.6 m        9.2%    16.5 m      15.0 m 
INFO  20:10:03,555 ProgressMeter -      X:19596792    300008.0     2.1 m       6.8 m       12.6%    16.2 m      14.2 m 
INFO  20:10:33,556 ProgressMeter -      X:31639711    400009.0     2.6 m       6.4 m       20.4%    12.5 m      10.0 m 
INFO  20:11:03,557 ProgressMeter -      X:47422702    600011.0     3.1 m       5.1 m       30.5%    10.0 m       6.9 m 
INFO  20:11:34,325 ProgressMeter -      X:49227998    700015.0     3.6 m       5.1 m       31.7%    11.2 m       7.7 m 
INFO  20:12:04,326 ProgressMeter -      X:53440325    900023.0     4.1 m       4.5 m       34.4%    11.8 m       7.7 m 
INFO  20:12:34,331 ProgressMeter -      X:69652477   1100025.0     4.6 m       4.2 m       44.9%    10.2 m       5.6 m 
INFO  20:13:04,332 ProgressMeter -      X:77912387   1300027.0     5.1 m       3.9 m       50.2%    10.1 m       5.0 m 
INFO  20:13:34,333 ProgressMeter -     X:101620587   1400028.0     5.6 m       4.0 m       65.4%     8.5 m       2.9 m 
INFO  20:14:04,334 ProgressMeter -     X:109518441   1600031.0     6.1 m       3.8 m       70.5%     8.6 m       2.5 m 
INFO  20:14:44,335 ProgressMeter -     X:123518291   1900036.0     6.7 m       3.5 m       79.6%     8.5 m     103.0 s 
INFO  20:15:14,382 ProgressMeter -     X:134809245   2100038.0     7.2 m       3.4 m       86.8%     8.3 m      65.0 s 
INFO  20:15:54,384 ProgressMeter -     X:151904472   2400043.0     7.9 m       3.3 m       97.8%     8.1 m      10.0 s 
INFO  20:16:24,386 ProgressMeter -     X:154227815   2600051.0     8.4 m       3.2 m       99.3%     8.5 m       3.0 s 
INFO  20:16:28,723 Walker - [REDUCE RESULT] Traversal result is: org.broadinstitute.gatk.engine.io.stubs.SAMFileWriterStub@5b58129f 
INFO  20:16:29,055 ProgressMeter -            done   2675608.0     8.5 m       3.2 m      100.0%     8.5 m       0.0 s 
INFO  20:16:29,056 ProgressMeter - Total runtime 508.79 secs, 8.48 min, 0.14 hours 
INFO  20:16:29,056 MicroScheduler - 0 reads were filtered out during the traversal out of approximately 2675608 total reads (0.00%) 
INFO  20:16:29,057 MicroScheduler -   -> 0 reads (0.00% of total) failing BadCigarFilter 
INFO  20:16:29,057 MicroScheduler -   -> 0 reads (0.00% of total) failing MalformedReadFilter 
