INFO  11:29:12,395 HelpFormatter - --------------------------------------------------------------------------------- 
INFO  11:29:12,397 HelpFormatter - The Genome Analysis Toolkit (GATK) v3.4-46-g8ea4dca, Compiled 2015/08/13 20:41:56 
INFO  11:29:12,397 HelpFormatter - Copyright (c) 2010 The Broad Institute 
INFO  11:29:12,397 HelpFormatter - For support and documentation go to http://www.broadinstitute.org/gatk 
INFO  11:29:12,401 HelpFormatter - Program Args: -T BaseRecalibrator -I /mnt/ssdbroad/output/sim1M_pairs_gatk_best_practices_36t_30s_2016-02-11_11-03-56/sim1M_pairs_realign.bam -L /mnt/ssdbroad/Broad_Ref_Pipeline_approved_package/workflow_profiler/.queue/scatterGather/ExampleBaseRecalibrator-1-sg/temp_34_of_36/scatter.intervals -R /mnt/ssdbroad/Broad_Ref_Pipeline_approved_package/homosapiensrefgenome/Homo_sapiens_assembly19.fasta -knownSites /mnt/ssdbroad/Broad_Ref_Pipeline_approved_package/homosapiensrefgenome/Homo_sapiens_assembly19.dbsnp.vcf -o /mnt/ssdbroad/Broad_Ref_Pipeline_approved_package/workflow_profiler/.queue/scatterGather/ExampleBaseRecalibrator-1-sg/temp_34_of_36/sim1M_pairs_recal.grp 
INFO  11:29:12,414 HelpFormatter - Executing as beris@dna on Linux 2.6.32-573.el6.x86_64 amd64; OpenJDK 64-Bit Server VM 1.7.0_79-mockbuild_2015_07_24_09_26-b00. 
INFO  11:29:12,414 HelpFormatter - Date/Time: 2016/02/11 11:29:12 
INFO  11:29:12,414 HelpFormatter - --------------------------------------------------------------------------------- 
INFO  11:29:12,414 HelpFormatter - --------------------------------------------------------------------------------- 
INFO  11:29:12,544 GenomeAnalysisEngine - Strictness is SILENT 
INFO  11:29:12,712 GenomeAnalysisEngine - Downsampling Settings: No downsampling 
INFO  11:29:12,730 SAMDataSource$SAMReaders - Initializing SAMRecords in serial 
INFO  11:29:12,817 SAMDataSource$SAMReaders - Done initializing BAM readers: total time 0.09 
WARN  11:33:15,078 RMDTrackBuilder - Unable to write to /mnt/ssdbroad/Broad_Ref_Pipeline_approved_package/homosapiensrefgenome/Homo_sapiens_assembly19.dbsnp.vcf.idx for the index file, creating index in memory only 
INFO  11:33:15,112 IntervalUtils - Processing 36422 bp from intervals 
INFO  11:33:15,259 GenomeAnalysisEngine - Preparing for traversal over 1 BAM files 
INFO  11:33:15,419 GenomeAnalysisEngine - Done preparing for traversal 
INFO  11:33:15,433 ProgressMeter - [INITIALIZATION COMPLETE; STARTING PROCESSING] 
INFO  11:33:15,434 ProgressMeter -                 | processed |    time |    per 1M |           |   total | remaining 
INFO  11:33:15,434 ProgressMeter -        Location |     reads | elapsed |     reads | completed | runtime |   runtime 
INFO  11:33:15,485 BaseRecalibrator - The covariates being used here:  
INFO  11:33:15,486 BaseRecalibrator - 	ReadGroupCovariate 
INFO  11:33:15,486 BaseRecalibrator - 	QualityScoreCovariate 
INFO  11:33:15,486 BaseRecalibrator - 	ContextCovariate 
INFO  11:33:15,486 ContextCovariate - 		Context sizes: base substitution model 2, indel substitution model 3 
INFO  11:33:15,493 BaseRecalibrator - 	CycleCovariate 
INFO  11:33:15,496 ReadShardBalancer$1 - Loading BAM index data 
INFO  11:33:15,496 ReadShardBalancer$1 - Done loading BAM index data 
INFO  11:33:15,641 BaseRecalibrator - Calculating quantized quality scores... 
INFO  11:33:15,764 BaseRecalibrator - Writing recalibration report... 
INFO  11:33:18,183 BaseRecalibrator - ...done! 
INFO  11:33:18,184 BaseRecalibrator - BaseRecalibrator was able to recalibrate 8 reads 
INFO  11:33:18,186 ProgressMeter -            done         8.0     2.0 s      95.6 h       22.2%     9.0 s       7.0 s 
INFO  11:33:18,186 ProgressMeter - Total runtime 2.75 secs, 0.05 min, 0.00 hours 
INFO  11:33:18,187 MicroScheduler - 24 reads were filtered out during the traversal out of approximately 32 total reads (75.00%) 
INFO  11:33:18,187 MicroScheduler -   -> 0 reads (0.00% of total) failing BadCigarFilter 
INFO  11:33:18,187 MicroScheduler -   -> 0 reads (0.00% of total) failing DuplicateReadFilter 
INFO  11:33:18,188 MicroScheduler -   -> 0 reads (0.00% of total) failing FailsVendorQualityCheckFilter 
INFO  11:33:18,188 MicroScheduler -   -> 0 reads (0.00% of total) failing MalformedReadFilter 
INFO  11:33:18,188 MicroScheduler -   -> 0 reads (0.00% of total) failing MappingQualityUnavailableFilter 
INFO  11:33:18,188 MicroScheduler -   -> 24 reads (75.00% of total) failing MappingQualityZeroFilter 
INFO  11:33:18,189 MicroScheduler -   -> 0 reads (0.00% of total) failing NotPrimaryAlignmentFilter 
INFO  11:33:18,189 MicroScheduler -   -> 0 reads (0.00% of total) failing UnmappedReadFilter 
