INFO  15:57:33,856 HelpFormatter - --------------------------------------------------------------------------------- 
INFO  15:57:33,879 HelpFormatter - The Genome Analysis Toolkit (GATK) v3.4-46-g8ea4dca, Compiled 2015/08/13 20:41:56 
INFO  15:57:33,879 HelpFormatter - Copyright (c) 2010 The Broad Institute 
INFO  15:57:33,879 HelpFormatter - For support and documentation go to http://www.broadinstitute.org/gatk 
INFO  15:57:33,887 HelpFormatter - Program Args: -T IndelRealigner -I /mnt/sdb/data/broadout/sim1M_pairs_gatk_best_practices_36t_30s_2016-09-26_15-40-42/sim1M_pairs_dupRem.bam -L /home/bshifaw/gitrepos/Reference-Design/Broad_Ref_Pip/workflow_profiler/.queue/scatterGather/ExampleIndelRealigner-1-sg/temp_34_of_36/scatter.intervals -R /mnt/sdb/Broad_Ref_Pipeline_approved_package/homosapiensrefgenome/Homo_sapiens_assembly19.fasta -known /mnt/sdb/Broad_Ref_Pipeline_approved_package/homosapiensrefgenome/Homo_sapiens_assembly19.known_indels.vcf -targetIntervals /mnt/sdb/data/broadout/sim1M_pairs_gatk_best_practices_36t_30s_2016-09-26_15-40-42/sim1M_pairs_realn.intervals -o /home/bshifaw/gitrepos/Reference-Design/Broad_Ref_Pip/workflow_profiler/.queue/scatterGather/ExampleIndelRealigner-1-sg/temp_34_of_36/sim1M_pairs_realign.bam -filterNoBases 
INFO  15:57:33,912 HelpFormatter - Executing as bshifaw@application-0-1.hudson.intel.com on Linux 3.10.0-327.13.1.el7.x86_64 amd64; OpenJDK 64-Bit Server VM 1.8.0_102-b14. 
INFO  15:57:33,913 HelpFormatter - Date/Time: 2016/09/26 15:57:33 
INFO  15:57:33,913 HelpFormatter - --------------------------------------------------------------------------------- 
INFO  15:57:33,913 HelpFormatter - --------------------------------------------------------------------------------- 
INFO  15:57:34,103 GenomeAnalysisEngine - Strictness is SILENT 
INFO  15:57:34,213 GenomeAnalysisEngine - Downsampling Settings: No downsampling 
INFO  15:57:34,221 SAMDataSource$SAMReaders - Initializing SAMRecords in serial 
INFO  15:57:34,316 SAMDataSource$SAMReaders - Done initializing BAM readers: total time 0.09 
INFO  15:57:34,574 IntervalUtils - Processing 36422 bp from intervals 
INFO  15:57:34,662 GenomeAnalysisEngine - Preparing for traversal over 1 BAM files 
INFO  15:57:34,771 GenomeAnalysisEngine - Done preparing for traversal 
INFO  15:57:34,812 ProgressMeter - [INITIALIZATION COMPLETE; STARTING PROCESSING] 
INFO  15:57:34,813 ProgressMeter -                 | processed |    time |    per 1M |           |   total | remaining 
INFO  15:57:34,813 ProgressMeter -        Location |     reads | elapsed |     reads | completed | runtime |   runtime 
INFO  15:57:36,104 ReadShardBalancer$1 - Loading BAM index data 
INFO  15:57:36,105 ReadShardBalancer$1 - Done loading BAM index data 
INFO  15:57:36,343 ProgressMeter -            done        32.0     1.0 s      13.3 h        4.7%    21.0 s      20.0 s 
INFO  15:57:36,347 ProgressMeter - Total runtime 1.53 secs, 0.03 min, 0.00 hours 
INFO  15:57:36,349 MicroScheduler - 0 reads were filtered out during the traversal out of approximately 32 total reads (0.00%) 
INFO  15:57:36,363 MicroScheduler -   -> 0 reads (0.00% of total) failing BadCigarFilter 
INFO  15:57:36,364 MicroScheduler -   -> 0 reads (0.00% of total) failing MalformedReadFilter 
