INFO  20:08:01,915 HelpFormatter - --------------------------------------------------------------------------------- 
INFO  20:08:01,931 HelpFormatter - The Genome Analysis Toolkit (GATK) v3.4-46-g8ea4dca, Compiled 2015/08/13 20:41:56 
INFO  20:08:01,932 HelpFormatter - Copyright (c) 2010 The Broad Institute 
INFO  20:08:01,936 HelpFormatter - For support and documentation go to http://www.broadinstitute.org/gatk 
INFO  20:08:01,940 HelpFormatter - Program Args: -T PrintReads -I /mnt/nvme0n1/data/broadout/HG02771_gatk_best_practices_8t_30s_2016-07-06_18-21-02/HG02771_realign.bam -L /mnt/nvme0n1/Broad_Ref_Pipeline_approved_package/workflow_profiler/.queue/scatterGather/ExamplePrintReads-1-sg/temp_24_of_36/scatter.intervals -R /mnt/nvme0n1/Broad_Ref_Pipeline_approved_package/b37bundle/human_g1k_v37.fasta -BQSR /mnt/nvme0n1/data/broadout/HG02771_gatk_best_practices_8t_30s_2016-07-06_18-21-02/HG02771_recal.grp -o /mnt/nvme0n1/Broad_Ref_Pipeline_approved_package/workflow_profiler/.queue/scatterGather/ExamplePrintReads-1-sg/temp_24_of_36/HG02771_final.bam 
INFO  20:08:01,968 HelpFormatter - Executing as bshifaw@application-1-1.hudson.intel.com on Linux 3.10.0-327.el7.x86_64 amd64; OpenJDK 64-Bit Server VM 1.8.0_91-b14. 
INFO  20:08:01,975 HelpFormatter - Date/Time: 2016/07/06 20:08:01 
INFO  20:08:01,976 HelpFormatter - --------------------------------------------------------------------------------- 
INFO  20:08:01,977 HelpFormatter - --------------------------------------------------------------------------------- 
INFO  20:08:02,826 GenomeAnalysisEngine - Strictness is SILENT 
INFO  20:08:06,356 ContextCovariate - 		Context sizes: base substitution model 2, indel substitution model 3 
INFO  20:08:06,795 GenomeAnalysisEngine - Downsampling Settings: No downsampling 
INFO  20:08:06,820 SAMDataSource$SAMReaders - Initializing SAMRecords in serial 
INFO  20:08:07,214 SAMDataSource$SAMReaders - Done initializing BAM readers: total time 0.38 
INFO  20:08:07,295 IntervalUtils - Processing 59373566 bp from intervals 
INFO  20:08:07,669 GenomeAnalysisEngine - Preparing for traversal over 1 BAM files 
INFO  20:08:08,203 GenomeAnalysisEngine - Done preparing for traversal 
INFO  20:08:08,218 ProgressMeter - [INITIALIZATION COMPLETE; STARTING PROCESSING] 
INFO  20:08:08,219 ProgressMeter -                 | processed |    time |    per 1M |           |   total | remaining 
INFO  20:08:08,222 ProgressMeter -        Location |     reads | elapsed |     reads | completed | runtime |   runtime 
INFO  20:08:08,269 ReadShardBalancer$1 - Loading BAM index data 
INFO  20:08:08,706 ReadShardBalancer$1 - Done loading BAM index data 
INFO  20:08:40,746 ProgressMeter -       Y:2843711         0.0    32.0 s      53.8 w        4.8%    11.1 m      10.6 m 
INFO  20:09:10,748 ProgressMeter -      Y:13488461    100001.0    62.0 s      10.4 m       22.7%     4.5 m       3.5 m 
INFO  20:09:41,110 ProgressMeter -      Y:24561251    200008.0    92.0 s       7.7 m       41.4%     3.7 m       2.2 m 
INFO  20:09:54,670 Walker - [REDUCE RESULT] Traversal result is: org.broadinstitute.gatk.engine.io.stubs.SAMFileWriterStub@5b58129f 
INFO  20:09:54,774 ProgressMeter -            done    294275.0   106.0 s       6.0 m       99.4%   106.0 s       0.0 s 
INFO  20:09:54,774 ProgressMeter - Total runtime 106.56 secs, 1.78 min, 0.03 hours 
INFO  20:09:54,775 MicroScheduler - 0 reads were filtered out during the traversal out of approximately 294275 total reads (0.00%) 
INFO  20:09:54,775 MicroScheduler -   -> 0 reads (0.00% of total) failing BadCigarFilter 
INFO  20:09:54,775 MicroScheduler -   -> 0 reads (0.00% of total) failing MalformedReadFilter 
