INFO  09:26:31,684 HelpFormatter - --------------------------------------------------------------------------------- 
INFO  09:26:31,686 HelpFormatter - The Genome Analysis Toolkit (GATK) v3.4-46-g8ea4dca, Compiled 2015/08/13 20:41:56 
INFO  09:26:31,687 HelpFormatter - Copyright (c) 2010 The Broad Institute 
INFO  09:26:31,687 HelpFormatter - For support and documentation go to http://www.broadinstitute.org/gatk 
INFO  09:26:31,690 HelpFormatter - Program Args: -T PrintReads -I /mnt/ssdbroad/output/Solexa-272221_gatk_best_practices_36t_30s_2016-02-11_11-59-19/Solexa-272221_realign.bam -L /mnt/ssdbroad/Broad_Ref_Pipeline_approved_package/workflow_profiler/.queue/scatterGather/ExamplePrintReads-1-sg/temp_24_of_36/scatter.intervals -R /mnt/ssdbroad/Broad_Ref_Pipeline_approved_package/homosapiensrefgenome/Homo_sapiens_assembly19.fasta -BQSR /mnt/ssdbroad/output/Solexa-272221_gatk_best_practices_36t_30s_2016-02-11_11-59-19/Solexa-272221_recal.grp -o /mnt/ssdbroad/Broad_Ref_Pipeline_approved_package/workflow_profiler/.queue/scatterGather/ExamplePrintReads-1-sg/temp_24_of_36/Solexa-272221_final.bam 
INFO  09:26:31,705 HelpFormatter - Executing as beris@dna on Linux 2.6.32-573.el6.x86_64 amd64; OpenJDK 64-Bit Server VM 1.7.0_79-mockbuild_2015_07_24_09_26-b00. 
INFO  09:26:31,705 HelpFormatter - Date/Time: 2016/02/12 09:26:31 
INFO  09:26:31,705 HelpFormatter - --------------------------------------------------------------------------------- 
INFO  09:26:31,706 HelpFormatter - --------------------------------------------------------------------------------- 
INFO  09:26:31,787 GenomeAnalysisEngine - Strictness is SILENT 
INFO  09:26:33,045 ContextCovariate - 		Context sizes: base substitution model 2, indel substitution model 3 
INFO  09:26:33,111 GenomeAnalysisEngine - Downsampling Settings: No downsampling 
INFO  09:26:33,118 SAMDataSource$SAMReaders - Initializing SAMRecords in serial 
INFO  09:26:33,172 SAMDataSource$SAMReaders - Done initializing BAM readers: total time 0.05 
INFO  09:26:33,217 IntervalUtils - Processing 59373566 bp from intervals 
INFO  09:26:33,303 GenomeAnalysisEngine - Preparing for traversal over 1 BAM files 
INFO  09:26:33,792 GenomeAnalysisEngine - Done preparing for traversal 
INFO  09:26:33,793 ProgressMeter - [INITIALIZATION COMPLETE; STARTING PROCESSING] 
INFO  09:26:33,793 ProgressMeter -                 | processed |    time |    per 1M |           |   total | remaining 
INFO  09:26:33,794 ProgressMeter -        Location |     reads | elapsed |     reads | completed | runtime |   runtime 
INFO  09:26:33,803 ReadShardBalancer$1 - Loading BAM index data 
INFO  09:26:34,187 ReadShardBalancer$1 - Done loading BAM index data 
INFO  09:27:04,729 ProgressMeter -       Y:2963656         0.0    30.0 s      51.1 w        5.0%    10.0 m       9.5 m 
INFO  09:27:36,062 ProgressMeter -       Y:4140208    200003.0    62.0 s       5.2 m        7.0%    14.8 m      13.8 m 
INFO  09:28:06,135 ProgressMeter -       Y:4957978    300004.0    92.0 s       5.1 m        8.4%    18.4 m      16.8 m 
INFO  09:28:36,144 ProgressMeter -       Y:6787693    600007.0     2.0 m       3.4 m       11.4%    17.8 m      15.8 m 
INFO  09:29:06,145 ProgressMeter -       Y:8622981    800009.0     2.5 m       3.2 m       14.5%    17.4 m      14.9 m 
INFO  09:29:37,406 ProgressMeter -       Y:9945189   1000011.0     3.1 m       3.1 m       16.8%    18.2 m      15.2 m 
INFO  09:30:07,634 ProgressMeter -      Y:13143056   1300117.0     3.6 m       2.7 m       22.1%    16.0 m      12.5 m 
INFO  09:30:37,635 ProgressMeter -      Y:13453917   1600181.0     4.1 m       2.5 m       22.7%    17.9 m      13.8 m 
INFO  09:31:07,643 ProgressMeter -      Y:13486003   1800208.0     4.6 m       2.5 m       22.7%    20.0 m      15.5 m 
INFO  09:31:37,679 ProgressMeter -      Y:13709040   2100359.0     5.1 m       2.4 m       23.1%    21.9 m      16.8 m 
INFO  09:32:07,680 ProgressMeter -      Y:13833110   2400438.0     5.6 m       2.3 m       23.3%    23.8 m      18.3 m 
INFO  09:32:37,682 ProgressMeter -      Y:13842822   2702869.0     6.1 m       2.2 m       23.3%    25.9 m      19.9 m 
INFO  09:33:07,683 ProgressMeter -      Y:13851739   2903679.0     6.6 m       2.3 m       23.3%    28.1 m      21.5 m 
INFO  09:33:37,684 ProgressMeter -      Y:14189184   3204166.0     7.1 m       2.2 m       23.9%    29.5 m      22.5 m 
INFO  09:34:07,685 ProgressMeter -      Y:15820998   3504171.0     7.6 m       2.2 m       26.6%    28.3 m      20.8 m 
INFO  09:34:37,687 ProgressMeter -      Y:17833102   3804175.0     8.1 m       2.1 m       30.0%    26.8 m      18.8 m 
INFO  09:35:07,707 ProgressMeter -      Y:19319832   4104224.0     8.6 m       2.1 m       32.5%    26.3 m      17.7 m 
INFO  09:35:37,708 ProgressMeter -      Y:21239642   4304226.0     9.1 m       2.1 m       35.8%    25.3 m      16.2 m 
INFO  09:36:07,709 ProgressMeter -      Y:23170425   4604231.0     9.6 m       2.1 m       39.0%    24.5 m      14.9 m 
INFO  09:36:37,710 ProgressMeter -      Y:25146516   4904235.0    10.1 m       2.1 m       42.4%    23.7 m      13.7 m 
INFO  09:37:07,711 ProgressMeter -      Y:27218223   5204238.0    10.6 m       2.0 m       45.8%    23.0 m      12.5 m 
INFO  09:37:37,713 ProgressMeter -      Y:28794579   5504261.0    11.1 m     120.0 s       48.5%    22.8 m      11.7 m 
INFO  09:38:07,784 ProgressMeter -      Y:58827482   5804364.0    11.6 m     119.0 s       99.1%    11.7 m       6.0 s 
INFO  09:38:37,785 ProgressMeter -      Y:58840428   6104425.0    12.1 m     118.0 s       99.1%    12.2 m       6.0 s 
INFO  09:39:07,786 ProgressMeter -      Y:58858558   6404527.0    12.6 m     117.0 s       99.1%    12.7 m       6.0 s 
INFO  09:39:37,787 ProgressMeter -      Y:58876396   6704583.0    13.1 m     116.0 s       99.2%    13.2 m       6.0 s 
INFO  09:40:07,789 ProgressMeter -      Y:58892796   7004621.0    13.6 m     116.0 s       99.2%    13.7 m       6.0 s 
INFO  09:40:37,792 ProgressMeter -      Y:58910390   7304671.0    14.1 m     115.0 s       99.2%    14.2 m       6.0 s 
INFO  09:41:07,793 ProgressMeter -      Y:58980233   7604851.0    14.6 m     114.0 s       99.3%    14.7 m       5.0 s 
INFO  09:41:21,152 Walker - [REDUCE RESULT] Traversal result is: org.broadinstitute.gatk.engine.io.stubs.SAMFileWriterStub@1753e482 
INFO  09:41:21,190 ProgressMeter -            done   7781045.0    14.8 m     114.0 s       99.4%    14.9 m       5.0 s 
INFO  09:41:21,190 ProgressMeter - Total runtime 887.40 secs, 14.79 min, 0.25 hours 
INFO  09:41:21,191 MicroScheduler - 0 reads were filtered out during the traversal out of approximately 7781045 total reads (0.00%) 
INFO  09:41:21,191 MicroScheduler -   -> 0 reads (0.00% of total) failing BadCigarFilter 
INFO  09:41:21,191 MicroScheduler -   -> 0 reads (0.00% of total) failing MalformedReadFilter 
