INFO  20:24:02,739 HelpFormatter - --------------------------------------------------------------------------------- 
INFO  20:24:02,743 HelpFormatter - The Genome Analysis Toolkit (GATK) v3.4-46-g8ea4dca, Compiled 2015/08/13 20:41:56 
INFO  20:24:02,743 HelpFormatter - Copyright (c) 2010 The Broad Institute 
INFO  20:24:02,743 HelpFormatter - For support and documentation go to http://www.broadinstitute.org/gatk 
INFO  20:24:02,749 HelpFormatter - Program Args: -T PrintReads -I /home/opt/data/broadout/FC1-NA12878-01_S1_L001_R1_001_gatk_best_practices_36t_30s_2015-11-05_19-14-59/FC1-NA12878-01_S1_L001_R1_001_realign.bam -L /home/beris/Broad_Ref_Pipeline_approved_package/workflow_profiler/.queue/scatterGather/ExamplePrintReads-1-sg/temp_36_of_36/scatter.intervals -L unmapped -R /home/beris/Broad_Ref_Pipeline_approved_package/homosapiensrefgenome/Homo_sapiens_assembly19.fasta -BQSR /home/opt/data/broadout/FC1-NA12878-01_S1_L001_R1_001_gatk_best_practices_36t_30s_2015-11-05_19-14-59/FC1-NA12878-01_S1_L001_R1_001_recal.grp -o /home/beris/Broad_Ref_Pipeline_approved_package/workflow_profiler/.queue/scatterGather/ExamplePrintReads-1-sg/temp_36_of_36/FC1-NA12878-01_S1_L001_R1_001_final.bam 
INFO  20:24:02,790 HelpFormatter - Executing as beris@dna on Linux 2.6.32-573.el6.x86_64 amd64; OpenJDK 64-Bit Server VM 1.7.0_79-mockbuild_2015_07_24_09_26-b00. 
INFO  20:24:02,790 HelpFormatter - Date/Time: 2015/11/05 20:24:02 
INFO  20:24:02,790 HelpFormatter - --------------------------------------------------------------------------------- 
INFO  20:24:02,791 HelpFormatter - --------------------------------------------------------------------------------- 
INFO  20:24:02,924 GenomeAnalysisEngine - Strictness is SILENT 
INFO  20:24:03,849 ContextCovariate - 		Context sizes: base substitution model 2, indel substitution model 3 
INFO  20:24:03,892 GenomeAnalysisEngine - Downsampling Settings: No downsampling 
INFO  20:24:03,903 SAMDataSource$SAMReaders - Initializing SAMRecords in serial 
INFO  20:24:03,947 SAMDataSource$SAMReaders - Done initializing BAM readers: total time 0.04 
INFO  20:24:03,976 IntervalUtils - Processing 6010812 bp from intervals 
INFO  20:24:04,068 GenomeAnalysisEngine - Preparing for traversal over 1 BAM files 
INFO  20:24:04,176 GenomeAnalysisEngine - Done preparing for traversal 
INFO  20:24:04,177 ProgressMeter - [INITIALIZATION COMPLETE; STARTING PROCESSING] 
INFO  20:24:04,177 ProgressMeter -                 | processed |    time |    per 1M |           |   total | remaining 
INFO  20:24:04,178 ProgressMeter -        Location |     reads | elapsed |     reads | completed | runtime |   runtime 
INFO  20:24:04,194 ReadShardBalancer$1 - Loading BAM index data 
INFO  20:24:04,198 ReadShardBalancer$1 - Done loading BAM index data 
INFO  20:24:04,256 ReadShardBalancer$1 - Loading BAM index data 
INFO  20:24:04,259 ReadShardBalancer$1 - Done loading BAM index data 
INFO  20:24:04,613 ReadShardBalancer$1 - Loading BAM index data 
INFO  20:24:04,615 ReadShardBalancer$1 - Done loading BAM index data 
INFO  20:24:04,690 ReadShardBalancer$1 - Loading BAM index data 
INFO  20:24:04,692 ReadShardBalancer$1 - Done loading BAM index data 
INFO  20:24:04,770 ReadShardBalancer$1 - Loading BAM index data 
INFO  20:24:04,773 ReadShardBalancer$1 - Done loading BAM index data 
INFO  20:24:04,828 ReadShardBalancer$1 - Loading BAM index data 
INFO  20:24:04,830 ReadShardBalancer$1 - Done loading BAM index data 
INFO  20:24:04,866 ReadShardBalancer$1 - Loading BAM index data 
INFO  20:24:04,868 ReadShardBalancer$1 - Done loading BAM index data 
INFO  20:24:04,912 ReadShardBalancer$1 - Loading BAM index data 
INFO  20:24:04,915 ReadShardBalancer$1 - Done loading BAM index data 
INFO  20:24:05,078 ReadShardBalancer$1 - Loading BAM index data 
INFO  20:24:05,081 ReadShardBalancer$1 - Done loading BAM index data 
INFO  20:24:05,280 ReadShardBalancer$1 - Loading BAM index data 
INFO  20:24:05,282 ReadShardBalancer$1 - Done loading BAM index data 
INFO  20:24:05,393 ReadShardBalancer$1 - Loading BAM index data 
INFO  20:24:05,394 ReadShardBalancer$1 - Done loading BAM index data 
INFO  20:24:05,688 ReadShardBalancer$1 - Loading BAM index data 
INFO  20:24:05,691 ReadShardBalancer$1 - Done loading BAM index data 
INFO  20:24:05,884 ReadShardBalancer$1 - Loading BAM index data 
INFO  20:24:05,886 ReadShardBalancer$1 - Done loading BAM index data 
INFO  20:24:05,916 ReadShardBalancer$1 - Loading BAM index data 
INFO  20:24:05,919 ReadShardBalancer$1 - Done loading BAM index data 
INFO  20:24:05,990 ReadShardBalancer$1 - Loading BAM index data 
INFO  20:24:05,992 ReadShardBalancer$1 - Done loading BAM index data 
INFO  20:24:06,134 ReadShardBalancer$1 - Loading BAM index data 
INFO  20:24:06,135 ReadShardBalancer$1 - Done loading BAM index data 
INFO  20:24:06,459 ReadShardBalancer$1 - Loading BAM index data 
INFO  20:24:06,462 ReadShardBalancer$1 - Done loading BAM index data 
INFO  20:24:06,528 ReadShardBalancer$1 - Loading BAM index data 
INFO  20:24:06,530 ReadShardBalancer$1 - Done loading BAM index data 
INFO  20:24:06,656 ReadShardBalancer$1 - Loading BAM index data 
INFO  20:24:06,658 ReadShardBalancer$1 - Done loading BAM index data 
INFO  20:24:06,902 ReadShardBalancer$1 - Loading BAM index data 
INFO  20:24:06,905 ReadShardBalancer$1 - Done loading BAM index data 
INFO  20:24:07,039 ReadShardBalancer$1 - Loading BAM index data 
INFO  20:24:07,041 ReadShardBalancer$1 - Done loading BAM index data 
INFO  20:24:07,077 ReadShardBalancer$1 - Loading BAM index data 
INFO  20:24:07,080 ReadShardBalancer$1 - Done loading BAM index data 
INFO  20:24:07,128 ReadShardBalancer$1 - Loading BAM index data 
INFO  20:24:07,130 ReadShardBalancer$1 - Done loading BAM index data 
INFO  20:24:07,222 ReadShardBalancer$1 - Loading BAM index data 
INFO  20:24:07,224 ReadShardBalancer$1 - Done loading BAM index data 
INFO  20:24:07,334 ReadShardBalancer$1 - Loading BAM index data 
INFO  20:24:07,337 ReadShardBalancer$1 - Done loading BAM index data 
INFO  20:24:07,444 ReadShardBalancer$1 - Loading BAM index data 
INFO  20:24:07,448 ReadShardBalancer$1 - Done loading BAM index data 
INFO  20:24:07,882 ReadShardBalancer$1 - Loading BAM index data 
INFO  20:24:07,886 ReadShardBalancer$1 - Done loading BAM index data 
INFO  20:24:13,892 ReadShardBalancer$1 - Loading BAM index data 
INFO  20:24:13,895 ReadShardBalancer$1 - Done loading BAM index data 
INFO  20:24:14,506 ReadShardBalancer$1 - Loading BAM index data 
INFO  20:24:14,509 ReadShardBalancer$1 - Done loading BAM index data 
INFO  20:24:15,325 ReadShardBalancer$1 - Loading BAM index data 
INFO  20:24:15,330 ReadShardBalancer$1 - Done loading BAM index data 
INFO  20:24:16,750 ReadShardBalancer$1 - Loading BAM index data 
INFO  20:24:16,755 ReadShardBalancer$1 - Done loading BAM index data 
INFO  20:24:18,892 ReadShardBalancer$1 - Loading BAM index data 
INFO  20:24:18,898 ReadShardBalancer$1 - Done loading BAM index data 
INFO  20:24:25,826 ReadShardBalancer$1 - Loading BAM index data 
INFO  20:24:25,831 ReadShardBalancer$1 - Done loading BAM index data 
INFO  20:24:26,105 ReadShardBalancer$1 - Loading BAM index data 
INFO  20:24:26,110 ReadShardBalancer$1 - Done loading BAM index data 
INFO  20:24:27,025 ReadShardBalancer$1 - Loading BAM index data 
INFO  20:24:27,031 ReadShardBalancer$1 - Done loading BAM index data 
INFO  20:24:31,913 ReadShardBalancer$1 - Loading BAM index data 
INFO  20:24:31,918 ReadShardBalancer$1 - Done loading BAM index data 
INFO  20:24:32,098 ReadShardBalancer$1 - Loading BAM index data 
INFO  20:24:32,103 ReadShardBalancer$1 - Done loading BAM index data 
INFO  20:24:34,126 ReadShardBalancer$1 - Loading BAM index data 
INFO  20:24:34,129 ReadShardBalancer$1 - Done loading BAM index data 
INFO  20:24:34,181 ProgressMeter - GL000215.1:107674    164165.0    30.0 s       3.0 m       52.8%    56.0 s      26.0 s 
INFO  20:24:34,244 ReadShardBalancer$1 - Loading BAM index data 
INFO  20:24:34,247 ReadShardBalancer$1 - Done loading BAM index data 
INFO  20:24:34,511 ReadShardBalancer$1 - Loading BAM index data 
INFO  20:24:34,514 ReadShardBalancer$1 - Done loading BAM index data 
INFO  20:24:34,730 ReadShardBalancer$1 - Loading BAM index data 
INFO  20:24:34,733 ReadShardBalancer$1 - Done loading BAM index data 
INFO  20:24:35,025 ReadShardBalancer$1 - Loading BAM index data 
INFO  20:24:35,028 ReadShardBalancer$1 - Done loading BAM index data 
INFO  20:24:35,192 ReadShardBalancer$1 - Loading BAM index data 
INFO  20:24:35,195 ReadShardBalancer$1 - Done loading BAM index data 
INFO  20:24:35,423 ReadShardBalancer$1 - Loading BAM index data 
INFO  20:24:35,426 ReadShardBalancer$1 - Done loading BAM index data 
INFO  20:24:36,248 ReadShardBalancer$1 - Loading BAM index data 
INFO  20:24:36,251 ReadShardBalancer$1 - Done loading BAM index data 
INFO  20:24:38,079 ReadShardBalancer$1 - Loading BAM index data 
INFO  20:24:38,082 ReadShardBalancer$1 - Done loading BAM index data 
INFO  20:24:38,198 ReadShardBalancer$1 - Loading BAM index data 
INFO  20:24:38,201 ReadShardBalancer$1 - Done loading BAM index data 
INFO  20:24:38,633 ReadShardBalancer$1 - Loading BAM index data 
INFO  20:24:38,637 ReadShardBalancer$1 - Done loading BAM index data 
INFO  20:24:38,927 ReadShardBalancer$1 - Loading BAM index data 
INFO  20:24:38,933 ReadShardBalancer$1 - Done loading BAM index data 
INFO  20:24:41,748 ReadShardBalancer$1 - Loading BAM index data 
INFO  20:24:41,768 ReadShardBalancer$1 - Done loading BAM index data 
INFO  20:24:42,491 ReadShardBalancer$1 - Loading BAM index data 
INFO  20:24:42,492 ReadShardBalancer$1 - Done loading BAM index data 
INFO  20:24:45,897 Walker - [REDUCE RESULT] Traversal result is: org.broadinstitute.gatk.engine.io.stubs.SAMFileWriterStub@4248d35a 
INFO  20:24:46,192 ProgressMeter -            done    308622.0    42.0 s       2.3 m      100.0%    42.0 s       0.0 s 
INFO  20:24:46,192 ProgressMeter - Total runtime 42.02 secs, 0.70 min, 0.01 hours 
INFO  20:24:46,193 MicroScheduler - 0 reads were filtered out during the traversal out of approximately 308622 total reads (0.00%) 
INFO  20:24:46,193 MicroScheduler -   -> 0 reads (0.00% of total) failing BadCigarFilter 
INFO  20:24:46,194 MicroScheduler -   -> 0 reads (0.00% of total) failing MalformedReadFilter 
