INFO  19:49:45,034 HelpFormatter - --------------------------------------------------------------------------------- 
INFO  19:49:45,046 HelpFormatter - The Genome Analysis Toolkit (GATK) v3.4-46-g8ea4dca, Compiled 2015/08/13 20:41:56 
INFO  19:49:45,053 HelpFormatter - Copyright (c) 2010 The Broad Institute 
INFO  19:49:45,053 HelpFormatter - For support and documentation go to http://www.broadinstitute.org/gatk 
INFO  19:49:45,056 HelpFormatter - Program Args: -T BaseRecalibrator -I /mnt/nvme0n1/data/broadout/HG02561_gatk_best_practices_8t_30s_2016-07-06_18-21-00/HG02561_realign.bam -L /mnt/nvme0n1/Broad_Ref_Pipeline_approved_package/workflow_profiler/.queue/scatterGather/ExampleBaseRecalibrator-1-sg/temp_04_of_24/scatter.intervals -R /mnt/nvme0n1/Broad_Ref_Pipeline_approved_package/b37bundle/human_g1k_v37.fasta -knownSites /mnt/nvme0n1/Broad_Ref_Pipeline_approved_package/b37bundle/dbsnp_138.b37.vcf -o /mnt/nvme0n1/Broad_Ref_Pipeline_approved_package/workflow_profiler/.queue/scatterGather/ExampleBaseRecalibrator-1-sg/temp_04_of_24/HG02561_recal.grp 
INFO  19:49:45,077 HelpFormatter - Executing as bshifaw@application-1-1.hudson.intel.com on Linux 3.10.0-327.el7.x86_64 amd64; OpenJDK 64-Bit Server VM 1.8.0_91-b14. 
INFO  19:49:45,090 HelpFormatter - Date/Time: 2016/07/06 19:49:45 
INFO  19:49:45,090 HelpFormatter - --------------------------------------------------------------------------------- 
INFO  19:49:45,091 HelpFormatter - --------------------------------------------------------------------------------- 
INFO  19:49:45,298 GenomeAnalysisEngine - Strictness is SILENT 
INFO  19:49:45,591 GenomeAnalysisEngine - Downsampling Settings: No downsampling 
INFO  19:49:45,604 SAMDataSource$SAMReaders - Initializing SAMRecords in serial 
INFO  19:49:45,772 SAMDataSource$SAMReaders - Done initializing BAM readers: total time 0.17 
INFO  19:49:46,651 IntervalUtils - Processing 2020274 bp from intervals 
INFO  19:49:47,030 GenomeAnalysisEngine - Preparing for traversal over 1 BAM files 
INFO  19:49:47,397 GenomeAnalysisEngine - Done preparing for traversal 
INFO  19:49:47,406 ProgressMeter - [INITIALIZATION COMPLETE; STARTING PROCESSING] 
INFO  19:49:47,407 ProgressMeter -                 | processed |    time |    per 1M |           |   total | remaining 
INFO  19:49:47,407 ProgressMeter -        Location |     reads | elapsed |     reads | completed | runtime |   runtime 
INFO  19:49:47,591 BaseRecalibrator - The covariates being used here:  
INFO  19:49:47,591 BaseRecalibrator - 	ReadGroupCovariate 
INFO  19:49:47,599 BaseRecalibrator - 	QualityScoreCovariate 
INFO  19:49:47,600 BaseRecalibrator - 	ContextCovariate 
INFO  19:49:47,600 ContextCovariate - 		Context sizes: base substitution model 2, indel substitution model 3 
INFO  19:49:47,600 BaseRecalibrator - 	CycleCovariate 
INFO  19:49:47,602 ReadShardBalancer$1 - Loading BAM index data 
INFO  19:49:47,995 ReadShardBalancer$1 - Done loading BAM index data 
INFO  19:50:17,600 ProgressMeter -        4:951716         0.0    30.0 s      49.9 w        1.7%    30.1 m      29.6 m 
INFO  19:50:47,716 ProgressMeter -       4:2200319    100002.0    60.0 s      10.1 m        4.6%    21.9 m      20.9 m 
INFO  19:51:18,220 ProgressMeter -       4:4461185    200003.0    90.0 s       7.6 m        8.4%    17.8 m      16.3 m 
INFO  19:51:49,813 ProgressMeter -      4:10100638    300006.0     2.0 m       6.8 m       13.2%    15.4 m      13.3 m 
INFO  19:52:20,695 ProgressMeter -      4:25667905    400008.0     2.6 m       6.4 m       18.9%    13.5 m      10.9 m 
INFO  19:52:50,706 ProgressMeter -      4:42895577    600013.0     3.1 m       5.1 m       25.8%    11.8 m       8.8 m 
INFO  19:53:20,708 ProgressMeter -      4:57301695    900020.0     3.6 m       3.9 m       33.4%    10.6 m       7.1 m 
INFO  19:53:50,914 ProgressMeter -      4:75971409   1100025.0     4.1 m       3.7 m       42.4%     9.6 m       5.5 m 
INFO  19:54:21,069 ProgressMeter -      4:88401735   1400034.0     4.6 m       3.3 m       52.7%     8.6 m       4.1 m 
INFO  19:54:51,109 ProgressMeter -     4:101109017   1600037.0     5.1 m       3.2 m       58.8%     8.6 m       3.5 m 
INFO  19:55:22,171 ProgressMeter -     4:109969377   1800039.0     5.6 m       3.1 m       63.3%     8.8 m       3.2 m 
INFO  19:55:52,227 ProgressMeter -     4:121957451   1900047.0     6.1 m       3.2 m       69.4%     8.7 m       2.7 m 
INFO  19:56:22,229 ProgressMeter -     4:138451903   2100053.0     6.6 m       3.1 m       75.4%     8.7 m       2.1 m 
INFO  19:56:56,185 ProgressMeter -     4:151770210   2300056.0     7.1 m       3.1 m       81.5%     8.8 m      97.0 s 
INFO  19:57:26,187 ProgressMeter -     4:166960630   2500058.0     7.6 m       3.1 m       89.2%     8.6 m      55.0 s 
INFO  19:57:56,189 ProgressMeter -     4:187004408   2700061.0     8.1 m       3.0 m       97.6%     8.3 m      11.0 s 
INFO  19:58:02,464 BaseRecalibrator - Calculating quantized quality scores... 
INFO  19:58:02,532 BaseRecalibrator - Writing recalibration report... 
INFO  19:58:04,571 BaseRecalibrator - ...done! 
INFO  19:58:04,572 BaseRecalibrator - BaseRecalibrator was able to recalibrate 2859556 reads 
INFO  19:58:04,586 ProgressMeter -            done   2859556.0     8.3 m       2.9 m       99.6%     8.3 m       2.0 s 
INFO  19:58:04,587 ProgressMeter - Total runtime 497.18 secs, 8.29 min, 0.14 hours 
INFO  19:58:04,587 MicroScheduler - 518581 reads were filtered out during the traversal out of approximately 3378137 total reads (15.35%) 
INFO  19:58:04,587 MicroScheduler -   -> 0 reads (0.00% of total) failing BadCigarFilter 
INFO  19:58:04,587 MicroScheduler -   -> 465004 reads (13.77% of total) failing DuplicateReadFilter 
INFO  19:58:04,587 MicroScheduler -   -> 0 reads (0.00% of total) failing FailsVendorQualityCheckFilter 
INFO  19:58:04,588 MicroScheduler -   -> 0 reads (0.00% of total) failing MalformedReadFilter 
INFO  19:58:04,588 MicroScheduler -   -> 0 reads (0.00% of total) failing MappingQualityUnavailableFilter 
INFO  19:58:04,594 MicroScheduler -   -> 53339 reads (1.58% of total) failing MappingQualityZeroFilter 
INFO  19:58:04,594 MicroScheduler -   -> 238 reads (0.01% of total) failing NotPrimaryAlignmentFilter 
INFO  19:58:04,594 MicroScheduler -   -> 0 reads (0.00% of total) failing UnmappedReadFilter 
