INFO  20:24:02,334 HelpFormatter - --------------------------------------------------------------------------------- 
INFO  20:24:02,336 HelpFormatter - The Genome Analysis Toolkit (GATK) v3.4-46-g8ea4dca, Compiled 2015/08/13 20:41:56 
INFO  20:24:02,336 HelpFormatter - Copyright (c) 2010 The Broad Institute 
INFO  20:24:02,337 HelpFormatter - For support and documentation go to http://www.broadinstitute.org/gatk 
INFO  20:24:02,341 HelpFormatter - Program Args: -T PrintReads -I /home/opt/data/broadout/FC1-NA12878-01_S1_L001_R1_001_gatk_best_practices_36t_30s_2015-11-05_19-14-59/FC1-NA12878-01_S1_L001_R1_001_realign.bam -L /home/beris/Broad_Ref_Pipeline_approved_package/workflow_profiler/.queue/scatterGather/ExamplePrintReads-1-sg/temp_31_of_36/scatter.intervals -R /home/beris/Broad_Ref_Pipeline_approved_package/homosapiensrefgenome/Homo_sapiens_assembly19.fasta -BQSR /home/opt/data/broadout/FC1-NA12878-01_S1_L001_R1_001_gatk_best_practices_36t_30s_2015-11-05_19-14-59/FC1-NA12878-01_S1_L001_R1_001_recal.grp -o /home/beris/Broad_Ref_Pipeline_approved_package/workflow_profiler/.queue/scatterGather/ExamplePrintReads-1-sg/temp_31_of_36/FC1-NA12878-01_S1_L001_R1_001_final.bam 
INFO  20:24:02,360 HelpFormatter - Executing as beris@dna on Linux 2.6.32-573.el6.x86_64 amd64; OpenJDK 64-Bit Server VM 1.7.0_79-mockbuild_2015_07_24_09_26-b00. 
INFO  20:24:02,361 HelpFormatter - Date/Time: 2015/11/05 20:24:02 
INFO  20:24:02,361 HelpFormatter - --------------------------------------------------------------------------------- 
INFO  20:24:02,361 HelpFormatter - --------------------------------------------------------------------------------- 
INFO  20:24:02,585 GenomeAnalysisEngine - Strictness is SILENT 
INFO  20:24:03,651 ContextCovariate - 		Context sizes: base substitution model 2, indel substitution model 3 
INFO  20:24:03,687 GenomeAnalysisEngine - Downsampling Settings: No downsampling 
INFO  20:24:03,697 SAMDataSource$SAMReaders - Initializing SAMRecords in serial 
INFO  20:24:03,736 SAMDataSource$SAMReaders - Done initializing BAM readers: total time 0.04 
INFO  20:24:03,761 IntervalUtils - Processing 33824 bp from intervals 
INFO  20:24:03,844 GenomeAnalysisEngine - Preparing for traversal over 1 BAM files 
INFO  20:24:03,948 GenomeAnalysisEngine - Done preparing for traversal 
INFO  20:24:03,948 ProgressMeter - [INITIALIZATION COMPLETE; STARTING PROCESSING] 
INFO  20:24:03,949 ProgressMeter -                 | processed |    time |    per 1M |           |   total | remaining 
INFO  20:24:03,949 ProgressMeter -        Location |     reads | elapsed |     reads | completed | runtime |   runtime 
INFO  20:24:03,962 ReadShardBalancer$1 - Loading BAM index data 
INFO  20:24:03,963 ReadShardBalancer$1 - Done loading BAM index data 
INFO  20:24:04,435 Walker - [REDUCE RESULT] Traversal result is: org.broadinstitute.gatk.engine.io.stubs.SAMFileWriterStub@511697b7 
INFO  20:24:04,463 ProgressMeter -            done       374.0     0.0 s      22.9 m       78.2%     0.0 s       0.0 s 
INFO  20:24:04,464 ProgressMeter - Total runtime 0.52 secs, 0.01 min, 0.00 hours 
INFO  20:24:04,465 MicroScheduler - 0 reads were filtered out during the traversal out of approximately 374 total reads (0.00%) 
INFO  20:24:04,465 MicroScheduler -   -> 0 reads (0.00% of total) failing BadCigarFilter 
INFO  20:24:04,466 MicroScheduler -   -> 0 reads (0.00% of total) failing MalformedReadFilter 
