INFO  20:06:28,241 HelpFormatter - --------------------------------------------------------------------------------- 
INFO  20:06:28,252 HelpFormatter - The Genome Analysis Toolkit (GATK) v3.4-46-g8ea4dca, Compiled 2015/08/13 20:41:56 
INFO  20:06:28,262 HelpFormatter - Copyright (c) 2010 The Broad Institute 
INFO  20:06:28,262 HelpFormatter - For support and documentation go to http://www.broadinstitute.org/gatk 
INFO  20:06:28,265 HelpFormatter - Program Args: -T PrintReads -I /mnt/nvme0n1/data/broadout/HG02561_gatk_best_practices_8t_30s_2016-07-06_18-21-00/HG02561_realign.bam -L /mnt/nvme0n1/Broad_Ref_Pipeline_approved_package/workflow_profiler/.queue/scatterGather/ExamplePrintReads-1-sg/temp_31_of_36/scatter.intervals -R /mnt/nvme0n1/Broad_Ref_Pipeline_approved_package/b37bundle/human_g1k_v37.fasta -BQSR /mnt/nvme0n1/data/broadout/HG02561_gatk_best_practices_8t_30s_2016-07-06_18-21-00/HG02561_recal.grp -o /mnt/nvme0n1/Broad_Ref_Pipeline_approved_package/workflow_profiler/.queue/scatterGather/ExamplePrintReads-1-sg/temp_31_of_36/HG02561_final.bam 
INFO  20:06:28,275 HelpFormatter - Executing as bshifaw@application-1-1.hudson.intel.com on Linux 3.10.0-327.el7.x86_64 amd64; OpenJDK 64-Bit Server VM 1.8.0_91-b14. 
INFO  20:06:28,276 HelpFormatter - Date/Time: 2016/07/06 20:06:28 
INFO  20:06:28,277 HelpFormatter - --------------------------------------------------------------------------------- 
INFO  20:06:28,277 HelpFormatter - --------------------------------------------------------------------------------- 
INFO  20:06:28,686 GenomeAnalysisEngine - Strictness is SILENT 
INFO  20:06:31,135 ContextCovariate - 		Context sizes: base substitution model 2, indel substitution model 3 
INFO  20:06:31,392 GenomeAnalysisEngine - Downsampling Settings: No downsampling 
INFO  20:06:31,427 SAMDataSource$SAMReaders - Initializing SAMRecords in serial 
INFO  20:06:31,604 SAMDataSource$SAMReaders - Done initializing BAM readers: total time 0.18 
INFO  20:06:31,719 IntervalUtils - Processing 33824 bp from intervals 
INFO  20:06:32,099 GenomeAnalysisEngine - Preparing for traversal over 1 BAM files 
INFO  20:06:32,468 GenomeAnalysisEngine - Done preparing for traversal 
INFO  20:06:32,476 ProgressMeter - [INITIALIZATION COMPLETE; STARTING PROCESSING] 
INFO  20:06:32,479 ProgressMeter -                 | processed |    time |    per 1M |           |   total | remaining 
INFO  20:06:32,484 ProgressMeter -        Location |     reads | elapsed |     reads | completed | runtime |   runtime 
INFO  20:06:32,530 ReadShardBalancer$1 - Loading BAM index data 
INFO  20:06:32,532 ReadShardBalancer$1 - Done loading BAM index data 
INFO  20:06:34,285 Walker - [REDUCE RESULT] Traversal result is: org.broadinstitute.gatk.engine.io.stubs.SAMFileWriterStub@5b58129f 
INFO  20:06:34,345 ProgressMeter -            done        48.0     1.0 s      10.7 h        0.2%     7.5 m       7.5 m 
INFO  20:06:34,345 ProgressMeter - Total runtime 1.87 secs, 0.03 min, 0.00 hours 
INFO  20:06:34,346 MicroScheduler - 0 reads were filtered out during the traversal out of approximately 48 total reads (0.00%) 
INFO  20:06:34,347 MicroScheduler -   -> 0 reads (0.00% of total) failing BadCigarFilter 
INFO  20:06:34,355 MicroScheduler -   -> 0 reads (0.00% of total) failing MalformedReadFilter 
