INFO  20:07:59,533 HelpFormatter - --------------------------------------------------------------------------------- 
INFO  20:07:59,838 HelpFormatter - The Genome Analysis Toolkit (GATK) v3.4-46-g8ea4dca, Compiled 2015/08/13 20:41:56 
INFO  20:07:59,838 HelpFormatter - Copyright (c) 2010 The Broad Institute 
INFO  20:07:59,839 HelpFormatter - For support and documentation go to http://www.broadinstitute.org/gatk 
INFO  20:07:59,842 HelpFormatter - Program Args: -T PrintReads -I /mnt/nvme0n1/data/broadout/HG02771_gatk_best_practices_8t_30s_2016-07-06_18-21-02/HG02771_realign.bam -L /mnt/nvme0n1/Broad_Ref_Pipeline_approved_package/workflow_profiler/.queue/scatterGather/ExamplePrintReads-1-sg/temp_31_of_36/scatter.intervals -R /mnt/nvme0n1/Broad_Ref_Pipeline_approved_package/b37bundle/human_g1k_v37.fasta -BQSR /mnt/nvme0n1/data/broadout/HG02771_gatk_best_practices_8t_30s_2016-07-06_18-21-02/HG02771_recal.grp -o /mnt/nvme0n1/Broad_Ref_Pipeline_approved_package/workflow_profiler/.queue/scatterGather/ExamplePrintReads-1-sg/temp_31_of_36/HG02771_final.bam 
INFO  20:08:00,154 HelpFormatter - Executing as bshifaw@application-1-1.hudson.intel.com on Linux 3.10.0-327.el7.x86_64 amd64; OpenJDK 64-Bit Server VM 1.8.0_91-b14. 
INFO  20:08:00,155 HelpFormatter - Date/Time: 2016/07/06 20:07:59 
INFO  20:08:00,155 HelpFormatter - --------------------------------------------------------------------------------- 
INFO  20:08:00,155 HelpFormatter - --------------------------------------------------------------------------------- 
INFO  20:08:00,868 GenomeAnalysisEngine - Strictness is SILENT 
INFO  20:08:03,425 ContextCovariate - 		Context sizes: base substitution model 2, indel substitution model 3 
INFO  20:08:03,676 GenomeAnalysisEngine - Downsampling Settings: No downsampling 
INFO  20:08:03,724 SAMDataSource$SAMReaders - Initializing SAMRecords in serial 
INFO  20:08:03,876 SAMDataSource$SAMReaders - Done initializing BAM readers: total time 0.15 
INFO  20:08:04,036 IntervalUtils - Processing 33824 bp from intervals 
INFO  20:08:04,400 GenomeAnalysisEngine - Preparing for traversal over 1 BAM files 
INFO  20:08:05,067 GenomeAnalysisEngine - Done preparing for traversal 
INFO  20:08:05,079 ProgressMeter - [INITIALIZATION COMPLETE; STARTING PROCESSING] 
INFO  20:08:05,080 ProgressMeter -                 | processed |    time |    per 1M |           |   total | remaining 
INFO  20:08:05,081 ProgressMeter -        Location |     reads | elapsed |     reads | completed | runtime |   runtime 
INFO  20:08:05,131 ReadShardBalancer$1 - Loading BAM index data 
INFO  20:08:05,134 ReadShardBalancer$1 - Done loading BAM index data 
INFO  20:08:07,787 Walker - [REDUCE RESULT] Traversal result is: org.broadinstitute.gatk.engine.io.stubs.SAMFileWriterStub@5b58129f 
INFO  20:08:07,910 ProgressMeter -            done       106.0     2.0 s       7.4 h       98.6%     2.0 s       0.0 s 
INFO  20:08:07,912 ProgressMeter - Total runtime 2.83 secs, 0.05 min, 0.00 hours 
INFO  20:08:07,912 MicroScheduler - 0 reads were filtered out during the traversal out of approximately 106 total reads (0.00%) 
INFO  20:08:07,912 MicroScheduler -   -> 0 reads (0.00% of total) failing BadCigarFilter 
INFO  20:08:07,913 MicroScheduler -   -> 0 reads (0.00% of total) failing MalformedReadFilter 
