INFO  09:26:31,625 HelpFormatter - --------------------------------------------------------------------------------- 
INFO  09:26:31,627 HelpFormatter - The Genome Analysis Toolkit (GATK) v3.4-46-g8ea4dca, Compiled 2015/08/13 20:41:56 
INFO  09:26:31,627 HelpFormatter - Copyright (c) 2010 The Broad Institute 
INFO  09:26:31,627 HelpFormatter - For support and documentation go to http://www.broadinstitute.org/gatk 
INFO  09:26:31,631 HelpFormatter - Program Args: -T PrintReads -I /mnt/ssdbroad/output/Solexa-272221_gatk_best_practices_36t_30s_2016-02-11_11-59-19/Solexa-272221_realign.bam -L /mnt/ssdbroad/Broad_Ref_Pipeline_approved_package/workflow_profiler/.queue/scatterGather/ExamplePrintReads-1-sg/temp_31_of_36/scatter.intervals -R /mnt/ssdbroad/Broad_Ref_Pipeline_approved_package/homosapiensrefgenome/Homo_sapiens_assembly19.fasta -BQSR /mnt/ssdbroad/output/Solexa-272221_gatk_best_practices_36t_30s_2016-02-11_11-59-19/Solexa-272221_recal.grp -o /mnt/ssdbroad/Broad_Ref_Pipeline_approved_package/workflow_profiler/.queue/scatterGather/ExamplePrintReads-1-sg/temp_31_of_36/Solexa-272221_final.bam 
INFO  09:26:31,636 HelpFormatter - Executing as beris@dna on Linux 2.6.32-573.el6.x86_64 amd64; OpenJDK 64-Bit Server VM 1.7.0_79-mockbuild_2015_07_24_09_26-b00. 
INFO  09:26:31,636 HelpFormatter - Date/Time: 2016/02/12 09:26:31 
INFO  09:26:31,636 HelpFormatter - --------------------------------------------------------------------------------- 
INFO  09:26:31,637 HelpFormatter - --------------------------------------------------------------------------------- 
INFO  09:26:31,712 GenomeAnalysisEngine - Strictness is SILENT 
INFO  09:26:32,785 ContextCovariate - 		Context sizes: base substitution model 2, indel substitution model 3 
INFO  09:26:32,869 GenomeAnalysisEngine - Downsampling Settings: No downsampling 
INFO  09:26:32,876 SAMDataSource$SAMReaders - Initializing SAMRecords in serial 
INFO  09:26:32,932 SAMDataSource$SAMReaders - Done initializing BAM readers: total time 0.06 
INFO  09:26:32,958 IntervalUtils - Processing 33824 bp from intervals 
INFO  09:26:33,071 GenomeAnalysisEngine - Preparing for traversal over 1 BAM files 
INFO  09:26:33,212 GenomeAnalysisEngine - Done preparing for traversal 
INFO  09:26:33,212 ProgressMeter - [INITIALIZATION COMPLETE; STARTING PROCESSING] 
INFO  09:26:33,212 ProgressMeter -                 | processed |    time |    per 1M |           |   total | remaining 
INFO  09:26:33,213 ProgressMeter -        Location |     reads | elapsed |     reads | completed | runtime |   runtime 
INFO  09:26:33,225 ReadShardBalancer$1 - Loading BAM index data 
INFO  09:26:33,226 ReadShardBalancer$1 - Done loading BAM index data 
INFO  09:26:47,606 Walker - [REDUCE RESULT] Traversal result is: org.broadinstitute.gatk.engine.io.stubs.SAMFileWriterStub@3ae3a5d0 
INFO  09:26:47,631 ProgressMeter -            done     26936.0    14.0 s       8.9 m      100.0%    14.0 s       0.0 s 
INFO  09:26:47,632 ProgressMeter - Total runtime 14.42 secs, 0.24 min, 0.00 hours 
INFO  09:26:47,632 MicroScheduler - 0 reads were filtered out during the traversal out of approximately 26936 total reads (0.00%) 
INFO  09:26:47,632 MicroScheduler -   -> 0 reads (0.00% of total) failing BadCigarFilter 
INFO  09:26:47,632 MicroScheduler -   -> 0 reads (0.00% of total) failing MalformedReadFilter 
