INFO  19:54:46,461 HelpFormatter - --------------------------------------------------------------------------------- 
INFO  19:54:46,526 HelpFormatter - The Genome Analysis Toolkit (GATK) v3.4-46-g8ea4dca, Compiled 2015/08/13 20:41:56 
INFO  19:54:46,530 HelpFormatter - Copyright (c) 2010 The Broad Institute 
INFO  19:54:46,530 HelpFormatter - For support and documentation go to http://www.broadinstitute.org/gatk 
INFO  19:54:46,535 HelpFormatter - Program Args: -T BaseRecalibrator -I /mnt/nvme0n1/data/broadout/HG02771_gatk_best_practices_8t_30s_2016-07-06_18-21-02/HG02771_realign.bam -L /mnt/nvme0n1/Broad_Ref_Pipeline_approved_package/workflow_profiler/.queue/scatterGather/ExampleBaseRecalibrator-1-sg/temp_16_of_24/scatter.intervals -R /mnt/nvme0n1/Broad_Ref_Pipeline_approved_package/b37bundle/human_g1k_v37.fasta -knownSites /mnt/nvme0n1/Broad_Ref_Pipeline_approved_package/b37bundle/dbsnp_138.b37.vcf -o /mnt/nvme0n1/Broad_Ref_Pipeline_approved_package/workflow_profiler/.queue/scatterGather/ExampleBaseRecalibrator-1-sg/temp_16_of_24/HG02771_recal.grp 
INFO  19:54:46,851 HelpFormatter - Executing as bshifaw@application-1-1.hudson.intel.com on Linux 3.10.0-327.el7.x86_64 amd64; OpenJDK 64-Bit Server VM 1.8.0_91-b14. 
INFO  19:54:46,855 HelpFormatter - Date/Time: 2016/07/06 19:54:46 
INFO  19:54:46,856 HelpFormatter - --------------------------------------------------------------------------------- 
INFO  19:54:46,858 HelpFormatter - --------------------------------------------------------------------------------- 
INFO  19:54:48,385 GenomeAnalysisEngine - Strictness is SILENT 
INFO  19:54:48,742 GenomeAnalysisEngine - Downsampling Settings: No downsampling 
INFO  19:54:48,767 SAMDataSource$SAMReaders - Initializing SAMRecords in serial 
INFO  19:54:48,980 SAMDataSource$SAMReaders - Done initializing BAM readers: total time 0.21 
INFO  19:54:49,828 IntervalUtils - Processing 2128060 bp from intervals 
INFO  19:54:50,102 GenomeAnalysisEngine - Preparing for traversal over 1 BAM files 
INFO  19:54:50,662 GenomeAnalysisEngine - Done preparing for traversal 
INFO  19:54:50,677 ProgressMeter - [INITIALIZATION COMPLETE; STARTING PROCESSING] 
INFO  19:54:50,677 ProgressMeter -                 | processed |    time |    per 1M |           |   total | remaining 
INFO  19:54:50,678 ProgressMeter -        Location |     reads | elapsed |     reads | completed | runtime |   runtime 
INFO  19:54:50,808 BaseRecalibrator - The covariates being used here:  
INFO  19:54:50,823 BaseRecalibrator - 	ReadGroupCovariate 
INFO  19:54:50,825 BaseRecalibrator - 	QualityScoreCovariate 
INFO  19:54:50,825 BaseRecalibrator - 	ContextCovariate 
INFO  19:54:50,825 ContextCovariate - 		Context sizes: base substitution model 2, indel substitution model 3 
INFO  19:54:50,826 BaseRecalibrator - 	CycleCovariate 
INFO  19:54:50,827 ReadShardBalancer$1 - Loading BAM index data 
INFO  19:54:51,241 ReadShardBalancer$1 - Done loading BAM index data 
INFO  19:55:22,072 ProgressMeter -       16:309609         0.0    31.0 s      51.9 w        0.8%    66.2 m      65.7 m 
INFO  19:55:54,489 ProgressMeter -      16:1500674    100001.0    63.0 s      10.6 m        6.8%    15.3 m      14.3 m 
INFO  19:56:24,496 ProgressMeter -      16:2871326    300009.0    93.0 s       5.2 m       14.5%    10.7 m       9.1 m 
INFO  19:56:54,497 ProgressMeter -      16:4707363    400011.0     2.1 m       5.2 m       19.7%    10.4 m       8.4 m 
INFO  19:57:24,498 ProgressMeter -     16:15815521    600016.0     2.6 m       4.3 m       27.5%     9.3 m       6.7 m 
INFO  19:57:54,500 ProgressMeter -     16:21151870    800022.0     3.1 m       3.8 m       34.4%     8.9 m       5.8 m 
INFO  19:58:24,501 ProgressMeter -     16:28600478   1100026.0     3.6 m       3.2 m       42.6%     8.3 m       4.8 m 
INFO  19:58:54,600 ProgressMeter -     16:31409169   1400035.0     4.1 m       2.9 m       53.0%     7.6 m       3.6 m 
INFO  19:59:25,319 ProgressMeter -     16:57597133   1700042.0     4.6 m       2.7 m       64.5%     7.1 m       2.5 m 
INFO  19:59:55,322 ProgressMeter -     16:69778818   2100063.0     5.1 m       2.4 m       78.6%     6.4 m      82.0 s 
INFO  20:00:25,447 ProgressMeter -     16:88902238   2600086.0     5.6 m       2.1 m       96.3%     5.8 m      12.0 s 
INFO  20:00:29,853 BaseRecalibrator - Calculating quantized quality scores... 
INFO  20:00:29,889 BaseRecalibrator - Writing recalibration report... 
INFO  20:00:30,768 BaseRecalibrator - ...done! 
INFO  20:00:30,769 BaseRecalibrator - BaseRecalibrator was able to recalibrate 2771662 reads 
INFO  20:00:30,770 ProgressMeter -            done   2771662.0     5.7 m       2.0 m      100.0%     5.7 m       0.0 s 
INFO  20:00:30,771 ProgressMeter - Total runtime 340.09 secs, 5.67 min, 0.09 hours 
INFO  20:00:30,771 MicroScheduler - 781292 reads were filtered out during the traversal out of approximately 3552954 total reads (21.99%) 
INFO  20:00:30,771 MicroScheduler -   -> 0 reads (0.00% of total) failing BadCigarFilter 
INFO  20:00:30,771 MicroScheduler -   -> 482539 reads (13.58% of total) failing DuplicateReadFilter 
INFO  20:00:30,772 MicroScheduler -   -> 0 reads (0.00% of total) failing FailsVendorQualityCheckFilter 
INFO  20:00:30,772 MicroScheduler -   -> 0 reads (0.00% of total) failing MalformedReadFilter 
INFO  20:00:30,772 MicroScheduler -   -> 0 reads (0.00% of total) failing MappingQualityUnavailableFilter 
INFO  20:00:30,772 MicroScheduler -   -> 298401 reads (8.40% of total) failing MappingQualityZeroFilter 
INFO  20:00:30,772 MicroScheduler -   -> 352 reads (0.01% of total) failing NotPrimaryAlignmentFilter 
INFO  20:00:30,773 MicroScheduler -   -> 0 reads (0.00% of total) failing UnmappedReadFilter 
