INFO  17:41:17,320 HelpFormatter - --------------------------------------------------------------------------------- 
INFO  17:41:17,322 HelpFormatter - The Genome Analysis Toolkit (GATK) v3.4-46-g8ea4dca, Compiled 2015/08/13 20:41:56 
INFO  17:41:17,322 HelpFormatter - Copyright (c) 2010 The Broad Institute 
INFO  17:41:17,322 HelpFormatter - For support and documentation go to http://www.broadinstitute.org/gatk 
INFO  17:41:17,326 HelpFormatter - Program Args: -T PrintReads -I /home/opt/data/broadout/FC1-NA12878-01_S1_L001_gatk_best_practices_36t_30s_2015-11-10_16-39-49/FC1-NA12878-01_S1_L001_realign.bam -L /home/beris/Broad_Ref_Pipeline_approved_package/workflow_profiler/.queue/scatterGather/ExamplePrintReads-1-sg/temp_01_of_36/scatter.intervals -R /home/beris/Broad_Ref_Pipeline_approved_package/homosapiensrefgenome/Homo_sapiens_assembly19.fasta -BQSR /home/opt/data/broadout/FC1-NA12878-01_S1_L001_gatk_best_practices_36t_30s_2015-11-10_16-39-49/FC1-NA12878-01_S1_L001_recal.grp -o /home/beris/Broad_Ref_Pipeline_approved_package/workflow_profiler/.queue/scatterGather/ExamplePrintReads-1-sg/temp_01_of_36/FC1-NA12878-01_S1_L001_final.bam 
INFO  17:41:17,338 HelpFormatter - Executing as beris@dna on Linux 2.6.32-573.el6.x86_64 amd64; OpenJDK 64-Bit Server VM 1.7.0_79-mockbuild_2015_07_24_09_26-b00. 
INFO  17:41:17,338 HelpFormatter - Date/Time: 2015/11/10 17:41:17 
INFO  17:41:17,338 HelpFormatter - --------------------------------------------------------------------------------- 
INFO  17:41:17,338 HelpFormatter - --------------------------------------------------------------------------------- 
INFO  17:41:17,433 GenomeAnalysisEngine - Strictness is SILENT 
INFO  17:41:18,625 ContextCovariate - 		Context sizes: base substitution model 2, indel substitution model 3 
INFO  17:41:18,700 GenomeAnalysisEngine - Downsampling Settings: No downsampling 
INFO  17:41:18,746 SAMDataSource$SAMReaders - Initializing SAMRecords in serial 
INFO  17:41:18,809 SAMDataSource$SAMReaders - Done initializing BAM readers: total time 0.06 
INFO  17:41:18,849 IntervalUtils - Processing 249250621 bp from intervals 
INFO  17:41:19,034 GenomeAnalysisEngine - Preparing for traversal over 1 BAM files 
INFO  17:41:19,887 GenomeAnalysisEngine - Done preparing for traversal 
INFO  17:41:19,888 ProgressMeter - [INITIALIZATION COMPLETE; STARTING PROCESSING] 
INFO  17:41:19,888 ProgressMeter -                 | processed |    time |    per 1M |           |   total | remaining 
INFO  17:41:19,888 ProgressMeter -        Location |     reads | elapsed |     reads | completed | runtime |   runtime 
INFO  17:41:19,929 ReadShardBalancer$1 - Loading BAM index data 
INFO  17:41:20,901 ReadShardBalancer$1 - Done loading BAM index data 
INFO  17:41:49,909 ProgressMeter -      1:16260170    200002.0    30.0 s       2.5 m        6.5%     7.7 m       7.2 m 
INFO  17:42:19,910 ProgressMeter -      1:32843630    500016.0    60.0 s     120.0 s       13.2%     7.6 m       6.6 m 
INFO  17:42:49,911 ProgressMeter -      1:55065133    800020.0    90.0 s     112.0 s       22.1%     6.8 m       5.3 m 
INFO  17:43:19,912 ProgressMeter -      1:92147898   1100025.0   120.0 s     109.0 s       37.0%     5.4 m       3.4 m 
INFO  17:43:49,913 ProgressMeter -     1:120380228   1500032.0     2.5 m     100.0 s       48.3%     5.2 m       2.7 m 
INFO  17:44:19,923 ProgressMeter -     1:148873330   1900041.0     3.0 m      94.0 s       59.7%     5.0 m       2.0 m 
INFO  17:44:49,924 ProgressMeter -     1:167780062   2300049.0     3.5 m      91.0 s       67.3%     5.2 m     101.0 s 
INFO  17:45:19,925 ProgressMeter -     1:203805514   2700054.0     4.0 m      88.0 s       81.8%     4.9 m      53.0 s 
INFO  17:45:49,927 ProgressMeter -     1:236414767   3100065.0     4.5 m      87.0 s       94.9%     4.7 m      14.0 s 
INFO  17:46:00,363 Walker - [REDUCE RESULT] Traversal result is: org.broadinstitute.gatk.engine.io.stubs.SAMFileWriterStub@224298f8 
INFO  17:46:00,567 ProgressMeter -            done   3288012.0     4.7 m      85.0 s      100.0%     4.7 m       0.0 s 
INFO  17:46:00,568 ProgressMeter - Total runtime 280.68 secs, 4.68 min, 0.08 hours 
INFO  17:46:00,568 MicroScheduler - 0 reads were filtered out during the traversal out of approximately 3288012 total reads (0.00%) 
INFO  17:46:00,569 MicroScheduler -   -> 0 reads (0.00% of total) failing BadCigarFilter 
INFO  17:46:00,569 MicroScheduler -   -> 0 reads (0.00% of total) failing MalformedReadFilter 
