INFO  17:06:47,757 HelpFormatter - --------------------------------------------------------------------------------- 
INFO  17:06:47,759 HelpFormatter - The Genome Analysis Toolkit (GATK) v3.4-46-g8ea4dca, Compiled 2015/08/13 20:41:56 
INFO  17:06:47,759 HelpFormatter - Copyright (c) 2010 The Broad Institute 
INFO  17:06:47,764 HelpFormatter - For support and documentation go to http://www.broadinstitute.org/gatk 
INFO  17:06:47,785 HelpFormatter - Program Args: -T PrintReads -I /cluster_share/data/out/HG02769_gatk_best_practices_36t_30s_2016-11-28_15-18-37/HG02769_realign.bam -L /cluster_share/data/Broad_Ref_Pipeline_approved_package/workflow_profiler/.queue/scatterGather/ExamplePrintReads-1-sg/temp_01_of_36/scatter.intervals -R /cluster_share/data/reference/b37bundle/human_g1k_v37.fasta -BQSR /cluster_share/data/out/HG02769_gatk_best_practices_36t_30s_2016-11-28_15-18-37/HG02769_recal.grp -o /cluster_share/data/Broad_Ref_Pipeline_approved_package/workflow_profiler/.queue/scatterGather/ExamplePrintReads-1-sg/temp_01_of_36/HG02769_final.bam 
INFO  17:06:47,792 HelpFormatter - Executing as bshifaw@compute-1-1.hudson.intel.com on Linux 3.10.0-327.13.1.el7.x86_64 amd64; OpenJDK 64-Bit Server VM 1.8.0_111-b15. 
INFO  17:06:47,793 HelpFormatter - Date/Time: 2016/11/28 17:06:47 
INFO  17:06:47,793 HelpFormatter - --------------------------------------------------------------------------------- 
INFO  17:06:47,794 HelpFormatter - --------------------------------------------------------------------------------- 
INFO  17:06:48,114 GenomeAnalysisEngine - Strictness is SILENT 
INFO  17:06:49,521 ContextCovariate - 		Context sizes: base substitution model 2, indel substitution model 3 
INFO  17:06:49,830 GenomeAnalysisEngine - Downsampling Settings: No downsampling 
INFO  17:06:49,888 SAMDataSource$SAMReaders - Initializing SAMRecords in serial 
INFO  17:06:50,042 SAMDataSource$SAMReaders - Done initializing BAM readers: total time 0.15 
INFO  17:06:50,105 IntervalUtils - Processing 249250621 bp from intervals 
INFO  17:06:50,332 GenomeAnalysisEngine - Preparing for traversal over 1 BAM files 
INFO  17:06:51,186 GenomeAnalysisEngine - Done preparing for traversal 
INFO  17:06:51,195 ProgressMeter - [INITIALIZATION COMPLETE; STARTING PROCESSING] 
INFO  17:06:51,199 ProgressMeter -                 | processed |    time |    per 1M |           |   total | remaining 
INFO  17:06:51,203 ProgressMeter -        Location |     reads | elapsed |     reads | completed | runtime |   runtime 
INFO  17:06:51,221 ReadShardBalancer$1 - Loading BAM index data 
INFO  17:06:52,211 ReadShardBalancer$1 - Done loading BAM index data 
INFO  17:07:21,234 ProgressMeter -       1:6888976    300009.0    30.0 s     100.0 s        2.8%    18.1 m      17.6 m 
INFO  17:07:51,236 ProgressMeter -      1:12987902    800018.0    60.0 s      75.0 s        5.2%    19.2 m      18.2 m 
INFO  17:08:21,237 ProgressMeter -      1:17668898   1300045.0    90.0 s      69.0 s        7.1%    21.2 m      19.7 m 
INFO  17:08:51,239 ProgressMeter -      1:25824945   1800051.0   120.0 s      66.0 s       10.4%    19.3 m      17.3 m 
INFO  17:09:21,363 ProgressMeter -      1:33613050   2400074.0     2.5 m      62.0 s       13.5%    18.5 m      16.0 m 
INFO  17:09:51,365 ProgressMeter -      1:43637280   2900088.0     3.0 m      62.0 s       17.5%    17.1 m      14.1 m 
INFO  17:10:21,366 ProgressMeter -      1:52811789   3500108.0     3.5 m      60.0 s       21.2%    16.5 m      13.0 m 
INFO  17:10:51,923 ProgressMeter -      1:75681562   4100118.0     4.0 m      58.0 s       30.4%    13.2 m       9.2 m 
INFO  17:11:22,031 ProgressMeter -     1:100613800   4700133.0     4.5 m      57.0 s       40.4%    11.1 m       6.6 m 
INFO  17:11:52,032 ProgressMeter -     1:115144266   5300142.0     5.0 m      56.0 s       46.2%    10.8 m       5.8 m 
INFO  17:12:22,048 ProgressMeter -     1:145354354   6000189.0     5.5 m      55.0 s       58.3%     9.4 m       3.9 m 
INFO  17:12:52,050 ProgressMeter -     1:149577707   6600205.0     6.0 m      54.0 s       60.0%    10.0 m       4.0 m 
INFO  17:13:22,186 ProgressMeter -     1:152328161   7300267.0     6.5 m      53.0 s       61.1%    10.7 m       4.1 m 
INFO  17:13:52,188 ProgressMeter -     1:156694016   8000295.0     7.0 m      52.0 s       62.9%    11.2 m       4.1 m 
INFO  17:14:22,189 ProgressMeter -     1:167368574   8700305.0     7.5 m      51.0 s       67.1%    11.2 m       3.7 m 
INFO  17:14:52,206 ProgressMeter -     1:186060006   9400322.0     8.0 m      51.0 s       74.6%    10.7 m       2.7 m 
INFO  17:15:22,208 ProgressMeter -     1:205497206   1.0100339E7     8.5 m      50.0 s       82.4%    10.3 m     108.0 s 
INFO  17:15:52,657 ProgressMeter -     1:224553741   1.0700361E7     9.0 m      50.0 s       90.1%    10.0 m      59.0 s 
INFO  17:16:23,493 ProgressMeter -     1:247006105   1.1400376E7     9.5 m      50.0 s       99.1%     9.6 m       5.0 s 
INFO  17:16:31,579 Walker - [REDUCE RESULT] Traversal result is: org.broadinstitute.gatk.engine.io.stubs.SAMFileWriterStub@2a6e54c2 
INFO  17:16:32,042 ProgressMeter -            done   1.167853E7     9.7 m      49.0 s      100.0%     9.7 m       0.0 s 
INFO  17:16:32,042 ProgressMeter - Total runtime 580.86 secs, 9.68 min, 0.16 hours 
INFO  17:16:32,043 MicroScheduler - 0 reads were filtered out during the traversal out of approximately 11678530 total reads (0.00%) 
INFO  17:16:32,043 MicroScheduler -   -> 0 reads (0.00% of total) failing BadCigarFilter 
INFO  17:16:32,043 MicroScheduler -   -> 0 reads (0.00% of total) failing MalformedReadFilter 
