INFO  03:48:53,720 HelpFormatter - --------------------------------------------------------------------------------- 
INFO  03:48:53,723 HelpFormatter - The Genome Analysis Toolkit (GATK) v3.4-46-g8ea4dca, Compiled 2015/08/13 20:41:56 
INFO  03:48:53,723 HelpFormatter - Copyright (c) 2010 The Broad Institute 
INFO  03:48:53,723 HelpFormatter - For support and documentation go to http://www.broadinstitute.org/gatk 
INFO  03:48:53,727 HelpFormatter - Program Args: -T IndelRealigner -I /mnt/ssdbroad/output/Solexa-272221_gatk_best_practices_36t_30s_2016-02-11_11-59-19/Solexa-272221_dupRem.bam -L /mnt/ssdbroad/Broad_Ref_Pipeline_approved_package/workflow_profiler/.queue/scatterGather/ExampleIndelRealigner-1-sg/temp_16_of_36/scatter.intervals -R /mnt/ssdbroad/Broad_Ref_Pipeline_approved_package/homosapiensrefgenome/Homo_sapiens_assembly19.fasta -known /mnt/ssdbroad/Broad_Ref_Pipeline_approved_package/homosapiensrefgenome/Homo_sapiens_assembly19.known_indels.vcf -targetIntervals /mnt/ssdbroad/output/Solexa-272221_gatk_best_practices_36t_30s_2016-02-11_11-59-19/Solexa-272221_realn.intervals -o /mnt/ssdbroad/Broad_Ref_Pipeline_approved_package/workflow_profiler/.queue/scatterGather/ExampleIndelRealigner-1-sg/temp_16_of_36/Solexa-272221_realign.bam -filterNoBases 
INFO  03:48:53,742 HelpFormatter - Executing as beris@dna on Linux 2.6.32-573.el6.x86_64 amd64; OpenJDK 64-Bit Server VM 1.7.0_79-mockbuild_2015_07_24_09_26-b00. 
INFO  03:48:53,747 HelpFormatter - Date/Time: 2016/02/12 03:48:53 
INFO  03:48:53,748 HelpFormatter - --------------------------------------------------------------------------------- 
INFO  03:48:53,748 HelpFormatter - --------------------------------------------------------------------------------- 
INFO  03:48:53,890 GenomeAnalysisEngine - Strictness is SILENT 
INFO  03:48:54,066 GenomeAnalysisEngine - Downsampling Settings: No downsampling 
INFO  03:48:54,088 SAMDataSource$SAMReaders - Initializing SAMRecords in serial 
INFO  03:48:54,157 SAMDataSource$SAMReaders - Done initializing BAM readers: total time 0.07 
INFO  03:48:54,326 IntervalUtils - Processing 90354753 bp from intervals 
INFO  03:48:55,121 GenomeAnalysisEngine - Preparing for traversal over 1 BAM files 
INFO  03:48:56,081 GenomeAnalysisEngine - Done preparing for traversal 
INFO  03:48:56,082 ProgressMeter - [INITIALIZATION COMPLETE; STARTING PROCESSING] 
INFO  03:48:56,082 ProgressMeter -                 | processed |    time |    per 1M |           |   total | remaining 
INFO  03:48:56,083 ProgressMeter -        Location |     reads | elapsed |     reads | completed | runtime |   runtime 
INFO  03:49:07,235 ReadShardBalancer$1 - Loading BAM index data 
INFO  03:49:11,902 ReadShardBalancer$1 - Done loading BAM index data 
INFO  03:49:26,293 ProgressMeter -        Starting         0.0    30.0 s      49.9 w      100.0%    30.0 s       0.0 s 
INFO  03:49:56,313 ProgressMeter -       16:866782    100002.0    60.0 s      10.0 m        1.0%   104.2 m     103.2 m 
INFO  03:50:27,736 ProgressMeter -      16:1978086    400006.0    91.0 s       3.8 m        2.2%    69.3 m      67.8 m 
INFO  03:51:00,721 ProgressMeter -      16:4089677    900011.0     2.1 m       2.3 m        4.5%    45.7 m      43.6 m 
INFO  03:51:30,722 ProgressMeter -      16:6439509   1600020.0     2.6 m      96.0 s        7.1%    36.0 m      33.4 m 
INFO  03:52:00,728 ProgressMeter -      16:8798985   2200029.0     3.1 m      83.0 s        9.7%    31.5 m      28.4 m 
INFO  03:52:30,728 ProgressMeter -     16:11651062   3000039.0     3.6 m      71.0 s       12.9%    27.7 m      24.1 m 
INFO  03:53:00,729 ProgressMeter -     16:14594126   3700048.0     4.1 m      66.0 s       16.2%    25.2 m      21.1 m 
INFO  03:53:30,730 ProgressMeter -     16:17616815   4600061.0     4.6 m      59.0 s       19.5%    23.4 m      18.9 m 
INFO  03:54:00,731 ProgressMeter -     16:20860761   5400070.0     5.1 m      56.0 s       23.1%    21.9 m      16.9 m 
INFO  03:54:30,732 ProgressMeter -     16:23799617   6300082.0     5.6 m      53.0 s       26.3%    21.1 m      15.6 m 
INFO  03:55:00,842 ProgressMeter -     16:26744634   7000091.0     6.1 m      52.0 s       29.6%    20.5 m      14.4 m 
INFO  03:55:30,843 ProgressMeter -     16:29911123   7900107.0     6.6 m      49.0 s       33.1%    19.8 m      13.3 m 
INFO  03:56:00,844 ProgressMeter -     16:32136095   8500116.0     7.1 m      49.0 s       35.6%    19.9 m      12.8 m 
INFO  03:56:40,845 ProgressMeter -     16:32847012   8900123.0     7.7 m      52.0 s       36.4%    21.3 m      13.5 m 
INFO  03:57:20,846 ProgressMeter -     16:33534807   9200126.0     8.4 m      54.0 s       37.1%    22.6 m      14.2 m 
INFO  03:57:50,847 ProgressMeter -     16:33903959   9600210.0     8.9 m      55.0 s       37.5%    23.7 m      14.8 m 
INFO  03:58:30,848 ProgressMeter -     16:34002442   9800252.0     9.6 m      58.0 s       37.6%    25.4 m      15.9 m 
INFO  03:59:00,849 ProgressMeter -     16:35232279   1.0200258E7    10.1 m      59.0 s       39.0%    25.8 m      15.7 m 
INFO  03:59:30,850 ProgressMeter -     16:35232915   1.0200258E7    10.6 m      62.0 s       39.0%    27.1 m      16.5 m 
INFO  04:00:00,851 ProgressMeter -     16:35239073   1.0200258E7    11.1 m      65.0 s       39.0%    28.4 m      17.3 m 
INFO  04:00:30,868 ProgressMeter -     16:46392019   1.0700614E7    11.6 m      64.0 s       51.3%    22.5 m      11.0 m 
INFO  04:01:00,869 ProgressMeter -     16:46405216   1.1801402E7    12.1 m      61.0 s       51.4%    23.5 m      11.4 m 
INFO  04:01:32,975 ProgressMeter -     16:46436092   1.2801609E7    12.6 m      59.0 s       51.4%    24.5 m      11.9 m 
INFO  04:02:02,977 ProgressMeter -     16:49172070   1.3601619E7    13.1 m      57.0 s       54.4%    24.1 m      11.0 m 
INFO  04:02:32,977 ProgressMeter -     16:52537445   1.4501628E7    13.6 m      56.0 s       58.1%    23.4 m       9.8 m 
INFO  04:03:03,014 ProgressMeter -     16:55813037   1.5301638E7    14.1 m      55.0 s       61.8%    22.8 m       8.7 m 
INFO  04:03:33,015 ProgressMeter -     16:58962008   1.6201648E7    14.6 m      54.0 s       65.3%    22.4 m       7.8 m 
INFO  04:04:03,016 ProgressMeter -     16:62116679   1.7101658E7    15.1 m      53.0 s       68.7%    22.0 m       6.9 m 
INFO  04:04:33,017 ProgressMeter -     16:65010608   1.7901668E7    15.6 m      52.0 s       72.0%    21.7 m       6.1 m 
INFO  04:05:03,018 ProgressMeter -     16:68666532   1.8801677E7    16.1 m      51.0 s       76.0%    21.2 m       5.1 m 
INFO  04:05:33,197 ProgressMeter -     16:71768238   1.9601688E7    16.6 m      50.0 s       79.4%    20.9 m       4.3 m 
INFO  04:06:03,508 ProgressMeter -     16:75337343   2.0601699E7    17.1 m      49.0 s       83.4%    20.5 m       3.4 m 
INFO  04:06:33,727 ProgressMeter -     16:78391783   2.1401711E7    17.6 m      49.0 s       86.8%    20.3 m       2.7 m 
INFO  04:06:59,267 IndelRealigner - Not attempting realignment in interval 16:81119776-81119934 because there are too many reads. 
INFO  04:07:03,728 ProgressMeter -     16:81498272   2.2301721E7    18.1 m      48.0 s       90.2%    20.1 m     118.0 s 
INFO  04:07:33,729 ProgressMeter -     16:84533566   2.3101733E7    18.6 m      48.0 s       93.6%    19.9 m      76.0 s 
INFO  04:08:03,730 ProgressMeter -     16:87603208   2.3901744E7    19.1 m      48.0 s       97.0%    19.7 m      36.0 s 
INFO  04:08:31,198 ProgressMeter -            done   2.4600839E7    19.6 m      47.0 s       99.9%    19.6 m       0.0 s 
INFO  04:08:31,199 ProgressMeter - Total runtime 1175.12 secs, 19.59 min, 0.33 hours 
INFO  04:08:31,202 MicroScheduler - 17714877 reads were filtered out during the traversal out of approximately 42315716 total reads (41.86%) 
INFO  04:08:31,202 MicroScheduler -   -> 0 reads (0.00% of total) failing BadCigarFilter 
INFO  04:08:31,202 MicroScheduler -   -> 17714877 reads (41.86% of total) failing MalformedReadFilter 
