INFO  19:30:07,236 HelpFormatter - --------------------------------------------------------------------------------- 
INFO  19:30:07,255 HelpFormatter - The Genome Analysis Toolkit (GATK) v3.4-46-g8ea4dca, Compiled 2015/08/13 20:41:56 
INFO  19:30:07,256 HelpFormatter - Copyright (c) 2010 The Broad Institute 
INFO  19:30:07,256 HelpFormatter - For support and documentation go to http://www.broadinstitute.org/gatk 
INFO  19:30:07,273 HelpFormatter - Program Args: -T IndelRealigner -I /mnt/nvme0n1/data/broadout/HG02561_gatk_best_practices_8t_30s_2016-07-06_18-21-00/HG02561_dupRem.bam -L /mnt/nvme0n1/Broad_Ref_Pipeline_approved_package/workflow_profiler/.queue/scatterGather/ExampleIndelRealigner-1-sg/temp_06_of_36/scatter.intervals -R /mnt/nvme0n1/Broad_Ref_Pipeline_approved_package/b37bundle/human_g1k_v37.fasta -known /mnt/nvme0n1/Broad_Ref_Pipeline_approved_package/b37bundle/1000G_phase1.indels.b37.vcf -targetIntervals /mnt/nvme0n1/data/broadout/HG02561_gatk_best_practices_8t_30s_2016-07-06_18-21-00/HG02561_realn.intervals -o /mnt/nvme0n1/Broad_Ref_Pipeline_approved_package/workflow_profiler/.queue/scatterGather/ExampleIndelRealigner-1-sg/temp_06_of_36/HG02561_realign.bam -filterNoBases 
INFO  19:30:07,309 HelpFormatter - Executing as bshifaw@application-1-1.hudson.intel.com on Linux 3.10.0-327.el7.x86_64 amd64; OpenJDK 64-Bit Server VM 1.8.0_91-b14. 
INFO  19:30:07,324 HelpFormatter - Date/Time: 2016/07/06 19:30:07 
INFO  19:30:07,325 HelpFormatter - --------------------------------------------------------------------------------- 
INFO  19:30:07,328 HelpFormatter - --------------------------------------------------------------------------------- 
INFO  19:30:07,987 GenomeAnalysisEngine - Strictness is SILENT 
INFO  19:30:08,199 GenomeAnalysisEngine - Downsampling Settings: No downsampling 
INFO  19:30:08,207 SAMDataSource$SAMReaders - Initializing SAMRecords in serial 
INFO  19:30:08,382 SAMDataSource$SAMReaders - Done initializing BAM readers: total time 0.18 
INFO  19:30:08,633 IntervalUtils - Processing 171115067 bp from intervals 
INFO  19:30:08,821 GenomeAnalysisEngine - Preparing for traversal over 1 BAM files 
INFO  19:30:09,756 GenomeAnalysisEngine - Done preparing for traversal 
INFO  19:30:09,757 ProgressMeter - [INITIALIZATION COMPLETE; STARTING PROCESSING] 
INFO  19:30:09,757 ProgressMeter -                 | processed |    time |    per 1M |           |   total | remaining 
INFO  19:30:09,758 ProgressMeter -        Location |     reads | elapsed |     reads | completed | runtime |   runtime 
INFO  19:30:10,158 ReadShardBalancer$1 - Loading BAM index data 
INFO  19:30:10,906 ReadShardBalancer$1 - Done loading BAM index data 
INFO  19:30:41,398 ProgressMeter -       6:8428202    200005.0    31.0 s       2.6 m        4.9%    10.5 m      10.0 m 
INFO  19:31:11,400 ProgressMeter -      6:27879757    600013.0    61.0 s     102.0 s       16.3%     6.2 m       5.2 m 
INFO  19:31:41,438 ProgressMeter -      6:31940470   1300028.0    91.0 s      70.0 s       18.7%     8.1 m       6.6 m 
INFO  19:32:14,249 ProgressMeter -      6:43188310   2300062.0     2.1 m      54.0 s       25.2%     8.2 m       6.1 m 
INFO  19:32:44,733 ProgressMeter -      6:90504326   3400096.0     2.6 m      45.0 s       52.9%     4.9 m       2.3 m 
INFO  19:33:14,734 ProgressMeter -     6:161050623   5200166.0     3.1 m      35.0 s       94.1%     3.3 m      11.0 s 
INFO  19:33:18,932 ProgressMeter -            done   5560473.0     3.2 m      34.0 s      100.0%     3.2 m       0.0 s 
INFO  19:33:18,932 ProgressMeter - Total runtime 189.18 secs, 3.15 min, 0.05 hours 
INFO  19:33:18,935 MicroScheduler - 106692 reads were filtered out during the traversal out of approximately 5667165 total reads (1.88%) 
INFO  19:33:18,935 MicroScheduler -   -> 0 reads (0.00% of total) failing BadCigarFilter 
INFO  19:33:18,935 MicroScheduler -   -> 106692 reads (1.88% of total) failing MalformedReadFilter 
