INFO  16:35:32,772 HelpFormatter - --------------------------------------------------------------------------------- 
INFO  16:35:32,777 HelpFormatter - The Genome Analysis Toolkit (GATK) v3.4-46-g8ea4dca, Compiled 2015/08/13 20:41:56 
INFO  16:35:32,778 HelpFormatter - Copyright (c) 2010 The Broad Institute 
INFO  16:35:32,779 HelpFormatter - For support and documentation go to http://www.broadinstitute.org/gatk 
INFO  16:35:32,782 HelpFormatter - Program Args: -T IndelRealigner -I /cluster_share/data/out/HG02769_gatk_best_practices_36t_30s_2016-11-28_15-18-37/HG02769_dupRem.bam -L /cluster_share/data/Broad_Ref_Pipeline_approved_package/workflow_profiler/.queue/scatterGather/ExampleIndelRealigner-1-sg/temp_06_of_36/scatter.intervals -R /cluster_share/data/reference/b37bundle/human_g1k_v37.fasta -known /cluster_share/data/reference/b37bundle/1000G_phase1.indels.b37.vcf -targetIntervals /cluster_share/data/out/HG02769_gatk_best_practices_36t_30s_2016-11-28_15-18-37/HG02769_realn.intervals -o /cluster_share/data/Broad_Ref_Pipeline_approved_package/workflow_profiler/.queue/scatterGather/ExampleIndelRealigner-1-sg/temp_06_of_36/HG02769_realign.bam -filterNoBases 
INFO  16:35:32,788 HelpFormatter - Executing as bshifaw@compute-1-1.hudson.intel.com on Linux 3.10.0-327.13.1.el7.x86_64 amd64; OpenJDK 64-Bit Server VM 1.8.0_111-b15. 
INFO  16:35:32,790 HelpFormatter - Date/Time: 2016/11/28 16:35:32 
INFO  16:35:32,790 HelpFormatter - --------------------------------------------------------------------------------- 
INFO  16:35:32,790 HelpFormatter - --------------------------------------------------------------------------------- 
INFO  16:35:33,027 GenomeAnalysisEngine - Strictness is SILENT 
INFO  16:35:33,230 GenomeAnalysisEngine - Downsampling Settings: No downsampling 
INFO  16:35:33,236 SAMDataSource$SAMReaders - Initializing SAMRecords in serial 
INFO  16:35:33,555 SAMDataSource$SAMReaders - Done initializing BAM readers: total time 0.30 
WARN  16:35:33,627 FSLockWithShared$LockAcquisitionTask - WARNING: Unable to lock file /cluster_share/data/reference/b37bundle/1000G_phase1.indels.b37.vcf.idx because an IOException occurred with message: Function not implemented. 
INFO  16:35:33,637 RMDTrackBuilder - Could not acquire a shared lock on index file /cluster_share/data/reference/b37bundle/1000G_phase1.indels.b37.vcf.idx, falling back to using an in-memory index for this GATK run. 
INFO  16:35:42,722 IntervalUtils - Processing 171115067 bp from intervals 
INFO  16:35:42,885 GenomeAnalysisEngine - Preparing for traversal over 1 BAM files 
INFO  16:35:43,304 GenomeAnalysisEngine - Done preparing for traversal 
INFO  16:35:43,305 ProgressMeter - [INITIALIZATION COMPLETE; STARTING PROCESSING] 
INFO  16:35:43,305 ProgressMeter -                 | processed |    time |    per 1M |           |   total | remaining 
INFO  16:35:43,306 ProgressMeter -        Location |     reads | elapsed |     reads | completed | runtime |   runtime 
INFO  16:35:43,476 ReadShardBalancer$1 - Loading BAM index data 
INFO  16:35:43,937 ReadShardBalancer$1 - Done loading BAM index data 
INFO  16:36:13,348 ProgressMeter -      6:31964987   1300032.0    30.0 s      23.0 s       18.7%     2.7 m       2.2 m 
INFO  16:36:43,434 ProgressMeter -      6:90472141   3200074.0    60.0 s      18.0 s       52.9%   113.0 s      53.0 s 
INFO  16:37:11,776 ProgressMeter -            done   5321229.0    88.0 s      16.0 s      100.0%    88.0 s       0.0 s 
INFO  16:37:11,777 ProgressMeter - Total runtime 88.47 secs, 1.47 min, 0.02 hours 
INFO  16:37:11,782 MicroScheduler - 118870 reads were filtered out during the traversal out of approximately 5440099 total reads (2.19%) 
INFO  16:37:11,783 MicroScheduler -   -> 0 reads (0.00% of total) failing BadCigarFilter 
INFO  16:37:11,783 MicroScheduler -   -> 118870 reads (2.19% of total) failing MalformedReadFilter 
