INFO  14:18:40,228 HelpFormatter - --------------------------------------------------------------------------------- 
INFO  14:18:40,234 HelpFormatter - The Genome Analysis Toolkit (GATK) v3.4-46-g8ea4dca, Compiled 2015/08/13 20:41:56 
INFO  14:18:40,235 HelpFormatter - Copyright (c) 2010 The Broad Institute 
INFO  14:18:40,235 HelpFormatter - For support and documentation go to http://www.broadinstitute.org/gatk 
INFO  14:18:40,239 HelpFormatter - Program Args: -T IndelRealigner -I /mnt/sdb/data/broadout/sim1M_pairs_gatk_best_practices_12t_30s_2016-07-25_14-09-52/sim1M_pairs_dupRem.bam -L /mnt/sdb/Broad_Ref_Pipeline_approved_package/workflow_profiler/.queue/scatterGather/ExampleIndelRealigner-1-sg/temp_06_of_36/scatter.intervals -R /mnt/sdb/Broad_Ref_Pipeline_approved_package/b37bundle/human_g1k_v37.fasta -known /mnt/sdb/Broad_Ref_Pipeline_approved_package/b37bundle/1000G_phase1.indels.b37.vcf -targetIntervals /mnt/sdb/data/broadout/sim1M_pairs_gatk_best_practices_12t_30s_2016-07-25_14-09-52/sim1M_pairs_realn.intervals -o /mnt/sdb/Broad_Ref_Pipeline_approved_package/workflow_profiler/.queue/scatterGather/ExampleIndelRealigner-1-sg/temp_06_of_36/sim1M_pairs_realign.bam -filterNoBases 
INFO  14:18:40,248 HelpFormatter - Executing as bshifaw@application-0-1.hudson.intel.com on Linux 3.10.0-327.el7.x86_64 amd64; OpenJDK 64-Bit Server VM 1.8.0_101-b13. 
INFO  14:18:40,249 HelpFormatter - Date/Time: 2016/07/25 14:18:40 
INFO  14:18:40,250 HelpFormatter - --------------------------------------------------------------------------------- 
INFO  14:18:40,250 HelpFormatter - --------------------------------------------------------------------------------- 
INFO  14:18:40,397 GenomeAnalysisEngine - Strictness is SILENT 
INFO  14:18:40,469 GenomeAnalysisEngine - Downsampling Settings: No downsampling 
INFO  14:18:40,475 SAMDataSource$SAMReaders - Initializing SAMRecords in serial 
INFO  14:18:40,529 SAMDataSource$SAMReaders - Done initializing BAM readers: total time 0.05 
INFO  14:18:40,753 IntervalUtils - Processing 171115067 bp from intervals 
INFO  14:18:40,821 GenomeAnalysisEngine - Preparing for traversal over 1 BAM files 
INFO  14:18:41,243 GenomeAnalysisEngine - Done preparing for traversal 
INFO  14:18:41,243 ProgressMeter - [INITIALIZATION COMPLETE; STARTING PROCESSING] 
INFO  14:18:41,245 ProgressMeter -                 | processed |    time |    per 1M |           |   total | remaining 
INFO  14:18:41,246 ProgressMeter -        Location |     reads | elapsed |     reads | completed | runtime |   runtime 
INFO  14:18:41,367 ReadShardBalancer$1 - Loading BAM index data 
INFO  14:18:42,004 ReadShardBalancer$1 - Done loading BAM index data 
INFO  14:18:51,029 ProgressMeter -            done    108138.0     9.0 s      90.0 s       99.9%     9.0 s       0.0 s 
INFO  14:18:51,029 ProgressMeter - Total runtime 9.79 secs, 0.16 min, 0.00 hours 
INFO  14:18:51,032 MicroScheduler - 266 reads were filtered out during the traversal out of approximately 108404 total reads (0.25%) 
INFO  14:18:51,032 MicroScheduler -   -> 0 reads (0.00% of total) failing BadCigarFilter 
INFO  14:18:51,032 MicroScheduler -   -> 266 reads (0.25% of total) failing MalformedReadFilter 
