INFO  19:29:20,625 HelpFormatter - --------------------------------------------------------------------------------- 
INFO  19:29:20,686 HelpFormatter - The Genome Analysis Toolkit (GATK) v3.4-46-g8ea4dca, Compiled 2015/08/13 20:41:56 
INFO  19:29:20,687 HelpFormatter - Copyright (c) 2010 The Broad Institute 
INFO  19:29:20,687 HelpFormatter - For support and documentation go to http://www.broadinstitute.org/gatk 
INFO  19:29:20,711 HelpFormatter - Program Args: -T IndelRealigner -I /mnt/nvme0n1/data/broadout/HG02571_gatk_best_practices_8t_30s_2016-07-06_18-21-01/HG02571_dupRem.bam -L /mnt/nvme0n1/Broad_Ref_Pipeline_approved_package/workflow_profiler/.queue/scatterGather/ExampleIndelRealigner-1-sg/temp_35_of_36/scatter.intervals -R /mnt/nvme0n1/Broad_Ref_Pipeline_approved_package/b37bundle/human_g1k_v37.fasta -known /mnt/nvme0n1/Broad_Ref_Pipeline_approved_package/b37bundle/1000G_phase1.indels.b37.vcf -targetIntervals /mnt/nvme0n1/data/broadout/HG02571_gatk_best_practices_8t_30s_2016-07-06_18-21-01/HG02571_realn.intervals -o /mnt/nvme0n1/Broad_Ref_Pipeline_approved_package/workflow_profiler/.queue/scatterGather/ExampleIndelRealigner-1-sg/temp_35_of_36/HG02571_realign.bam -filterNoBases 
INFO  19:29:20,738 HelpFormatter - Executing as bshifaw@application-1-1.hudson.intel.com on Linux 3.10.0-327.el7.x86_64 amd64; OpenJDK 64-Bit Server VM 1.8.0_91-b14. 
INFO  19:29:20,740 HelpFormatter - Date/Time: 2016/07/06 19:29:20 
INFO  19:29:20,740 HelpFormatter - --------------------------------------------------------------------------------- 
INFO  19:29:20,741 HelpFormatter - --------------------------------------------------------------------------------- 
INFO  19:29:21,398 GenomeAnalysisEngine - Strictness is SILENT 
INFO  19:29:21,769 GenomeAnalysisEngine - Downsampling Settings: No downsampling 
INFO  19:29:21,810 SAMDataSource$SAMReaders - Initializing SAMRecords in serial 
INFO  19:29:22,035 SAMDataSource$SAMReaders - Done initializing BAM readers: total time 0.22 
INFO  19:29:22,291 IntervalUtils - Processing 36651 bp from intervals 
INFO  19:29:22,722 GenomeAnalysisEngine - Preparing for traversal over 1 BAM files 
INFO  19:29:23,087 GenomeAnalysisEngine - Done preparing for traversal 
INFO  19:29:23,097 ProgressMeter - [INITIALIZATION COMPLETE; STARTING PROCESSING] 
INFO  19:29:23,108 ProgressMeter -                 | processed |    time |    per 1M |           |   total | remaining 
INFO  19:29:23,113 ProgressMeter -        Location |     reads | elapsed |     reads | completed | runtime |   runtime 
INFO  19:29:23,703 ReadShardBalancer$1 - Loading BAM index data 
INFO  19:29:23,711 ReadShardBalancer$1 - Done loading BAM index data 
INFO  19:29:24,186 ProgressMeter -            done        23.0     1.0 s      13.1 h        3.1%    32.0 s      31.0 s 
INFO  19:29:24,187 ProgressMeter - Total runtime 1.09 secs, 0.02 min, 0.00 hours 
INFO  19:29:24,190 MicroScheduler - 26 reads were filtered out during the traversal out of approximately 49 total reads (53.06%) 
INFO  19:29:24,190 MicroScheduler -   -> 0 reads (0.00% of total) failing BadCigarFilter 
INFO  19:29:24,191 MicroScheduler -   -> 26 reads (53.06% of total) failing MalformedReadFilter 
