INFO  03:49:08,796 HelpFormatter - --------------------------------------------------------------------------------- 
INFO  03:49:08,798 HelpFormatter - The Genome Analysis Toolkit (GATK) v3.4-46-g8ea4dca, Compiled 2015/08/13 20:41:56 
INFO  03:49:08,798 HelpFormatter - Copyright (c) 2010 The Broad Institute 
INFO  03:49:08,799 HelpFormatter - For support and documentation go to http://www.broadinstitute.org/gatk 
INFO  03:49:08,802 HelpFormatter - Program Args: -T IndelRealigner -I /mnt/ssdbroad/output/Solexa-272221_gatk_best_practices_36t_30s_2016-02-11_11-59-19/Solexa-272221_dupRem.bam -L /mnt/ssdbroad/Broad_Ref_Pipeline_approved_package/workflow_profiler/.queue/scatterGather/ExampleIndelRealigner-1-sg/temp_35_of_36/scatter.intervals -R /mnt/ssdbroad/Broad_Ref_Pipeline_approved_package/homosapiensrefgenome/Homo_sapiens_assembly19.fasta -known /mnt/ssdbroad/Broad_Ref_Pipeline_approved_package/homosapiensrefgenome/Homo_sapiens_assembly19.known_indels.vcf -targetIntervals /mnt/ssdbroad/output/Solexa-272221_gatk_best_practices_36t_30s_2016-02-11_11-59-19/Solexa-272221_realn.intervals -o /mnt/ssdbroad/Broad_Ref_Pipeline_approved_package/workflow_profiler/.queue/scatterGather/ExampleIndelRealigner-1-sg/temp_35_of_36/Solexa-272221_realign.bam -filterNoBases 
INFO  03:49:08,821 HelpFormatter - Executing as beris@dna on Linux 2.6.32-573.el6.x86_64 amd64; OpenJDK 64-Bit Server VM 1.7.0_79-mockbuild_2015_07_24_09_26-b00. 
INFO  03:49:08,821 HelpFormatter - Date/Time: 2016/02/12 03:49:08 
INFO  03:49:08,821 HelpFormatter - --------------------------------------------------------------------------------- 
INFO  03:49:08,821 HelpFormatter - --------------------------------------------------------------------------------- 
INFO  03:49:09,060 GenomeAnalysisEngine - Strictness is SILENT 
INFO  03:49:09,204 GenomeAnalysisEngine - Downsampling Settings: No downsampling 
INFO  03:49:09,212 SAMDataSource$SAMReaders - Initializing SAMRecords in serial 
INFO  03:49:09,286 SAMDataSource$SAMReaders - Done initializing BAM readers: total time 0.07 
INFO  03:49:09,777 IntervalUtils - Processing 36651 bp from intervals 
INFO  03:49:10,282 GenomeAnalysisEngine - Preparing for traversal over 1 BAM files 
INFO  03:49:10,396 GenomeAnalysisEngine - Done preparing for traversal 
INFO  03:49:10,397 ProgressMeter - [INITIALIZATION COMPLETE; STARTING PROCESSING] 
INFO  03:49:10,398 ProgressMeter -                 | processed |    time |    per 1M |           |   total | remaining 
INFO  03:49:10,398 ProgressMeter -        Location |     reads | elapsed |     reads | completed | runtime |   runtime 
INFO  03:49:21,491 ReadShardBalancer$1 - Loading BAM index data 
INFO  03:49:21,500 ReadShardBalancer$1 - Done loading BAM index data 
INFO  03:49:40,483 ProgressMeter - GL000245.1:36616         0.0    30.0 s      49.7 w       99.9%    30.0 s       0.0 s 
INFO  03:49:42,523 ProgressMeter -            done     25914.0    32.0 s      20.7 m       99.9%    32.0 s       0.0 s 
INFO  03:49:42,524 ProgressMeter - Total runtime 32.13 secs, 0.54 min, 0.01 hours 
INFO  03:49:42,528 MicroScheduler - 5350 reads were filtered out during the traversal out of approximately 31264 total reads (17.11%) 
INFO  03:49:42,529 MicroScheduler -   -> 0 reads (0.00% of total) failing BadCigarFilter 
INFO  03:49:42,529 MicroScheduler -   -> 5350 reads (17.11% of total) failing MalformedReadFilter 
