INFO  20:48:05,941 HelpFormatter - --------------------------------------------------------------------------------- 
INFO  20:48:05,986 HelpFormatter - The Genome Analysis Toolkit (GATK) v3.4-46-g8ea4dca, Compiled 2015/08/13 20:41:56 
INFO  20:48:05,987 HelpFormatter - Copyright (c) 2010 The Broad Institute 
INFO  20:48:05,987 HelpFormatter - For support and documentation go to http://www.broadinstitute.org/gatk 
INFO  20:48:05,992 HelpFormatter - Program Args: -T HaplotypeCaller -I /mnt/nvme0n1/data/broadout/HG02771_gatk_best_practices_8t_30s_2016-07-06_18-21-02/HG02771_final.bam -L /mnt/nvme0n1/Broad_Ref_Pipeline_approved_package/workflow_profiler/.queue/scatterGather/ExampleHaplotypeCaller-1-sg/temp_13_of_36/scatter.intervals -R /mnt/nvme0n1/Broad_Ref_Pipeline_approved_package/b37bundle/human_g1k_v37.fasta -variant_index_type LINEAR -variant_index_parameter 128000 -o /mnt/nvme0n1/Broad_Ref_Pipeline_approved_package/workflow_profiler/.queue/scatterGather/ExampleHaplotypeCaller-1-sg/temp_13_of_36/HG02771_HaplotypeCaller.g.vcf -ERC GVCF 
INFO  20:48:06,069 HelpFormatter - Executing as bshifaw@application-1-1.hudson.intel.com on Linux 3.10.0-327.el7.x86_64 amd64; OpenJDK 64-Bit Server VM 1.8.0_91-b14. 
INFO  20:48:06,071 HelpFormatter - Date/Time: 2016/07/06 20:48:05 
INFO  20:48:06,074 HelpFormatter - --------------------------------------------------------------------------------- 
INFO  20:48:06,075 HelpFormatter - --------------------------------------------------------------------------------- 
WARN  20:48:06,112 GATKVCFUtils - Naming your output file using the .g.vcf extension will automatically set the appropriate values  for --variant_index_type and --variant_index_parameter 
INFO  20:48:06,506 GenomeAnalysisEngine - Strictness is SILENT 
INFO  20:48:07,297 GenomeAnalysisEngine - Downsampling Settings: Method: BY_SAMPLE, Target Coverage: 500 
INFO  20:48:07,359 SAMDataSource$SAMReaders - Initializing SAMRecords in serial 
INFO  20:48:07,789 SAMDataSource$SAMReaders - Done initializing BAM readers: total time 0.40 
INFO  20:48:07,848 HCMappingQualityFilter - Filtering out reads with MAPQ < 20 
INFO  20:48:08,405 IntervalUtils - Processing 1437965 bp from intervals 
INFO  20:48:09,202 GenomeAnalysisEngine - Preparing for traversal over 1 BAM files 
INFO  20:48:10,122 GenomeAnalysisEngine - Done preparing for traversal 
INFO  20:48:10,123 ProgressMeter - [INITIALIZATION COMPLETE; STARTING PROCESSING] 
INFO  20:48:10,123 ProgressMeter -                 |      processed |    time |         per 1M |           |   total | remaining 
INFO  20:48:10,172 ProgressMeter -        Location | active regions | elapsed | active regions | completed | runtime |   runtime 
INFO  20:48:10,201 HaplotypeCaller - Standard Emitting and Calling confidence set to 0.0 for reference-model confidence output 
INFO  20:48:10,201 HaplotypeCaller - All sites annotated with PLs forced to true for reference-model confidence output 
INFO  20:48:11,300 HaplotypeCaller - Using global mismapping rate of 45 => -4.5 in log10 likelihood units 
Using AVX accelerated implementation of PairHMM
INFO  20:48:32,941 VectorLoglessPairHMM - libVectorLoglessPairHMM unpacked successfully from GATK jar file 
INFO  20:48:32,941 VectorLoglessPairHMM - Using vectorized implementation of PairHMM 
WARN  20:48:34,399 HaplotypeScore - Annotation will not be calculated, must be called from UnifiedGenotyper 
WARN  20:48:34,399 InbreedingCoeff - Annotation will not be calculated, must provide a valid PED file (-ped) from the command line. 
INFO  20:48:40,493 ProgressMeter -      6:35959483          58081.0    30.0 s            8.7 m        0.4%     2.1 h       2.1 h 
INFO  20:49:10,578 ProgressMeter -      6:36168048         269917.0    60.0 s            3.7 m        0.8%     2.0 h     119.5 m 
INFO  20:49:40,579 ProgressMeter -      6:36867150        2525654.0    90.0 s           35.0 s        2.5%    60.3 m      58.8 m 
INFO  20:50:10,581 ProgressMeter -      6:38256025        8010774.0   120.0 s           15.0 s        4.6%    43.9 m      41.9 m 
INFO  20:50:40,582 ProgressMeter -      6:39846904      2.1983933E7     2.5 m            6.0 s        7.5%    33.2 m      30.7 m 
INFO  20:51:10,583 ProgressMeter -      6:41767516      3.6370763E7     3.0 m            4.0 s       10.1%    29.6 m      26.6 m 
INFO  20:51:50,584 ProgressMeter -      6:43144319      7.1282852E7     3.7 m            3.0 s       15.2%    24.2 m      20.5 m 
INFO  20:52:30,585 ProgressMeter -      6:44273338     1.29140837E8     4.3 m            2.0 s       21.7%    20.0 m      15.7 m 
INFO  20:53:00,589 ProgressMeter -      6:47779358     1.94670737E8     4.8 m            1.0 s       25.9%    18.7 m      13.9 m 
INFO  20:53:30,590 ProgressMeter -      6:53373341     3.04689463E8     5.3 m            1.0 s       31.0%    17.2 m      11.9 m 
INFO  20:54:00,591 ProgressMeter -      6:56919463     4.02116708E8     5.8 m            0.0 s       36.0%    16.2 m      10.4 m 
INFO  20:54:30,592 ProgressMeter -      6:71562319      5.2534109E8     6.3 m            0.0 s       40.2%    15.7 m       9.4 m 
INFO  20:55:00,593 ProgressMeter -      6:76631754     6.91210825E8     6.8 m            0.0 s       45.7%    15.0 m       8.1 m 
INFO  20:55:30,594 ProgressMeter -      6:87725401     9.22220823E8     7.3 m            0.0 s       52.2%    14.0 m       6.7 m 
INFO  20:56:00,595 ProgressMeter -      6:90529176    1.121658911E9     7.8 m            0.0 s       57.6%    13.6 m       5.8 m 
INFO  20:56:30,598 ProgressMeter -     6:101315732    1.321493453E9     8.3 m            0.0 s       62.9%    13.3 m       4.9 m 
INFO  20:57:00,599 ProgressMeter -     6:109769996    1.553077879E9     8.8 m            0.0 s       68.2%    12.9 m       4.1 m 
INFO  20:57:30,600 ProgressMeter -     6:112460329    1.782722444E9     9.3 m            0.0 s       73.0%    12.8 m       3.4 m 
INFO  20:58:00,602 ProgressMeter -     6:118786516    2.021890392E9     9.8 m            0.0 s       77.9%    12.6 m       2.8 m 
INFO  20:58:30,603 ProgressMeter -     6:129588416    2.398078872E9    10.3 m            0.0 s       84.2%    12.3 m     116.0 s 
INFO  20:59:00,604 ProgressMeter -     6:133052718     2.70894816E9    10.8 m            0.0 s       89.1%    12.2 m      79.0 s 
INFO  20:59:30,606 ProgressMeter -     6:137365726    3.004400668E9    11.3 m            0.0 s       93.5%    12.1 m      47.0 s 
INFO  21:00:00,607 ProgressMeter -     6:145167889     3.40318445E9    11.8 m            0.0 s       99.6%    11.9 m       2.0 s 
INFO  21:00:02,466 VectorLoglessPairHMM - Time spent in setup for JNI call : 0.46391424900000006 
INFO  21:00:02,475 PairHMM - Total compute time in PairHMM computeLikelihoods() : 55.505158210000005 
INFO  21:00:02,476 HaplotypeCaller - Ran local assembly on 8415 active regions 
INFO  21:00:02,493 ProgressMeter -            done    3.423279319E9    11.9 m            0.0 s      100.0%    11.9 m       0.0 s 
INFO  21:00:02,493 ProgressMeter - Total runtime 712.37 secs, 11.87 min, 0.20 hours 
INFO  21:00:02,493 MicroScheduler - 317992 reads were filtered out during the traversal out of approximately 2288923 total reads (13.89%) 
INFO  21:00:02,494 MicroScheduler -   -> 0 reads (0.00% of total) failing BadCigarFilter 
INFO  21:00:02,494 MicroScheduler -   -> 290671 reads (12.70% of total) failing DuplicateReadFilter 
INFO  21:00:02,494 MicroScheduler -   -> 0 reads (0.00% of total) failing FailsVendorQualityCheckFilter 
INFO  21:00:02,495 MicroScheduler -   -> 27135 reads (1.19% of total) failing HCMappingQualityFilter 
INFO  21:00:02,495 MicroScheduler -   -> 0 reads (0.00% of total) failing MalformedReadFilter 
INFO  21:00:02,504 MicroScheduler -   -> 0 reads (0.00% of total) failing MappingQualityUnavailableFilter 
INFO  21:00:02,504 MicroScheduler -   -> 186 reads (0.01% of total) failing NotPrimaryAlignmentFilter 
INFO  21:00:02,505 MicroScheduler -   -> 0 reads (0.00% of total) failing UnmappedReadFilter 
