INFO  20:47:28,969 HelpFormatter - --------------------------------------------------------------------------------- 
INFO  20:47:28,971 HelpFormatter - The Genome Analysis Toolkit (GATK) v3.4-46-g8ea4dca, Compiled 2015/08/13 20:41:56 
INFO  20:47:28,971 HelpFormatter - Copyright (c) 2010 The Broad Institute 
INFO  20:47:28,971 HelpFormatter - For support and documentation go to http://www.broadinstitute.org/gatk 
INFO  20:47:28,975 HelpFormatter - Program Args: -T HaplotypeCaller -I /mnt/nvme0n1/data/broadout/HG02561_gatk_best_practices_8t_30s_2016-07-06_18-21-00/HG02561_final.bam -L /mnt/nvme0n1/Broad_Ref_Pipeline_approved_package/workflow_profiler/.queue/scatterGather/ExampleHaplotypeCaller-1-sg/temp_13_of_36/scatter.intervals -R /mnt/nvme0n1/Broad_Ref_Pipeline_approved_package/b37bundle/human_g1k_v37.fasta -variant_index_type LINEAR -variant_index_parameter 128000 -o /mnt/nvme0n1/Broad_Ref_Pipeline_approved_package/workflow_profiler/.queue/scatterGather/ExampleHaplotypeCaller-1-sg/temp_13_of_36/HG02561_HaplotypeCaller.g.vcf -ERC GVCF 
INFO  20:47:28,986 HelpFormatter - Executing as bshifaw@application-1-1.hudson.intel.com on Linux 3.10.0-327.el7.x86_64 amd64; OpenJDK 64-Bit Server VM 1.8.0_91-b14. 
INFO  20:47:28,987 HelpFormatter - Date/Time: 2016/07/06 20:47:28 
INFO  20:47:28,987 HelpFormatter - --------------------------------------------------------------------------------- 
INFO  20:47:28,987 HelpFormatter - --------------------------------------------------------------------------------- 
WARN  20:47:28,991 GATKVCFUtils - Naming your output file using the .g.vcf extension will automatically set the appropriate values  for --variant_index_type and --variant_index_parameter 
INFO  20:47:29,097 GenomeAnalysisEngine - Strictness is SILENT 
INFO  20:47:29,283 GenomeAnalysisEngine - Downsampling Settings: Method: BY_SAMPLE, Target Coverage: 500 
INFO  20:47:29,296 SAMDataSource$SAMReaders - Initializing SAMRecords in serial 
INFO  20:47:29,424 SAMDataSource$SAMReaders - Done initializing BAM readers: total time 0.12 
INFO  20:47:29,436 HCMappingQualityFilter - Filtering out reads with MAPQ < 20 
INFO  20:47:29,604 IntervalUtils - Processing 1437965 bp from intervals 
INFO  20:47:29,771 GenomeAnalysisEngine - Preparing for traversal over 1 BAM files 
INFO  20:47:30,031 GenomeAnalysisEngine - Done preparing for traversal 
INFO  20:47:30,032 ProgressMeter - [INITIALIZATION COMPLETE; STARTING PROCESSING] 
INFO  20:47:30,032 ProgressMeter -                 |      processed |    time |         per 1M |           |   total | remaining 
INFO  20:47:30,032 ProgressMeter -        Location | active regions | elapsed | active regions | completed | runtime |   runtime 
INFO  20:47:30,033 HaplotypeCaller - Standard Emitting and Calling confidence set to 0.0 for reference-model confidence output 
INFO  20:47:30,033 HaplotypeCaller - All sites annotated with PLs forced to true for reference-model confidence output 
INFO  20:47:30,154 HaplotypeCaller - Using global mismapping rate of 45 => -4.5 in log10 likelihood units 
Using AVX accelerated implementation of PairHMM
INFO  20:47:33,962 VectorLoglessPairHMM - libVectorLoglessPairHMM unpacked successfully from GATK jar file 
INFO  20:47:33,963 VectorLoglessPairHMM - Using vectorized implementation of PairHMM 
WARN  20:47:34,270 HaplotypeScore - Annotation will not be calculated, must be called from UnifiedGenotyper 
WARN  20:47:34,276 InbreedingCoeff - Annotation will not be calculated, must provide a valid PED file (-ped) from the command line. 
INFO  20:48:00,130 ProgressMeter -      6:36261915         472219.0    30.0 s           63.0 s        1.2%    41.7 m      41.2 m 
INFO  20:48:30,134 ProgressMeter -      6:36463509        1153182.0    60.0 s           52.0 s        1.8%    55.0 m      54.0 m 
INFO  20:49:00,182 ProgressMeter -      6:36715946        1879758.0    90.0 s           47.0 s        2.2%    67.1 m      65.6 m 
INFO  20:49:30,183 ProgressMeter -      6:37420771        5435819.0   120.0 s           22.0 s        3.8%    52.9 m      50.9 m 
INFO  20:50:00,184 ProgressMeter -      6:38899535      1.4202339E7     2.5 m           10.0 s        6.1%    41.0 m      38.5 m 
INFO  20:50:30,185 ProgressMeter -      6:40399401      2.4443249E7     3.0 m            7.0 s        8.0%    37.4 m      34.4 m 
INFO  20:51:00,186 ProgressMeter -      6:42236240      4.4699019E7     3.5 m            4.0 s       11.2%    31.1 m      27.6 m 
INFO  20:51:30,190 ProgressMeter -      6:43098316      6.8263746E7     4.0 m            3.0 s       14.8%    27.1 m      23.1 m 
INFO  20:52:00,192 ProgressMeter -      6:43618246     1.07983459E8     4.5 m            2.0 s       19.6%    23.0 m      18.5 m 
INFO  20:52:30,193 ProgressMeter -      6:46293078     1.49965005E8     5.0 m            2.0 s       23.0%    21.8 m      16.8 m 
INFO  20:53:00,205 ProgressMeter -      6:49696391     2.09451105E8     5.5 m            1.0 s       26.7%    20.6 m      15.1 m 
INFO  20:53:30,206 ProgressMeter -      6:52993652     2.95832435E8     6.0 m            1.0 s       30.6%    19.6 m      13.6 m 
INFO  20:54:00,207 ProgressMeter -      6:56492816     3.85227579E8     6.5 m            1.0 s       35.2%    18.5 m      12.0 m 
INFO  20:54:30,209 ProgressMeter -      6:70926548     4.90535387E8     7.0 m            0.0 s       39.2%    17.9 m      10.9 m 
INFO  20:55:00,210 ProgressMeter -      6:75884702     6.37548886E8     7.5 m            0.0 s       44.0%    17.0 m       9.5 m 
INFO  20:55:30,211 ProgressMeter -      6:83810372      7.9093775E8     8.0 m            0.0 s       48.6%    16.5 m       8.5 m 
INFO  20:56:00,213 ProgressMeter -      6:88374409     9.75855198E8     8.5 m            0.0 s       53.9%    15.8 m       7.3 m 
INFO  20:56:30,214 ProgressMeter -      6:90605276    1.129963882E9     9.0 m            0.0 s       58.1%    15.5 m       6.5 m 
INFO  20:57:00,215 ProgressMeter -     6:100898230    1.284665348E9     9.5 m            0.0 s       62.1%    15.3 m       5.8 m 
INFO  20:57:30,216 ProgressMeter -     6:108228005    1.461455759E9    10.0 m            0.0 s       66.2%    15.1 m       5.1 m 
INFO  20:58:00,218 ProgressMeter -     6:111587873    1.693466309E9    10.5 m            0.0 s       71.1%    14.8 m       4.3 m 
INFO  20:58:30,219 ProgressMeter -     6:117023130    1.892646997E9    11.0 m            0.0 s       75.6%    14.6 m       3.6 m 
INFO  20:59:00,221 ProgressMeter -     6:122768266    2.137611118E9    11.5 m            0.0 s       79.9%    14.4 m       2.9 m 
INFO  20:59:30,254 ProgressMeter -     6:130466433    2.506841191E9    12.0 m            0.0 s       85.7%    14.0 m     119.0 s 
INFO  21:00:00,255 ProgressMeter -     6:133138308    2.737217527E9    12.5 m            0.0 s       89.6%    14.0 m      87.0 s 
INFO  21:00:30,257 ProgressMeter -     6:138725581    3.082909076E9    13.0 m            0.0 s       94.8%    13.7 m      42.0 s 
INFO  21:00:49,390 VectorLoglessPairHMM - Time spent in setup for JNI call : 0.43948682 
INFO  21:00:49,404 PairHMM - Total compute time in PairHMM computeLikelihoods() : 68.336295041 
INFO  21:00:49,405 HaplotypeCaller - Ran local assembly on 8383 active regions 
INFO  21:00:49,413 ProgressMeter -            done    3.423279319E9    13.3 m            0.0 s      100.0%    13.3 m       0.0 s 
INFO  21:00:49,413 ProgressMeter - Total runtime 799.38 secs, 13.32 min, 0.22 hours 
INFO  21:00:49,414 MicroScheduler - 367246 reads were filtered out during the traversal out of approximately 2485270 total reads (14.78%) 
INFO  21:00:49,414 MicroScheduler -   -> 0 reads (0.00% of total) failing BadCigarFilter 
INFO  21:00:49,414 MicroScheduler -   -> 340929 reads (13.72% of total) failing DuplicateReadFilter 
INFO  21:00:49,415 MicroScheduler -   -> 0 reads (0.00% of total) failing FailsVendorQualityCheckFilter 
INFO  21:00:49,415 MicroScheduler -   -> 26134 reads (1.05% of total) failing HCMappingQualityFilter 
INFO  21:00:49,415 MicroScheduler -   -> 0 reads (0.00% of total) failing MalformedReadFilter 
INFO  21:00:49,415 MicroScheduler -   -> 0 reads (0.00% of total) failing MappingQualityUnavailableFilter 
INFO  21:00:49,415 MicroScheduler -   -> 183 reads (0.01% of total) failing NotPrimaryAlignmentFilter 
INFO  21:00:49,416 MicroScheduler -   -> 0 reads (0.00% of total) failing UnmappedReadFilter 
