INFO  16:30:43,773 HelpFormatter - --------------------------------------------------------------------------------- 
INFO  16:30:43,775 HelpFormatter - The Genome Analysis Toolkit (GATK) v3.4-46-g8ea4dca, Compiled 2015/08/13 20:41:56 
INFO  16:30:43,776 HelpFormatter - Copyright (c) 2010 The Broad Institute 
INFO  16:30:43,776 HelpFormatter - For support and documentation go to http://www.broadinstitute.org/gatk 
INFO  16:30:43,779 HelpFormatter - Program Args: -T HaplotypeCaller -I /mnt/ssdbroad/output/Solexa-272221_gatk_best_practices_36t_30s_2016-02-11_11-59-19/Solexa-272221_final.bam -L /mnt/ssdbroad/Broad_Ref_Pipeline_approved_package/workflow_profiler/.queue/scatterGather/ExampleHaplotypeCaller-1-sg/temp_13_of_36/scatter.intervals -R /mnt/ssdbroad/Broad_Ref_Pipeline_approved_package/homosapiensrefgenome/Homo_sapiens_assembly19.fasta -variant_index_type LINEAR -variant_index_parameter 128000 -o /mnt/ssdbroad/Broad_Ref_Pipeline_approved_package/workflow_profiler/.queue/scatterGather/ExampleHaplotypeCaller-1-sg/temp_13_of_36/Solexa-272221_HaplotypeCaller.g.vcf -ERC GVCF 
INFO  16:30:43,790 HelpFormatter - Executing as beris@dna on Linux 2.6.32-573.el6.x86_64 amd64; OpenJDK 64-Bit Server VM 1.7.0_79-mockbuild_2015_07_24_09_26-b00. 
INFO  16:30:43,791 HelpFormatter - Date/Time: 2016/02/12 16:30:43 
INFO  16:30:43,791 HelpFormatter - --------------------------------------------------------------------------------- 
INFO  16:30:43,791 HelpFormatter - --------------------------------------------------------------------------------- 
WARN  16:30:43,824 GATKVCFUtils - Naming your output file using the .g.vcf extension will automatically set the appropriate values  for --variant_index_type and --variant_index_parameter 
INFO  16:30:43,916 GenomeAnalysisEngine - Strictness is SILENT 
INFO  16:30:44,079 GenomeAnalysisEngine - Downsampling Settings: Method: BY_SAMPLE, Target Coverage: 500 
INFO  16:30:44,087 SAMDataSource$SAMReaders - Initializing SAMRecords in serial 
INFO  16:30:44,142 SAMDataSource$SAMReaders - Done initializing BAM readers: total time 0.05 
INFO  16:30:44,149 HCMappingQualityFilter - Filtering out reads with MAPQ < 20 
INFO  16:30:44,160 IntervalUtils - Processing 86166015 bp from intervals 
INFO  16:30:44,307 GenomeAnalysisEngine - Preparing for traversal over 1 BAM files 
INFO  16:30:44,706 GenomeAnalysisEngine - Done preparing for traversal 
INFO  16:30:44,710 ProgressMeter - [INITIALIZATION COMPLETE; STARTING PROCESSING] 
INFO  16:30:44,710 ProgressMeter -                 |      processed |    time |         per 1M |           |   total | remaining 
INFO  16:30:44,723 ProgressMeter -        Location | active regions | elapsed | active regions | completed | runtime |   runtime 
INFO  16:30:44,733 HaplotypeCaller - Standard Emitting and Calling confidence set to 0.0 for reference-model confidence output 
INFO  16:30:44,733 HaplotypeCaller - All sites annotated with PLs forced to true for reference-model confidence output 
INFO  16:30:44,984 HaplotypeCaller - Using global mismapping rate of 45 => -4.5 in log10 likelihood units 
Using AVX accelerated implementation of PairHMM
INFO  16:30:48,315 VectorLoglessPairHMM - libVectorLoglessPairHMM unpacked successfully from GATK jar file 
INFO  16:30:48,315 VectorLoglessPairHMM - Using vectorized implementation of PairHMM 
WARN  16:30:48,755 HaplotypeScore - Annotation will not be calculated, must be called from UnifiedGenotyper 
WARN  16:30:48,755 InbreedingCoeff - Annotation will not be calculated, must provide a valid PED file (-ped) from the command line. 
INFO  16:31:14,774 ProgressMeter -     5:152423478              0.0    30.0 s           49.7 w        0.1%    12.4 h      12.4 h 
INFO  16:32:14,776 ProgressMeter -     5:152990823              0.0    90.0 s          148.9 w        0.7%     3.4 h       3.4 h 
INFO  16:32:44,776 ProgressMeter -     5:153414896              0.0   120.0 s          198.5 w        1.2%     2.7 h       2.7 h 
INFO  16:33:14,777 ProgressMeter -     5:153733303              0.0     2.5 m          248.1 w        1.6%     2.6 h       2.6 h 
INFO  16:33:44,778 ProgressMeter -     5:154053199              0.0     3.0 m          297.7 w        2.0%     2.6 h       2.5 h 
INFO  16:34:14,779 ProgressMeter -     5:154432234              0.0     3.5 m          347.3 w        2.4%     2.4 h       2.4 h 
INFO  16:34:54,780 ProgressMeter -     5:154850318              0.0     4.2 m          413.5 w        2.9%     2.4 h       2.3 h 
INFO  16:35:24,780 ProgressMeter -     5:155219794              0.0     4.7 m          463.1 w        3.3%     2.3 h       2.3 h 
INFO  16:35:54,781 ProgressMeter -     5:155613495              0.0     5.2 m          512.7 w        3.8%     2.3 h       2.2 h 
INFO  16:36:24,782 ProgressMeter -     5:155997063              0.0     5.7 m          562.3 w        4.2%     2.2 h       2.1 h 
INFO  16:37:04,783 ProgressMeter -     5:156492669              0.0     6.3 m          628.4 w        4.8%     2.2 h       2.1 h 
INFO  16:37:34,783 ProgressMeter -     5:156812710              0.0     6.8 m          678.0 w        5.2%     2.2 h       2.1 h 
INFO  16:38:04,784 ProgressMeter -     5:157229285              0.0     7.3 m          727.6 w        5.6%     2.2 h       2.0 h 
INFO  16:38:34,785 ProgressMeter -     5:157549921              0.0     7.8 m          777.2 w        6.0%     2.2 h       2.0 h 
INFO  16:39:14,786 ProgressMeter -     5:158013670              0.0     8.5 m          843.4 w        6.6%     2.2 h       2.0 h 
INFO  16:39:54,787 ProgressMeter -     5:158521008              0.0     9.2 m          909.5 w        7.1%     2.1 h     119.1 m 
INFO  16:40:24,787 ProgressMeter -     5:158900385              0.0     9.7 m          959.1 w        7.6%     2.1 h     117.8 m 
INFO  16:40:54,796 ProgressMeter -     5:159121105              0.0    10.2 m         1008.7 w        7.8%     2.2 h     119.5 m 
INFO  16:41:24,797 ProgressMeter -     5:159369627              0.0    10.7 m         1058.3 w        8.1%     2.2 h       2.0 h 
INFO  16:41:54,797 ProgressMeter -     5:159676239              0.0    11.2 m         1107.9 w        8.5%     2.2 h       2.0 h 
INFO  16:42:24,798 ProgressMeter -     5:160055287              0.0    11.7 m         1157.6 w        8.9%     2.2 h     119.1 m 
INFO  16:42:54,799 ProgressMeter -     5:160366883              0.0    12.2 m         1207.2 w        9.3%     2.2 h     118.9 m 
INFO  16:43:24,800 ProgressMeter -     5:160676802              0.0    12.7 m         1256.8 w        9.6%     2.2 h     118.7 m 
INFO  16:44:04,801 ProgressMeter -     5:161128365              0.0    13.3 m         1322.9 w       10.2%     2.2 h     117.8 m 
INFO  16:44:34,801 ProgressMeter -     5:161462392              0.0    13.8 m         1372.5 w       10.6%     2.2 h     117.2 m 
INFO  16:45:04,802 ProgressMeter -     5:161800455              0.0    14.3 m         1422.1 w       10.9%     2.2 h     116.6 m 
INFO  16:45:34,803 ProgressMeter -     5:162131532              0.0    14.8 m         1471.7 w       11.3%     2.2 h     116.0 m 
INFO  16:46:14,803 ProgressMeter -     5:162596956              0.0    15.5 m         1537.9 w       11.9%     2.2 h     115.0 m 
INFO  16:46:44,804 ProgressMeter -     5:162940846              0.0    16.0 m         1587.5 w       12.3%     2.2 h     114.4 m 
INFO  16:47:14,805 ProgressMeter -     5:163278789              0.0    16.5 m         1637.1 w       12.7%     2.2 h     113.8 m 
INFO  16:47:54,808 ProgressMeter -     5:163717663              0.0    17.2 m         1703.2 w       13.2%     2.2 h     113.1 m 
INFO  16:48:24,809 ProgressMeter -     5:163942789              0.0    17.7 m         1752.8 w       13.4%     2.2 h     113.8 m 
INFO  16:49:04,809 ProgressMeter -     5:164452889              0.0    18.3 m         1818.9 w       14.0%     2.2 h     112.4 m 
INFO  16:49:34,810 ProgressMeter -     5:164720107              0.0    18.8 m         1868.6 w       14.3%     2.2 h     112.5 m 
INFO  16:50:04,811 ProgressMeter -     5:165110401              0.0    19.3 m         1918.2 w       14.8%     2.2 h     111.4 m 
INFO  16:50:44,812 ProgressMeter -     5:165617447              0.0    20.0 m         1984.3 w       15.4%     2.2 h     110.0 m 
INFO  16:51:24,813 ProgressMeter -     5:166095716              0.0    20.7 m         2050.4 w       15.9%     2.2 h     109.0 m 
INFO  16:51:54,813 ProgressMeter -     5:166434425              0.0    21.2 m         2100.0 w       16.3%     2.2 h     108.5 m 
INFO  16:52:24,814 ProgressMeter -     5:166823310              0.0    21.7 m         2149.6 w       16.8%     2.2 h     107.5 m 
INFO  16:52:54,838 ProgressMeter -     5:167175953              0.0    22.2 m         2199.3 w       17.2%     2.1 h     106.8 m 
INFO  16:53:24,839 ProgressMeter -     5:167534893              0.0    22.7 m         2248.9 w       17.6%     2.1 h     106.1 m 
INFO  16:54:04,840 ProgressMeter -     5:168019887              0.0    23.3 m         2315.0 w       18.2%     2.1 h     105.1 m 
INFO  16:54:44,841 ProgressMeter -     5:168557778              0.0    24.0 m         2381.2 w       18.8%     2.1 h     103.7 m 
INFO  16:55:14,841 ProgressMeter -     5:168915625              0.0    24.5 m         2430.8 w       19.2%     2.1 h     103.1 m 
INFO  16:55:44,842 ProgressMeter -     5:169263207              0.0    25.0 m         2480.4 w       19.6%     2.1 h     102.5 m 
INFO  16:56:14,843 ProgressMeter -     5:169605838              0.0    25.5 m         2530.0 w       20.0%     2.1 h     101.9 m 
INFO  16:56:54,880 ProgressMeter -     5:170054197              0.0    26.2 m         2596.2 w       20.5%     2.1 h     101.3 m 
INFO  16:57:24,885 ProgressMeter -     5:170341681              0.0    26.7 m         2645.8 w       20.9%     2.1 h     101.2 m 
INFO  16:57:54,886 ProgressMeter -     5:170632773              0.0    27.2 m         2695.4 w       21.2%     2.1 h     101.0 m 
INFO  16:58:24,889 ProgressMeter -     5:170968944              0.0    27.7 m         2745.0 w       21.6%     2.1 h     100.5 m 
INFO  16:58:54,890 ProgressMeter -     5:171303481              0.0    28.2 m         2794.6 w       22.0%     2.1 h     100.0 m 
INFO  16:59:34,891 ProgressMeter -     5:171780502              0.0    28.8 m         2860.7 w       22.5%     2.1 h      99.1 m 
INFO  17:00:04,891 ProgressMeter -     5:172118865              0.0    29.3 m         2910.4 w       22.9%     2.1 h      98.6 m 
INFO  17:00:34,892 ProgressMeter -     5:172391306              0.0    29.8 m         2960.0 w       23.2%     2.1 h      98.5 m 
INFO  17:01:04,893 ProgressMeter -     5:172765490              0.0    30.3 m         3009.6 w       23.7%     2.1 h      97.8 m 
INFO  17:01:44,893 ProgressMeter -     5:173169950              0.0    31.0 m         3075.7 w       24.1%     2.1 h      97.4 m 
INFO  17:02:14,894 ProgressMeter -     5:173532388              0.0    31.5 m         3125.3 w       24.6%     2.1 h      96.7 m 
INFO  17:02:44,895 ProgressMeter -     5:173814801              0.0    32.0 m         3174.9 w       24.9%     2.1 h      96.6 m 
INFO  17:03:24,896 ProgressMeter -     5:174191372              0.0    32.7 m         3241.0 w       25.3%     2.1 h      96.3 m 
INFO  17:03:54,896 ProgressMeter -     5:174467752              0.0    33.2 m         3290.7 w       25.7%     2.2 h      96.1 m 
INFO  17:04:24,897 ProgressMeter -     5:174818692              0.0    33.7 m         3340.3 w       26.1%     2.2 h      95.5 m 
INFO  17:04:54,898 ProgressMeter -     5:175244771              0.0    34.2 m         3389.9 w       26.6%     2.1 h      94.5 m 
INFO  17:05:34,899 ProgressMeter -     5:175622155              0.0    34.8 m         3456.0 w       27.0%     2.2 h      94.2 m 
INFO  17:06:04,899 ProgressMeter -     5:175986345              0.0    35.3 m         3505.6 w       27.4%     2.1 h      93.6 m 
INFO  17:06:34,901 ProgressMeter -     5:176346466              0.0    35.8 m         3555.2 w       27.8%     2.1 h      92.9 m 
INFO  17:07:14,901 ProgressMeter -     5:176703194              0.0    36.5 m         3621.3 w       28.2%     2.2 h      92.7 m 
INFO  17:07:44,902 ProgressMeter -     5:177087356              0.0    37.0 m         3671.0 w       28.7%     2.1 h      92.0 m 
INFO  17:08:14,903 ProgressMeter -     5:177405010              0.0    37.5 m         3720.6 w       29.1%     2.2 h      91.5 m 
INFO  17:08:54,904 ProgressMeter -     5:177761681              0.0    38.2 m         3786.7 w       29.5%     2.2 h      91.3 m 
INFO  17:09:24,904 ProgressMeter -     5:178057413              0.0    38.7 m         3836.3 w       29.8%     2.2 h      91.0 m 
INFO  17:09:54,905 ProgressMeter -     5:178268470              0.0    39.2 m         3885.9 w       30.1%     2.2 h      91.1 m 
INFO  17:10:34,906 ProgressMeter -     5:178700048              0.0    39.8 m         3952.0 w       30.6%     2.2 h      90.5 m 
INFO  17:11:04,906 ProgressMeter -     5:178975066              0.0    40.3 m         4001.6 w       30.9%     2.2 h      90.3 m 
INFO  17:11:34,907 ProgressMeter -     5:179320231              0.0    40.8 m         4051.3 w       31.3%     2.2 h      89.7 m 
INFO  17:12:14,908 ProgressMeter -     5:179733334              0.0    41.5 m         4117.4 w       31.8%     2.2 h      89.2 m 
INFO  17:12:54,908 ProgressMeter -     5:180101106              0.0    42.2 m         4183.5 w       32.2%     2.2 h      88.8 m 
INFO  17:13:24,909 ProgressMeter -     5:180407838              0.0    42.7 m         4233.1 w       32.5%     2.2 h      88.4 m 
INFO  17:13:55,586 ProgressMeter -         6:80043       2.854978E7    43.2 m           90.0 s       33.2%     2.2 h      86.8 m 
INFO  17:14:35,587 ProgressMeter -        6:452992       2.854978E7    43.8 m           92.0 s       33.7%     2.2 h      86.4 m 
INFO  17:15:05,587 ProgressMeter -        6:780307       2.854978E7    44.3 m           93.0 s       34.0%     2.2 h      85.9 m 
INFO  17:15:35,588 ProgressMeter -       6:1041873       2.854978E7    44.8 m           94.0 s       34.3%     2.2 h      85.7 m 
INFO  17:16:05,589 ProgressMeter -       6:1318262       2.854978E7    45.3 m           95.0 s       34.7%     2.2 h      85.4 m 
INFO  17:16:35,611 ProgressMeter -       6:1601548       2.854978E7    45.8 m           96.0 s       35.0%     2.2 h      85.1 m 
INFO  17:17:05,612 ProgressMeter -       6:1843200       2.854978E7    46.3 m           97.0 s       35.3%     2.2 h      85.0 m 
INFO  17:17:35,613 ProgressMeter -       6:2200689       2.854978E7    46.8 m           98.0 s       35.7%     2.2 h      84.4 m 
INFO  17:18:15,614 ProgressMeter -       6:2625749       2.854978E7    47.5 m           99.0 s       36.2%     2.2 h      83.8 m 
INFO  17:18:45,614 ProgressMeter -       6:2932321       2.854978E7    48.0 m          100.0 s       36.5%     2.2 h      83.4 m 
INFO  17:19:15,615 ProgressMeter -       6:3230572       2.854978E7    48.5 m          101.0 s       36.9%     2.2 h      83.0 m 
INFO  17:19:45,621 ProgressMeter -       6:3510390       2.854978E7    49.0 m          103.0 s       37.2%     2.2 h      82.7 m 
INFO  17:20:15,622 ProgressMeter -       6:3818323       2.854978E7    49.5 m          104.0 s       37.6%     2.2 h      82.3 m 
INFO  17:20:45,623 ProgressMeter -       6:4120766       2.854978E7    50.0 m          105.0 s       37.9%     2.2 h      81.9 m 
INFO  17:21:25,624 ProgressMeter -       6:4478759       2.854978E7    50.7 m          106.0 s       38.3%     2.2 h      81.5 m 
INFO  17:22:05,625 ProgressMeter -       6:4909800       2.854978E7    51.3 m          107.0 s       38.8%     2.2 h      80.9 m 
INFO  17:22:35,625 ProgressMeter -       6:5118600       2.854978E7    51.8 m          108.0 s       39.1%     2.2 h      80.8 m 
INFO  17:23:05,626 ProgressMeter -       6:5415539       2.854978E7    52.3 m          110.0 s       39.4%     2.2 h      80.4 m 
INFO  17:23:45,627 ProgressMeter -       6:5857928       2.854978E7    53.0 m          111.0 s       39.9%     2.2 h      79.7 m 
INFO  17:24:15,644 ProgressMeter -       6:6121069       2.854978E7    53.5 m          112.0 s       40.2%     2.2 h      79.5 m 
INFO  17:24:45,645 ProgressMeter -       6:6407126       2.854978E7    54.0 m          113.0 s       40.6%     2.2 h      79.1 m 
INFO  17:25:25,645 ProgressMeter -       6:6742186       2.854978E7    54.7 m          114.0 s       41.0%     2.2 h      78.8 m 
INFO  17:25:55,646 ProgressMeter -       6:7020191       2.854978E7    55.2 m          115.0 s       41.3%     2.2 h      78.5 m 
INFO  17:26:25,647 ProgressMeter -       6:7394206       2.854978E7    55.7 m          117.0 s       41.7%     2.2 h      77.8 m 
INFO  17:26:55,648 ProgressMeter -       6:7663149       2.854978E7    56.2 m          118.0 s       42.0%     2.2 h      77.5 m 
INFO  17:27:35,649 ProgressMeter -       6:8053588       2.854978E7    56.8 m          119.0 s       42.5%     2.2 h      77.0 m 
INFO  17:28:05,649 ProgressMeter -       6:8446709       2.854978E7    57.3 m          120.0 s       42.9%     2.2 h      76.2 m 
INFO  17:28:35,650 ProgressMeter -       6:8649334       2.854978E7    57.8 m            2.0 m       43.2%     2.2 h      76.1 m 
INFO  17:29:05,651 ProgressMeter -       6:8881634       2.854978E7    58.3 m            2.0 m       43.4%     2.2 h      75.9 m 
INFO  17:29:45,652 ProgressMeter -       6:9290571       2.854978E7    59.0 m            2.1 m       43.9%     2.2 h      75.3 m 
INFO  17:30:25,652 ProgressMeter -       6:9735326       2.854978E7    59.7 m            2.1 m       44.4%     2.2 h      74.6 m 
INFO  17:30:55,653 ProgressMeter -      6:10052943       2.854978E7    60.2 m            2.1 m       44.8%     2.2 h      74.1 m 
INFO  17:31:25,654 ProgressMeter -      6:10320668       2.854978E7    60.7 m            2.1 m       45.1%     2.2 h      73.8 m 
INFO  17:32:05,655 ProgressMeter -      6:10803208       2.854978E7    61.3 m            2.1 m       45.7%     2.2 h      73.0 m 
INFO  17:32:35,655 ProgressMeter -      6:11125526       2.854978E7    61.8 m            2.2 m       46.0%     2.2 h      72.5 m 
INFO  17:33:05,656 ProgressMeter -      6:11440828       2.854978E7    62.3 m            2.2 m       46.4%     2.2 h      72.0 m 
INFO  17:33:35,662 ProgressMeter -      6:11713644       2.854978E7    62.8 m            2.2 m       46.7%     2.2 h      71.6 m 
INFO  17:34:05,663 ProgressMeter -      6:11974351       2.854978E7    63.3 m            2.2 m       47.0%     2.2 h      71.3 m 
INFO  17:34:45,664 ProgressMeter -      6:12400167       2.854978E7    64.0 m            2.2 m       47.5%     2.2 h      70.7 m 
INFO  17:35:15,664 ProgressMeter -      6:12699273       2.854978E7    64.5 m            2.3 m       47.9%     2.2 h      70.2 m 
INFO  17:35:45,665 ProgressMeter -      6:13035069       2.854978E7    65.0 m            2.3 m       48.3%     2.2 h      69.7 m 
INFO  17:36:25,666 ProgressMeter -      6:13438450       2.854978E7    65.7 m            2.3 m       48.7%     2.2 h      69.1 m 
INFO  17:37:05,666 ProgressMeter -      6:13865476       2.854978E7    66.3 m            2.3 m       49.2%     2.2 h      68.4 m 
INFO  17:37:35,674 ProgressMeter -      6:14150418       2.854978E7    66.8 m            2.3 m       49.6%     2.2 h      68.0 m 
INFO  17:38:05,675 ProgressMeter -      6:14542911       2.854978E7    67.3 m            2.4 m       50.0%     2.2 h      67.3 m 
INFO  17:38:35,692 ProgressMeter -      6:14847661       2.854978E7    67.8 m            2.4 m       50.4%     2.2 h      66.9 m 
INFO  17:39:05,693 ProgressMeter -      6:15167474       2.854978E7    68.3 m            2.4 m       50.7%     2.2 h      66.4 m 
INFO  17:39:45,694 ProgressMeter -      6:15625483       2.854978E7    69.0 m            2.4 m       51.3%     2.2 h      65.6 m 
INFO  17:40:15,694 ProgressMeter -      6:15891648       2.854978E7    69.5 m            2.4 m       51.6%     2.2 h      65.3 m 
INFO  17:40:45,695 ProgressMeter -      6:16217686       2.854978E7    70.0 m            2.5 m       52.0%     2.2 h      64.7 m 
INFO  17:41:15,696 ProgressMeter -      6:16589341       2.854978E7    70.5 m            2.5 m       52.4%     2.2 h      64.1 m 
INFO  17:41:55,697 ProgressMeter -      6:17036391       2.854978E7    71.2 m            2.5 m       52.9%     2.2 h      63.4 m 
INFO  17:42:25,697 ProgressMeter -      6:17381599       2.854978E7    71.7 m            2.5 m       53.3%     2.2 h      62.8 m 
INFO  17:42:55,698 ProgressMeter -      6:17718193       2.854978E7    72.2 m            2.5 m       53.7%     2.2 h      62.2 m 
INFO  17:43:25,699 ProgressMeter -      6:18049725       2.854978E7    72.7 m            2.5 m       54.1%     2.2 h      61.7 m 
INFO  17:43:55,701 ProgressMeter -      6:18359534       2.854978E7    73.2 m            2.6 m       54.4%     2.2 h      61.2 m 
INFO  17:44:25,702 ProgressMeter -      6:18671341       2.854978E7    73.7 m            2.6 m       54.8%     2.2 h      60.8 m 
INFO  17:44:55,703 ProgressMeter -      6:18948269       2.854978E7    74.2 m            2.6 m       55.1%     2.2 h      60.4 m 
INFO  17:45:35,703 ProgressMeter -      6:19325940       2.854978E7    74.8 m            2.6 m       55.6%     2.2 h      59.9 m 
INFO  17:46:05,704 ProgressMeter -      6:19617002       2.854978E7    75.3 m            2.6 m       55.9%     2.2 h      59.4 m 
INFO  17:46:35,705 ProgressMeter -      6:19952543       2.854978E7    75.8 m            2.7 m       56.3%     2.2 h      58.9 m 
INFO  17:47:05,706 ProgressMeter -      6:20271526       2.854978E7    76.3 m            2.7 m       56.7%     2.2 h      58.4 m 
INFO  17:47:35,707 ProgressMeter -      6:20608578       2.854978E7    76.8 m            2.7 m       57.1%     2.2 h      57.8 m 
INFO  17:48:05,708 ProgressMeter -      6:20934228       2.854978E7    77.3 m            2.7 m       57.4%     2.2 h      57.3 m 
INFO  17:48:45,709 ProgressMeter -      6:21388215       2.854978E7    78.0 m            2.7 m       58.0%     2.2 h      56.6 m 
INFO  17:49:15,710 ProgressMeter -      6:21747050       2.854978E7    78.5 m            2.8 m       58.4%     2.2 h      56.0 m 
INFO  17:49:45,737 ProgressMeter -      6:22032635       2.854978E7    79.0 m            2.8 m       58.7%     2.2 h      55.6 m 
INFO  17:50:15,738 ProgressMeter -      6:22246319       2.854978E7    79.5 m            2.8 m       59.0%     2.2 h      55.4 m 
INFO  17:50:45,739 ProgressMeter -      6:22518394       2.854978E7    80.0 m            2.8 m       59.3%     2.3 h      55.0 m 
INFO  17:51:15,740 ProgressMeter -      6:22850297       2.854978E7    80.5 m            2.8 m       59.7%     2.2 h      54.5 m 
INFO  17:51:45,741 ProgressMeter -      6:23176031       2.854978E7    81.0 m            2.8 m       60.0%     2.2 h      53.9 m 
INFO  17:52:25,742 ProgressMeter -      6:23568538       2.854978E7    81.7 m            2.9 m       60.5%     2.3 h      53.4 m 
INFO  17:52:55,743 ProgressMeter -      6:23790132       2.854978E7    82.2 m            2.9 m       60.7%     2.3 h      53.1 m 
INFO  17:53:25,758 ProgressMeter -      6:24117205       2.854978E7    82.7 m            2.9 m       61.1%     2.3 h      52.6 m 
INFO  17:53:55,759 ProgressMeter -      6:24463751       2.854978E7    83.2 m            2.9 m       61.5%     2.3 h      52.0 m 
INFO  17:54:35,760 ProgressMeter -      6:24888984       2.854978E7    83.9 m            2.9 m       62.0%     2.3 h      51.4 m 
INFO  17:55:05,761 ProgressMeter -      6:25131936       2.854978E7    84.4 m            3.0 m       62.3%     2.3 h      51.0 m 
INFO  17:55:45,762 ProgressMeter -      6:25550551       2.854978E7    85.0 m            3.0 m       62.8%     2.3 h      50.4 m 
INFO  17:56:25,762 ProgressMeter -      6:25918768       2.854978E7    85.7 m            3.0 m       63.2%     2.3 h      49.9 m 
INFO  17:56:55,763 ProgressMeter -      6:26223186       2.854978E7    86.2 m            3.0 m       63.6%     2.3 h      49.4 m 
INFO  17:57:25,764 ProgressMeter -      6:26592430       2.854978E7    86.7 m            3.0 m       64.0%     2.3 h      48.8 m 
INFO  17:57:55,765 ProgressMeter -      6:26853114       2.854978E7    87.2 m            3.1 m       64.3%     2.3 h      48.4 m 
INFO  17:58:35,766 ProgressMeter -      6:27260405       2.854978E7    87.9 m            3.1 m       64.8%     2.3 h      47.8 m 
INFO  17:59:05,766 ProgressMeter -      6:27516139       2.854978E7    88.4 m            3.1 m       65.1%     2.3 h      47.4 m 
INFO  17:59:35,767 ProgressMeter -      6:27917038       2.854978E7    88.9 m            3.1 m       65.5%     2.3 h      46.7 m 
INFO  18:00:05,768 ProgressMeter -      6:28341878       2.854978E7    89.4 m            3.1 m       66.0%     2.3 h      46.0 m 
INFO  18:00:35,769 ProgressMeter -      6:28695552       2.854978E7    89.9 m            3.1 m       66.4%     2.3 h      45.4 m 
INFO  18:01:05,770 ProgressMeter -      6:28961463       2.854978E7    90.4 m            3.2 m       66.7%     2.3 h      45.0 m 
INFO  18:01:35,771 ProgressMeter -      6:29263319       2.854978E7    90.9 m            3.2 m       67.1%     2.3 h      44.6 m 
INFO  18:02:15,772 ProgressMeter -      6:29690390       2.854978E7    91.5 m            3.2 m       67.6%     2.3 h      43.9 m 
INFO  18:02:45,772 ProgressMeter -      6:29851006       2.854978E7    92.0 m            3.2 m       67.8%     2.3 h      43.7 m 
INFO  18:03:15,773 ProgressMeter -      6:29890870       2.854978E7    92.5 m            3.2 m       67.8%     2.3 h      43.9 m 
INFO  18:03:45,774 ProgressMeter -      6:29918462       2.854978E7    93.0 m            3.3 m       67.9%     2.3 h      44.1 m 
INFO  18:04:15,775 ProgressMeter -      6:30124706       2.854978E7    93.5 m            3.3 m       68.1%     2.3 h      43.8 m 
INFO  18:04:45,776 ProgressMeter -      6:30405018       2.854978E7    94.0 m            3.3 m       68.4%     2.3 h      43.4 m 
INFO  18:05:15,777 ProgressMeter -      6:30768956       2.854978E7    94.5 m            3.3 m       68.8%     2.3 h      42.8 m 
INFO  18:05:45,778 ProgressMeter -      6:30987011       2.854978E7    95.0 m            3.3 m       69.1%     2.3 h      42.5 m 
INFO  18:06:15,780 ProgressMeter -      6:31117223       2.854978E7    95.5 m            3.3 m       69.2%     2.3 h      42.4 m 
INFO  18:06:45,781 ProgressMeter -      6:31218306       2.854978E7    96.0 m            3.4 m       69.4%     2.3 h      42.4 m 
INFO  18:07:15,782 ProgressMeter -      6:31236397       2.854978E7    96.5 m            3.4 m       69.4%     2.3 h      42.6 m 
INFO  18:07:45,783 ProgressMeter -      6:31266721       2.854978E7    97.0 m            3.4 m       69.4%     2.3 h      42.7 m 
INFO  18:08:25,784 ProgressMeter -      6:31294700       2.854978E7    97.7 m            3.4 m       69.5%     2.3 h      43.0 m 
INFO  18:09:05,785 ProgressMeter -      6:31310279       2.854978E7    98.4 m            3.4 m       69.5%     2.4 h      43.2 m 
INFO  18:09:35,786 ProgressMeter -      6:31325116       2.854978E7    98.9 m            3.5 m       69.5%     2.4 h      43.4 m 
INFO  18:10:05,787 ProgressMeter -      6:31348744       2.854978E7    99.4 m            3.5 m       69.5%     2.4 h      43.6 m 
INFO  18:10:35,787 ProgressMeter -      6:31475487       2.854978E7    99.9 m            3.5 m       69.7%     2.4 h      43.5 m 
INFO  18:11:05,788 ProgressMeter -      6:31813081       2.854978E7   100.4 m            3.5 m       70.1%     2.4 h      42.9 m 
INFO  18:11:35,789 ProgressMeter -      6:32217337       2.854978E7   100.9 m            3.5 m       70.5%     2.4 h      42.2 m 
INFO  18:12:05,791 ProgressMeter -      6:32411847       2.854978E7   101.4 m            3.5 m       70.7%     2.4 h      41.9 m 
INFO  18:12:35,791 ProgressMeter -      6:32446745       2.854978E7   101.9 m            3.6 m       70.8%     2.4 h      42.0 m 
INFO  18:13:05,792 ProgressMeter -      6:32455871       2.854978E7   102.4 m            3.6 m       70.8%     2.4 h      42.2 m 
INFO  18:13:35,793 ProgressMeter -      6:32460448       2.854978E7   102.9 m            3.6 m       70.8%     2.4 h      42.4 m 
INFO  18:14:15,794 ProgressMeter -      6:32486756       2.854978E7   103.5 m            3.6 m       70.8%     2.4 h      42.6 m 
INFO  18:14:55,795 ProgressMeter -      6:32502372       2.854978E7   104.2 m            3.6 m       70.9%     2.5 h      42.9 m 
INFO  18:15:25,795 ProgressMeter -      6:32509325       2.854978E7   104.7 m            3.7 m       70.9%     2.5 h      43.0 m 
INFO  18:15:55,796 ProgressMeter -      6:32519426       2.854978E7   105.2 m            3.7 m       70.9%     2.5 h      43.2 m 
INFO  18:16:25,797 ProgressMeter -      6:32527472       2.854978E7   105.7 m            3.7 m       70.9%     2.5 h      43.4 m 
INFO  18:16:55,798 ProgressMeter -      6:32549913       2.854978E7   106.2 m            3.7 m       70.9%     2.5 h      43.6 m 
INFO  18:17:25,799 ProgressMeter -      6:32557213       2.854978E7   106.7 m            3.7 m       70.9%     2.5 h      43.7 m 
INFO  18:17:55,800 ProgressMeter -      6:32572149       2.854978E7   107.2 m            3.8 m       70.9%     2.5 h      43.9 m 
INFO  18:18:25,801 ProgressMeter -      6:32589589       2.854978E7   107.7 m            3.8 m       71.0%     2.5 h      44.1 m 
INFO  18:19:05,802 ProgressMeter -      6:32626279       2.854978E7   108.4 m            3.8 m       71.0%     2.5 h      44.3 m 
INFO  18:19:36,131 ProgressMeter -      6:32632469       2.854978E7   108.9 m            3.8 m       71.0%     2.6 h      44.4 m 
INFO  18:20:06,976 ProgressMeter -      6:32640593       2.854978E7   109.4 m            3.8 m       71.0%     2.6 h      44.6 m 
INFO  18:20:36,977 ProgressMeter -      6:32651817       2.854978E7   109.9 m            3.8 m       71.0%     2.6 h      44.8 m 
INFO  18:21:16,978 ProgressMeter -      6:32670111       2.854978E7   110.5 m            3.9 m       71.0%     2.6 h      45.0 m 
INFO  18:21:47,219 ProgressMeter -      6:32689362       2.854978E7   111.0 m            3.9 m       71.1%     2.6 h      45.2 m 
INFO  18:22:17,220 ProgressMeter -      6:32710467       2.854978E7   111.5 m            3.9 m       71.1%     2.6 h      45.3 m 
INFO  18:22:47,222 ProgressMeter -      6:32757298       2.854978E7   112.0 m            3.9 m       71.1%     2.6 h      45.4 m 
INFO  18:23:17,223 ProgressMeter -      6:32975289       2.854978E7   112.5 m            3.9 m       71.4%     2.6 h      45.1 m 
INFO  18:23:47,224 ProgressMeter -      6:33102030       2.854978E7   113.0 m            4.0 m       71.6%     2.6 h      44.9 m 
INFO  18:24:17,225 ProgressMeter -      6:33387886       2.854978E7   113.5 m            4.0 m       71.9%     2.6 h      44.4 m 
INFO  18:24:47,226 ProgressMeter -      6:33657684       2.854978E7   114.0 m            4.0 m       72.2%     2.6 h      43.9 m 
INFO  18:25:27,227 ProgressMeter -      6:34106230       2.854978E7   114.7 m            4.0 m       72.7%     2.6 h      43.0 m 
INFO  18:26:07,228 ProgressMeter -      6:34654646       2.854978E7   115.4 m            4.0 m       73.4%     2.6 h      41.9 m 
INFO  18:26:37,228 ProgressMeter -      6:35091586       2.854978E7   115.9 m            4.1 m       73.9%     2.6 h      41.0 m 
INFO  18:27:07,229 ProgressMeter -      6:35513212       2.854978E7   116.4 m            4.1 m       74.3%     2.6 h      40.1 m 
INFO  18:27:37,230 ProgressMeter -      6:35888318       2.854978E7   116.9 m            4.1 m       74.8%     2.6 h      39.4 m 
INFO  18:28:07,231 ProgressMeter -      6:36292348       2.854978E7   117.4 m            4.1 m       75.3%     2.6 h      38.6 m 
INFO  18:28:37,232 ProgressMeter -      6:36648435       2.854978E7   117.9 m            4.1 m       75.7%     2.6 h      37.9 m 
INFO  18:29:07,233 ProgressMeter -      6:37025799       2.854978E7   118.4 m            4.1 m       76.1%     2.6 h      37.2 m 
INFO  18:29:37,235 ProgressMeter -      6:37379061       2.854978E7   118.9 m            4.2 m       76.5%     2.6 h      36.5 m 
INFO  18:30:07,236 ProgressMeter -      6:37721268       2.854978E7   119.4 m            4.2 m       76.9%     2.6 h      35.8 m 
INFO  18:30:37,237 ProgressMeter -      6:38096783       2.854978E7   119.9 m            4.2 m       77.3%     2.6 h      35.1 m 
INFO  18:31:07,238 ProgressMeter -      6:38484906       2.854978E7     2.0 h            4.2 m       77.8%     2.6 h      34.4 m 
INFO  18:31:37,239 ProgressMeter -      6:38797965       2.854978E7     2.0 h            4.2 m       78.2%     2.6 h      33.8 m 
INFO  18:32:07,240 ProgressMeter -      6:39113244       2.854978E7     2.0 h            4.3 m       78.5%     2.6 h      33.2 m 
INFO  18:32:37,241 ProgressMeter -      6:39475740       2.854978E7     2.0 h            4.3 m       78.9%     2.6 h      32.5 m 
INFO  18:33:07,242 ProgressMeter -      6:39846059       2.854978E7     2.0 h            4.3 m       79.4%     2.6 h      31.8 m 
INFO  18:33:37,243 ProgressMeter -      6:40215429       2.854978E7     2.0 h            4.3 m       79.8%     2.6 h      31.1 m 
INFO  18:34:07,244 ProgressMeter -      6:40526655       2.854978E7     2.1 h            4.3 m       80.2%     2.6 h      30.5 m 
INFO  18:34:37,245 ProgressMeter -      6:40825602       2.854978E7     2.1 h            4.3 m       80.5%     2.6 h      30.0 m 
INFO  18:35:07,246 ProgressMeter -      6:40967941       2.854978E7     2.1 h            4.4 m       80.7%     2.6 h      29.8 m 
INFO  18:35:37,247 ProgressMeter -      6:41287624       2.854978E7     2.1 h            4.4 m       81.0%     2.6 h      29.2 m 
INFO  18:36:07,248 ProgressMeter -      6:41633000       2.854978E7     2.1 h            4.4 m       81.5%     2.6 h      28.6 m 
INFO  18:36:37,249 ProgressMeter -      6:41976696       2.854978E7     2.1 h            4.4 m       81.8%     2.6 h      27.9 m 
INFO  18:37:07,250 ProgressMeter -      6:42288712       2.854978E7     2.1 h            4.4 m       82.2%     2.6 h      27.3 m 
WARN  18:37:21,860 ExactAFCalculator - this tool is currently set to genotype at most 6 alternate alleles in a given context, but the context at 6:42482025 has 11 alternate alleles so only the top alleles will be used; see the --max_alternate_alleles argument 
INFO  18:37:37,251 ProgressMeter -      6:42639601       2.854978E7     2.1 h            4.4 m       82.6%     2.6 h      26.7 m 
INFO  18:38:07,252 ProgressMeter -      6:42966837       2.854978E7     2.1 h            4.5 m       83.0%     2.6 h      26.1 m 
INFO  18:38:37,253 ProgressMeter -      6:43377456       2.854978E7     2.1 h            4.5 m       83.5%     2.6 h      25.3 m 
INFO  18:39:07,254 ProgressMeter -      6:43814857       2.854978E7     2.1 h            4.5 m       84.0%     2.5 h      24.5 m 
INFO  18:39:37,255 ProgressMeter -      6:44176190       2.854978E7     2.1 h            4.5 m       84.4%     2.5 h      23.8 m 
INFO  18:40:07,256 ProgressMeter -      6:44532760       2.854978E7     2.2 h            4.5 m       84.8%     2.5 h      23.2 m 
INFO  18:40:37,257 ProgressMeter -      6:44830867       2.854978E7     2.2 h            4.5 m       85.2%     2.5 h      22.6 m 
INFO  18:41:07,258 ProgressMeter -      6:45172341       2.854978E7     2.2 h            4.6 m       85.6%     2.5 h      22.0 m 
INFO  18:41:37,259 ProgressMeter -      6:45524291       2.854978E7     2.2 h            4.6 m       86.0%     2.5 h      21.4 m 
INFO  18:42:17,260 ProgressMeter -      6:45911808       2.854978E7     2.2 h            4.6 m       86.4%     2.5 h      20.7 m 
INFO  18:42:47,261 ProgressMeter -      6:46288135       2.854978E7     2.2 h            4.6 m       86.9%     2.5 h      20.0 m 
INFO  18:43:17,261 ProgressMeter -      6:46702786       2.854978E7     2.2 h            4.6 m       87.3%     2.5 h      19.2 m 
INFO  18:43:47,267 ProgressMeter -      6:47015409       2.854978E7     2.2 h            4.7 m       87.7%     2.5 h      18.7 m 
INFO  18:44:17,267 ProgressMeter -      6:47311974       2.854978E7     2.2 h            4.7 m       88.0%     2.5 h      18.1 m 
INFO  18:44:47,268 ProgressMeter -      6:47612150       2.854978E7     2.2 h            4.7 m       88.4%     2.5 h      17.6 m 
INFO  18:45:17,269 ProgressMeter -      6:47864475       2.854978E7     2.2 h            4.7 m       88.7%     2.5 h      17.2 m 
INFO  18:45:47,270 ProgressMeter -      6:48205217       2.854978E7     2.3 h            4.7 m       89.1%     2.5 h      16.6 m 
INFO  18:46:17,271 ProgressMeter -      6:48510836       2.854978E7     2.3 h            4.7 m       89.4%     2.5 h      16.0 m 
INFO  18:46:47,272 ProgressMeter -      6:48884592       2.854978E7     2.3 h            4.8 m       89.9%     2.5 h      15.3 m 
INFO  18:47:17,273 ProgressMeter -      6:49263932       2.854978E7     2.3 h            4.8 m       90.3%     2.5 h      14.7 m 
INFO  18:47:47,274 ProgressMeter -      6:49624046       2.854978E7     2.3 h            4.8 m       90.7%     2.5 h      14.0 m 
WARN  18:48:04,180 ExactAFCalculator - this tool is currently set to genotype at most 6 alternate alleles in a given context, but the context at 6:49798065 has 9 alternate alleles so only the top alleles will be used; see the --max_alternate_alleles argument 
INFO  18:48:17,275 ProgressMeter -      6:49946908       2.854978E7     2.3 h            4.8 m       91.1%     2.5 h      13.4 m 
INFO  18:48:47,276 ProgressMeter -      6:50323215       2.854978E7     2.3 h            4.8 m       91.5%     2.5 h      12.8 m 
INFO  18:49:17,277 ProgressMeter -      6:50734964       2.854978E7     2.3 h            4.9 m       92.0%     2.5 h      12.0 m 
INFO  18:49:47,279 ProgressMeter -      6:51048817       2.854978E7     2.3 h            4.9 m       92.4%     2.5 h      11.5 m 
INFO  18:50:17,280 ProgressMeter -      6:51392911       2.854978E7     2.3 h            4.9 m       92.8%     2.5 h      10.9 m 
INFO  18:50:47,280 ProgressMeter -      6:51717752       2.854978E7     2.3 h            4.9 m       93.2%     2.5 h      10.3 m 
INFO  18:51:17,281 ProgressMeter -      6:52067651       2.854978E7     2.3 h            4.9 m       93.6%     2.5 h       9.7 m 
INFO  18:51:47,282 ProgressMeter -      6:52438238       2.854978E7     2.4 h            4.9 m       94.0%     2.5 h       9.0 m 
INFO  18:52:17,283 ProgressMeter -      6:52737988       2.854978E7     2.4 h            5.0 m       94.3%     2.5 h       8.5 m 
INFO  18:52:47,284 ProgressMeter -      6:53138914       2.854978E7     2.4 h            5.0 m       94.8%     2.5 h       7.8 m 
INFO  18:53:17,285 ProgressMeter -      6:53522265       2.854978E7     2.4 h            5.0 m       95.2%     2.5 h       7.1 m 
INFO  18:53:47,286 ProgressMeter -      6:53867426       2.854978E7     2.4 h            5.0 m       95.6%     2.5 h       6.5 m 
INFO  18:54:17,287 ProgressMeter -      6:54238452       2.854978E7     2.4 h            5.0 m       96.1%     2.5 h       5.9 m 
INFO  18:54:47,288 ProgressMeter -      6:54567327       2.854978E7     2.4 h            5.0 m       96.5%     2.5 h       5.3 m 
INFO  18:55:17,289 ProgressMeter -      6:54884291       2.854978E7     2.4 h            5.1 m       96.8%     2.5 h       4.7 m 
INFO  18:55:47,290 ProgressMeter -      6:55180073       2.854978E7     2.4 h            5.1 m       97.2%     2.5 h       4.2 m 
INFO  18:56:17,291 ProgressMeter -      6:55449712       2.854978E7     2.4 h            5.1 m       97.5%     2.5 h       3.8 m 
INFO  18:56:47,292 ProgressMeter -      6:55881360       2.854978E7     2.4 h            5.1 m       98.0%     2.5 h       3.0 m 
INFO  18:57:17,293 ProgressMeter -      6:56175219       2.854978E7     2.4 h            5.1 m       98.3%     2.5 h       2.5 m 
INFO  18:57:57,294 ProgressMeter -      6:56685030       2.854978E7     2.5 h            5.2 m       98.9%     2.5 h      96.0 s 
INFO  18:58:37,295 ProgressMeter -      6:57197410       2.854978E7     2.5 h            5.2 m       99.5%     2.5 h      43.0 s 
INFO  18:59:07,296 ProgressMeter -      6:57222317       2.854978E7     2.5 h            5.2 m       99.5%     2.5 h      40.0 s 
INFO  18:59:37,297 ProgressMeter -      6:57242029       2.854978E7     2.5 h            5.2 m       99.6%     2.5 h      38.0 s 
INFO  19:00:07,298 ProgressMeter -      6:57261402       2.854978E7     2.5 h            5.2 m       99.6%     2.5 h      37.0 s 
INFO  19:00:37,299 ProgressMeter -      6:57282037       2.854978E7     2.5 h            5.2 m       99.6%     2.5 h      35.0 s 
INFO  19:01:07,300 ProgressMeter -      6:57307956       2.854978E7     2.5 h            5.3 m       99.6%     2.5 h      32.0 s 
INFO  19:01:37,301 ProgressMeter -      6:57330958       2.854978E7     2.5 h            5.3 m       99.7%     2.5 h      30.0 s 
INFO  19:02:07,302 ProgressMeter -      6:57348700       2.854978E7     2.5 h            5.3 m       99.7%     2.5 h      28.0 s 
INFO  19:02:37,303 ProgressMeter -      6:57368231       2.854978E7     2.5 h            5.3 m       99.7%     2.5 h      26.0 s 
INFO  19:03:07,304 ProgressMeter -      6:57377171       2.854978E7     2.5 h            5.3 m       99.7%     2.5 h      25.0 s 
INFO  19:03:37,305 ProgressMeter -      6:57385636       2.854978E7     2.5 h            5.4 m       99.7%     2.6 h      24.0 s 
INFO  19:04:07,306 ProgressMeter -      6:57393836       2.854978E7     2.6 h            5.4 m       99.7%     2.6 h      23.0 s 
INFO  19:04:37,307 ProgressMeter -      6:57401961       2.854978E7     2.6 h            5.4 m       99.8%     2.6 h      23.0 s 
INFO  19:05:07,308 ProgressMeter -      6:57410504       2.854978E7     2.6 h            5.4 m       99.8%     2.6 h      22.0 s 
INFO  19:05:37,309 ProgressMeter -      6:57419454       2.854978E7     2.6 h            5.4 m       99.8%     2.6 h      21.0 s 
INFO  19:06:07,310 ProgressMeter -      6:57432991       2.854978E7     2.6 h            5.4 m       99.8%     2.6 h      19.0 s 
INFO  19:06:37,312 ProgressMeter -      6:57441150       2.854978E7     2.6 h            5.5 m       99.8%     2.6 h      19.0 s 
INFO  19:07:07,314 ProgressMeter -      6:57447125       2.854978E7     2.6 h            5.5 m       99.8%     2.6 h      18.0 s 
INFO  19:07:37,315 ProgressMeter -      6:57455619       2.854978E7     2.6 h            5.5 m       99.8%     2.6 h      17.0 s 
INFO  19:08:07,316 ProgressMeter -      6:57462986       2.854978E7     2.6 h            5.5 m       99.8%     2.6 h      16.0 s 
INFO  19:08:37,318 ProgressMeter -      6:57470990       2.854978E7     2.6 h            5.5 m       99.8%     2.6 h      15.0 s 
INFO  19:09:07,319 ProgressMeter -      6:57479460       2.854978E7     2.6 h            5.5 m       99.8%     2.6 h      15.0 s 
INFO  19:09:37,320 ProgressMeter -      6:57488217       2.854978E7     2.6 h            5.6 m       99.9%     2.7 h      14.0 s 
INFO  19:10:07,322 ProgressMeter -      6:57496410       2.854978E7     2.7 h            5.6 m       99.9%     2.7 h      13.0 s 
INFO  19:10:37,324 ProgressMeter -      6:57504620       2.854978E7     2.7 h            5.6 m       99.9%     2.7 h      12.0 s 
INFO  19:11:07,325 ProgressMeter -      6:57511565       2.854978E7     2.7 h            5.6 m       99.9%     2.7 h      11.0 s 
INFO  19:11:47,326 ProgressMeter -      6:57519175       2.854978E7     2.7 h            5.6 m       99.9%     2.7 h      10.0 s 
INFO  19:12:17,327 ProgressMeter -      6:57525793       2.854978E7     2.7 h            5.7 m       99.9%     2.7 h      10.0 s 
INFO  19:12:47,329 ProgressMeter -      6:57533298       2.854978E7     2.7 h            5.7 m       99.9%     2.7 h       9.0 s 
INFO  19:13:17,331 ProgressMeter -      6:57542179       2.854978E7     2.7 h            5.7 m       99.9%     2.7 h       8.0 s 
INFO  19:13:47,332 ProgressMeter -      6:57549232       2.854978E7     2.7 h            5.7 m       99.9%     2.7 h       7.0 s 
INFO  19:14:17,334 ProgressMeter -      6:57556170       2.854978E7     2.7 h            5.7 m       99.9%     2.7 h       6.0 s 
INFO  19:14:47,336 ProgressMeter -      6:57563507       2.854978E7     2.7 h            5.7 m       99.9%     2.7 h       6.0 s 
INFO  19:15:17,337 ProgressMeter -      6:57574548       2.854978E7     2.7 h            5.8 m      100.0%     2.7 h       4.0 s 
INFO  19:15:47,339 ProgressMeter -      6:57591531       2.854978E7     2.8 h            5.8 m      100.0%     2.8 h       2.0 s 
INFO  19:16:17,341 ProgressMeter -      6:57607506       2.854978E7     2.8 h            5.8 m      100.0%     2.8 h       1.0 s 
INFO  19:16:20,744 VectorLoglessPairHMM - Time spent in setup for JNI call : 3.156421318 
INFO  19:16:20,744 PairHMM - Total compute time in PairHMM computeLikelihoods() : 1360.5234748730002 
INFO  19:16:20,744 HaplotypeCaller - Ran local assembly on 442247 active regions 
INFO  19:16:20,750 ProgressMeter -            done      8.6166015E7     2.8 h          115.0 s      100.0%     2.8 h       0.0 s 
INFO  19:16:20,751 ProgressMeter - Total runtime 9936.04 secs, 165.60 min, 2.76 hours 
INFO  19:16:20,751 MicroScheduler - 3479113 reads were filtered out during the traversal out of approximately 23709917 total reads (14.67%) 
INFO  19:16:20,751 MicroScheduler -   -> 0 reads (0.00% of total) failing BadCigarFilter 
INFO  19:16:20,752 MicroScheduler -   -> 2764092 reads (11.66% of total) failing DuplicateReadFilter 
INFO  19:16:20,752 MicroScheduler -   -> 0 reads (0.00% of total) failing FailsVendorQualityCheckFilter 
INFO  19:16:20,752 MicroScheduler -   -> 678157 reads (2.86% of total) failing HCMappingQualityFilter 
INFO  19:16:20,752 MicroScheduler -   -> 0 reads (0.00% of total) failing MalformedReadFilter 
INFO  19:16:20,752 MicroScheduler -   -> 0 reads (0.00% of total) failing MappingQualityUnavailableFilter 
INFO  19:16:20,752 MicroScheduler -   -> 36864 reads (0.16% of total) failing NotPrimaryAlignmentFilter 
INFO  19:16:20,753 MicroScheduler -   -> 0 reads (0.00% of total) failing UnmappedReadFilter 
