INFO  14:30:02,344 HelpFormatter - --------------------------------------------------------------------------------- 
INFO  14:30:02,349 HelpFormatter - The Genome Analysis Toolkit (GATK) v3.4-46-g8ea4dca, Compiled 2015/08/13 20:41:56 
INFO  14:30:02,350 HelpFormatter - Copyright (c) 2010 The Broad Institute 
INFO  14:30:02,350 HelpFormatter - For support and documentation go to http://www.broadinstitute.org/gatk 
INFO  14:30:02,354 HelpFormatter - Program Args: -T HaplotypeCaller -I /mnt/sdb/data/broadout/sim1M_pairs_gatk_best_practices_12t_30s_2016-07-25_14-09-52/sim1M_pairs_realign.bam -L /mnt/sdb/Broad_Ref_Pipeline_approved_package/workflow_profiler/.queue/scatterGather/ExampleHaplotypeCaller-1-sg/temp_18_of_36/scatter.intervals -R /mnt/sdb/Broad_Ref_Pipeline_approved_package/b37bundle/human_g1k_v37.fasta -variant_index_type LINEAR -variant_index_parameter 128000 -o /mnt/sdb/Broad_Ref_Pipeline_approved_package/workflow_profiler/.queue/scatterGather/ExampleHaplotypeCaller-1-sg/temp_18_of_36/sim1M_pairs_realign.bam_HaplotypeCaller.g.vcf -ERC GVCF 
INFO  14:30:02,364 HelpFormatter - Executing as bshifaw@application-0-1.hudson.intel.com on Linux 3.10.0-327.el7.x86_64 amd64; OpenJDK 64-Bit Server VM 1.8.0_101-b13. 
INFO  14:30:02,370 HelpFormatter - Date/Time: 2016/07/25 14:30:02 
INFO  14:30:02,370 HelpFormatter - --------------------------------------------------------------------------------- 
INFO  14:30:02,372 HelpFormatter - --------------------------------------------------------------------------------- 
WARN  14:30:02,375 GATKVCFUtils - Naming your output file using the .g.vcf extension will automatically set the appropriate values  for --variant_index_type and --variant_index_parameter 
INFO  14:30:02,544 GenomeAnalysisEngine - Strictness is SILENT 
INFO  14:30:02,740 GenomeAnalysisEngine - Downsampling Settings: Method: BY_SAMPLE, Target Coverage: 500 
INFO  14:30:02,746 SAMDataSource$SAMReaders - Initializing SAMRecords in serial 
INFO  14:30:02,865 SAMDataSource$SAMReaders - Done initializing BAM readers: total time 0.12 
INFO  14:30:02,898 HCMappingQualityFilter - Filtering out reads with MAPQ < 20 
INFO  14:30:03,044 IntervalUtils - Processing 1437965 bp from intervals 
INFO  14:30:03,191 GenomeAnalysisEngine - Preparing for traversal over 1 BAM files 
INFO  14:30:03,450 GenomeAnalysisEngine - Done preparing for traversal 
INFO  14:30:03,451 ProgressMeter - [INITIALIZATION COMPLETE; STARTING PROCESSING] 
INFO  14:30:03,451 ProgressMeter -                 |      processed |    time |         per 1M |           |   total | remaining 
INFO  14:30:03,451 ProgressMeter -        Location | active regions | elapsed | active regions | completed | runtime |   runtime 
INFO  14:30:03,452 HaplotypeCaller - Standard Emitting and Calling confidence set to 0.0 for reference-model confidence output 
INFO  14:30:03,452 HaplotypeCaller - All sites annotated with PLs forced to true for reference-model confidence output 
INFO  14:30:03,658 HaplotypeCaller - Using global mismapping rate of 45 => -4.5 in log10 likelihood units 
Using AVX accelerated implementation of PairHMM
INFO  14:30:21,192 VectorLoglessPairHMM - libVectorLoglessPairHMM unpacked successfully from GATK jar file 
INFO  14:30:21,224 VectorLoglessPairHMM - Using vectorized implementation of PairHMM 
WARN  14:30:21,448 HaplotypeScore - Annotation will not be calculated, must be called from UnifiedGenotyper 
WARN  14:30:21,467 InbreedingCoeff - Annotation will not be calculated, must provide a valid PED file (-ped) from the command line. 
INFO  14:30:33,469 ProgressMeter -     9:139890911     9.91884925E8    30.0 s            0.0 s       55.3%    54.0 s      24.0 s 
INFO  14:30:45,476 VectorLoglessPairHMM - Time spent in setup for JNI call : 2.35428E-4 
INFO  14:30:45,476 PairHMM - Total compute time in PairHMM computeLikelihoods() : 0.001596406 
INFO  14:30:45,477 HaplotypeCaller - Ran local assembly on 6899 active regions 
INFO  14:30:45,484 ProgressMeter -            done    1.698842575E9    42.0 s            0.0 s      100.0%    42.0 s       0.0 s 
INFO  14:30:45,484 ProgressMeter - Total runtime 42.03 secs, 0.70 min, 0.01 hours 
INFO  14:30:45,485 MicroScheduler - 34 reads were filtered out during the traversal out of approximately 1839 total reads (1.85%) 
INFO  14:30:45,485 MicroScheduler -   -> 0 reads (0.00% of total) failing BadCigarFilter 
INFO  14:30:45,485 MicroScheduler -   -> 0 reads (0.00% of total) failing DuplicateReadFilter 
INFO  14:30:45,485 MicroScheduler -   -> 0 reads (0.00% of total) failing FailsVendorQualityCheckFilter 
INFO  14:30:45,485 MicroScheduler -   -> 34 reads (1.85% of total) failing HCMappingQualityFilter 
INFO  14:30:45,485 MicroScheduler -   -> 0 reads (0.00% of total) failing MalformedReadFilter 
INFO  14:30:45,486 MicroScheduler -   -> 0 reads (0.00% of total) failing MappingQualityUnavailableFilter 
INFO  14:30:45,486 MicroScheduler -   -> 0 reads (0.00% of total) failing NotPrimaryAlignmentFilter 
INFO  14:30:45,486 MicroScheduler -   -> 0 reads (0.00% of total) failing UnmappedReadFilter 
