INFO  20:07:46,212 HelpFormatter - --------------------------------------------------------------------------------- 
INFO  20:07:46,215 HelpFormatter - The Genome Analysis Toolkit (GATK) v3.4-46-g8ea4dca, Compiled 2015/08/13 20:41:56 
INFO  20:07:46,215 HelpFormatter - Copyright (c) 2010 The Broad Institute 
INFO  20:07:46,215 HelpFormatter - For support and documentation go to http://www.broadinstitute.org/gatk 
INFO  20:07:46,220 HelpFormatter - Program Args: -T IndelRealigner -I /home/opt/data/broadout/FC1-NA12878-01_S1_L001_R1_001_gatk_best_practices_36t_30s_2015-11-05_19-14-59/FC1-NA12878-01_S1_L001_R1_001_dupRem.bam -L /home/beris/Broad_Ref_Pipeline_approved_package/workflow_profiler/.queue/scatterGather/ExampleIndelRealigner-1-sg/temp_22_of_36/scatter.intervals -R /home/beris/Broad_Ref_Pipeline_approved_package/homosapiensrefgenome/Homo_sapiens_assembly19.fasta -known /home/beris/Broad_Ref_Pipeline_approved_package/homosapiensrefgenome/Homo_sapiens_assembly19.known_indels.vcf -targetIntervals /home/opt/data/broadout/FC1-NA12878-01_S1_L001_R1_001_gatk_best_practices_36t_30s_2015-11-05_19-14-59/FC1-NA12878-01_S1_L001_R1_001_realn.intervals -o /home/beris/Broad_Ref_Pipeline_approved_package/workflow_profiler/.queue/scatterGather/ExampleIndelRealigner-1-sg/temp_22_of_36/FC1-NA12878-01_S1_L001_R1_001_realign.bam -filterNoBases 
INFO  20:07:46,225 HelpFormatter - Executing as beris@dna on Linux 2.6.32-573.el6.x86_64 amd64; OpenJDK 64-Bit Server VM 1.7.0_79-mockbuild_2015_07_24_09_26-b00. 
INFO  20:07:46,226 HelpFormatter - Date/Time: 2015/11/05 20:07:46 
INFO  20:07:46,226 HelpFormatter - --------------------------------------------------------------------------------- 
INFO  20:07:46,226 HelpFormatter - --------------------------------------------------------------------------------- 
INFO  20:07:46,340 GenomeAnalysisEngine - Strictness is SILENT 
INFO  20:07:46,424 GenomeAnalysisEngine - Downsampling Settings: No downsampling 
INFO  20:07:46,433 SAMDataSource$SAMReaders - Initializing SAMRecords in serial 
INFO  20:07:46,470 SAMDataSource$SAMReaders - Done initializing BAM readers: total time 0.04 
INFO  20:07:46,595 IntervalUtils - Processing 51304566 bp from intervals 
INFO  20:07:46,686 GenomeAnalysisEngine - Preparing for traversal over 1 BAM files 
INFO  20:07:47,244 GenomeAnalysisEngine - Done preparing for traversal 
INFO  20:07:47,245 ProgressMeter - [INITIALIZATION COMPLETE; STARTING PROCESSING] 
INFO  20:07:47,245 ProgressMeter -                 | processed |    time |    per 1M |           |   total | remaining 
INFO  20:07:47,246 ProgressMeter -        Location |     reads | elapsed |     reads | completed | runtime |   runtime 
INFO  20:07:47,408 ReadShardBalancer$1 - Loading BAM index data 
INFO  20:07:47,683 ReadShardBalancer$1 - Done loading BAM index data 
INFO  20:08:20,568 ProgressMeter -        Starting         0.0    33.0 s      55.1 w      100.0%    33.0 s       0.0 s 
INFO  20:08:52,510 ProgressMeter -     22:39104935    300008.0    65.0 s       3.6 m       76.2%    85.0 s      20.0 s 
INFO  20:08:57,454 ProgressMeter -            done    573867.0    70.0 s       2.0 m       99.9%    70.0 s       0.0 s 
INFO  20:08:57,455 ProgressMeter - Total runtime 70.21 secs, 1.17 min, 0.02 hours 
INFO  20:08:57,460 MicroScheduler - 955360 reads were filtered out during the traversal out of approximately 1529227 total reads (62.47%) 
INFO  20:08:57,461 MicroScheduler -   -> 0 reads (0.00% of total) failing BadCigarFilter 
INFO  20:08:57,461 MicroScheduler -   -> 955360 reads (62.47% of total) failing MalformedReadFilter 
