INFO  20:06:13,333 HelpFormatter - --------------------------------------------------------------------------------- 
INFO  20:06:13,335 HelpFormatter - The Genome Analysis Toolkit (GATK) v3.4-46-g8ea4dca, Compiled 2015/08/13 20:41:56 
INFO  20:06:13,335 HelpFormatter - Copyright (c) 2010 The Broad Institute 
INFO  20:06:13,336 HelpFormatter - For support and documentation go to http://www.broadinstitute.org/gatk 
INFO  20:06:13,339 HelpFormatter - Program Args: -T PrintReads -I /mnt/nvme0n1/data/broadout/HG02571_gatk_best_practices_8t_30s_2016-07-06_18-21-01/HG02571_realign.bam -L /mnt/nvme0n1/Broad_Ref_Pipeline_approved_package/workflow_profiler/.queue/scatterGather/ExamplePrintReads-1-sg/temp_16_of_36/scatter.intervals -R /mnt/nvme0n1/Broad_Ref_Pipeline_approved_package/b37bundle/human_g1k_v37.fasta -BQSR /mnt/nvme0n1/data/broadout/HG02571_gatk_best_practices_8t_30s_2016-07-06_18-21-01/HG02571_recal.grp -o /mnt/nvme0n1/Broad_Ref_Pipeline_approved_package/workflow_profiler/.queue/scatterGather/ExamplePrintReads-1-sg/temp_16_of_36/HG02571_final.bam 
INFO  20:06:13,350 HelpFormatter - Executing as bshifaw@application-1-1.hudson.intel.com on Linux 3.10.0-327.el7.x86_64 amd64; OpenJDK 64-Bit Server VM 1.8.0_91-b14. 
INFO  20:06:13,351 HelpFormatter - Date/Time: 2016/07/06 20:06:13 
INFO  20:06:13,351 HelpFormatter - --------------------------------------------------------------------------------- 
INFO  20:06:13,352 HelpFormatter - --------------------------------------------------------------------------------- 
INFO  20:06:13,532 GenomeAnalysisEngine - Strictness is SILENT 
INFO  20:06:15,129 ContextCovariate - 		Context sizes: base substitution model 2, indel substitution model 3 
INFO  20:06:15,274 GenomeAnalysisEngine - Downsampling Settings: No downsampling 
INFO  20:06:15,311 SAMDataSource$SAMReaders - Initializing SAMRecords in serial 
INFO  20:06:15,467 SAMDataSource$SAMReaders - Done initializing BAM readers: total time 0.16 
INFO  20:06:15,610 IntervalUtils - Processing 90354753 bp from intervals 
INFO  20:06:16,300 GenomeAnalysisEngine - Preparing for traversal over 1 BAM files 
INFO  20:06:17,282 GenomeAnalysisEngine - Done preparing for traversal 
INFO  20:06:17,313 ProgressMeter - [INITIALIZATION COMPLETE; STARTING PROCESSING] 
INFO  20:06:17,313 ProgressMeter -                 | processed |    time |    per 1M |           |   total | remaining 
INFO  20:06:17,326 ProgressMeter -        Location |     reads | elapsed |     reads | completed | runtime |   runtime 
INFO  20:06:17,355 ReadShardBalancer$1 - Loading BAM index data 
INFO  20:06:18,094 ReadShardBalancer$1 - Done loading BAM index data 
INFO  20:06:47,363 ProgressMeter -       16:332146         0.0    30.0 s      49.7 w        0.4%     2.3 h       2.3 h 
INFO  20:07:17,407 ProgressMeter -      16:1033834    100001.0    60.0 s      10.0 m        1.1%    87.4 m      86.4 m 
INFO  20:07:47,589 ProgressMeter -      16:2225111    200002.0    90.0 s       7.5 m        2.5%    60.9 m      59.4 m 
INFO  20:08:19,328 ProgressMeter -      16:2757314    300003.0     2.0 m       6.8 m        3.1%    66.6 m      64.6 m 
INFO  20:08:49,817 ProgressMeter -      16:3274026    400005.0     2.5 m       6.4 m        3.6%    69.9 m      67.4 m 
INFO  20:09:21,187 ProgressMeter -      16:4861788    600009.0     3.1 m       5.1 m        5.4%    56.7 m      53.6 m 
INFO  20:09:52,690 ProgressMeter -     16:10992557    700013.0     3.6 m       5.1 m       12.2%    29.5 m      25.9 m 
INFO  20:10:22,690 ProgressMeter -     16:14990002    900018.0     4.1 m       4.5 m       16.6%    24.6 m      20.5 m 
INFO  20:10:52,691 ProgressMeter -     16:16388038   1000019.0     4.6 m       4.6 m       18.1%    25.3 m      20.7 m 
INFO  20:11:22,692 ProgressMeter -     16:18846476   1200027.0     5.1 m       4.2 m       20.9%    24.4 m      19.3 m 
INFO  20:11:52,693 ProgressMeter -     16:20990734   1300028.0     5.6 m       4.3 m       23.2%    24.0 m      18.5 m 
INFO  20:12:22,694 ProgressMeter -     16:22572487   1500031.0     6.1 m       4.1 m       25.0%    24.4 m      18.3 m 
INFO  20:12:52,695 ProgressMeter -     16:27146105   1700035.0     6.6 m       3.9 m       30.0%    21.9 m      15.3 m 
INFO  20:13:22,696 ProgressMeter -     16:28970153   1900040.0     7.1 m       3.7 m       32.1%    22.1 m      15.0 m 
INFO  20:13:52,697 ProgressMeter -     16:30300004   2100045.0     7.6 m       3.6 m       33.5%    22.6 m      15.0 m 
INFO  20:14:22,698 ProgressMeter -     16:31413639   2300047.0     8.1 m       3.5 m       34.8%    23.3 m      15.2 m 
INFO  20:14:52,699 ProgressMeter -     16:47162262   2500049.0     8.6 m       3.4 m       52.2%    16.4 m       7.9 m 
INFO  20:15:22,702 ProgressMeter -     16:53682799   2700055.0     9.1 m       3.4 m       59.4%    15.3 m       6.2 m 
INFO  20:15:52,703 ProgressMeter -     16:58072121   3000058.0     9.6 m       3.2 m       64.3%    14.9 m       5.3 m 
INFO  20:16:22,704 ProgressMeter -     16:67327865   3200062.0    10.1 m       3.2 m       74.5%    13.5 m       3.4 m 
INFO  20:16:52,967 ProgressMeter -     16:69197081   3400065.0    10.6 m       3.1 m       76.6%    13.8 m       3.2 m 
INFO  20:17:22,968 ProgressMeter -     16:72135100   3700091.0    11.1 m       3.0 m       79.8%    13.9 m       2.8 m 
INFO  20:17:53,849 ProgressMeter -     16:81399054   4000094.0    11.6 m       2.9 m       90.1%    12.9 m      76.0 s 
INFO  20:18:23,849 ProgressMeter -     16:89846485   4300097.0    12.1 m       2.8 m       99.4%    12.2 m       4.0 s 
INFO  20:18:28,375 Walker - [REDUCE RESULT] Traversal result is: org.broadinstitute.gatk.engine.io.stubs.SAMFileWriterStub@5b58129f 
INFO  20:18:28,479 ProgressMeter -            done   4375700.0    12.2 m       2.8 m       99.9%    12.2 m       0.0 s 
INFO  20:18:28,479 ProgressMeter - Total runtime 731.17 secs, 12.19 min, 0.20 hours 
INFO  20:18:28,479 MicroScheduler - 0 reads were filtered out during the traversal out of approximately 4375700 total reads (0.00%) 
INFO  20:18:28,479 MicroScheduler -   -> 0 reads (0.00% of total) failing BadCigarFilter 
INFO  20:18:28,480 MicroScheduler -   -> 0 reads (0.00% of total) failing MalformedReadFilter 
