INFO  19:30:08,396 HelpFormatter - --------------------------------------------------------------------------------- 
INFO  19:30:08,398 HelpFormatter - The Genome Analysis Toolkit (GATK) v3.4-46-g8ea4dca, Compiled 2015/08/13 20:41:56 
INFO  19:30:08,398 HelpFormatter - Copyright (c) 2010 The Broad Institute 
INFO  19:30:08,399 HelpFormatter - For support and documentation go to http://www.broadinstitute.org/gatk 
INFO  19:30:08,403 HelpFormatter - Program Args: -T IndelRealigner -I /mnt/nvme0n1/data/broadout/HG02561_gatk_best_practices_8t_30s_2016-07-06_18-21-00/HG02561_dupRem.bam -L /mnt/nvme0n1/Broad_Ref_Pipeline_approved_package/workflow_profiler/.queue/scatterGather/ExampleIndelRealigner-1-sg/temp_31_of_36/scatter.intervals -R /mnt/nvme0n1/Broad_Ref_Pipeline_approved_package/b37bundle/human_g1k_v37.fasta -known /mnt/nvme0n1/Broad_Ref_Pipeline_approved_package/b37bundle/1000G_phase1.indels.b37.vcf -targetIntervals /mnt/nvme0n1/data/broadout/HG02561_gatk_best_practices_8t_30s_2016-07-06_18-21-00/HG02561_realn.intervals -o /mnt/nvme0n1/Broad_Ref_Pipeline_approved_package/workflow_profiler/.queue/scatterGather/ExampleIndelRealigner-1-sg/temp_31_of_36/HG02561_realign.bam -filterNoBases 
INFO  19:30:08,415 HelpFormatter - Executing as bshifaw@application-1-1.hudson.intel.com on Linux 3.10.0-327.el7.x86_64 amd64; OpenJDK 64-Bit Server VM 1.8.0_91-b14. 
INFO  19:30:08,415 HelpFormatter - Date/Time: 2016/07/06 19:30:08 
INFO  19:30:08,415 HelpFormatter - --------------------------------------------------------------------------------- 
INFO  19:30:08,416 HelpFormatter - --------------------------------------------------------------------------------- 
INFO  19:30:09,029 GenomeAnalysisEngine - Strictness is SILENT 
INFO  19:30:09,338 GenomeAnalysisEngine - Downsampling Settings: No downsampling 
INFO  19:30:09,367 SAMDataSource$SAMReaders - Initializing SAMRecords in serial 
INFO  19:30:09,560 SAMDataSource$SAMReaders - Done initializing BAM readers: total time 0.19 
INFO  19:30:10,099 IntervalUtils - Processing 33824 bp from intervals 
INFO  19:30:10,567 GenomeAnalysisEngine - Preparing for traversal over 1 BAM files 
INFO  19:30:10,747 GenomeAnalysisEngine - Done preparing for traversal 
INFO  19:30:10,766 ProgressMeter - [INITIALIZATION COMPLETE; STARTING PROCESSING] 
INFO  19:30:10,767 ProgressMeter -                 | processed |    time |    per 1M |           |   total | remaining 
INFO  19:30:10,783 ProgressMeter -        Location |     reads | elapsed |     reads | completed | runtime |   runtime 
INFO  19:30:11,135 ReadShardBalancer$1 - Loading BAM index data 
INFO  19:30:11,143 ReadShardBalancer$1 - Done loading BAM index data 
INFO  19:30:11,477 ProgressMeter -            done        48.0     0.0 s       4.1 h        0.2%     0.0 s       0.0 s 
INFO  19:30:11,478 ProgressMeter - Total runtime 0.72 secs, 0.01 min, 0.00 hours 
INFO  19:30:11,481 MicroScheduler - 35 reads were filtered out during the traversal out of approximately 83 total reads (42.17%) 
INFO  19:30:11,488 MicroScheduler -   -> 0 reads (0.00% of total) failing BadCigarFilter 
INFO  19:30:11,489 MicroScheduler -   -> 35 reads (42.17% of total) failing MalformedReadFilter 
