INFO  20:07:45,771 HelpFormatter - --------------------------------------------------------------------------------- 
INFO  20:07:45,774 HelpFormatter - The Genome Analysis Toolkit (GATK) v3.4-46-g8ea4dca, Compiled 2015/08/13 20:41:56 
INFO  20:07:45,774 HelpFormatter - Copyright (c) 2010 The Broad Institute 
INFO  20:07:45,774 HelpFormatter - For support and documentation go to http://www.broadinstitute.org/gatk 
INFO  20:07:45,779 HelpFormatter - Program Args: -T IndelRealigner -I /home/opt/data/broadout/FC1-NA12878-01_S1_L001_R1_001_gatk_best_practices_36t_30s_2015-11-05_19-14-59/FC1-NA12878-01_S1_L001_R1_001_dupRem.bam -L /home/beris/Broad_Ref_Pipeline_approved_package/workflow_profiler/.queue/scatterGather/ExampleIndelRealigner-1-sg/temp_14_of_36/scatter.intervals -R /home/beris/Broad_Ref_Pipeline_approved_package/homosapiensrefgenome/Homo_sapiens_assembly19.fasta -known /home/beris/Broad_Ref_Pipeline_approved_package/homosapiensrefgenome/Homo_sapiens_assembly19.known_indels.vcf -targetIntervals /home/opt/data/broadout/FC1-NA12878-01_S1_L001_R1_001_gatk_best_practices_36t_30s_2015-11-05_19-14-59/FC1-NA12878-01_S1_L001_R1_001_realn.intervals -o /home/beris/Broad_Ref_Pipeline_approved_package/workflow_profiler/.queue/scatterGather/ExampleIndelRealigner-1-sg/temp_14_of_36/FC1-NA12878-01_S1_L001_R1_001_realign.bam -filterNoBases 
INFO  20:07:45,786 HelpFormatter - Executing as beris@dna on Linux 2.6.32-573.el6.x86_64 amd64; OpenJDK 64-Bit Server VM 1.7.0_79-mockbuild_2015_07_24_09_26-b00. 
INFO  20:07:45,786 HelpFormatter - Date/Time: 2015/11/05 20:07:45 
INFO  20:07:45,787 HelpFormatter - --------------------------------------------------------------------------------- 
INFO  20:07:45,787 HelpFormatter - --------------------------------------------------------------------------------- 
INFO  20:07:45,915 GenomeAnalysisEngine - Strictness is SILENT 
INFO  20:07:46,018 GenomeAnalysisEngine - Downsampling Settings: No downsampling 
INFO  20:07:46,028 SAMDataSource$SAMReaders - Initializing SAMRecords in serial 
INFO  20:07:46,080 SAMDataSource$SAMReaders - Done initializing BAM readers: total time 0.05 
INFO  20:07:46,224 IntervalUtils - Processing 107349540 bp from intervals 
INFO  20:07:46,312 GenomeAnalysisEngine - Preparing for traversal over 1 BAM files 
INFO  20:07:46,947 GenomeAnalysisEngine - Done preparing for traversal 
INFO  20:07:46,948 ProgressMeter - [INITIALIZATION COMPLETE; STARTING PROCESSING] 
INFO  20:07:46,948 ProgressMeter -                 | processed |    time |    per 1M |           |   total | remaining 
INFO  20:07:46,954 ProgressMeter -        Location |     reads | elapsed |     reads | completed | runtime |   runtime 
INFO  20:07:47,278 ReadShardBalancer$1 - Loading BAM index data 
INFO  20:07:48,117 ReadShardBalancer$1 - Done loading BAM index data 
INFO  20:08:21,114 ProgressMeter -        Starting         0.0    34.0 s      56.5 w      100.0%    34.0 s       0.0 s 
INFO  20:08:51,220 ProgressMeter -     14:64596656    400026.0    64.0 s       2.7 m       60.2%   106.0 s      42.0 s 
INFO  20:09:09,948 ProgressMeter -            done   1025715.0    82.0 s      80.0 s       99.9%    82.0 s       0.0 s 
INFO  20:09:09,948 ProgressMeter - Total runtime 83.00 secs, 1.38 min, 0.02 hours 
INFO  20:09:09,952 MicroScheduler - 1344363 reads were filtered out during the traversal out of approximately 2370078 total reads (56.72%) 
INFO  20:09:09,952 MicroScheduler -   -> 0 reads (0.00% of total) failing BadCigarFilter 
INFO  20:09:09,952 MicroScheduler -   -> 1344363 reads (56.72% of total) failing MalformedReadFilter 
