INFO  19:35:11,169 HelpFormatter - --------------------------------------------------------------------------------- 
INFO  19:35:11,180 HelpFormatter - The Genome Analysis Toolkit (GATK) v3.4-46-g8ea4dca, Compiled 2015/08/13 20:41:56 
INFO  19:35:11,181 HelpFormatter - Copyright (c) 2010 The Broad Institute 
INFO  19:35:11,181 HelpFormatter - For support and documentation go to http://www.broadinstitute.org/gatk 
INFO  19:35:11,192 HelpFormatter - Program Args: -T IndelRealigner -I /mnt/nvme0n1/data/broadout/HG02771_gatk_best_practices_8t_30s_2016-07-06_18-21-02/HG02771_dupRem.bam -L /mnt/nvme0n1/Broad_Ref_Pipeline_approved_package/workflow_profiler/.queue/scatterGather/ExampleIndelRealigner-1-sg/temp_14_of_36/scatter.intervals -R /mnt/nvme0n1/Broad_Ref_Pipeline_approved_package/b37bundle/human_g1k_v37.fasta -known /mnt/nvme0n1/Broad_Ref_Pipeline_approved_package/b37bundle/1000G_phase1.indels.b37.vcf -targetIntervals /mnt/nvme0n1/data/broadout/HG02771_gatk_best_practices_8t_30s_2016-07-06_18-21-02/HG02771_realn.intervals -o /mnt/nvme0n1/Broad_Ref_Pipeline_approved_package/workflow_profiler/.queue/scatterGather/ExampleIndelRealigner-1-sg/temp_14_of_36/HG02771_realign.bam -filterNoBases 
INFO  19:35:11,238 HelpFormatter - Executing as bshifaw@application-1-1.hudson.intel.com on Linux 3.10.0-327.el7.x86_64 amd64; OpenJDK 64-Bit Server VM 1.8.0_91-b14. 
INFO  19:35:11,239 HelpFormatter - Date/Time: 2016/07/06 19:35:11 
INFO  19:35:11,239 HelpFormatter - --------------------------------------------------------------------------------- 
INFO  19:35:11,239 HelpFormatter - --------------------------------------------------------------------------------- 
INFO  19:35:11,551 GenomeAnalysisEngine - Strictness is SILENT 
INFO  19:35:11,683 GenomeAnalysisEngine - Downsampling Settings: No downsampling 
INFO  19:35:11,690 SAMDataSource$SAMReaders - Initializing SAMRecords in serial 
INFO  19:35:11,749 SAMDataSource$SAMReaders - Done initializing BAM readers: total time 0.06 
INFO  19:35:12,035 IntervalUtils - Processing 107349540 bp from intervals 
INFO  19:35:12,237 GenomeAnalysisEngine - Preparing for traversal over 1 BAM files 
INFO  19:35:12,855 GenomeAnalysisEngine - Done preparing for traversal 
INFO  19:35:12,856 ProgressMeter - [INITIALIZATION COMPLETE; STARTING PROCESSING] 
INFO  19:35:12,856 ProgressMeter -                 | processed |    time |    per 1M |           |   total | remaining 
INFO  19:35:12,856 ProgressMeter -        Location |     reads | elapsed |     reads | completed | runtime |   runtime 
INFO  19:35:13,118 ReadShardBalancer$1 - Loading BAM index data 
INFO  19:35:13,444 ReadShardBalancer$1 - Done loading BAM index data 
INFO  19:35:42,883 ProgressMeter -     14:35038086    900019.0    30.0 s      33.0 s       32.6%    91.0 s      61.0 s 
INFO  19:36:12,884 ProgressMeter -     14:93398039   2600060.0    60.0 s      23.0 s       87.0%    68.0 s       8.0 s 
INFO  19:36:24,415 ProgressMeter -            done   3363159.0    71.0 s      21.0 s       99.9%    71.0 s       0.0 s 
INFO  19:36:24,415 ProgressMeter - Total runtime 71.56 secs, 1.19 min, 0.02 hours 
INFO  19:36:24,418 MicroScheduler - 85566 reads were filtered out during the traversal out of approximately 3448725 total reads (2.48%) 
INFO  19:36:24,418 MicroScheduler -   -> 0 reads (0.00% of total) failing BadCigarFilter 
INFO  19:36:24,419 MicroScheduler -   -> 85566 reads (2.48% of total) failing MalformedReadFilter 
