INFO  19:29:58,865 HelpFormatter - --------------------------------------------------------------------------------- 
INFO  19:29:58,867 HelpFormatter - The Genome Analysis Toolkit (GATK) v3.4-46-g8ea4dca, Compiled 2015/08/13 20:41:56 
INFO  19:29:58,895 HelpFormatter - Copyright (c) 2010 The Broad Institute 
INFO  19:29:58,895 HelpFormatter - For support and documentation go to http://www.broadinstitute.org/gatk 
INFO  19:29:58,898 HelpFormatter - Program Args: -T IndelRealigner -I /mnt/nvme0n1/data/broadout/HG02561_gatk_best_practices_8t_30s_2016-07-06_18-21-00/HG02561_dupRem.bam -L /mnt/nvme0n1/Broad_Ref_Pipeline_approved_package/workflow_profiler/.queue/scatterGather/ExampleIndelRealigner-1-sg/temp_14_of_36/scatter.intervals -R /mnt/nvme0n1/Broad_Ref_Pipeline_approved_package/b37bundle/human_g1k_v37.fasta -known /mnt/nvme0n1/Broad_Ref_Pipeline_approved_package/b37bundle/1000G_phase1.indels.b37.vcf -targetIntervals /mnt/nvme0n1/data/broadout/HG02561_gatk_best_practices_8t_30s_2016-07-06_18-21-00/HG02561_realn.intervals -o /mnt/nvme0n1/Broad_Ref_Pipeline_approved_package/workflow_profiler/.queue/scatterGather/ExampleIndelRealigner-1-sg/temp_14_of_36/HG02561_realign.bam -filterNoBases 
INFO  19:29:58,944 HelpFormatter - Executing as bshifaw@application-1-1.hudson.intel.com on Linux 3.10.0-327.el7.x86_64 amd64; OpenJDK 64-Bit Server VM 1.8.0_91-b14. 
INFO  19:29:58,949 HelpFormatter - Date/Time: 2016/07/06 19:29:58 
INFO  19:29:58,950 HelpFormatter - --------------------------------------------------------------------------------- 
INFO  19:29:58,950 HelpFormatter - --------------------------------------------------------------------------------- 
INFO  19:29:59,398 GenomeAnalysisEngine - Strictness is SILENT 
INFO  19:29:59,691 GenomeAnalysisEngine - Downsampling Settings: No downsampling 
INFO  19:29:59,709 SAMDataSource$SAMReaders - Initializing SAMRecords in serial 
INFO  19:29:59,962 SAMDataSource$SAMReaders - Done initializing BAM readers: total time 0.25 
INFO  19:30:00,268 IntervalUtils - Processing 107349540 bp from intervals 
INFO  19:30:00,549 GenomeAnalysisEngine - Preparing for traversal over 1 BAM files 
INFO  19:30:01,365 GenomeAnalysisEngine - Done preparing for traversal 
INFO  19:30:01,365 ProgressMeter - [INITIALIZATION COMPLETE; STARTING PROCESSING] 
INFO  19:30:01,366 ProgressMeter -                 | processed |    time |    per 1M |           |   total | remaining 
INFO  19:30:01,387 ProgressMeter -        Location |     reads | elapsed |     reads | completed | runtime |   runtime 
INFO  19:30:01,858 ReadShardBalancer$1 - Loading BAM index data 
INFO  19:30:02,571 ReadShardBalancer$1 - Done loading BAM index data 
INFO  19:30:33,310 ProgressMeter -     14:20147500         0.0    31.0 s      52.8 w       18.8%     2.8 m       2.2 m 
INFO  19:31:03,312 ProgressMeter -     14:24551718    600026.0    61.0 s     103.0 s       22.9%     4.4 m       3.4 m 
INFO  19:31:33,315 ProgressMeter -     14:45369807   1000036.0    91.0 s      91.0 s       42.3%     3.6 m       2.1 m 
INFO  19:32:13,316 ProgressMeter -     14:75139586   2100068.0     2.2 m      62.0 s       70.0%     3.1 m      56.0 s 
INFO  19:32:43,317 ProgressMeter -    14:105207550   3100085.0     2.7 m      52.0 s       98.0%     2.7 m       3.0 s 
INFO  19:32:50,454 ProgressMeter -            done   3417187.0     2.8 m      49.0 s       99.9%     2.8 m       0.0 s 
INFO  19:32:50,455 ProgressMeter - Total runtime 169.09 secs, 2.82 min, 0.05 hours 
INFO  19:32:50,458 MicroScheduler - 63559 reads were filtered out during the traversal out of approximately 3480746 total reads (1.83%) 
INFO  19:32:50,458 MicroScheduler -   -> 0 reads (0.00% of total) failing BadCigarFilter 
INFO  19:32:50,458 MicroScheduler -   -> 63559 reads (1.83% of total) failing MalformedReadFilter 
