INFO  18:00:54,857 HelpFormatter - --------------------------------------------------------------------------------- 
INFO  18:00:54,861 HelpFormatter - The Genome Analysis Toolkit (GATK) v3.4-46-g8ea4dca, Compiled 2015/08/13 20:41:56 
INFO  18:00:54,861 HelpFormatter - Copyright (c) 2010 The Broad Institute 
INFO  18:00:54,861 HelpFormatter - For support and documentation go to http://www.broadinstitute.org/gatk 
INFO  18:00:54,864 HelpFormatter - Program Args: -T HaplotypeCaller -I /home/opt/data/broadout/FC1-NA12878-01_S1_L001_gatk_best_practices_36t_30s_2015-11-10_16-39-49/FC1-NA12878-01_S1_L001_realign.bam -L /home/beris/Broad_Ref_Pipeline_approved_package/workflow_profiler/.queue/scatterGather/ExampleHaplotypeCaller-1-sg/temp_06_of_36/scatter.intervals -R /home/beris/Broad_Ref_Pipeline_approved_package/homosapiensrefgenome/Homo_sapiens_assembly19.fasta -variant_index_type LINEAR -variant_index_parameter 128000 -o /home/beris/Broad_Ref_Pipeline_approved_package/workflow_profiler/.queue/scatterGather/ExampleHaplotypeCaller-1-sg/temp_06_of_36/FC1-NA12878-01_S1_L001_realign.bam_HaplotypeCaller.g.vcf -ERC GVCF 
INFO  18:00:54,870 HelpFormatter - Executing as beris@dna on Linux 2.6.32-573.el6.x86_64 amd64; OpenJDK 64-Bit Server VM 1.7.0_79-mockbuild_2015_07_24_09_26-b00. 
INFO  18:00:54,870 HelpFormatter - Date/Time: 2015/11/10 18:00:54 
INFO  18:00:54,871 HelpFormatter - --------------------------------------------------------------------------------- 
INFO  18:00:54,871 HelpFormatter - --------------------------------------------------------------------------------- 
WARN  18:00:54,897 GATKVCFUtils - Naming your output file using the .g.vcf extension will automatically set the appropriate values  for --variant_index_type and --variant_index_parameter 
INFO  18:00:54,974 GenomeAnalysisEngine - Strictness is SILENT 
INFO  18:00:55,108 GenomeAnalysisEngine - Downsampling Settings: Method: BY_SAMPLE, Target Coverage: 500 
INFO  18:00:55,116 SAMDataSource$SAMReaders - Initializing SAMRecords in serial 
INFO  18:00:55,154 SAMDataSource$SAMReaders - Done initializing BAM readers: total time 0.04 
INFO  18:00:55,161 HCMappingQualityFilter - Filtering out reads with MAPQ < 20 
INFO  18:00:55,340 IntervalUtils - Processing 1017715 bp from intervals 
INFO  18:00:55,430 GenomeAnalysisEngine - Preparing for traversal over 1 BAM files 
INFO  18:00:55,790 GenomeAnalysisEngine - Done preparing for traversal 
INFO  18:00:55,791 ProgressMeter - [INITIALIZATION COMPLETE; STARTING PROCESSING] 
INFO  18:00:55,791 ProgressMeter -                 |      processed |    time |         per 1M |           |   total | remaining 
INFO  18:00:55,792 ProgressMeter -        Location | active regions | elapsed | active regions | completed | runtime |   runtime 
INFO  18:00:55,793 HaplotypeCaller - Standard Emitting and Calling confidence set to 0.0 for reference-model confidence output 
INFO  18:00:55,793 HaplotypeCaller - All sites annotated with PLs forced to true for reference-model confidence output 
INFO  18:00:55,999 HaplotypeCaller - Using global mismapping rate of 45 => -4.5 in log10 likelihood units 
Using AVX accelerated implementation of PairHMM
INFO  18:00:57,437 VectorLoglessPairHMM - libVectorLoglessPairHMM unpacked successfully from GATK jar file 
INFO  18:00:57,444 VectorLoglessPairHMM - Using vectorized implementation of PairHMM 
WARN  18:00:57,647 HaplotypeScore - Annotation will not be calculated, must be called from UnifiedGenotyper 
WARN  18:00:57,647 InbreedingCoeff - Annotation will not be calculated, must provide a valid PED file (-ped) from the command line. 
INFO  18:01:25,828 ProgressMeter -     2:144710422       3.889466E7    30.0 s            0.0 s       12.1%     4.1 m       3.6 m 
INFO  18:01:55,829 ProgressMeter -     2:178528661     5.56998883E8    60.0 s            0.0 s       44.1%     2.3 m      76.0 s 
INFO  18:02:25,831 ProgressMeter -     2:203417562    1.608584409E9    90.0 s            0.0 s       77.2%   116.0 s      26.0 s 
INFO  18:02:45,319 VectorLoglessPairHMM - Time spent in setup for JNI call : 0.047090347000000005 
INFO  18:02:45,319 PairHMM - Total compute time in PairHMM computeLikelihoods() : 5.091788213 
INFO  18:02:45,319 HaplotypeCaller - Ran local assembly on 9602 active regions 
INFO  18:02:45,327 ProgressMeter -            done     2.66801929E9   109.0 s            0.0 s      100.0%   109.0 s       0.0 s 
INFO  18:02:45,328 ProgressMeter - Total runtime 109.54 secs, 1.83 min, 0.03 hours 
INFO  18:02:45,328 MicroScheduler - 35558 reads were filtered out during the traversal out of approximately 628306 total reads (5.66%) 
INFO  18:02:45,328 MicroScheduler -   -> 0 reads (0.00% of total) failing BadCigarFilter 
INFO  18:02:45,328 MicroScheduler -   -> 23535 reads (3.75% of total) failing DuplicateReadFilter 
INFO  18:02:45,329 MicroScheduler -   -> 0 reads (0.00% of total) failing FailsVendorQualityCheckFilter 
INFO  18:02:45,329 MicroScheduler -   -> 11980 reads (1.91% of total) failing HCMappingQualityFilter 
INFO  18:02:45,329 MicroScheduler -   -> 0 reads (0.00% of total) failing MalformedReadFilter 
INFO  18:02:45,329 MicroScheduler -   -> 0 reads (0.00% of total) failing MappingQualityUnavailableFilter 
INFO  18:02:45,329 MicroScheduler -   -> 43 reads (0.01% of total) failing NotPrimaryAlignmentFilter 
INFO  18:02:45,329 MicroScheduler -   -> 0 reads (0.00% of total) failing UnmappedReadFilter 
