INFO  18:00:55,714 HelpFormatter - --------------------------------------------------------------------------------- 
INFO  18:00:55,717 HelpFormatter - The Genome Analysis Toolkit (GATK) v3.4-46-g8ea4dca, Compiled 2015/08/13 20:41:56 
INFO  18:00:55,718 HelpFormatter - Copyright (c) 2010 The Broad Institute 
INFO  18:00:55,718 HelpFormatter - For support and documentation go to http://www.broadinstitute.org/gatk 
INFO  18:00:55,721 HelpFormatter - Program Args: -T HaplotypeCaller -I /home/opt/data/broadout/FC1-NA12878-01_S1_L001_gatk_best_practices_36t_30s_2015-11-10_16-39-49/FC1-NA12878-01_S1_L001_realign.bam -L /home/beris/Broad_Ref_Pipeline_approved_package/workflow_profiler/.queue/scatterGather/ExampleHaplotypeCaller-1-sg/temp_28_of_36/scatter.intervals -R /home/beris/Broad_Ref_Pipeline_approved_package/homosapiensrefgenome/Homo_sapiens_assembly19.fasta -variant_index_type LINEAR -variant_index_parameter 128000 -o /home/beris/Broad_Ref_Pipeline_approved_package/workflow_profiler/.queue/scatterGather/ExampleHaplotypeCaller-1-sg/temp_28_of_36/FC1-NA12878-01_S1_L001_realign.bam_HaplotypeCaller.g.vcf -ERC GVCF 
INFO  18:00:55,752 HelpFormatter - Executing as beris@dna on Linux 2.6.32-573.el6.x86_64 amd64; OpenJDK 64-Bit Server VM 1.7.0_79-mockbuild_2015_07_24_09_26-b00. 
INFO  18:00:55,755 HelpFormatter - Date/Time: 2015/11/10 18:00:55 
INFO  18:00:55,755 HelpFormatter - --------------------------------------------------------------------------------- 
INFO  18:00:55,756 HelpFormatter - --------------------------------------------------------------------------------- 
WARN  18:00:55,818 GATKVCFUtils - Naming your output file using the .g.vcf extension will automatically set the appropriate values  for --variant_index_type and --variant_index_parameter 
INFO  18:00:55,922 GenomeAnalysisEngine - Strictness is SILENT 
INFO  18:00:56,066 GenomeAnalysisEngine - Downsampling Settings: Method: BY_SAMPLE, Target Coverage: 500 
INFO  18:00:56,073 SAMDataSource$SAMReaders - Initializing SAMRecords in serial 
INFO  18:00:56,158 SAMDataSource$SAMReaders - Done initializing BAM readers: total time 0.08 
INFO  18:00:56,167 HCMappingQualityFilter - Filtering out reads with MAPQ < 20 
INFO  18:00:56,425 IntervalUtils - Processing 1017715 bp from intervals 
INFO  18:00:56,543 GenomeAnalysisEngine - Preparing for traversal over 1 BAM files 
INFO  18:00:57,062 GenomeAnalysisEngine - Done preparing for traversal 
INFO  18:00:57,064 ProgressMeter - [INITIALIZATION COMPLETE; STARTING PROCESSING] 
INFO  18:00:57,065 ProgressMeter -                 |      processed |    time |         per 1M |           |   total | remaining 
INFO  18:00:57,070 ProgressMeter -        Location | active regions | elapsed | active regions | completed | runtime |   runtime 
INFO  18:00:57,083 HaplotypeCaller - Standard Emitting and Calling confidence set to 0.0 for reference-model confidence output 
INFO  18:00:57,083 HaplotypeCaller - All sites annotated with PLs forced to true for reference-model confidence output 
INFO  18:00:57,304 HaplotypeCaller - Using global mismapping rate of 45 => -4.5 in log10 likelihood units 
Using AVX accelerated implementation of PairHMM
INFO  18:00:59,195 VectorLoglessPairHMM - libVectorLoglessPairHMM unpacked successfully from GATK jar file 
INFO  18:00:59,196 VectorLoglessPairHMM - Using vectorized implementation of PairHMM 
WARN  18:00:59,645 HaplotypeScore - Annotation will not be calculated, must be called from UnifiedGenotyper 
WARN  18:00:59,645 InbreedingCoeff - Annotation will not be calculated, must provide a valid PED file (-ped) from the command line. 
INFO  18:01:27,086 ProgressMeter -     16:30217195      7.8373246E7    30.0 s            0.0 s       19.9%     2.5 m     120.0 s 
INFO  18:01:57,088 ProgressMeter -     16:58521609      5.7982765E8    60.0 s            0.0 s       50.3%   119.0 s      59.0 s 
INFO  18:02:27,089 ProgressMeter -     16:74425911    1.386246404E9    90.0 s            0.0 s       78.6%   114.0 s      24.0 s 
INFO  18:02:48,309 VectorLoglessPairHMM - Time spent in setup for JNI call : 0.036954289 
INFO  18:02:48,309 PairHMM - Total compute time in PairHMM computeLikelihoods() : 13.075900886000001 
INFO  18:02:48,309 HaplotypeCaller - Ran local assembly on 9611 active regions 
INFO  18:02:48,314 ProgressMeter -            done    2.330878843E9   111.0 s            0.0 s      100.0%   111.0 s       0.0 s 
INFO  18:02:48,314 ProgressMeter - Total runtime 111.25 secs, 1.85 min, 0.03 hours 
INFO  18:02:48,314 MicroScheduler - 59515 reads were filtered out during the traversal out of approximately 486627 total reads (12.23%) 
INFO  18:02:48,314 MicroScheduler -   -> 0 reads (0.00% of total) failing BadCigarFilter 
INFO  18:02:48,315 MicroScheduler -   -> 15148 reads (3.11% of total) failing DuplicateReadFilter 
INFO  18:02:48,315 MicroScheduler -   -> 0 reads (0.00% of total) failing FailsVendorQualityCheckFilter 
INFO  18:02:48,315 MicroScheduler -   -> 44295 reads (9.10% of total) failing HCMappingQualityFilter 
INFO  18:02:48,315 MicroScheduler -   -> 0 reads (0.00% of total) failing MalformedReadFilter 
INFO  18:02:48,315 MicroScheduler -   -> 0 reads (0.00% of total) failing MappingQualityUnavailableFilter 
INFO  18:02:48,316 MicroScheduler -   -> 72 reads (0.01% of total) failing NotPrimaryAlignmentFilter 
INFO  18:02:48,316 MicroScheduler -   -> 0 reads (0.00% of total) failing UnmappedReadFilter 
