INFO  20:47:28,756 HelpFormatter - --------------------------------------------------------------------------------- 
INFO  20:47:28,758 HelpFormatter - The Genome Analysis Toolkit (GATK) v3.4-46-g8ea4dca, Compiled 2015/08/13 20:41:56 
INFO  20:47:28,758 HelpFormatter - Copyright (c) 2010 The Broad Institute 
INFO  20:47:28,758 HelpFormatter - For support and documentation go to http://www.broadinstitute.org/gatk 
INFO  20:47:28,762 HelpFormatter - Program Args: -T HaplotypeCaller -I /mnt/nvme0n1/data/broadout/HG02561_gatk_best_practices_8t_30s_2016-07-06_18-21-00/HG02561_final.bam -L /mnt/nvme0n1/Broad_Ref_Pipeline_approved_package/workflow_profiler/.queue/scatterGather/ExampleHaplotypeCaller-1-sg/temp_28_of_36/scatter.intervals -R /mnt/nvme0n1/Broad_Ref_Pipeline_approved_package/b37bundle/human_g1k_v37.fasta -variant_index_type LINEAR -variant_index_parameter 128000 -o /mnt/nvme0n1/Broad_Ref_Pipeline_approved_package/workflow_profiler/.queue/scatterGather/ExampleHaplotypeCaller-1-sg/temp_28_of_36/HG02561_HaplotypeCaller.g.vcf -ERC GVCF 
INFO  20:47:28,774 HelpFormatter - Executing as bshifaw@application-1-1.hudson.intel.com on Linux 3.10.0-327.el7.x86_64 amd64; OpenJDK 64-Bit Server VM 1.8.0_91-b14. 
INFO  20:47:28,774 HelpFormatter - Date/Time: 2016/07/06 20:47:28 
INFO  20:47:28,774 HelpFormatter - --------------------------------------------------------------------------------- 
INFO  20:47:28,774 HelpFormatter - --------------------------------------------------------------------------------- 
WARN  20:47:28,777 GATKVCFUtils - Naming your output file using the .g.vcf extension will automatically set the appropriate values  for --variant_index_type and --variant_index_parameter 
INFO  20:47:28,872 GenomeAnalysisEngine - Strictness is SILENT 
INFO  20:47:28,995 GenomeAnalysisEngine - Downsampling Settings: Method: BY_SAMPLE, Target Coverage: 500 
INFO  20:47:29,001 SAMDataSource$SAMReaders - Initializing SAMRecords in serial 
INFO  20:47:29,139 SAMDataSource$SAMReaders - Done initializing BAM readers: total time 0.14 
INFO  20:47:29,164 HCMappingQualityFilter - Filtering out reads with MAPQ < 20 
INFO  20:47:29,340 IntervalUtils - Processing 1437965 bp from intervals 
INFO  20:47:29,484 GenomeAnalysisEngine - Preparing for traversal over 1 BAM files 
INFO  20:47:29,747 GenomeAnalysisEngine - Done preparing for traversal 
INFO  20:47:29,748 ProgressMeter - [INITIALIZATION COMPLETE; STARTING PROCESSING] 
INFO  20:47:29,748 ProgressMeter -                 |      processed |    time |         per 1M |           |   total | remaining 
INFO  20:47:29,749 ProgressMeter -        Location | active regions | elapsed | active regions | completed | runtime |   runtime 
INFO  20:47:29,749 HaplotypeCaller - Standard Emitting and Calling confidence set to 0.0 for reference-model confidence output 
INFO  20:47:29,749 HaplotypeCaller - All sites annotated with PLs forced to true for reference-model confidence output 
INFO  20:47:29,882 HaplotypeCaller - Using global mismapping rate of 45 => -4.5 in log10 likelihood units 
Using AVX accelerated implementation of PairHMM
INFO  20:47:31,589 VectorLoglessPairHMM - libVectorLoglessPairHMM unpacked successfully from GATK jar file 
INFO  20:47:31,590 VectorLoglessPairHMM - Using vectorized implementation of PairHMM 
WARN  20:47:31,993 HaplotypeScore - Annotation will not be calculated, must be called from UnifiedGenotyper 
WARN  20:47:31,993 InbreedingCoeff - Annotation will not be calculated, must provide a valid PED file (-ped) from the command line. 
INFO  20:47:59,779 ProgressMeter -     16:47697536         678884.0    30.0 s           44.0 s        1.2%    41.0 m      40.5 m 
INFO  20:48:29,780 ProgressMeter -     16:48226379        1648633.0    60.0 s           36.0 s        2.0%    49.4 m      48.4 m 
INFO  20:48:59,781 ProgressMeter -     16:48595015        3041521.0    90.0 s           29.0 s        2.8%    52.7 m      51.2 m 
INFO  20:49:39,782 ProgressMeter -     16:50750446        8501482.0     2.2 m           15.0 s        5.1%    42.7 m      40.5 m 
INFO  20:50:09,783 ProgressMeter -     16:53859724      1.9799331E7     2.7 m            8.0 s        7.8%    34.0 m      31.4 m 
INFO  20:50:39,784 ProgressMeter -     16:56485730      3.4295744E7     3.2 m            5.0 s       10.1%    31.3 m      28.1 m 
INFO  20:51:09,785 ProgressMeter -     16:57155534      6.1891572E7     3.7 m            3.0 s       12.9%    28.4 m      24.7 m 
INFO  20:51:39,786 ProgressMeter -     16:58036331     1.00703931E8     4.2 m            2.0 s       16.6%    25.1 m      20.9 m 
INFO  20:52:09,790 ProgressMeter -     16:66977837     1.66105221E8     4.7 m            1.0 s       21.7%    21.5 m      16.8 m 
INFO  20:52:39,791 ProgressMeter -     16:67575681     2.10792917E8     5.2 m            1.0 s       26.3%    19.7 m      14.5 m 
INFO  20:53:09,792 ProgressMeter -     16:68100290     2.50395554E8     5.7 m            1.0 s       30.6%    18.5 m      12.8 m 
INFO  20:53:39,793 ProgressMeter -     16:69746951      3.3659048E8     6.2 m            1.0 s       35.2%    17.5 m      11.4 m 
INFO  20:54:09,794 ProgressMeter -     16:70515615     4.05178772E8     6.7 m            0.0 s       37.7%    17.7 m      11.0 m 
INFO  20:54:39,795 ProgressMeter -     16:71792245     5.25192022E8     7.2 m            0.0 s       42.4%    16.9 m       9.7 m 
INFO  20:55:09,797 ProgressMeter -     16:74542685     6.09968433E8     7.7 m            0.0 s       45.8%    16.8 m       9.1 m 
INFO  20:55:39,798 ProgressMeter -     16:80666864     7.55199983E8     8.2 m            0.0 s       50.3%    16.2 m       8.1 m 
INFO  20:56:09,799 ProgressMeter -     16:83992968     8.90857165E8     8.7 m            0.0 s       53.8%    16.1 m       7.4 m 
INFO  20:56:39,800 ProgressMeter -     16:84900451     9.93310228E8     9.2 m            0.0 s       56.7%    16.2 m       7.0 m 
INFO  20:57:09,801 ProgressMeter -     16:88781216    1.169348505E9     9.7 m            0.0 s       61.1%    15.8 m       6.1 m 
INFO  20:57:39,803 ProgressMeter -     16:89862478    1.325935772E9    10.2 m            0.0 s       65.4%    15.5 m       5.4 m 
INFO  20:58:09,804 ProgressMeter -      17:1494911    1.406786579E9    10.7 m            0.0 s       69.8%    15.3 m       4.6 m 
INFO  20:58:39,806 ProgressMeter -      17:2206875    1.413952703E9    11.2 m            0.0 s       73.1%    15.3 m       4.1 m 
INFO  20:59:09,807 ProgressMeter -      17:3577223    1.433632447E9    11.7 m            0.0 s       77.3%    15.1 m       3.4 m 
INFO  20:59:39,808 ProgressMeter -      17:4496172     1.46931502E9    12.2 m            0.0 s       81.6%    14.9 m       2.7 m 
INFO  21:00:09,810 ProgressMeter -      17:4862823    1.491284287E9    12.7 m            0.0 s       84.9%    14.9 m       2.3 m 
INFO  21:00:39,813 ProgressMeter -      17:6722460    1.561614358E9    13.2 m            0.0 s       90.3%    14.6 m      84.0 s 
INFO  21:01:09,815 ProgressMeter -      17:7388032    1.615268286E9    13.7 m            0.0 s       95.9%    14.3 m      35.0 s 
INFO  21:01:18,464 VectorLoglessPairHMM - Time spent in setup for JNI call : 0.543762218 
INFO  21:01:18,464 PairHMM - Total compute time in PairHMM computeLikelihoods() : 105.55810716600001 
INFO  21:01:18,464 HaplotypeCaller - Ran local assembly on 8776 active regions 
INFO  21:01:18,470 ProgressMeter -            done    1.664840325E9    13.8 m            0.0 s      100.0%    13.8 m       0.0 s 
INFO  21:01:18,471 ProgressMeter - Total runtime 828.72 secs, 13.81 min, 0.23 hours 
INFO  21:01:18,471 MicroScheduler - 476706 reads were filtered out during the traversal out of approximately 2632014 total reads (18.11%) 
INFO  21:01:18,472 MicroScheduler -   -> 0 reads (0.00% of total) failing BadCigarFilter 
INFO  21:01:18,472 MicroScheduler -   -> 401806 reads (15.27% of total) failing DuplicateReadFilter 
INFO  21:01:18,472 MicroScheduler -   -> 0 reads (0.00% of total) failing FailsVendorQualityCheckFilter 
INFO  21:01:18,473 MicroScheduler -   -> 74652 reads (2.84% of total) failing HCMappingQualityFilter 
INFO  21:01:18,473 MicroScheduler -   -> 0 reads (0.00% of total) failing MalformedReadFilter 
INFO  21:01:18,473 MicroScheduler -   -> 0 reads (0.00% of total) failing MappingQualityUnavailableFilter 
INFO  21:01:18,473 MicroScheduler -   -> 248 reads (0.01% of total) failing NotPrimaryAlignmentFilter 
INFO  21:01:18,474 MicroScheduler -   -> 0 reads (0.00% of total) failing UnmappedReadFilter 
