INFO  11:41:27,307 HelpFormatter - --------------------------------------------------------------------------------- 
INFO  11:41:27,309 HelpFormatter - The Genome Analysis Toolkit (GATK) v3.4-46-g8ea4dca, Compiled 2015/08/13 20:41:56 
INFO  11:41:27,309 HelpFormatter - Copyright (c) 2010 The Broad Institute 
INFO  11:41:27,310 HelpFormatter - For support and documentation go to http://www.broadinstitute.org/gatk 
INFO  11:41:27,328 HelpFormatter - Program Args: -T HaplotypeCaller -I /mnt/ssdbroad/output/sim1M_pairs_gatk_best_practices_36t_30s_2016-02-11_11-03-56/sim1M_pairs_final.bam -L /mnt/ssdbroad/Broad_Ref_Pipeline_approved_package/workflow_profiler/.queue/scatterGather/ExampleHaplotypeCaller-1-sg/temp_28_of_36/scatter.intervals -R /mnt/ssdbroad/Broad_Ref_Pipeline_approved_package/homosapiensrefgenome/Homo_sapiens_assembly19.fasta -variant_index_type LINEAR -variant_index_parameter 128000 -o /mnt/ssdbroad/Broad_Ref_Pipeline_approved_package/workflow_profiler/.queue/scatterGather/ExampleHaplotypeCaller-1-sg/temp_28_of_36/sim1M_pairs_HaplotypeCaller.g.vcf -ERC GVCF 
INFO  11:41:27,334 HelpFormatter - Executing as beris@dna on Linux 2.6.32-573.el6.x86_64 amd64; OpenJDK 64-Bit Server VM 1.7.0_79-mockbuild_2015_07_24_09_26-b00. 
INFO  11:41:27,334 HelpFormatter - Date/Time: 2016/02/11 11:41:27 
INFO  11:41:27,334 HelpFormatter - --------------------------------------------------------------------------------- 
INFO  11:41:27,334 HelpFormatter - --------------------------------------------------------------------------------- 
WARN  11:41:27,367 GATKVCFUtils - Naming your output file using the .g.vcf extension will automatically set the appropriate values  for --variant_index_type and --variant_index_parameter 
INFO  11:41:27,477 GenomeAnalysisEngine - Strictness is SILENT 
INFO  11:41:27,592 GenomeAnalysisEngine - Downsampling Settings: Method: BY_SAMPLE, Target Coverage: 500 
INFO  11:41:27,599 SAMDataSource$SAMReaders - Initializing SAMRecords in serial 
INFO  11:41:27,634 SAMDataSource$SAMReaders - Done initializing BAM readers: total time 0.03 
INFO  11:41:27,641 HCMappingQualityFilter - Filtering out reads with MAPQ < 20 
INFO  11:41:27,651 IntervalUtils - Processing 86166015 bp from intervals 
INFO  11:41:27,732 GenomeAnalysisEngine - Preparing for traversal over 1 BAM files 
INFO  11:41:28,173 GenomeAnalysisEngine - Done preparing for traversal 
INFO  11:41:28,174 ProgressMeter - [INITIALIZATION COMPLETE; STARTING PROCESSING] 
INFO  11:41:28,174 ProgressMeter -                 |      processed |    time |         per 1M |           |   total | remaining 
INFO  11:41:28,175 ProgressMeter -        Location | active regions | elapsed | active regions | completed | runtime |   runtime 
INFO  11:41:28,183 HaplotypeCaller - Standard Emitting and Calling confidence set to 0.0 for reference-model confidence output 
INFO  11:41:28,183 HaplotypeCaller - All sites annotated with PLs forced to true for reference-model confidence output 
INFO  11:41:28,423 HaplotypeCaller - Using global mismapping rate of 45 => -4.5 in log10 likelihood units 
Using AVX accelerated implementation of PairHMM
INFO  11:41:39,171 VectorLoglessPairHMM - libVectorLoglessPairHMM unpacked successfully from GATK jar file 
INFO  11:41:39,171 VectorLoglessPairHMM - Using vectorized implementation of PairHMM 
WARN  11:41:39,304 HaplotypeScore - Annotation will not be calculated, must be called from UnifiedGenotyper 
WARN  11:41:39,304 InbreedingCoeff - Annotation will not be calculated, must provide a valid PED file (-ped) from the command line. 
INFO  11:41:58,190 ProgressMeter -     15:24960780              0.0    30.0 s           49.6 w        6.7%     7.5 m       7.0 m 
INFO  11:42:28,196 ProgressMeter -     15:33521753              0.0    60.0 s           99.2 w       16.6%     6.0 m       5.0 m 
INFO  11:42:58,197 ProgressMeter -     15:41859595              0.0    90.0 s          148.8 w       26.3%     5.7 m       4.2 m 
INFO  11:43:28,198 ProgressMeter -     15:50482708              0.0   120.0 s          198.5 w       36.3%     5.5 m       3.5 m 
INFO  11:43:58,199 ProgressMeter -     15:58577314              0.0     2.5 m          248.1 w       45.7%     5.5 m       3.0 m 
INFO  11:44:28,200 ProgressMeter -     15:66729015              0.0     3.0 m          297.7 w       55.2%     5.4 m       2.4 m 
INFO  11:44:58,201 ProgressMeter -     15:74784327              0.0     3.5 m          347.3 w       64.5%     5.4 m     115.0 s 
INFO  11:45:28,202 ProgressMeter -     15:83006551              0.0     4.0 m          396.9 w       74.1%     5.4 m      84.0 s 
INFO  11:45:58,203 ProgressMeter -     15:91298334              0.0     4.5 m          446.5 w       83.7%     5.4 m      52.0 s 
INFO  11:46:38,204 ProgressMeter -       16:177044      8.3334706E7     5.2 m            3.0 s       96.9%     5.3 m       9.0 s 
INFO  11:46:46,576 VectorLoglessPairHMM - Time spent in setup for JNI call : 0.00387039 
INFO  11:46:46,576 PairHMM - Total compute time in PairHMM computeLikelihoods() : 0.06654431100000001 
INFO  11:46:46,576 HaplotypeCaller - Ran local assembly on 293467 active regions 
INFO  11:46:46,582 ProgressMeter -            done      8.6166015E7     5.3 m            3.0 s      100.0%     5.3 m       0.0 s 
INFO  11:46:46,582 ProgressMeter - Total runtime 318.41 secs, 5.31 min, 0.09 hours 
INFO  11:46:46,583 MicroScheduler - 2319 reads were filtered out during the traversal out of approximately 54278 total reads (4.27%) 
INFO  11:46:46,583 MicroScheduler -   -> 0 reads (0.00% of total) failing BadCigarFilter 
INFO  11:46:46,583 MicroScheduler -   -> 0 reads (0.00% of total) failing DuplicateReadFilter 
INFO  11:46:46,583 MicroScheduler -   -> 0 reads (0.00% of total) failing FailsVendorQualityCheckFilter 
INFO  11:46:46,583 MicroScheduler -   -> 2314 reads (4.26% of total) failing HCMappingQualityFilter 
INFO  11:46:46,584 MicroScheduler -   -> 0 reads (0.00% of total) failing MalformedReadFilter 
INFO  11:46:46,584 MicroScheduler -   -> 0 reads (0.00% of total) failing MappingQualityUnavailableFilter 
INFO  11:46:46,584 MicroScheduler -   -> 5 reads (0.01% of total) failing NotPrimaryAlignmentFilter 
INFO  11:46:46,584 MicroScheduler -   -> 0 reads (0.00% of total) failing UnmappedReadFilter 
