INFO  11:29:12,117 HelpFormatter - --------------------------------------------------------------------------------- 
INFO  11:29:12,119 HelpFormatter - The Genome Analysis Toolkit (GATK) v3.4-46-g8ea4dca, Compiled 2015/08/13 20:41:56 
INFO  11:29:12,120 HelpFormatter - Copyright (c) 2010 The Broad Institute 
INFO  11:29:12,120 HelpFormatter - For support and documentation go to http://www.broadinstitute.org/gatk 
INFO  11:29:12,123 HelpFormatter - Program Args: -T BaseRecalibrator -I /mnt/ssdbroad/output/sim1M_pairs_gatk_best_practices_36t_30s_2016-02-11_11-03-56/sim1M_pairs_realign.bam -L /mnt/ssdbroad/Broad_Ref_Pipeline_approved_package/workflow_profiler/.queue/scatterGather/ExampleBaseRecalibrator-1-sg/temp_13_of_36/scatter.intervals -R /mnt/ssdbroad/Broad_Ref_Pipeline_approved_package/homosapiensrefgenome/Homo_sapiens_assembly19.fasta -knownSites /mnt/ssdbroad/Broad_Ref_Pipeline_approved_package/homosapiensrefgenome/Homo_sapiens_assembly19.dbsnp.vcf -o /mnt/ssdbroad/Broad_Ref_Pipeline_approved_package/workflow_profiler/.queue/scatterGather/ExampleBaseRecalibrator-1-sg/temp_13_of_36/sim1M_pairs_recal.grp 
INFO  11:29:12,148 HelpFormatter - Executing as beris@dna on Linux 2.6.32-573.el6.x86_64 amd64; OpenJDK 64-Bit Server VM 1.7.0_79-mockbuild_2015_07_24_09_26-b00. 
INFO  11:29:12,148 HelpFormatter - Date/Time: 2016/02/11 11:29:12 
INFO  11:29:12,148 HelpFormatter - --------------------------------------------------------------------------------- 
INFO  11:29:12,149 HelpFormatter - --------------------------------------------------------------------------------- 
INFO  11:29:12,239 GenomeAnalysisEngine - Strictness is SILENT 
INFO  11:29:12,380 GenomeAnalysisEngine - Downsampling Settings: No downsampling 
INFO  11:29:12,405 SAMDataSource$SAMReaders - Initializing SAMRecords in serial 
INFO  11:29:12,467 SAMDataSource$SAMReaders - Done initializing BAM readers: total time 0.06 
WARN  11:33:09,547 RMDTrackBuilder - Unable to write to /mnt/ssdbroad/Broad_Ref_Pipeline_approved_package/homosapiensrefgenome/Homo_sapiens_assembly19.dbsnp.vcf.idx for the index file, creating index in memory only 
INFO  11:33:09,595 IntervalUtils - Processing 115169878 bp from intervals 
INFO  11:33:09,751 GenomeAnalysisEngine - Preparing for traversal over 1 BAM files 
INFO  11:33:10,379 GenomeAnalysisEngine - Done preparing for traversal 
INFO  11:33:10,379 ProgressMeter - [INITIALIZATION COMPLETE; STARTING PROCESSING] 
INFO  11:33:10,380 ProgressMeter -                 | processed |    time |    per 1M |           |   total | remaining 
INFO  11:33:10,380 ProgressMeter -        Location |     reads | elapsed |     reads | completed | runtime |   runtime 
INFO  11:33:11,075 BaseRecalibrator - The covariates being used here:  
INFO  11:33:11,076 BaseRecalibrator - 	ReadGroupCovariate 
INFO  11:33:11,076 BaseRecalibrator - 	QualityScoreCovariate 
INFO  11:33:11,076 BaseRecalibrator - 	ContextCovariate 
INFO  11:33:11,077 ContextCovariate - 		Context sizes: base substitution model 2, indel substitution model 3 
INFO  11:33:11,077 BaseRecalibrator - 	CycleCovariate 
INFO  11:33:11,079 ReadShardBalancer$1 - Loading BAM index data 
INFO  11:33:11,557 ReadShardBalancer$1 - Done loading BAM index data 
INFO  11:33:35,601 BaseRecalibrator - Calculating quantized quality scores... 
INFO  11:33:35,658 BaseRecalibrator - Writing recalibration report... 
INFO  11:33:36,814 BaseRecalibrator - ...done! 
INFO  11:33:36,814 BaseRecalibrator - BaseRecalibrator was able to recalibrate 61141 reads 
INFO  11:33:36,816 ProgressMeter -            done     61141.0    26.0 s       7.2 m       99.9%    26.0 s       0.0 s 
INFO  11:33:36,816 ProgressMeter - Total runtime 26.44 secs, 0.44 min, 0.01 hours 
INFO  11:33:36,816 MicroScheduler - 394 reads were filtered out during the traversal out of approximately 61535 total reads (0.64%) 
INFO  11:33:36,817 MicroScheduler -   -> 0 reads (0.00% of total) failing BadCigarFilter 
INFO  11:33:36,817 MicroScheduler -   -> 0 reads (0.00% of total) failing DuplicateReadFilter 
INFO  11:33:36,817 MicroScheduler -   -> 0 reads (0.00% of total) failing FailsVendorQualityCheckFilter 
INFO  11:33:36,817 MicroScheduler -   -> 0 reads (0.00% of total) failing MalformedReadFilter 
INFO  11:33:36,817 MicroScheduler -   -> 0 reads (0.00% of total) failing MappingQualityUnavailableFilter 
INFO  11:33:36,818 MicroScheduler -   -> 389 reads (0.63% of total) failing MappingQualityZeroFilter 
INFO  11:33:36,818 MicroScheduler -   -> 5 reads (0.01% of total) failing NotPrimaryAlignmentFilter 
INFO  11:33:36,818 MicroScheduler -   -> 0 reads (0.00% of total) failing UnmappedReadFilter 
