INFO  17:41:18,069 HelpFormatter - --------------------------------------------------------------------------------- 
INFO  17:41:18,071 HelpFormatter - The Genome Analysis Toolkit (GATK) v3.4-46-g8ea4dca, Compiled 2015/08/13 20:41:56 
INFO  17:41:18,071 HelpFormatter - Copyright (c) 2010 The Broad Institute 
INFO  17:41:18,072 HelpFormatter - For support and documentation go to http://www.broadinstitute.org/gatk 
INFO  17:41:18,075 HelpFormatter - Program Args: -T PrintReads -I /home/opt/data/broadout/FC1-NA12878-01_S1_L001_gatk_best_practices_36t_30s_2015-11-10_16-39-49/FC1-NA12878-01_S1_L001_realign.bam -L /home/beris/Broad_Ref_Pipeline_approved_package/workflow_profiler/.queue/scatterGather/ExamplePrintReads-1-sg/temp_25_of_36/scatter.intervals -R /home/beris/Broad_Ref_Pipeline_approved_package/homosapiensrefgenome/Homo_sapiens_assembly19.fasta -BQSR /home/opt/data/broadout/FC1-NA12878-01_S1_L001_gatk_best_practices_36t_30s_2015-11-10_16-39-49/FC1-NA12878-01_S1_L001_recal.grp -o /home/beris/Broad_Ref_Pipeline_approved_package/workflow_profiler/.queue/scatterGather/ExamplePrintReads-1-sg/temp_25_of_36/FC1-NA12878-01_S1_L001_final.bam 
INFO  17:41:18,088 HelpFormatter - Executing as beris@dna on Linux 2.6.32-573.el6.x86_64 amd64; OpenJDK 64-Bit Server VM 1.7.0_79-mockbuild_2015_07_24_09_26-b00. 
INFO  17:41:18,088 HelpFormatter - Date/Time: 2015/11/10 17:41:18 
INFO  17:41:18,088 HelpFormatter - --------------------------------------------------------------------------------- 
INFO  17:41:18,088 HelpFormatter - --------------------------------------------------------------------------------- 
INFO  17:41:18,243 GenomeAnalysisEngine - Strictness is SILENT 
INFO  17:41:19,432 ContextCovariate - 		Context sizes: base substitution model 2, indel substitution model 3 
INFO  17:41:19,465 GenomeAnalysisEngine - Downsampling Settings: No downsampling 
INFO  17:41:19,482 SAMDataSource$SAMReaders - Initializing SAMRecords in serial 
INFO  17:41:19,536 SAMDataSource$SAMReaders - Done initializing BAM readers: total time 0.05 
INFO  17:41:19,553 IntervalUtils - Processing 16569 bp from intervals 
INFO  17:41:19,626 GenomeAnalysisEngine - Preparing for traversal over 1 BAM files 
INFO  17:41:19,720 GenomeAnalysisEngine - Done preparing for traversal 
INFO  17:41:19,721 ProgressMeter - [INITIALIZATION COMPLETE; STARTING PROCESSING] 
INFO  17:41:19,721 ProgressMeter -                 | processed |    time |    per 1M |           |   total | remaining 
INFO  17:41:19,722 ProgressMeter -        Location |     reads | elapsed |     reads | completed | runtime |   runtime 
INFO  17:41:19,733 ReadShardBalancer$1 - Loading BAM index data 
INFO  17:41:19,734 ReadShardBalancer$1 - Done loading BAM index data 
INFO  17:41:25,208 Walker - [REDUCE RESULT] Traversal result is: org.broadinstitute.gatk.engine.io.stubs.SAMFileWriterStub@4bf1ec5 
INFO  17:41:25,227 ProgressMeter -            done     29114.0     5.0 s       3.2 m      100.0%     5.0 s       0.0 s 
INFO  17:41:25,228 ProgressMeter - Total runtime 5.51 secs, 0.09 min, 0.00 hours 
INFO  17:41:25,228 MicroScheduler - 0 reads were filtered out during the traversal out of approximately 29114 total reads (0.00%) 
INFO  17:41:25,228 MicroScheduler -   -> 0 reads (0.00% of total) failing BadCigarFilter 
INFO  17:41:25,228 MicroScheduler -   -> 0 reads (0.00% of total) failing MalformedReadFilter 
