INFO  20:07:55,165 HelpFormatter - --------------------------------------------------------------------------------- 
INFO  20:07:55,182 HelpFormatter - The Genome Analysis Toolkit (GATK) v3.4-46-g8ea4dca, Compiled 2015/08/13 20:41:56 
INFO  20:07:55,182 HelpFormatter - Copyright (c) 2010 The Broad Institute 
INFO  20:07:55,187 HelpFormatter - For support and documentation go to http://www.broadinstitute.org/gatk 
INFO  20:07:55,192 HelpFormatter - Program Args: -T PrintReads -I /mnt/nvme0n1/data/broadout/HG02771_gatk_best_practices_8t_30s_2016-07-06_18-21-02/HG02771_realign.bam -L /mnt/nvme0n1/Broad_Ref_Pipeline_approved_package/workflow_profiler/.queue/scatterGather/ExamplePrintReads-1-sg/temp_25_of_36/scatter.intervals -R /mnt/nvme0n1/Broad_Ref_Pipeline_approved_package/b37bundle/human_g1k_v37.fasta -BQSR /mnt/nvme0n1/data/broadout/HG02771_gatk_best_practices_8t_30s_2016-07-06_18-21-02/HG02771_recal.grp -o /mnt/nvme0n1/Broad_Ref_Pipeline_approved_package/workflow_profiler/.queue/scatterGather/ExamplePrintReads-1-sg/temp_25_of_36/HG02771_final.bam 
INFO  20:07:55,219 HelpFormatter - Executing as bshifaw@application-1-1.hudson.intel.com on Linux 3.10.0-327.el7.x86_64 amd64; OpenJDK 64-Bit Server VM 1.8.0_91-b14. 
INFO  20:07:55,220 HelpFormatter - Date/Time: 2016/07/06 20:07:55 
INFO  20:07:55,221 HelpFormatter - --------------------------------------------------------------------------------- 
INFO  20:07:55,221 HelpFormatter - --------------------------------------------------------------------------------- 
INFO  20:07:55,656 GenomeAnalysisEngine - Strictness is SILENT 
INFO  20:08:00,324 ContextCovariate - 		Context sizes: base substitution model 2, indel substitution model 3 
INFO  20:08:00,574 GenomeAnalysisEngine - Downsampling Settings: No downsampling 
INFO  20:08:00,702 SAMDataSource$SAMReaders - Initializing SAMRecords in serial 
INFO  20:08:00,924 SAMDataSource$SAMReaders - Done initializing BAM readers: total time 0.22 
INFO  20:08:01,004 IntervalUtils - Processing 16569 bp from intervals 
INFO  20:08:01,383 GenomeAnalysisEngine - Preparing for traversal over 1 BAM files 
INFO  20:08:01,741 GenomeAnalysisEngine - Done preparing for traversal 
INFO  20:08:01,742 ProgressMeter - [INITIALIZATION COMPLETE; STARTING PROCESSING] 
INFO  20:08:01,742 ProgressMeter -                 | processed |    time |    per 1M |           |   total | remaining 
INFO  20:08:01,756 ProgressMeter -        Location |     reads | elapsed |     reads | completed | runtime |   runtime 
INFO  20:08:01,794 ReadShardBalancer$1 - Loading BAM index data 
INFO  20:08:01,803 ReadShardBalancer$1 - Done loading BAM index data 
INFO  20:08:06,057 Walker - [REDUCE RESULT] Traversal result is: org.broadinstitute.gatk.engine.io.stubs.SAMFileWriterStub@5b58129f 
INFO  20:08:06,146 ProgressMeter -            done       921.0     4.0 s      79.4 m       90.0%     4.0 s       0.0 s 
INFO  20:08:06,151 ProgressMeter - Total runtime 4.41 secs, 0.07 min, 0.00 hours 
INFO  20:08:06,156 MicroScheduler - 0 reads were filtered out during the traversal out of approximately 921 total reads (0.00%) 
INFO  20:08:06,157 MicroScheduler -   -> 0 reads (0.00% of total) failing BadCigarFilter 
INFO  20:08:06,158 MicroScheduler -   -> 0 reads (0.00% of total) failing MalformedReadFilter 
