INFO  11:41:26,820 HelpFormatter - --------------------------------------------------------------------------------- 
INFO  11:41:26,822 HelpFormatter - The Genome Analysis Toolkit (GATK) v3.4-46-g8ea4dca, Compiled 2015/08/13 20:41:56 
INFO  11:41:26,822 HelpFormatter - Copyright (c) 2010 The Broad Institute 
INFO  11:41:26,822 HelpFormatter - For support and documentation go to http://www.broadinstitute.org/gatk 
INFO  11:41:26,825 HelpFormatter - Program Args: -T HaplotypeCaller -I /mnt/ssdbroad/output/sim1M_pairs_gatk_best_practices_36t_30s_2016-02-11_11-03-56/sim1M_pairs_final.bam -L /mnt/ssdbroad/Broad_Ref_Pipeline_approved_package/workflow_profiler/.queue/scatterGather/ExampleHaplotypeCaller-1-sg/temp_05_of_36/scatter.intervals -R /mnt/ssdbroad/Broad_Ref_Pipeline_approved_package/homosapiensrefgenome/Homo_sapiens_assembly19.fasta -variant_index_type LINEAR -variant_index_parameter 128000 -o /mnt/ssdbroad/Broad_Ref_Pipeline_approved_package/workflow_profiler/.queue/scatterGather/ExampleHaplotypeCaller-1-sg/temp_05_of_36/sim1M_pairs_HaplotypeCaller.g.vcf -ERC GVCF 
INFO  11:41:26,848 HelpFormatter - Executing as beris@dna on Linux 2.6.32-573.el6.x86_64 amd64; OpenJDK 64-Bit Server VM 1.7.0_79-mockbuild_2015_07_24_09_26-b00. 
INFO  11:41:26,849 HelpFormatter - Date/Time: 2016/02/11 11:41:26 
INFO  11:41:26,849 HelpFormatter - --------------------------------------------------------------------------------- 
INFO  11:41:26,849 HelpFormatter - --------------------------------------------------------------------------------- 
WARN  11:41:26,871 GATKVCFUtils - Naming your output file using the .g.vcf extension will automatically set the appropriate values  for --variant_index_type and --variant_index_parameter 
INFO  11:41:26,978 GenomeAnalysisEngine - Strictness is SILENT 
INFO  11:41:27,093 GenomeAnalysisEngine - Downsampling Settings: Method: BY_SAMPLE, Target Coverage: 500 
INFO  11:41:27,100 SAMDataSource$SAMReaders - Initializing SAMRecords in serial 
INFO  11:41:27,156 SAMDataSource$SAMReaders - Done initializing BAM readers: total time 0.06 
INFO  11:41:27,162 HCMappingQualityFilter - Filtering out reads with MAPQ < 20 
INFO  11:41:27,173 IntervalUtils - Processing 86166015 bp from intervals 
INFO  11:41:27,253 GenomeAnalysisEngine - Preparing for traversal over 1 BAM files 
INFO  11:41:27,645 GenomeAnalysisEngine - Done preparing for traversal 
INFO  11:41:27,646 ProgressMeter - [INITIALIZATION COMPLETE; STARTING PROCESSING] 
INFO  11:41:27,646 ProgressMeter -                 |      processed |    time |         per 1M |           |   total | remaining 
INFO  11:41:27,646 ProgressMeter -        Location | active regions | elapsed | active regions | completed | runtime |   runtime 
INFO  11:41:27,647 HaplotypeCaller - Standard Emitting and Calling confidence set to 0.0 for reference-model confidence output 
INFO  11:41:27,647 HaplotypeCaller - All sites annotated with PLs forced to true for reference-model confidence output 
INFO  11:41:27,837 HaplotypeCaller - Using global mismapping rate of 45 => -4.5 in log10 likelihood units 
Using AVX accelerated implementation of PairHMM
INFO  11:41:35,357 VectorLoglessPairHMM - libVectorLoglessPairHMM unpacked successfully from GATK jar file 
INFO  11:41:35,358 VectorLoglessPairHMM - Using vectorized implementation of PairHMM 
WARN  11:41:35,468 HaplotypeScore - Annotation will not be calculated, must be called from UnifiedGenotyper 
WARN  11:41:35,468 InbreedingCoeff - Annotation will not be calculated, must provide a valid PED file (-ped) from the command line. 
INFO  11:41:57,675 ProgressMeter -     2:100104448              0.0    30.0 s           49.6 w        5.4%     9.2 m       8.7 m 
INFO  11:42:27,676 ProgressMeter -     2:108221200              0.0    60.0 s           99.3 w       14.9%     6.7 m       5.7 m 
INFO  11:42:57,677 ProgressMeter -     2:117044019              0.0    90.0 s          148.9 w       25.1%     6.0 m       4.5 m 
INFO  11:43:27,678 ProgressMeter -     2:125248496              0.0   120.0 s          198.5 w       34.6%     5.8 m       3.8 m 
INFO  11:43:57,680 ProgressMeter -     2:133182134              0.0     2.5 m          248.1 w       43.8%     5.7 m       3.2 m 
INFO  11:44:27,681 ProgressMeter -     2:141367631              0.0     3.0 m          297.7 w       53.3%     5.6 m       2.6 m 
INFO  11:44:57,682 ProgressMeter -     2:149458568              0.0     3.5 m          347.3 w       62.7%     5.6 m       2.1 m 
INFO  11:45:27,683 ProgressMeter -     2:157430750              0.0     4.0 m          396.9 w       72.0%     5.6 m      93.0 s 
INFO  11:45:57,684 ProgressMeter -     2:165271023              0.0     4.5 m          446.5 w       81.1%     5.6 m      63.0 s 
INFO  11:46:27,685 ProgressMeter -     2:173470048              0.0     5.0 m          496.1 w       90.6%     5.5 m      31.0 s 
INFO  11:46:54,308 VectorLoglessPairHMM - Time spent in setup for JNI call : 0.004194313 
INFO  11:46:54,308 PairHMM - Total compute time in PairHMM computeLikelihoods() : 0.057559034 
INFO  11:46:54,309 HaplotypeCaller - Ran local assembly on 293752 active regions 
INFO  11:46:54,315 ProgressMeter -            done      8.6166015E7     5.4 m            3.0 s      100.0%     5.4 m       0.0 s 
INFO  11:46:54,315 ProgressMeter - Total runtime 326.67 secs, 5.44 min, 0.09 hours 
INFO  11:46:54,315 MicroScheduler - 1582 reads were filtered out during the traversal out of approximately 55335 total reads (2.86%) 
INFO  11:46:54,316 MicroScheduler -   -> 0 reads (0.00% of total) failing BadCigarFilter 
INFO  11:46:54,316 MicroScheduler -   -> 0 reads (0.00% of total) failing DuplicateReadFilter 
INFO  11:46:54,316 MicroScheduler -   -> 0 reads (0.00% of total) failing FailsVendorQualityCheckFilter 
INFO  11:46:54,316 MicroScheduler -   -> 1577 reads (2.85% of total) failing HCMappingQualityFilter 
INFO  11:46:54,316 MicroScheduler -   -> 0 reads (0.00% of total) failing MalformedReadFilter 
INFO  11:46:54,317 MicroScheduler -   -> 0 reads (0.00% of total) failing MappingQualityUnavailableFilter 
INFO  11:46:54,317 MicroScheduler -   -> 5 reads (0.01% of total) failing NotPrimaryAlignmentFilter 
INFO  11:46:54,317 MicroScheduler -   -> 0 reads (0.00% of total) failing UnmappedReadFilter 
