INFO  18:00:55,158 HelpFormatter - --------------------------------------------------------------------------------- 
INFO  18:00:55,165 HelpFormatter - The Genome Analysis Toolkit (GATK) v3.4-46-g8ea4dca, Compiled 2015/08/13 20:41:56 
INFO  18:00:55,165 HelpFormatter - Copyright (c) 2010 The Broad Institute 
INFO  18:00:55,166 HelpFormatter - For support and documentation go to http://www.broadinstitute.org/gatk 
INFO  18:00:55,169 HelpFormatter - Program Args: -T HaplotypeCaller -I /home/opt/data/broadout/FC1-NA12878-01_S1_L001_gatk_best_practices_36t_30s_2015-11-10_16-39-49/FC1-NA12878-01_S1_L001_realign.bam -L /home/beris/Broad_Ref_Pipeline_approved_package/workflow_profiler/.queue/scatterGather/ExampleHaplotypeCaller-1-sg/temp_02_of_36/scatter.intervals -R /home/beris/Broad_Ref_Pipeline_approved_package/homosapiensrefgenome/Homo_sapiens_assembly19.fasta -variant_index_type LINEAR -variant_index_parameter 128000 -o /home/beris/Broad_Ref_Pipeline_approved_package/workflow_profiler/.queue/scatterGather/ExampleHaplotypeCaller-1-sg/temp_02_of_36/FC1-NA12878-01_S1_L001_realign.bam_HaplotypeCaller.g.vcf -ERC GVCF 
INFO  18:00:55,186 HelpFormatter - Executing as beris@dna on Linux 2.6.32-573.el6.x86_64 amd64; OpenJDK 64-Bit Server VM 1.7.0_79-mockbuild_2015_07_24_09_26-b00. 
INFO  18:00:55,193 HelpFormatter - Date/Time: 2015/11/10 18:00:55 
INFO  18:00:55,194 HelpFormatter - --------------------------------------------------------------------------------- 
INFO  18:00:55,194 HelpFormatter - --------------------------------------------------------------------------------- 
WARN  18:00:55,258 GATKVCFUtils - Naming your output file using the .g.vcf extension will automatically set the appropriate values  for --variant_index_type and --variant_index_parameter 
INFO  18:00:55,456 GenomeAnalysisEngine - Strictness is SILENT 
INFO  18:00:55,612 GenomeAnalysisEngine - Downsampling Settings: Method: BY_SAMPLE, Target Coverage: 500 
INFO  18:00:55,619 SAMDataSource$SAMReaders - Initializing SAMRecords in serial 
INFO  18:00:55,668 SAMDataSource$SAMReaders - Done initializing BAM readers: total time 0.05 
INFO  18:00:55,674 HCMappingQualityFilter - Filtering out reads with MAPQ < 20 
INFO  18:00:55,888 IntervalUtils - Processing 1017715 bp from intervals 
INFO  18:00:56,012 GenomeAnalysisEngine - Preparing for traversal over 1 BAM files 
INFO  18:00:56,452 GenomeAnalysisEngine - Done preparing for traversal 
INFO  18:00:56,454 ProgressMeter - [INITIALIZATION COMPLETE; STARTING PROCESSING] 
INFO  18:00:56,454 ProgressMeter -                 |      processed |    time |         per 1M |           |   total | remaining 
INFO  18:00:56,455 ProgressMeter -        Location | active regions | elapsed | active regions | completed | runtime |   runtime 
INFO  18:00:56,455 HaplotypeCaller - Standard Emitting and Calling confidence set to 0.0 for reference-model confidence output 
INFO  18:00:56,455 HaplotypeCaller - All sites annotated with PLs forced to true for reference-model confidence output 
INFO  18:00:56,649 HaplotypeCaller - Using global mismapping rate of 45 => -4.5 in log10 likelihood units 
Using AVX accelerated implementation of PairHMM
INFO  18:00:59,734 VectorLoglessPairHMM - libVectorLoglessPairHMM unpacked successfully from GATK jar file 
INFO  18:00:59,745 VectorLoglessPairHMM - Using vectorized implementation of PairHMM 
WARN  18:00:59,941 HaplotypeScore - Annotation will not be calculated, must be called from UnifiedGenotyper 
WARN  18:00:59,945 InbreedingCoeff - Annotation will not be calculated, must provide a valid PED file (-ped) from the command line. 
INFO  18:01:26,486 ProgressMeter -      1:45798997      5.2599659E7    30.0 s            0.0 s       17.5%     2.9 m       2.4 m 
INFO  18:01:56,489 ProgressMeter -      1:77620070     7.79645244E8    60.0 s            0.0 s       54.7%   109.0 s      49.0 s 
INFO  18:02:26,491 ProgressMeter -     1:110203735    1.955479751E9    90.0 s            0.0 s       87.0%   103.0 s      13.0 s 
INFO  18:02:37,035 VectorLoglessPairHMM - Time spent in setup for JNI call : 0.031172738000000002 
INFO  18:02:37,035 PairHMM - Total compute time in PairHMM computeLikelihoods() : 3.435389256 
INFO  18:02:37,036 HaplotypeCaller - Ran local assembly on 9617 active regions 
INFO  18:02:37,043 ProgressMeter -            done    2.606230101E9   100.0 s            0.0 s      100.0%   100.0 s       0.0 s 
INFO  18:02:37,043 ProgressMeter - Total runtime 100.59 secs, 1.68 min, 0.03 hours 
INFO  18:02:37,043 MicroScheduler - 23113 reads were filtered out during the traversal out of approximately 511504 total reads (4.52%) 
INFO  18:02:37,044 MicroScheduler -   -> 0 reads (0.00% of total) failing BadCigarFilter 
INFO  18:02:37,044 MicroScheduler -   -> 18241 reads (3.57% of total) failing DuplicateReadFilter 
INFO  18:02:37,044 MicroScheduler -   -> 0 reads (0.00% of total) failing FailsVendorQualityCheckFilter 
INFO  18:02:37,044 MicroScheduler -   -> 4816 reads (0.94% of total) failing HCMappingQualityFilter 
INFO  18:02:37,044 MicroScheduler -   -> 0 reads (0.00% of total) failing MalformedReadFilter 
INFO  18:02:37,045 MicroScheduler -   -> 0 reads (0.00% of total) failing MappingQualityUnavailableFilter 
INFO  18:02:37,045 MicroScheduler -   -> 56 reads (0.01% of total) failing NotPrimaryAlignmentFilter 
INFO  18:02:37,045 MicroScheduler -   -> 0 reads (0.00% of total) failing UnmappedReadFilter 
