INFO  17:35:10,172 HelpFormatter - --------------------------------------------------------------------------------- 
INFO  17:35:10,174 HelpFormatter - The Genome Analysis Toolkit (GATK) v3.4-46-g8ea4dca, Compiled 2015/08/13 20:41:56 
INFO  17:35:10,174 HelpFormatter - Copyright (c) 2010 The Broad Institute 
INFO  17:35:10,174 HelpFormatter - For support and documentation go to http://www.broadinstitute.org/gatk 
INFO  17:35:10,177 HelpFormatter - Program Args: -T BaseRecalibrator -I /home/opt/data/broadout/FC1-NA12878-01_S1_L001_gatk_best_practices_36t_30s_2015-11-10_16-39-49/FC1-NA12878-01_S1_L001_realign.bam -L /home/beris/Broad_Ref_Pipeline_approved_package/workflow_profiler/.queue/scatterGather/ExampleBaseRecalibrator-1-sg/temp_20_of_24/scatter.intervals -R /home/beris/Broad_Ref_Pipeline_approved_package/homosapiensrefgenome/Homo_sapiens_assembly19.fasta -knownSites /home/beris/Broad_Ref_Pipeline_approved_package/homosapiensrefgenome/Homo_sapiens_assembly19.dbsnp.vcf -o /home/beris/Broad_Ref_Pipeline_approved_package/workflow_profiler/.queue/scatterGather/ExampleBaseRecalibrator-1-sg/temp_20_of_24/FC1-NA12878-01_S1_L001_recal.grp 
INFO  17:35:10,188 HelpFormatter - Executing as beris@dna on Linux 2.6.32-573.el6.x86_64 amd64; OpenJDK 64-Bit Server VM 1.7.0_79-mockbuild_2015_07_24_09_26-b00. 
INFO  17:35:10,188 HelpFormatter - Date/Time: 2015/11/10 17:35:10 
INFO  17:35:10,188 HelpFormatter - --------------------------------------------------------------------------------- 
INFO  17:35:10,188 HelpFormatter - --------------------------------------------------------------------------------- 
INFO  17:35:10,252 GenomeAnalysisEngine - Strictness is SILENT 
INFO  17:35:10,341 GenomeAnalysisEngine - Downsampling Settings: No downsampling 
INFO  17:35:10,350 SAMDataSource$SAMReaders - Initializing SAMRecords in serial 
INFO  17:35:10,383 SAMDataSource$SAMReaders - Done initializing BAM readers: total time 0.03 
INFO  17:35:10,730 IntervalUtils - Processing 910967 bp from intervals 
INFO  17:35:10,812 GenomeAnalysisEngine - Preparing for traversal over 1 BAM files 
INFO  17:35:11,095 GenomeAnalysisEngine - Done preparing for traversal 
INFO  17:35:11,096 ProgressMeter - [INITIALIZATION COMPLETE; STARTING PROCESSING] 
INFO  17:35:11,096 ProgressMeter -                 | processed |    time |    per 1M |           |   total | remaining 
INFO  17:35:11,096 ProgressMeter -        Location |     reads | elapsed |     reads | completed | runtime |   runtime 
INFO  17:35:11,252 BaseRecalibrator - The covariates being used here:  
INFO  17:35:11,253 BaseRecalibrator - 	ReadGroupCovariate 
INFO  17:35:11,253 BaseRecalibrator - 	QualityScoreCovariate 
INFO  17:35:11,253 BaseRecalibrator - 	ContextCovariate 
INFO  17:35:11,253 ContextCovariate - 		Context sizes: base substitution model 2, indel substitution model 3 
INFO  17:35:11,253 BaseRecalibrator - 	CycleCovariate 
INFO  17:35:11,266 ReadShardBalancer$1 - Loading BAM index data 
INFO  17:35:11,444 ReadShardBalancer$1 - Done loading BAM index data 
INFO  17:35:41,268 ProgressMeter -     20:30436282    100001.0    30.0 s       5.0 m       32.0%    93.0 s      63.0 s 
INFO  17:36:04,449 BaseRecalibrator - Calculating quantized quality scores... 
INFO  17:36:04,509 BaseRecalibrator - Writing recalibration report... 
INFO  17:36:05,330 BaseRecalibrator - ...done! 
INFO  17:36:05,331 BaseRecalibrator - BaseRecalibrator was able to recalibrate 327534 reads 
INFO  17:36:05,332 ProgressMeter -            done    327534.0    54.0 s       2.8 m      100.0%    54.0 s       0.0 s 
INFO  17:36:05,332 ProgressMeter - Total runtime 54.24 secs, 0.90 min, 0.02 hours 
INFO  17:36:05,333 MicroScheduler - 12423 reads were filtered out during the traversal out of approximately 339957 total reads (3.65%) 
INFO  17:36:05,333 MicroScheduler -   -> 0 reads (0.00% of total) failing BadCigarFilter 
INFO  17:36:05,333 MicroScheduler -   -> 11432 reads (3.36% of total) failing DuplicateReadFilter 
INFO  17:36:05,333 MicroScheduler -   -> 0 reads (0.00% of total) failing FailsVendorQualityCheckFilter 
INFO  17:36:05,333 MicroScheduler -   -> 0 reads (0.00% of total) failing MalformedReadFilter 
INFO  17:36:05,334 MicroScheduler -   -> 0 reads (0.00% of total) failing MappingQualityUnavailableFilter 
INFO  17:36:05,334 MicroScheduler -   -> 924 reads (0.27% of total) failing MappingQualityZeroFilter 
INFO  17:36:05,334 MicroScheduler -   -> 67 reads (0.02% of total) failing NotPrimaryAlignmentFilter 
INFO  17:36:05,334 MicroScheduler -   -> 0 reads (0.00% of total) failing UnmappedReadFilter 
