INFO  19:49:46,642 HelpFormatter - --------------------------------------------------------------------------------- 
INFO  19:49:46,648 HelpFormatter - The Genome Analysis Toolkit (GATK) v3.4-46-g8ea4dca, Compiled 2015/08/13 20:41:56 
INFO  19:49:46,648 HelpFormatter - Copyright (c) 2010 The Broad Institute 
INFO  19:49:46,648 HelpFormatter - For support and documentation go to http://www.broadinstitute.org/gatk 
INFO  19:49:46,652 HelpFormatter - Program Args: -T BaseRecalibrator -I /mnt/nvme0n1/data/broadout/HG02561_gatk_best_practices_8t_30s_2016-07-06_18-21-00/HG02561_realign.bam -L /mnt/nvme0n1/Broad_Ref_Pipeline_approved_package/workflow_profiler/.queue/scatterGather/ExampleBaseRecalibrator-1-sg/temp_20_of_24/scatter.intervals -R /mnt/nvme0n1/Broad_Ref_Pipeline_approved_package/b37bundle/human_g1k_v37.fasta -knownSites /mnt/nvme0n1/Broad_Ref_Pipeline_approved_package/b37bundle/dbsnp_138.b37.vcf -o /mnt/nvme0n1/Broad_Ref_Pipeline_approved_package/workflow_profiler/.queue/scatterGather/ExampleBaseRecalibrator-1-sg/temp_20_of_24/HG02561_recal.grp 
INFO  19:49:46,673 HelpFormatter - Executing as bshifaw@application-1-1.hudson.intel.com on Linux 3.10.0-327.el7.x86_64 amd64; OpenJDK 64-Bit Server VM 1.8.0_91-b14. 
INFO  19:49:46,674 HelpFormatter - Date/Time: 2016/07/06 19:49:46 
INFO  19:49:46,674 HelpFormatter - --------------------------------------------------------------------------------- 
INFO  19:49:46,675 HelpFormatter - --------------------------------------------------------------------------------- 
INFO  19:49:46,817 GenomeAnalysisEngine - Strictness is SILENT 
INFO  19:49:47,141 GenomeAnalysisEngine - Downsampling Settings: No downsampling 
INFO  19:49:47,166 SAMDataSource$SAMReaders - Initializing SAMRecords in serial 
INFO  19:49:47,287 SAMDataSource$SAMReaders - Done initializing BAM readers: total time 0.12 
INFO  19:49:47,822 IntervalUtils - Processing 1276439 bp from intervals 
INFO  19:49:48,055 GenomeAnalysisEngine - Preparing for traversal over 1 BAM files 
INFO  19:49:48,419 GenomeAnalysisEngine - Done preparing for traversal 
INFO  19:49:48,419 ProgressMeter - [INITIALIZATION COMPLETE; STARTING PROCESSING] 
INFO  19:49:48,420 ProgressMeter -                 | processed |    time |    per 1M |           |   total | remaining 
INFO  19:49:48,433 ProgressMeter -        Location |     reads | elapsed |     reads | completed | runtime |   runtime 
INFO  19:49:48,505 BaseRecalibrator - The covariates being used here:  
INFO  19:49:48,514 BaseRecalibrator - 	ReadGroupCovariate 
INFO  19:49:48,516 BaseRecalibrator - 	QualityScoreCovariate 
INFO  19:49:48,516 BaseRecalibrator - 	ContextCovariate 
INFO  19:49:48,517 ContextCovariate - 		Context sizes: base substitution model 2, indel substitution model 3 
INFO  19:49:48,517 BaseRecalibrator - 	CycleCovariate 
INFO  19:49:48,518 ReadShardBalancer$1 - Loading BAM index data 
INFO  19:49:48,752 ReadShardBalancer$1 - Done loading BAM index data 
INFO  19:50:18,764 ProgressMeter -       20:409628         0.0    30.0 s      50.2 w        1.0%    48.4 m      47.9 m 
INFO  19:50:49,902 ProgressMeter -      20:2843468    100002.0    61.0 s      10.2 m        6.1%    16.7 m      15.7 m 
INFO  19:51:22,052 ProgressMeter -      20:6075579    200003.0    93.0 s       7.8 m       14.7%    10.6 m       9.0 m 
INFO  19:51:52,695 ProgressMeter -     20:17705713    300005.0     2.1 m       6.9 m       21.7%     9.5 m       7.5 m 
INFO  19:52:26,592 ProgressMeter -     20:30414709    500008.0     2.6 m       5.3 m       32.5%     8.1 m       5.5 m 
INFO  19:52:56,657 ProgressMeter -     20:34220813    800018.0     3.1 m       3.9 m       45.8%     6.8 m       3.7 m 
INFO  19:53:26,659 ProgressMeter -     20:42088522   1000021.0     3.6 m       3.6 m       58.2%     6.2 m       2.6 m 
INFO  19:53:56,660 ProgressMeter -     20:45809469   1200026.0     4.1 m       3.4 m       69.4%     6.0 m     109.0 s 
INFO  19:54:29,322 ProgressMeter -     20:55748217   1500031.0     4.7 m       3.1 m       80.7%     5.8 m      67.0 s 
INFO  19:54:59,324 ProgressMeter -     20:61513017   1600033.0     5.2 m       3.2 m       91.7%     5.6 m      28.0 s 
INFO  19:55:25,117 BaseRecalibrator - Calculating quantized quality scores... 
INFO  19:55:25,219 BaseRecalibrator - Writing recalibration report... 
INFO  19:55:28,782 BaseRecalibrator - ...done! 
INFO  19:55:28,783 BaseRecalibrator - BaseRecalibrator was able to recalibrate 1804699 reads 
INFO  19:55:28,784 ProgressMeter -            done   1804699.0     5.7 m       3.1 m      100.0%     5.7 m       0.0 s 
INFO  19:55:28,785 ProgressMeter - Total runtime 340.37 secs, 5.67 min, 0.09 hours 
INFO  19:55:28,785 MicroScheduler - 344450 reads were filtered out during the traversal out of approximately 2149149 total reads (16.03%) 
INFO  19:55:28,785 MicroScheduler -   -> 0 reads (0.00% of total) failing BadCigarFilter 
INFO  19:55:28,786 MicroScheduler -   -> 330354 reads (15.37% of total) failing DuplicateReadFilter 
INFO  19:55:28,786 MicroScheduler -   -> 0 reads (0.00% of total) failing FailsVendorQualityCheckFilter 
INFO  19:55:28,788 MicroScheduler -   -> 0 reads (0.00% of total) failing MalformedReadFilter 
INFO  19:55:28,789 MicroScheduler -   -> 0 reads (0.00% of total) failing MappingQualityUnavailableFilter 
INFO  19:55:28,789 MicroScheduler -   -> 13895 reads (0.65% of total) failing MappingQualityZeroFilter 
INFO  19:55:28,789 MicroScheduler -   -> 201 reads (0.01% of total) failing NotPrimaryAlignmentFilter 
INFO  19:55:28,789 MicroScheduler -   -> 0 reads (0.00% of total) failing UnmappedReadFilter 
