INFO  16:52:40,272 HelpFormatter - --------------------------------------------------------------------------------- 
INFO  16:52:40,274 HelpFormatter - The Genome Analysis Toolkit (GATK) v3.4-46-g8ea4dca, Compiled 2015/08/13 20:41:56 
INFO  16:52:40,274 HelpFormatter - Copyright (c) 2010 The Broad Institute 
INFO  16:52:40,274 HelpFormatter - For support and documentation go to http://www.broadinstitute.org/gatk 
INFO  16:52:40,278 HelpFormatter - Program Args: -T BaseRecalibrator -I /cluster_share/data/out/HG02769_gatk_best_practices_36t_30s_2016-11-28_15-18-37/HG02769_realign.bam -L /cluster_share/data/Broad_Ref_Pipeline_approved_package/workflow_profiler/.queue/scatterGather/ExampleBaseRecalibrator-1-sg/temp_20_of_24/scatter.intervals -R /cluster_share/data/reference/b37bundle/human_g1k_v37.fasta -knownSites /cluster_share/data/reference/b37bundle/dbsnp_138.b37.vcf -o /cluster_share/data/Broad_Ref_Pipeline_approved_package/workflow_profiler/.queue/scatterGather/ExampleBaseRecalibrator-1-sg/temp_20_of_24/HG02769_recal.grp 
INFO  16:52:40,282 HelpFormatter - Executing as bshifaw@compute-1-1.hudson.intel.com on Linux 3.10.0-327.13.1.el7.x86_64 amd64; OpenJDK 64-Bit Server VM 1.8.0_111-b15. 
INFO  16:52:40,283 HelpFormatter - Date/Time: 2016/11/28 16:52:40 
INFO  16:52:40,283 HelpFormatter - --------------------------------------------------------------------------------- 
INFO  16:52:40,283 HelpFormatter - --------------------------------------------------------------------------------- 
INFO  16:52:40,381 GenomeAnalysisEngine - Strictness is SILENT 
INFO  16:52:40,578 GenomeAnalysisEngine - Downsampling Settings: No downsampling 
INFO  16:52:40,584 SAMDataSource$SAMReaders - Initializing SAMRecords in serial 
INFO  16:52:40,737 SAMDataSource$SAMReaders - Done initializing BAM readers: total time 0.15 
WARN  16:52:40,812 FSLockWithShared$LockAcquisitionTask - WARNING: Unable to lock file /cluster_share/data/reference/b37bundle/dbsnp_138.b37.vcf.idx because an IOException occurred with message: Function not implemented. 
INFO  16:52:40,817 RMDTrackBuilder - Could not acquire a shared lock on index file /cluster_share/data/reference/b37bundle/dbsnp_138.b37.vcf.idx, falling back to using an in-memory index for this GATK run. 
INFO  16:57:12,486 IntervalUtils - Processing 1276439 bp from intervals 
INFO  16:57:12,552 GenomeAnalysisEngine - Preparing for traversal over 1 BAM files 
INFO  16:57:12,780 GenomeAnalysisEngine - Done preparing for traversal 
INFO  16:57:12,781 ProgressMeter - [INITIALIZATION COMPLETE; STARTING PROCESSING] 
INFO  16:57:12,781 ProgressMeter -                 | processed |    time |    per 1M |           |   total | remaining 
INFO  16:57:12,782 ProgressMeter -        Location |     reads | elapsed |     reads | completed | runtime |   runtime 
INFO  16:57:12,838 BaseRecalibrator - The covariates being used here:  
INFO  16:57:12,838 BaseRecalibrator - 	ReadGroupCovariate 
INFO  16:57:12,838 BaseRecalibrator - 	QualityScoreCovariate 
INFO  16:57:12,838 BaseRecalibrator - 	ContextCovariate 
INFO  16:57:12,838 ContextCovariate - 		Context sizes: base substitution model 2, indel substitution model 3 
INFO  16:57:12,838 BaseRecalibrator - 	CycleCovariate 
INFO  16:57:12,842 ReadShardBalancer$1 - Loading BAM index data 
INFO  16:57:12,959 ReadShardBalancer$1 - Done loading BAM index data 
INFO  16:57:42,799 ProgressMeter -     20:23729687    400007.0    30.0 s      75.0 s       28.5%   105.0 s      75.0 s 
INFO  16:58:12,801 ProgressMeter -     20:42199676   1000019.0    60.0 s      60.0 s       58.7%   102.0 s      42.0 s 
INFO  16:58:42,803 ProgressMeter -     20:61512196   1600028.0    90.0 s      56.0 s       91.6%    98.0 s       8.0 s 
INFO  16:58:48,077 BaseRecalibrator - Calculating quantized quality scores... 
INFO  16:58:48,112 BaseRecalibrator - Writing recalibration report... 
INFO  16:58:49,459 BaseRecalibrator - ...done! 
INFO  16:58:49,459 BaseRecalibrator - BaseRecalibrator was able to recalibrate 1785423 reads 
INFO  16:58:49,461 ProgressMeter -            done   1785423.0    96.0 s      54.0 s      100.0%    96.0 s       0.0 s 
INFO  16:58:49,461 ProgressMeter - Total runtime 96.68 secs, 1.61 min, 0.03 hours 
INFO  16:58:49,461 MicroScheduler - 310582 reads were filtered out during the traversal out of approximately 2096005 total reads (14.82%) 
INFO  16:58:49,461 MicroScheduler -   -> 0 reads (0.00% of total) failing BadCigarFilter 
INFO  16:58:49,461 MicroScheduler -   -> 295740 reads (14.11% of total) failing DuplicateReadFilter 
INFO  16:58:49,461 MicroScheduler -   -> 0 reads (0.00% of total) failing FailsVendorQualityCheckFilter 
INFO  16:58:49,462 MicroScheduler -   -> 0 reads (0.00% of total) failing MalformedReadFilter 
INFO  16:58:49,462 MicroScheduler -   -> 0 reads (0.00% of total) failing MappingQualityUnavailableFilter 
INFO  16:58:49,462 MicroScheduler -   -> 14620 reads (0.70% of total) failing MappingQualityZeroFilter 
INFO  16:58:49,462 MicroScheduler -   -> 222 reads (0.01% of total) failing NotPrimaryAlignmentFilter 
INFO  16:58:49,462 MicroScheduler -   -> 0 reads (0.00% of total) failing UnmappedReadFilter 
