INFO  17:41:17,383 HelpFormatter - --------------------------------------------------------------------------------- 
INFO  17:41:17,385 HelpFormatter - The Genome Analysis Toolkit (GATK) v3.4-46-g8ea4dca, Compiled 2015/08/13 20:41:56 
INFO  17:41:17,385 HelpFormatter - Copyright (c) 2010 The Broad Institute 
INFO  17:41:17,386 HelpFormatter - For support and documentation go to http://www.broadinstitute.org/gatk 
INFO  17:41:17,389 HelpFormatter - Program Args: -T PrintReads -I /home/opt/data/broadout/FC1-NA12878-01_S1_L001_gatk_best_practices_36t_30s_2015-11-10_16-39-49/FC1-NA12878-01_S1_L001_realign.bam -L /home/beris/Broad_Ref_Pipeline_approved_package/workflow_profiler/.queue/scatterGather/ExamplePrintReads-1-sg/temp_04_of_36/scatter.intervals -R /home/beris/Broad_Ref_Pipeline_approved_package/homosapiensrefgenome/Homo_sapiens_assembly19.fasta -BQSR /home/opt/data/broadout/FC1-NA12878-01_S1_L001_gatk_best_practices_36t_30s_2015-11-10_16-39-49/FC1-NA12878-01_S1_L001_recal.grp -o /home/beris/Broad_Ref_Pipeline_approved_package/workflow_profiler/.queue/scatterGather/ExamplePrintReads-1-sg/temp_04_of_36/FC1-NA12878-01_S1_L001_final.bam 
INFO  17:41:17,397 HelpFormatter - Executing as beris@dna on Linux 2.6.32-573.el6.x86_64 amd64; OpenJDK 64-Bit Server VM 1.7.0_79-mockbuild_2015_07_24_09_26-b00. 
INFO  17:41:17,397 HelpFormatter - Date/Time: 2015/11/10 17:41:17 
INFO  17:41:17,397 HelpFormatter - --------------------------------------------------------------------------------- 
INFO  17:41:17,398 HelpFormatter - --------------------------------------------------------------------------------- 
INFO  17:41:17,491 GenomeAnalysisEngine - Strictness is SILENT 
INFO  17:41:18,221 ContextCovariate - 		Context sizes: base substitution model 2, indel substitution model 3 
INFO  17:41:18,253 GenomeAnalysisEngine - Downsampling Settings: No downsampling 
INFO  17:41:18,260 SAMDataSource$SAMReaders - Initializing SAMRecords in serial 
INFO  17:41:18,421 SAMDataSource$SAMReaders - Done initializing BAM readers: total time 0.16 
INFO  17:41:18,464 IntervalUtils - Processing 191154276 bp from intervals 
INFO  17:41:18,597 GenomeAnalysisEngine - Preparing for traversal over 1 BAM files 
INFO  17:41:19,473 GenomeAnalysisEngine - Done preparing for traversal 
INFO  17:41:19,474 ProgressMeter - [INITIALIZATION COMPLETE; STARTING PROCESSING] 
INFO  17:41:19,474 ProgressMeter -                 | processed |    time |    per 1M |           |   total | remaining 
INFO  17:41:19,474 ProgressMeter -        Location |     reads | elapsed |     reads | completed | runtime |   runtime 
INFO  17:41:19,506 ReadShardBalancer$1 - Loading BAM index data 
INFO  17:41:20,472 ReadShardBalancer$1 - Done loading BAM index data 
INFO  17:41:49,507 ProgressMeter -       4:9998658    200005.0    30.0 s       2.5 m        5.2%     9.6 m       9.1 m 
INFO  17:42:19,508 ProgressMeter -      4:55970816    500008.0    60.0 s     120.0 s       29.3%     3.4 m       2.4 m 
INFO  17:42:49,509 ProgressMeter -      4:90034424    800011.0    90.0 s     112.0 s       47.1%     3.2 m     101.0 s 
INFO  17:43:19,595 ProgressMeter -     4:129643392   1200019.0   120.0 s     100.0 s       67.8%     2.9 m      56.0 s 
INFO  17:43:49,596 ProgressMeter -     4:184614219   1500028.0     2.5 m     100.0 s       96.6%     2.6 m       5.0 s 
INFO  17:43:56,285 Walker - [REDUCE RESULT] Traversal result is: org.broadinstitute.gatk.engine.io.stubs.SAMFileWriterStub@3b2bdbb5 
INFO  17:43:56,444 ProgressMeter -            done   1616189.0     2.6 m      97.0 s       99.9%     2.6 m       0.0 s 
INFO  17:43:56,445 ProgressMeter - Total runtime 156.97 secs, 2.62 min, 0.04 hours 
INFO  17:43:56,446 MicroScheduler - 0 reads were filtered out during the traversal out of approximately 1616189 total reads (0.00%) 
INFO  17:43:56,446 MicroScheduler -   -> 0 reads (0.00% of total) failing BadCigarFilter 
INFO  17:43:56,446 MicroScheduler -   -> 0 reads (0.00% of total) failing MalformedReadFilter 
