INFO  20:06:28,555 HelpFormatter - --------------------------------------------------------------------------------- 
INFO  20:06:28,581 HelpFormatter - The Genome Analysis Toolkit (GATK) v3.4-46-g8ea4dca, Compiled 2015/08/13 20:41:56 
INFO  20:06:28,582 HelpFormatter - Copyright (c) 2010 The Broad Institute 
INFO  20:06:28,589 HelpFormatter - For support and documentation go to http://www.broadinstitute.org/gatk 
INFO  20:06:28,592 HelpFormatter - Program Args: -T PrintReads -I /mnt/nvme0n1/data/broadout/HG02561_gatk_best_practices_8t_30s_2016-07-06_18-21-00/HG02561_realign.bam -L /mnt/nvme0n1/Broad_Ref_Pipeline_approved_package/workflow_profiler/.queue/scatterGather/ExamplePrintReads-1-sg/temp_04_of_36/scatter.intervals -R /mnt/nvme0n1/Broad_Ref_Pipeline_approved_package/b37bundle/human_g1k_v37.fasta -BQSR /mnt/nvme0n1/data/broadout/HG02561_gatk_best_practices_8t_30s_2016-07-06_18-21-00/HG02561_recal.grp -o /mnt/nvme0n1/Broad_Ref_Pipeline_approved_package/workflow_profiler/.queue/scatterGather/ExamplePrintReads-1-sg/temp_04_of_36/HG02561_final.bam 
INFO  20:06:28,625 HelpFormatter - Executing as bshifaw@application-1-1.hudson.intel.com on Linux 3.10.0-327.el7.x86_64 amd64; OpenJDK 64-Bit Server VM 1.8.0_91-b14. 
INFO  20:06:28,632 HelpFormatter - Date/Time: 2016/07/06 20:06:28 
INFO  20:06:28,632 HelpFormatter - --------------------------------------------------------------------------------- 
INFO  20:06:28,633 HelpFormatter - --------------------------------------------------------------------------------- 
INFO  20:06:29,102 GenomeAnalysisEngine - Strictness is SILENT 
INFO  20:06:31,663 ContextCovariate - 		Context sizes: base substitution model 2, indel substitution model 3 
INFO  20:06:31,994 GenomeAnalysisEngine - Downsampling Settings: No downsampling 
INFO  20:06:32,027 SAMDataSource$SAMReaders - Initializing SAMRecords in serial 
INFO  20:06:32,210 SAMDataSource$SAMReaders - Done initializing BAM readers: total time 0.18 
INFO  20:06:32,350 IntervalUtils - Processing 191154276 bp from intervals 
INFO  20:06:33,146 GenomeAnalysisEngine - Preparing for traversal over 1 BAM files 
INFO  20:06:34,185 GenomeAnalysisEngine - Done preparing for traversal 
INFO  20:06:34,186 ProgressMeter - [INITIALIZATION COMPLETE; STARTING PROCESSING] 
INFO  20:06:34,187 ProgressMeter -                 | processed |    time |    per 1M |           |   total | remaining 
INFO  20:06:34,187 ProgressMeter -        Location |     reads | elapsed |     reads | completed | runtime |   runtime 
INFO  20:06:34,278 ReadShardBalancer$1 - Loading BAM index data 
INFO  20:06:35,999 ReadShardBalancer$1 - Done loading BAM index data 
INFO  20:07:06,921 ProgressMeter -        4:509860         0.0    32.0 s      54.1 w        0.3%     3.3 h       3.3 h 
INFO  20:07:36,923 ProgressMeter -       4:2300167    100003.0    62.0 s      10.5 m        1.2%    85.9 m      84.8 m 
INFO  20:08:08,939 ProgressMeter -       4:3444520    200004.0    94.0 s       7.9 m        1.8%    86.9 m      85.4 m 
INFO  20:08:39,073 ProgressMeter -       4:5961165    300005.0     2.1 m       6.9 m        3.1%    66.3 m      64.2 m 
INFO  20:09:13,865 ProgressMeter -       4:9212431    400006.0     2.7 m       6.7 m        4.8%    55.0 m      52.3 m 
INFO  20:09:43,915 ProgressMeter -       4:9336448    500017.0     3.2 m       6.3 m        4.9%    64.5 m      61.3 m 
INFO  20:10:15,722 ProgressMeter -      4:15591281    700026.0     3.7 m       5.3 m        8.2%    45.2 m      41.5 m 
INFO  20:10:45,724 ProgressMeter -      4:25715704    800041.0     4.2 m       5.2 m       13.5%    31.1 m      26.9 m 
INFO  20:11:15,956 ProgressMeter -      4:40121919   1000044.0     4.7 m       4.7 m       21.0%    22.3 m      17.6 m 
INFO  20:11:45,957 ProgressMeter -      4:48114397   1200046.0     5.2 m       4.3 m       25.2%    20.6 m      15.4 m 
INFO  20:12:15,959 ProgressMeter -      4:57266926   1400048.0     5.7 m       4.1 m       30.0%    19.0 m      13.3 m 
INFO  20:12:48,888 ProgressMeter -      4:69870788   1600050.0     6.2 m       3.9 m       36.6%    17.1 m      10.8 m 
INFO  20:13:18,889 ProgressMeter -      4:77025090   1800054.0     6.7 m       3.7 m       40.3%    16.7 m      10.0 m 
INFO  20:13:48,890 ProgressMeter -      4:83905394   2000058.0     7.2 m       3.6 m       43.9%    16.5 m       9.2 m 
INFO  20:14:18,936 ProgressMeter -      4:89318265   2200061.0     7.7 m       3.5 m       46.7%    16.6 m       8.8 m 
INFO  20:14:48,937 ProgressMeter -     4:102993551   2400063.0     8.2 m       3.4 m       53.9%    15.3 m       7.0 m 
INFO  20:15:18,944 ProgressMeter -     4:111337892   2600069.0     8.7 m       3.4 m       58.2%    15.0 m       6.3 m 
INFO  20:15:48,945 ProgressMeter -     4:122768702   2900086.0     9.2 m       3.2 m       64.2%    14.4 m       5.1 m 
INFO  20:16:18,946 ProgressMeter -     4:140625218   3100088.0     9.7 m       3.1 m       73.6%    13.2 m       3.5 m 
INFO  20:16:48,947 ProgressMeter -     4:152355345   3300092.0    10.2 m       3.1 m       79.7%    12.8 m       2.6 m 
INFO  20:17:18,948 ProgressMeter -     4:165962595   3600101.0    10.7 m       3.0 m       86.8%    12.4 m      97.0 s 
INFO  20:17:48,949 ProgressMeter -     4:184577111   3800103.0    11.2 m       3.0 m       96.6%    11.6 m      24.0 s 
INFO  20:18:07,038 Walker - [REDUCE RESULT] Traversal result is: org.broadinstitute.gatk.engine.io.stubs.SAMFileWriterStub@5b58129f 
INFO  20:18:07,258 ProgressMeter -            done   4073183.0    11.6 m       2.8 m       99.9%    11.6 m       0.0 s 
INFO  20:18:07,259 ProgressMeter - Total runtime 693.07 secs, 11.55 min, 0.19 hours 
INFO  20:18:07,259 MicroScheduler - 0 reads were filtered out during the traversal out of approximately 4073183 total reads (0.00%) 
INFO  20:18:07,264 MicroScheduler -   -> 0 reads (0.00% of total) failing BadCigarFilter 
INFO  20:18:07,264 MicroScheduler -   -> 0 reads (0.00% of total) failing MalformedReadFilter 
