INFO  20:07:51,176 HelpFormatter - --------------------------------------------------------------------------------- 
INFO  20:07:51,182 HelpFormatter - The Genome Analysis Toolkit (GATK) v3.4-46-g8ea4dca, Compiled 2015/08/13 20:41:56 
INFO  20:07:51,185 HelpFormatter - Copyright (c) 2010 The Broad Institute 
INFO  20:07:51,185 HelpFormatter - For support and documentation go to http://www.broadinstitute.org/gatk 
INFO  20:07:51,192 HelpFormatter - Program Args: -T PrintReads -I /mnt/nvme0n1/data/broadout/HG02771_gatk_best_practices_8t_30s_2016-07-06_18-21-02/HG02771_realign.bam -L /mnt/nvme0n1/Broad_Ref_Pipeline_approved_package/workflow_profiler/.queue/scatterGather/ExamplePrintReads-1-sg/temp_04_of_36/scatter.intervals -R /mnt/nvme0n1/Broad_Ref_Pipeline_approved_package/b37bundle/human_g1k_v37.fasta -BQSR /mnt/nvme0n1/data/broadout/HG02771_gatk_best_practices_8t_30s_2016-07-06_18-21-02/HG02771_recal.grp -o /mnt/nvme0n1/Broad_Ref_Pipeline_approved_package/workflow_profiler/.queue/scatterGather/ExamplePrintReads-1-sg/temp_04_of_36/HG02771_final.bam 
INFO  20:07:51,207 HelpFormatter - Executing as bshifaw@application-1-1.hudson.intel.com on Linux 3.10.0-327.el7.x86_64 amd64; OpenJDK 64-Bit Server VM 1.8.0_91-b14. 
INFO  20:07:51,208 HelpFormatter - Date/Time: 2016/07/06 20:07:51 
INFO  20:07:51,209 HelpFormatter - --------------------------------------------------------------------------------- 
INFO  20:07:51,210 HelpFormatter - --------------------------------------------------------------------------------- 
INFO  20:07:51,673 GenomeAnalysisEngine - Strictness is SILENT 
INFO  20:07:54,036 ContextCovariate - 		Context sizes: base substitution model 2, indel substitution model 3 
INFO  20:07:54,264 GenomeAnalysisEngine - Downsampling Settings: No downsampling 
INFO  20:07:54,298 SAMDataSource$SAMReaders - Initializing SAMRecords in serial 
INFO  20:07:54,396 SAMDataSource$SAMReaders - Done initializing BAM readers: total time 0.10 
INFO  20:07:54,452 IntervalUtils - Processing 191154276 bp from intervals 
INFO  20:07:54,790 GenomeAnalysisEngine - Preparing for traversal over 1 BAM files 
INFO  20:07:55,972 GenomeAnalysisEngine - Done preparing for traversal 
INFO  20:07:55,988 ProgressMeter - [INITIALIZATION COMPLETE; STARTING PROCESSING] 
INFO  20:07:55,994 ProgressMeter -                 | processed |    time |    per 1M |           |   total | remaining 
INFO  20:07:56,000 ProgressMeter -        Location |     reads | elapsed |     reads | completed | runtime |   runtime 
INFO  20:07:56,080 ReadShardBalancer$1 - Loading BAM index data 
INFO  20:07:57,186 ReadShardBalancer$1 - Done loading BAM index data 
INFO  20:08:26,879 ProgressMeter -         4:87329         0.0    30.0 s      51.1 w        0.0%    18.2 h      18.2 h 
INFO  20:09:28,499 ProgressMeter -       4:2899935    200003.0    92.0 s       7.7 m        1.5%   101.1 m      99.5 m 
INFO  20:09:58,561 ProgressMeter -       4:6580202    300004.0     2.0 m       6.8 m        3.4%    59.1 m      57.0 m 
INFO  20:10:28,562 ProgressMeter -       4:9269547    500008.0     2.5 m       5.1 m        4.8%    52.2 m      49.7 m 
INFO  20:10:58,563 ProgressMeter -      4:15642391    600011.0     3.0 m       5.1 m        8.2%    37.1 m      34.0 m 
INFO  20:11:28,564 ProgressMeter -      4:25803993    800014.0     3.5 m       4.4 m       13.5%    26.2 m      22.6 m 
INFO  20:11:58,566 ProgressMeter -      4:40895298   1000020.0     4.0 m       4.0 m       21.4%    18.9 m      14.8 m 
INFO  20:12:28,567 ProgressMeter -      4:48564980   1200023.0     4.5 m       3.8 m       25.4%    17.8 m      13.3 m 
INFO  20:12:58,656 ProgressMeter -      4:57832782   1300024.0     5.0 m       3.9 m       30.3%    16.6 m      11.6 m 
INFO  20:13:28,657 ProgressMeter -      4:69974071   1500038.0     5.5 m       3.7 m       36.6%    15.1 m       9.6 m 
INFO  20:14:08,658 ProgressMeter -      4:76851639   1700048.0     6.2 m       3.7 m       40.2%    15.4 m       9.2 m 
INFO  20:14:48,659 ProgressMeter -      4:85724652   2000066.0     6.9 m       3.4 m       44.8%    15.3 m       8.4 m 
INFO  20:15:18,660 ProgressMeter -      4:95147493   2200068.0     7.4 m       3.4 m       49.8%    14.8 m       7.4 m 
INFO  20:15:48,662 ProgressMeter -     4:106861860   2400074.0     7.9 m       3.3 m       55.9%    14.1 m       6.2 m 
INFO  20:16:18,662 ProgressMeter -     4:116841919   2700079.0     8.4 m       3.1 m       61.1%    13.7 m       5.3 m 
INFO  20:16:48,663 ProgressMeter -     4:128694708   2900084.0     8.9 m       3.1 m       67.3%    13.2 m       4.3 m 
INFO  20:17:18,664 ProgressMeter -     4:147561723   3200094.0     9.4 m       2.9 m       77.2%    12.1 m       2.8 m 
INFO  20:17:48,762 ProgressMeter -     4:159162791   3400097.0     9.9 m       2.9 m       83.3%    11.8 m     118.0 s 
INFO  20:18:28,991 ProgressMeter -     4:185142903   3800102.0    10.5 m       2.8 m       96.9%    10.9 m      20.0 s 
INFO  20:18:44,315 Walker - [REDUCE RESULT] Traversal result is: org.broadinstitute.gatk.engine.io.stubs.SAMFileWriterStub@5b58129f 
INFO  20:18:44,516 ProgressMeter -            done   3972075.0    10.8 m       2.7 m       99.9%    10.8 m       0.0 s 
INFO  20:18:44,517 ProgressMeter - Total runtime 648.53 secs, 10.81 min, 0.18 hours 
INFO  20:18:44,518 MicroScheduler - 0 reads were filtered out during the traversal out of approximately 3972075 total reads (0.00%) 
INFO  20:18:44,518 MicroScheduler -   -> 0 reads (0.00% of total) failing BadCigarFilter 
INFO  20:18:44,518 MicroScheduler -   -> 0 reads (0.00% of total) failing MalformedReadFilter 
