INFO  20:48:09,412 HelpFormatter - --------------------------------------------------------------------------------- 
INFO  20:48:09,414 HelpFormatter - The Genome Analysis Toolkit (GATK) v3.4-46-g8ea4dca, Compiled 2015/08/13 20:41:56 
INFO  20:48:09,414 HelpFormatter - Copyright (c) 2010 The Broad Institute 
INFO  20:48:09,414 HelpFormatter - For support and documentation go to http://www.broadinstitute.org/gatk 
INFO  20:48:09,456 HelpFormatter - Program Args: -T HaplotypeCaller -I /mnt/nvme0n1/data/broadout/HG02571_gatk_best_practices_8t_30s_2016-07-06_18-21-01/HG02571_final.bam -L /mnt/nvme0n1/Broad_Ref_Pipeline_approved_package/workflow_profiler/.queue/scatterGather/ExampleHaplotypeCaller-1-sg/temp_04_of_36/scatter.intervals -R /mnt/nvme0n1/Broad_Ref_Pipeline_approved_package/b37bundle/human_g1k_v37.fasta -variant_index_type LINEAR -variant_index_parameter 128000 -o /mnt/nvme0n1/Broad_Ref_Pipeline_approved_package/workflow_profiler/.queue/scatterGather/ExampleHaplotypeCaller-1-sg/temp_04_of_36/HG02571_HaplotypeCaller.g.vcf -ERC GVCF 
INFO  20:48:09,553 HelpFormatter - Executing as bshifaw@application-1-1.hudson.intel.com on Linux 3.10.0-327.el7.x86_64 amd64; OpenJDK 64-Bit Server VM 1.8.0_91-b14. 
INFO  20:48:09,554 HelpFormatter - Date/Time: 2016/07/06 20:48:09 
INFO  20:48:09,554 HelpFormatter - --------------------------------------------------------------------------------- 
INFO  20:48:09,555 HelpFormatter - --------------------------------------------------------------------------------- 
WARN  20:48:09,565 GATKVCFUtils - Naming your output file using the .g.vcf extension will automatically set the appropriate values  for --variant_index_type and --variant_index_parameter 
INFO  20:48:10,348 GenomeAnalysisEngine - Strictness is SILENT 
INFO  20:48:11,313 GenomeAnalysisEngine - Downsampling Settings: Method: BY_SAMPLE, Target Coverage: 500 
INFO  20:48:11,353 SAMDataSource$SAMReaders - Initializing SAMRecords in serial 
INFO  20:48:11,830 SAMDataSource$SAMReaders - Done initializing BAM readers: total time 0.48 
INFO  20:48:11,890 HCMappingQualityFilter - Filtering out reads with MAPQ < 20 
INFO  20:48:12,437 IntervalUtils - Processing 1437965 bp from intervals 
INFO  20:48:13,146 GenomeAnalysisEngine - Preparing for traversal over 1 BAM files 
INFO  20:48:13,782 GenomeAnalysisEngine - Done preparing for traversal 
INFO  20:48:13,859 ProgressMeter - [INITIALIZATION COMPLETE; STARTING PROCESSING] 
INFO  20:48:13,860 ProgressMeter -                 |      processed |    time |         per 1M |           |   total | remaining 
INFO  20:48:13,860 ProgressMeter -        Location | active regions | elapsed | active regions | completed | runtime |   runtime 
INFO  20:48:13,907 HaplotypeCaller - Standard Emitting and Calling confidence set to 0.0 for reference-model confidence output 
INFO  20:48:13,907 HaplotypeCaller - All sites annotated with PLs forced to true for reference-model confidence output 
INFO  20:48:14,983 HaplotypeCaller - Using global mismapping rate of 45 => -4.5 in log10 likelihood units 
Using AVX accelerated implementation of PairHMM
INFO  20:48:32,128 VectorLoglessPairHMM - libVectorLoglessPairHMM unpacked successfully from GATK jar file 
INFO  20:48:32,129 VectorLoglessPairHMM - Using vectorized implementation of PairHMM 
WARN  20:48:33,394 HaplotypeScore - Annotation will not be calculated, must be called from UnifiedGenotyper 
WARN  20:48:33,395 InbreedingCoeff - Annotation will not be calculated, must provide a valid PED file (-ped) from the command line. 
INFO  20:48:43,945 ProgressMeter -     1:201981420          19550.0    30.0 s           25.6 m        0.2%     3.4 h       3.4 h 
INFO  20:49:13,946 ProgressMeter -     1:202279273         398531.0    60.0 s            2.5 m        1.0%   101.6 m     100.6 m 
INFO  20:49:43,964 ProgressMeter -     1:202888831        2365099.0    90.0 s           38.0 s        2.5%    59.9 m      58.4 m 
INFO  20:50:13,965 ProgressMeter -     1:203786147        8402702.0   120.0 s           14.0 s        4.9%    40.5 m      38.5 m 
INFO  20:50:43,966 ProgressMeter -     1:204438697      1.7584325E7     2.5 m            8.0 s        7.1%    35.3 m      32.8 m 
INFO  20:51:23,967 ProgressMeter -     1:206589199      4.5601539E7     3.2 m            4.0 s       11.6%    27.4 m      24.2 m 
INFO  20:51:53,968 ProgressMeter -     1:207867800       8.687553E7     3.7 m            2.0 s       15.8%    23.2 m      19.6 m 
INFO  20:52:23,968 ProgressMeter -     1:210977257     1.24392012E8     4.2 m            2.0 s       18.9%    22.0 m      17.9 m 
INFO  20:52:53,969 ProgressMeter -     1:214584982     1.83593638E8     4.7 m            1.0 s       22.9%    20.3 m      15.7 m 
INFO  20:53:23,970 ProgressMeter -     1:220161880     2.47717788E8     5.2 m            1.0 s       27.0%    19.1 m      13.9 m 
INFO  20:53:53,971 ProgressMeter -     1:223954017     3.34936637E8     5.7 m            1.0 s       31.7%    17.9 m      12.2 m 
INFO  20:54:23,972 ProgressMeter -     1:227069557     4.37816711E8     6.2 m            0.0 s       35.9%    17.2 m      11.0 m 
INFO  20:54:53,973 ProgressMeter -     1:228560299     5.29587539E8     6.7 m            0.0 s       40.7%    16.4 m       9.7 m 
INFO  20:55:23,974 ProgressMeter -     1:231488704     6.60452472E8     7.2 m            0.0 s       45.5%    15.8 m       8.6 m 
INFO  20:55:53,975 ProgressMeter -     1:235969931     8.35609922E8     7.7 m            0.0 s       51.0%    15.0 m       7.4 m 
INFO  20:56:23,976 ProgressMeter -     1:237802265     9.87024455E8     8.2 m            0.0 s       54.6%    15.0 m       6.8 m 
INFO  20:56:53,989 ProgressMeter -     1:245222636    1.214881707E9     8.7 m            0.0 s       60.2%    14.4 m       5.7 m 
INFO  20:57:23,990 ProgressMeter -     1:248112108    1.345977418E9     9.2 m            0.0 s       64.4%    14.2 m       5.1 m 
INFO  20:57:53,991 ProgressMeter -     1:248437080    1.354364662E9     9.7 m            0.0 s       65.2%    14.8 m       5.2 m 
INFO  20:58:23,992 ProgressMeter -     1:248525648    1.358119912E9    10.2 m            0.0 s       65.5%    15.5 m       5.4 m 
INFO  20:58:53,994 ProgressMeter -       2:1499770     1.38509848E9    10.7 m            0.0 s       67.8%    15.7 m       5.1 m 
INFO  20:59:23,995 ProgressMeter -      2:10140681    1.398381233E9    11.2 m            0.0 s       72.7%    15.4 m       4.2 m 
INFO  20:59:53,996 ProgressMeter -      2:16769266     1.42829548E9    11.7 m            0.0 s       77.6%    15.0 m       3.4 m 
INFO  21:00:23,998 ProgressMeter -      2:24522726     1.48033197E9    12.2 m            0.0 s       83.8%    14.5 m       2.4 m 
INFO  21:00:53,999 ProgressMeter -      2:27565641    1.589289371E9    12.7 m            0.0 s       92.6%    13.7 m      61.0 s 
INFO  21:01:11,369 VectorLoglessPairHMM - Time spent in setup for JNI call : 0.40731841500000004 
INFO  21:01:11,369 PairHMM - Total compute time in PairHMM computeLikelihoods() : 95.94176360300001 
INFO  21:01:11,369 HaplotypeCaller - Ran local assembly on 8607 active regions 
INFO  21:01:11,376 ProgressMeter -            done    1.736216811E9    13.0 m            0.0 s      100.0%    13.0 m       0.0 s 
INFO  21:01:11,376 ProgressMeter - Total runtime 777.52 secs, 12.96 min, 0.22 hours 
INFO  21:01:11,376 MicroScheduler - 476829 reads were filtered out during the traversal out of approximately 2460528 total reads (19.38%) 
INFO  21:01:11,377 MicroScheduler -   -> 0 reads (0.00% of total) failing BadCigarFilter 
INFO  21:01:11,378 MicroScheduler -   -> 382751 reads (15.56% of total) failing DuplicateReadFilter 
INFO  21:01:11,378 MicroScheduler -   -> 0 reads (0.00% of total) failing FailsVendorQualityCheckFilter 
INFO  21:01:11,378 MicroScheduler -   -> 93854 reads (3.81% of total) failing HCMappingQualityFilter 
INFO  21:01:11,378 MicroScheduler -   -> 0 reads (0.00% of total) failing MalformedReadFilter 
INFO  21:01:11,379 MicroScheduler -   -> 0 reads (0.00% of total) failing MappingQualityUnavailableFilter 
INFO  21:01:11,379 MicroScheduler -   -> 224 reads (0.01% of total) failing NotPrimaryAlignmentFilter 
INFO  21:01:11,379 MicroScheduler -   -> 0 reads (0.00% of total) failing UnmappedReadFilter 
