INFO  20:47:28,092 HelpFormatter - --------------------------------------------------------------------------------- 
INFO  20:47:28,135 HelpFormatter - The Genome Analysis Toolkit (GATK) v3.4-46-g8ea4dca, Compiled 2015/08/13 20:41:56 
INFO  20:47:28,135 HelpFormatter - Copyright (c) 2010 The Broad Institute 
INFO  20:47:28,136 HelpFormatter - For support and documentation go to http://www.broadinstitute.org/gatk 
INFO  20:47:28,143 HelpFormatter - Program Args: -T HaplotypeCaller -I /mnt/nvme0n1/data/broadout/HG02561_gatk_best_practices_8t_30s_2016-07-06_18-21-00/HG02561_final.bam -L /mnt/nvme0n1/Broad_Ref_Pipeline_approved_package/workflow_profiler/.queue/scatterGather/ExampleHaplotypeCaller-1-sg/temp_04_of_36/scatter.intervals -R /mnt/nvme0n1/Broad_Ref_Pipeline_approved_package/b37bundle/human_g1k_v37.fasta -variant_index_type LINEAR -variant_index_parameter 128000 -o /mnt/nvme0n1/Broad_Ref_Pipeline_approved_package/workflow_profiler/.queue/scatterGather/ExampleHaplotypeCaller-1-sg/temp_04_of_36/HG02561_HaplotypeCaller.g.vcf -ERC GVCF 
INFO  20:47:28,174 HelpFormatter - Executing as bshifaw@application-1-1.hudson.intel.com on Linux 3.10.0-327.el7.x86_64 amd64; OpenJDK 64-Bit Server VM 1.8.0_91-b14. 
INFO  20:47:28,176 HelpFormatter - Date/Time: 2016/07/06 20:47:28 
INFO  20:47:28,177 HelpFormatter - --------------------------------------------------------------------------------- 
INFO  20:47:28,177 HelpFormatter - --------------------------------------------------------------------------------- 
WARN  20:47:28,181 GATKVCFUtils - Naming your output file using the .g.vcf extension will automatically set the appropriate values  for --variant_index_type and --variant_index_parameter 
INFO  20:47:28,340 GenomeAnalysisEngine - Strictness is SILENT 
INFO  20:47:28,509 GenomeAnalysisEngine - Downsampling Settings: Method: BY_SAMPLE, Target Coverage: 500 
INFO  20:47:28,515 SAMDataSource$SAMReaders - Initializing SAMRecords in serial 
INFO  20:47:28,613 SAMDataSource$SAMReaders - Done initializing BAM readers: total time 0.10 
INFO  20:47:28,626 HCMappingQualityFilter - Filtering out reads with MAPQ < 20 
INFO  20:47:28,704 IntervalUtils - Processing 1437965 bp from intervals 
INFO  20:47:28,803 GenomeAnalysisEngine - Preparing for traversal over 1 BAM files 
INFO  20:47:28,972 GenomeAnalysisEngine - Done preparing for traversal 
INFO  20:47:28,972 ProgressMeter - [INITIALIZATION COMPLETE; STARTING PROCESSING] 
INFO  20:47:28,972 ProgressMeter -                 |      processed |    time |         per 1M |           |   total | remaining 
INFO  20:47:28,976 ProgressMeter -        Location | active regions | elapsed | active regions | completed | runtime |   runtime 
INFO  20:47:28,979 HaplotypeCaller - Standard Emitting and Calling confidence set to 0.0 for reference-model confidence output 
INFO  20:47:28,979 HaplotypeCaller - All sites annotated with PLs forced to true for reference-model confidence output 
INFO  20:47:29,146 HaplotypeCaller - Using global mismapping rate of 45 => -4.5 in log10 likelihood units 
Using AVX accelerated implementation of PairHMM
INFO  20:47:33,317 VectorLoglessPairHMM - libVectorLoglessPairHMM unpacked successfully from GATK jar file 
INFO  20:47:33,337 VectorLoglessPairHMM - Using vectorized implementation of PairHMM 
WARN  20:47:33,619 HaplotypeScore - Annotation will not be calculated, must be called from UnifiedGenotyper 
WARN  20:47:33,620 InbreedingCoeff - Annotation will not be calculated, must provide a valid PED file (-ped) from the command line. 
INFO  20:47:59,019 ProgressMeter -     1:202317928         510665.0    30.0 s           58.0 s        1.2%    41.8 m      41.3 m 
INFO  20:48:29,021 ProgressMeter -     1:202887247        2329072.0    60.0 s           25.0 s        2.5%    40.3 m      39.3 m 
INFO  20:48:59,022 ProgressMeter -     1:203138372        4483640.0    90.0 s           20.0 s        3.6%    42.1 m      40.6 m 
INFO  20:49:29,067 ProgressMeter -     1:203817407        9054228.0   120.0 s           13.0 s        5.1%    39.0 m      37.0 m 
INFO  20:49:59,071 ProgressMeter -     1:204418261       1.638808E7     2.5 m            9.0 s        6.8%    36.6 m      34.1 m 
INFO  20:50:29,072 ProgressMeter -     1:205498075       3.169398E7     3.0 m            5.0 s        9.6%    31.1 m      28.1 m 
INFO  20:50:59,073 ProgressMeter -     1:206785588      5.4064876E7     3.5 m            3.0 s       12.4%    28.1 m      24.6 m 
INFO  20:51:39,074 ProgressMeter -     1:209783144     1.03166446E8     4.2 m            2.0 s       17.1%    24.4 m      20.2 m 
INFO  20:52:09,075 ProgressMeter -     1:212872963     1.56364328E8     4.7 m            1.0 s       21.2%    22.0 m      17.4 m 
INFO  20:52:39,082 ProgressMeter -     1:216497458     2.22289485E8     5.2 m            1.0 s       25.7%    20.1 m      14.9 m 
INFO  20:53:09,083 ProgressMeter -     1:222803166     3.03929983E8     5.7 m            1.0 s       29.9%    19.0 m      13.3 m 
INFO  20:53:49,084 ProgressMeter -     1:226924243     4.36785856E8     6.3 m            0.0 s       35.8%    17.7 m      11.4 m 
INFO  20:54:19,085 ProgressMeter -     1:229441005     5.46146946E8     6.8 m            0.0 s       41.5%    16.5 m       9.7 m 
INFO  20:54:49,086 ProgressMeter -     1:232561283     6.81531638E8     7.3 m            0.0 s       46.1%    15.9 m       8.6 m 
INFO  20:55:19,087 ProgressMeter -     1:235746988     8.02939375E8     7.8 m            0.0 s       50.0%    15.7 m       7.8 m 
INFO  20:55:49,088 ProgressMeter -     1:236920734      9.2192693E8     8.3 m            0.0 s       53.2%    15.7 m       7.3 m 
INFO  20:56:19,090 ProgressMeter -     1:242253190    1.118851466E9     8.8 m            0.0 s       58.0%    15.2 m       6.4 m 
INFO  20:56:49,091 ProgressMeter -     1:247654378      1.3257637E9     9.3 m            0.0 s       63.4%    14.7 m       5.4 m 
INFO  20:57:19,092 ProgressMeter -     1:248224818    1.348763629E9     9.8 m            0.0 s       64.7%    15.2 m       5.4 m 
INFO  20:57:49,093 ProgressMeter -     1:248512025    1.357179529E9    10.3 m            0.0 s       65.3%    15.8 m       5.5 m 
INFO  20:58:19,094 ProgressMeter -     1:248651838    1.362838567E9    10.8 m            0.0 s       65.8%    16.5 m       5.6 m 
INFO  20:58:49,104 ProgressMeter -     1:249106047    1.371399141E9    11.3 m            0.0 s       66.4%    17.1 m       5.7 m 
INFO  20:59:19,110 ProgressMeter -       2:9533559    1.392069851E9    11.8 m            0.0 s       71.4%    16.6 m       4.8 m 
INFO  20:59:49,111 ProgressMeter -      2:11945144     1.41531036E9    12.3 m            0.0 s       75.9%    16.2 m       3.9 m 
INFO  21:00:19,112 ProgressMeter -      2:21231099    1.453703755E9    12.8 m            0.0 s       81.2%    15.8 m       3.0 m 
INFO  21:00:49,114 ProgressMeter -      2:27260962    1.557251442E9    13.3 m            0.0 s       89.3%    14.9 m      95.0 s 
INFO  21:01:15,423 VectorLoglessPairHMM - Time spent in setup for JNI call : 0.5423787950000001 
INFO  21:01:15,423 PairHMM - Total compute time in PairHMM computeLikelihoods() : 113.67926411900001 
INFO  21:01:15,423 HaplotypeCaller - Ran local assembly on 8665 active regions 
INFO  21:01:15,430 ProgressMeter -            done    1.736216811E9    13.8 m            0.0 s      100.0%    13.8 m       0.0 s 
INFO  21:01:15,430 ProgressMeter - Total runtime 826.46 secs, 13.77 min, 0.23 hours 
INFO  21:01:15,431 MicroScheduler - 450683 reads were filtered out during the traversal out of approximately 2574134 total reads (17.51%) 
INFO  21:01:15,431 MicroScheduler -   -> 0 reads (0.00% of total) failing BadCigarFilter 
INFO  21:01:15,431 MicroScheduler -   -> 362803 reads (14.09% of total) failing DuplicateReadFilter 
INFO  21:01:15,431 MicroScheduler -   -> 0 reads (0.00% of total) failing FailsVendorQualityCheckFilter 
INFO  21:01:15,432 MicroScheduler -   -> 87662 reads (3.41% of total) failing HCMappingQualityFilter 
INFO  21:01:15,432 MicroScheduler -   -> 0 reads (0.00% of total) failing MalformedReadFilter 
INFO  21:01:15,432 MicroScheduler -   -> 0 reads (0.00% of total) failing MappingQualityUnavailableFilter 
INFO  21:01:15,432 MicroScheduler -   -> 218 reads (0.01% of total) failing NotPrimaryAlignmentFilter 
INFO  21:01:15,433 MicroScheduler -   -> 0 reads (0.00% of total) failing UnmappedReadFilter 
