INFO  20:24:02,034 HelpFormatter - --------------------------------------------------------------------------------- 
INFO  20:24:02,037 HelpFormatter - The Genome Analysis Toolkit (GATK) v3.4-46-g8ea4dca, Compiled 2015/08/13 20:41:56 
INFO  20:24:02,037 HelpFormatter - Copyright (c) 2010 The Broad Institute 
INFO  20:24:02,037 HelpFormatter - For support and documentation go to http://www.broadinstitute.org/gatk 
INFO  20:24:02,043 HelpFormatter - Program Args: -T PrintReads -I /home/opt/data/broadout/FC1-NA12878-01_S1_L001_R1_001_gatk_best_practices_36t_30s_2015-11-05_19-14-59/FC1-NA12878-01_S1_L001_R1_001_realign.bam -L /home/beris/Broad_Ref_Pipeline_approved_package/workflow_profiler/.queue/scatterGather/ExamplePrintReads-1-sg/temp_08_of_36/scatter.intervals -R /home/beris/Broad_Ref_Pipeline_approved_package/homosapiensrefgenome/Homo_sapiens_assembly19.fasta -BQSR /home/opt/data/broadout/FC1-NA12878-01_S1_L001_R1_001_gatk_best_practices_36t_30s_2015-11-05_19-14-59/FC1-NA12878-01_S1_L001_R1_001_recal.grp -o /home/beris/Broad_Ref_Pipeline_approved_package/workflow_profiler/.queue/scatterGather/ExamplePrintReads-1-sg/temp_08_of_36/FC1-NA12878-01_S1_L001_R1_001_final.bam 
INFO  20:24:02,075 HelpFormatter - Executing as beris@dna on Linux 2.6.32-573.el6.x86_64 amd64; OpenJDK 64-Bit Server VM 1.7.0_79-mockbuild_2015_07_24_09_26-b00. 
INFO  20:24:02,075 HelpFormatter - Date/Time: 2015/11/05 20:24:02 
INFO  20:24:02,075 HelpFormatter - --------------------------------------------------------------------------------- 
INFO  20:24:02,076 HelpFormatter - --------------------------------------------------------------------------------- 
INFO  20:24:02,195 GenomeAnalysisEngine - Strictness is SILENT 
INFO  20:24:03,387 ContextCovariate - 		Context sizes: base substitution model 2, indel substitution model 3 
INFO  20:24:03,439 GenomeAnalysisEngine - Downsampling Settings: No downsampling 
INFO  20:24:03,450 SAMDataSource$SAMReaders - Initializing SAMRecords in serial 
INFO  20:24:03,496 SAMDataSource$SAMReaders - Done initializing BAM readers: total time 0.05 
INFO  20:24:03,521 IntervalUtils - Processing 146364022 bp from intervals 
INFO  20:24:03,607 GenomeAnalysisEngine - Preparing for traversal over 1 BAM files 
INFO  20:24:04,139 GenomeAnalysisEngine - Done preparing for traversal 
INFO  20:24:04,140 ProgressMeter - [INITIALIZATION COMPLETE; STARTING PROCESSING] 
INFO  20:24:04,141 ProgressMeter -                 | processed |    time |    per 1M |           |   total | remaining 
INFO  20:24:04,141 ProgressMeter -        Location |     reads | elapsed |     reads | completed | runtime |   runtime 
INFO  20:24:04,156 ReadShardBalancer$1 - Loading BAM index data 
INFO  20:24:05,010 ReadShardBalancer$1 - Done loading BAM index data 
INFO  20:24:36,328 ProgressMeter -       8:8682350    100026.0    32.0 s       5.4 m        5.9%     9.0 m       8.5 m 
INFO  20:25:07,911 ProgressMeter -      8:39581125    400030.0    63.0 s       2.7 m       27.0%     3.9 m       2.8 m 
INFO  20:25:37,912 ProgressMeter -      8:86574427    700035.0    93.0 s       2.2 m       59.2%     2.6 m      64.0 s 
INFO  20:26:07,913 ProgressMeter -     8:113304967   1100090.0     2.1 m     112.0 s       77.4%     2.6 m      35.0 s 
INFO  20:26:28,688 Walker - [REDUCE RESULT] Traversal result is: org.broadinstitute.gatk.engine.io.stubs.SAMFileWriterStub@3c65666c 
INFO  20:26:29,908 ProgressMeter -            done   1419779.0     2.4 m     102.0 s       99.9%     2.4 m       0.0 s 
INFO  20:26:29,908 ProgressMeter - Total runtime 145.77 secs, 2.43 min, 0.04 hours 
INFO  20:26:29,909 MicroScheduler - 0 reads were filtered out during the traversal out of approximately 1419779 total reads (0.00%) 
INFO  20:26:29,909 MicroScheduler -   -> 0 reads (0.00% of total) failing BadCigarFilter 
INFO  20:26:29,910 MicroScheduler -   -> 0 reads (0.00% of total) failing MalformedReadFilter 
