INFO  16:01:11,211 HelpFormatter - --------------------------------------------------------------------------------- 
INFO  16:01:11,231 HelpFormatter - The Genome Analysis Toolkit (GATK) v3.4-46-g8ea4dca, Compiled 2015/08/13 20:41:56 
INFO  16:01:11,231 HelpFormatter - Copyright (c) 2010 The Broad Institute 
INFO  16:01:11,231 HelpFormatter - For support and documentation go to http://www.broadinstitute.org/gatk 
INFO  16:01:11,234 HelpFormatter - Program Args: -T BaseRecalibrator -I /mnt/sdb/data/broadout/sim1M_pairs_gatk_best_practices_36t_30s_2016-09-26_15-40-42/sim1M_pairs_realign.bam -L /home/bshifaw/gitrepos/Reference-Design/Broad_Ref_Pip/workflow_profiler/.queue/scatterGather/ExampleBaseRecalibrator-1-sg/temp_01_of_36/scatter.intervals -R /mnt/sdb/Broad_Ref_Pipeline_approved_package/homosapiensrefgenome/Homo_sapiens_assembly19.fasta -knownSites /mnt/sdb/Broad_Ref_Pipeline_approved_package/homosapiensrefgenome/Homo_sapiens_assembly19.dbsnp.vcf -o /home/bshifaw/gitrepos/Reference-Design/Broad_Ref_Pip/workflow_profiler/.queue/scatterGather/ExampleBaseRecalibrator-1-sg/temp_01_of_36/sim1M_pairs_recal.grp 
INFO  16:01:11,241 HelpFormatter - Executing as bshifaw@application-0-1.hudson.intel.com on Linux 3.10.0-327.13.1.el7.x86_64 amd64; OpenJDK 64-Bit Server VM 1.8.0_102-b14. 
INFO  16:01:11,241 HelpFormatter - Date/Time: 2016/09/26 16:01:11 
INFO  16:01:11,241 HelpFormatter - --------------------------------------------------------------------------------- 
INFO  16:01:11,241 HelpFormatter - --------------------------------------------------------------------------------- 
INFO  16:01:11,342 GenomeAnalysisEngine - Strictness is SILENT 
INFO  16:01:11,524 GenomeAnalysisEngine - Downsampling Settings: No downsampling 
INFO  16:01:11,530 SAMDataSource$SAMReaders - Initializing SAMRecords in serial 
INFO  16:01:11,631 SAMDataSource$SAMReaders - Done initializing BAM readers: total time 0.10 
INFO  16:01:12,020 IntervalUtils - Processing 249250621 bp from intervals 
INFO  16:01:12,280 GenomeAnalysisEngine - Preparing for traversal over 1 BAM files 
INFO  16:01:12,994 GenomeAnalysisEngine - Done preparing for traversal 
INFO  16:01:12,994 ProgressMeter - [INITIALIZATION COMPLETE; STARTING PROCESSING] 
INFO  16:01:12,994 ProgressMeter -                 | processed |    time |    per 1M |           |   total | remaining 
INFO  16:01:13,014 ProgressMeter -        Location |     reads | elapsed |     reads | completed | runtime |   runtime 
INFO  16:01:13,068 BaseRecalibrator - The covariates being used here:  
INFO  16:01:13,069 BaseRecalibrator - 	ReadGroupCovariate 
INFO  16:01:13,070 BaseRecalibrator - 	QualityScoreCovariate 
INFO  16:01:13,070 BaseRecalibrator - 	ContextCovariate 
INFO  16:01:13,070 ContextCovariate - 		Context sizes: base substitution model 2, indel substitution model 3 
INFO  16:01:13,070 BaseRecalibrator - 	CycleCovariate 
INFO  16:01:13,072 ReadShardBalancer$1 - Loading BAM index data 
INFO  16:01:13,734 ReadShardBalancer$1 - Done loading BAM index data 
INFO  16:01:43,045 ProgressMeter -        Starting         0.0    30.0 s      49.7 w      100.0%    30.0 s       0.0 s 
INFO  16:02:13,048 ProgressMeter -        Starting         0.0    60.0 s      99.3 w      100.0%    60.0 s       0.0 s 
INFO  16:02:43,050 ProgressMeter -     1:184257954         0.0    90.0 s     148.9 w       73.9%     2.0 m      31.0 s 
INFO  16:02:51,151 BaseRecalibrator - Calculating quantized quality scores... 
INFO  16:02:51,172 BaseRecalibrator - Writing recalibration report... 
INFO  16:02:51,941 BaseRecalibrator - ...done! 
INFO  16:02:51,941 BaseRecalibrator - BaseRecalibrator was able to recalibrate 141361 reads 
INFO  16:02:51,942 ProgressMeter -            done    141361.0    98.0 s      11.7 m      100.0%    98.0 s       0.0 s 
INFO  16:02:51,942 ProgressMeter - Total runtime 98.95 secs, 1.65 min, 0.03 hours 
INFO  16:02:51,943 MicroScheduler - 3904 reads were filtered out during the traversal out of approximately 145265 total reads (2.69%) 
INFO  16:02:51,943 MicroScheduler -   -> 0 reads (0.00% of total) failing BadCigarFilter 
INFO  16:02:51,943 MicroScheduler -   -> 0 reads (0.00% of total) failing DuplicateReadFilter 
INFO  16:02:51,943 MicroScheduler -   -> 0 reads (0.00% of total) failing FailsVendorQualityCheckFilter 
INFO  16:02:51,943 MicroScheduler -   -> 0 reads (0.00% of total) failing MalformedReadFilter 
INFO  16:02:51,943 MicroScheduler -   -> 0 reads (0.00% of total) failing MappingQualityUnavailableFilter 
INFO  16:02:51,944 MicroScheduler -   -> 3896 reads (2.68% of total) failing MappingQualityZeroFilter 
INFO  16:02:51,944 MicroScheduler -   -> 8 reads (0.01% of total) failing NotPrimaryAlignmentFilter 
INFO  16:02:51,944 MicroScheduler -   -> 0 reads (0.00% of total) failing UnmappedReadFilter 
