INFO  20:06:28,170 HelpFormatter - --------------------------------------------------------------------------------- 
INFO  20:06:28,174 HelpFormatter - The Genome Analysis Toolkit (GATK) v3.4-46-g8ea4dca, Compiled 2015/08/13 20:41:56 
INFO  20:06:28,174 HelpFormatter - Copyright (c) 2010 The Broad Institute 
INFO  20:06:28,174 HelpFormatter - For support and documentation go to http://www.broadinstitute.org/gatk 
INFO  20:06:28,178 HelpFormatter - Program Args: -T PrintReads -I /mnt/nvme0n1/data/broadout/HG02561_gatk_best_practices_8t_30s_2016-07-06_18-21-00/HG02561_realign.bam -L /mnt/nvme0n1/Broad_Ref_Pipeline_approved_package/workflow_profiler/.queue/scatterGather/ExamplePrintReads-1-sg/temp_27_of_36/scatter.intervals -R /mnt/nvme0n1/Broad_Ref_Pipeline_approved_package/b37bundle/human_g1k_v37.fasta -BQSR /mnt/nvme0n1/data/broadout/HG02561_gatk_best_practices_8t_30s_2016-07-06_18-21-00/HG02561_recal.grp -o /mnt/nvme0n1/Broad_Ref_Pipeline_approved_package/workflow_profiler/.queue/scatterGather/ExamplePrintReads-1-sg/temp_27_of_36/HG02561_final.bam 
INFO  20:06:28,217 HelpFormatter - Executing as bshifaw@application-1-1.hudson.intel.com on Linux 3.10.0-327.el7.x86_64 amd64; OpenJDK 64-Bit Server VM 1.8.0_91-b14. 
INFO  20:06:28,217 HelpFormatter - Date/Time: 2016/07/06 20:06:28 
INFO  20:06:28,217 HelpFormatter - --------------------------------------------------------------------------------- 
INFO  20:06:28,218 HelpFormatter - --------------------------------------------------------------------------------- 
INFO  20:06:28,671 GenomeAnalysisEngine - Strictness is SILENT 
INFO  20:06:31,238 ContextCovariate - 		Context sizes: base substitution model 2, indel substitution model 3 
INFO  20:06:31,470 GenomeAnalysisEngine - Downsampling Settings: No downsampling 
INFO  20:06:31,566 SAMDataSource$SAMReaders - Initializing SAMRecords in serial 
INFO  20:06:31,729 SAMDataSource$SAMReaders - Done initializing BAM readers: total time 0.16 
INFO  20:06:31,840 IntervalUtils - Processing 15008 bp from intervals 
INFO  20:06:32,346 GenomeAnalysisEngine - Preparing for traversal over 1 BAM files 
INFO  20:06:32,614 GenomeAnalysisEngine - Done preparing for traversal 
INFO  20:06:32,614 ProgressMeter - [INITIALIZATION COMPLETE; STARTING PROCESSING] 
INFO  20:06:32,617 ProgressMeter -                 | processed |    time |    per 1M |           |   total | remaining 
INFO  20:06:32,624 ProgressMeter -        Location |     reads | elapsed |     reads | completed | runtime |   runtime 
INFO  20:06:32,699 ReadShardBalancer$1 - Loading BAM index data 
INFO  20:06:32,702 ReadShardBalancer$1 - Done loading BAM index data 
INFO  20:06:33,453 Walker - [REDUCE RESULT] Traversal result is: org.broadinstitute.gatk.engine.io.stubs.SAMFileWriterStub@5b58129f 
INFO  20:06:33,530 ProgressMeter -            done         9.0     0.0 s      27.8 h       15.9%     0.0 s       0.0 s 
INFO  20:06:33,530 ProgressMeter - Total runtime 0.92 secs, 0.02 min, 0.00 hours 
INFO  20:06:33,530 MicroScheduler - 0 reads were filtered out during the traversal out of approximately 9 total reads (0.00%) 
INFO  20:06:33,535 MicroScheduler -   -> 0 reads (0.00% of total) failing BadCigarFilter 
INFO  20:06:33,535 MicroScheduler -   -> 0 reads (0.00% of total) failing MalformedReadFilter 
