INFO  16:52:40,010 HelpFormatter - --------------------------------------------------------------------------------- 
INFO  16:52:40,012 HelpFormatter - The Genome Analysis Toolkit (GATK) v3.4-46-g8ea4dca, Compiled 2015/08/13 20:41:56 
INFO  16:52:40,013 HelpFormatter - Copyright (c) 2010 The Broad Institute 
INFO  16:52:40,013 HelpFormatter - For support and documentation go to http://www.broadinstitute.org/gatk 
INFO  16:52:40,018 HelpFormatter - Program Args: -T BaseRecalibrator -I /cluster_share/data/out/HG02769_gatk_best_practices_36t_30s_2016-11-28_15-18-37/HG02769_realign.bam -L /cluster_share/data/Broad_Ref_Pipeline_approved_package/workflow_profiler/.queue/scatterGather/ExampleBaseRecalibrator-1-sg/temp_18_of_24/scatter.intervals -R /cluster_share/data/reference/b37bundle/human_g1k_v37.fasta -knownSites /cluster_share/data/reference/b37bundle/dbsnp_138.b37.vcf -o /cluster_share/data/Broad_Ref_Pipeline_approved_package/workflow_profiler/.queue/scatterGather/ExampleBaseRecalibrator-1-sg/temp_18_of_24/HG02769_recal.grp 
INFO  16:52:40,024 HelpFormatter - Executing as bshifaw@compute-1-1.hudson.intel.com on Linux 3.10.0-327.13.1.el7.x86_64 amd64; OpenJDK 64-Bit Server VM 1.8.0_111-b15. 
INFO  16:52:40,025 HelpFormatter - Date/Time: 2016/11/28 16:52:40 
INFO  16:52:40,025 HelpFormatter - --------------------------------------------------------------------------------- 
INFO  16:52:40,025 HelpFormatter - --------------------------------------------------------------------------------- 
INFO  16:52:40,106 GenomeAnalysisEngine - Strictness is SILENT 
INFO  16:52:40,310 GenomeAnalysisEngine - Downsampling Settings: No downsampling 
INFO  16:52:40,322 SAMDataSource$SAMReaders - Initializing SAMRecords in serial 
INFO  16:52:40,477 SAMDataSource$SAMReaders - Done initializing BAM readers: total time 0.15 
WARN  16:52:40,621 FSLockWithShared$LockAcquisitionTask - WARNING: Unable to lock file /cluster_share/data/reference/b37bundle/dbsnp_138.b37.vcf.idx because an IOException occurred with message: Function not implemented. 
INFO  16:52:40,632 RMDTrackBuilder - Could not acquire a shared lock on index file /cluster_share/data/reference/b37bundle/dbsnp_138.b37.vcf.idx, falling back to using an in-memory index for this GATK run. 
INFO  16:57:09,261 IntervalUtils - Processing 773504 bp from intervals 
INFO  16:57:09,346 GenomeAnalysisEngine - Preparing for traversal over 1 BAM files 
INFO  16:57:09,442 GenomeAnalysisEngine - Done preparing for traversal 
INFO  16:57:09,443 ProgressMeter - [INITIALIZATION COMPLETE; STARTING PROCESSING] 
INFO  16:57:09,444 ProgressMeter -                 | processed |    time |    per 1M |           |   total | remaining 
INFO  16:57:09,444 ProgressMeter -        Location |     reads | elapsed |     reads | completed | runtime |   runtime 
INFO  16:57:09,468 BaseRecalibrator - The covariates being used here:  
INFO  16:57:09,469 BaseRecalibrator - 	ReadGroupCovariate 
INFO  16:57:09,469 BaseRecalibrator - 	QualityScoreCovariate 
INFO  16:57:09,469 BaseRecalibrator - 	ContextCovariate 
INFO  16:57:09,469 ContextCovariate - 		Context sizes: base substitution model 2, indel substitution model 3 
INFO  16:57:09,469 BaseRecalibrator - 	CycleCovariate 
INFO  16:57:09,473 ReadShardBalancer$1 - Loading BAM index data 
INFO  16:57:09,526 ReadShardBalancer$1 - Done loading BAM index data 
INFO  16:57:39,455 ProgressMeter -     18:31803001    400006.0    30.0 s      75.0 s       47.6%    63.0 s      33.0 s 
INFO  16:58:09,362 BaseRecalibrator - Calculating quantized quality scores... 
INFO  16:58:09,390 BaseRecalibrator - Writing recalibration report... 
INFO  16:58:09,457 ProgressMeter -     18:78005274   1000015.0    60.0 s      60.0 s      100.0%    60.0 s       0.0 s 
INFO  16:58:10,659 BaseRecalibrator - ...done! 
INFO  16:58:10,660 BaseRecalibrator - BaseRecalibrator was able to recalibrate 1059357 reads 
INFO  16:58:10,661 ProgressMeter -            done   1059357.0    61.0 s      57.0 s      100.0%    61.0 s       0.0 s 
INFO  16:58:10,661 ProgressMeter - Total runtime 61.22 secs, 1.02 min, 0.02 hours 
INFO  16:58:10,661 MicroScheduler - 195712 reads were filtered out during the traversal out of approximately 1255069 total reads (15.59%) 
INFO  16:58:10,661 MicroScheduler -   -> 0 reads (0.00% of total) failing BadCigarFilter 
INFO  16:58:10,661 MicroScheduler -   -> 158247 reads (12.61% of total) failing DuplicateReadFilter 
INFO  16:58:10,661 MicroScheduler -   -> 0 reads (0.00% of total) failing FailsVendorQualityCheckFilter 
INFO  16:58:10,662 MicroScheduler -   -> 0 reads (0.00% of total) failing MalformedReadFilter 
INFO  16:58:10,662 MicroScheduler -   -> 0 reads (0.00% of total) failing MappingQualityUnavailableFilter 
INFO  16:58:10,662 MicroScheduler -   -> 37352 reads (2.98% of total) failing MappingQualityZeroFilter 
INFO  16:58:10,662 MicroScheduler -   -> 113 reads (0.01% of total) failing NotPrimaryAlignmentFilter 
INFO  16:58:10,662 MicroScheduler -   -> 0 reads (0.00% of total) failing UnmappedReadFilter 
