INFO  20:39:39,421 HelpFormatter - --------------------------------------------------------------------------------- 
INFO  20:39:39,424 HelpFormatter - The Genome Analysis Toolkit (GATK) v3.4-46-g8ea4dca, Compiled 2015/08/13 20:41:56 
INFO  20:39:39,424 HelpFormatter - Copyright (c) 2010 The Broad Institute 
INFO  20:39:39,424 HelpFormatter - For support and documentation go to http://www.broadinstitute.org/gatk 
INFO  20:39:39,427 HelpFormatter - Program Args: -T HaplotypeCaller -I /home/opt/data/broadout/FC1-NA12878-01_S1_L001_R1_001_gatk_best_practices_36t_30s_2015-11-05_19-14-59/FC1-NA12878-01_S1_L001_R1_001_realign.bam -L /home/beris/Broad_Ref_Pipeline_approved_package/workflow_profiler/.queue/scatterGather/ExampleHaplotypeCaller-1-sg/temp_09_of_36/scatter.intervals -R /home/beris/Broad_Ref_Pipeline_approved_package/homosapiensrefgenome/Homo_sapiens_assembly19.fasta -variant_index_type LINEAR -variant_index_parameter 128000 -o /home/beris/Broad_Ref_Pipeline_approved_package/workflow_profiler/.queue/scatterGather/ExampleHaplotypeCaller-1-sg/temp_09_of_36/FC1-NA12878-01_S1_L001_R1_001_realign.bam_HaplotypeCaller.g.vcf -ERC GVCF 
INFO  20:39:39,436 HelpFormatter - Executing as beris@dna on Linux 2.6.32-573.el6.x86_64 amd64; OpenJDK 64-Bit Server VM 1.7.0_79-mockbuild_2015_07_24_09_26-b00. 
INFO  20:39:39,437 HelpFormatter - Date/Time: 2015/11/05 20:39:39 
INFO  20:39:39,437 HelpFormatter - --------------------------------------------------------------------------------- 
INFO  20:39:39,438 HelpFormatter - --------------------------------------------------------------------------------- 
WARN  20:39:39,473 GATKVCFUtils - Naming your output file using the .g.vcf extension will automatically set the appropriate values  for --variant_index_type and --variant_index_parameter 
INFO  20:39:39,632 GenomeAnalysisEngine - Strictness is SILENT 
INFO  20:39:39,791 GenomeAnalysisEngine - Downsampling Settings: Method: BY_SAMPLE, Target Coverage: 500 
INFO  20:39:39,802 SAMDataSource$SAMReaders - Initializing SAMRecords in serial 
INFO  20:39:39,858 SAMDataSource$SAMReaders - Done initializing BAM readers: total time 0.06 
INFO  20:39:39,865 HCMappingQualityFilter - Filtering out reads with MAPQ < 20 
INFO  20:39:40,053 IntervalUtils - Processing 1017715 bp from intervals 
INFO  20:39:40,135 GenomeAnalysisEngine - Preparing for traversal over 1 BAM files 
INFO  20:39:40,383 GenomeAnalysisEngine - Done preparing for traversal 
INFO  20:39:40,383 ProgressMeter - [INITIALIZATION COMPLETE; STARTING PROCESSING] 
INFO  20:39:40,384 ProgressMeter -                 |      processed |    time |         per 1M |           |   total | remaining 
INFO  20:39:40,384 ProgressMeter -        Location | active regions | elapsed | active regions | completed | runtime |   runtime 
INFO  20:39:40,385 HaplotypeCaller - Standard Emitting and Calling confidence set to 0.0 for reference-model confidence output 
INFO  20:39:40,385 HaplotypeCaller - All sites annotated with PLs forced to true for reference-model confidence output 
INFO  20:39:40,538 HaplotypeCaller - Using global mismapping rate of 45 => -4.5 in log10 likelihood units 
Using AVX accelerated implementation of PairHMM
INFO  20:39:41,602 VectorLoglessPairHMM - libVectorLoglessPairHMM unpacked successfully from GATK jar file 
INFO  20:39:41,603 VectorLoglessPairHMM - Using vectorized implementation of PairHMM 
WARN  20:39:41,819 HaplotypeScore - Annotation will not be calculated, must be called from UnifiedGenotyper 
WARN  20:39:41,820 InbreedingCoeff - Annotation will not be calculated, must provide a valid PED file (-ped) from the command line. 
INFO  20:40:10,388 ProgressMeter -     3:170943273      9.4073129E7    30.0 s            0.0 s       18.1%     2.8 m       2.3 m 
INFO  20:40:40,390 ProgressMeter -        4:420713     6.35133999E8    60.0 s            0.0 s       49.7%   120.0 s      60.0 s 
INFO  20:41:10,393 ProgressMeter -      4:39901995     9.64350746E8    90.0 s            0.0 s       83.7%   107.0 s      17.0 s 
INFO  20:41:24,509 VectorLoglessPairHMM - Time spent in setup for JNI call : 0.036776355000000004 
INFO  20:41:24,509 PairHMM - Total compute time in PairHMM computeLikelihoods() : 6.109000766 
INFO  20:41:24,510 HaplotypeCaller - Ran local assembly on 10177 active regions 
INFO  20:41:24,518 ProgressMeter -            done      1.3420053E9   104.0 s            0.0 s      100.0%   104.0 s       0.0 s 
INFO  20:41:24,518 ProgressMeter - Total runtime 104.14 secs, 1.74 min, 0.03 hours 
INFO  20:41:24,519 MicroScheduler - 155294 reads were filtered out during the traversal out of approximately 528558 total reads (29.38%) 
INFO  20:41:24,519 MicroScheduler -   -> 0 reads (0.00% of total) failing BadCigarFilter 
INFO  20:41:24,519 MicroScheduler -   -> 128250 reads (24.26% of total) failing DuplicateReadFilter 
INFO  20:41:24,519 MicroScheduler -   -> 0 reads (0.00% of total) failing FailsVendorQualityCheckFilter 
INFO  20:41:24,519 MicroScheduler -   -> 26996 reads (5.11% of total) failing HCMappingQualityFilter 
INFO  20:41:24,520 MicroScheduler -   -> 0 reads (0.00% of total) failing MalformedReadFilter 
INFO  20:41:24,520 MicroScheduler -   -> 0 reads (0.00% of total) failing MappingQualityUnavailableFilter 
INFO  20:41:24,520 MicroScheduler -   -> 48 reads (0.01% of total) failing NotPrimaryAlignmentFilter 
INFO  20:41:24,520 MicroScheduler -   -> 0 reads (0.00% of total) failing UnmappedReadFilter 
