INFO  19:03:19,743 HelpFormatter - --------------------------------------------------------------------------------- 
INFO  19:03:19,746 HelpFormatter - The Genome Analysis Toolkit (GATK) v3.4-46-g8ea4dca, Compiled 2015/08/13 20:41:56 
INFO  19:03:19,746 HelpFormatter - Copyright (c) 2010 The Broad Institute 
INFO  19:03:19,747 HelpFormatter - For support and documentation go to http://www.broadinstitute.org/gatk 
INFO  19:03:19,754 HelpFormatter - Program Args: -T HaplotypeCaller -I /mnt/sdb/data/broadout/HG02769_gatk_best_practices_8t_30s_2016-07-25_16-38-44/HG02769_final.bam -L /mnt/sdb/Broad_Ref_Pipeline_approved_package/workflow_profiler/.queue/scatterGather/ExampleHaplotypeCaller-1-sg/temp_09_of_36/scatter.intervals -R /mnt/sdb/Broad_Ref_Pipeline_approved_package/b37bundle/human_g1k_v37.fasta -variant_index_type LINEAR -variant_index_parameter 128000 -o /mnt/sdb/Broad_Ref_Pipeline_approved_package/workflow_profiler/.queue/scatterGather/ExampleHaplotypeCaller-1-sg/temp_09_of_36/HG02769_HaplotypeCaller.g.vcf -ERC GVCF 
INFO  19:03:19,771 HelpFormatter - Executing as bshifaw@application-0-1.hudson.intel.com on Linux 3.10.0-327.el7.x86_64 amd64; OpenJDK 64-Bit Server VM 1.8.0_101-b13. 
INFO  19:03:19,772 HelpFormatter - Date/Time: 2016/07/25 19:03:19 
INFO  19:03:19,772 HelpFormatter - --------------------------------------------------------------------------------- 
INFO  19:03:19,773 HelpFormatter - --------------------------------------------------------------------------------- 
WARN  19:03:19,789 GATKVCFUtils - Naming your output file using the .g.vcf extension will automatically set the appropriate values  for --variant_index_type and --variant_index_parameter 
INFO  19:03:19,977 GenomeAnalysisEngine - Strictness is SILENT 
INFO  19:03:20,182 GenomeAnalysisEngine - Downsampling Settings: Method: BY_SAMPLE, Target Coverage: 500 
INFO  19:03:20,203 SAMDataSource$SAMReaders - Initializing SAMRecords in serial 
INFO  19:03:20,385 SAMDataSource$SAMReaders - Done initializing BAM readers: total time 0.18 
INFO  19:03:20,413 HCMappingQualityFilter - Filtering out reads with MAPQ < 20 
INFO  19:03:20,613 IntervalUtils - Processing 1437965 bp from intervals 
INFO  19:03:21,084 GenomeAnalysisEngine - Preparing for traversal over 1 BAM files 
INFO  19:03:21,569 GenomeAnalysisEngine - Done preparing for traversal 
INFO  19:03:21,569 ProgressMeter - [INITIALIZATION COMPLETE; STARTING PROCESSING] 
INFO  19:03:21,570 ProgressMeter -                 |      processed |    time |         per 1M |           |   total | remaining 
INFO  19:03:21,571 ProgressMeter -        Location | active regions | elapsed | active regions | completed | runtime |   runtime 
INFO  19:03:21,600 HaplotypeCaller - Standard Emitting and Calling confidence set to 0.0 for reference-model confidence output 
INFO  19:03:21,601 HaplotypeCaller - All sites annotated with PLs forced to true for reference-model confidence output 
INFO  19:03:22,151 HaplotypeCaller - Using global mismapping rate of 45 => -4.5 in log10 likelihood units 
Using AVX accelerated implementation of PairHMM
INFO  19:03:30,155 VectorLoglessPairHMM - libVectorLoglessPairHMM unpacked successfully from GATK jar file 
INFO  19:03:30,156 VectorLoglessPairHMM - Using vectorized implementation of PairHMM 
WARN  19:03:30,681 HaplotypeScore - Annotation will not be calculated, must be called from UnifiedGenotyper 
WARN  19:03:30,681 InbreedingCoeff - Annotation will not be calculated, must provide a valid PED file (-ped) from the command line. 
INFO  19:03:51,622 ProgressMeter -     3:158402261         141866.0    30.0 s            3.5 m        0.6%    85.9 m      85.4 m 
INFO  19:04:21,625 ProgressMeter -     3:160149460        1500576.0    60.0 s           40.0 s        2.0%    50.6 m      49.6 m 
INFO  19:04:51,626 ProgressMeter -     3:167223043        7111241.0    90.0 s           12.0 s        4.6%    32.7 m      31.2 m 
INFO  19:05:21,626 ProgressMeter -     3:170584119      2.1186923E7   120.0 s            5.0 s        7.9%    25.2 m      23.2 m 
INFO  19:05:51,629 ProgressMeter -     3:178927331      4.7474888E7     2.5 m            3.0 s       11.5%    21.8 m      19.3 m 
INFO  19:06:21,630 ProgressMeter -     3:183217326      9.3877444E7     3.0 m            1.0 s       15.9%    18.9 m      15.9 m 
INFO  19:06:51,634 ProgressMeter -     3:184040819     1.31831356E8     3.5 m            1.0 s       20.0%    17.5 m      14.0 m 
INFO  19:07:21,640 ProgressMeter -     3:186387675     2.08946462E8     4.0 m            1.0 s       25.0%    16.0 m      12.0 m 
INFO  19:07:51,641 ProgressMeter -     3:193183762     2.94750443E8     4.5 m            0.0 s       29.3%    15.3 m      10.8 m 
INFO  19:08:21,641 ProgressMeter -     3:196199405     3.99994091E8     5.0 m            0.0 s       34.2%    14.6 m       9.6 m 
INFO  19:08:51,650 ProgressMeter -        4:650611      4.9201193E8     5.5 m            0.0 s       38.6%    14.3 m       8.8 m 
INFO  19:09:21,651 ProgressMeter -       4:2242414     5.05111034E8     6.0 m            0.0 s       44.2%    13.6 m       7.6 m 
INFO  19:09:51,652 ProgressMeter -       4:4198841      5.3119449E8     6.5 m            0.0 s       48.7%    13.4 m       6.9 m 
INFO  19:10:21,653 ProgressMeter -       4:6863866     5.65597808E8     7.0 m            0.0 s       52.3%    13.4 m       6.4 m 
INFO  19:10:51,654 ProgressMeter -      4:13605173     6.23172307E8     7.5 m            0.0 s       57.4%    13.1 m       5.6 m 
INFO  19:11:21,655 ProgressMeter -      4:25256635     7.27374961E8     8.0 m            0.0 s       63.4%    12.6 m       4.6 m 
INFO  19:11:51,656 ProgressMeter -      4:38924566     8.12032936E8     8.5 m            0.0 s       68.1%    12.5 m       4.0 m 
INFO  19:12:21,658 ProgressMeter -      4:42583586     9.49256453E8     9.0 m            0.0 s       73.7%    12.2 m       3.2 m 
INFO  19:12:51,659 ProgressMeter -      4:49000506     1.10395443E9     9.5 m            0.0 s       79.0%    12.0 m       2.5 m 
INFO  19:13:21,660 ProgressMeter -      4:57861365    1.312635033E9    10.0 m            0.0 s       85.6%    11.7 m     101.0 s 
INFO  19:13:51,685 ProgressMeter -      4:70152418    1.486610811E9    10.5 m            0.0 s       90.1%    11.7 m      69.0 s 
INFO  19:14:21,686 ProgressMeter -      4:76582056    1.800317248E9    11.0 m            0.0 s       97.6%    11.3 m      16.0 s 
INFO  19:14:35,845 VectorLoglessPairHMM - Time spent in setup for JNI call : 0.551985802 
INFO  19:14:35,845 PairHMM - Total compute time in PairHMM computeLikelihoods() : 51.49238556700001 
INFO  19:14:35,846 HaplotypeCaller - Ran local assembly on 8635 active regions 
INFO  19:14:35,853 ProgressMeter -            done     1.91836581E9    11.2 m            0.0 s      100.0%    11.2 m       0.0 s 
INFO  19:14:35,854 ProgressMeter - Total runtime 674.28 secs, 11.24 min, 0.19 hours 
INFO  19:14:35,854 MicroScheduler - 351674 reads were filtered out during the traversal out of approximately 2401198 total reads (14.65%) 
INFO  19:14:35,854 MicroScheduler -   -> 0 reads (0.00% of total) failing BadCigarFilter 
INFO  19:14:35,855 MicroScheduler -   -> 310109 reads (12.91% of total) failing DuplicateReadFilter 
INFO  19:14:35,855 MicroScheduler -   -> 0 reads (0.00% of total) failing FailsVendorQualityCheckFilter 
INFO  19:14:35,856 MicroScheduler -   -> 41298 reads (1.72% of total) failing HCMappingQualityFilter 
INFO  19:14:35,856 MicroScheduler -   -> 0 reads (0.00% of total) failing MalformedReadFilter 
INFO  19:14:35,856 MicroScheduler -   -> 0 reads (0.00% of total) failing MappingQualityUnavailableFilter 
INFO  19:14:35,856 MicroScheduler -   -> 267 reads (0.01% of total) failing NotPrimaryAlignmentFilter 
INFO  19:14:35,857 MicroScheduler -   -> 0 reads (0.00% of total) failing UnmappedReadFilter 
