INFO  14:18:41,535 HelpFormatter - --------------------------------------------------------------------------------- 
INFO  14:18:41,570 HelpFormatter - The Genome Analysis Toolkit (GATK) v3.4-46-g8ea4dca, Compiled 2015/08/13 20:41:56 
INFO  14:18:41,571 HelpFormatter - Copyright (c) 2010 The Broad Institute 
INFO  14:18:41,571 HelpFormatter - For support and documentation go to http://www.broadinstitute.org/gatk 
INFO  14:18:41,576 HelpFormatter - Program Args: -T IndelRealigner -I /mnt/sdb/data/broadout/sim1M_pairs_gatk_best_practices_12t_30s_2016-07-25_14-09-52/sim1M_pairs_dupRem.bam -L /mnt/sdb/Broad_Ref_Pipeline_approved_package/workflow_profiler/.queue/scatterGather/ExampleIndelRealigner-1-sg/temp_27_of_36/scatter.intervals -R /mnt/sdb/Broad_Ref_Pipeline_approved_package/b37bundle/human_g1k_v37.fasta -known /mnt/sdb/Broad_Ref_Pipeline_approved_package/b37bundle/1000G_phase1.indels.b37.vcf -targetIntervals /mnt/sdb/data/broadout/sim1M_pairs_gatk_best_practices_12t_30s_2016-07-25_14-09-52/sim1M_pairs_realn.intervals -o /mnt/sdb/Broad_Ref_Pipeline_approved_package/workflow_profiler/.queue/scatterGather/ExampleIndelRealigner-1-sg/temp_27_of_36/sim1M_pairs_realign.bam -filterNoBases 
INFO  14:18:41,583 HelpFormatter - Executing as bshifaw@application-0-1.hudson.intel.com on Linux 3.10.0-327.el7.x86_64 amd64; OpenJDK 64-Bit Server VM 1.8.0_101-b13. 
INFO  14:18:41,585 HelpFormatter - Date/Time: 2016/07/25 14:18:41 
INFO  14:18:41,586 HelpFormatter - --------------------------------------------------------------------------------- 
INFO  14:18:41,586 HelpFormatter - --------------------------------------------------------------------------------- 
INFO  14:18:41,959 GenomeAnalysisEngine - Strictness is SILENT 
INFO  14:18:42,232 GenomeAnalysisEngine - Downsampling Settings: No downsampling 
INFO  14:18:42,254 SAMDataSource$SAMReaders - Initializing SAMRecords in serial 
INFO  14:18:42,395 SAMDataSource$SAMReaders - Done initializing BAM readers: total time 0.14 
INFO  14:18:42,643 IntervalUtils - Processing 15008 bp from intervals 
INFO  14:18:42,887 GenomeAnalysisEngine - Preparing for traversal over 1 BAM files 
INFO  14:18:43,047 GenomeAnalysisEngine - Done preparing for traversal 
INFO  14:18:43,067 ProgressMeter - [INITIALIZATION COMPLETE; STARTING PROCESSING] 
INFO  14:18:43,068 ProgressMeter -                 | processed |    time |    per 1M |           |   total | remaining 
INFO  14:18:43,068 ProgressMeter -        Location |     reads | elapsed |     reads | completed | runtime |   runtime 
INFO  14:18:43,264 ReadShardBalancer$1 - Loading BAM index data 
INFO  14:18:43,274 ReadShardBalancer$1 - Done loading BAM index data 
INFO  14:18:43,433 ProgressMeter -            done        10.0     0.0 s      10.5 h       31.4%     0.0 s       0.0 s 
INFO  14:18:43,433 ProgressMeter - Total runtime 0.38 secs, 0.01 min, 0.00 hours 
INFO  14:18:43,438 MicroScheduler - 0 reads were filtered out during the traversal out of approximately 10 total reads (0.00%) 
INFO  14:18:43,460 MicroScheduler -   -> 0 reads (0.00% of total) failing BadCigarFilter 
INFO  14:18:43,465 MicroScheduler -   -> 0 reads (0.00% of total) failing MalformedReadFilter 
