INFO  20:17:54,242 HelpFormatter - --------------------------------------------------------------------------------- 
INFO  20:17:54,244 HelpFormatter - The Genome Analysis Toolkit (GATK) v3.4-46-g8ea4dca, Compiled 2015/08/13 20:41:56 
INFO  20:17:54,244 HelpFormatter - Copyright (c) 2010 The Broad Institute 
INFO  20:17:54,244 HelpFormatter - For support and documentation go to http://www.broadinstitute.org/gatk 
INFO  20:17:54,250 HelpFormatter - Program Args: -T BaseRecalibrator -I /home/opt/data/broadout/FC1-NA12878-01_S1_L001_R1_001_gatk_best_practices_36t_30s_2015-11-05_19-14-59/FC1-NA12878-01_S1_L001_R1_001_realign.bam -L /home/beris/Broad_Ref_Pipeline_approved_package/workflow_profiler/.queue/scatterGather/ExampleBaseRecalibrator-1-sg/temp_14_of_24/scatter.intervals -R /home/beris/Broad_Ref_Pipeline_approved_package/homosapiensrefgenome/Homo_sapiens_assembly19.fasta -knownSites /home/beris/Broad_Ref_Pipeline_approved_package/homosapiensrefgenome/Homo_sapiens_assembly19.dbsnp.vcf -o /home/beris/Broad_Ref_Pipeline_approved_package/workflow_profiler/.queue/scatterGather/ExampleBaseRecalibrator-1-sg/temp_14_of_24/FC1-NA12878-01_S1_L001_R1_001_recal.grp 
INFO  20:17:54,257 HelpFormatter - Executing as beris@dna on Linux 2.6.32-573.el6.x86_64 amd64; OpenJDK 64-Bit Server VM 1.7.0_79-mockbuild_2015_07_24_09_26-b00. 
INFO  20:17:54,257 HelpFormatter - Date/Time: 2015/11/05 20:17:54 
INFO  20:17:54,257 HelpFormatter - --------------------------------------------------------------------------------- 
INFO  20:17:54,258 HelpFormatter - --------------------------------------------------------------------------------- 
INFO  20:17:54,345 GenomeAnalysisEngine - Strictness is SILENT 
INFO  20:17:54,458 GenomeAnalysisEngine - Downsampling Settings: No downsampling 
INFO  20:17:54,469 SAMDataSource$SAMReaders - Initializing SAMRecords in serial 
INFO  20:17:54,515 SAMDataSource$SAMReaders - Done initializing BAM readers: total time 0.05 
INFO  20:17:54,918 IntervalUtils - Processing 1253705 bp from intervals 
INFO  20:17:55,008 GenomeAnalysisEngine - Preparing for traversal over 1 BAM files 
INFO  20:17:55,283 GenomeAnalysisEngine - Done preparing for traversal 
INFO  20:17:55,283 ProgressMeter - [INITIALIZATION COMPLETE; STARTING PROCESSING] 
INFO  20:17:55,284 ProgressMeter -                 | processed |    time |    per 1M |           |   total | remaining 
INFO  20:17:55,284 ProgressMeter -        Location |     reads | elapsed |     reads | completed | runtime |   runtime 
INFO  20:17:55,443 BaseRecalibrator - The covariates being used here:  
INFO  20:17:55,443 BaseRecalibrator - 	ReadGroupCovariate 
INFO  20:17:55,443 BaseRecalibrator - 	QualityScoreCovariate 
INFO  20:17:55,444 BaseRecalibrator - 	ContextCovariate 
INFO  20:17:55,444 ContextCovariate - 		Context sizes: base substitution model 2, indel substitution model 3 
INFO  20:17:55,444 BaseRecalibrator - 	CycleCovariate 
INFO  20:17:55,447 ReadShardBalancer$1 - Loading BAM index data 
INFO  20:17:55,764 ReadShardBalancer$1 - Done loading BAM index data 
INFO  20:18:25,637 ProgressMeter -     14:36134004         0.0    30.0 s      50.2 w       26.4%   113.0 s      83.0 s 
INFO  20:18:55,639 ProgressMeter -     14:71429028    200004.0    60.0 s       5.0 m       56.1%   106.0 s      46.0 s 
INFO  20:19:15,774 BaseRecalibrator - Calculating quantized quality scores... 
INFO  20:19:15,827 BaseRecalibrator - Writing recalibration report... 
INFO  20:19:16,685 BaseRecalibrator - ...done! 
INFO  20:19:16,685 BaseRecalibrator - BaseRecalibrator was able to recalibrate 402754 reads 
INFO  20:19:16,687 ProgressMeter -            done    402754.0    81.0 s       3.4 m      100.0%    81.0 s       0.0 s 
INFO  20:19:16,687 ProgressMeter - Total runtime 81.40 secs, 1.36 min, 0.02 hours 
INFO  20:19:16,688 MicroScheduler - 152176 reads were filtered out during the traversal out of approximately 554930 total reads (27.42%) 
INFO  20:19:16,688 MicroScheduler -   -> 0 reads (0.00% of total) failing BadCigarFilter 
INFO  20:19:16,688 MicroScheduler -   -> 145538 reads (26.23% of total) failing DuplicateReadFilter 
INFO  20:19:16,688 MicroScheduler -   -> 0 reads (0.00% of total) failing FailsVendorQualityCheckFilter 
INFO  20:19:16,689 MicroScheduler -   -> 0 reads (0.00% of total) failing MalformedReadFilter 
INFO  20:19:16,689 MicroScheduler -   -> 0 reads (0.00% of total) failing MappingQualityUnavailableFilter 
INFO  20:19:16,689 MicroScheduler -   -> 6594 reads (1.19% of total) failing MappingQualityZeroFilter 
INFO  20:19:16,689 MicroScheduler -   -> 44 reads (0.01% of total) failing NotPrimaryAlignmentFilter 
INFO  20:19:16,689 MicroScheduler -   -> 0 reads (0.00% of total) failing UnmappedReadFilter 
