INFO  16:52:39,819 HelpFormatter - --------------------------------------------------------------------------------- 
INFO  16:52:39,827 HelpFormatter - The Genome Analysis Toolkit (GATK) v3.4-46-g8ea4dca, Compiled 2015/08/13 20:41:56 
INFO  16:52:39,827 HelpFormatter - Copyright (c) 2010 The Broad Institute 
INFO  16:52:39,827 HelpFormatter - For support and documentation go to http://www.broadinstitute.org/gatk 
INFO  16:52:39,830 HelpFormatter - Program Args: -T BaseRecalibrator -I /cluster_share/data/out/HG02769_gatk_best_practices_36t_30s_2016-11-28_15-18-37/HG02769_realign.bam -L /cluster_share/data/Broad_Ref_Pipeline_approved_package/workflow_profiler/.queue/scatterGather/ExampleBaseRecalibrator-1-sg/temp_14_of_24/scatter.intervals -R /cluster_share/data/reference/b37bundle/human_g1k_v37.fasta -knownSites /cluster_share/data/reference/b37bundle/dbsnp_138.b37.vcf -o /cluster_share/data/Broad_Ref_Pipeline_approved_package/workflow_profiler/.queue/scatterGather/ExampleBaseRecalibrator-1-sg/temp_14_of_24/HG02769_recal.grp 
INFO  16:52:39,845 HelpFormatter - Executing as bshifaw@compute-1-1.hudson.intel.com on Linux 3.10.0-327.13.1.el7.x86_64 amd64; OpenJDK 64-Bit Server VM 1.8.0_111-b15. 
INFO  16:52:39,845 HelpFormatter - Date/Time: 2016/11/28 16:52:39 
INFO  16:52:39,845 HelpFormatter - --------------------------------------------------------------------------------- 
INFO  16:52:39,846 HelpFormatter - --------------------------------------------------------------------------------- 
INFO  16:52:39,974 GenomeAnalysisEngine - Strictness is SILENT 
INFO  16:52:40,150 GenomeAnalysisEngine - Downsampling Settings: No downsampling 
INFO  16:52:40,156 SAMDataSource$SAMReaders - Initializing SAMRecords in serial 
INFO  16:52:40,250 SAMDataSource$SAMReaders - Done initializing BAM readers: total time 0.09 
WARN  16:52:40,286 FSLockWithShared$LockAcquisitionTask - WARNING: Unable to lock file /cluster_share/data/reference/b37bundle/dbsnp_138.b37.vcf.idx because an IOException occurred with message: Function not implemented. 
INFO  16:52:40,297 RMDTrackBuilder - Could not acquire a shared lock on index file /cluster_share/data/reference/b37bundle/dbsnp_138.b37.vcf.idx, falling back to using an in-memory index for this GATK run. 
INFO  16:56:35,861 IntervalUtils - Processing 1708459 bp from intervals 
INFO  16:56:35,933 GenomeAnalysisEngine - Preparing for traversal over 1 BAM files 
INFO  16:56:36,105 GenomeAnalysisEngine - Done preparing for traversal 
INFO  16:56:36,105 ProgressMeter - [INITIALIZATION COMPLETE; STARTING PROCESSING] 
INFO  16:56:36,106 ProgressMeter -                 | processed |    time |    per 1M |           |   total | remaining 
INFO  16:56:36,106 ProgressMeter -        Location |     reads | elapsed |     reads | completed | runtime |   runtime 
INFO  16:56:36,146 BaseRecalibrator - The covariates being used here:  
INFO  16:56:36,146 BaseRecalibrator - 	ReadGroupCovariate 
INFO  16:56:36,147 BaseRecalibrator - 	QualityScoreCovariate 
INFO  16:56:36,147 BaseRecalibrator - 	ContextCovariate 
INFO  16:56:36,147 ContextCovariate - 		Context sizes: base substitution model 2, indel substitution model 3 
INFO  16:56:36,147 BaseRecalibrator - 	CycleCovariate 
INFO  16:56:36,151 ReadShardBalancer$1 - Loading BAM index data 
INFO  16:56:36,221 ReadShardBalancer$1 - Done loading BAM index data 
INFO  16:57:06,161 ProgressMeter -     14:24653917    400005.0    30.0 s      75.0 s       16.7%     3.0 m       2.5 m 
INFO  16:57:37,046 ProgressMeter -     14:58063646   1000016.0    60.0 s      60.0 s       40.9%     2.4 m      86.0 s 
INFO  16:58:07,048 ProgressMeter -     14:76135869   1600024.0    90.0 s      56.0 s       64.7%     2.3 m      49.0 s 
INFO  16:58:37,052 ProgressMeter -    14:102816412   2100033.0   120.0 s      57.0 s       89.1%     2.2 m      14.0 s 
INFO  16:58:52,217 BaseRecalibrator - Calculating quantized quality scores... 
INFO  16:58:52,249 BaseRecalibrator - Writing recalibration report... 
INFO  16:58:53,507 BaseRecalibrator - ...done! 
INFO  16:58:53,507 BaseRecalibrator - BaseRecalibrator was able to recalibrate 2475609 reads 
INFO  16:58:53,508 ProgressMeter -            done   2475609.0     2.3 m      55.0 s      100.0%     2.3 m       0.0 s 
INFO  16:58:53,509 ProgressMeter - Total runtime 137.40 secs, 2.29 min, 0.04 hours 
INFO  16:58:53,509 MicroScheduler - 453164 reads were filtered out during the traversal out of approximately 2928773 total reads (15.47%) 
INFO  16:58:53,509 MicroScheduler -   -> 0 reads (0.00% of total) failing BadCigarFilter 
INFO  16:58:53,509 MicroScheduler -   -> 399220 reads (13.63% of total) failing DuplicateReadFilter 
INFO  16:58:53,509 MicroScheduler -   -> 0 reads (0.00% of total) failing FailsVendorQualityCheckFilter 
INFO  16:58:53,510 MicroScheduler -   -> 0 reads (0.00% of total) failing MalformedReadFilter 
INFO  16:58:53,510 MicroScheduler -   -> 0 reads (0.00% of total) failing MappingQualityUnavailableFilter 
INFO  16:58:53,510 MicroScheduler -   -> 53642 reads (1.83% of total) failing MappingQualityZeroFilter 
INFO  16:58:53,510 MicroScheduler -   -> 302 reads (0.01% of total) failing NotPrimaryAlignmentFilter 
INFO  16:58:53,510 MicroScheduler -   -> 0 reads (0.00% of total) failing UnmappedReadFilter 
