INFO  19:30:17,105 HelpFormatter - --------------------------------------------------------------------------------- 
INFO  19:30:17,116 HelpFormatter - The Genome Analysis Toolkit (GATK) v3.4-46-g8ea4dca, Compiled 2015/08/13 20:41:56 
INFO  19:30:17,118 HelpFormatter - Copyright (c) 2010 The Broad Institute 
INFO  19:30:17,125 HelpFormatter - For support and documentation go to http://www.broadinstitute.org/gatk 
INFO  19:30:17,129 HelpFormatter - Program Args: -T IndelRealigner -I /mnt/nvme0n1/data/broadout/HG02561_gatk_best_practices_8t_30s_2016-07-06_18-21-00/HG02561_dupRem.bam -L /mnt/nvme0n1/Broad_Ref_Pipeline_approved_package/workflow_profiler/.queue/scatterGather/ExampleIndelRealigner-1-sg/temp_35_of_36/scatter.intervals -R /mnt/nvme0n1/Broad_Ref_Pipeline_approved_package/b37bundle/human_g1k_v37.fasta -known /mnt/nvme0n1/Broad_Ref_Pipeline_approved_package/b37bundle/1000G_phase1.indels.b37.vcf -targetIntervals /mnt/nvme0n1/data/broadout/HG02561_gatk_best_practices_8t_30s_2016-07-06_18-21-00/HG02561_realn.intervals -o /mnt/nvme0n1/Broad_Ref_Pipeline_approved_package/workflow_profiler/.queue/scatterGather/ExampleIndelRealigner-1-sg/temp_35_of_36/HG02561_realign.bam -filterNoBases 
INFO  19:30:17,179 HelpFormatter - Executing as bshifaw@application-1-1.hudson.intel.com on Linux 3.10.0-327.el7.x86_64 amd64; OpenJDK 64-Bit Server VM 1.8.0_91-b14. 
INFO  19:30:17,181 HelpFormatter - Date/Time: 2016/07/06 19:30:17 
INFO  19:30:17,201 HelpFormatter - --------------------------------------------------------------------------------- 
INFO  19:30:17,206 HelpFormatter - --------------------------------------------------------------------------------- 
INFO  19:30:18,348 GenomeAnalysisEngine - Strictness is SILENT 
INFO  19:30:18,713 GenomeAnalysisEngine - Downsampling Settings: No downsampling 
INFO  19:30:18,750 SAMDataSource$SAMReaders - Initializing SAMRecords in serial 
INFO  19:30:18,986 SAMDataSource$SAMReaders - Done initializing BAM readers: total time 0.23 
INFO  19:30:19,374 IntervalUtils - Processing 36651 bp from intervals 
INFO  19:30:19,875 GenomeAnalysisEngine - Preparing for traversal over 1 BAM files 
INFO  19:30:20,063 GenomeAnalysisEngine - Done preparing for traversal 
INFO  19:30:20,075 ProgressMeter - [INITIALIZATION COMPLETE; STARTING PROCESSING] 
INFO  19:30:20,076 ProgressMeter -                 | processed |    time |    per 1M |           |   total | remaining 
INFO  19:30:20,076 ProgressMeter -        Location |     reads | elapsed |     reads | completed | runtime |   runtime 
INFO  19:30:20,874 ReadShardBalancer$1 - Loading BAM index data 
INFO  19:30:20,886 ReadShardBalancer$1 - Done loading BAM index data 
INFO  19:30:21,305 ProgressMeter -            done        10.0     1.0 s      34.1 h        7.3%    13.0 s      12.0 s 
INFO  19:30:21,306 ProgressMeter - Total runtime 1.23 secs, 0.02 min, 0.00 hours 
INFO  19:30:21,309 MicroScheduler - 16 reads were filtered out during the traversal out of approximately 26 total reads (61.54%) 
INFO  19:30:21,327 MicroScheduler -   -> 0 reads (0.00% of total) failing BadCigarFilter 
INFO  19:30:21,328 MicroScheduler -   -> 16 reads (61.54% of total) failing MalformedReadFilter 
