INFO  16:52:40,527 HelpFormatter - --------------------------------------------------------------------------------- 
INFO  16:52:40,529 HelpFormatter - The Genome Analysis Toolkit (GATK) v3.4-46-g8ea4dca, Compiled 2015/08/13 20:41:56 
INFO  16:52:40,529 HelpFormatter - Copyright (c) 2010 The Broad Institute 
INFO  16:52:40,529 HelpFormatter - For support and documentation go to http://www.broadinstitute.org/gatk 
INFO  16:52:40,532 HelpFormatter - Program Args: -T BaseRecalibrator -I /cluster_share/data/out/HG02769_gatk_best_practices_36t_30s_2016-11-28_15-18-37/HG02769_realign.bam -L /cluster_share/data/Broad_Ref_Pipeline_approved_package/workflow_profiler/.queue/scatterGather/ExampleBaseRecalibrator-1-sg/temp_24_of_24/scatter.intervals -R /cluster_share/data/reference/b37bundle/human_g1k_v37.fasta -knownSites /cluster_share/data/reference/b37bundle/dbsnp_138.b37.vcf -o /cluster_share/data/Broad_Ref_Pipeline_approved_package/workflow_profiler/.queue/scatterGather/ExampleBaseRecalibrator-1-sg/temp_24_of_24/HG02769_recal.grp 
INFO  16:52:40,546 HelpFormatter - Executing as bshifaw@compute-1-1.hudson.intel.com on Linux 3.10.0-327.13.1.el7.x86_64 amd64; OpenJDK 64-Bit Server VM 1.8.0_111-b15. 
INFO  16:52:40,547 HelpFormatter - Date/Time: 2016/11/28 16:52:40 
INFO  16:52:40,547 HelpFormatter - --------------------------------------------------------------------------------- 
INFO  16:52:40,552 HelpFormatter - --------------------------------------------------------------------------------- 
INFO  16:52:40,698 GenomeAnalysisEngine - Strictness is SILENT 
INFO  16:52:40,945 GenomeAnalysisEngine - Downsampling Settings: No downsampling 
INFO  16:52:40,950 SAMDataSource$SAMReaders - Initializing SAMRecords in serial 
INFO  16:52:41,079 SAMDataSource$SAMReaders - Done initializing BAM readers: total time 0.13 
WARN  16:52:41,140 FSLockWithShared$LockAcquisitionTask - WARNING: Unable to lock file /cluster_share/data/reference/b37bundle/dbsnp_138.b37.vcf.idx because an IOException occurred with message: Function not implemented. 
INFO  16:52:41,170 RMDTrackBuilder - Could not acquire a shared lock on index file /cluster_share/data/reference/b37bundle/dbsnp_138.b37.vcf.idx, falling back to using an in-memory index for this GATK run. 
INFO  16:57:05,178 IntervalUtils - Processing 140593 bp from intervals 
INFO  16:57:05,237 GenomeAnalysisEngine - Preparing for traversal over 1 BAM files 
INFO  16:57:05,325 GenomeAnalysisEngine - Done preparing for traversal 
INFO  16:57:05,326 ProgressMeter - [INITIALIZATION COMPLETE; STARTING PROCESSING] 
INFO  16:57:05,326 ProgressMeter -                 | processed |    time |    per 1M |           |   total | remaining 
INFO  16:57:05,326 ProgressMeter -        Location |     reads | elapsed |     reads | completed | runtime |   runtime 
INFO  16:57:05,357 BaseRecalibrator - The covariates being used here:  
INFO  16:57:05,357 BaseRecalibrator - 	ReadGroupCovariate 
INFO  16:57:05,357 BaseRecalibrator - 	QualityScoreCovariate 
INFO  16:57:05,358 BaseRecalibrator - 	ContextCovariate 
INFO  16:57:05,358 ContextCovariate - 		Context sizes: base substitution model 2, indel substitution model 3 
INFO  16:57:05,358 BaseRecalibrator - 	CycleCovariate 
INFO  16:57:05,362 ReadShardBalancer$1 - Loading BAM index data 
INFO  16:57:05,376 ReadShardBalancer$1 - Done loading BAM index data 
INFO  16:57:06,118 BaseRecalibrator - Calculating quantized quality scores... 
INFO  16:57:06,143 BaseRecalibrator - Writing recalibration report... 
INFO  16:57:06,932 BaseRecalibrator - ...done! 
INFO  16:57:06,933 BaseRecalibrator - BaseRecalibrator was able to recalibrate 128 reads 
INFO  16:57:06,935 ProgressMeter -            done       128.0     1.0 s       3.5 h       54.9%     1.0 s       0.0 s 
INFO  16:57:06,936 ProgressMeter - Total runtime 1.61 secs, 0.03 min, 0.00 hours 
INFO  16:57:06,936 MicroScheduler - 4425 reads were filtered out during the traversal out of approximately 4553 total reads (97.19%) 
INFO  16:57:06,936 MicroScheduler -   -> 0 reads (0.00% of total) failing BadCigarFilter 
INFO  16:57:06,936 MicroScheduler -   -> 6 reads (0.13% of total) failing DuplicateReadFilter 
INFO  16:57:06,937 MicroScheduler -   -> 0 reads (0.00% of total) failing FailsVendorQualityCheckFilter 
INFO  16:57:06,938 MicroScheduler -   -> 0 reads (0.00% of total) failing MalformedReadFilter 
INFO  16:57:06,940 MicroScheduler -   -> 0 reads (0.00% of total) failing MappingQualityUnavailableFilter 
INFO  16:57:06,940 MicroScheduler -   -> 4419 reads (97.06% of total) failing MappingQualityZeroFilter 
INFO  16:57:06,940 MicroScheduler -   -> 0 reads (0.00% of total) failing NotPrimaryAlignmentFilter 
INFO  16:57:06,940 MicroScheduler -   -> 0 reads (0.00% of total) failing UnmappedReadFilter 
