INFO  19:54:50,574 HelpFormatter - --------------------------------------------------------------------------------- 
INFO  19:54:50,583 HelpFormatter - The Genome Analysis Toolkit (GATK) v3.4-46-g8ea4dca, Compiled 2015/08/13 20:41:56 
INFO  19:54:50,584 HelpFormatter - Copyright (c) 2010 The Broad Institute 
INFO  19:54:50,584 HelpFormatter - For support and documentation go to http://www.broadinstitute.org/gatk 
INFO  19:54:50,588 HelpFormatter - Program Args: -T BaseRecalibrator -I /mnt/nvme0n1/data/broadout/HG02771_gatk_best_practices_8t_30s_2016-07-06_18-21-02/HG02771_realign.bam -L /mnt/nvme0n1/Broad_Ref_Pipeline_approved_package/workflow_profiler/.queue/scatterGather/ExampleBaseRecalibrator-1-sg/temp_23_of_24/scatter.intervals -R /mnt/nvme0n1/Broad_Ref_Pipeline_approved_package/b37bundle/human_g1k_v37.fasta -knownSites /mnt/nvme0n1/Broad_Ref_Pipeline_approved_package/b37bundle/dbsnp_138.b37.vcf -o /mnt/nvme0n1/Broad_Ref_Pipeline_approved_package/workflow_profiler/.queue/scatterGather/ExampleBaseRecalibrator-1-sg/temp_23_of_24/HG02771_recal.grp 
INFO  19:54:50,638 HelpFormatter - Executing as bshifaw@application-1-1.hudson.intel.com on Linux 3.10.0-327.el7.x86_64 amd64; OpenJDK 64-Bit Server VM 1.8.0_91-b14. 
INFO  19:54:50,658 HelpFormatter - Date/Time: 2016/07/06 19:54:50 
INFO  19:54:50,658 HelpFormatter - --------------------------------------------------------------------------------- 
INFO  19:54:50,659 HelpFormatter - --------------------------------------------------------------------------------- 
INFO  19:54:50,899 GenomeAnalysisEngine - Strictness is SILENT 
INFO  19:54:51,360 GenomeAnalysisEngine - Downsampling Settings: No downsampling 
INFO  19:54:51,399 SAMDataSource$SAMReaders - Initializing SAMRecords in serial 
INFO  19:54:51,505 SAMDataSource$SAMReaders - Done initializing BAM readers: total time 0.10 
INFO  19:54:52,212 IntervalUtils - Processing 1971767 bp from intervals 
INFO  19:54:52,651 GenomeAnalysisEngine - Preparing for traversal over 1 BAM files 
INFO  19:54:53,305 GenomeAnalysisEngine - Done preparing for traversal 
INFO  19:54:53,324 ProgressMeter - [INITIALIZATION COMPLETE; STARTING PROCESSING] 
INFO  19:54:53,325 ProgressMeter -                 | processed |    time |    per 1M |           |   total | remaining 
INFO  19:54:53,325 ProgressMeter -        Location |     reads | elapsed |     reads | completed | runtime |   runtime 
INFO  19:54:53,456 BaseRecalibrator - The covariates being used here:  
INFO  19:54:53,458 BaseRecalibrator - 	ReadGroupCovariate 
INFO  19:54:53,460 BaseRecalibrator - 	QualityScoreCovariate 
INFO  19:54:53,460 BaseRecalibrator - 	ContextCovariate 
INFO  19:54:53,464 ContextCovariate - 		Context sizes: base substitution model 2, indel substitution model 3 
INFO  19:54:53,464 BaseRecalibrator - 	CycleCovariate 
INFO  19:54:53,466 ReadShardBalancer$1 - Loading BAM index data 
INFO  19:54:53,783 ReadShardBalancer$1 - Done loading BAM index data 
INFO  19:55:23,422 ProgressMeter -        X:200918         0.0    30.0 s      49.8 w        0.0%     6.0 d       6.0 d 
INFO  19:56:23,696 ProgressMeter -      X:22095796    200002.0    90.0 s       7.5 m       13.8%    10.9 m       9.4 m 
INFO  19:56:53,698 ProgressMeter -      X:47307815    400004.0   120.0 s       5.0 m       26.0%     7.7 m       5.7 m 
INFO  19:57:24,011 ProgressMeter -      X:69671776    600006.0     2.5 m       4.2 m       45.8%     5.5 m       3.0 m 
INFO  19:57:56,164 ProgressMeter -     X:100604963    800008.0     3.0 m       3.8 m       59.9%     5.1 m       2.0 m 
INFO  19:58:27,674 ProgressMeter -     X:119210953   1100015.0     3.6 m       3.2 m       73.3%     4.9 m      77.0 s 
INFO  19:58:57,681 ProgressMeter -     X:149945977   1400018.0     4.1 m       2.9 m       88.8%     4.6 m      30.0 s 
INFO  19:59:10,628 BaseRecalibrator - Calculating quantized quality scores... 
INFO  19:59:10,691 BaseRecalibrator - Writing recalibration report... 
INFO  19:59:12,012 BaseRecalibrator - ...done! 
INFO  19:59:12,013 BaseRecalibrator - BaseRecalibrator was able to recalibrate 1617402 reads 
INFO  19:59:12,014 ProgressMeter -            done   1617402.0     4.3 m       2.7 m      100.0%     4.3 m       0.0 s 
INFO  19:59:12,015 ProgressMeter - Total runtime 258.69 secs, 4.31 min, 0.07 hours 
INFO  19:59:12,015 MicroScheduler - 571250 reads were filtered out during the traversal out of approximately 2188652 total reads (26.10%) 
INFO  19:59:12,015 MicroScheduler -   -> 0 reads (0.00% of total) failing BadCigarFilter 
INFO  19:59:12,016 MicroScheduler -   -> 265219 reads (12.12% of total) failing DuplicateReadFilter 
INFO  19:59:12,016 MicroScheduler -   -> 0 reads (0.00% of total) failing FailsVendorQualityCheckFilter 
INFO  19:59:12,016 MicroScheduler -   -> 0 reads (0.00% of total) failing MalformedReadFilter 
INFO  19:59:12,017 MicroScheduler -   -> 0 reads (0.00% of total) failing MappingQualityUnavailableFilter 
INFO  19:59:12,017 MicroScheduler -   -> 305900 reads (13.98% of total) failing MappingQualityZeroFilter 
INFO  19:59:12,017 MicroScheduler -   -> 131 reads (0.01% of total) failing NotPrimaryAlignmentFilter 
INFO  19:59:12,017 MicroScheduler -   -> 0 reads (0.00% of total) failing UnmappedReadFilter 
