INFO  19:49:32,446 HelpFormatter - --------------------------------------------------------------------------------- 
INFO  19:49:32,480 HelpFormatter - The Genome Analysis Toolkit (GATK) v3.4-46-g8ea4dca, Compiled 2015/08/13 20:41:56 
INFO  19:49:32,480 HelpFormatter - Copyright (c) 2010 The Broad Institute 
INFO  19:49:32,480 HelpFormatter - For support and documentation go to http://www.broadinstitute.org/gatk 
INFO  19:49:32,483 HelpFormatter - Program Args: -T BaseRecalibrator -I /mnt/nvme0n1/data/broadout/HG02571_gatk_best_practices_8t_30s_2016-07-06_18-21-01/HG02571_realign.bam -L /mnt/nvme0n1/Broad_Ref_Pipeline_approved_package/workflow_profiler/.queue/scatterGather/ExampleBaseRecalibrator-1-sg/temp_23_of_24/scatter.intervals -R /mnt/nvme0n1/Broad_Ref_Pipeline_approved_package/b37bundle/human_g1k_v37.fasta -knownSites /mnt/nvme0n1/Broad_Ref_Pipeline_approved_package/b37bundle/dbsnp_138.b37.vcf -o /mnt/nvme0n1/Broad_Ref_Pipeline_approved_package/workflow_profiler/.queue/scatterGather/ExampleBaseRecalibrator-1-sg/temp_23_of_24/HG02571_recal.grp 
INFO  19:49:32,492 HelpFormatter - Executing as bshifaw@application-1-1.hudson.intel.com on Linux 3.10.0-327.el7.x86_64 amd64; OpenJDK 64-Bit Server VM 1.8.0_91-b14. 
INFO  19:49:32,492 HelpFormatter - Date/Time: 2016/07/06 19:49:32 
INFO  19:49:32,493 HelpFormatter - --------------------------------------------------------------------------------- 
INFO  19:49:32,493 HelpFormatter - --------------------------------------------------------------------------------- 
INFO  19:49:32,599 GenomeAnalysisEngine - Strictness is SILENT 
INFO  19:49:32,689 GenomeAnalysisEngine - Downsampling Settings: No downsampling 
INFO  19:49:32,694 SAMDataSource$SAMReaders - Initializing SAMRecords in serial 
INFO  19:49:32,845 SAMDataSource$SAMReaders - Done initializing BAM readers: total time 0.15 
INFO  19:49:33,192 IntervalUtils - Processing 1971767 bp from intervals 
INFO  19:49:33,323 GenomeAnalysisEngine - Preparing for traversal over 1 BAM files 
INFO  19:49:33,572 GenomeAnalysisEngine - Done preparing for traversal 
INFO  19:49:33,572 ProgressMeter - [INITIALIZATION COMPLETE; STARTING PROCESSING] 
INFO  19:49:33,573 ProgressMeter -                 | processed |    time |    per 1M |           |   total | remaining 
INFO  19:49:33,573 ProgressMeter -        Location |     reads | elapsed |     reads | completed | runtime |   runtime 
INFO  19:49:33,660 BaseRecalibrator - The covariates being used here:  
INFO  19:49:33,661 BaseRecalibrator - 	ReadGroupCovariate 
INFO  19:49:33,661 BaseRecalibrator - 	QualityScoreCovariate 
INFO  19:49:33,661 BaseRecalibrator - 	ContextCovariate 
INFO  19:49:33,661 ContextCovariate - 		Context sizes: base substitution model 2, indel substitution model 3 
INFO  19:49:33,661 BaseRecalibrator - 	CycleCovariate 
INFO  19:49:33,663 ReadShardBalancer$1 - Loading BAM index data 
INFO  19:49:33,837 ReadShardBalancer$1 - Done loading BAM index data 
INFO  19:50:03,736 ProgressMeter -       X:3239078         0.0    30.0 s      49.9 w        2.5%    19.7 m      19.2 m 
INFO  19:50:33,739 ProgressMeter -      X:12885678    100009.0    60.0 s      10.0 m        5.9%    16.9 m      15.9 m 
INFO  19:51:03,741 ProgressMeter -      X:15612988    200012.0    90.0 s       7.5 m        8.4%    17.8 m      16.3 m 
INFO  19:51:38,058 ProgressMeter -      X:19013057    400015.0     2.1 m       5.2 m       11.4%    18.2 m      16.1 m 
INFO  19:52:08,059 ProgressMeter -      X:27998757    600018.0     2.6 m       4.3 m       16.6%    15.5 m      12.9 m 
INFO  19:52:40,165 ProgressMeter -      X:47100256    800026.0     3.1 m       3.9 m       25.6%    12.1 m       9.0 m 
INFO  19:53:10,167 ProgressMeter -      X:54263449   1000032.0     3.6 m       3.6 m       38.6%     9.3 m       5.7 m 
INFO  19:53:40,169 ProgressMeter -      X:73065578   1200034.0     4.1 m       3.4 m       51.2%     8.0 m       3.9 m 
INFO  19:54:10,215 ProgressMeter -     X:100497438   1500048.0     4.6 m       3.1 m       59.5%     7.7 m       3.1 m 
INFO  19:54:40,523 ProgressMeter -     X:106819616   1700057.0     5.1 m       3.0 m       65.1%     7.8 m       2.7 m 
INFO  19:55:10,540 ProgressMeter -     X:111155534   1800058.0     5.6 m       3.1 m       69.3%     8.1 m       2.5 m 
INFO  19:55:42,538 ProgressMeter -     X:119673220   2000066.0     6.1 m       3.1 m       74.0%     8.3 m       2.2 m 
INFO  19:56:12,546 ProgressMeter -     X:129543398   2200069.0     6.6 m       3.0 m       79.3%     8.4 m     104.0 s 
INFO  19:56:42,547 ProgressMeter -     X:135455205   2400077.0     7.1 m       3.0 m       83.8%     8.5 m      82.0 s 
INFO  19:57:12,561 ProgressMeter -     X:149639581   2600083.0     7.6 m       2.9 m       88.4%     8.6 m      60.0 s 
INFO  19:57:42,566 ProgressMeter -     X:153421944   2800085.0     8.1 m       2.9 m       95.2%     8.5 m      24.0 s 
INFO  19:57:57,829 BaseRecalibrator - Calculating quantized quality scores... 
INFO  19:57:57,882 BaseRecalibrator - Writing recalibration report... 
INFO  19:58:00,121 BaseRecalibrator - ...done! 
INFO  19:58:00,130 BaseRecalibrator - BaseRecalibrator was able to recalibrate 3010147 reads 
INFO  19:58:00,132 ProgressMeter -            done   3010147.0     8.4 m       2.8 m      100.0%     8.4 m       0.0 s 
INFO  19:58:00,147 ProgressMeter - Total runtime 506.57 secs, 8.44 min, 0.14 hours 
INFO  19:58:00,148 MicroScheduler - 1262898 reads were filtered out during the traversal out of approximately 4273045 total reads (29.55%) 
INFO  19:58:00,148 MicroScheduler -   -> 0 reads (0.00% of total) failing BadCigarFilter 
INFO  19:58:00,149 MicroScheduler -   -> 621055 reads (14.53% of total) failing DuplicateReadFilter 
INFO  19:58:00,149 MicroScheduler -   -> 0 reads (0.00% of total) failing FailsVendorQualityCheckFilter 
INFO  19:58:00,149 MicroScheduler -   -> 0 reads (0.00% of total) failing MalformedReadFilter 
INFO  19:58:00,149 MicroScheduler -   -> 0 reads (0.00% of total) failing MappingQualityUnavailableFilter 
INFO  19:58:00,149 MicroScheduler -   -> 641559 reads (15.01% of total) failing MappingQualityZeroFilter 
INFO  19:58:00,151 MicroScheduler -   -> 284 reads (0.01% of total) failing NotPrimaryAlignmentFilter 
INFO  19:58:00,151 MicroScheduler -   -> 0 reads (0.00% of total) failing UnmappedReadFilter 
