INFO  14:22:16,674 HelpFormatter - --------------------------------------------------------------------------------- 
INFO  14:22:16,676 HelpFormatter - The Genome Analysis Toolkit (GATK) v3.4-46-g8ea4dca, Compiled 2015/08/13 20:41:56 
INFO  14:22:16,773 HelpFormatter - Copyright (c) 2010 The Broad Institute 
INFO  14:22:16,774 HelpFormatter - For support and documentation go to http://www.broadinstitute.org/gatk 
INFO  14:22:16,777 HelpFormatter - Program Args: -T BaseRecalibrator -I /mnt/sdb/data/broadout/sim1M_pairs_gatk_best_practices_12t_30s_2016-07-25_14-09-52/sim1M_pairs_realign.bam -L /mnt/sdb/Broad_Ref_Pipeline_approved_package/workflow_profiler/.queue/scatterGather/ExampleBaseRecalibrator-1-sg/temp_23_of_24/scatter.intervals -R /mnt/sdb/Broad_Ref_Pipeline_approved_package/b37bundle/human_g1k_v37.fasta -knownSites /mnt/sdb/Broad_Ref_Pipeline_approved_package/b37bundle/dbsnp_138.b37.vcf -o /mnt/sdb/Broad_Ref_Pipeline_approved_package/workflow_profiler/.queue/scatterGather/ExampleBaseRecalibrator-1-sg/temp_23_of_24/sim1M_pairs_recal.grp 
INFO  14:22:16,785 HelpFormatter - Executing as bshifaw@application-0-1.hudson.intel.com on Linux 3.10.0-327.el7.x86_64 amd64; OpenJDK 64-Bit Server VM 1.8.0_101-b13. 
INFO  14:22:16,785 HelpFormatter - Date/Time: 2016/07/25 14:22:16 
INFO  14:22:16,785 HelpFormatter - --------------------------------------------------------------------------------- 
INFO  14:22:16,785 HelpFormatter - --------------------------------------------------------------------------------- 
INFO  14:22:16,857 GenomeAnalysisEngine - Strictness is SILENT 
INFO  14:22:16,950 GenomeAnalysisEngine - Downsampling Settings: No downsampling 
INFO  14:22:16,956 SAMDataSource$SAMReaders - Initializing SAMRecords in serial 
INFO  14:22:17,031 SAMDataSource$SAMReaders - Done initializing BAM readers: total time 0.07 
INFO  14:22:17,340 IntervalUtils - Processing 1971767 bp from intervals 
INFO  14:22:17,475 GenomeAnalysisEngine - Preparing for traversal over 1 BAM files 
INFO  14:22:17,689 GenomeAnalysisEngine - Done preparing for traversal 
INFO  14:22:17,690 ProgressMeter - [INITIALIZATION COMPLETE; STARTING PROCESSING] 
INFO  14:22:17,690 ProgressMeter -                 | processed |    time |    per 1M |           |   total | remaining 
INFO  14:22:17,692 ProgressMeter -        Location |     reads | elapsed |     reads | completed | runtime |   runtime 
INFO  14:22:17,800 BaseRecalibrator - The covariates being used here:  
INFO  14:22:17,800 BaseRecalibrator - 	ReadGroupCovariate 
INFO  14:22:17,801 BaseRecalibrator - 	QualityScoreCovariate 
INFO  14:22:17,801 BaseRecalibrator - 	ContextCovariate 
INFO  14:22:17,801 ContextCovariate - 		Context sizes: base substitution model 2, indel substitution model 3 
INFO  14:22:17,801 BaseRecalibrator - 	CycleCovariate 
INFO  14:22:17,803 ReadShardBalancer$1 - Loading BAM index data 
INFO  14:22:17,978 ReadShardBalancer$1 - Done loading BAM index data 
INFO  14:22:30,593 BaseRecalibrator - Calculating quantized quality scores... 
INFO  14:22:30,629 BaseRecalibrator - Writing recalibration report... 
INFO  14:22:31,207 BaseRecalibrator - ...done! 
INFO  14:22:31,208 BaseRecalibrator - BaseRecalibrator was able to recalibrate 1599 reads 
INFO  14:22:31,210 ProgressMeter -            done      1599.0    13.0 s       2.3 h       92.9%    13.0 s       0.0 s 
INFO  14:22:31,210 ProgressMeter - Total runtime 13.52 secs, 0.23 min, 0.00 hours 
INFO  14:22:31,212 MicroScheduler - 76 reads were filtered out during the traversal out of approximately 1675 total reads (4.54%) 
INFO  14:22:31,212 MicroScheduler -   -> 0 reads (0.00% of total) failing BadCigarFilter 
INFO  14:22:31,212 MicroScheduler -   -> 0 reads (0.00% of total) failing DuplicateReadFilter 
INFO  14:22:31,212 MicroScheduler -   -> 0 reads (0.00% of total) failing FailsVendorQualityCheckFilter 
INFO  14:22:31,212 MicroScheduler -   -> 0 reads (0.00% of total) failing MalformedReadFilter 
INFO  14:22:31,212 MicroScheduler -   -> 0 reads (0.00% of total) failing MappingQualityUnavailableFilter 
INFO  14:22:31,213 MicroScheduler -   -> 76 reads (4.54% of total) failing MappingQualityZeroFilter 
INFO  14:22:31,213 MicroScheduler -   -> 0 reads (0.00% of total) failing NotPrimaryAlignmentFilter 
INFO  14:22:31,213 MicroScheduler -   -> 0 reads (0.00% of total) failing UnmappedReadFilter 
