INFO  19:29:56,604 HelpFormatter - --------------------------------------------------------------------------------- 
INFO  19:29:56,615 HelpFormatter - The Genome Analysis Toolkit (GATK) v3.4-46-g8ea4dca, Compiled 2015/08/13 20:41:56 
INFO  19:29:56,616 HelpFormatter - Copyright (c) 2010 The Broad Institute 
INFO  19:29:56,616 HelpFormatter - For support and documentation go to http://www.broadinstitute.org/gatk 
INFO  19:29:56,620 HelpFormatter - Program Args: -T IndelRealigner -I /mnt/nvme0n1/data/broadout/HG02561_gatk_best_practices_8t_30s_2016-07-06_18-21-00/HG02561_dupRem.bam -L /mnt/nvme0n1/Broad_Ref_Pipeline_approved_package/workflow_profiler/.queue/scatterGather/ExampleIndelRealigner-1-sg/temp_04_of_36/scatter.intervals -R /mnt/nvme0n1/Broad_Ref_Pipeline_approved_package/b37bundle/human_g1k_v37.fasta -known /mnt/nvme0n1/Broad_Ref_Pipeline_approved_package/b37bundle/1000G_phase1.indels.b37.vcf -targetIntervals /mnt/nvme0n1/data/broadout/HG02561_gatk_best_practices_8t_30s_2016-07-06_18-21-00/HG02561_realn.intervals -o /mnt/nvme0n1/Broad_Ref_Pipeline_approved_package/workflow_profiler/.queue/scatterGather/ExampleIndelRealigner-1-sg/temp_04_of_36/HG02561_realign.bam -filterNoBases 
INFO  19:29:56,636 HelpFormatter - Executing as bshifaw@application-1-1.hudson.intel.com on Linux 3.10.0-327.el7.x86_64 amd64; OpenJDK 64-Bit Server VM 1.8.0_91-b14. 
INFO  19:29:56,639 HelpFormatter - Date/Time: 2016/07/06 19:29:56 
INFO  19:29:56,639 HelpFormatter - --------------------------------------------------------------------------------- 
INFO  19:29:56,640 HelpFormatter - --------------------------------------------------------------------------------- 
INFO  19:29:56,884 GenomeAnalysisEngine - Strictness is SILENT 
INFO  19:29:57,019 GenomeAnalysisEngine - Downsampling Settings: No downsampling 
INFO  19:29:57,041 SAMDataSource$SAMReaders - Initializing SAMRecords in serial 
INFO  19:29:57,203 SAMDataSource$SAMReaders - Done initializing BAM readers: total time 0.16 
INFO  19:29:57,466 IntervalUtils - Processing 191154276 bp from intervals 
INFO  19:29:57,657 GenomeAnalysisEngine - Preparing for traversal over 1 BAM files 
INFO  19:29:58,316 GenomeAnalysisEngine - Done preparing for traversal 
INFO  19:29:58,327 ProgressMeter - [INITIALIZATION COMPLETE; STARTING PROCESSING] 
INFO  19:29:58,336 ProgressMeter -                 | processed |    time |    per 1M |           |   total | remaining 
INFO  19:29:58,336 ProgressMeter -        Location |     reads | elapsed |     reads | completed | runtime |   runtime 
INFO  19:29:58,776 ReadShardBalancer$1 - Loading BAM index data 
INFO  19:29:59,747 ReadShardBalancer$1 - Done loading BAM index data 
INFO  19:30:28,392 ProgressMeter -       4:1729401    100003.0    30.0 s       5.0 m        0.9%    55.3 m      54.8 m 
INFO  19:30:58,540 ProgressMeter -      4:10447490    600025.0    60.0 s     100.0 s        5.5%    18.3 m      17.3 m 
INFO  19:31:31,153 ProgressMeter -      4:47593284   1100045.0    92.0 s      84.0 s       24.9%     6.2 m       4.6 m 
INFO  19:32:01,154 ProgressMeter -      4:77357406   1900055.0     2.0 m      64.0 s       40.5%     5.0 m       3.0 m 
INFO  19:32:31,155 ProgressMeter -     4:120190988   2800076.0     2.5 m      54.0 s       62.9%     4.0 m      89.0 s 
INFO  19:32:59,683 ProgressMeter -            done   4073183.0     3.0 m      44.0 s       99.9%     3.0 m       0.0 s 
INFO  19:32:59,683 ProgressMeter - Total runtime 181.36 secs, 3.02 min, 0.05 hours 
INFO  19:32:59,686 MicroScheduler - 145241 reads were filtered out during the traversal out of approximately 4218424 total reads (3.44%) 
INFO  19:32:59,686 MicroScheduler -   -> 0 reads (0.00% of total) failing BadCigarFilter 
INFO  19:32:59,687 MicroScheduler -   -> 145241 reads (3.44% of total) failing MalformedReadFilter 
