INFO  20:06:29,454 HelpFormatter - --------------------------------------------------------------------------------- 
INFO  20:06:29,463 HelpFormatter - The Genome Analysis Toolkit (GATK) v3.4-46-g8ea4dca, Compiled 2015/08/13 20:41:56 
INFO  20:06:29,463 HelpFormatter - Copyright (c) 2010 The Broad Institute 
INFO  20:06:29,464 HelpFormatter - For support and documentation go to http://www.broadinstitute.org/gatk 
INFO  20:06:29,468 HelpFormatter - Program Args: -T PrintReads -I /mnt/nvme0n1/data/broadout/HG02561_gatk_best_practices_8t_30s_2016-07-06_18-21-00/HG02561_realign.bam -L /mnt/nvme0n1/Broad_Ref_Pipeline_approved_package/workflow_profiler/.queue/scatterGather/ExamplePrintReads-1-sg/temp_32_of_36/scatter.intervals -R /mnt/nvme0n1/Broad_Ref_Pipeline_approved_package/b37bundle/human_g1k_v37.fasta -BQSR /mnt/nvme0n1/data/broadout/HG02561_gatk_best_practices_8t_30s_2016-07-06_18-21-00/HG02561_recal.grp -o /mnt/nvme0n1/Broad_Ref_Pipeline_approved_package/workflow_profiler/.queue/scatterGather/ExamplePrintReads-1-sg/temp_32_of_36/HG02561_final.bam 
INFO  20:06:29,512 HelpFormatter - Executing as bshifaw@application-1-1.hudson.intel.com on Linux 3.10.0-327.el7.x86_64 amd64; OpenJDK 64-Bit Server VM 1.8.0_91-b14. 
INFO  20:06:29,516 HelpFormatter - Date/Time: 2016/07/06 20:06:29 
INFO  20:06:29,517 HelpFormatter - --------------------------------------------------------------------------------- 
INFO  20:06:29,517 HelpFormatter - --------------------------------------------------------------------------------- 
INFO  20:06:29,886 GenomeAnalysisEngine - Strictness is SILENT 
INFO  20:06:33,233 ContextCovariate - 		Context sizes: base substitution model 2, indel substitution model 3 
INFO  20:06:33,507 GenomeAnalysisEngine - Downsampling Settings: No downsampling 
INFO  20:06:33,567 SAMDataSource$SAMReaders - Initializing SAMRecords in serial 
INFO  20:06:33,799 SAMDataSource$SAMReaders - Done initializing BAM readers: total time 0.23 
INFO  20:06:33,932 IntervalUtils - Processing 34474 bp from intervals 
INFO  20:06:34,416 GenomeAnalysisEngine - Preparing for traversal over 1 BAM files 
INFO  20:06:34,937 GenomeAnalysisEngine - Done preparing for traversal 
INFO  20:06:34,938 ProgressMeter - [INITIALIZATION COMPLETE; STARTING PROCESSING] 
INFO  20:06:34,938 ProgressMeter -                 | processed |    time |    per 1M |           |   total | remaining 
INFO  20:06:34,938 ProgressMeter -        Location |     reads | elapsed |     reads | completed | runtime |   runtime 
INFO  20:06:35,011 ReadShardBalancer$1 - Loading BAM index data 
INFO  20:06:35,012 ReadShardBalancer$1 - Done loading BAM index data 
INFO  20:06:36,050 Walker - [REDUCE RESULT] Traversal result is: org.broadinstitute.gatk.engine.io.stubs.SAMFileWriterStub@5b58129f 
INFO  20:06:36,207 ProgressMeter -            done         8.0     1.0 s      43.1 h        5.0%    20.0 s      19.0 s 
INFO  20:06:36,207 ProgressMeter - Total runtime 1.27 secs, 0.02 min, 0.00 hours 
INFO  20:06:36,208 MicroScheduler - 0 reads were filtered out during the traversal out of approximately 8 total reads (0.00%) 
INFO  20:06:36,208 MicroScheduler -   -> 0 reads (0.00% of total) failing BadCigarFilter 
INFO  20:06:36,208 MicroScheduler -   -> 0 reads (0.00% of total) failing MalformedReadFilter 
