INFO  20:39:39,036 HelpFormatter - --------------------------------------------------------------------------------- 
INFO  20:39:39,038 HelpFormatter - The Genome Analysis Toolkit (GATK) v3.4-46-g8ea4dca, Compiled 2015/08/13 20:41:56 
INFO  20:39:39,038 HelpFormatter - Copyright (c) 2010 The Broad Institute 
INFO  20:39:39,038 HelpFormatter - For support and documentation go to http://www.broadinstitute.org/gatk 
INFO  20:39:39,042 HelpFormatter - Program Args: -T HaplotypeCaller -I /home/opt/data/broadout/FC1-NA12878-01_S1_L001_R1_001_gatk_best_practices_36t_30s_2015-11-05_19-14-59/FC1-NA12878-01_S1_L001_R1_001_realign.bam -L /home/beris/Broad_Ref_Pipeline_approved_package/workflow_profiler/.queue/scatterGather/ExampleHaplotypeCaller-1-sg/temp_11_of_36/scatter.intervals -R /home/beris/Broad_Ref_Pipeline_approved_package/homosapiensrefgenome/Homo_sapiens_assembly19.fasta -variant_index_type LINEAR -variant_index_parameter 128000 -o /home/beris/Broad_Ref_Pipeline_approved_package/workflow_profiler/.queue/scatterGather/ExampleHaplotypeCaller-1-sg/temp_11_of_36/FC1-NA12878-01_S1_L001_R1_001_realign.bam_HaplotypeCaller.g.vcf -ERC GVCF 
INFO  20:39:39,047 HelpFormatter - Executing as beris@dna on Linux 2.6.32-573.el6.x86_64 amd64; OpenJDK 64-Bit Server VM 1.7.0_79-mockbuild_2015_07_24_09_26-b00. 
INFO  20:39:39,047 HelpFormatter - Date/Time: 2015/11/05 20:39:39 
INFO  20:39:39,048 HelpFormatter - --------------------------------------------------------------------------------- 
INFO  20:39:39,048 HelpFormatter - --------------------------------------------------------------------------------- 
WARN  20:39:39,066 GATKVCFUtils - Naming your output file using the .g.vcf extension will automatically set the appropriate values  for --variant_index_type and --variant_index_parameter 
INFO  20:39:39,161 GenomeAnalysisEngine - Strictness is SILENT 
INFO  20:39:39,263 GenomeAnalysisEngine - Downsampling Settings: Method: BY_SAMPLE, Target Coverage: 500 
INFO  20:39:39,272 SAMDataSource$SAMReaders - Initializing SAMRecords in serial 
INFO  20:39:39,316 SAMDataSource$SAMReaders - Done initializing BAM readers: total time 0.04 
INFO  20:39:39,324 HCMappingQualityFilter - Filtering out reads with MAPQ < 20 
INFO  20:39:39,569 IntervalUtils - Processing 1017715 bp from intervals 
INFO  20:39:39,671 GenomeAnalysisEngine - Preparing for traversal over 1 BAM files 
INFO  20:39:40,114 GenomeAnalysisEngine - Done preparing for traversal 
INFO  20:39:40,115 ProgressMeter - [INITIALIZATION COMPLETE; STARTING PROCESSING] 
INFO  20:39:40,115 ProgressMeter -                 |      processed |    time |         per 1M |           |   total | remaining 
INFO  20:39:40,116 ProgressMeter -        Location | active regions | elapsed | active regions | completed | runtime |   runtime 
INFO  20:39:40,116 HaplotypeCaller - Standard Emitting and Calling confidence set to 0.0 for reference-model confidence output 
INFO  20:39:40,117 HaplotypeCaller - All sites annotated with PLs forced to true for reference-model confidence output 
INFO  20:39:40,344 HaplotypeCaller - Using global mismapping rate of 45 => -4.5 in log10 likelihood units 
Using AVX accelerated implementation of PairHMM
INFO  20:39:42,787 VectorLoglessPairHMM - libVectorLoglessPairHMM unpacked successfully from GATK jar file 
INFO  20:39:42,788 VectorLoglessPairHMM - Using vectorized implementation of PairHMM 
WARN  20:39:43,006 HaplotypeScore - Annotation will not be calculated, must be called from UnifiedGenotyper 
WARN  20:39:43,007 InbreedingCoeff - Annotation will not be calculated, must provide a valid PED file (-ped) from the command line. 
INFO  20:40:10,119 ProgressMeter -      5:40843762      9.2053395E7    30.0 s            0.0 s       18.4%     2.7 m       2.2 m 
WARN  20:40:38,282 ExactAFCalculator - this tool is currently set to genotype at most 6 alternate alleles in a given context, but the context at 5:87516544 has 8 alternate alleles so only the top alleles will be used; see the --max_alternate_alleles argument 
INFO  20:40:40,122 ProgressMeter -      5:94134818     9.34339267E8    60.0 s            0.0 s       56.5%   106.0 s      46.0 s 
INFO  20:41:10,125 ProgressMeter -     5:137726650     2.31086945E9    90.0 s            0.0 s       91.2%    98.0 s       8.0 s 
INFO  20:41:16,264 VectorLoglessPairHMM - Time spent in setup for JNI call : 0.038117043 
INFO  20:41:16,265 PairHMM - Total compute time in PairHMM computeLikelihoods() : 4.494742964 
INFO  20:41:16,265 HaplotypeCaller - Ran local assembly on 10161 active regions 
INFO  20:41:16,273 ProgressMeter -            done    2.689808354E9    96.0 s            0.0 s      100.0%    96.0 s       0.0 s 
INFO  20:41:16,273 ProgressMeter - Total runtime 96.16 secs, 1.60 min, 0.03 hours 
INFO  20:41:16,274 MicroScheduler - 176091 reads were filtered out during the traversal out of approximately 594935 total reads (29.60%) 
INFO  20:41:16,274 MicroScheduler -   -> 0 reads (0.00% of total) failing BadCigarFilter 
INFO  20:41:16,274 MicroScheduler -   -> 156154 reads (26.25% of total) failing DuplicateReadFilter 
INFO  20:41:16,274 MicroScheduler -   -> 0 reads (0.00% of total) failing FailsVendorQualityCheckFilter 
INFO  20:41:16,275 MicroScheduler -   -> 19845 reads (3.34% of total) failing HCMappingQualityFilter 
INFO  20:41:16,275 MicroScheduler -   -> 0 reads (0.00% of total) failing MalformedReadFilter 
INFO  20:41:16,275 MicroScheduler -   -> 0 reads (0.00% of total) failing MappingQualityUnavailableFilter 
INFO  20:41:16,275 MicroScheduler -   -> 92 reads (0.02% of total) failing NotPrimaryAlignmentFilter 
INFO  20:41:16,275 MicroScheduler -   -> 0 reads (0.00% of total) failing UnmappedReadFilter 
