INFO  14:30:02,025 HelpFormatter - --------------------------------------------------------------------------------- 
INFO  14:30:02,027 HelpFormatter - The Genome Analysis Toolkit (GATK) v3.4-46-g8ea4dca, Compiled 2015/08/13 20:41:56 
INFO  14:30:02,027 HelpFormatter - Copyright (c) 2010 The Broad Institute 
INFO  14:30:02,027 HelpFormatter - For support and documentation go to http://www.broadinstitute.org/gatk 
INFO  14:30:02,054 HelpFormatter - Program Args: -T HaplotypeCaller -I /mnt/sdb/data/broadout/sim1M_pairs_gatk_best_practices_12t_30s_2016-07-25_14-09-52/sim1M_pairs_realign.bam -L /mnt/sdb/Broad_Ref_Pipeline_approved_package/workflow_profiler/.queue/scatterGather/ExampleHaplotypeCaller-1-sg/temp_11_of_36/scatter.intervals -R /mnt/sdb/Broad_Ref_Pipeline_approved_package/b37bundle/human_g1k_v37.fasta -variant_index_type LINEAR -variant_index_parameter 128000 -o /mnt/sdb/Broad_Ref_Pipeline_approved_package/workflow_profiler/.queue/scatterGather/ExampleHaplotypeCaller-1-sg/temp_11_of_36/sim1M_pairs_realign.bam_HaplotypeCaller.g.vcf -ERC GVCF 
INFO  14:30:02,071 HelpFormatter - Executing as bshifaw@application-0-1.hudson.intel.com on Linux 3.10.0-327.el7.x86_64 amd64; OpenJDK 64-Bit Server VM 1.8.0_101-b13. 
INFO  14:30:02,071 HelpFormatter - Date/Time: 2016/07/25 14:30:02 
INFO  14:30:02,071 HelpFormatter - --------------------------------------------------------------------------------- 
INFO  14:30:02,086 HelpFormatter - --------------------------------------------------------------------------------- 
WARN  14:30:02,107 GATKVCFUtils - Naming your output file using the .g.vcf extension will automatically set the appropriate values  for --variant_index_type and --variant_index_parameter 
INFO  14:30:02,219 GenomeAnalysisEngine - Strictness is SILENT 
INFO  14:30:02,511 GenomeAnalysisEngine - Downsampling Settings: Method: BY_SAMPLE, Target Coverage: 500 
INFO  14:30:02,524 SAMDataSource$SAMReaders - Initializing SAMRecords in serial 
INFO  14:30:02,600 SAMDataSource$SAMReaders - Done initializing BAM readers: total time 0.08 
INFO  14:30:02,628 HCMappingQualityFilter - Filtering out reads with MAPQ < 20 
INFO  14:30:02,799 IntervalUtils - Processing 1437965 bp from intervals 
INFO  14:30:03,108 GenomeAnalysisEngine - Preparing for traversal over 1 BAM files 
INFO  14:30:03,405 GenomeAnalysisEngine - Done preparing for traversal 
INFO  14:30:03,413 ProgressMeter - [INITIALIZATION COMPLETE; STARTING PROCESSING] 
INFO  14:30:03,413 ProgressMeter -                 |      processed |    time |         per 1M |           |   total | remaining 
INFO  14:30:03,413 ProgressMeter -        Location | active regions | elapsed | active regions | completed | runtime |   runtime 
INFO  14:30:03,418 HaplotypeCaller - Standard Emitting and Calling confidence set to 0.0 for reference-model confidence output 
INFO  14:30:03,418 HaplotypeCaller - All sites annotated with PLs forced to true for reference-model confidence output 
INFO  14:30:03,597 HaplotypeCaller - Using global mismapping rate of 45 => -4.5 in log10 likelihood units 
Using AVX accelerated implementation of PairHMM
INFO  14:30:06,519 VectorLoglessPairHMM - libVectorLoglessPairHMM unpacked successfully from GATK jar file 
INFO  14:30:06,522 VectorLoglessPairHMM - Using vectorized implementation of PairHMM 
WARN  14:30:06,936 HaplotypeScore - Annotation will not be calculated, must be called from UnifiedGenotyper 
WARN  14:30:06,936 InbreedingCoeff - Annotation will not be calculated, must provide a valid PED file (-ped) from the command line. 
INFO  14:30:33,450 ProgressMeter -     5:102202925     9.41934472E8    30.0 s            0.0 s       51.3%    58.0 s      28.0 s 
INFO  14:30:45,746 VectorLoglessPairHMM - Time spent in setup for JNI call : 9.89234E-4 
INFO  14:30:45,746 PairHMM - Total compute time in PairHMM computeLikelihoods() : 0.002192888 
INFO  14:30:45,747 HaplotypeCaller - Ran local assembly on 6691 active regions 
INFO  14:30:45,753 ProgressMeter -            done    2.915152669E9    42.0 s            0.0 s      100.0%    42.0 s       0.0 s 
INFO  14:30:45,753 ProgressMeter - Total runtime 42.35 secs, 0.71 min, 0.01 hours 
INFO  14:30:45,754 MicroScheduler - 30 reads were filtered out during the traversal out of approximately 1832 total reads (1.64%) 
INFO  14:30:45,754 MicroScheduler -   -> 0 reads (0.00% of total) failing BadCigarFilter 
INFO  14:30:45,754 MicroScheduler -   -> 0 reads (0.00% of total) failing DuplicateReadFilter 
INFO  14:30:45,754 MicroScheduler -   -> 0 reads (0.00% of total) failing FailsVendorQualityCheckFilter 
INFO  14:30:45,755 MicroScheduler -   -> 30 reads (1.64% of total) failing HCMappingQualityFilter 
INFO  14:30:45,755 MicroScheduler -   -> 0 reads (0.00% of total) failing MalformedReadFilter 
INFO  14:30:45,755 MicroScheduler -   -> 0 reads (0.00% of total) failing MappingQualityUnavailableFilter 
INFO  14:30:45,755 MicroScheduler -   -> 0 reads (0.00% of total) failing NotPrimaryAlignmentFilter 
INFO  14:30:45,755 MicroScheduler -   -> 0 reads (0.00% of total) failing UnmappedReadFilter 
