INFO  16:30:44,781 HelpFormatter - --------------------------------------------------------------------------------- 
INFO  16:30:44,783 HelpFormatter - The Genome Analysis Toolkit (GATK) v3.4-46-g8ea4dca, Compiled 2015/08/13 20:41:56 
INFO  16:30:44,793 HelpFormatter - Copyright (c) 2010 The Broad Institute 
INFO  16:30:44,793 HelpFormatter - For support and documentation go to http://www.broadinstitute.org/gatk 
INFO  16:30:44,797 HelpFormatter - Program Args: -T HaplotypeCaller -I /mnt/ssdbroad/output/Solexa-272221_gatk_best_practices_36t_30s_2016-02-11_11-59-19/Solexa-272221_final.bam -L /mnt/ssdbroad/Broad_Ref_Pipeline_approved_package/workflow_profiler/.queue/scatterGather/ExampleHaplotypeCaller-1-sg/temp_11_of_36/scatter.intervals -R /mnt/ssdbroad/Broad_Ref_Pipeline_approved_package/homosapiensrefgenome/Homo_sapiens_assembly19.fasta -variant_index_type LINEAR -variant_index_parameter 128000 -o /mnt/ssdbroad/Broad_Ref_Pipeline_approved_package/workflow_profiler/.queue/scatterGather/ExampleHaplotypeCaller-1-sg/temp_11_of_36/Solexa-272221_HaplotypeCaller.g.vcf -ERC GVCF 
INFO  16:30:44,805 HelpFormatter - Executing as beris@dna on Linux 2.6.32-573.el6.x86_64 amd64; OpenJDK 64-Bit Server VM 1.7.0_79-mockbuild_2015_07_24_09_26-b00. 
INFO  16:30:44,806 HelpFormatter - Date/Time: 2016/02/12 16:30:44 
INFO  16:30:44,806 HelpFormatter - --------------------------------------------------------------------------------- 
INFO  16:30:44,806 HelpFormatter - --------------------------------------------------------------------------------- 
WARN  16:30:44,846 GATKVCFUtils - Naming your output file using the .g.vcf extension will automatically set the appropriate values  for --variant_index_type and --variant_index_parameter 
INFO  16:30:45,011 GenomeAnalysisEngine - Strictness is SILENT 
INFO  16:30:45,134 GenomeAnalysisEngine - Downsampling Settings: Method: BY_SAMPLE, Target Coverage: 500 
INFO  16:30:45,141 SAMDataSource$SAMReaders - Initializing SAMRecords in serial 
INFO  16:30:45,218 SAMDataSource$SAMReaders - Done initializing BAM readers: total time 0.08 
INFO  16:30:45,233 HCMappingQualityFilter - Filtering out reads with MAPQ < 20 
INFO  16:30:45,257 IntervalUtils - Processing 86166015 bp from intervals 
INFO  16:30:45,377 GenomeAnalysisEngine - Preparing for traversal over 1 BAM files 
INFO  16:30:45,724 GenomeAnalysisEngine - Done preparing for traversal 
INFO  16:30:45,726 ProgressMeter - [INITIALIZATION COMPLETE; STARTING PROCESSING] 
INFO  16:30:45,727 ProgressMeter -                 |      processed |    time |         per 1M |           |   total | remaining 
INFO  16:30:45,728 ProgressMeter -        Location | active regions | elapsed | active regions | completed | runtime |   runtime 
INFO  16:30:45,729 HaplotypeCaller - Standard Emitting and Calling confidence set to 0.0 for reference-model confidence output 
INFO  16:30:45,729 HaplotypeCaller - All sites annotated with PLs forced to true for reference-model confidence output 
INFO  16:30:45,953 HaplotypeCaller - Using global mismapping rate of 45 => -4.5 in log10 likelihood units 
Using AVX accelerated implementation of PairHMM
INFO  16:30:51,010 VectorLoglessPairHMM - libVectorLoglessPairHMM unpacked successfully from GATK jar file 
INFO  16:30:51,024 VectorLoglessPairHMM - Using vectorized implementation of PairHMM 
WARN  16:30:52,043 HaplotypeScore - Annotation will not be calculated, must be called from UnifiedGenotyper 
WARN  16:30:52,044 InbreedingCoeff - Annotation will not be calculated, must provide a valid PED file (-ped) from the command line. 
INFO  16:31:15,754 ProgressMeter -     4:171237631              0.0    30.0 s           49.6 w        0.1%    14.4 h      14.4 h 
INFO  16:32:15,757 ProgressMeter -     4:171868903              0.0    90.0 s          148.9 w        0.8%     3.2 h       3.1 h 
INFO  16:32:55,758 ProgressMeter -     4:172247389              0.0     2.2 m          215.0 w        1.2%     2.9 h       2.9 h 
INFO  16:33:25,759 ProgressMeter -     4:172496927              0.0     2.7 m          264.6 w        1.5%     2.9 h       2.9 h 
INFO  16:34:05,761 ProgressMeter -     4:172932919              0.0     3.3 m          330.7 w        2.0%     2.7 h       2.7 h 
INFO  16:34:35,762 ProgressMeter -     4:173280213              0.0     3.8 m          380.4 w        2.4%     2.6 h       2.6 h 
INFO  16:35:15,763 ProgressMeter -     4:173673651              0.0     4.5 m          446.5 w        2.9%     2.6 h       2.5 h 
INFO  16:35:45,763 ProgressMeter -     4:173997098              0.0     5.0 m          496.1 w        3.3%     2.6 h       2.5 h 
INFO  16:36:15,764 ProgressMeter -     4:174359695              0.0     5.5 m          545.7 w        3.7%     2.5 h       2.4 h 
INFO  16:36:55,765 ProgressMeter -     4:174778176              0.0     6.2 m          611.8 w        4.2%     2.5 h       2.4 h 
INFO  16:37:35,766 ProgressMeter -     4:175133828              0.0     6.8 m          678.0 w        4.6%     2.5 h       2.4 h 
INFO  16:38:05,766 ProgressMeter -     4:175404123              0.0     7.3 m          727.6 w        4.9%     2.5 h       2.4 h 
INFO  16:38:35,767 ProgressMeter -     4:175693829              0.0     7.8 m          777.2 w        5.2%     2.5 h       2.4 h 
INFO  16:39:05,768 ProgressMeter -     4:175932509              0.0     8.3 m          826.8 w        5.5%     2.5 h       2.4 h 
INFO  16:39:45,768 ProgressMeter -     4:176347936              0.0     9.0 m          892.9 w        6.0%     2.5 h       2.4 h 
INFO  16:40:15,769 ProgressMeter -     4:176672507              0.0     9.5 m          942.5 w        6.4%     2.5 h       2.3 h 
INFO  16:40:45,939 ProgressMeter -     4:176949571              0.0    10.0 m          992.4 w        6.7%     2.5 h       2.3 h 
INFO  16:41:15,940 ProgressMeter -     4:177151081              0.0    10.5 m         1042.0 w        6.9%     2.5 h       2.4 h 
INFO  16:41:45,941 ProgressMeter -     4:177397120              0.0    11.0 m         1091.6 w        7.2%     2.5 h       2.4 h 
INFO  16:42:15,942 ProgressMeter -     4:177674727              0.0    11.5 m         1141.2 w        7.5%     2.5 h       2.4 h 
INFO  16:42:55,943 ProgressMeter -     4:178063942              0.0    12.2 m         1207.4 w        8.0%     2.5 h       2.3 h 
INFO  16:43:35,944 ProgressMeter -     4:178470363              0.0    12.8 m         1273.5 w        8.5%     2.5 h       2.3 h 
INFO  16:44:05,944 ProgressMeter -     4:178748423              0.0    13.3 m         1323.1 w        8.8%     2.5 h       2.3 h 
INFO  16:44:35,945 ProgressMeter -     4:179050524              0.0    13.8 m         1372.7 w        9.1%     2.5 h       2.3 h 
INFO  16:45:15,950 ProgressMeter -     4:179424821              0.0    14.5 m         1438.9 w        9.6%     2.5 h       2.3 h 
INFO  16:45:45,950 ProgressMeter -     4:179672816              0.0    15.0 m         1488.5 w        9.8%     2.5 h       2.3 h 
INFO  16:46:15,951 ProgressMeter -     4:180034153              0.0    15.5 m         1538.1 w       10.3%     2.5 h       2.3 h 
INFO  16:46:55,952 ProgressMeter -     4:180411137              0.0    16.2 m         1604.2 w       10.7%     2.5 h       2.2 h 
INFO  16:47:35,952 ProgressMeter -     4:180787320              0.0    16.8 m         1670.3 w       11.1%     2.5 h       2.2 h 
INFO  16:48:05,953 ProgressMeter -     4:181042272              0.0    17.3 m         1720.0 w       11.4%     2.5 h       2.2 h 
INFO  16:48:35,954 ProgressMeter -     4:181260601              0.0    17.8 m         1769.6 w       11.7%     2.5 h       2.2 h 
INFO  16:49:05,955 ProgressMeter -     4:181542409              0.0    18.3 m         1819.2 w       12.0%     2.5 h       2.2 h 
INFO  16:49:35,960 ProgressMeter -     4:181784014              0.0    18.8 m         1868.8 w       12.3%     2.6 h       2.2 h 
INFO  16:50:05,960 ProgressMeter -     4:182051846              0.0    19.3 m         1918.4 w       12.6%     2.6 h       2.2 h 
INFO  16:50:35,961 ProgressMeter -     4:182330520              0.0    19.8 m         1968.0 w       12.9%     2.6 h       2.2 h 
INFO  16:51:05,963 ProgressMeter -     4:182590162              0.0    20.3 m         2017.6 w       13.2%     2.6 h       2.2 h 
INFO  16:51:45,964 ProgressMeter -     4:182992590              0.0    21.0 m         2083.7 w       13.7%     2.6 h       2.2 h 
INFO  16:52:25,965 ProgressMeter -     4:183407766              0.0    21.7 m         2149.9 w       14.2%     2.5 h       2.2 h 
INFO  16:53:05,966 ProgressMeter -     4:183692901              0.0    22.3 m         2216.0 w       14.5%     2.6 h       2.2 h 
INFO  16:53:35,967 ProgressMeter -     4:184005580              0.0    22.8 m         2265.6 w       14.9%     2.6 h       2.2 h 
INFO  16:54:05,968 ProgressMeter -     4:184352938              0.0    23.3 m         2315.2 w       15.3%     2.5 h       2.2 h 
INFO  16:54:35,969 ProgressMeter -     4:184597226              0.0    23.8 m         2364.8 w       15.6%     2.6 h       2.2 h 
INFO  16:55:15,970 ProgressMeter -     4:184972899              0.0    24.5 m         2431.0 w       16.0%     2.6 h       2.1 h 
INFO  16:55:45,970 ProgressMeter -     4:185226324              0.0    25.0 m         2480.6 w       16.3%     2.6 h       2.1 h 
INFO  16:56:15,971 ProgressMeter -     4:185532705              0.0    25.5 m         2530.2 w       16.6%     2.6 h       2.1 h 
INFO  16:56:45,972 ProgressMeter -     4:185839403              0.0    26.0 m         2579.8 w       17.0%     2.5 h       2.1 h 
INFO  16:57:16,479 ProgressMeter -     4:186018310              0.0    26.5 m         2630.2 w       17.2%     2.6 h       2.1 h 
INFO  16:57:46,479 ProgressMeter -     4:186319316              0.0    27.0 m         2679.8 w       17.6%     2.6 h       2.1 h 
INFO  16:58:16,480 ProgressMeter -     4:186586378              0.0    27.5 m         2729.4 w       17.9%     2.6 h       2.1 h 
INFO  16:58:46,481 ProgressMeter -     4:186804304              0.0    28.0 m         2779.0 w       18.1%     2.6 h       2.1 h 
INFO  16:59:16,482 ProgressMeter -     4:187045738              0.0    28.5 m         2828.6 w       18.4%     2.6 h       2.1 h 
INFO  16:59:56,483 ProgressMeter -     4:187350583              0.0    29.2 m         2894.8 w       18.8%     2.6 h       2.1 h 
INFO  17:00:26,485 ProgressMeter -     4:187616134              0.0    29.7 m         2944.4 w       19.1%     2.6 h       2.1 h 
INFO  17:00:56,486 ProgressMeter -     4:187895073              0.0    30.2 m         2994.0 w       19.4%     2.6 h       2.1 h 
INFO  17:01:36,487 ProgressMeter -     4:188303564              0.0    30.8 m         3060.1 w       19.9%     2.6 h       2.1 h 
INFO  17:02:16,488 ProgressMeter -     4:188702266              0.0    31.5 m         3126.3 w       20.3%     2.6 h       2.1 h 
INFO  17:02:46,488 ProgressMeter -     4:188991785              0.0    32.0 m         3175.9 w       20.7%     2.6 h       2.0 h 
INFO  17:03:16,520 ProgressMeter -     4:189234000              0.0    32.5 m         3225.5 w       20.9%     2.6 h       2.0 h 
INFO  17:03:46,521 ProgressMeter -     4:189458220              0.0    33.0 m         3275.1 w       21.2%     2.6 h       2.0 h 
INFO  17:04:16,522 ProgressMeter -     4:189756107              0.0    33.5 m         3324.7 w       21.5%     2.6 h       2.0 h 
INFO  17:04:46,523 ProgressMeter -     4:189932776              0.0    34.0 m         3374.3 w       21.8%     2.6 h       2.0 h 
INFO  17:05:26,524 ProgressMeter -     4:190201209              0.0    34.7 m         3440.5 w       22.1%     2.6 h       2.0 h 
INFO  17:05:56,524 ProgressMeter -     4:190300867              0.0    35.2 m         3490.1 w       22.2%     2.6 h       2.1 h 
WARN  17:06:07,383 ExactAFCalculator - this tool is currently set to genotype at most 6 alternate alleles in a given context, but the context at 4:190363657 has 9 alternate alleles so only the top alleles will be used; see the --max_alternate_alleles argument 
INFO  17:06:26,525 ProgressMeter -     4:190539837              0.0    35.7 m         3539.7 w       22.5%     2.6 h       2.1 h 
INFO  17:06:56,526 ProgressMeter -     4:190546848              0.0    36.2 m         3589.3 w       22.5%     2.7 h       2.1 h 
INFO  17:07:26,527 ProgressMeter -     4:190552632              0.0    36.7 m         3638.9 w       22.5%     2.7 h       2.1 h 
INFO  17:08:06,528 ProgressMeter -     4:190560492              0.0    37.3 m         3705.0 w       22.5%     2.8 h       2.1 h 
INFO  17:08:36,528 ProgressMeter -     4:190568956              0.0    37.8 m         3754.6 w       22.5%     2.8 h       2.2 h 
INFO  17:09:06,529 ProgressMeter -     4:190578056              0.0    38.3 m         3804.2 w       22.5%     2.8 h       2.2 h 
INFO  17:09:36,530 ProgressMeter -     4:190585452              0.0    38.8 m         3853.8 w       22.5%     2.9 h       2.2 h 
INFO  17:10:06,531 ProgressMeter -     4:190592146              0.0    39.3 m         3903.4 w       22.5%     2.9 h       2.3 h 
INFO  17:10:46,532 ProgressMeter -     4:190600407              0.0    40.0 m         3969.6 w       22.5%     3.0 h       2.3 h 
INFO  17:11:16,532 ProgressMeter -     4:190607206              0.0    40.5 m         4019.2 w       22.5%     3.0 h       2.3 h 
INFO  17:11:46,533 ProgressMeter -     4:190617944              0.0    41.0 m         4068.8 w       22.5%     3.0 h       2.3 h 
INFO  17:12:16,534 ProgressMeter -     4:190627389              0.0    41.5 m         4118.4 w       22.6%     3.1 h       2.4 h 
INFO  17:12:46,535 ProgressMeter -     4:190635350              0.0    42.0 m         4168.0 w       22.6%     3.1 h       2.4 h 
INFO  17:13:26,536 ProgressMeter -     4:190643090              0.0    42.7 m         4234.1 w       22.6%     3.1 h       2.4 h 
INFO  17:13:56,536 ProgressMeter -     4:190652503              0.0    43.2 m         4283.7 w       22.6%     3.2 h       2.5 h 
INFO  17:14:26,537 ProgressMeter -     4:190661811              0.0    43.7 m         4333.4 w       22.6%     3.2 h       2.5 h 
INFO  17:14:56,538 ProgressMeter -     4:190671237              0.0    44.2 m         4383.0 w       22.6%     3.3 h       2.5 h 
INFO  17:15:26,539 ProgressMeter -     4:190678829              0.0    44.7 m         4432.6 w       22.6%     3.3 h       2.5 h 
INFO  17:16:06,540 ProgressMeter -     4:190805115              0.0    45.3 m         4498.7 w       22.8%     3.3 h       2.6 h 
INFO  17:16:36,541 ProgressMeter -     4:190825107              0.0    45.8 m         4548.3 w       22.8%     3.4 h       2.6 h 
INFO  17:17:16,542 ProgressMeter -     4:190846143              0.0    46.5 m         4614.4 w       22.8%     3.4 h       2.6 h 
INFO  17:17:46,542 ProgressMeter -     4:190870061              0.0    47.0 m         4664.0 w       22.8%     3.4 h       2.6 h 
INFO  17:18:16,543 ProgressMeter -     4:190898714              0.0    47.5 m         4713.7 w       22.9%     3.5 h       2.7 h 
INFO  17:18:46,544 ProgressMeter -     4:190934596              0.0    48.0 m         4763.3 w       22.9%     3.5 h       2.7 h 
INFO  17:19:17,503 ProgressMeter -     4:191029106              0.0    48.5 m         4814.4 w       23.0%     3.5 h       2.7 h 
INFO  17:19:47,504 ProgressMeter -         5:46062       1.996655E7    49.0 m            2.5 m       23.2%     3.5 h       2.7 h 
INFO  17:20:17,518 ProgressMeter -        5:268097       1.996655E7    49.5 m            2.5 m       23.5%     3.5 h       2.7 h 
INFO  17:20:47,519 ProgressMeter -        5:575486       1.996655E7    50.0 m            2.5 m       23.8%     3.5 h       2.7 h 
INFO  17:21:27,520 ProgressMeter -       5:1045663       1.996655E7    50.7 m            2.5 m       24.4%     3.5 h       2.6 h 
INFO  17:21:57,520 ProgressMeter -       5:1354110       1.996655E7    51.2 m            2.6 m       24.7%     3.4 h       2.6 h 
INFO  17:22:27,521 ProgressMeter -       5:1603593       1.996655E7    51.7 m            2.6 m       25.0%     3.4 h       2.6 h 
INFO  17:22:57,673 ProgressMeter -       5:1808275       1.996655E7    52.2 m            2.6 m       25.3%     3.4 h       2.6 h 
INFO  17:23:27,674 ProgressMeter -       5:2039543       1.996655E7    52.7 m            2.6 m       25.5%     3.4 h       2.6 h 
INFO  17:23:57,675 ProgressMeter -       5:2346289       1.996655E7    53.2 m            2.7 m       25.9%     3.4 h       2.5 h 
INFO  17:24:27,676 ProgressMeter -       5:2657711       1.996655E7    53.7 m            2.7 m       26.3%     3.4 h       2.5 h 
INFO  17:25:07,677 ProgressMeter -       5:3020064       1.996655E7    54.4 m            2.7 m       26.7%     3.4 h       2.5 h 
INFO  17:25:37,679 ProgressMeter -       5:3221123       1.996655E7    54.9 m            2.7 m       26.9%     3.4 h       2.5 h 
INFO  17:26:17,680 ProgressMeter -       5:3526426       1.996655E7    55.5 m            2.8 m       27.3%     3.4 h       2.5 h 
INFO  17:26:47,680 ProgressMeter -       5:3728519       1.996655E7    56.0 m            2.8 m       27.5%     3.4 h       2.5 h 
INFO  17:27:17,681 ProgressMeter -       5:3989576       1.996655E7    56.5 m            2.8 m       27.8%     3.4 h       2.4 h 
INFO  17:27:47,682 ProgressMeter -       5:4312434       1.996655E7    57.0 m            2.9 m       28.2%     3.4 h       2.4 h 
INFO  17:28:17,683 ProgressMeter -       5:4631124       1.996655E7    57.5 m            2.9 m       28.5%     3.4 h       2.4 h 
INFO  17:28:47,691 ProgressMeter -       5:4967886       1.996655E7    58.0 m            2.9 m       28.9%     3.3 h       2.4 h 
INFO  17:29:17,692 ProgressMeter -       5:5194794       1.996655E7    58.5 m            2.9 m       29.2%     3.3 h       2.4 h 
INFO  17:29:47,693 ProgressMeter -       5:5471245       1.996655E7    59.0 m            3.0 m       29.5%     3.3 h       2.3 h 
INFO  17:30:17,697 ProgressMeter -       5:5760222       1.996655E7    59.5 m            3.0 m       29.9%     3.3 h       2.3 h 
INFO  17:30:47,698 ProgressMeter -       5:6025031       1.996655E7    60.0 m            3.0 m       30.2%     3.3 h       2.3 h 
INFO  17:31:17,699 ProgressMeter -       5:6325774       1.996655E7    60.5 m            3.0 m       30.5%     3.3 h       2.3 h 
INFO  17:31:47,700 ProgressMeter -       5:6605969       1.996655E7    61.0 m            3.1 m       30.8%     3.3 h       2.3 h 
INFO  17:32:17,701 ProgressMeter -       5:6896736       1.996655E7    61.5 m            3.1 m       31.2%     3.3 h       2.3 h 
INFO  17:32:57,702 ProgressMeter -       5:7272125       1.996655E7    62.2 m            3.1 m       31.6%     3.3 h       2.2 h 
INFO  17:33:27,702 ProgressMeter -       5:7583322       1.996655E7    62.7 m            3.1 m       32.0%     3.3 h       2.2 h 
INFO  17:33:58,804 ProgressMeter -       5:7891403       1.996655E7    63.2 m            3.2 m       32.3%     3.3 h       2.2 h 
INFO  17:34:28,805 ProgressMeter -       5:8106576       1.996655E7    63.7 m            3.2 m       32.6%     3.3 h       2.2 h 
INFO  17:35:08,806 ProgressMeter -       5:8486798       1.996655E7    64.4 m            3.2 m       33.0%     3.2 h       2.2 h 
INFO  17:35:38,806 ProgressMeter -       5:8739504       1.996655E7    64.9 m            3.2 m       33.3%     3.2 h       2.2 h 
INFO  17:36:08,807 ProgressMeter -       5:9005335       1.996655E7    65.4 m            3.3 m       33.6%     3.2 h       2.2 h 
INFO  17:36:38,808 ProgressMeter -       5:9325878       1.996655E7    65.9 m            3.3 m       34.0%     3.2 h       2.1 h 
INFO  17:37:18,809 ProgressMeter -       5:9746686       1.996655E7    66.6 m            3.3 m       34.5%     3.2 h       2.1 h 
INFO  17:37:58,810 ProgressMeter -      5:10041131       1.996655E7    67.2 m            3.4 m       34.8%     3.2 h       2.1 h 
INFO  17:38:28,811 ProgressMeter -      5:10336138       1.996655E7    67.7 m            3.4 m       35.2%     3.2 h       2.1 h 
INFO  17:38:58,811 ProgressMeter -      5:10656163       1.996655E7    68.2 m            3.4 m       35.5%     3.2 h       2.1 h 
INFO  17:39:28,812 ProgressMeter -      5:10886714       1.996655E7    68.7 m            3.4 m       35.8%     3.2 h       2.1 h 
INFO  17:39:58,813 ProgressMeter -      5:11229954       1.996655E7    69.2 m            3.5 m       36.2%     3.2 h       2.0 h 
INFO  17:40:28,814 ProgressMeter -      5:11557117       1.996655E7    69.7 m            3.5 m       36.6%     3.2 h       2.0 h 
INFO  17:40:58,815 ProgressMeter -      5:11877327       1.996655E7    70.2 m            3.5 m       37.0%     3.2 h     119.8 m 
INFO  17:41:38,816 ProgressMeter -      5:12298846       1.996655E7    70.9 m            3.6 m       37.4%     3.2 h     118.4 m 
INFO  17:42:08,817 ProgressMeter -      5:12585019       1.996655E7    71.4 m            3.6 m       37.8%     3.1 h     117.6 m 
INFO  17:42:38,818 ProgressMeter -      5:12893821       1.996655E7    71.9 m            3.6 m       38.1%     3.1 h     116.6 m 
INFO  17:43:18,819 ProgressMeter -      5:13265431       1.996655E7    72.6 m            3.6 m       38.6%     3.1 h     115.6 m 
INFO  17:43:48,819 ProgressMeter -      5:13584287       1.996655E7    73.1 m            3.7 m       38.9%     3.1 h     114.6 m 
INFO  17:44:18,830 ProgressMeter -      5:13861709       1.996655E7    73.6 m            3.7 m       39.3%     3.1 h     113.8 m 
INFO  17:44:48,831 ProgressMeter -      5:14143743       1.996655E7    74.1 m            3.7 m       39.6%     3.1 h     113.0 m 
INFO  17:45:18,832 ProgressMeter -      5:14480678       1.996655E7    74.6 m            3.7 m       40.0%     3.1 h     111.9 m 
INFO  17:45:48,833 ProgressMeter -      5:14865802       1.996655E7    75.1 m            3.8 m       40.4%     3.1 h     110.6 m 
INFO  17:46:18,834 ProgressMeter -      5:15229469       1.996655E7    75.6 m            3.8 m       40.8%     3.1 h     109.4 m 
INFO  17:46:48,835 ProgressMeter -      5:15600253       1.996655E7    76.1 m            3.8 m       41.3%     3.1 h     108.2 m 
INFO  17:47:18,836 ProgressMeter -      5:15938273       1.996655E7    76.6 m            3.8 m       41.7%     3.1 h     107.2 m 
INFO  17:47:48,837 ProgressMeter -      5:16329335       1.996655E7    77.1 m            3.9 m       42.1%     3.0 h     105.9 m 
INFO  17:48:28,838 ProgressMeter -      5:16768948       1.996655E7    77.7 m            3.9 m       42.6%     3.0 h     104.6 m 
INFO  17:48:58,839 ProgressMeter -      5:17058412       1.996655E7    78.2 m            3.9 m       43.0%     3.0 h     103.8 m 
INFO  17:49:28,840 ProgressMeter -      5:17399511       1.996655E7    78.7 m            3.9 m       43.4%     3.0 h     102.8 m 
INFO  17:49:58,860 ProgressMeter -      5:17596576       1.996655E7    79.2 m            4.0 m       43.6%     3.0 h     102.5 m 
INFO  17:50:28,861 ProgressMeter -      5:17829689       1.996655E7    79.7 m            4.0 m       43.9%     3.0 h     102.0 m 
INFO  17:50:58,862 ProgressMeter -      5:18133918       1.996655E7    80.2 m            4.0 m       44.2%     3.0 h     101.2 m 
INFO  17:51:28,863 ProgressMeter -      5:18431270       1.996655E7    80.7 m            4.0 m       44.6%     3.0 h     100.4 m 
INFO  17:51:58,864 ProgressMeter -      5:18608687       1.996655E7    81.2 m            4.1 m       44.8%     3.0 h     100.2 m 
INFO  17:52:28,865 ProgressMeter -      5:18865361       1.996655E7    81.7 m            4.1 m       45.1%     3.0 h      99.6 m 
INFO  17:52:59,093 ProgressMeter -      5:19123134       1.996655E7    82.2 m            4.1 m       45.4%     3.0 h      99.0 m 
INFO  17:53:29,094 ProgressMeter -      5:19414232       1.996655E7    82.7 m            4.1 m       45.7%     3.0 h      98.3 m 
INFO  17:53:59,095 ProgressMeter -      5:19730071       1.996655E7    83.2 m            4.2 m       46.1%     3.0 h      97.4 m 
INFO  17:54:29,096 ProgressMeter -      5:20084526       1.996655E7    83.7 m            4.2 m       46.5%     3.0 h      96.4 m 
WARN  17:54:45,074 ExactAFCalculator - this tool is currently set to genotype at most 6 alternate alleles in a given context, but the context at 5:20242731 has 9 alternate alleles so only the top alleles will be used; see the --max_alternate_alleles argument 
INFO  17:54:59,101 ProgressMeter -      5:20401545       1.996655E7    84.2 m            4.2 m       46.8%     3.0 h      95.5 m 
INFO  17:55:39,102 ProgressMeter -      5:20802694       1.996655E7    84.9 m            4.3 m       47.3%     3.0 h      94.5 m 
INFO  17:56:19,103 ProgressMeter -      5:21141667       1.996655E7    85.6 m            4.3 m       47.7%     3.0 h      93.8 m 
INFO  17:56:49,110 ProgressMeter -      5:21453898       1.996655E7    86.1 m            4.3 m       48.1%     3.0 h      93.0 m 
INFO  17:57:19,111 ProgressMeter -      5:21529165       1.996655E7    86.6 m            4.3 m       48.2%     3.0 h      93.2 m 
INFO  17:57:49,112 ProgressMeter -      5:21547772       1.996655E7    87.1 m            4.4 m       48.2%     3.0 h      93.6 m 
INFO  17:58:19,468 ProgressMeter -      5:21563324       1.996655E7    87.6 m            4.4 m       48.2%     3.0 h      94.1 m 
WARN  17:58:48,042 ExactAFCalculator - this tool is currently set to genotype at most 6 alternate alleles in a given context, but the context at 5:21651102 has 12 alternate alleles so only the top alleles will be used; see the --max_alternate_alleles argument 
INFO  17:58:59,469 ProgressMeter -      5:21805105       1.996655E7    88.2 m            4.4 m       48.5%     3.0 h      93.8 m 
INFO  17:59:39,470 ProgressMeter -      5:22237809       1.996655E7    88.9 m            4.5 m       49.0%     3.0 h      92.6 m 
INFO  18:00:09,471 ProgressMeter -      5:22537598       1.996655E7    89.4 m            4.5 m       49.3%     3.0 h      91.8 m 
INFO  18:00:39,472 ProgressMeter -      5:22873808       1.996655E7    89.9 m            4.5 m       49.7%     3.0 h      90.9 m 
INFO  18:01:09,472 ProgressMeter -      5:23177140       1.996655E7    90.4 m            4.5 m       50.1%     3.0 h      90.1 m 
INFO  18:01:39,473 ProgressMeter -      5:23421967       1.996655E7    90.9 m            4.6 m       50.4%     3.0 h      89.6 m 
INFO  18:02:09,474 ProgressMeter -      5:23715657       1.996655E7    91.4 m            4.6 m       50.7%     3.0 h      88.9 m 
INFO  18:02:39,594 ProgressMeter -      5:24016402       1.996655E7    91.9 m            4.6 m       51.0%     3.0 h      88.1 m 
INFO  18:03:19,595 ProgressMeter -      5:24400763       1.996655E7    92.6 m            4.6 m       51.5%     3.0 h      87.2 m 
INFO  18:03:59,595 ProgressMeter -      5:24791511       1.996655E7    93.2 m            4.7 m       51.9%     3.0 h      86.2 m 
INFO  18:04:29,596 ProgressMeter -      5:25104278       1.996655E7    93.7 m            4.7 m       52.3%     3.0 h      85.5 m 
INFO  18:04:59,597 ProgressMeter -      5:25382382       1.996655E7    94.2 m            4.7 m       52.6%     3.0 h      84.8 m 
INFO  18:05:29,598 ProgressMeter -      5:25754233       1.996655E7    94.7 m            4.7 m       53.1%     3.0 h      83.8 m 
INFO  18:05:59,609 ProgressMeter -      5:25999481       1.996655E7    95.2 m            4.8 m       53.3%     3.0 h      83.3 m 
INFO  18:06:29,610 ProgressMeter -      5:26259600       1.996655E7    95.7 m            4.8 m       53.6%     3.0 h      82.7 m 
INFO  18:06:59,611 ProgressMeter -      5:26611643       1.996655E7    96.2 m            4.8 m       54.1%     3.0 h      81.8 m 
INFO  18:07:29,612 ProgressMeter -      5:26932594       1.996655E7    96.7 m            4.8 m       54.4%     3.0 h      81.0 m 
INFO  18:07:59,613 ProgressMeter -      5:27219359       1.996655E7    97.2 m            4.9 m       54.8%     3.0 h      80.3 m 
INFO  18:08:39,614 ProgressMeter -      5:27681496       1.996655E7    97.9 m            4.9 m       55.3%     3.0 h      79.1 m 
INFO  18:09:09,615 ProgressMeter -      5:27954270       1.996655E7    98.4 m            4.9 m       55.6%     2.9 h      78.5 m 
INFO  18:09:49,616 ProgressMeter -      5:28375499       1.996655E7    99.1 m            5.0 m       56.1%     2.9 h      77.5 m 
INFO  18:10:29,617 ProgressMeter -      5:28802368       1.996655E7    99.7 m            5.0 m       56.6%     2.9 h      76.5 m 
INFO  18:10:59,617 ProgressMeter -      5:29092178       1.996655E7   100.2 m            5.0 m       56.9%     2.9 h      75.8 m 
INFO  18:11:29,618 ProgressMeter -      5:29340138       1.996655E7   100.7 m            5.0 m       57.2%     2.9 h      75.3 m 
INFO  18:11:59,619 ProgressMeter -      5:29432318       1.996655E7   101.2 m            5.1 m       57.3%     2.9 h      75.3 m 
INFO  18:12:29,620 ProgressMeter -      5:29587485       1.996655E7   101.7 m            5.1 m       57.5%     2.9 h      75.2 m 
INFO  18:12:59,621 ProgressMeter -      5:29830305       1.996655E7   102.2 m            5.1 m       57.8%     2.9 h      74.7 m 
INFO  18:13:29,622 ProgressMeter -      5:30056111       1.996655E7   102.7 m            5.1 m       58.1%     2.9 h      74.2 m 
INFO  18:14:09,623 ProgressMeter -      5:30426833       1.996655E7   103.4 m            5.2 m       58.5%     2.9 h      73.4 m 
INFO  18:14:39,624 ProgressMeter -      5:30713123       1.996655E7   103.9 m            5.2 m       58.8%     2.9 h      72.7 m 
INFO  18:15:09,625 ProgressMeter -      5:31003404       1.996655E7   104.4 m            5.2 m       59.2%     2.9 h      72.1 m 
INFO  18:15:39,625 ProgressMeter -      5:31338882       1.996655E7   104.9 m            5.3 m       59.5%     2.9 h      71.3 m 
INFO  18:16:09,626 ProgressMeter -      5:31664680       1.996655E7   105.4 m            5.3 m       59.9%     2.9 h      70.5 m 
INFO  18:16:39,627 ProgressMeter -      5:31901985       1.996655E7   105.9 m            5.3 m       60.2%     2.9 h      70.0 m 
INFO  18:17:09,629 ProgressMeter -      5:32239316       1.996655E7   106.4 m            5.3 m       60.6%     2.9 h      69.2 m 
INFO  18:17:39,630 ProgressMeter -      5:32547021       1.996655E7   106.9 m            5.4 m       60.9%     2.9 h      68.5 m 
INFO  18:18:09,631 ProgressMeter -      5:32869965       1.996655E7   107.4 m            5.4 m       61.3%     2.9 h      67.7 m 
INFO  18:18:39,633 ProgressMeter -      5:33184423       1.996655E7   107.9 m            5.4 m       61.7%     2.9 h      67.0 m 
INFO  18:19:09,634 ProgressMeter -      5:33477998       1.996655E7   108.4 m            5.4 m       62.0%     2.9 h      66.4 m 
INFO  18:19:39,653 ProgressMeter -      5:33714399       1.996655E7   108.9 m            5.5 m       62.3%     2.9 h      65.9 m 
INFO  18:20:19,654 ProgressMeter -      5:34180857       1.996655E7   109.6 m            5.5 m       62.8%     2.9 h      64.8 m 
INFO  18:20:49,655 ProgressMeter -      5:34316676       1.996655E7   110.1 m            5.5 m       63.0%     2.9 h      64.6 m 
INFO  18:21:29,656 ProgressMeter -      5:34529047       1.996655E7   110.7 m            5.5 m       63.2%     2.9 h      64.3 m 
INFO  18:21:59,657 ProgressMeter -      5:34812038       1.996655E7   111.2 m            5.6 m       63.6%     2.9 h      63.7 m 
INFO  18:22:29,658 ProgressMeter -      5:35166933       1.996655E7   111.7 m            5.6 m       64.0%     2.9 h      62.9 m 
INFO  18:22:59,658 ProgressMeter -      5:35482456       1.996655E7   112.2 m            5.6 m       64.4%     2.9 h      62.2 m 
INFO  18:23:29,659 ProgressMeter -      5:35824522       1.996655E7   112.7 m            5.6 m       64.7%     2.9 h      61.4 m 
INFO  18:23:59,660 ProgressMeter -      5:36155676       1.996655E7   113.2 m            5.7 m       65.1%     2.9 h      60.6 m 
INFO  18:24:29,661 ProgressMeter -      5:36467110       1.996655E7   113.7 m            5.7 m       65.5%     2.9 h      59.9 m 
INFO  18:24:59,662 ProgressMeter -      5:36782878       1.996655E7   114.2 m            5.7 m       65.9%     2.9 h      59.2 m 
INFO  18:25:29,663 ProgressMeter -      5:37197966       1.996655E7   114.7 m            5.7 m       66.3%     2.9 h      58.2 m 
INFO  18:25:59,664 ProgressMeter -      5:37542244       1.996655E7   115.2 m            5.8 m       66.7%     2.9 h      57.4 m 
INFO  18:26:39,665 ProgressMeter -      5:38015883       1.996655E7   115.9 m            5.8 m       67.3%     2.9 h      56.3 m 
INFO  18:27:19,666 ProgressMeter -      5:38498990       1.996655E7   116.6 m            5.8 m       67.9%     2.9 h      55.2 m 
INFO  18:27:59,667 ProgressMeter -      5:38979932       1.996655E7   117.2 m            5.9 m       68.4%     2.9 h      54.1 m 
INFO  18:28:29,668 ProgressMeter -      5:39294722       1.996655E7   117.7 m            5.9 m       68.8%     2.9 h      53.4 m 
INFO  18:28:59,669 ProgressMeter -      5:39634533       1.996655E7   118.2 m            5.9 m       69.2%     2.8 h      52.7 m 
INFO  18:29:29,670 ProgressMeter -      5:39942672       1.996655E7   118.7 m            5.9 m       69.5%     2.8 h      52.0 m 
INFO  18:29:59,671 ProgressMeter -      5:40220469       1.996655E7   119.2 m            6.0 m       69.9%     2.8 h      51.5 m 
INFO  18:30:39,672 ProgressMeter -      5:40648885       1.996655E7   119.9 m            6.0 m       70.3%     2.8 h      50.5 m 
WARN  18:30:49,470 ExactAFCalculator - this tool is currently set to genotype at most 6 alternate alleles in a given context, but the context at 5:40738669 has 10 alternate alleles so only the top alleles will be used; see the --max_alternate_alleles argument 
INFO  18:31:09,673 ProgressMeter -      5:40950383       1.996655E7     2.0 h            6.0 m       70.7%     2.8 h      49.9 m 
INFO  18:31:49,674 ProgressMeter -      5:41402151       1.996655E7     2.0 h            6.1 m       71.2%     2.8 h      48.9 m 
INFO  18:32:19,674 ProgressMeter -      5:41735450       1.996655E7     2.0 h            6.1 m       71.6%     2.8 h      48.2 m 
INFO  18:32:49,675 ProgressMeter -      5:42161638       1.996655E7     2.0 h            6.1 m       72.1%     2.8 h      47.2 m 
INFO  18:33:19,676 ProgressMeter -      5:42581198       1.996655E7     2.0 h            6.1 m       72.6%     2.8 h      46.3 m 
INFO  18:33:49,677 ProgressMeter -      5:42963232       1.996655E7     2.1 h            6.2 m       73.0%     2.8 h      45.4 m 
INFO  18:34:19,678 ProgressMeter -      5:43274290       1.996655E7     2.1 h            6.2 m       73.4%     2.8 h      44.8 m 
INFO  18:34:50,017 ProgressMeter -      5:43517595       1.996655E7     2.1 h            6.2 m       73.7%     2.8 h      44.3 m 
INFO  18:35:20,019 ProgressMeter -      5:43671871       1.996655E7     2.1 h            6.2 m       73.9%     2.8 h      44.1 m 
INFO  18:35:50,021 ProgressMeter -      5:44020509       1.996655E7     2.1 h            6.3 m       74.3%     2.8 h      43.4 m 
INFO  18:36:20,022 ProgressMeter -      5:44342246       1.996655E7     2.1 h            6.3 m       74.6%     2.8 h      42.7 m 
INFO  18:36:50,023 ProgressMeter -      5:44742749       1.996655E7     2.1 h            6.3 m       75.1%     2.8 h      41.8 m 
INFO  18:37:20,024 ProgressMeter -      5:45166337       1.996655E7     2.1 h            6.3 m       75.6%     2.8 h      40.9 m 
INFO  18:37:50,025 ProgressMeter -      5:45649483       1.996655E7     2.1 h            6.4 m       76.2%     2.8 h      39.8 m 
INFO  18:38:20,026 ProgressMeter -      5:46054940       1.996655E7     2.1 h            6.4 m       76.6%     2.8 h      38.9 m 
INFO  18:38:50,027 ProgressMeter -      5:46324524       1.996655E7     2.1 h            6.4 m       76.9%     2.8 h      38.4 m 
INFO  18:39:20,035 ProgressMeter -      5:46369437       1.996655E7     2.1 h            6.4 m       77.0%     2.8 h      38.4 m 
INFO  18:39:50,036 ProgressMeter -      5:49410411       1.996655E7     2.2 h            6.5 m       80.5%     2.7 h      31.2 m 
INFO  18:40:20,037 ProgressMeter -      5:49414838       1.996655E7     2.2 h            6.5 m       80.5%     2.7 h      31.3 m 
INFO  18:40:50,038 ProgressMeter -      5:49430365       1.996655E7     2.2 h            6.5 m       80.5%     2.7 h      31.4 m 
INFO  18:41:20,039 ProgressMeter -      5:49434265       1.996655E7     2.2 h            6.5 m       80.5%     2.7 h      31.5 m 
INFO  18:41:50,040 ProgressMeter -      5:49436923       1.996655E7     2.2 h            6.6 m       80.5%     2.7 h      31.7 m 
INFO  18:42:20,041 ProgressMeter -      5:49438072       1.996655E7     2.2 h            6.6 m       80.5%     2.7 h      31.8 m 
INFO  18:42:50,042 ProgressMeter -      5:49440417       1.996655E7     2.2 h            6.6 m       80.6%     2.7 h      31.9 m 
INFO  18:43:20,043 ProgressMeter -      5:49441251       1.996655E7     2.2 h            6.6 m       80.6%     2.7 h      32.0 m 
INFO  18:43:50,044 ProgressMeter -      5:49441845       1.996655E7     2.2 h            6.7 m       80.6%     2.8 h      32.1 m 
INFO  18:44:20,045 ProgressMeter -      5:49518921       1.996655E7     2.2 h            6.7 m       80.6%     2.8 h      32.1 m 
INFO  18:44:50,046 ProgressMeter -      5:49821659       1.996655E7     2.2 h            6.7 m       81.0%     2.8 h      31.5 m 
INFO  18:45:20,047 ProgressMeter -      5:50183213       1.996655E7     2.2 h            6.7 m       81.4%     2.8 h      30.7 m 
INFO  18:45:50,048 ProgressMeter -      5:50584568       1.996655E7     2.3 h            6.8 m       81.9%     2.7 h      29.9 m 
INFO  18:46:20,049 ProgressMeter -      5:50978791       1.996655E7     2.3 h            6.8 m       82.3%     2.7 h      29.1 m 
INFO  18:46:50,050 ProgressMeter -      5:51295484       1.996655E7     2.3 h            6.8 m       82.7%     2.7 h      28.5 m 
INFO  18:47:20,051 ProgressMeter -      5:51603363       1.996655E7     2.3 h            6.8 m       83.1%     2.7 h      27.9 m 
INFO  18:47:50,052 ProgressMeter -      5:51974876       1.996655E7     2.3 h            6.9 m       83.5%     2.7 h      27.1 m 
INFO  18:48:20,053 ProgressMeter -      5:52295059       1.996655E7     2.3 h            6.9 m       83.9%     2.7 h      26.5 m 
INFO  18:48:50,054 ProgressMeter -      5:52558632       1.996655E7     2.3 h            6.9 m       84.2%     2.7 h      26.0 m 
INFO  18:49:20,055 ProgressMeter -      5:52905608       1.996655E7     2.3 h            6.9 m       84.6%     2.7 h      25.3 m 
INFO  18:49:50,056 ProgressMeter -      5:53264144       1.996655E7     2.3 h            7.0 m       85.0%     2.7 h      24.6 m 
INFO  18:50:20,057 ProgressMeter -      5:53618611       1.996655E7     2.3 h            7.0 m       85.4%     2.7 h      23.9 m 
INFO  18:50:50,058 ProgressMeter -      5:53886254       1.996655E7     2.3 h            7.0 m       85.7%     2.7 h      23.4 m 
INFO  18:51:20,059 ProgressMeter -      5:54177874       1.996655E7     2.3 h            7.0 m       86.0%     2.7 h      22.8 m 
INFO  18:51:50,060 ProgressMeter -      5:54491090       1.996655E7     2.4 h            7.1 m       86.4%     2.7 h      22.2 m 
INFO  18:52:20,061 ProgressMeter -      5:54815215       1.996655E7     2.4 h            7.1 m       86.8%     2.7 h      21.6 m 
INFO  18:52:50,062 ProgressMeter -      5:55080022       1.996655E7     2.4 h            7.1 m       87.1%     2.7 h      21.0 m 
INFO  18:53:20,063 ProgressMeter -      5:55450340       1.996655E7     2.4 h            7.1 m       87.5%     2.7 h      20.3 m 
INFO  18:53:50,064 ProgressMeter -      5:55793369       1.996655E7     2.4 h            7.2 m       87.9%     2.7 h      19.7 m 
INFO  18:54:20,065 ProgressMeter -      5:56167684       1.996655E7     2.4 h            7.2 m       88.4%     2.7 h      18.9 m 
INFO  18:54:50,066 ProgressMeter -      5:56532663       1.996655E7     2.4 h            7.2 m       88.8%     2.7 h      18.2 m 
INFO  18:55:20,067 ProgressMeter -      5:56904523       1.996655E7     2.4 h            7.2 m       89.2%     2.7 h      17.5 m 
INFO  18:55:50,068 ProgressMeter -      5:57242090       1.996655E7     2.4 h            7.3 m       89.6%     2.7 h      16.8 m 
INFO  18:56:20,069 ProgressMeter -      5:57566510       1.996655E7     2.4 h            7.3 m       90.0%     2.7 h      16.2 m 
INFO  18:56:50,070 ProgressMeter -      5:57870719       1.996655E7     2.4 h            7.3 m       90.3%     2.7 h      15.6 m 
INFO  18:57:20,071 ProgressMeter -      5:58225332       1.996655E7     2.4 h            7.3 m       90.7%     2.7 h      14.9 m 
INFO  18:57:50,072 ProgressMeter -      5:58570472       1.996655E7     2.5 h            7.4 m       91.1%     2.7 h      14.3 m 
INFO  18:58:20,073 ProgressMeter -      5:58924282       1.996655E7     2.5 h            7.4 m       91.6%     2.7 h      13.6 m 
INFO  18:58:50,074 ProgressMeter -      5:59328543       1.996655E7     2.5 h            7.4 m       92.0%     2.7 h      12.8 m 
INFO  18:59:20,082 ProgressMeter -      5:59707442       1.996655E7     2.5 h            7.4 m       92.5%     2.7 h      12.1 m 
INFO  18:59:50,083 ProgressMeter -      5:60092272       1.996655E7     2.5 h            7.5 m       92.9%     2.7 h      11.4 m 
INFO  19:00:20,084 ProgressMeter -      5:60441149       1.996655E7     2.5 h            7.5 m       93.3%     2.7 h      10.7 m 
INFO  19:01:00,085 ProgressMeter -      5:60946864       1.996655E7     2.5 h            7.5 m       93.9%     2.7 h       9.8 m 
INFO  19:01:30,085 ProgressMeter -      5:61345073       1.996655E7     2.5 h            7.5 m       94.4%     2.7 h       9.0 m 
INFO  19:02:00,086 ProgressMeter -      5:61706138       1.996655E7     2.5 h            7.6 m       94.8%     2.7 h       8.3 m 
INFO  19:02:30,087 ProgressMeter -      5:62083714       1.996655E7     2.5 h            7.6 m       95.2%     2.7 h       7.6 m 
INFO  19:03:00,088 ProgressMeter -      5:62379721       1.996655E7     2.5 h            7.6 m       95.6%     2.7 h       7.1 m 
INFO  19:03:30,089 ProgressMeter -      5:62711575       1.996655E7     2.5 h            7.6 m       96.0%     2.7 h       6.4 m 
INFO  19:04:00,090 ProgressMeter -      5:62993045       1.996655E7     2.6 h            7.7 m       96.3%     2.7 h       5.9 m 
INFO  19:04:30,091 ProgressMeter -      5:63443041       1.996655E7     2.6 h            7.7 m       96.8%     2.6 h       5.1 m 
INFO  19:05:00,092 ProgressMeter -      5:63906948       1.996655E7     2.6 h            7.7 m       97.3%     2.6 h       4.2 m 
INFO  19:05:30,094 ProgressMeter -      5:64264098       1.996655E7     2.6 h            7.7 m       97.8%     2.6 h       3.6 m 
INFO  19:06:00,094 ProgressMeter -      5:64678761       1.996655E7     2.6 h            7.8 m       98.2%     2.6 h       2.8 m 
INFO  19:06:30,096 ProgressMeter -      5:65021153       1.996655E7     2.6 h            7.8 m       98.6%     2.6 h       2.2 m 
INFO  19:07:00,097 ProgressMeter -      5:65365495       1.996655E7     2.6 h            7.8 m       99.0%     2.6 h      91.0 s 
INFO  19:07:30,098 ProgressMeter -      5:65701245       1.996655E7     2.6 h            7.9 m       99.4%     2.6 h      54.0 s 
INFO  19:08:00,099 ProgressMeter -      5:66040147       1.996655E7     2.6 h            7.9 m       99.8%     2.6 h      17.0 s 
INFO  19:08:14,598 VectorLoglessPairHMM - Time spent in setup for JNI call : 3.200443028 
INFO  19:08:14,598 PairHMM - Total compute time in PairHMM computeLikelihoods() : 1298.53282398 
INFO  19:08:14,599 HaplotypeCaller - Ran local assembly on 443539 active regions 
INFO  19:08:14,606 ProgressMeter -            done      8.6166015E7     2.6 h          109.0 s      100.0%     2.6 h       0.0 s 
INFO  19:08:14,607 ProgressMeter - Total runtime 9448.88 secs, 157.48 min, 2.62 hours 
INFO  19:08:14,607 MicroScheduler - 3780429 reads were filtered out during the traversal out of approximately 23608162 total reads (16.01%) 
INFO  19:08:14,608 MicroScheduler -   -> 0 reads (0.00% of total) failing BadCigarFilter 
INFO  19:08:14,608 MicroScheduler -   -> 2871209 reads (12.16% of total) failing DuplicateReadFilter 
INFO  19:08:14,609 MicroScheduler -   -> 0 reads (0.00% of total) failing FailsVendorQualityCheckFilter 
INFO  19:08:14,609 MicroScheduler -   -> 879133 reads (3.72% of total) failing HCMappingQualityFilter 
INFO  19:08:14,610 MicroScheduler -   -> 0 reads (0.00% of total) failing MalformedReadFilter 
INFO  19:08:14,610 MicroScheduler -   -> 0 reads (0.00% of total) failing MappingQualityUnavailableFilter 
INFO  19:08:14,611 MicroScheduler -   -> 30087 reads (0.13% of total) failing NotPrimaryAlignmentFilter 
INFO  19:08:14,611 MicroScheduler -   -> 0 reads (0.00% of total) failing UnmappedReadFilter 
