INFO  17:41:18,278 HelpFormatter - --------------------------------------------------------------------------------- 
INFO  17:41:18,280 HelpFormatter - The Genome Analysis Toolkit (GATK) v3.4-46-g8ea4dca, Compiled 2015/08/13 20:41:56 
INFO  17:41:18,281 HelpFormatter - Copyright (c) 2010 The Broad Institute 
INFO  17:41:18,281 HelpFormatter - For support and documentation go to http://www.broadinstitute.org/gatk 
INFO  17:41:18,284 HelpFormatter - Program Args: -T PrintReads -I /home/opt/data/broadout/FC1-NA12878-01_S1_L001_gatk_best_practices_36t_30s_2015-11-10_16-39-49/FC1-NA12878-01_S1_L001_realign.bam -L /home/beris/Broad_Ref_Pipeline_approved_package/workflow_profiler/.queue/scatterGather/ExamplePrintReads-1-sg/temp_10_of_36/scatter.intervals -R /home/beris/Broad_Ref_Pipeline_approved_package/homosapiensrefgenome/Homo_sapiens_assembly19.fasta -BQSR /home/opt/data/broadout/FC1-NA12878-01_S1_L001_gatk_best_practices_36t_30s_2015-11-10_16-39-49/FC1-NA12878-01_S1_L001_recal.grp -o /home/beris/Broad_Ref_Pipeline_approved_package/workflow_profiler/.queue/scatterGather/ExamplePrintReads-1-sg/temp_10_of_36/FC1-NA12878-01_S1_L001_final.bam 
INFO  17:41:18,306 HelpFormatter - Executing as beris@dna on Linux 2.6.32-573.el6.x86_64 amd64; OpenJDK 64-Bit Server VM 1.7.0_79-mockbuild_2015_07_24_09_26-b00. 
INFO  17:41:18,306 HelpFormatter - Date/Time: 2015/11/10 17:41:18 
INFO  17:41:18,306 HelpFormatter - --------------------------------------------------------------------------------- 
INFO  17:41:18,307 HelpFormatter - --------------------------------------------------------------------------------- 
INFO  17:41:18,472 GenomeAnalysisEngine - Strictness is SILENT 
INFO  17:41:19,589 ContextCovariate - 		Context sizes: base substitution model 2, indel substitution model 3 
INFO  17:41:19,637 GenomeAnalysisEngine - Downsampling Settings: No downsampling 
INFO  17:41:19,644 SAMDataSource$SAMReaders - Initializing SAMRecords in serial 
INFO  17:41:19,764 SAMDataSource$SAMReaders - Done initializing BAM readers: total time 0.12 
INFO  17:41:19,806 IntervalUtils - Processing 135534747 bp from intervals 
INFO  17:41:19,930 GenomeAnalysisEngine - Preparing for traversal over 1 BAM files 
INFO  17:41:20,556 GenomeAnalysisEngine - Done preparing for traversal 
INFO  17:41:20,556 ProgressMeter - [INITIALIZATION COMPLETE; STARTING PROCESSING] 
INFO  17:41:20,557 ProgressMeter -                 | processed |    time |    per 1M |           |   total | remaining 
INFO  17:41:20,557 ProgressMeter -        Location |     reads | elapsed |     reads | completed | runtime |   runtime 
INFO  17:41:20,569 ReadShardBalancer$1 - Loading BAM index data 
INFO  17:41:21,423 ReadShardBalancer$1 - Done loading BAM index data 
INFO  17:41:50,593 ProgressMeter -     10:29812884    200002.0    30.0 s       2.5 m       22.0%     2.3 m     106.0 s 
INFO  17:42:20,594 ProgressMeter -     10:55568711    500061.0    60.0 s     120.0 s       41.0%     2.4 m      86.0 s 
INFO  17:42:50,595 ProgressMeter -     10:89501120    800071.0    90.0 s     112.0 s       66.0%     2.3 m      46.0 s 
INFO  17:43:20,596 ProgressMeter -    10:113921521   1200078.0   120.0 s     100.0 s       84.1%     2.4 m      22.0 s 
INFO  17:43:41,727 Walker - [REDUCE RESULT] Traversal result is: org.broadinstitute.gatk.engine.io.stubs.SAMFileWriterStub@511697b7 
INFO  17:43:42,768 ProgressMeter -            done   1452885.0     2.4 m      97.0 s      100.0%     2.4 m       0.0 s 
INFO  17:43:42,769 ProgressMeter - Total runtime 142.21 secs, 2.37 min, 0.04 hours 
INFO  17:43:42,769 MicroScheduler - 0 reads were filtered out during the traversal out of approximately 1452885 total reads (0.00%) 
INFO  17:43:42,769 MicroScheduler -   -> 0 reads (0.00% of total) failing BadCigarFilter 
INFO  17:43:42,770 MicroScheduler -   -> 0 reads (0.00% of total) failing MalformedReadFilter 
