INFO  20:24:01,788 HelpFormatter - --------------------------------------------------------------------------------- 
INFO  20:24:01,791 HelpFormatter - The Genome Analysis Toolkit (GATK) v3.4-46-g8ea4dca, Compiled 2015/08/13 20:41:56 
INFO  20:24:01,791 HelpFormatter - Copyright (c) 2010 The Broad Institute 
INFO  20:24:01,791 HelpFormatter - For support and documentation go to http://www.broadinstitute.org/gatk 
INFO  20:24:01,797 HelpFormatter - Program Args: -T PrintReads -I /home/opt/data/broadout/FC1-NA12878-01_S1_L001_R1_001_gatk_best_practices_36t_30s_2015-11-05_19-14-59/FC1-NA12878-01_S1_L001_R1_001_realign.bam -L /home/beris/Broad_Ref_Pipeline_approved_package/workflow_profiler/.queue/scatterGather/ExamplePrintReads-1-sg/temp_10_of_36/scatter.intervals -R /home/beris/Broad_Ref_Pipeline_approved_package/homosapiensrefgenome/Homo_sapiens_assembly19.fasta -BQSR /home/opt/data/broadout/FC1-NA12878-01_S1_L001_R1_001_gatk_best_practices_36t_30s_2015-11-05_19-14-59/FC1-NA12878-01_S1_L001_R1_001_recal.grp -o /home/beris/Broad_Ref_Pipeline_approved_package/workflow_profiler/.queue/scatterGather/ExamplePrintReads-1-sg/temp_10_of_36/FC1-NA12878-01_S1_L001_R1_001_final.bam 
INFO  20:24:01,806 HelpFormatter - Executing as beris@dna on Linux 2.6.32-573.el6.x86_64 amd64; OpenJDK 64-Bit Server VM 1.7.0_79-mockbuild_2015_07_24_09_26-b00. 
INFO  20:24:01,806 HelpFormatter - Date/Time: 2015/11/05 20:24:01 
INFO  20:24:01,807 HelpFormatter - --------------------------------------------------------------------------------- 
INFO  20:24:01,807 HelpFormatter - --------------------------------------------------------------------------------- 
INFO  20:24:02,050 GenomeAnalysisEngine - Strictness is SILENT 
INFO  20:24:03,217 ContextCovariate - 		Context sizes: base substitution model 2, indel substitution model 3 
INFO  20:24:03,287 GenomeAnalysisEngine - Downsampling Settings: No downsampling 
INFO  20:24:03,299 SAMDataSource$SAMReaders - Initializing SAMRecords in serial 
INFO  20:24:03,436 SAMDataSource$SAMReaders - Done initializing BAM readers: total time 0.14 
INFO  20:24:03,478 IntervalUtils - Processing 135534747 bp from intervals 
INFO  20:24:03,581 GenomeAnalysisEngine - Preparing for traversal over 1 BAM files 
INFO  20:24:04,220 GenomeAnalysisEngine - Done preparing for traversal 
INFO  20:24:04,221 ProgressMeter - [INITIALIZATION COMPLETE; STARTING PROCESSING] 
INFO  20:24:04,221 ProgressMeter -                 | processed |    time |    per 1M |           |   total | remaining 
INFO  20:24:04,222 ProgressMeter -        Location |     reads | elapsed |     reads | completed | runtime |   runtime 
INFO  20:24:04,236 ReadShardBalancer$1 - Loading BAM index data 
INFO  20:24:05,067 ReadShardBalancer$1 - Done loading BAM index data 
INFO  20:24:34,283 ProgressMeter -     10:16911647    100001.0    30.0 s       5.0 m       12.5%     4.0 m       3.5 m 
INFO  20:25:05,323 ProgressMeter -     10:45485222    400017.0    61.0 s       2.5 m       33.6%     3.0 m     120.0 s 
INFO  20:25:35,324 ProgressMeter -     10:76158303    700023.0    91.0 s       2.2 m       56.2%     2.7 m      70.0 s 
INFO  20:26:05,337 ProgressMeter -    10:104118429   1100033.0     2.0 m     110.0 s       76.8%     2.6 m      36.0 s 
INFO  20:26:31,771 Walker - [REDUCE RESULT] Traversal result is: org.broadinstitute.gatk.engine.io.stubs.SAMFileWriterStub@3c65666c 
INFO  20:26:32,562 ProgressMeter -            done   1450125.0     2.5 m     102.0 s      100.0%     2.5 m       0.0 s 
INFO  20:26:32,562 ProgressMeter - Total runtime 148.34 secs, 2.47 min, 0.04 hours 
INFO  20:26:32,563 MicroScheduler - 0 reads were filtered out during the traversal out of approximately 1450125 total reads (0.00%) 
INFO  20:26:32,563 MicroScheduler -   -> 0 reads (0.00% of total) failing BadCigarFilter 
INFO  20:26:32,563 MicroScheduler -   -> 0 reads (0.00% of total) failing MalformedReadFilter 
