INFO  20:07:58,257 HelpFormatter - --------------------------------------------------------------------------------- 
INFO  20:07:58,274 HelpFormatter - The Genome Analysis Toolkit (GATK) v3.4-46-g8ea4dca, Compiled 2015/08/13 20:41:56 
INFO  20:07:58,274 HelpFormatter - Copyright (c) 2010 The Broad Institute 
INFO  20:07:58,274 HelpFormatter - For support and documentation go to http://www.broadinstitute.org/gatk 
INFO  20:07:58,277 HelpFormatter - Program Args: -T PrintReads -I /mnt/nvme0n1/data/broadout/HG02771_gatk_best_practices_8t_30s_2016-07-06_18-21-02/HG02771_realign.bam -L /mnt/nvme0n1/Broad_Ref_Pipeline_approved_package/workflow_profiler/.queue/scatterGather/ExamplePrintReads-1-sg/temp_10_of_36/scatter.intervals -R /mnt/nvme0n1/Broad_Ref_Pipeline_approved_package/b37bundle/human_g1k_v37.fasta -BQSR /mnt/nvme0n1/data/broadout/HG02771_gatk_best_practices_8t_30s_2016-07-06_18-21-02/HG02771_recal.grp -o /mnt/nvme0n1/Broad_Ref_Pipeline_approved_package/workflow_profiler/.queue/scatterGather/ExamplePrintReads-1-sg/temp_10_of_36/HG02771_final.bam 
INFO  20:07:58,309 HelpFormatter - Executing as bshifaw@application-1-1.hudson.intel.com on Linux 3.10.0-327.el7.x86_64 amd64; OpenJDK 64-Bit Server VM 1.8.0_91-b14. 
INFO  20:07:58,310 HelpFormatter - Date/Time: 2016/07/06 20:07:58 
INFO  20:07:58,311 HelpFormatter - --------------------------------------------------------------------------------- 
INFO  20:07:58,312 HelpFormatter - --------------------------------------------------------------------------------- 
INFO  20:07:58,681 GenomeAnalysisEngine - Strictness is SILENT 
INFO  20:08:01,493 ContextCovariate - 		Context sizes: base substitution model 2, indel substitution model 3 
INFO  20:08:01,700 GenomeAnalysisEngine - Downsampling Settings: No downsampling 
INFO  20:08:01,798 SAMDataSource$SAMReaders - Initializing SAMRecords in serial 
INFO  20:08:02,037 SAMDataSource$SAMReaders - Done initializing BAM readers: total time 0.24 
INFO  20:08:02,145 IntervalUtils - Processing 135534747 bp from intervals 
INFO  20:08:02,961 GenomeAnalysisEngine - Preparing for traversal over 1 BAM files 
INFO  20:08:04,032 GenomeAnalysisEngine - Done preparing for traversal 
INFO  20:08:04,052 ProgressMeter - [INITIALIZATION COMPLETE; STARTING PROCESSING] 
INFO  20:08:04,077 ProgressMeter -                 | processed |    time |    per 1M |           |   total | remaining 
INFO  20:08:04,078 ProgressMeter -        Location |     reads | elapsed |     reads | completed | runtime |   runtime 
INFO  20:08:04,106 ReadShardBalancer$1 - Loading BAM index data 
INFO  20:08:06,120 ReadShardBalancer$1 - Done loading BAM index data 
INFO  20:08:34,197 ProgressMeter -        10:93041         0.0    30.0 s      49.8 w        0.1%    12.1 h      12.1 h 
INFO  20:09:37,933 ProgressMeter -      10:7830144    200014.0    93.0 s       7.8 m        5.8%    26.8 m      25.3 m 
INFO  20:10:07,934 ProgressMeter -     10:13852927    300019.0     2.1 m       6.9 m       10.2%    20.1 m      18.0 m 
INFO  20:10:37,936 ProgressMeter -     10:17362923    400021.0     2.6 m       6.4 m       12.8%    19.9 m      17.4 m 
INFO  20:11:07,937 ProgressMeter -     10:24832899    600025.0     3.1 m       5.1 m       18.3%    16.6 m      13.6 m 
INFO  20:11:37,939 ProgressMeter -     10:28905145    700026.0     3.6 m       5.1 m       21.3%    16.6 m      13.1 m 
INFO  20:12:07,941 ProgressMeter -     10:37284427    900033.0     4.1 m       4.5 m       27.5%    14.7 m      10.7 m 
INFO  20:12:37,943 ProgressMeter -     10:46342518   1100037.0     4.6 m       4.1 m       34.2%    13.3 m       8.8 m 
INFO  20:13:07,944 ProgressMeter -     10:49275503   1300055.0     5.1 m       3.9 m       36.4%    13.9 m       8.8 m 
INFO  20:13:37,945 ProgressMeter -     10:55665009   1500067.0     5.6 m       3.7 m       41.1%    13.5 m       8.0 m 
INFO  20:14:07,946 ProgressMeter -     10:68009103   1600068.0     6.1 m       3.8 m       50.2%    12.1 m       6.0 m 
INFO  20:14:37,947 ProgressMeter -     10:72509739   1800070.0     6.6 m       3.6 m       53.5%    12.2 m       5.7 m 
INFO  20:15:08,261 ProgressMeter -     10:75530793   2000073.0     7.1 m       3.5 m       55.7%    12.7 m       5.6 m 
INFO  20:15:38,262 ProgressMeter -     10:81702267   2200075.0     7.6 m       3.4 m       60.3%    12.6 m       5.0 m 
INFO  20:16:08,264 ProgressMeter -     10:90966416   2500087.0     8.1 m       3.2 m       67.1%    12.0 m       4.0 m 
INFO  20:16:38,394 ProgressMeter -     10:96010889   2700090.0     8.6 m       3.2 m       70.8%    12.1 m       3.5 m 
INFO  20:17:08,395 ProgressMeter -     10:99359888   2900096.0     9.1 m       3.1 m       73.3%    12.4 m       3.3 m 
INFO  20:17:38,396 ProgressMeter -    10:103542549   3100099.0     9.6 m       3.1 m       76.4%    12.5 m       3.0 m 
INFO  20:18:18,397 ProgressMeter -    10:114164480   3500105.0    10.2 m       2.9 m       84.2%    12.1 m     114.0 s 
INFO  20:18:48,398 ProgressMeter -    10:123432806   3800113.0    10.7 m       2.8 m       91.1%    11.8 m      63.0 s 
INFO  20:19:18,398 ProgressMeter -    10:135098974   4200123.0    11.2 m       2.7 m       99.7%    11.3 m       2.0 s 
INFO  20:19:21,848 Walker - [REDUCE RESULT] Traversal result is: org.broadinstitute.gatk.engine.io.stubs.SAMFileWriterStub@5b58129f 
INFO  20:19:22,011 ProgressMeter -            done   4288390.0    11.3 m       2.6 m      100.0%    11.3 m       0.0 s 
INFO  20:19:22,011 ProgressMeter - Total runtime 677.96 secs, 11.30 min, 0.19 hours 
INFO  20:19:22,011 MicroScheduler - 0 reads were filtered out during the traversal out of approximately 4288390 total reads (0.00%) 
INFO  20:19:22,011 MicroScheduler -   -> 0 reads (0.00% of total) failing BadCigarFilter 
INFO  20:19:22,012 MicroScheduler -   -> 0 reads (0.00% of total) failing MalformedReadFilter 
