INFO  20:06:14,563 HelpFormatter - --------------------------------------------------------------------------------- 
INFO  20:06:14,566 HelpFormatter - The Genome Analysis Toolkit (GATK) v3.4-46-g8ea4dca, Compiled 2015/08/13 20:41:56 
INFO  20:06:14,572 HelpFormatter - Copyright (c) 2010 The Broad Institute 
INFO  20:06:14,572 HelpFormatter - For support and documentation go to http://www.broadinstitute.org/gatk 
INFO  20:06:14,576 HelpFormatter - Program Args: -T PrintReads -I /mnt/nvme0n1/data/broadout/HG02571_gatk_best_practices_8t_30s_2016-07-06_18-21-01/HG02571_realign.bam -L /mnt/nvme0n1/Broad_Ref_Pipeline_approved_package/workflow_profiler/.queue/scatterGather/ExamplePrintReads-1-sg/temp_10_of_36/scatter.intervals -R /mnt/nvme0n1/Broad_Ref_Pipeline_approved_package/b37bundle/human_g1k_v37.fasta -BQSR /mnt/nvme0n1/data/broadout/HG02571_gatk_best_practices_8t_30s_2016-07-06_18-21-01/HG02571_recal.grp -o /mnt/nvme0n1/Broad_Ref_Pipeline_approved_package/workflow_profiler/.queue/scatterGather/ExamplePrintReads-1-sg/temp_10_of_36/HG02571_final.bam 
INFO  20:06:14,652 HelpFormatter - Executing as bshifaw@application-1-1.hudson.intel.com on Linux 3.10.0-327.el7.x86_64 amd64; OpenJDK 64-Bit Server VM 1.8.0_91-b14. 
INFO  20:06:14,653 HelpFormatter - Date/Time: 2016/07/06 20:06:14 
INFO  20:06:14,653 HelpFormatter - --------------------------------------------------------------------------------- 
INFO  20:06:14,657 HelpFormatter - --------------------------------------------------------------------------------- 
INFO  20:06:15,005 GenomeAnalysisEngine - Strictness is SILENT 
INFO  20:06:16,927 ContextCovariate - 		Context sizes: base substitution model 2, indel substitution model 3 
INFO  20:06:17,077 GenomeAnalysisEngine - Downsampling Settings: No downsampling 
INFO  20:06:17,099 SAMDataSource$SAMReaders - Initializing SAMRecords in serial 
INFO  20:06:17,243 SAMDataSource$SAMReaders - Done initializing BAM readers: total time 0.14 
INFO  20:06:17,294 IntervalUtils - Processing 135534747 bp from intervals 
INFO  20:06:17,550 GenomeAnalysisEngine - Preparing for traversal over 1 BAM files 
INFO  20:06:18,643 GenomeAnalysisEngine - Done preparing for traversal 
INFO  20:06:18,644 ProgressMeter - [INITIALIZATION COMPLETE; STARTING PROCESSING] 
INFO  20:06:18,644 ProgressMeter -                 | processed |    time |    per 1M |           |   total | remaining 
INFO  20:06:18,644 ProgressMeter -        Location |     reads | elapsed |     reads | completed | runtime |   runtime 
INFO  20:06:18,729 ReadShardBalancer$1 - Loading BAM index data 
INFO  20:06:19,942 ReadShardBalancer$1 - Done loading BAM index data 
INFO  20:06:49,704 ProgressMeter -      10:1230940         0.0    31.0 s      51.4 w        0.9%    56.9 m      56.4 m 
INFO  20:07:19,826 ProgressMeter -      10:6525564    100001.0    61.0 s      10.2 m        4.8%    21.1 m      20.1 m 
INFO  20:07:50,114 ProgressMeter -     10:13481310    300006.0    91.0 s       5.1 m        9.9%    15.2 m      13.7 m 
INFO  20:08:20,115 ProgressMeter -     10:16955845    400012.0     2.0 m       5.1 m       12.5%    16.1 m      14.1 m 
INFO  20:08:59,835 ProgressMeter -     10:21414754    500013.0     2.7 m       5.4 m       15.8%    17.0 m      14.3 m 
INFO  20:09:29,836 ProgressMeter -     10:27497258    600015.0     3.2 m       5.3 m       20.3%    15.7 m      12.5 m 
INFO  20:10:02,960 ProgressMeter -     10:34573106    800017.0     3.7 m       4.7 m       25.5%    14.6 m      10.9 m 
INFO  20:10:32,961 ProgressMeter -     10:44285248   1000019.0     4.2 m       4.2 m       32.7%    13.0 m       8.7 m 
INFO  20:11:03,603 ProgressMeter -     10:48007175   1100020.0     4.7 m       4.3 m       35.4%    13.4 m       8.6 m 
INFO  20:11:33,604 ProgressMeter -     10:50960073   1300024.0     5.2 m       4.0 m       37.6%    13.9 m       8.7 m 
INFO  20:12:03,605 ProgressMeter -     10:61083943   1500029.0     5.7 m       3.8 m       45.1%    12.7 m       7.0 m 
INFO  20:12:33,685 ProgressMeter -     10:70098982   1700031.0     6.3 m       3.7 m       51.7%    12.1 m       5.8 m 
INFO  20:13:03,686 ProgressMeter -     10:73406297   1800032.0     6.8 m       3.8 m       54.2%    12.5 m       5.7 m 
INFO  20:13:33,701 ProgressMeter -     10:75830859   2000046.0     7.3 m       3.6 m       55.9%    13.0 m       5.7 m 
INFO  20:14:13,702 ProgressMeter -     10:87965380   2300056.0     7.9 m       3.4 m       64.9%    12.2 m       4.3 m 
INFO  20:14:43,876 ProgressMeter -     10:93749064   2500062.0     8.4 m       3.4 m       69.2%    12.2 m       3.8 m 
INFO  20:15:23,877 ProgressMeter -     10:99139075   2800073.0     9.1 m       3.2 m       73.1%    12.4 m       3.3 m 
INFO  20:16:03,878 ProgressMeter -    10:103904001   3100088.0     9.8 m       3.1 m       76.7%    12.7 m       3.0 m 
INFO  20:16:33,879 ProgressMeter -    10:111629660   3400094.0    10.3 m       3.0 m       82.4%    12.4 m       2.2 m 
INFO  20:17:03,881 ProgressMeter -    10:120631816   3600100.0    10.8 m       3.0 m       89.0%    12.1 m      79.0 s 
INFO  20:17:33,894 ProgressMeter -    10:126395257   3900106.0    11.3 m       2.9 m       93.3%    12.1 m      48.0 s 
INFO  20:18:01,851 Walker - [REDUCE RESULT] Traversal result is: org.broadinstitute.gatk.engine.io.stubs.SAMFileWriterStub@5b58129f 
INFO  20:18:02,024 ProgressMeter -            done   4222292.0    11.7 m       2.8 m      100.0%    11.7 m       0.0 s 
INFO  20:18:02,024 ProgressMeter - Total runtime 703.38 secs, 11.72 min, 0.20 hours 
INFO  20:18:02,025 MicroScheduler - 0 reads were filtered out during the traversal out of approximately 4222292 total reads (0.00%) 
INFO  20:18:02,025 MicroScheduler -   -> 0 reads (0.00% of total) failing BadCigarFilter 
INFO  20:18:02,025 MicroScheduler -   -> 0 reads (0.00% of total) failing MalformedReadFilter 
