INFO  17:06:47,933 HelpFormatter - --------------------------------------------------------------------------------- 
INFO  17:06:47,938 HelpFormatter - The Genome Analysis Toolkit (GATK) v3.4-46-g8ea4dca, Compiled 2015/08/13 20:41:56 
INFO  17:06:47,939 HelpFormatter - Copyright (c) 2010 The Broad Institute 
INFO  17:06:47,939 HelpFormatter - For support and documentation go to http://www.broadinstitute.org/gatk 
INFO  17:06:47,943 HelpFormatter - Program Args: -T PrintReads -I /cluster_share/data/out/HG02769_gatk_best_practices_36t_30s_2016-11-28_15-18-37/HG02769_realign.bam -L /cluster_share/data/Broad_Ref_Pipeline_approved_package/workflow_profiler/.queue/scatterGather/ExamplePrintReads-1-sg/temp_10_of_36/scatter.intervals -R /cluster_share/data/reference/b37bundle/human_g1k_v37.fasta -BQSR /cluster_share/data/out/HG02769_gatk_best_practices_36t_30s_2016-11-28_15-18-37/HG02769_recal.grp -o /cluster_share/data/Broad_Ref_Pipeline_approved_package/workflow_profiler/.queue/scatterGather/ExamplePrintReads-1-sg/temp_10_of_36/HG02769_final.bam 
INFO  17:06:47,956 HelpFormatter - Executing as bshifaw@compute-1-1.hudson.intel.com on Linux 3.10.0-327.13.1.el7.x86_64 amd64; OpenJDK 64-Bit Server VM 1.8.0_111-b15. 
INFO  17:06:47,956 HelpFormatter - Date/Time: 2016/11/28 17:06:47 
INFO  17:06:47,959 HelpFormatter - --------------------------------------------------------------------------------- 
INFO  17:06:47,961 HelpFormatter - --------------------------------------------------------------------------------- 
INFO  17:06:48,110 GenomeAnalysisEngine - Strictness is SILENT 
INFO  17:06:49,230 ContextCovariate - 		Context sizes: base substitution model 2, indel substitution model 3 
INFO  17:06:49,308 GenomeAnalysisEngine - Downsampling Settings: No downsampling 
INFO  17:06:49,319 SAMDataSource$SAMReaders - Initializing SAMRecords in serial 
INFO  17:06:49,468 SAMDataSource$SAMReaders - Done initializing BAM readers: total time 0.15 
INFO  17:06:49,511 IntervalUtils - Processing 135534747 bp from intervals 
INFO  17:06:49,724 GenomeAnalysisEngine - Preparing for traversal over 1 BAM files 
INFO  17:06:50,571 GenomeAnalysisEngine - Done preparing for traversal 
INFO  17:06:50,572 ProgressMeter - [INITIALIZATION COMPLETE; STARTING PROCESSING] 
INFO  17:06:50,572 ProgressMeter -                 | processed |    time |    per 1M |           |   total | remaining 
INFO  17:06:50,572 ProgressMeter -        Location |     reads | elapsed |     reads | completed | runtime |   runtime 
INFO  17:06:50,601 ReadShardBalancer$1 - Loading BAM index data 
INFO  17:06:51,172 ReadShardBalancer$1 - Done loading BAM index data 
INFO  17:07:20,607 ProgressMeter -     10:15647824    300003.0    30.0 s     100.0 s       11.5%     4.3 m       3.8 m 
INFO  17:07:50,609 ProgressMeter -     10:36812476    800012.0    60.0 s      75.0 s       27.2%     3.7 m       2.7 m 
INFO  17:08:20,610 ProgressMeter -     10:51994200   1400036.0    90.0 s      64.0 s       38.4%     3.9 m       2.4 m 
INFO  17:08:50,611 ProgressMeter -     10:75187373   2000048.0   120.0 s      60.0 s       55.5%     3.6 m      96.0 s 
INFO  17:09:20,613 ProgressMeter -     10:93749064   2500063.0     2.5 m      60.0 s       69.2%     3.6 m      66.0 s 
INFO  17:09:51,224 ProgressMeter -    10:103292193   3100088.0     3.0 m      58.0 s       76.2%     3.9 m      56.0 s 
INFO  17:10:21,226 ProgressMeter -    10:119303062   3600100.0     3.5 m      58.0 s       88.0%     4.0 m      28.0 s 
INFO  17:10:48,505 Walker - [REDUCE RESULT] Traversal result is: org.broadinstitute.gatk.engine.io.stubs.SAMFileWriterStub@2a6e54c2 
INFO  17:10:48,957 ProgressMeter -            done   4228541.0     4.0 m      56.0 s      100.0%     4.0 m       0.0 s 
INFO  17:10:48,957 ProgressMeter - Total runtime 238.39 secs, 3.97 min, 0.07 hours 
INFO  17:10:48,958 MicroScheduler - 0 reads were filtered out during the traversal out of approximately 4228541 total reads (0.00%) 
INFO  17:10:48,958 MicroScheduler -   -> 0 reads (0.00% of total) failing BadCigarFilter 
INFO  17:10:48,959 MicroScheduler -   -> 0 reads (0.00% of total) failing MalformedReadFilter 
