INFO  18:12:41,373 HelpFormatter - --------------------------------------------------------------------------------- 
INFO  18:12:41,375 HelpFormatter - The Genome Analysis Toolkit (GATK) v3.4-46-g8ea4dca, Compiled 2015/08/13 20:41:56 
INFO  18:12:41,376 HelpFormatter - Copyright (c) 2010 The Broad Institute 
INFO  18:12:41,376 HelpFormatter - For support and documentation go to http://www.broadinstitute.org/gatk 
INFO  18:12:41,386 HelpFormatter - Program Args: -T BaseRecalibrator -I /mnt/sdb/data/broadout/HG02769_gatk_best_practices_8t_30s_2016-07-25_16-38-44/HG02769_realign.bam -L /mnt/sdb/Broad_Ref_Pipeline_approved_package/workflow_profiler/.queue/scatterGather/ExampleBaseRecalibrator-1-sg/temp_11_of_24/scatter.intervals -R /mnt/sdb/Broad_Ref_Pipeline_approved_package/b37bundle/human_g1k_v37.fasta -knownSites /mnt/sdb/Broad_Ref_Pipeline_approved_package/b37bundle/dbsnp_138.b37.vcf -o /mnt/sdb/Broad_Ref_Pipeline_approved_package/workflow_profiler/.queue/scatterGather/ExampleBaseRecalibrator-1-sg/temp_11_of_24/HG02769_recal.grp 
INFO  18:12:41,398 HelpFormatter - Executing as bshifaw@application-0-1.hudson.intel.com on Linux 3.10.0-327.el7.x86_64 amd64; OpenJDK 64-Bit Server VM 1.8.0_101-b13. 
INFO  18:12:41,399 HelpFormatter - Date/Time: 2016/07/25 18:12:41 
INFO  18:12:41,399 HelpFormatter - --------------------------------------------------------------------------------- 
INFO  18:12:41,400 HelpFormatter - --------------------------------------------------------------------------------- 
INFO  18:12:41,576 GenomeAnalysisEngine - Strictness is SILENT 
INFO  18:12:41,814 GenomeAnalysisEngine - Downsampling Settings: No downsampling 
INFO  18:12:41,826 SAMDataSource$SAMReaders - Initializing SAMRecords in serial 
INFO  18:12:41,948 SAMDataSource$SAMReaders - Done initializing BAM readers: total time 0.12 
INFO  18:12:42,527 IntervalUtils - Processing 2986593 bp from intervals 
INFO  18:12:42,696 GenomeAnalysisEngine - Preparing for traversal over 1 BAM files 
INFO  18:12:43,076 GenomeAnalysisEngine - Done preparing for traversal 
INFO  18:12:43,077 ProgressMeter - [INITIALIZATION COMPLETE; STARTING PROCESSING] 
INFO  18:12:43,078 ProgressMeter -                 | processed |    time |    per 1M |           |   total | remaining 
INFO  18:12:43,078 ProgressMeter -        Location |     reads | elapsed |     reads | completed | runtime |   runtime 
INFO  18:12:43,139 BaseRecalibrator - The covariates being used here:  
INFO  18:12:43,152 BaseRecalibrator - 	ReadGroupCovariate 
INFO  18:12:43,153 BaseRecalibrator - 	QualityScoreCovariate 
INFO  18:12:43,153 BaseRecalibrator - 	ContextCovariate 
INFO  18:12:43,153 ContextCovariate - 		Context sizes: base substitution model 2, indel substitution model 3 
INFO  18:12:43,154 BaseRecalibrator - 	CycleCovariate 
INFO  18:12:43,155 ReadShardBalancer$1 - Loading BAM index data 
INFO  18:12:43,521 ReadShardBalancer$1 - Done loading BAM index data 
INFO  18:13:13,346 ProgressMeter -      11:1016864         0.0    30.0 s      50.0 w        3.3%    15.1 m      14.6 m 
INFO  18:13:43,361 ProgressMeter -      11:4615295    200007.0    60.0 s       5.0 m        8.5%    11.8 m      10.8 m 
INFO  18:14:20,727 ProgressMeter -      11:6231798    400016.0    97.0 s       4.1 m       10.9%    14.8 m      13.2 m 
INFO  18:14:50,992 ProgressMeter -      11:9761874    600022.0     2.1 m       3.6 m       15.6%    13.5 m      11.4 m 
INFO  18:15:21,110 ProgressMeter -     11:18111940    800027.0     2.6 m       3.3 m       20.4%    12.8 m      10.2 m 
INFO  18:15:51,112 ProgressMeter -     11:28098752   1000032.0     3.1 m       3.1 m       24.1%    13.0 m       9.8 m 
INFO  18:16:21,119 ProgressMeter -     11:44129343   1200035.0     3.6 m       3.0 m       28.9%    12.6 m       8.9 m 
INFO  18:16:51,121 ProgressMeter -     11:55110906   1400037.0     4.1 m       3.0 m       34.8%    11.9 m       7.8 m 
INFO  18:17:21,167 ProgressMeter -     11:59211689   1700041.0     4.6 m       2.7 m       39.1%    11.8 m       7.2 m 
INFO  18:17:51,168 ProgressMeter -     11:62398642   2000045.0     5.1 m       2.6 m       44.8%    11.4 m       6.3 m 
INFO  18:18:21,171 ProgressMeter -     11:64882315   2200051.0     5.6 m       2.6 m       51.6%    10.9 m       5.3 m 
INFO  18:18:51,175 ProgressMeter -     11:67957444   2600065.0     6.1 m       2.4 m       61.0%    10.1 m       3.9 m 
INFO  18:19:21,178 ProgressMeter -     11:77590027   2900076.0     6.6 m       2.3 m       69.7%     9.5 m       2.9 m 
INFO  18:19:51,816 ProgressMeter -    11:108204569   3400086.0     7.1 m       2.1 m       81.0%     8.8 m     100.0 s 
INFO  18:20:21,864 ProgressMeter -    11:122726494   3900092.0     7.6 m     117.0 s       92.8%     8.2 m      35.0 s 
INFO  18:20:39,567 BaseRecalibrator - Calculating quantized quality scores... 
INFO  18:20:39,595 BaseRecalibrator - Writing recalibration report... 
INFO  18:20:40,405 BaseRecalibrator - ...done! 
INFO  18:20:40,406 BaseRecalibrator - BaseRecalibrator was able to recalibrate 4285021 reads 
INFO  18:20:40,408 ProgressMeter -            done   4285021.0     8.0 m     111.0 s      100.0%     8.0 m       0.0 s 
INFO  18:20:40,409 ProgressMeter - Total runtime 477.33 secs, 7.96 min, 0.13 hours 
INFO  18:20:40,409 MicroScheduler - 862653 reads were filtered out during the traversal out of approximately 5147674 total reads (16.76%) 
INFO  18:20:40,410 MicroScheduler -   -> 0 reads (0.00% of total) failing BadCigarFilter 
INFO  18:20:40,410 MicroScheduler -   -> 718102 reads (13.95% of total) failing DuplicateReadFilter 
INFO  18:20:40,410 MicroScheduler -   -> 0 reads (0.00% of total) failing FailsVendorQualityCheckFilter 
INFO  18:20:40,410 MicroScheduler -   -> 0 reads (0.00% of total) failing MalformedReadFilter 
INFO  18:20:40,410 MicroScheduler -   -> 0 reads (0.00% of total) failing MappingQualityUnavailableFilter 
INFO  18:20:40,410 MicroScheduler -   -> 143996 reads (2.80% of total) failing MappingQualityZeroFilter 
INFO  18:20:40,411 MicroScheduler -   -> 555 reads (0.01% of total) failing NotPrimaryAlignmentFilter 
INFO  18:20:40,411 MicroScheduler -   -> 0 reads (0.00% of total) failing UnmappedReadFilter 
