INFO  19:30:01,150 HelpFormatter - --------------------------------------------------------------------------------- 
INFO  19:30:01,157 HelpFormatter - The Genome Analysis Toolkit (GATK) v3.4-46-g8ea4dca, Compiled 2015/08/13 20:41:56 
INFO  19:30:01,157 HelpFormatter - Copyright (c) 2010 The Broad Institute 
INFO  19:30:01,157 HelpFormatter - For support and documentation go to http://www.broadinstitute.org/gatk 
INFO  19:30:01,161 HelpFormatter - Program Args: -T IndelRealigner -I /mnt/nvme0n1/data/broadout/HG02561_gatk_best_practices_8t_30s_2016-07-06_18-21-00/HG02561_dupRem.bam -L /mnt/nvme0n1/Broad_Ref_Pipeline_approved_package/workflow_profiler/.queue/scatterGather/ExampleIndelRealigner-1-sg/temp_19_of_36/scatter.intervals -R /mnt/nvme0n1/Broad_Ref_Pipeline_approved_package/b37bundle/human_g1k_v37.fasta -known /mnt/nvme0n1/Broad_Ref_Pipeline_approved_package/b37bundle/1000G_phase1.indels.b37.vcf -targetIntervals /mnt/nvme0n1/data/broadout/HG02561_gatk_best_practices_8t_30s_2016-07-06_18-21-00/HG02561_realn.intervals -o /mnt/nvme0n1/Broad_Ref_Pipeline_approved_package/workflow_profiler/.queue/scatterGather/ExampleIndelRealigner-1-sg/temp_19_of_36/HG02561_realign.bam -filterNoBases 
INFO  19:30:01,193 HelpFormatter - Executing as bshifaw@application-1-1.hudson.intel.com on Linux 3.10.0-327.el7.x86_64 amd64; OpenJDK 64-Bit Server VM 1.8.0_91-b14. 
INFO  19:30:01,193 HelpFormatter - Date/Time: 2016/07/06 19:30:01 
INFO  19:30:01,194 HelpFormatter - --------------------------------------------------------------------------------- 
INFO  19:30:01,194 HelpFormatter - --------------------------------------------------------------------------------- 
INFO  19:30:01,690 GenomeAnalysisEngine - Strictness is SILENT 
INFO  19:30:02,121 GenomeAnalysisEngine - Downsampling Settings: No downsampling 
INFO  19:30:02,137 SAMDataSource$SAMReaders - Initializing SAMRecords in serial 
INFO  19:30:02,323 SAMDataSource$SAMReaders - Done initializing BAM readers: total time 0.19 
INFO  19:30:02,620 IntervalUtils - Processing 59128983 bp from intervals 
INFO  19:30:02,802 GenomeAnalysisEngine - Preparing for traversal over 1 BAM files 
INFO  19:30:03,560 GenomeAnalysisEngine - Done preparing for traversal 
INFO  19:30:03,561 ProgressMeter - [INITIALIZATION COMPLETE; STARTING PROCESSING] 
INFO  19:30:03,561 ProgressMeter -                 | processed |    time |    per 1M |           |   total | remaining 
INFO  19:30:03,561 ProgressMeter -        Location |     reads | elapsed |     reads | completed | runtime |   runtime 
INFO  19:30:03,870 ReadShardBalancer$1 - Loading BAM index data 
INFO  19:30:04,311 ReadShardBalancer$1 - Done loading BAM index data 
INFO  19:30:33,587 ProgressMeter -      19:1091949    100008.0    30.0 s       5.0 m        1.8%    27.1 m      26.6 m 
INFO  19:31:04,651 ProgressMeter -      19:6896484    600016.0    61.0 s     101.0 s       11.7%     8.7 m       7.7 m 
INFO  19:31:34,652 ProgressMeter -     19:10906835   1200041.0    91.0 s      75.0 s       18.4%     8.2 m       6.7 m 
INFO  19:32:04,653 ProgressMeter -     19:17449871   2000066.0     2.0 m      60.0 s       29.5%     6.8 m       4.8 m 
INFO  19:32:34,995 ProgressMeter -     19:36939914   2900094.0     2.5 m      52.0 s       62.5%     4.0 m      90.0 s 
INFO  19:33:14,996 ProgressMeter -     19:53270504   5000148.0     3.2 m      38.0 s       90.1%     3.5 m      21.0 s 
INFO  19:33:27,957 ProgressMeter -            done   5942976.0     3.4 m      34.0 s      100.0%     3.4 m       0.0 s 
INFO  19:33:27,958 ProgressMeter - Total runtime 204.40 secs, 3.41 min, 0.06 hours 
INFO  19:33:27,960 MicroScheduler - 82243 reads were filtered out during the traversal out of approximately 6025219 total reads (1.36%) 
INFO  19:33:27,961 MicroScheduler -   -> 0 reads (0.00% of total) failing BadCigarFilter 
INFO  19:33:27,961 MicroScheduler -   -> 82243 reads (1.36% of total) failing MalformedReadFilter 
