INFO  07:30:26,796 HelpFormatter - --------------------------------------------------------------------------------- 
INFO  07:30:26,799 HelpFormatter - The Genome Analysis Toolkit (GATK) v3.4-46-g8ea4dca, Compiled 2015/08/13 20:41:56 
INFO  07:30:26,799 HelpFormatter - Copyright (c) 2010 The Broad Institute 
INFO  07:30:26,799 HelpFormatter - For support and documentation go to http://www.broadinstitute.org/gatk 
INFO  07:30:26,802 HelpFormatter - Program Args: -T BaseRecalibrator -I /mnt/ssdbroad/output/Solexa-272221_gatk_best_practices_36t_30s_2016-02-11_11-59-19/Solexa-272221_realign.bam -L /mnt/ssdbroad/Broad_Ref_Pipeline_approved_package/workflow_profiler/.queue/scatterGather/ExampleBaseRecalibrator-1-sg/temp_12_of_36/scatter.intervals -R /mnt/ssdbroad/Broad_Ref_Pipeline_approved_package/homosapiensrefgenome/Homo_sapiens_assembly19.fasta -knownSites /mnt/ssdbroad/Broad_Ref_Pipeline_approved_package/homosapiensrefgenome/Homo_sapiens_assembly19.dbsnp.vcf -o /mnt/ssdbroad/Broad_Ref_Pipeline_approved_package/workflow_profiler/.queue/scatterGather/ExampleBaseRecalibrator-1-sg/temp_12_of_36/Solexa-272221_recal.grp 
INFO  07:30:26,843 HelpFormatter - Executing as beris@dna on Linux 2.6.32-573.el6.x86_64 amd64; OpenJDK 64-Bit Server VM 1.7.0_79-mockbuild_2015_07_24_09_26-b00. 
INFO  07:30:26,844 HelpFormatter - Date/Time: 2016/02/12 07:30:26 
INFO  07:30:26,844 HelpFormatter - --------------------------------------------------------------------------------- 
INFO  07:30:26,844 HelpFormatter - --------------------------------------------------------------------------------- 
INFO  07:30:26,942 GenomeAnalysisEngine - Strictness is SILENT 
INFO  07:30:27,094 GenomeAnalysisEngine - Downsampling Settings: No downsampling 
INFO  07:30:27,108 SAMDataSource$SAMReaders - Initializing SAMRecords in serial 
INFO  07:30:27,141 SAMDataSource$SAMReaders - Done initializing BAM readers: total time 0.03 
INFO  07:30:27,345 IntervalUtils - Processing 133851895 bp from intervals 
INFO  07:30:27,432 GenomeAnalysisEngine - Preparing for traversal over 1 BAM files 
INFO  07:30:28,609 GenomeAnalysisEngine - Done preparing for traversal 
INFO  07:30:28,610 ProgressMeter - [INITIALIZATION COMPLETE; STARTING PROCESSING] 
INFO  07:30:28,623 ProgressMeter -                 | processed |    time |    per 1M |           |   total | remaining 
INFO  07:30:28,624 ProgressMeter -        Location |     reads | elapsed |     reads | completed | runtime |   runtime 
INFO  07:30:28,676 BaseRecalibrator - The covariates being used here:  
INFO  07:30:28,676 BaseRecalibrator - 	ReadGroupCovariate 
INFO  07:30:28,676 BaseRecalibrator - 	QualityScoreCovariate 
INFO  07:30:28,677 BaseRecalibrator - 	ContextCovariate 
INFO  07:30:28,677 ContextCovariate - 		Context sizes: base substitution model 2, indel substitution model 3 
INFO  07:30:28,677 BaseRecalibrator - 	CycleCovariate 
INFO  07:30:28,681 ReadShardBalancer$1 - Loading BAM index data 
INFO  07:30:30,140 ReadShardBalancer$1 - Done loading BAM index data 
INFO  07:30:58,749 ProgressMeter -       12:185290         0.0    30.0 s      49.8 w        0.1%     6.0 h       6.0 h 
INFO  07:31:28,751 ProgressMeter -      12:1013045    200002.0    60.0 s       5.0 m        0.8%     2.2 h       2.2 h 
INFO  07:31:59,393 ProgressMeter -      12:1765253    300003.0    90.0 s       5.0 m        1.3%   113.7 m     112.2 m 
INFO  07:32:29,395 ProgressMeter -      12:2710205    600006.0   120.0 s       3.4 m        2.0%    98.8 m      96.8 m 
INFO  07:32:59,397 ProgressMeter -      12:3735647    800008.0     2.5 m       3.1 m        2.8%    89.6 m      87.1 m 
INFO  07:33:29,398 ProgressMeter -      12:4703045   1000011.0     3.0 m       3.0 m        3.5%    85.4 m      82.4 m 
INFO  07:33:59,584 ProgressMeter -      12:5652006   1200013.0     3.5 m       2.9 m        4.2%    82.9 m      79.4 m 
INFO  07:34:29,586 ProgressMeter -      12:6556362   1400015.0     4.0 m       2.9 m        4.9%    81.7 m      77.7 m 
INFO  07:34:59,587 ProgressMeter -      12:7494737   1700018.0     4.5 m       2.7 m        5.6%    80.4 m      75.9 m 
INFO  07:35:29,589 ProgressMeter -      12:8381983   1900020.0     5.0 m       2.6 m        6.3%    79.8 m      74.8 m 
INFO  07:35:59,590 ProgressMeter -      12:9318744   2100022.0     5.5 m       2.6 m        7.0%    79.0 m      73.5 m 
INFO  07:36:29,594 ProgressMeter -     12:10254999   2300024.0     6.0 m       2.6 m        7.7%    78.3 m      72.3 m 
INFO  07:36:59,603 ProgressMeter -     12:11141142   2500027.0     6.5 m       2.6 m        8.3%    78.1 m      71.6 m 
INFO  07:37:29,604 ProgressMeter -     12:12029677   2700031.0     7.0 m       2.6 m        9.0%    77.9 m      70.9 m 
INFO  07:37:59,606 ProgressMeter -     12:12983985   3000034.0     7.5 m       2.5 m        9.7%    77.3 m      69.8 m 
INFO  07:38:29,608 ProgressMeter -     12:14003969   3200036.0     8.0 m       2.5 m       10.5%    76.5 m      68.5 m 
INFO  07:38:59,609 ProgressMeter -     12:15008338   3400038.0     8.5 m       2.5 m       11.2%    75.8 m      67.3 m 
INFO  07:39:29,611 ProgressMeter -     12:15974941   3700041.0     9.0 m       2.4 m       11.9%    75.5 m      66.5 m 
INFO  07:39:59,612 ProgressMeter -     12:17020306   3900043.0     9.5 m       2.4 m       12.7%    74.8 m      65.3 m 
INFO  07:40:29,631 ProgressMeter -     12:17971362   4200047.0    10.0 m       2.4 m       13.4%    74.6 m      64.6 m 
INFO  07:40:59,757 ProgressMeter -     12:19012202   4400049.0    10.5 m       2.4 m       14.2%    74.0 m      63.5 m 
INFO  07:41:29,771 ProgressMeter -     12:19997115   4600051.0    11.0 m       2.4 m       14.9%    73.7 m      62.7 m 
INFO  07:41:59,772 ProgressMeter -     12:20940425   4900054.0    11.5 m       2.4 m       15.6%    73.6 m      62.1 m 
INFO  07:42:29,776 ProgressMeter -     12:21804623   5100056.0    12.0 m       2.4 m       16.3%    73.8 m      61.7 m 
INFO  07:42:59,778 ProgressMeter -     12:22868872   5300058.0    12.5 m       2.4 m       17.1%    73.3 m      60.7 m 
INFO  07:43:29,780 ProgressMeter -     12:23841139   5600062.0    13.0 m       2.3 m       17.8%    73.1 m      60.1 m 
INFO  07:44:00,459 ProgressMeter -     12:24855777   5800064.0    13.5 m       2.3 m       18.6%    72.8 m      59.3 m 
INFO  07:44:30,461 ProgressMeter -     12:25802429   6100067.0    14.0 m       2.3 m       19.3%    72.7 m      58.7 m 
INFO  07:45:00,462 ProgressMeter -     12:26760542   6300069.0    14.5 m       2.3 m       20.0%    72.6 m      58.1 m 
INFO  07:45:30,496 ProgressMeter -     12:27732948   6500071.0    15.0 m       2.3 m       20.7%    72.5 m      57.5 m 
INFO  07:46:00,498 ProgressMeter -     12:28695520   6800075.0    15.5 m       2.3 m       21.4%    72.4 m      56.9 m 
INFO  07:46:30,499 ProgressMeter -     12:29646140   7000077.0    16.0 m       2.3 m       22.1%    72.3 m      56.3 m 
INFO  07:47:00,500 ProgressMeter -     12:30658703   7200080.0    16.5 m       2.3 m       22.9%    72.1 m      55.6 m 
INFO  07:47:30,502 ProgressMeter -     12:31634196   7500083.0    17.0 m       2.3 m       23.6%    72.0 m      55.0 m 
INFO  07:48:00,504 ProgressMeter -     12:32625897   7700086.0    17.5 m       2.3 m       24.4%    71.9 m      54.3 m 
INFO  07:48:30,506 ProgressMeter -     12:33679278   7900088.0    18.0 m       2.3 m       25.2%    71.6 m      53.6 m 
INFO  07:49:00,507 ProgressMeter -     12:34636699   8200092.0    18.5 m       2.3 m       25.9%    71.6 m      53.0 m 
INFO  07:49:30,509 ProgressMeter -     12:38090807   8400237.0    19.0 m       2.3 m       28.5%    66.8 m      47.8 m 
INFO  07:50:00,511 ProgressMeter -     12:38938663   8600239.0    19.5 m       2.3 m       29.1%    67.1 m      47.6 m 
INFO  07:50:30,512 ProgressMeter -     12:39924192   8900242.0    20.0 m       2.3 m       29.8%    67.1 m      47.1 m 
INFO  07:51:00,515 ProgressMeter -     12:40909450   9100244.0    20.5 m       2.3 m       30.6%    67.1 m      46.6 m 
INFO  07:51:30,517 ProgressMeter -     12:41888751   9300246.0    21.0 m       2.3 m       31.3%    67.2 m      46.1 m 
INFO  07:52:00,518 ProgressMeter -     12:42853931   9600251.0    21.5 m       2.2 m       32.0%    67.2 m      45.7 m 
INFO  07:52:30,520 ProgressMeter -     12:43878510   9800253.0    22.0 m       2.2 m       32.8%    67.2 m      45.1 m 
INFO  07:53:00,522 ProgressMeter -     12:44922861   1.0100256E7    22.5 m       2.2 m       33.6%    67.1 m      44.6 m 
INFO  07:53:30,523 ProgressMeter -     12:45954685   1.0300258E7    23.0 m       2.2 m       34.3%    67.0 m      44.0 m 
INFO  07:54:00,525 ProgressMeter -     12:46951320   1.0600262E7    23.5 m       2.2 m       35.1%    67.0 m      43.5 m 
INFO  07:54:30,526 ProgressMeter -     12:47978789   1.0800264E7    24.0 m       2.2 m       35.8%    67.0 m      43.0 m 
INFO  07:55:00,528 ProgressMeter -     12:48976881   1.1100268E7    24.5 m       2.2 m       36.6%    67.0 m      42.5 m 
INFO  07:55:30,529 ProgressMeter -     12:50076503   1.130027E7    25.0 m       2.2 m       37.4%    66.9 m      41.9 m 
INFO  07:56:00,531 ProgressMeter -     12:51138687   1.1500272E7    25.5 m       2.2 m       38.2%    66.8 m      41.3 m 
INFO  07:56:30,532 ProgressMeter -     12:52053835   1.1800275E7    26.0 m       2.2 m       38.9%    66.9 m      40.9 m 
INFO  07:57:00,534 ProgressMeter -     12:53063510   1.2000277E7    26.5 m       2.2 m       39.6%    66.9 m      40.4 m 
INFO  07:57:30,589 ProgressMeter -     12:54107354   1.2200279E7    27.0 m       2.2 m       40.4%    66.8 m      39.8 m 
INFO  07:58:00,591 ProgressMeter -     12:55138536   1.2500282E7    27.5 m       2.2 m       41.2%    66.8 m      39.3 m 
INFO  07:58:30,593 ProgressMeter -     12:56027932   1.2700284E7    28.0 m       2.2 m       41.9%    66.9 m      38.9 m 
INFO  07:59:00,660 ProgressMeter -     12:57128631   1.2900286E7    28.5 m       2.2 m       42.7%    66.9 m      38.3 m 
INFO  07:59:30,662 ProgressMeter -     12:58175410   1.3200289E7    29.0 m       2.2 m       43.5%    66.8 m      37.8 m 
INFO  08:00:00,669 ProgressMeter -     12:59116304   1.3400291E7    29.5 m       2.2 m       44.2%    66.9 m      37.3 m 
INFO  08:00:30,670 ProgressMeter -     12:60142829   1.3600293E7    30.0 m       2.2 m       44.9%    66.8 m      36.8 m 
INFO  08:01:00,672 ProgressMeter -     12:61116398   1.3900297E7    30.5 m       2.2 m       45.7%    66.9 m      36.3 m 
INFO  08:01:30,673 ProgressMeter -     12:62129399   1.4100299E7    31.0 m       2.2 m       46.4%    66.9 m      35.8 m 
INFO  08:02:00,674 ProgressMeter -     12:63115545   1.4400302E7    31.5 m       2.2 m       47.2%    66.9 m      35.3 m 
INFO  08:02:30,676 ProgressMeter -     12:64145847   1.4600304E7    32.0 m       2.2 m       47.9%    66.8 m      34.8 m 
INFO  08:03:00,677 ProgressMeter -     12:65219535   1.4900308E7    32.5 m       2.2 m       48.7%    66.8 m      34.2 m 
INFO  08:03:30,678 ProgressMeter -     12:66257272   1.510031E7    33.0 m       2.2 m       49.5%    66.7 m      33.7 m 
INFO  08:04:00,680 ProgressMeter -     12:66994537   1.5401007E7    33.5 m       2.2 m       50.1%    67.0 m      33.5 m 
INFO  08:04:30,682 ProgressMeter -     12:68053221   1.5601009E7    34.0 m       2.2 m       50.8%    66.9 m      32.9 m 
INFO  08:05:00,683 ProgressMeter -     12:69037758   1.5901012E7    34.5 m       2.2 m       51.6%    67.0 m      32.4 m 
INFO  08:05:30,685 ProgressMeter -     12:70101686   1.6101014E7    35.0 m       2.2 m       52.4%    66.9 m      31.9 m 
INFO  08:06:00,687 ProgressMeter -     12:71114759   1.6401019E7    35.5 m       2.2 m       53.1%    66.9 m      31.3 m 
INFO  08:06:30,688 ProgressMeter -     12:72136982   1.6601022E7    36.0 m       2.2 m       53.9%    66.9 m      30.8 m 
INFO  08:07:00,689 ProgressMeter -     12:73181138   1.6901026E7    36.5 m       2.2 m       54.7%    66.8 m      30.3 m 
INFO  08:07:30,690 ProgressMeter -     12:74210785   1.7101028E7    37.0 m       2.2 m       55.4%    66.8 m      29.8 m 
INFO  08:08:01,451 ProgressMeter -     12:75239092   1.7401031E7    37.5 m       2.2 m       56.2%    66.8 m      29.2 m 
INFO  08:08:31,453 ProgressMeter -     12:76305778   1.7601033E7    38.0 m       2.2 m       57.0%    66.7 m      28.7 m 
INFO  08:09:01,455 ProgressMeter -     12:77340739   1.7901036E7    38.5 m       2.2 m       57.8%    66.7 m      28.2 m 
INFO  08:09:31,457 ProgressMeter -     12:78373208   1.8101038E7    39.0 m       2.2 m       58.6%    66.7 m      27.6 m 
INFO  08:10:01,459 ProgressMeter -     12:79383647   1.8401041E7    39.5 m       2.1 m       59.3%    66.7 m      27.1 m 
INFO  08:10:31,460 ProgressMeter -     12:80472202   1.8601043E7    40.0 m       2.2 m       60.1%    66.6 m      26.6 m 
INFO  08:11:01,463 ProgressMeter -     12:81469958   1.8901047E7    40.5 m       2.1 m       60.9%    66.6 m      26.1 m 
INFO  08:11:31,479 ProgressMeter -     12:82483066   1.9101049E7    41.0 m       2.1 m       61.6%    66.6 m      25.6 m 
INFO  08:12:01,481 ProgressMeter -     12:83533873   1.9401052E7    41.5 m       2.1 m       62.4%    66.6 m      25.0 m 
INFO  08:12:31,483 ProgressMeter -     12:84598915   1.9601054E7    42.0 m       2.1 m       63.2%    66.5 m      24.5 m 
INFO  08:13:01,508 ProgressMeter -     12:85580568   1.9901057E7    42.5 m       2.1 m       63.9%    66.5 m      24.0 m 
INFO  08:13:31,510 ProgressMeter -     12:86655654   2.0101059E7    43.0 m       2.1 m       64.7%    66.5 m      23.4 m 
INFO  08:14:01,512 ProgressMeter -     12:87649994   2.0401062E7    43.5 m       2.1 m       65.5%    66.5 m      22.9 m 
INFO  08:14:31,514 ProgressMeter -     12:88672216   2.0601064E7    44.0 m       2.1 m       66.2%    66.5 m      22.4 m 
INFO  08:15:01,515 ProgressMeter -     12:89776768   2.0901069E7    44.5 m       2.1 m       67.1%    66.4 m      21.9 m 
INFO  08:15:31,517 ProgressMeter -     12:90805919   2.1101071E7    45.0 m       2.1 m       67.8%    66.4 m      21.3 m 
INFO  08:16:01,519 ProgressMeter -     12:91806629   2.1401074E7    45.5 m       2.1 m       68.6%    66.4 m      20.9 m 
INFO  08:16:31,521 ProgressMeter -     12:92808078   2.1601076E7    46.0 m       2.1 m       69.3%    66.4 m      20.4 m 
INFO  08:17:01,523 ProgressMeter -     12:93824138   2.1901079E7    46.5 m       2.1 m       70.1%    66.4 m      19.9 m 
INFO  08:17:31,685 ProgressMeter -     12:94959187   2.2201082E7    47.1 m       2.1 m       70.9%    66.3 m      19.3 m 
INFO  08:18:01,687 ProgressMeter -     12:96001492   2.2401084E7    47.6 m       2.1 m       71.7%    66.3 m      18.7 m 
INFO  08:18:31,689 ProgressMeter -     12:97035324   2.2601086E7    48.1 m       2.1 m       72.5%    66.3 m      18.2 m 
INFO  08:19:01,691 ProgressMeter -     12:98113792   2.2901089E7    48.6 m       2.1 m       73.3%    66.2 m      17.7 m 
INFO  08:19:31,694 ProgressMeter -     12:99141840   2.3201092E7    49.1 m       2.1 m       74.1%    66.2 m      17.2 m 
INFO  08:20:01,695 ProgressMeter -    12:100235361   2.3401094E7    49.6 m       2.1 m       74.9%    66.2 m      16.6 m 
INFO  08:20:31,696 ProgressMeter -    12:101300210   2.3701098E7    50.1 m       2.1 m       75.7%    66.1 m      16.1 m 
INFO  08:21:01,698 ProgressMeter -    12:102350755   2.39011E7    50.6 m       2.1 m       76.5%    66.1 m      15.6 m 
INFO  08:21:31,700 ProgressMeter -    12:103477220   2.4201105E7    51.1 m       2.1 m       77.3%    66.0 m      15.0 m 
INFO  08:22:01,701 ProgressMeter -    12:104533002   2.4501108E7    51.6 m       2.1 m       78.1%    66.0 m      14.5 m 
INFO  08:22:31,702 ProgressMeter -    12:105550258   2.4701111E7    52.1 m       2.1 m       78.9%    66.0 m      14.0 m 
INFO  08:23:01,704 ProgressMeter -    12:106630277   2.5001115E7    52.6 m       2.1 m       79.7%    66.0 m      13.4 m 
INFO  08:23:31,817 ProgressMeter -    12:107880672   2.5301119E7    53.1 m       2.1 m       80.6%    65.8 m      12.8 m 
INFO  08:24:01,819 ProgressMeter -    12:108989471   2.5501121E7    53.6 m       2.1 m       81.4%    65.8 m      12.2 m 
INFO  08:24:31,821 ProgressMeter -    12:110140952   2.5801124E7    54.1 m       2.1 m       82.3%    65.7 m      11.6 m 
INFO  08:25:01,823 ProgressMeter -    12:111274585   2.6001127E7    54.6 m       2.1 m       83.1%    65.6 m      11.1 m 
INFO  08:25:32,153 ProgressMeter -    12:112363128   2.6301132E7    55.1 m       2.1 m       83.9%    65.6 m      10.5 m 
INFO  08:26:02,184 ProgressMeter -    12:113483712   2.6501134E7    55.6 m       2.1 m       84.8%    65.5 m      10.0 m 
INFO  08:26:32,187 ProgressMeter -    12:114556388   2.6801138E7    56.1 m       2.1 m       85.6%    65.5 m       9.4 m 
INFO  08:27:02,188 ProgressMeter -    12:115754192   2.700114E7    56.6 m       2.1 m       86.5%    65.4 m       8.8 m 
INFO  08:27:32,190 ProgressMeter -    12:116803844   2.7301143E7    57.1 m       2.1 m       87.3%    65.4 m       8.3 m 
INFO  08:28:02,192 ProgressMeter -    12:117983408   2.7601146E7    57.6 m       2.1 m       88.1%    65.3 m       7.7 m 
INFO  08:28:32,194 ProgressMeter -    12:119102334   2.7801148E7    58.1 m       2.1 m       89.0%    65.2 m       7.2 m 
INFO  08:29:02,286 ProgressMeter -    12:120138098   2.800115E7    58.6 m       2.1 m       89.8%    65.2 m       6.7 m 
INFO  08:29:32,287 ProgressMeter -    12:121263527   2.8301154E7    59.1 m       2.1 m       90.6%    65.2 m       6.1 m 
INFO  08:30:02,289 ProgressMeter -    12:122369024   2.8501156E7    59.6 m       2.1 m       91.4%    65.1 m       5.6 m 
INFO  08:30:32,291 ProgressMeter -    12:123446232   2.880116E7    60.1 m       2.1 m       92.2%    65.1 m       5.1 m 
INFO  08:31:02,292 ProgressMeter -    12:124547640   2.9001163E7    60.6 m       2.1 m       93.0%    65.1 m       4.5 m 
INFO  08:31:32,294 ProgressMeter -    12:125616236   2.9301166E7    61.1 m       2.1 m       93.8%    65.1 m       4.0 m 
INFO  08:32:02,339 ProgressMeter -    12:126766664   2.9501168E7    61.6 m       2.1 m       94.7%    65.0 m       3.4 m 
INFO  08:32:32,340 ProgressMeter -    12:127832263   2.9801171E7    62.1 m       2.1 m       95.5%    65.0 m       2.9 m 
INFO  08:33:02,341 ProgressMeter -    12:128869005   3.0001173E7    62.6 m       2.1 m       96.3%    65.0 m       2.4 m 
INFO  08:33:32,342 ProgressMeter -    12:129909964   3.0301176E7    63.1 m       2.1 m       97.1%    65.0 m     114.0 s 
INFO  08:34:02,344 ProgressMeter -    12:130961030   3.0501178E7    63.6 m       2.1 m       97.8%    65.0 m      84.0 s 
INFO  08:34:32,346 ProgressMeter -    12:132016956   3.070118E7    64.1 m       2.1 m       98.6%    64.9 m      53.0 s 
INFO  08:35:02,348 ProgressMeter -    12:133206322   3.1001183E7    64.6 m       2.1 m       99.5%    64.9 m      18.0 s 
INFO  08:35:14,399 BaseRecalibrator - Calculating quantized quality scores... 
INFO  08:35:14,458 BaseRecalibrator - Writing recalibration report... 
INFO  08:35:15,783 BaseRecalibrator - ...done! 
INFO  08:35:15,783 BaseRecalibrator - BaseRecalibrator was able to recalibrate 31127656 reads 
INFO  08:35:15,784 ProgressMeter -            done   3.1127656E7    64.8 m       2.1 m      100.0%    64.8 m       0.0 s 
INFO  08:35:15,784 ProgressMeter - Total runtime 3887.17 secs, 64.79 min, 1.08 hours 
INFO  08:35:15,784 MicroScheduler - 5295913 reads were filtered out during the traversal out of approximately 36423569 total reads (14.54%) 
INFO  08:35:15,785 MicroScheduler -   -> 0 reads (0.00% of total) failing BadCigarFilter 
INFO  08:35:15,785 MicroScheduler -   -> 4330502 reads (11.89% of total) failing DuplicateReadFilter 
INFO  08:35:15,785 MicroScheduler -   -> 0 reads (0.00% of total) failing FailsVendorQualityCheckFilter 
INFO  08:35:15,785 MicroScheduler -   -> 0 reads (0.00% of total) failing MalformedReadFilter 
INFO  08:35:15,785 MicroScheduler -   -> 0 reads (0.00% of total) failing MappingQualityUnavailableFilter 
INFO  08:35:15,785 MicroScheduler -   -> 853320 reads (2.34% of total) failing MappingQualityZeroFilter 
INFO  08:35:15,786 MicroScheduler -   -> 112091 reads (0.31% of total) failing NotPrimaryAlignmentFilter 
INFO  08:35:15,786 MicroScheduler -   -> 0 reads (0.00% of total) failing UnmappedReadFilter 
