INFO  19:30:02,157 HelpFormatter - --------------------------------------------------------------------------------- 
INFO  19:30:02,167 HelpFormatter - The Genome Analysis Toolkit (GATK) v3.4-46-g8ea4dca, Compiled 2015/08/13 20:41:56 
INFO  19:30:02,167 HelpFormatter - Copyright (c) 2010 The Broad Institute 
INFO  19:30:02,168 HelpFormatter - For support and documentation go to http://www.broadinstitute.org/gatk 
INFO  19:30:02,171 HelpFormatter - Program Args: -T IndelRealigner -I /mnt/nvme0n1/data/broadout/HG02561_gatk_best_practices_8t_30s_2016-07-06_18-21-00/HG02561_dupRem.bam -L /mnt/nvme0n1/Broad_Ref_Pipeline_approved_package/workflow_profiler/.queue/scatterGather/ExampleIndelRealigner-1-sg/temp_20_of_36/scatter.intervals -R /mnt/nvme0n1/Broad_Ref_Pipeline_approved_package/b37bundle/human_g1k_v37.fasta -known /mnt/nvme0n1/Broad_Ref_Pipeline_approved_package/b37bundle/1000G_phase1.indels.b37.vcf -targetIntervals /mnt/nvme0n1/data/broadout/HG02561_gatk_best_practices_8t_30s_2016-07-06_18-21-00/HG02561_realn.intervals -o /mnt/nvme0n1/Broad_Ref_Pipeline_approved_package/workflow_profiler/.queue/scatterGather/ExampleIndelRealigner-1-sg/temp_20_of_36/HG02561_realign.bam -filterNoBases 
INFO  19:30:02,184 HelpFormatter - Executing as bshifaw@application-1-1.hudson.intel.com on Linux 3.10.0-327.el7.x86_64 amd64; OpenJDK 64-Bit Server VM 1.8.0_91-b14. 
INFO  19:30:02,186 HelpFormatter - Date/Time: 2016/07/06 19:30:02 
INFO  19:30:02,189 HelpFormatter - --------------------------------------------------------------------------------- 
INFO  19:30:02,190 HelpFormatter - --------------------------------------------------------------------------------- 
INFO  19:30:02,504 GenomeAnalysisEngine - Strictness is SILENT 
INFO  19:30:02,634 GenomeAnalysisEngine - Downsampling Settings: No downsampling 
INFO  19:30:02,650 SAMDataSource$SAMReaders - Initializing SAMRecords in serial 
INFO  19:30:02,823 SAMDataSource$SAMReaders - Done initializing BAM readers: total time 0.17 
INFO  19:30:03,233 IntervalUtils - Processing 63025520 bp from intervals 
INFO  19:30:03,401 GenomeAnalysisEngine - Preparing for traversal over 1 BAM files 
INFO  19:30:03,914 GenomeAnalysisEngine - Done preparing for traversal 
INFO  19:30:03,944 ProgressMeter - [INITIALIZATION COMPLETE; STARTING PROCESSING] 
INFO  19:30:03,947 ProgressMeter -                 | processed |    time |    per 1M |           |   total | remaining 
INFO  19:30:03,949 ProgressMeter -        Location |     reads | elapsed |     reads | completed | runtime |   runtime 
INFO  19:30:04,385 ReadShardBalancer$1 - Loading BAM index data 
INFO  19:30:04,904 ReadShardBalancer$1 - Done loading BAM index data 
INFO  19:30:34,033 ProgressMeter -      20:2443303         0.0    30.0 s      49.8 w        3.9%    12.9 m      12.4 m 
INFO  19:31:04,048 ProgressMeter -     20:23065999    600015.0    60.0 s     100.0 s       36.6%     2.7 m     103.0 s 
INFO  19:31:34,099 ProgressMeter -     20:34041892   1000026.0    90.0 s      90.0 s       54.0%     2.8 m      76.0 s 
INFO  19:32:04,100 ProgressMeter -     20:50051939   1800061.0   120.0 s      66.0 s       79.4%     2.5 m      31.0 s 
INFO  19:32:20,973 ProgressMeter -            done   2364264.0     2.3 m      57.0 s       99.9%     2.3 m       0.0 s 
INFO  19:32:20,974 ProgressMeter - Total runtime 137.04 secs, 2.28 min, 0.04 hours 
INFO  19:32:20,977 MicroScheduler - 31947 reads were filtered out during the traversal out of approximately 2396211 total reads (1.33%) 
INFO  19:32:20,977 MicroScheduler -   -> 0 reads (0.00% of total) failing BadCigarFilter 
INFO  19:32:20,977 MicroScheduler -   -> 31947 reads (1.33% of total) failing MalformedReadFilter 
