INFO  16:35:32,621 HelpFormatter - --------------------------------------------------------------------------------- 
INFO  16:35:32,623 HelpFormatter - The Genome Analysis Toolkit (GATK) v3.4-46-g8ea4dca, Compiled 2015/08/13 20:41:56 
INFO  16:35:32,623 HelpFormatter - Copyright (c) 2010 The Broad Institute 
INFO  16:35:32,623 HelpFormatter - For support and documentation go to http://www.broadinstitute.org/gatk 
INFO  16:35:32,626 HelpFormatter - Program Args: -T IndelRealigner -I /cluster_share/data/out/HG02769_gatk_best_practices_36t_30s_2016-11-28_15-18-37/HG02769_dupRem.bam -L /cluster_share/data/Broad_Ref_Pipeline_approved_package/workflow_profiler/.queue/scatterGather/ExampleIndelRealigner-1-sg/temp_20_of_36/scatter.intervals -R /cluster_share/data/reference/b37bundle/human_g1k_v37.fasta -known /cluster_share/data/reference/b37bundle/1000G_phase1.indels.b37.vcf -targetIntervals /cluster_share/data/out/HG02769_gatk_best_practices_36t_30s_2016-11-28_15-18-37/HG02769_realn.intervals -o /cluster_share/data/Broad_Ref_Pipeline_approved_package/workflow_profiler/.queue/scatterGather/ExampleIndelRealigner-1-sg/temp_20_of_36/HG02769_realign.bam -filterNoBases 
INFO  16:35:32,647 HelpFormatter - Executing as bshifaw@compute-1-1.hudson.intel.com on Linux 3.10.0-327.13.1.el7.x86_64 amd64; OpenJDK 64-Bit Server VM 1.8.0_111-b15. 
INFO  16:35:32,648 HelpFormatter - Date/Time: 2016/11/28 16:35:32 
INFO  16:35:32,648 HelpFormatter - --------------------------------------------------------------------------------- 
INFO  16:35:32,648 HelpFormatter - --------------------------------------------------------------------------------- 
INFO  16:35:32,807 GenomeAnalysisEngine - Strictness is SILENT 
INFO  16:35:32,999 GenomeAnalysisEngine - Downsampling Settings: No downsampling 
INFO  16:35:33,005 SAMDataSource$SAMReaders - Initializing SAMRecords in serial 
INFO  16:35:33,169 SAMDataSource$SAMReaders - Done initializing BAM readers: total time 0.16 
WARN  16:35:33,239 FSLockWithShared$LockAcquisitionTask - WARNING: Unable to lock file /cluster_share/data/reference/b37bundle/1000G_phase1.indels.b37.vcf.idx because an IOException occurred with message: Function not implemented. 
INFO  16:35:33,241 RMDTrackBuilder - Could not acquire a shared lock on index file /cluster_share/data/reference/b37bundle/1000G_phase1.indels.b37.vcf.idx, falling back to using an in-memory index for this GATK run. 
INFO  16:35:44,107 IntervalUtils - Processing 63025520 bp from intervals 
INFO  16:35:44,304 GenomeAnalysisEngine - Preparing for traversal over 1 BAM files 
INFO  16:35:44,719 GenomeAnalysisEngine - Done preparing for traversal 
INFO  16:35:44,732 ProgressMeter - [INITIALIZATION COMPLETE; STARTING PROCESSING] 
INFO  16:35:44,733 ProgressMeter -                 | processed |    time |    per 1M |           |   total | remaining 
INFO  16:35:44,749 ProgressMeter -        Location |     reads | elapsed |     reads | completed | runtime |   runtime 
INFO  16:35:44,982 ReadShardBalancer$1 - Loading BAM index data 
INFO  16:35:45,281 ReadShardBalancer$1 - Done loading BAM index data 
INFO  16:36:14,769 ProgressMeter -     20:39993825   1300070.0    30.0 s      23.0 s       63.5%    47.0 s      17.0 s 
INFO  16:36:29,216 ProgressMeter -            done   2305121.0    44.0 s      19.0 s       99.9%    44.0 s       0.0 s 
INFO  16:36:29,217 ProgressMeter - Total runtime 44.49 secs, 0.74 min, 0.01 hours 
INFO  16:36:29,222 MicroScheduler - 36255 reads were filtered out during the traversal out of approximately 2341376 total reads (1.55%) 
INFO  16:36:29,223 MicroScheduler -   -> 0 reads (0.00% of total) failing BadCigarFilter 
INFO  16:36:29,223 MicroScheduler -   -> 36255 reads (1.55% of total) failing MalformedReadFilter 
