INFO  16:01:10,290 HelpFormatter - --------------------------------------------------------------------------------- 
INFO  16:01:10,292 HelpFormatter - The Genome Analysis Toolkit (GATK) v3.4-46-g8ea4dca, Compiled 2015/08/13 20:41:56 
INFO  16:01:10,292 HelpFormatter - Copyright (c) 2010 The Broad Institute 
INFO  16:01:10,292 HelpFormatter - For support and documentation go to http://www.broadinstitute.org/gatk 
INFO  16:01:10,295 HelpFormatter - Program Args: -T BaseRecalibrator -I /mnt/sdb/data/broadout/sim1M_pairs_gatk_best_practices_36t_30s_2016-09-26_15-40-42/sim1M_pairs_realign.bam -L /home/bshifaw/gitrepos/Reference-Design/Broad_Ref_Pip/workflow_profiler/.queue/scatterGather/ExampleBaseRecalibrator-1-sg/temp_28_of_36/scatter.intervals -R /mnt/sdb/Broad_Ref_Pipeline_approved_package/homosapiensrefgenome/Homo_sapiens_assembly19.fasta -knownSites /mnt/sdb/Broad_Ref_Pipeline_approved_package/homosapiensrefgenome/Homo_sapiens_assembly19.dbsnp.vcf -o /home/bshifaw/gitrepos/Reference-Design/Broad_Ref_Pip/workflow_profiler/.queue/scatterGather/ExampleBaseRecalibrator-1-sg/temp_28_of_36/sim1M_pairs_recal.grp 
INFO  16:01:10,301 HelpFormatter - Executing as bshifaw@application-0-1.hudson.intel.com on Linux 3.10.0-327.13.1.el7.x86_64 amd64; OpenJDK 64-Bit Server VM 1.8.0_102-b14. 
INFO  16:01:10,302 HelpFormatter - Date/Time: 2016/09/26 16:01:10 
INFO  16:01:10,302 HelpFormatter - --------------------------------------------------------------------------------- 
INFO  16:01:10,302 HelpFormatter - --------------------------------------------------------------------------------- 
INFO  16:01:10,419 GenomeAnalysisEngine - Strictness is SILENT 
INFO  16:01:10,534 GenomeAnalysisEngine - Downsampling Settings: No downsampling 
INFO  16:01:10,540 SAMDataSource$SAMReaders - Initializing SAMRecords in serial 
INFO  16:01:10,641 SAMDataSource$SAMReaders - Done initializing BAM readers: total time 0.10 
INFO  16:01:11,111 IntervalUtils - Processing 19913 bp from intervals 
INFO  16:01:11,315 GenomeAnalysisEngine - Preparing for traversal over 1 BAM files 
INFO  16:01:11,448 GenomeAnalysisEngine - Done preparing for traversal 
INFO  16:01:11,457 ProgressMeter - [INITIALIZATION COMPLETE; STARTING PROCESSING] 
INFO  16:01:11,461 ProgressMeter -                 | processed |    time |    per 1M |           |   total | remaining 
INFO  16:01:11,461 ProgressMeter -        Location |     reads | elapsed |     reads | completed | runtime |   runtime 
INFO  16:01:11,525 BaseRecalibrator - The covariates being used here:  
INFO  16:01:11,526 BaseRecalibrator - 	ReadGroupCovariate 
INFO  16:01:11,526 BaseRecalibrator - 	QualityScoreCovariate 
INFO  16:01:11,526 BaseRecalibrator - 	ContextCovariate 
INFO  16:01:11,526 ContextCovariate - 		Context sizes: base substitution model 2, indel substitution model 3 
INFO  16:01:11,526 BaseRecalibrator - 	CycleCovariate 
INFO  16:01:11,528 ReadShardBalancer$1 - Loading BAM index data 
INFO  16:01:11,528 ReadShardBalancer$1 - Done loading BAM index data 
INFO  16:01:11,599 BaseRecalibrator - Calculating quantized quality scores... 
INFO  16:01:11,701 BaseRecalibrator - Writing recalibration report... 
INFO  16:01:13,201 BaseRecalibrator - ...done! 
INFO  16:01:13,239 BaseRecalibrator - BaseRecalibrator was able to recalibrate 12 reads 
INFO  16:01:13,240 ProgressMeter -            done        12.0     1.0 s      41.3 h       36.1%     2.0 s       1.0 s 
INFO  16:01:13,247 ProgressMeter - Total runtime 1.79 secs, 0.03 min, 0.00 hours 
INFO  16:01:13,247 MicroScheduler - 0 reads were filtered out during the traversal out of approximately 12 total reads (0.00%) 
INFO  16:01:13,247 MicroScheduler -   -> 0 reads (0.00% of total) failing BadCigarFilter 
INFO  16:01:13,247 MicroScheduler -   -> 0 reads (0.00% of total) failing DuplicateReadFilter 
INFO  16:01:13,248 MicroScheduler -   -> 0 reads (0.00% of total) failing FailsVendorQualityCheckFilter 
INFO  16:01:13,248 MicroScheduler -   -> 0 reads (0.00% of total) failing MalformedReadFilter 
INFO  16:01:13,248 MicroScheduler -   -> 0 reads (0.00% of total) failing MappingQualityUnavailableFilter 
INFO  16:01:13,248 MicroScheduler -   -> 0 reads (0.00% of total) failing MappingQualityZeroFilter 
INFO  16:01:13,248 MicroScheduler -   -> 0 reads (0.00% of total) failing NotPrimaryAlignmentFilter 
INFO  16:01:13,249 MicroScheduler -   -> 0 reads (0.00% of total) failing UnmappedReadFilter 
