INFO  20:06:28,749 HelpFormatter - --------------------------------------------------------------------------------- 
INFO  20:06:28,753 HelpFormatter - The Genome Analysis Toolkit (GATK) v3.4-46-g8ea4dca, Compiled 2015/08/13 20:41:56 
INFO  20:06:28,753 HelpFormatter - Copyright (c) 2010 The Broad Institute 
INFO  20:06:28,753 HelpFormatter - For support and documentation go to http://www.broadinstitute.org/gatk 
INFO  20:06:28,757 HelpFormatter - Program Args: -T PrintReads -I /mnt/nvme0n1/data/broadout/HG02561_gatk_best_practices_8t_30s_2016-07-06_18-21-00/HG02561_realign.bam -L /mnt/nvme0n1/Broad_Ref_Pipeline_approved_package/workflow_profiler/.queue/scatterGather/ExamplePrintReads-1-sg/temp_01_of_36/scatter.intervals -R /mnt/nvme0n1/Broad_Ref_Pipeline_approved_package/b37bundle/human_g1k_v37.fasta -BQSR /mnt/nvme0n1/data/broadout/HG02561_gatk_best_practices_8t_30s_2016-07-06_18-21-00/HG02561_recal.grp -o /mnt/nvme0n1/Broad_Ref_Pipeline_approved_package/workflow_profiler/.queue/scatterGather/ExamplePrintReads-1-sg/temp_01_of_36/HG02561_final.bam 
INFO  20:06:28,839 HelpFormatter - Executing as bshifaw@application-1-1.hudson.intel.com on Linux 3.10.0-327.el7.x86_64 amd64; OpenJDK 64-Bit Server VM 1.8.0_91-b14. 
INFO  20:06:28,840 HelpFormatter - Date/Time: 2016/07/06 20:06:28 
INFO  20:06:28,841 HelpFormatter - --------------------------------------------------------------------------------- 
INFO  20:06:28,849 HelpFormatter - --------------------------------------------------------------------------------- 
INFO  20:06:29,303 GenomeAnalysisEngine - Strictness is SILENT 
INFO  20:06:31,835 ContextCovariate - 		Context sizes: base substitution model 2, indel substitution model 3 
INFO  20:06:32,228 GenomeAnalysisEngine - Downsampling Settings: No downsampling 
INFO  20:06:32,271 SAMDataSource$SAMReaders - Initializing SAMRecords in serial 
INFO  20:06:32,479 SAMDataSource$SAMReaders - Done initializing BAM readers: total time 0.21 
INFO  20:06:32,590 IntervalUtils - Processing 249250621 bp from intervals 
INFO  20:06:33,170 GenomeAnalysisEngine - Preparing for traversal over 1 BAM files 
INFO  20:06:34,097 GenomeAnalysisEngine - Done preparing for traversal 
INFO  20:06:34,097 ProgressMeter - [INITIALIZATION COMPLETE; STARTING PROCESSING] 
INFO  20:06:34,106 ProgressMeter -                 | processed |    time |    per 1M |           |   total | remaining 
INFO  20:06:34,117 ProgressMeter -        Location |     reads | elapsed |     reads | completed | runtime |   runtime 
INFO  20:06:34,189 ReadShardBalancer$1 - Loading BAM index data 
INFO  20:06:35,918 ReadShardBalancer$1 - Done loading BAM index data 
INFO  20:07:06,142 ProgressMeter -        1:368237         0.0    32.0 s      53.0 w        0.1%     6.0 h       6.0 h 
INFO  20:07:36,145 ProgressMeter -       1:1848138    100002.0    62.0 s      10.3 m        0.7%     2.3 h       2.3 h 
INFO  20:08:06,232 ProgressMeter -       1:3669255    200006.0    92.0 s       7.7 m        1.5%   104.2 m     102.6 m 
INFO  20:08:37,547 ProgressMeter -       1:6528614    300011.0     2.1 m       6.9 m        2.6%    78.3 m      76.2 m 
INFO  20:09:08,143 ProgressMeter -       1:8601359    400017.0     2.6 m       6.4 m        3.5%    74.4 m      71.8 m 
INFO  20:09:38,145 ProgressMeter -      1:11177200    600027.0     3.1 m       5.1 m        4.5%    68.4 m      65.3 m 
INFO  20:10:09,285 ProgressMeter -      1:12704587    700028.0     3.6 m       5.1 m        5.1%    70.3 m      66.7 m 
INFO  20:10:39,309 ProgressMeter -      1:13474891    900037.0     4.1 m       4.5 m        5.4%    75.5 m      71.4 m 
INFO  20:11:10,610 ProgressMeter -      1:16359795   1100041.0     4.6 m       4.2 m        6.6%    70.1 m      65.5 m 
INFO  20:11:40,611 ProgressMeter -      1:17084279   1300064.0     5.1 m       3.9 m        6.9%    74.4 m      69.3 m 
INFO  20:12:10,612 ProgressMeter -      1:19611238   1500066.0     5.6 m       3.7 m        7.9%    71.2 m      65.6 m 
INFO  20:12:40,622 ProgressMeter -      1:22183865   1600067.0     6.1 m       3.8 m        8.9%    68.5 m      62.4 m 
INFO  20:13:10,829 ProgressMeter -      1:25167433   1800074.0     6.6 m       3.7 m       10.1%    65.4 m      58.8 m 
INFO  20:13:40,830 ProgressMeter -      1:27190497   2000079.0     7.1 m       3.6 m       10.9%    65.1 m      58.0 m 
INFO  20:14:10,831 ProgressMeter -      1:29319971   2100083.0     7.6 m       3.6 m       11.8%    64.6 m      57.0 m 
INFO  20:14:41,160 ProgressMeter -      1:33233439   2300088.0     8.1 m       3.5 m       13.3%    60.9 m      52.8 m 
INFO  20:15:11,161 ProgressMeter -      1:36470047   2600091.0     8.6 m       3.3 m       14.6%    58.9 m      50.3 m 
INFO  20:15:41,441 ProgressMeter -      1:39879100   2700093.0     9.1 m       3.4 m       16.0%    57.0 m      47.9 m 
INFO  20:16:11,442 ProgressMeter -      1:43665118   3000097.0     9.6 m       3.2 m       17.5%    54.9 m      45.3 m 
INFO  20:16:41,780 ProgressMeter -      1:45484728   3200102.0    10.1 m       3.2 m       18.2%    55.4 m      45.3 m 
INFO  20:17:11,802 ProgressMeter -      1:48902453   3500108.0    10.6 m       3.0 m       19.6%    54.1 m      43.5 m 
INFO  20:17:41,803 ProgressMeter -      1:55337200   3700112.0    11.1 m       3.0 m       22.2%    50.1 m      39.0 m 
INFO  20:18:11,804 ProgressMeter -      1:67299758   4000118.0    11.6 m       2.9 m       27.0%    43.0 m      31.4 m 
INFO  20:18:41,805 ProgressMeter -      1:84864589   4300131.0    12.1 m       2.8 m       34.0%    35.6 m      23.5 m 
INFO  20:19:12,213 ProgressMeter -      1:93303152   4600139.0    12.6 m       2.7 m       37.4%    33.7 m      21.1 m 
INFO  20:19:52,214 ProgressMeter -     1:110201631   5100153.0    13.3 m       2.6 m       44.2%    30.1 m      16.8 m 
INFO  20:20:22,375 ProgressMeter -     1:120307210   5600163.0    13.8 m       2.5 m       48.3%    28.6 m      14.8 m 
INFO  20:20:52,496 ProgressMeter -     1:145415792   6200196.0    14.3 m       2.3 m       58.3%    24.5 m      10.2 m 
INFO  20:21:22,497 ProgressMeter -     1:148325956   6800224.0    14.8 m       2.2 m       59.5%    24.9 m      10.1 m 
INFO  20:21:52,498 ProgressMeter -     1:152188786   7300236.0    15.3 m       2.1 m       61.1%    25.1 m       9.8 m 
INFO  20:22:22,576 ProgressMeter -     1:155205665   8000279.0    15.8 m     118.0 s       62.3%    25.4 m       9.6 m 
INFO  20:22:52,579 ProgressMeter -     1:160265564   8600288.0    16.3 m     113.0 s       64.3%    25.4 m       9.1 m 
INFO  20:23:22,784 ProgressMeter -     1:175375708   9300309.0    16.8 m     108.0 s       70.4%    23.9 m       7.1 m 
INFO  20:23:52,825 ProgressMeter -     1:198723496   9900326.0    17.3 m     104.0 s       79.7%    21.7 m       4.4 m 
INFO  20:24:22,827 ProgressMeter -     1:207888721   1.0600345E7    17.8 m     100.0 s       83.4%    21.3 m       3.5 m 
INFO  20:24:52,828 ProgressMeter -     1:228528346   1.1200354E7    18.3 m      98.0 s       91.7%    20.0 m      99.0 s 
INFO  20:25:22,830 ProgressMeter -     1:248343425   1.1900377E7    18.8 m      94.0 s       99.6%    18.9 m       4.0 s 
INFO  20:25:26,320 Walker - [REDUCE RESULT] Traversal result is: org.broadinstitute.gatk.engine.io.stubs.SAMFileWriterStub@5b58129f 
INFO  20:25:26,503 ProgressMeter -            done   1.2035197E7    18.9 m      94.0 s      100.0%    18.9 m       0.0 s 
INFO  20:25:26,504 ProgressMeter - Total runtime 1132.41 secs, 18.87 min, 0.31 hours 
INFO  20:25:26,504 MicroScheduler - 0 reads were filtered out during the traversal out of approximately 12035197 total reads (0.00%) 
INFO  20:25:26,505 MicroScheduler -   -> 0 reads (0.00% of total) failing BadCigarFilter 
INFO  20:25:26,505 MicroScheduler -   -> 0 reads (0.00% of total) failing MalformedReadFilter 
