INFO  17:41:17,840 HelpFormatter - --------------------------------------------------------------------------------- 
INFO  17:41:17,843 HelpFormatter - The Genome Analysis Toolkit (GATK) v3.4-46-g8ea4dca, Compiled 2015/08/13 20:41:56 
INFO  17:41:17,843 HelpFormatter - Copyright (c) 2010 The Broad Institute 
INFO  17:41:17,843 HelpFormatter - For support and documentation go to http://www.broadinstitute.org/gatk 
INFO  17:41:17,867 HelpFormatter - Program Args: -T PrintReads -I /home/opt/data/broadout/FC1-NA12878-01_S1_L001_gatk_best_practices_36t_30s_2015-11-10_16-39-49/FC1-NA12878-01_S1_L001_realign.bam -L /home/beris/Broad_Ref_Pipeline_approved_package/workflow_profiler/.queue/scatterGather/ExamplePrintReads-1-sg/temp_29_of_36/scatter.intervals -R /home/beris/Broad_Ref_Pipeline_approved_package/homosapiensrefgenome/Homo_sapiens_assembly19.fasta -BQSR /home/opt/data/broadout/FC1-NA12878-01_S1_L001_gatk_best_practices_36t_30s_2015-11-10_16-39-49/FC1-NA12878-01_S1_L001_recal.grp -o /home/beris/Broad_Ref_Pipeline_approved_package/workflow_profiler/.queue/scatterGather/ExamplePrintReads-1-sg/temp_29_of_36/FC1-NA12878-01_S1_L001_final.bam 
INFO  17:41:17,878 HelpFormatter - Executing as beris@dna on Linux 2.6.32-573.el6.x86_64 amd64; OpenJDK 64-Bit Server VM 1.7.0_79-mockbuild_2015_07_24_09_26-b00. 
INFO  17:41:17,878 HelpFormatter - Date/Time: 2015/11/10 17:41:17 
INFO  17:41:17,878 HelpFormatter - --------------------------------------------------------------------------------- 
INFO  17:41:17,878 HelpFormatter - --------------------------------------------------------------------------------- 
INFO  17:41:18,040 GenomeAnalysisEngine - Strictness is SILENT 
INFO  17:41:19,199 ContextCovariate - 		Context sizes: base substitution model 2, indel substitution model 3 
INFO  17:41:19,222 GenomeAnalysisEngine - Downsampling Settings: No downsampling 
INFO  17:41:19,229 SAMDataSource$SAMReaders - Initializing SAMRecords in serial 
INFO  17:41:19,273 SAMDataSource$SAMReaders - Done initializing BAM readers: total time 0.04 
INFO  17:41:19,334 IntervalUtils - Processing 27386 bp from intervals 
INFO  17:41:19,485 GenomeAnalysisEngine - Preparing for traversal over 1 BAM files 
INFO  17:41:19,578 GenomeAnalysisEngine - Done preparing for traversal 
INFO  17:41:19,578 ProgressMeter - [INITIALIZATION COMPLETE; STARTING PROCESSING] 
INFO  17:41:19,578 ProgressMeter -                 | processed |    time |    per 1M |           |   total | remaining 
INFO  17:41:19,579 ProgressMeter -        Location |     reads | elapsed |     reads | completed | runtime |   runtime 
INFO  17:41:19,589 ReadShardBalancer$1 - Loading BAM index data 
INFO  17:41:19,590 ReadShardBalancer$1 - Done loading BAM index data 
INFO  17:41:20,235 Walker - [REDUCE RESULT] Traversal result is: org.broadinstitute.gatk.engine.io.stubs.SAMFileWriterStub@1f7d19f2 
INFO  17:41:20,262 ProgressMeter -            done       451.0     0.0 s      25.3 m       87.1%     0.0 s       0.0 s 
INFO  17:41:20,263 ProgressMeter - Total runtime 0.68 secs, 0.01 min, 0.00 hours 
INFO  17:41:20,263 MicroScheduler - 0 reads were filtered out during the traversal out of approximately 451 total reads (0.00%) 
INFO  17:41:20,263 MicroScheduler -   -> 0 reads (0.00% of total) failing BadCigarFilter 
INFO  17:41:20,263 MicroScheduler -   -> 0 reads (0.00% of total) failing MalformedReadFilter 
