INFO  09:26:32,144 HelpFormatter - --------------------------------------------------------------------------------- 
INFO  09:26:32,147 HelpFormatter - The Genome Analysis Toolkit (GATK) v3.4-46-g8ea4dca, Compiled 2015/08/13 20:41:56 
INFO  09:26:32,147 HelpFormatter - Copyright (c) 2010 The Broad Institute 
INFO  09:26:32,147 HelpFormatter - For support and documentation go to http://www.broadinstitute.org/gatk 
INFO  09:26:32,151 HelpFormatter - Program Args: -T PrintReads -I /mnt/ssdbroad/output/Solexa-272221_gatk_best_practices_36t_30s_2016-02-11_11-59-19/Solexa-272221_realign.bam -L /mnt/ssdbroad/Broad_Ref_Pipeline_approved_package/workflow_profiler/.queue/scatterGather/ExamplePrintReads-1-sg/temp_29_of_36/scatter.intervals -R /mnt/ssdbroad/Broad_Ref_Pipeline_approved_package/homosapiensrefgenome/Homo_sapiens_assembly19.fasta -BQSR /mnt/ssdbroad/output/Solexa-272221_gatk_best_practices_36t_30s_2016-02-11_11-59-19/Solexa-272221_recal.grp -o /mnt/ssdbroad/Broad_Ref_Pipeline_approved_package/workflow_profiler/.queue/scatterGather/ExamplePrintReads-1-sg/temp_29_of_36/Solexa-272221_final.bam 
INFO  09:26:32,171 HelpFormatter - Executing as beris@dna on Linux 2.6.32-573.el6.x86_64 amd64; OpenJDK 64-Bit Server VM 1.7.0_79-mockbuild_2015_07_24_09_26-b00. 
INFO  09:26:32,172 HelpFormatter - Date/Time: 2016/02/12 09:26:32 
INFO  09:26:32,172 HelpFormatter - --------------------------------------------------------------------------------- 
INFO  09:26:32,172 HelpFormatter - --------------------------------------------------------------------------------- 
INFO  09:26:32,312 GenomeAnalysisEngine - Strictness is SILENT 
INFO  09:26:33,765 ContextCovariate - 		Context sizes: base substitution model 2, indel substitution model 3 
INFO  09:26:33,882 GenomeAnalysisEngine - Downsampling Settings: No downsampling 
INFO  09:26:33,906 SAMDataSource$SAMReaders - Initializing SAMRecords in serial 
INFO  09:26:33,968 SAMDataSource$SAMReaders - Done initializing BAM readers: total time 0.06 
INFO  09:26:34,015 IntervalUtils - Processing 27386 bp from intervals 
INFO  09:26:34,151 GenomeAnalysisEngine - Preparing for traversal over 1 BAM files 
INFO  09:26:34,278 GenomeAnalysisEngine - Done preparing for traversal 
INFO  09:26:34,281 ProgressMeter - [INITIALIZATION COMPLETE; STARTING PROCESSING] 
INFO  09:26:34,283 ProgressMeter -                 | processed |    time |    per 1M |           |   total | remaining 
INFO  09:26:34,283 ProgressMeter -        Location |     reads | elapsed |     reads | completed | runtime |   runtime 
INFO  09:26:34,311 ReadShardBalancer$1 - Loading BAM index data 
INFO  09:26:34,314 ReadShardBalancer$1 - Done loading BAM index data 
INFO  09:26:48,954 Walker - [REDUCE RESULT] Traversal result is: org.broadinstitute.gatk.engine.io.stubs.SAMFileWriterStub@4248d35a 
INFO  09:26:49,140 ProgressMeter -            done     29539.0    14.0 s       8.4 m       99.1%    14.0 s       0.0 s 
INFO  09:26:49,141 ProgressMeter - Total runtime 14.86 secs, 0.25 min, 0.00 hours 
INFO  09:26:49,142 MicroScheduler - 0 reads were filtered out during the traversal out of approximately 29539 total reads (0.00%) 
INFO  09:26:49,142 MicroScheduler -   -> 0 reads (0.00% of total) failing BadCigarFilter 
INFO  09:26:49,142 MicroScheduler -   -> 0 reads (0.00% of total) failing MalformedReadFilter 
