INFO  07:30:27,716 HelpFormatter - --------------------------------------------------------------------------------- 
INFO  07:30:27,718 HelpFormatter - The Genome Analysis Toolkit (GATK) v3.4-46-g8ea4dca, Compiled 2015/08/13 20:41:56 
INFO  07:30:27,718 HelpFormatter - Copyright (c) 2010 The Broad Institute 
INFO  07:30:27,718 HelpFormatter - For support and documentation go to http://www.broadinstitute.org/gatk 
INFO  07:30:27,722 HelpFormatter - Program Args: -T BaseRecalibrator -I /mnt/ssdbroad/output/Solexa-272221_gatk_best_practices_36t_30s_2016-02-11_11-59-19/Solexa-272221_realign.bam -L /mnt/ssdbroad/Broad_Ref_Pipeline_approved_package/workflow_profiler/.queue/scatterGather/ExampleBaseRecalibrator-1-sg/temp_10_of_36/scatter.intervals -R /mnt/ssdbroad/Broad_Ref_Pipeline_approved_package/homosapiensrefgenome/Homo_sapiens_assembly19.fasta -knownSites /mnt/ssdbroad/Broad_Ref_Pipeline_approved_package/homosapiensrefgenome/Homo_sapiens_assembly19.dbsnp.vcf -o /mnt/ssdbroad/Broad_Ref_Pipeline_approved_package/workflow_profiler/.queue/scatterGather/ExampleBaseRecalibrator-1-sg/temp_10_of_36/Solexa-272221_recal.grp 
INFO  07:30:27,744 HelpFormatter - Executing as beris@dna on Linux 2.6.32-573.el6.x86_64 amd64; OpenJDK 64-Bit Server VM 1.7.0_79-mockbuild_2015_07_24_09_26-b00. 
INFO  07:30:27,744 HelpFormatter - Date/Time: 2016/02/12 07:30:27 
INFO  07:30:27,744 HelpFormatter - --------------------------------------------------------------------------------- 
INFO  07:30:27,745 HelpFormatter - --------------------------------------------------------------------------------- 
INFO  07:30:27,857 GenomeAnalysisEngine - Strictness is SILENT 
INFO  07:30:28,054 GenomeAnalysisEngine - Downsampling Settings: No downsampling 
INFO  07:30:28,070 SAMDataSource$SAMReaders - Initializing SAMRecords in serial 
INFO  07:30:28,162 SAMDataSource$SAMReaders - Done initializing BAM readers: total time 0.09 
INFO  07:30:28,370 IntervalUtils - Processing 135534747 bp from intervals 
INFO  07:30:28,536 GenomeAnalysisEngine - Preparing for traversal over 1 BAM files 
INFO  07:30:30,256 GenomeAnalysisEngine - Done preparing for traversal 
INFO  07:30:30,263 ProgressMeter - [INITIALIZATION COMPLETE; STARTING PROCESSING] 
INFO  07:30:30,264 ProgressMeter -                 | processed |    time |    per 1M |           |   total | remaining 
INFO  07:30:30,264 ProgressMeter -        Location |     reads | elapsed |     reads | completed | runtime |   runtime 
INFO  07:30:30,331 BaseRecalibrator - The covariates being used here:  
INFO  07:30:30,395 BaseRecalibrator - 	ReadGroupCovariate 
INFO  07:30:30,395 BaseRecalibrator - 	QualityScoreCovariate 
INFO  07:30:30,396 BaseRecalibrator - 	ContextCovariate 
INFO  07:30:30,396 ContextCovariate - 		Context sizes: base substitution model 2, indel substitution model 3 
INFO  07:30:30,396 BaseRecalibrator - 	CycleCovariate 
INFO  07:30:30,398 ReadShardBalancer$1 - Loading BAM index data 
INFO  07:30:31,541 ReadShardBalancer$1 - Done loading BAM index data 
INFO  07:31:00,423 ProgressMeter -       10:214187         0.0    30.0 s      49.9 w        0.2%     5.3 h       5.3 h 
INFO  07:31:30,425 ProgressMeter -      10:1095062    200002.0    60.0 s       5.0 m        0.8%     2.1 h       2.0 h 
INFO  07:32:00,452 ProgressMeter -      10:1811546    300003.0    90.0 s       5.0 m        1.3%   112.2 m     110.7 m 
INFO  07:32:30,454 ProgressMeter -      10:2702978    600006.0   120.0 s       3.3 m        2.0%   100.3 m      98.3 m 
INFO  07:33:00,455 ProgressMeter -      10:3670106    800008.0     2.5 m       3.1 m        2.7%    92.3 m      89.8 m 
INFO  07:33:30,457 ProgressMeter -      10:4582569   1000010.0     3.0 m       3.0 m        3.4%    88.7 m      85.7 m 
INFO  07:34:00,458 ProgressMeter -      10:5471598   1200014.0     3.5 m       2.9 m        4.0%    86.7 m      83.2 m 
INFO  07:34:30,460 ProgressMeter -      10:6352248   1400016.0     4.0 m       2.9 m        4.7%    85.3 m      81.3 m 
INFO  07:35:00,524 ProgressMeter -      10:7276780   1600018.0     4.5 m       2.8 m        5.4%    83.8 m      79.3 m 
INFO  07:35:30,526 ProgressMeter -      10:8202924   1900021.0     5.0 m       2.6 m        6.1%    82.6 m      77.6 m 
INFO  07:36:00,528 ProgressMeter -      10:9068413   2100023.0     5.5 m       2.6 m        6.7%    82.2 m      76.7 m 
INFO  07:36:30,530 ProgressMeter -     10:10052868   2300025.0     6.0 m       2.6 m        7.4%    80.9 m      74.9 m 
INFO  07:37:00,601 ProgressMeter -     10:11005741   2500027.0     6.5 m       2.6 m        8.1%    80.0 m      73.5 m 
INFO  07:37:30,672 ProgressMeter -     10:11935572   2800030.0     7.0 m       2.5 m        8.8%    79.5 m      72.5 m 
INFO  07:38:00,673 ProgressMeter -     10:12950109   3000032.0     7.5 m       2.5 m        9.6%    78.5 m      71.0 m 
INFO  07:38:31,565 ProgressMeter -     10:13943074   3200034.0     8.0 m       2.5 m       10.3%    77.9 m      69.9 m 
INFO  07:39:01,566 ProgressMeter -     10:14954718   3400037.0     8.5 m       2.5 m       11.0%    77.2 m      68.7 m 
INFO  07:39:31,567 ProgressMeter -     10:15929524   3700041.0     9.0 m       2.4 m       11.8%    76.7 m      67.7 m 
INFO  07:40:01,569 ProgressMeter -     10:16983101   3900044.0     9.5 m       2.4 m       12.5%    75.9 m      66.4 m 
INFO  07:40:31,570 ProgressMeter -     10:18319360   4200048.0    10.0 m       2.4 m       13.5%    74.1 m      64.1 m 
INFO  07:41:01,572 ProgressMeter -     10:19324550   4400051.0    10.5 m       2.4 m       14.3%    73.8 m      63.2 m 
INFO  07:41:31,573 ProgressMeter -     10:20274829   4600053.0    11.0 m       2.4 m       15.0%    73.6 m      62.6 m 
INFO  07:42:01,575 ProgressMeter -     10:21249538   4800056.0    11.5 m       2.4 m       15.7%    73.5 m      61.9 m 
INFO  07:42:31,576 ProgressMeter -     10:22265000   5100059.0    12.0 m       2.4 m       16.4%    73.1 m      61.1 m 
INFO  07:43:02,851 ProgressMeter -     10:23341829   5300061.0    12.5 m       2.4 m       17.2%    72.8 m      60.2 m 
INFO  07:43:32,853 ProgressMeter -     10:24371600   5600065.0    13.0 m       2.3 m       18.0%    72.5 m      59.4 m 
INFO  07:44:02,897 ProgressMeter -     10:25439155   5800067.0    13.5 m       2.3 m       18.8%    72.1 m      58.6 m 
INFO  07:44:32,914 ProgressMeter -     10:26387369   6100071.0    14.0 m       2.3 m       19.5%    72.1 m      58.0 m 
INFO  07:45:02,916 ProgressMeter -     10:27376324   6300073.0    14.5 m       2.3 m       20.2%    72.0 m      57.4 m 
INFO  07:45:32,917 ProgressMeter -     10:28288622   6500075.0    15.0 m       2.3 m       20.9%    72.0 m      57.0 m 
INFO  07:46:02,919 ProgressMeter -     10:29287278   6800079.0    15.5 m       2.3 m       21.6%    71.9 m      56.4 m 
INFO  07:46:32,920 ProgressMeter -     10:30323806   7000081.0    16.0 m       2.3 m       22.4%    71.7 m      55.6 m 
INFO  07:47:02,922 ProgressMeter -     10:31308184   7200083.0    16.5 m       2.3 m       23.1%    71.6 m      55.0 m 
INFO  07:47:32,926 ProgressMeter -     10:32325393   7500086.0    17.0 m       2.3 m       23.9%    71.4 m      54.4 m 
INFO  07:48:03,121 ProgressMeter -     10:33321807   7700088.0    17.5 m       2.3 m       24.6%    71.3 m      53.8 m 
INFO  07:48:33,189 ProgressMeter -     10:34345154   7900092.0    18.0 m       2.3 m       25.3%    71.2 m      53.1 m 
INFO  07:49:03,191 ProgressMeter -     10:35404292   8200096.0    18.5 m       2.3 m       26.1%    70.9 m      52.4 m 
INFO  07:49:33,192 ProgressMeter -     10:36442306   8400099.0    19.0 m       2.3 m       26.9%    70.8 m      51.8 m 
INFO  07:50:03,194 ProgressMeter -     10:37434889   8700102.0    19.5 m       2.2 m       27.6%    70.7 m      51.2 m 
INFO  07:50:33,195 ProgressMeter -     10:38463524   8900104.0    20.0 m       2.3 m       28.4%    70.6 m      50.6 m 
INFO  07:51:03,197 ProgressMeter -     10:39079582   9100107.0    20.5 m       2.3 m       28.8%    71.2 m      50.7 m 
INFO  07:51:33,199 ProgressMeter -     10:39137574   9300400.0    21.0 m       2.3 m       28.9%    72.8 m      51.8 m 
INFO  07:52:03,200 ProgressMeter -     10:42364800   9500418.0    21.5 m       2.3 m       31.3%    68.9 m      47.4 m 
INFO  07:52:33,202 ProgressMeter -     10:42383808   9703748.0    22.0 m       2.3 m       31.3%    70.5 m      48.4 m 
INFO  07:53:03,204 ProgressMeter -     10:42385392   9904580.0    22.5 m       2.3 m       31.3%    72.1 m      49.5 m 
INFO  07:53:33,206 ProgressMeter -     10:42388014   1.0004582E7    23.0 m       2.3 m       31.3%    73.6 m      50.6 m 
INFO  07:54:03,208 ProgressMeter -     10:42391750   1.0205275E7    23.5 m       2.3 m       31.3%    75.2 m      51.7 m 
INFO  07:54:33,210 ProgressMeter -     10:42396130   1.03053E7    24.0 m       2.3 m       31.3%    76.8 m      52.8 m 
INFO  07:55:03,212 ProgressMeter -     10:42398748   1.0506838E7    24.5 m       2.3 m       31.3%    78.4 m      53.9 m 
INFO  07:55:33,213 ProgressMeter -     10:42400334   1.0706989E7    25.0 m       2.3 m       31.3%    80.0 m      55.0 m 
INFO  07:56:03,215 ProgressMeter -     10:42400715   1.0807003E7    25.5 m       2.4 m       31.3%    81.6 m      56.1 m 
INFO  07:56:33,216 ProgressMeter -     10:42528090   1.1008209E7    26.0 m       2.4 m       31.4%    83.0 m      56.9 m 
INFO  07:57:03,227 ProgressMeter -     10:42529508   1.12098E7    26.5 m       2.4 m       31.4%    84.6 m      58.0 m 
INFO  07:57:33,240 ProgressMeter -     10:42532561     1.131E7    27.0 m       2.4 m       31.4%    86.1 m      59.1 m 
INFO  07:58:04,744 ProgressMeter -     10:42597001   1.1510179E7    27.6 m       2.4 m       31.4%    87.7 m      60.1 m 
INFO  07:58:34,745 ProgressMeter -     10:42597227   1.161035E7    28.1 m       2.4 m       31.4%    89.3 m      61.2 m 
INFO  07:59:04,747 ProgressMeter -     10:42599743   1.1810944E7    28.6 m       2.4 m       31.4%    90.9 m      62.3 m 
INFO  07:59:34,749 ProgressMeter -     10:42600112   1.1911196E7    29.1 m       2.4 m       31.4%    92.5 m      63.4 m 
INFO  08:00:04,750 ProgressMeter -     10:42805132   1.2111352E7    29.6 m       2.4 m       31.6%    93.6 m      64.1 m 
INFO  08:00:34,751 ProgressMeter -     10:43775400   1.2411355E7    30.1 m       2.4 m       32.3%    93.1 m      63.0 m 
INFO  08:01:04,753 ProgressMeter -     10:44830367   1.2611357E7    30.6 m       2.4 m       33.1%    92.4 m      61.8 m 
INFO  08:01:34,776 ProgressMeter -     10:45884304   1.2811359E7    31.1 m       2.4 m       33.9%    91.8 m      60.7 m 
INFO  08:02:04,778 ProgressMeter -     10:47361956   1.3111362E7    31.6 m       2.4 m       34.9%    90.3 m      58.8 m 
INFO  08:02:34,780 ProgressMeter -     10:49576625   1.3311364E7    32.1 m       2.4 m       36.6%    87.7 m      55.6 m 
INFO  08:03:04,781 ProgressMeter -     10:50591481   1.3611367E7    32.6 m       2.4 m       37.3%    87.2 m      54.7 m 
INFO  08:03:34,783 ProgressMeter -     10:52196258   1.3811371E7    33.1 m       2.4 m       38.5%    85.9 m      52.8 m 
INFO  08:04:04,785 ProgressMeter -     10:53233391   1.4011374E7    33.6 m       2.4 m       39.3%    85.5 m      51.9 m 
INFO  08:04:34,786 ProgressMeter -     10:54265855   1.4311377E7    34.1 m       2.4 m       40.0%    85.1 m      51.0 m 
INFO  08:05:04,818 ProgressMeter -     10:55236302   1.4511379E7    34.6 m       2.4 m       40.8%    84.8 m      50.3 m 
INFO  08:05:34,820 ProgressMeter -     10:56238917   1.4811383E7    35.1 m       2.4 m       41.5%    84.5 m      49.4 m 
INFO  08:06:04,821 ProgressMeter -     10:57243164   1.5011386E7    35.6 m       2.4 m       42.2%    84.2 m      48.6 m 
INFO  08:06:34,822 ProgressMeter -     10:58229885   1.5311389E7    36.1 m       2.4 m       43.0%    83.9 m      47.9 m 
INFO  08:07:04,823 ProgressMeter -     10:59223709   1.5511391E7    36.6 m       2.4 m       43.7%    83.7 m      47.1 m 
INFO  08:07:34,825 ProgressMeter -     10:60237558   1.5711393E7    37.1 m       2.4 m       44.4%    83.4 m      46.3 m 
INFO  08:08:04,827 ProgressMeter -     10:61256975   1.6011396E7    37.6 m       2.3 m       45.2%    83.1 m      45.6 m 
INFO  08:08:34,828 ProgressMeter -     10:62265666   1.6211398E7    38.1 m       2.3 m       45.9%    82.9 m      44.8 m 
INFO  08:09:04,830 ProgressMeter -     10:63317747   1.6511401E7    38.6 m       2.3 m       46.7%    82.6 m      44.0 m 
INFO  08:09:34,831 ProgressMeter -     10:64365553   1.6711403E7    39.1 m       2.3 m       47.5%    82.3 m      43.2 m 
INFO  08:10:04,833 ProgressMeter -     10:65381769   1.7011407E7    39.6 m       2.3 m       48.2%    82.0 m      42.5 m 
INFO  08:10:34,834 ProgressMeter -     10:66423033   1.7211409E7    40.1 m       2.3 m       49.0%    81.8 m      41.7 m 
INFO  08:11:04,836 ProgressMeter -     10:67374374   1.7511412E7    40.6 m       2.3 m       49.7%    81.6 m      41.0 m 
INFO  08:11:34,838 ProgressMeter -     10:68330903   1.7711414E7    41.1 m       2.3 m       50.4%    81.5 m      40.4 m 
INFO  08:12:04,840 ProgressMeter -     10:69376377   1.7911416E7    41.6 m       2.3 m       51.2%    81.2 m      39.6 m 
INFO  08:12:34,841 ProgressMeter -     10:70542321   1.8211419E7    42.1 m       2.3 m       52.0%    80.8 m      38.8 m 
INFO  08:13:05,573 ProgressMeter -     10:71572197   1.8511423E7    42.6 m       2.3 m       52.8%    80.6 m      38.1 m 
INFO  08:13:35,575 ProgressMeter -     10:72657738   1.8711425E7    43.1 m       2.3 m       53.6%    80.4 m      37.3 m 
INFO  08:14:05,576 ProgressMeter -     10:73749622   1.8911428E7    43.6 m       2.3 m       54.4%    80.1 m      36.5 m 
INFO  08:14:35,578 ProgressMeter -     10:74826698   1.9211431E7    44.1 m       2.3 m       55.2%    79.8 m      35.8 m 
INFO  08:15:05,680 ProgressMeter -     10:75925261   1.9511434E7    44.6 m       2.3 m       56.0%    79.6 m      35.0 m 
INFO  08:15:35,682 ProgressMeter -     10:77051725   1.9711437E7    45.1 m       2.3 m       56.9%    79.3 m      34.2 m 
INFO  08:16:05,684 ProgressMeter -     10:78112501   2.001144E7    45.6 m       2.3 m       57.6%    79.1 m      33.5 m 
INFO  08:16:35,687 ProgressMeter -     10:79180453   2.0211442E7    46.1 m       2.3 m       58.4%    78.9 m      32.8 m 
INFO  08:17:05,689 ProgressMeter -     10:80272934   2.0511445E7    46.6 m       2.3 m       59.2%    78.7 m      32.1 m 
INFO  08:17:35,691 ProgressMeter -     10:81385162   2.0711447E7    47.1 m       2.3 m       60.0%    78.4 m      31.3 m 
INFO  08:18:05,693 ProgressMeter -     10:82442340   2.101145E7    47.6 m       2.3 m       60.8%    78.2 m      30.6 m 
INFO  08:18:35,695 ProgressMeter -     10:83479907   2.1211452E7    48.1 m       2.3 m       61.6%    78.1 m      30.0 m 
INFO  08:19:05,697 ProgressMeter -     10:84573148   2.1511455E7    48.6 m       2.3 m       62.4%    77.9 m      29.3 m 
INFO  08:19:35,698 ProgressMeter -     10:85590816   2.1711457E7    49.1 m       2.3 m       63.2%    77.7 m      28.6 m 
INFO  08:20:05,700 ProgressMeter -     10:86633776   2.201146E7    49.6 m       2.3 m       63.9%    77.6 m      28.0 m 
INFO  08:20:35,702 ProgressMeter -     10:87701356   2.2211463E7    50.1 m       2.3 m       64.7%    77.4 m      27.3 m 
INFO  08:21:05,704 ProgressMeter -     10:88754249   2.2511467E7    50.6 m       2.2 m       65.5%    77.2 m      26.7 m 
INFO  08:21:35,721 ProgressMeter -     10:89876349   2.2711469E7    51.1 m       2.2 m       66.3%    77.0 m      26.0 m 
INFO  08:22:05,723 ProgressMeter -     10:90885393   2.3011473E7    51.6 m       2.2 m       67.1%    76.9 m      25.3 m 
INFO  08:22:35,724 ProgressMeter -     10:91930485   2.3211476E7    52.1 m       2.2 m       67.8%    76.8 m      24.7 m 
INFO  08:23:05,726 ProgressMeter -     10:92935995   2.3511479E7    52.6 m       2.2 m       68.6%    76.7 m      24.1 m 
INFO  08:23:35,727 ProgressMeter -     10:94016479   2.3711482E7    53.1 m       2.2 m       69.4%    76.5 m      23.4 m 
INFO  08:24:05,729 ProgressMeter -     10:95070336   2.4011485E7    53.6 m       2.2 m       70.1%    76.4 m      22.8 m 
INFO  08:24:35,736 ProgressMeter -     10:96098576   2.4211487E7    54.1 m       2.2 m       70.9%    76.3 m      22.2 m 
INFO  08:25:05,780 ProgressMeter -     10:97154441   2.4511491E7    54.6 m       2.2 m       71.7%    76.1 m      21.6 m 
INFO  08:25:35,781 ProgressMeter -     10:98225229   2.4711493E7    55.1 m       2.2 m       72.5%    76.0 m      20.9 m 
INFO  08:26:05,783 ProgressMeter -     10:99364731   2.5011496E7    55.6 m       2.2 m       73.3%    75.8 m      20.2 m 
INFO  08:26:35,818 ProgressMeter -    10:100507158   2.5311499E7    56.1 m       2.2 m       74.2%    75.6 m      19.5 m 
INFO  08:27:05,821 ProgressMeter -    10:101620178   2.5511501E7    56.6 m       2.2 m       75.0%    75.5 m      18.9 m 
INFO  08:27:35,822 ProgressMeter -    10:102672481   2.5811506E7    57.1 m       2.2 m       75.8%    75.4 m      18.3 m 
INFO  08:28:05,824 ProgressMeter -    10:103757086   2.6011509E7    57.6 m       2.2 m       76.6%    75.2 m      17.6 m 
INFO  08:28:35,826 ProgressMeter -    10:104863860   2.6311512E7    58.1 m       2.2 m       77.4%    75.1 m      17.0 m 
INFO  08:29:05,828 ProgressMeter -    10:105954699   2.6511516E7    58.6 m       2.2 m       78.2%    74.9 m      16.4 m 
INFO  08:29:35,829 ProgressMeter -    10:107001750   2.6711519E7    59.1 m       2.2 m       78.9%    74.8 m      15.8 m 
INFO  08:30:05,831 ProgressMeter -    10:108078895   2.7011522E7    59.6 m       2.2 m       79.7%    74.7 m      15.1 m 
INFO  08:30:35,833 ProgressMeter -    10:109161109   2.7311526E7    60.1 m       2.2 m       80.5%    74.6 m      14.5 m 
INFO  08:31:05,835 ProgressMeter -    10:110192454   2.7511528E7    60.6 m       2.2 m       81.3%    74.5 m      13.9 m 
INFO  08:31:35,836 ProgressMeter -    10:111209902   2.7812956E7    61.1 m       2.2 m       82.1%    74.4 m      13.4 m 
INFO  08:32:05,838 ProgressMeter -    10:112271623   2.8012958E7    61.6 m       2.2 m       82.8%    74.3 m      12.8 m 
INFO  08:32:35,839 ProgressMeter -    10:113253052   2.8312961E7    62.1 m       2.2 m       83.6%    74.3 m      12.2 m 
INFO  08:33:05,841 ProgressMeter -    10:114340858   2.8512963E7    62.6 m       2.2 m       84.4%    74.2 m      11.6 m 
INFO  08:33:35,843 ProgressMeter -    10:115419289   2.8812966E7    63.1 m       2.2 m       85.2%    74.1 m      11.0 m 
INFO  08:34:05,844 ProgressMeter -    10:116489826   2.9012968E7    63.6 m       2.2 m       85.9%    74.0 m      10.4 m 
INFO  08:34:35,846 ProgressMeter -    10:117515121   2.9312971E7    64.1 m       2.2 m       86.7%    73.9 m       9.8 m 
INFO  08:35:05,859 ProgressMeter -    10:118644317   2.9512974E7    64.6 m       2.2 m       87.5%    73.8 m       9.2 m 
INFO  08:35:35,861 ProgressMeter -    10:119680520   2.9812977E7    65.1 m       2.2 m       88.3%    73.7 m       8.6 m 
INFO  08:36:05,863 ProgressMeter -    10:120794644   3.0012979E7    65.6 m       2.2 m       89.1%    73.6 m       8.0 m 
INFO  08:36:35,864 ProgressMeter -    10:121836136   3.0312982E7    66.1 m       2.2 m       89.9%    73.5 m       7.4 m 
INFO  08:37:05,865 ProgressMeter -    10:122903454   3.0512984E7    66.6 m       2.2 m       90.7%    73.4 m       6.8 m 
INFO  08:37:35,867 ProgressMeter -    10:124093462   3.0812988E7    67.1 m       2.2 m       91.6%    73.3 m       6.2 m 
INFO  08:38:05,868 ProgressMeter -    10:125240926   3.1112991E7    67.6 m       2.2 m       92.4%    73.1 m       5.6 m 
INFO  08:38:35,870 ProgressMeter -    10:126374161   3.1312993E7    68.1 m       2.2 m       93.2%    73.0 m       4.9 m 
INFO  08:39:05,872 ProgressMeter -    10:127461036   3.1612996E7    68.6 m       2.2 m       94.0%    72.9 m       4.3 m 
INFO  08:39:35,874 ProgressMeter -    10:128502757   3.1812999E7    69.1 m       2.2 m       94.8%    72.9 m       3.8 m 
INFO  08:40:05,876 ProgressMeter -    10:129707884   3.2013002E7    69.6 m       2.2 m       95.7%    72.7 m       3.1 m 
INFO  08:40:35,877 ProgressMeter -    10:130760849   3.2313005E7    70.1 m       2.2 m       96.5%    72.6 m       2.6 m 
INFO  08:41:05,879 ProgressMeter -    10:131896040   3.2513007E7    70.6 m       2.2 m       97.3%    72.5 m     116.0 s 
INFO  08:41:35,880 ProgressMeter -    10:132989145   3.281301E7    71.1 m       2.2 m       98.1%    72.4 m      81.0 s 
INFO  08:42:05,882 ProgressMeter -    10:134134514   3.3013013E7    71.6 m       2.2 m       99.0%    72.3 m      44.0 s 
INFO  08:42:35,883 ProgressMeter -    10:135254293   3.3313016E7    72.1 m       2.2 m       99.8%    72.2 m       8.0 s 
INFO  08:42:46,577 BaseRecalibrator - Calculating quantized quality scores... 
INFO  08:42:46,634 BaseRecalibrator - Writing recalibration report... 
INFO  08:42:47,975 BaseRecalibrator - ...done! 
INFO  08:42:47,976 BaseRecalibrator - BaseRecalibrator was able to recalibrate 33407500 reads 
INFO  08:42:47,976 ProgressMeter -            done   3.34075E7    72.3 m       2.2 m      100.0%    72.3 m       0.0 s 
INFO  08:42:47,977 ProgressMeter - Total runtime 4337.71 secs, 72.30 min, 1.20 hours 
INFO  08:42:47,977 MicroScheduler - 8685710 reads were filtered out during the traversal out of approximately 42093210 total reads (20.63%) 
INFO  08:42:47,977 MicroScheduler -   -> 0 reads (0.00% of total) failing BadCigarFilter 
INFO  08:42:47,977 MicroScheduler -   -> 5541939 reads (13.17% of total) failing DuplicateReadFilter 
INFO  08:42:47,978 MicroScheduler -   -> 0 reads (0.00% of total) failing FailsVendorQualityCheckFilter 
INFO  08:42:47,978 MicroScheduler -   -> 0 reads (0.00% of total) failing MalformedReadFilter 
INFO  08:42:47,978 MicroScheduler -   -> 0 reads (0.00% of total) failing MappingQualityUnavailableFilter 
INFO  08:42:47,978 MicroScheduler -   -> 2933189 reads (6.97% of total) failing MappingQualityZeroFilter 
INFO  08:42:47,978 MicroScheduler -   -> 210582 reads (0.50% of total) failing NotPrimaryAlignmentFilter 
INFO  08:42:47,978 MicroScheduler -   -> 0 reads (0.00% of total) failing UnmappedReadFilter 
