INFO  11:29:12,160 HelpFormatter - --------------------------------------------------------------------------------- 
INFO  11:29:12,162 HelpFormatter - The Genome Analysis Toolkit (GATK) v3.4-46-g8ea4dca, Compiled 2015/08/13 20:41:56 
INFO  11:29:12,162 HelpFormatter - Copyright (c) 2010 The Broad Institute 
INFO  11:29:12,162 HelpFormatter - For support and documentation go to http://www.broadinstitute.org/gatk 
INFO  11:29:12,165 HelpFormatter - Program Args: -T BaseRecalibrator -I /mnt/ssdbroad/output/sim1M_pairs_gatk_best_practices_36t_30s_2016-02-11_11-03-56/sim1M_pairs_realign.bam -L /mnt/ssdbroad/Broad_Ref_Pipeline_approved_package/workflow_profiler/.queue/scatterGather/ExampleBaseRecalibrator-1-sg/temp_22_of_36/scatter.intervals -R /mnt/ssdbroad/Broad_Ref_Pipeline_approved_package/homosapiensrefgenome/Homo_sapiens_assembly19.fasta -knownSites /mnt/ssdbroad/Broad_Ref_Pipeline_approved_package/homosapiensrefgenome/Homo_sapiens_assembly19.dbsnp.vcf -o /mnt/ssdbroad/Broad_Ref_Pipeline_approved_package/workflow_profiler/.queue/scatterGather/ExampleBaseRecalibrator-1-sg/temp_22_of_36/sim1M_pairs_recal.grp 
INFO  11:29:12,172 HelpFormatter - Executing as beris@dna on Linux 2.6.32-573.el6.x86_64 amd64; OpenJDK 64-Bit Server VM 1.7.0_79-mockbuild_2015_07_24_09_26-b00. 
INFO  11:29:12,172 HelpFormatter - Date/Time: 2016/02/11 11:29:12 
INFO  11:29:12,173 HelpFormatter - --------------------------------------------------------------------------------- 
INFO  11:29:12,173 HelpFormatter - --------------------------------------------------------------------------------- 
INFO  11:29:12,272 GenomeAnalysisEngine - Strictness is SILENT 
INFO  11:29:12,408 GenomeAnalysisEngine - Downsampling Settings: No downsampling 
INFO  11:29:12,420 SAMDataSource$SAMReaders - Initializing SAMRecords in serial 
INFO  11:29:12,491 SAMDataSource$SAMReaders - Done initializing BAM readers: total time 0.07 
WARN  11:33:09,193 RMDTrackBuilder - Unable to write to /mnt/ssdbroad/Broad_Ref_Pipeline_approved_package/homosapiensrefgenome/Homo_sapiens_assembly19.dbsnp.vcf.idx for the index file, creating index in memory only 
INFO  11:33:09,219 IntervalUtils - Processing 51304566 bp from intervals 
INFO  11:33:09,303 GenomeAnalysisEngine - Preparing for traversal over 1 BAM files 
INFO  11:33:09,888 GenomeAnalysisEngine - Done preparing for traversal 
INFO  11:33:09,893 ProgressMeter - [INITIALIZATION COMPLETE; STARTING PROCESSING] 
INFO  11:33:09,894 ProgressMeter -                 | processed |    time |    per 1M |           |   total | remaining 
INFO  11:33:09,894 ProgressMeter -        Location |     reads | elapsed |     reads | completed | runtime |   runtime 
INFO  11:33:09,934 BaseRecalibrator - The covariates being used here:  
INFO  11:33:09,934 BaseRecalibrator - 	ReadGroupCovariate 
INFO  11:33:09,935 BaseRecalibrator - 	QualityScoreCovariate 
INFO  11:33:09,935 BaseRecalibrator - 	ContextCovariate 
INFO  11:33:09,935 ContextCovariate - 		Context sizes: base substitution model 2, indel substitution model 3 
INFO  11:33:09,935 BaseRecalibrator - 	CycleCovariate 
INFO  11:33:09,938 ReadShardBalancer$1 - Loading BAM index data 
INFO  11:33:10,242 ReadShardBalancer$1 - Done loading BAM index data 
INFO  11:33:24,004 BaseRecalibrator - Calculating quantized quality scores... 
INFO  11:33:24,236 BaseRecalibrator - Writing recalibration report... 
INFO  11:33:26,464 BaseRecalibrator - ...done! 
INFO  11:33:26,465 BaseRecalibrator - BaseRecalibrator was able to recalibrate 21403 reads 
INFO  11:33:26,466 ProgressMeter -            done     21403.0    16.0 s      12.9 m       99.9%    16.0 s       0.0 s 
INFO  11:33:26,473 ProgressMeter - Total runtime 16.58 secs, 0.28 min, 0.00 hours 
INFO  11:33:26,473 MicroScheduler - 905 reads were filtered out during the traversal out of approximately 22308 total reads (4.06%) 
INFO  11:33:26,474 MicroScheduler -   -> 0 reads (0.00% of total) failing BadCigarFilter 
INFO  11:33:26,474 MicroScheduler -   -> 0 reads (0.00% of total) failing DuplicateReadFilter 
INFO  11:33:26,474 MicroScheduler -   -> 0 reads (0.00% of total) failing FailsVendorQualityCheckFilter 
INFO  11:33:26,475 MicroScheduler -   -> 0 reads (0.00% of total) failing MalformedReadFilter 
INFO  11:33:26,475 MicroScheduler -   -> 0 reads (0.00% of total) failing MappingQualityUnavailableFilter 
INFO  11:33:26,475 MicroScheduler -   -> 903 reads (4.05% of total) failing MappingQualityZeroFilter 
INFO  11:33:26,475 MicroScheduler -   -> 2 reads (0.01% of total) failing NotPrimaryAlignmentFilter 
INFO  11:33:26,476 MicroScheduler -   -> 0 reads (0.00% of total) failing UnmappedReadFilter 
