INFO  20:17:54,239 HelpFormatter - --------------------------------------------------------------------------------- 
INFO  20:17:54,242 HelpFormatter - The Genome Analysis Toolkit (GATK) v3.4-46-g8ea4dca, Compiled 2015/08/13 20:41:56 
INFO  20:17:54,242 HelpFormatter - Copyright (c) 2010 The Broad Institute 
INFO  20:17:54,242 HelpFormatter - For support and documentation go to http://www.broadinstitute.org/gatk 
INFO  20:17:54,245 HelpFormatter - Program Args: -T BaseRecalibrator -I /home/opt/data/broadout/FC1-NA12878-01_S1_L001_R1_001_gatk_best_practices_36t_30s_2015-11-05_19-14-59/FC1-NA12878-01_S1_L001_R1_001_realign.bam -L /home/beris/Broad_Ref_Pipeline_approved_package/workflow_profiler/.queue/scatterGather/ExampleBaseRecalibrator-1-sg/temp_09_of_24/scatter.intervals -R /home/beris/Broad_Ref_Pipeline_approved_package/homosapiensrefgenome/Homo_sapiens_assembly19.fasta -knownSites /home/beris/Broad_Ref_Pipeline_approved_package/homosapiensrefgenome/Homo_sapiens_assembly19.dbsnp.vcf -o /home/beris/Broad_Ref_Pipeline_approved_package/workflow_profiler/.queue/scatterGather/ExampleBaseRecalibrator-1-sg/temp_09_of_24/FC1-NA12878-01_S1_L001_R1_001_recal.grp 
INFO  20:17:54,252 HelpFormatter - Executing as beris@dna on Linux 2.6.32-573.el6.x86_64 amd64; OpenJDK 64-Bit Server VM 1.7.0_79-mockbuild_2015_07_24_09_26-b00. 
INFO  20:17:54,253 HelpFormatter - Date/Time: 2015/11/05 20:17:54 
INFO  20:17:54,253 HelpFormatter - --------------------------------------------------------------------------------- 
INFO  20:17:54,254 HelpFormatter - --------------------------------------------------------------------------------- 
INFO  20:17:54,320 GenomeAnalysisEngine - Strictness is SILENT 
INFO  20:17:54,423 GenomeAnalysisEngine - Downsampling Settings: No downsampling 
INFO  20:17:54,435 SAMDataSource$SAMReaders - Initializing SAMRecords in serial 
INFO  20:17:54,483 SAMDataSource$SAMReaders - Done initializing BAM readers: total time 0.05 
INFO  20:17:54,876 IntervalUtils - Processing 1506313 bp from intervals 
INFO  20:17:54,963 GenomeAnalysisEngine - Preparing for traversal over 1 BAM files 
INFO  20:17:55,260 GenomeAnalysisEngine - Done preparing for traversal 
INFO  20:17:55,261 ProgressMeter - [INITIALIZATION COMPLETE; STARTING PROCESSING] 
INFO  20:17:55,262 ProgressMeter -                 | processed |    time |    per 1M |           |   total | remaining 
INFO  20:17:55,262 ProgressMeter -        Location |     reads | elapsed |     reads | completed | runtime |   runtime 
INFO  20:17:55,426 BaseRecalibrator - The covariates being used here:  
INFO  20:17:55,426 BaseRecalibrator - 	ReadGroupCovariate 
INFO  20:17:55,426 BaseRecalibrator - 	QualityScoreCovariate 
INFO  20:17:55,427 BaseRecalibrator - 	ContextCovariate 
INFO  20:17:55,427 ContextCovariate - 		Context sizes: base substitution model 2, indel substitution model 3 
INFO  20:17:55,427 BaseRecalibrator - 	CycleCovariate 
INFO  20:17:55,431 ReadShardBalancer$1 - Loading BAM index data 
INFO  20:17:55,773 ReadShardBalancer$1 - Done loading BAM index data 
INFO  20:18:28,736 ProgressMeter -      9:35711789         0.0    33.0 s      55.3 w       19.7%     2.8 m       2.2 m 
INFO  20:19:01,903 ProgressMeter -     9:114490342    200004.0    66.0 s       5.6 m       54.8%   120.0 s      54.0 s 
INFO  20:19:21,326 BaseRecalibrator - Calculating quantized quality scores... 
INFO  20:19:21,373 BaseRecalibrator - Writing recalibration report... 
INFO  20:19:22,182 BaseRecalibrator - ...done! 
INFO  20:19:22,182 BaseRecalibrator - BaseRecalibrator was able to recalibrate 462394 reads 
INFO  20:19:22,184 ProgressMeter -            done    462394.0    86.0 s       3.1 m      100.0%    86.0 s       0.0 s 
INFO  20:19:22,185 ProgressMeter - Total runtime 86.92 secs, 1.45 min, 0.02 hours 
INFO  20:19:22,185 MicroScheduler - 199638 reads were filtered out during the traversal out of approximately 662032 total reads (30.16%) 
INFO  20:19:22,186 MicroScheduler -   -> 0 reads (0.00% of total) failing BadCigarFilter 
INFO  20:19:22,186 MicroScheduler -   -> 164898 reads (24.91% of total) failing DuplicateReadFilter 
INFO  20:19:22,186 MicroScheduler -   -> 0 reads (0.00% of total) failing FailsVendorQualityCheckFilter 
INFO  20:19:22,186 MicroScheduler -   -> 0 reads (0.00% of total) failing MalformedReadFilter 
INFO  20:19:22,186 MicroScheduler -   -> 0 reads (0.00% of total) failing MappingQualityUnavailableFilter 
INFO  20:19:22,186 MicroScheduler -   -> 34626 reads (5.23% of total) failing MappingQualityZeroFilter 
INFO  20:19:22,187 MicroScheduler -   -> 114 reads (0.02% of total) failing NotPrimaryAlignmentFilter 
INFO  20:19:22,187 MicroScheduler -   -> 0 reads (0.00% of total) failing UnmappedReadFilter 
