INFO  19:54:49,765 HelpFormatter - --------------------------------------------------------------------------------- 
INFO  19:54:49,794 HelpFormatter - The Genome Analysis Toolkit (GATK) v3.4-46-g8ea4dca, Compiled 2015/08/13 20:41:56 
INFO  19:54:49,795 HelpFormatter - Copyright (c) 2010 The Broad Institute 
INFO  19:54:49,799 HelpFormatter - For support and documentation go to http://www.broadinstitute.org/gatk 
INFO  19:54:49,806 HelpFormatter - Program Args: -T BaseRecalibrator -I /mnt/nvme0n1/data/broadout/HG02771_gatk_best_practices_8t_30s_2016-07-06_18-21-02/HG02771_realign.bam -L /mnt/nvme0n1/Broad_Ref_Pipeline_approved_package/workflow_profiler/.queue/scatterGather/ExampleBaseRecalibrator-1-sg/temp_09_of_24/scatter.intervals -R /mnt/nvme0n1/Broad_Ref_Pipeline_approved_package/b37bundle/human_g1k_v37.fasta -knownSites /mnt/nvme0n1/Broad_Ref_Pipeline_approved_package/b37bundle/dbsnp_138.b37.vcf -o /mnt/nvme0n1/Broad_Ref_Pipeline_approved_package/workflow_profiler/.queue/scatterGather/ExampleBaseRecalibrator-1-sg/temp_09_of_24/HG02771_recal.grp 
INFO  19:54:49,818 HelpFormatter - Executing as bshifaw@application-1-1.hudson.intel.com on Linux 3.10.0-327.el7.x86_64 amd64; OpenJDK 64-Bit Server VM 1.8.0_91-b14. 
INFO  19:54:49,818 HelpFormatter - Date/Time: 2016/07/06 19:54:49 
INFO  19:54:49,818 HelpFormatter - --------------------------------------------------------------------------------- 
INFO  19:54:49,835 HelpFormatter - --------------------------------------------------------------------------------- 
INFO  19:54:50,158 GenomeAnalysisEngine - Strictness is SILENT 
INFO  19:54:50,612 GenomeAnalysisEngine - Downsampling Settings: No downsampling 
INFO  19:54:50,660 SAMDataSource$SAMReaders - Initializing SAMRecords in serial 
INFO  19:54:50,864 SAMDataSource$SAMReaders - Done initializing BAM readers: total time 0.20 
INFO  19:54:51,743 IntervalUtils - Processing 2111519 bp from intervals 
INFO  19:54:52,290 GenomeAnalysisEngine - Preparing for traversal over 1 BAM files 
INFO  19:54:52,736 GenomeAnalysisEngine - Done preparing for traversal 
INFO  19:54:52,767 ProgressMeter - [INITIALIZATION COMPLETE; STARTING PROCESSING] 
INFO  19:54:52,767 ProgressMeter -                 | processed |    time |    per 1M |           |   total | remaining 
INFO  19:54:52,776 ProgressMeter -        Location |     reads | elapsed |     reads | completed | runtime |   runtime 
INFO  19:54:52,873 BaseRecalibrator - The covariates being used here:  
INFO  19:54:52,873 BaseRecalibrator - 	ReadGroupCovariate 
INFO  19:54:52,875 BaseRecalibrator - 	QualityScoreCovariate 
INFO  19:54:52,875 BaseRecalibrator - 	ContextCovariate 
INFO  19:54:52,876 ContextCovariate - 		Context sizes: base substitution model 2, indel substitution model 3 
INFO  19:54:52,876 BaseRecalibrator - 	CycleCovariate 
INFO  19:54:52,878 ReadShardBalancer$1 - Loading BAM index data 
INFO  19:54:53,223 ReadShardBalancer$1 - Done loading BAM index data 
INFO  19:55:22,858 ProgressMeter -        9:118075         0.0    30.0 s      49.8 w        0.1%     6.0 h       6.0 h 
INFO  19:55:54,493 ProgressMeter -       9:5300300         0.0    61.0 s     102.1 w        3.5%    29.1 m      28.1 m 
INFO  19:56:24,495 ProgressMeter -      9:19119638    200004.0    91.0 s       7.6 m        9.7%    15.6 m      14.1 m 
INFO  19:56:54,496 ProgressMeter -      9:33318764    400011.0     2.0 m       5.1 m       15.0%    13.5 m      11.4 m 
INFO  19:57:24,498 ProgressMeter -      9:35821464    600014.0     2.5 m       4.2 m       21.6%    11.7 m       9.1 m 
INFO  19:57:54,500 ProgressMeter -      9:77257295    800016.0     3.0 m       3.8 m       30.5%     9.9 m       6.9 m 
INFO  19:58:24,501 ProgressMeter -      9:91956411   1000024.0     3.5 m       3.5 m       38.6%     9.1 m       5.6 m 
INFO  19:58:54,537 ProgressMeter -     9:104133257   1300029.0     4.0 m       3.1 m       49.7%     8.1 m       4.1 m 
INFO  19:59:24,635 ProgressMeter -     9:116931304   1700036.0     4.5 m       2.7 m       60.2%     7.5 m       3.0 m 
INFO  19:59:54,872 ProgressMeter -     9:130947960   2100042.0     5.0 m       2.4 m       74.3%     6.8 m     104.0 s 
INFO  20:00:24,874 ProgressMeter -     9:139658378   2600049.0     5.5 m       2.1 m       93.6%     5.9 m      22.0 s 
INFO  20:00:31,039 BaseRecalibrator - Calculating quantized quality scores... 
INFO  20:00:31,061 BaseRecalibrator - Writing recalibration report... 
INFO  20:00:31,860 BaseRecalibrator - ...done! 
INFO  20:00:31,861 BaseRecalibrator - BaseRecalibrator was able to recalibrate 2770398 reads 
INFO  20:00:31,863 ProgressMeter -            done   2770398.0     5.7 m       2.0 m      100.0%     5.7 m       0.0 s 
INFO  20:00:31,863 ProgressMeter - Total runtime 339.11 secs, 5.65 min, 0.09 hours 
INFO  20:00:31,864 MicroScheduler - 720247 reads were filtered out during the traversal out of approximately 3490645 total reads (20.63%) 
INFO  20:00:31,864 MicroScheduler -   -> 0 reads (0.00% of total) failing BadCigarFilter 
INFO  20:00:31,864 MicroScheduler -   -> 451239 reads (12.93% of total) failing DuplicateReadFilter 
INFO  20:00:31,864 MicroScheduler -   -> 0 reads (0.00% of total) failing FailsVendorQualityCheckFilter 
INFO  20:00:31,864 MicroScheduler -   -> 0 reads (0.00% of total) failing MalformedReadFilter 
INFO  20:00:31,865 MicroScheduler -   -> 0 reads (0.00% of total) failing MappingQualityUnavailableFilter 
INFO  20:00:31,865 MicroScheduler -   -> 268719 reads (7.70% of total) failing MappingQualityZeroFilter 
INFO  20:00:31,865 MicroScheduler -   -> 289 reads (0.01% of total) failing NotPrimaryAlignmentFilter 
INFO  20:00:31,865 MicroScheduler -   -> 0 reads (0.00% of total) failing UnmappedReadFilter 
