INFO  19:49:46,187 HelpFormatter - --------------------------------------------------------------------------------- 
INFO  19:49:46,190 HelpFormatter - The Genome Analysis Toolkit (GATK) v3.4-46-g8ea4dca, Compiled 2015/08/13 20:41:56 
INFO  19:49:46,190 HelpFormatter - Copyright (c) 2010 The Broad Institute 
INFO  19:49:46,190 HelpFormatter - For support and documentation go to http://www.broadinstitute.org/gatk 
INFO  19:49:46,194 HelpFormatter - Program Args: -T BaseRecalibrator -I /mnt/nvme0n1/data/broadout/HG02561_gatk_best_practices_8t_30s_2016-07-06_18-21-00/HG02561_realign.bam -L /mnt/nvme0n1/Broad_Ref_Pipeline_approved_package/workflow_profiler/.queue/scatterGather/ExampleBaseRecalibrator-1-sg/temp_09_of_24/scatter.intervals -R /mnt/nvme0n1/Broad_Ref_Pipeline_approved_package/b37bundle/human_g1k_v37.fasta -knownSites /mnt/nvme0n1/Broad_Ref_Pipeline_approved_package/b37bundle/dbsnp_138.b37.vcf -o /mnt/nvme0n1/Broad_Ref_Pipeline_approved_package/workflow_profiler/.queue/scatterGather/ExampleBaseRecalibrator-1-sg/temp_09_of_24/HG02561_recal.grp 
INFO  19:49:46,227 HelpFormatter - Executing as bshifaw@application-1-1.hudson.intel.com on Linux 3.10.0-327.el7.x86_64 amd64; OpenJDK 64-Bit Server VM 1.8.0_91-b14. 
INFO  19:49:46,228 HelpFormatter - Date/Time: 2016/07/06 19:49:46 
INFO  19:49:46,228 HelpFormatter - --------------------------------------------------------------------------------- 
INFO  19:49:46,229 HelpFormatter - --------------------------------------------------------------------------------- 
INFO  19:49:46,500 GenomeAnalysisEngine - Strictness is SILENT 
INFO  19:49:46,911 GenomeAnalysisEngine - Downsampling Settings: No downsampling 
INFO  19:49:46,917 SAMDataSource$SAMReaders - Initializing SAMRecords in serial 
INFO  19:49:47,091 SAMDataSource$SAMReaders - Done initializing BAM readers: total time 0.17 
INFO  19:49:48,177 IntervalUtils - Processing 2111519 bp from intervals 
INFO  19:49:48,432 GenomeAnalysisEngine - Preparing for traversal over 1 BAM files 
INFO  19:49:48,864 GenomeAnalysisEngine - Done preparing for traversal 
INFO  19:49:48,868 ProgressMeter - [INITIALIZATION COMPLETE; STARTING PROCESSING] 
INFO  19:49:48,870 ProgressMeter -                 | processed |    time |    per 1M |           |   total | remaining 
INFO  19:49:48,884 ProgressMeter -        Location |     reads | elapsed |     reads | completed | runtime |   runtime 
INFO  19:49:49,018 BaseRecalibrator - The covariates being used here:  
INFO  19:49:49,020 BaseRecalibrator - 	ReadGroupCovariate 
INFO  19:49:49,021 BaseRecalibrator - 	QualityScoreCovariate 
INFO  19:49:49,021 BaseRecalibrator - 	ContextCovariate 
INFO  19:49:49,023 ContextCovariate - 		Context sizes: base substitution model 2, indel substitution model 3 
INFO  19:49:49,023 BaseRecalibrator - 	CycleCovariate 
INFO  19:49:49,025 ReadShardBalancer$1 - Loading BAM index data 
INFO  19:49:49,333 ReadShardBalancer$1 - Done loading BAM index data 
INFO  19:50:19,024 ProgressMeter -        9:732462         0.0    30.0 s      49.9 w        1.0%    49.8 m      49.3 m 
INFO  19:50:49,026 ProgressMeter -       9:5920459    100001.0    60.0 s      10.0 m        4.3%    23.1 m      22.1 m 
INFO  19:51:19,028 ProgressMeter -      9:15447158    200002.0    90.0 s       7.5 m        7.7%    19.4 m      17.9 m 
INFO  19:51:50,847 ProgressMeter -      9:21837966    300003.0     2.0 m       6.8 m       11.7%    17.2 m      15.2 m 
INFO  19:52:21,040 ProgressMeter -      9:34088349    500006.0     2.5 m       5.1 m       16.0%    15.8 m      13.3 m 
INFO  19:52:51,042 ProgressMeter -      9:35813622    700010.0     3.0 m       4.3 m       21.6%    14.1 m      11.0 m 
INFO  19:53:21,043 ProgressMeter -      9:79318663    900021.0     3.5 m       3.9 m       32.0%    11.0 m       7.5 m 
INFO  19:53:51,045 ProgressMeter -      9:95012143   1200032.0     4.0 m       3.4 m       39.7%    10.2 m       6.1 m 
INFO  19:54:21,055 ProgressMeter -     9:103059297   1400044.0     4.5 m       3.2 m       49.1%     9.2 m       4.7 m 
INFO  19:54:51,057 ProgressMeter -     9:111653508   1600046.0     5.0 m       3.1 m       53.2%     9.5 m       4.4 m 
INFO  19:55:21,234 ProgressMeter -     9:114911578   1700048.0     5.5 m       3.3 m       57.4%     9.6 m       4.1 m 
INFO  19:55:51,239 ProgressMeter -     9:119461400   1800049.0     6.0 m       3.4 m       62.5%     9.6 m       3.6 m 
INFO  19:56:21,711 ProgressMeter -     9:127650500   2100054.0     6.5 m       3.1 m       69.3%     9.4 m       2.9 m 
INFO  19:56:51,713 ProgressMeter -     9:131193492   2200055.0     7.0 m       3.2 m       75.4%     9.3 m       2.3 m 
INFO  19:57:21,716 ProgressMeter -     9:134357858   2500061.0     7.5 m       3.0 m       82.4%     9.1 m      96.0 s 
INFO  19:57:51,872 ProgressMeter -     9:138847186   2700064.0     8.1 m       3.0 m       90.6%     8.9 m      50.0 s 
INFO  19:58:10,344 BaseRecalibrator - Calculating quantized quality scores... 
INFO  19:58:10,390 BaseRecalibrator - Writing recalibration report... 
INFO  19:58:12,123 BaseRecalibrator - ...done! 
INFO  19:58:12,124 BaseRecalibrator - BaseRecalibrator was able to recalibrate 2932356 reads 
INFO  19:58:12,143 ProgressMeter -            done   2932356.0     8.4 m       2.9 m      100.0%     8.4 m       0.0 s 
INFO  19:58:12,143 ProgressMeter - Total runtime 503.28 secs, 8.39 min, 0.14 hours 
INFO  19:58:12,143 MicroScheduler - 804547 reads were filtered out during the traversal out of approximately 3736903 total reads (21.53%) 
INFO  19:58:12,143 MicroScheduler -   -> 0 reads (0.00% of total) failing BadCigarFilter 
INFO  19:58:12,149 MicroScheduler -   -> 519467 reads (13.90% of total) failing DuplicateReadFilter 
INFO  19:58:12,149 MicroScheduler -   -> 0 reads (0.00% of total) failing FailsVendorQualityCheckFilter 
INFO  19:58:12,149 MicroScheduler -   -> 0 reads (0.00% of total) failing MalformedReadFilter 
INFO  19:58:12,149 MicroScheduler -   -> 0 reads (0.00% of total) failing MappingQualityUnavailableFilter 
INFO  19:58:12,150 MicroScheduler -   -> 284795 reads (7.62% of total) failing MappingQualityZeroFilter 
INFO  19:58:12,150 MicroScheduler -   -> 285 reads (0.01% of total) failing NotPrimaryAlignmentFilter 
INFO  19:58:12,150 MicroScheduler -   -> 0 reads (0.00% of total) failing UnmappedReadFilter 
