INFO  18:12:42,177 HelpFormatter - --------------------------------------------------------------------------------- 
INFO  18:12:42,179 HelpFormatter - The Genome Analysis Toolkit (GATK) v3.4-46-g8ea4dca, Compiled 2015/08/13 20:41:56 
INFO  18:12:42,179 HelpFormatter - Copyright (c) 2010 The Broad Institute 
INFO  18:12:42,179 HelpFormatter - For support and documentation go to http://www.broadinstitute.org/gatk 
INFO  18:12:42,193 HelpFormatter - Program Args: -T BaseRecalibrator -I /mnt/sdb/data/broadout/HG02769_gatk_best_practices_8t_30s_2016-07-25_16-38-44/HG02769_realign.bam -L /mnt/sdb/Broad_Ref_Pipeline_approved_package/workflow_profiler/.queue/scatterGather/ExampleBaseRecalibrator-1-sg/temp_09_of_24/scatter.intervals -R /mnt/sdb/Broad_Ref_Pipeline_approved_package/b37bundle/human_g1k_v37.fasta -knownSites /mnt/sdb/Broad_Ref_Pipeline_approved_package/b37bundle/dbsnp_138.b37.vcf -o /mnt/sdb/Broad_Ref_Pipeline_approved_package/workflow_profiler/.queue/scatterGather/ExampleBaseRecalibrator-1-sg/temp_09_of_24/HG02769_recal.grp 
INFO  18:12:42,211 HelpFormatter - Executing as bshifaw@application-0-1.hudson.intel.com on Linux 3.10.0-327.el7.x86_64 amd64; OpenJDK 64-Bit Server VM 1.8.0_101-b13. 
INFO  18:12:42,213 HelpFormatter - Date/Time: 2016/07/25 18:12:42 
INFO  18:12:42,213 HelpFormatter - --------------------------------------------------------------------------------- 
INFO  18:12:42,214 HelpFormatter - --------------------------------------------------------------------------------- 
INFO  18:12:42,344 GenomeAnalysisEngine - Strictness is SILENT 
INFO  18:12:42,621 GenomeAnalysisEngine - Downsampling Settings: No downsampling 
INFO  18:12:42,628 SAMDataSource$SAMReaders - Initializing SAMRecords in serial 
INFO  18:12:42,780 SAMDataSource$SAMReaders - Done initializing BAM readers: total time 0.15 
INFO  18:12:43,480 IntervalUtils - Processing 2111519 bp from intervals 
INFO  18:12:43,683 GenomeAnalysisEngine - Preparing for traversal over 1 BAM files 
INFO  18:12:43,988 GenomeAnalysisEngine - Done preparing for traversal 
INFO  18:12:43,997 ProgressMeter - [INITIALIZATION COMPLETE; STARTING PROCESSING] 
INFO  18:12:43,997 ProgressMeter -                 | processed |    time |    per 1M |           |   total | remaining 
INFO  18:12:43,999 ProgressMeter -        Location |     reads | elapsed |     reads | completed | runtime |   runtime 
INFO  18:12:44,093 BaseRecalibrator - The covariates being used here:  
INFO  18:12:44,093 BaseRecalibrator - 	ReadGroupCovariate 
INFO  18:12:44,094 BaseRecalibrator - 	QualityScoreCovariate 
INFO  18:12:44,095 BaseRecalibrator - 	ContextCovariate 
INFO  18:12:44,095 ContextCovariate - 		Context sizes: base substitution model 2, indel substitution model 3 
INFO  18:12:44,095 BaseRecalibrator - 	CycleCovariate 
INFO  18:12:44,097 ReadShardBalancer$1 - Loading BAM index data 
INFO  18:12:44,415 ReadShardBalancer$1 - Done loading BAM index data 
INFO  18:13:14,638 ProgressMeter -       9:5123016         0.0    30.0 s      50.7 w        3.4%    14.8 m      14.3 m 
INFO  18:13:44,744 ProgressMeter -      9:18928213    200004.0    60.0 s       5.1 m        9.3%    10.8 m       9.8 m 
INFO  18:14:15,586 ProgressMeter -      9:27213462    300006.0    91.0 s       5.1 m       12.9%    11.8 m      10.3 m 
INFO  18:14:50,837 ProgressMeter -      9:34996484    500011.0     2.1 m       4.2 m       17.7%    11.9 m       9.8 m 
INFO  18:15:23,687 ProgressMeter -      9:39888431    700014.0     2.7 m       3.8 m       25.0%    10.6 m       8.0 m 
INFO  18:15:53,764 ProgressMeter -      9:80921216    900019.0     3.2 m       3.5 m       33.7%     9.3 m       6.2 m 
INFO  18:16:23,766 ProgressMeter -      9:96062468   1200023.0     3.7 m       3.1 m       41.9%     8.7 m       5.1 m 
INFO  18:16:53,772 ProgressMeter -     9:107456989   1500035.0     4.2 m       2.8 m       51.2%     8.1 m       4.0 m 
INFO  18:17:23,774 ProgressMeter -     9:117002821   1700039.0     4.7 m       2.7 m       60.4%     7.7 m       3.0 m 
INFO  18:17:53,775 ProgressMeter -     9:127549411   2000056.0     5.2 m       2.6 m       69.0%     7.5 m       2.3 m 
INFO  18:18:23,801 ProgressMeter -     9:131768615   2300072.0     5.7 m       2.5 m       78.3%     7.2 m      93.0 s 
INFO  18:18:55,054 ProgressMeter -     9:136642709   2600076.0     6.2 m       2.4 m       87.8%     7.0 m      51.0 s 
INFO  18:19:12,838 BaseRecalibrator - Calculating quantized quality scores... 
INFO  18:19:12,880 BaseRecalibrator - Writing recalibration report... 
INFO  18:19:14,176 BaseRecalibrator - ...done! 
INFO  18:19:14,176 BaseRecalibrator - BaseRecalibrator was able to recalibrate 2876495 reads 
INFO  18:19:14,178 ProgressMeter -            done   2876495.0     6.5 m       2.3 m      100.0%     6.5 m       0.0 s 
INFO  18:19:14,179 ProgressMeter - Total runtime 390.19 secs, 6.50 min, 0.11 hours 
INFO  18:19:14,179 MicroScheduler - 733677 reads were filtered out during the traversal out of approximately 3610172 total reads (20.32%) 
INFO  18:19:14,179 MicroScheduler -   -> 0 reads (0.00% of total) failing BadCigarFilter 
INFO  18:19:14,190 MicroScheduler -   -> 464506 reads (12.87% of total) failing DuplicateReadFilter 
INFO  18:19:14,190 MicroScheduler -   -> 0 reads (0.00% of total) failing FailsVendorQualityCheckFilter 
INFO  18:19:14,190 MicroScheduler -   -> 0 reads (0.00% of total) failing MalformedReadFilter 
INFO  18:19:14,191 MicroScheduler -   -> 0 reads (0.00% of total) failing MappingQualityUnavailableFilter 
INFO  18:19:14,191 MicroScheduler -   -> 268846 reads (7.45% of total) failing MappingQualityZeroFilter 
INFO  18:19:14,191 MicroScheduler -   -> 325 reads (0.01% of total) failing NotPrimaryAlignmentFilter 
INFO  18:19:14,191 MicroScheduler -   -> 0 reads (0.00% of total) failing UnmappedReadFilter 
