INFO  20:39:39,859 HelpFormatter - --------------------------------------------------------------------------------- 
INFO  20:39:39,862 HelpFormatter - The Genome Analysis Toolkit (GATK) v3.4-46-g8ea4dca, Compiled 2015/08/13 20:41:56 
INFO  20:39:39,862 HelpFormatter - Copyright (c) 2010 The Broad Institute 
INFO  20:39:39,863 HelpFormatter - For support and documentation go to http://www.broadinstitute.org/gatk 
INFO  20:39:39,869 HelpFormatter - Program Args: -T HaplotypeCaller -I /home/opt/data/broadout/FC1-NA12878-01_S1_L001_R1_001_gatk_best_practices_36t_30s_2015-11-05_19-14-59/FC1-NA12878-01_S1_L001_R1_001_realign.bam -L /home/beris/Broad_Ref_Pipeline_approved_package/workflow_profiler/.queue/scatterGather/ExampleHaplotypeCaller-1-sg/temp_08_of_36/scatter.intervals -R /home/beris/Broad_Ref_Pipeline_approved_package/homosapiensrefgenome/Homo_sapiens_assembly19.fasta -variant_index_type LINEAR -variant_index_parameter 128000 -o /home/beris/Broad_Ref_Pipeline_approved_package/workflow_profiler/.queue/scatterGather/ExampleHaplotypeCaller-1-sg/temp_08_of_36/FC1-NA12878-01_S1_L001_R1_001_realign.bam_HaplotypeCaller.g.vcf -ERC GVCF 
INFO  20:39:39,891 HelpFormatter - Executing as beris@dna on Linux 2.6.32-573.el6.x86_64 amd64; OpenJDK 64-Bit Server VM 1.7.0_79-mockbuild_2015_07_24_09_26-b00. 
INFO  20:39:39,892 HelpFormatter - Date/Time: 2015/11/05 20:39:39 
INFO  20:39:39,892 HelpFormatter - --------------------------------------------------------------------------------- 
INFO  20:39:39,892 HelpFormatter - --------------------------------------------------------------------------------- 
WARN  20:39:39,924 GATKVCFUtils - Naming your output file using the .g.vcf extension will automatically set the appropriate values  for --variant_index_type and --variant_index_parameter 
INFO  20:39:40,074 GenomeAnalysisEngine - Strictness is SILENT 
INFO  20:39:40,269 GenomeAnalysisEngine - Downsampling Settings: Method: BY_SAMPLE, Target Coverage: 500 
INFO  20:39:40,280 SAMDataSource$SAMReaders - Initializing SAMRecords in serial 
INFO  20:39:40,329 SAMDataSource$SAMReaders - Done initializing BAM readers: total time 0.05 
INFO  20:39:40,339 HCMappingQualityFilter - Filtering out reads with MAPQ < 20 
INFO  20:39:40,608 IntervalUtils - Processing 1017715 bp from intervals 
INFO  20:39:40,759 GenomeAnalysisEngine - Preparing for traversal over 1 BAM files 
INFO  20:39:41,212 GenomeAnalysisEngine - Done preparing for traversal 
INFO  20:39:41,213 ProgressMeter - [INITIALIZATION COMPLETE; STARTING PROCESSING] 
INFO  20:39:41,213 ProgressMeter -                 |      processed |    time |         per 1M |           |   total | remaining 
INFO  20:39:41,214 ProgressMeter -        Location | active regions | elapsed | active regions | completed | runtime |   runtime 
INFO  20:39:41,215 HaplotypeCaller - Standard Emitting and Calling confidence set to 0.0 for reference-model confidence output 
INFO  20:39:41,215 HaplotypeCaller - All sites annotated with PLs forced to true for reference-model confidence output 
INFO  20:39:41,402 HaplotypeCaller - Using global mismapping rate of 45 => -4.5 in log10 likelihood units 
Using AVX accelerated implementation of PairHMM
INFO  20:39:44,062 VectorLoglessPairHMM - libVectorLoglessPairHMM unpacked successfully from GATK jar file 
INFO  20:39:44,062 VectorLoglessPairHMM - Using vectorized implementation of PairHMM 
WARN  20:39:44,198 HaplotypeScore - Annotation will not be calculated, must be called from UnifiedGenotyper 
WARN  20:39:44,198 InbreedingCoeff - Annotation will not be calculated, must provide a valid PED file (-ped) from the command line. 
INFO  20:40:11,218 ProgressMeter -      3:57283400     1.55562865E8    30.0 s            0.0 s       25.3%   118.0 s      88.0 s 
INFO  20:40:41,222 ProgressMeter -     3:119236028    1.032590635E9    60.0 s            0.0 s       60.8%    98.0 s      38.0 s 
INFO  20:41:11,227 ProgressMeter -     3:142234185    2.613859132E9    90.0 s            0.0 s       97.8%    92.0 s       2.0 s 
INFO  20:41:13,296 VectorLoglessPairHMM - Time spent in setup for JNI call : 0.027214305 
INFO  20:41:13,296 PairHMM - Total compute time in PairHMM computeLikelihoods() : 3.6775576900000004 
INFO  20:41:13,296 HaplotypeCaller - Ran local assembly on 10142 active regions 
INFO  20:41:13,303 ProgressMeter -            done    2.736712419E9    92.0 s            0.0 s      100.0%    92.0 s       0.0 s 
INFO  20:41:13,303 ProgressMeter - Total runtime 92.09 secs, 1.53 min, 0.03 hours 
INFO  20:41:13,303 MicroScheduler - 123973 reads were filtered out during the traversal out of approximately 493492 total reads (25.12%) 
INFO  20:41:13,304 MicroScheduler -   -> 0 reads (0.00% of total) failing BadCigarFilter 
INFO  20:41:13,304 MicroScheduler -   -> 119934 reads (24.30% of total) failing DuplicateReadFilter 
INFO  20:41:13,304 MicroScheduler -   -> 0 reads (0.00% of total) failing FailsVendorQualityCheckFilter 
INFO  20:41:13,304 MicroScheduler -   -> 3986 reads (0.81% of total) failing HCMappingQualityFilter 
INFO  20:41:13,304 MicroScheduler -   -> 0 reads (0.00% of total) failing MalformedReadFilter 
INFO  20:41:13,304 MicroScheduler -   -> 0 reads (0.00% of total) failing MappingQualityUnavailableFilter 
INFO  20:41:13,304 MicroScheduler -   -> 53 reads (0.01% of total) failing NotPrimaryAlignmentFilter 
INFO  20:41:13,305 MicroScheduler -   -> 0 reads (0.00% of total) failing UnmappedReadFilter 
