INFO  20:48:10,740 HelpFormatter - --------------------------------------------------------------------------------- 
INFO  20:48:10,820 HelpFormatter - The Genome Analysis Toolkit (GATK) v3.4-46-g8ea4dca, Compiled 2015/08/13 20:41:56 
INFO  20:48:10,820 HelpFormatter - Copyright (c) 2010 The Broad Institute 
INFO  20:48:10,820 HelpFormatter - For support and documentation go to http://www.broadinstitute.org/gatk 
INFO  20:48:10,823 HelpFormatter - Program Args: -T HaplotypeCaller -I /mnt/nvme0n1/data/broadout/HG02571_gatk_best_practices_8t_30s_2016-07-06_18-21-01/HG02571_final.bam -L /mnt/nvme0n1/Broad_Ref_Pipeline_approved_package/workflow_profiler/.queue/scatterGather/ExampleHaplotypeCaller-1-sg/temp_08_of_36/scatter.intervals -R /mnt/nvme0n1/Broad_Ref_Pipeline_approved_package/b37bundle/human_g1k_v37.fasta -variant_index_type LINEAR -variant_index_parameter 128000 -o /mnt/nvme0n1/Broad_Ref_Pipeline_approved_package/workflow_profiler/.queue/scatterGather/ExampleHaplotypeCaller-1-sg/temp_08_of_36/HG02571_HaplotypeCaller.g.vcf -ERC GVCF 
INFO  20:48:10,886 HelpFormatter - Executing as bshifaw@application-1-1.hudson.intel.com on Linux 3.10.0-327.el7.x86_64 amd64; OpenJDK 64-Bit Server VM 1.8.0_91-b14. 
INFO  20:48:10,887 HelpFormatter - Date/Time: 2016/07/06 20:48:10 
INFO  20:48:10,887 HelpFormatter - --------------------------------------------------------------------------------- 
INFO  20:48:10,889 HelpFormatter - --------------------------------------------------------------------------------- 
WARN  20:48:10,897 GATKVCFUtils - Naming your output file using the .g.vcf extension will automatically set the appropriate values  for --variant_index_type and --variant_index_parameter 
INFO  20:48:11,447 GenomeAnalysisEngine - Strictness is SILENT 
INFO  20:48:12,280 GenomeAnalysisEngine - Downsampling Settings: Method: BY_SAMPLE, Target Coverage: 500 
INFO  20:48:12,299 SAMDataSource$SAMReaders - Initializing SAMRecords in serial 
INFO  20:48:12,850 SAMDataSource$SAMReaders - Done initializing BAM readers: total time 0.55 
INFO  20:48:12,953 HCMappingQualityFilter - Filtering out reads with MAPQ < 20 
INFO  20:48:13,520 IntervalUtils - Processing 1437965 bp from intervals 
INFO  20:48:14,502 GenomeAnalysisEngine - Preparing for traversal over 1 BAM files 
INFO  20:48:15,534 GenomeAnalysisEngine - Done preparing for traversal 
INFO  20:48:15,535 ProgressMeter - [INITIALIZATION COMPLETE; STARTING PROCESSING] 
INFO  20:48:15,535 ProgressMeter -                 |      processed |    time |         per 1M |           |   total | remaining 
INFO  20:48:15,536 ProgressMeter -        Location | active regions | elapsed | active regions | completed | runtime |   runtime 
INFO  20:48:15,615 HaplotypeCaller - Standard Emitting and Calling confidence set to 0.0 for reference-model confidence output 
INFO  20:48:15,616 HaplotypeCaller - All sites annotated with PLs forced to true for reference-model confidence output 
INFO  20:48:16,711 HaplotypeCaller - Using global mismapping rate of 45 => -4.5 in log10 likelihood units 
Using AVX accelerated implementation of PairHMM
INFO  20:48:28,746 VectorLoglessPairHMM - libVectorLoglessPairHMM unpacked successfully from GATK jar file 
INFO  20:48:28,747 VectorLoglessPairHMM - Using vectorized implementation of PairHMM 
WARN  20:48:30,875 HaplotypeScore - Annotation will not be calculated, must be called from UnifiedGenotyper 
WARN  20:48:30,879 InbreedingCoeff - Annotation will not be calculated, must provide a valid PED file (-ped) from the command line. 
INFO  20:48:45,733 ProgressMeter -      3:50356948           9186.0    30.0 s           54.8 m        0.2%     4.3 h       4.3 h 
INFO  20:49:15,734 ProgressMeter -      3:50390620         129631.0    60.0 s            7.7 m        0.8%     2.1 h       2.1 h 
INFO  20:49:45,735 ProgressMeter -      3:51428779        2730465.0    90.0 s           33.0 s        2.7%    54.8 m      53.3 m 
INFO  20:50:15,736 ProgressMeter -      3:52012223        7033685.0   120.0 s           17.0 s        5.1%    39.3 m      37.3 m 
INFO  20:50:45,737 ProgressMeter -      3:52491822      2.1171076E7     2.5 m            7.0 s        8.9%    28.1 m      25.6 m 
INFO  20:51:15,738 ProgressMeter -      3:52819296      3.7032777E7     3.0 m            4.0 s       12.0%    25.0 m      22.0 m 
INFO  20:51:55,739 ProgressMeter -      3:55768749      8.4769879E7     3.7 m            2.0 s       16.5%    22.3 m      18.6 m 
INFO  20:52:25,740 ProgressMeter -      3:58514469     1.48041365E8     4.2 m            1.0 s       21.1%    19.8 m      15.6 m 
INFO  20:52:55,741 ProgressMeter -      3:66448568     2.18278073E8     4.7 m            1.0 s       25.3%    18.5 m      13.8 m 
INFO  20:53:25,742 ProgressMeter -      3:73438915     2.84814933E8     5.2 m            1.0 s       28.7%    18.0 m      12.8 m 
INFO  20:53:55,742 ProgressMeter -      3:97868971     3.96878641E8     5.7 m            0.0 s       33.8%    16.8 m      11.1 m 
INFO  20:54:25,744 ProgressMeter -     3:100963021     4.84233938E8     6.2 m            0.0 s       37.4%    16.5 m      10.3 m 
INFO  20:54:55,745 ProgressMeter -     3:108324220     6.12402933E8     6.7 m            0.0 s       41.9%    15.9 m       9.2 m 
INFO  20:55:25,746 ProgressMeter -     3:112545877     7.52294449E8     7.2 m            0.0 s       45.9%    15.6 m       8.5 m 
INFO  20:55:55,747 ProgressMeter -     3:113955527     8.72391929E8     7.7 m            0.0 s       49.6%    15.5 m       7.8 m 
INFO  20:56:25,748 ProgressMeter -     3:120123648     9.88274757E8     8.2 m            0.0 s       52.9%    15.4 m       7.3 m 
INFO  20:56:55,749 ProgressMeter -     3:121634411    1.108100828E9     8.7 m            0.0 s       56.4%    15.4 m       6.7 m 
INFO  20:57:25,750 ProgressMeter -     3:123166607    1.251465717E9     9.2 m            0.0 s       60.1%    15.2 m       6.1 m 
INFO  20:57:55,756 ProgressMeter -     3:125727523    1.447633365E9     9.7 m            0.0 s       64.4%    15.0 m       5.3 m 
INFO  20:58:25,757 ProgressMeter -     3:128612534    1.644188446E9    10.2 m            0.0 s       69.1%    14.7 m       4.5 m 
INFO  20:58:55,785 ProgressMeter -     3:130742979    1.884947235E9    10.7 m            0.0 s       74.1%    14.4 m       3.7 m 
INFO  20:59:25,786 ProgressMeter -     3:134089890    2.175428427E9    11.2 m            0.0 s       79.0%    14.1 m       3.0 m 
INFO  20:59:55,790 ProgressMeter -     3:139075858    2.472101693E9    11.7 m            0.0 s       84.0%    13.9 m       2.2 m 
INFO  21:00:25,791 ProgressMeter -     3:145912859    2.854307985E9    12.2 m            0.0 s       90.2%    13.5 m      79.0 s 
INFO  21:00:55,793 ProgressMeter -     3:155199405    3.301820257E9    12.7 m            0.0 s       97.7%    13.0 m      17.0 s 
INFO  21:01:01,035 VectorLoglessPairHMM - Time spent in setup for JNI call : 0.42788650300000003 
INFO  21:01:01,042 PairHMM - Total compute time in PairHMM computeLikelihoods() : 65.431750115 
INFO  21:01:01,043 HaplotypeCaller - Ran local assembly on 8495 active regions 
INFO  21:01:01,055 ProgressMeter -            done    3.453980995E9    12.8 m            0.0 s      100.0%    12.8 m       0.0 s 
INFO  21:01:01,056 ProgressMeter - Total runtime 765.52 secs, 12.76 min, 0.21 hours 
INFO  21:01:01,056 MicroScheduler - 419429 reads were filtered out during the traversal out of approximately 2451452 total reads (17.11%) 
INFO  21:01:01,057 MicroScheduler -   -> 0 reads (0.00% of total) failing BadCigarFilter 
INFO  21:01:01,057 MicroScheduler -   -> 389283 reads (15.88% of total) failing DuplicateReadFilter 
INFO  21:01:01,057 MicroScheduler -   -> 0 reads (0.00% of total) failing FailsVendorQualityCheckFilter 
INFO  21:01:01,060 MicroScheduler -   -> 29942 reads (1.22% of total) failing HCMappingQualityFilter 
INFO  21:01:01,062 MicroScheduler -   -> 0 reads (0.00% of total) failing MalformedReadFilter 
INFO  21:01:01,062 MicroScheduler -   -> 0 reads (0.00% of total) failing MappingQualityUnavailableFilter 
INFO  21:01:01,063 MicroScheduler -   -> 204 reads (0.01% of total) failing NotPrimaryAlignmentFilter 
INFO  21:01:01,063 MicroScheduler -   -> 0 reads (0.00% of total) failing UnmappedReadFilter 
