INFO  16:30:43,414 HelpFormatter - --------------------------------------------------------------------------------- 
INFO  16:30:43,416 HelpFormatter - The Genome Analysis Toolkit (GATK) v3.4-46-g8ea4dca, Compiled 2015/08/13 20:41:56 
INFO  16:30:43,417 HelpFormatter - Copyright (c) 2010 The Broad Institute 
INFO  16:30:43,417 HelpFormatter - For support and documentation go to http://www.broadinstitute.org/gatk 
INFO  16:30:43,420 HelpFormatter - Program Args: -T HaplotypeCaller -I /mnt/ssdbroad/output/Solexa-272221_gatk_best_practices_36t_30s_2016-02-11_11-59-19/Solexa-272221_final.bam -L /mnt/ssdbroad/Broad_Ref_Pipeline_approved_package/workflow_profiler/.queue/scatterGather/ExampleHaplotypeCaller-1-sg/temp_08_of_36/scatter.intervals -R /mnt/ssdbroad/Broad_Ref_Pipeline_approved_package/homosapiensrefgenome/Homo_sapiens_assembly19.fasta -variant_index_type LINEAR -variant_index_parameter 128000 -o /mnt/ssdbroad/Broad_Ref_Pipeline_approved_package/workflow_profiler/.queue/scatterGather/ExampleHaplotypeCaller-1-sg/temp_08_of_36/Solexa-272221_HaplotypeCaller.g.vcf -ERC GVCF 
INFO  16:30:43,433 HelpFormatter - Executing as beris@dna on Linux 2.6.32-573.el6.x86_64 amd64; OpenJDK 64-Bit Server VM 1.7.0_79-mockbuild_2015_07_24_09_26-b00. 
INFO  16:30:43,434 HelpFormatter - Date/Time: 2016/02/12 16:30:43 
INFO  16:30:43,437 HelpFormatter - --------------------------------------------------------------------------------- 
INFO  16:30:43,437 HelpFormatter - --------------------------------------------------------------------------------- 
WARN  16:30:43,489 GATKVCFUtils - Naming your output file using the .g.vcf extension will automatically set the appropriate values  for --variant_index_type and --variant_index_parameter 
INFO  16:30:43,573 GenomeAnalysisEngine - Strictness is SILENT 
INFO  16:30:43,699 GenomeAnalysisEngine - Downsampling Settings: Method: BY_SAMPLE, Target Coverage: 500 
INFO  16:30:43,709 SAMDataSource$SAMReaders - Initializing SAMRecords in serial 
INFO  16:30:43,759 SAMDataSource$SAMReaders - Done initializing BAM readers: total time 0.05 
INFO  16:30:43,766 HCMappingQualityFilter - Filtering out reads with MAPQ < 20 
INFO  16:30:43,776 IntervalUtils - Processing 86166015 bp from intervals 
INFO  16:30:43,887 GenomeAnalysisEngine - Preparing for traversal over 1 BAM files 
INFO  16:30:44,425 GenomeAnalysisEngine - Done preparing for traversal 
INFO  16:30:44,426 ProgressMeter - [INITIALIZATION COMPLETE; STARTING PROCESSING] 
INFO  16:30:44,426 ProgressMeter -                 |      processed |    time |         per 1M |           |   total | remaining 
INFO  16:30:44,433 ProgressMeter -        Location | active regions | elapsed | active regions | completed | runtime |   runtime 
INFO  16:30:44,438 HaplotypeCaller - Standard Emitting and Calling confidence set to 0.0 for reference-model confidence output 
INFO  16:30:44,438 HaplotypeCaller - All sites annotated with PLs forced to true for reference-model confidence output 
INFO  16:30:44,661 HaplotypeCaller - Using global mismapping rate of 45 => -4.5 in log10 likelihood units 
Using AVX accelerated implementation of PairHMM
INFO  16:30:48,945 VectorLoglessPairHMM - libVectorLoglessPairHMM unpacked successfully from GATK jar file 
INFO  16:30:48,946 VectorLoglessPairHMM - Using vectorized implementation of PairHMM 
WARN  16:30:49,180 HaplotypeScore - Annotation will not be calculated, must be called from UnifiedGenotyper 
WARN  16:30:49,183 InbreedingCoeff - Annotation will not be calculated, must provide a valid PED file (-ped) from the command line. 
INFO  16:31:14,553 ProgressMeter -     3:110767767              0.0    30.0 s           49.8 w        0.1%    12.9 h      12.9 h 
INFO  16:32:14,555 ProgressMeter -     3:111346169              0.0    90.0 s          149.0 w        0.7%     3.4 h       3.4 h 
INFO  16:32:54,556 ProgressMeter -     3:111724764              0.0     2.2 m          215.2 w        1.2%     3.1 h       3.0 h 
INFO  16:33:24,563 ProgressMeter -     3:111958798              0.0     2.7 m          264.8 w        1.4%     3.1 h       3.0 h 
INFO  16:33:54,563 ProgressMeter -     3:112179068              0.0     3.2 m          314.4 w        1.7%     3.1 h       3.0 h 
INFO  16:34:24,564 ProgressMeter -     3:112510372              0.0     3.7 m          364.0 w        2.1%     2.9 h       2.9 h 
INFO  16:34:54,565 ProgressMeter -     3:112789585              0.0     4.2 m          413.6 w        2.4%     2.9 h       2.8 h 
INFO  16:35:34,566 ProgressMeter -     3:113223769              0.0     4.8 m          479.7 w        2.9%     2.8 h       2.7 h 
INFO  16:36:04,566 ProgressMeter -     3:113609282              0.0     5.3 m          529.3 w        3.4%     2.6 h       2.6 h 
INFO  16:36:34,567 ProgressMeter -     3:113989342              0.0     5.8 m          578.9 w        3.8%     2.6 h       2.5 h 
INFO  16:37:14,568 ProgressMeter -     3:114494746              0.0     6.5 m          645.1 w        4.4%     2.5 h       2.4 h 
INFO  16:37:54,568 ProgressMeter -     3:115041984              0.0     7.2 m          711.2 w        5.0%     2.4 h       2.3 h 
INFO  16:38:24,569 ProgressMeter -     3:115407517              0.0     7.7 m          760.8 w        5.4%     2.3 h       2.2 h 
INFO  16:38:54,574 ProgressMeter -     3:115758852              0.0     8.2 m          810.4 w        5.9%     2.3 h       2.2 h 
INFO  16:39:34,575 ProgressMeter -     3:116188842              0.0     8.8 m          876.6 w        6.4%     2.3 h       2.2 h 
INFO  16:40:14,575 ProgressMeter -     3:116513467              0.0     9.5 m          942.7 w        6.7%     2.4 h       2.2 h 
INFO  16:40:44,576 ProgressMeter -     3:116758881              0.0    10.0 m          992.3 w        7.0%     2.4 h       2.2 h 
INFO  16:41:14,577 ProgressMeter -     3:116962106              0.0    10.5 m         1041.9 w        7.3%     2.4 h       2.2 h 
INFO  16:41:54,577 ProgressMeter -     3:117377495              0.0    11.2 m         1108.1 w        7.7%     2.4 h       2.2 h 
INFO  16:42:24,578 ProgressMeter -     3:117664240              0.0    11.7 m         1157.7 w        8.1%     2.4 h       2.2 h 
INFO  16:42:54,579 ProgressMeter -     3:118007744              0.0    12.2 m         1207.3 w        8.5%     2.4 h       2.2 h 
INFO  16:43:24,580 ProgressMeter -     3:118305525              0.0    12.7 m         1256.9 w        8.8%     2.4 h       2.2 h 
INFO  16:44:04,580 ProgressMeter -     3:118758233              0.0    13.3 m         1323.0 w        9.3%     2.4 h       2.2 h 
INFO  16:44:34,581 ProgressMeter -     3:119095200              0.0    13.8 m         1372.6 w        9.7%     2.4 h       2.1 h 
INFO  16:45:04,582 ProgressMeter -     3:119434890              0.0    14.3 m         1422.2 w       10.1%     2.4 h       2.1 h 
INFO  16:45:44,582 ProgressMeter -     3:119953063              0.0    15.0 m         1488.4 w       10.7%     2.3 h       2.1 h 
INFO  16:46:14,583 ProgressMeter -     3:120279633              0.0    15.5 m         1538.0 w       11.1%     2.3 h       2.1 h 
INFO  16:46:44,584 ProgressMeter -     3:120638180              0.0    16.0 m         1587.6 w       11.5%     2.3 h       2.0 h 
INFO  16:47:24,585 ProgressMeter -     3:121158014              0.0    16.7 m         1653.7 w       12.1%     2.3 h       2.0 h 
INFO  16:47:54,585 ProgressMeter -     3:121478630              0.0    17.2 m         1703.3 w       12.5%     2.3 h       2.0 h 
INFO  16:48:24,586 ProgressMeter -     3:121722834              0.0    17.7 m         1752.9 w       12.8%     2.3 h       2.0 h 
INFO  16:48:54,587 ProgressMeter -     3:121997179              0.0    18.2 m         1802.5 w       13.1%     2.3 h       2.0 h 
INFO  16:49:24,588 ProgressMeter -     3:122310691              0.0    18.7 m         1852.1 w       13.5%     2.3 h     120.0 m 
INFO  16:50:04,591 ProgressMeter -     3:122839362              0.0    19.3 m         1918.3 w       14.1%     2.3 h     118.0 m 
WARN  16:50:22,737 ExactAFCalculator - this tool is currently set to genotype at most 6 alternate alleles in a given context, but the context at 3:123064616 has 10 alternate alleles so only the top alleles will be used; see the --max_alternate_alleles argument 
INFO  16:50:44,592 ProgressMeter -     3:123346302              0.0    20.0 m         1984.4 w       14.7%     2.3 h     116.4 m 
INFO  16:51:24,593 ProgressMeter -     3:123917502              0.0    20.7 m         2050.5 w       15.3%     2.2 h     114.2 m 
INFO  16:51:54,594 ProgressMeter -     3:124285707              0.0    21.2 m         2100.1 w       15.8%     2.2 h     113.2 m 
INFO  16:52:24,595 ProgressMeter -     3:124552627              0.0    21.7 m         2149.8 w       16.1%     2.2 h     113.2 m 
INFO  16:53:04,596 ProgressMeter -     3:124963443              0.0    22.3 m         2215.9 w       16.5%     2.3 h     112.7 m 
INFO  16:53:34,597 ProgressMeter -     3:125279133              0.0    22.8 m         2265.5 w       16.9%     2.3 h     112.2 m 
INFO  16:54:14,597 ProgressMeter -     3:125485935              0.0    23.5 m         2331.6 w       17.1%     2.3 h     113.6 m 
INFO  16:54:44,598 ProgressMeter -     3:125645988              0.0    24.0 m         2381.2 w       17.3%     2.3 h     114.5 m 
INFO  16:55:14,599 ProgressMeter -     3:125948465              0.0    24.5 m         2430.8 w       17.7%     2.3 h     114.1 m 
INFO  16:55:44,607 ProgressMeter -     3:126196367              0.0    25.0 m         2480.5 w       18.0%     2.3 h     114.1 m 
INFO  16:56:24,608 ProgressMeter -     3:126721856              0.0    25.7 m         2546.6 w       18.6%     2.3 h     112.5 m 
INFO  16:56:54,608 ProgressMeter -     3:127064537              0.0    26.2 m         2596.2 w       19.0%     2.3 h     111.7 m 
INFO  16:57:24,609 ProgressMeter -     3:127311949              0.0    26.7 m         2645.8 w       19.3%     2.3 h     111.8 m 
INFO  16:57:54,610 ProgressMeter -     3:127748279              0.0    27.2 m         2695.4 w       19.8%     2.3 h     110.2 m 
INFO  16:58:34,611 ProgressMeter -     3:128264905              0.0    27.8 m         2761.5 w       20.4%     2.3 h     108.8 m 
INFO  16:59:14,611 ProgressMeter -     3:128796388              0.0    28.5 m         2827.7 w       21.0%     2.3 h     107.3 m 
INFO  16:59:44,612 ProgressMeter -     3:129160392              0.0    29.0 m         2877.3 w       21.4%     2.3 h     106.4 m 
INFO  17:00:14,615 ProgressMeter -     3:129513499              0.0    29.5 m         2926.9 w       21.8%     2.3 h     105.7 m 
INFO  17:00:44,626 ProgressMeter -     3:129755035              0.0    30.0 m         2976.5 w       22.1%     2.3 h     105.7 m 
INFO  17:01:14,627 ProgressMeter -     3:129825544              0.0    30.5 m         3026.1 w       22.2%     2.3 h     107.0 m 
INFO  17:01:54,628 ProgressMeter -     3:130139155              0.0    31.2 m         3092.3 w       22.5%     2.3 h     107.1 m 
INFO  17:02:24,628 ProgressMeter -     3:130527934              0.0    31.7 m         3141.9 w       23.0%     2.3 h     106.0 m 
INFO  17:02:54,629 ProgressMeter -     3:130853844              0.0    32.2 m         3191.5 w       23.4%     2.3 h     105.4 m 
INFO  17:03:34,630 ProgressMeter -     3:131360185              0.0    32.8 m         3257.6 w       24.0%     2.3 h     104.2 m 
INFO  17:04:14,630 ProgressMeter -     3:131722779              0.0    33.5 m         3323.8 w       24.4%     2.3 h     103.9 m 
INFO  17:04:44,631 ProgressMeter -     3:132017940              0.0    34.0 m         3373.4 w       24.7%     2.3 h     103.5 m 
INFO  17:05:14,632 ProgressMeter -     3:132384003              0.0    34.5 m         3423.0 w       25.2%     2.3 h     102.7 m 
WARN  17:05:31,593 ExactAFCalculator - this tool is currently set to genotype at most 6 alternate alleles in a given context, but the context at 3:132593524 has 10 alternate alleles so only the top alleles will be used; see the --max_alternate_alleles argument 
INFO  17:05:44,641 ProgressMeter -     3:132694125              0.0    35.0 m         3472.6 w       25.5%     2.3 h     102.2 m 
INFO  17:06:14,643 ProgressMeter -     3:132981997              0.0    35.5 m         3522.2 w       25.8%     2.3 h     101.9 m 
INFO  17:06:54,644 ProgressMeter -     3:133347397              0.0    36.2 m         3588.3 w       26.3%     2.3 h     101.5 m 
INFO  17:07:24,645 ProgressMeter -     3:133651824              0.0    36.7 m         3637.9 w       26.6%     2.3 h     101.1 m 
INFO  17:07:54,645 ProgressMeter -     3:133997590              0.0    37.2 m         3687.5 w       27.0%     2.3 h     100.4 m 
INFO  17:08:24,646 ProgressMeter -     3:134293256              0.0    37.7 m         3737.1 w       27.4%     2.3 h     100.0 m 
INFO  17:09:05,340 ProgressMeter -     3:134662614              0.0    38.3 m         3804.4 w       27.8%     2.3 h      99.6 m 
INFO  17:09:35,341 ProgressMeter -     3:135019225              0.0    38.8 m         3854.0 w       28.2%     2.3 h      98.8 m 
INFO  17:10:05,342 ProgressMeter -     3:135372652              0.0    39.3 m         3903.6 w       28.6%     2.3 h      98.1 m 
INFO  17:10:45,343 ProgressMeter -     3:135888218              0.0    40.0 m         3969.8 w       29.2%     2.3 h      96.9 m 
INFO  17:11:15,343 ProgressMeter -     3:136307586              0.0    40.5 m         4019.4 w       29.7%     2.3 h      95.8 m 
INFO  17:11:45,344 ProgressMeter -     3:136745149              0.0    41.0 m         4069.0 w       30.2%     2.3 h      94.7 m 
INFO  17:12:15,345 ProgressMeter -     3:137090332              0.0    41.5 m         4118.6 w       30.6%     2.3 h      94.1 m 
INFO  17:12:55,346 ProgressMeter -     3:137440714              0.0    42.2 m         4184.7 w       31.0%     2.3 h      93.8 m 
INFO  17:13:25,346 ProgressMeter -     3:137766773              0.0    42.7 m         4234.3 w       31.4%     2.3 h      93.2 m 
INFO  17:13:55,347 ProgressMeter -     3:138123529              0.0    43.2 m         4283.9 w       31.8%     2.3 h      92.5 m 
INFO  17:14:35,348 ProgressMeter -     3:138656240              0.0    43.8 m         4350.1 w       32.4%     2.3 h      91.3 m 
INFO  17:15:15,351 ProgressMeter -     3:139144212              0.0    44.5 m         4416.2 w       33.0%     2.2 h      90.4 m 
INFO  17:15:45,352 ProgressMeter -     3:139481044              0.0    45.0 m         4465.8 w       33.4%     2.2 h      89.8 m 
INFO  17:16:15,353 ProgressMeter -     3:139805717              0.0    45.5 m         4515.4 w       33.8%     2.2 h      89.3 m 
INFO  17:16:55,354 ProgressMeter -     3:140192450              0.0    46.2 m         4581.6 w       34.2%     2.2 h      88.8 m 
INFO  17:17:25,354 ProgressMeter -     3:140506990              0.0    46.7 m         4631.2 w       34.6%     2.2 h      88.3 m 
INFO  17:17:55,355 ProgressMeter -     3:140879413              0.0    47.2 m         4680.8 w       35.0%     2.2 h      87.6 m 
INFO  17:18:35,356 ProgressMeter -     3:141336920              0.0    47.8 m         4746.9 w       35.5%     2.2 h      86.8 m 
INFO  17:19:05,356 ProgressMeter -     3:141654900              0.0    48.3 m         4796.5 w       35.9%     2.2 h      86.3 m 
INFO  17:19:35,357 ProgressMeter -     3:142021729              0.0    48.8 m         4846.1 w       36.3%     2.2 h      85.6 m 
INFO  17:20:05,358 ProgressMeter -     3:142447533              0.0    49.3 m         4895.7 w       36.8%     2.2 h      84.6 m 
INFO  17:20:45,359 ProgressMeter -     3:142847163              0.0    50.0 m         4961.9 w       37.3%     2.2 h      84.1 m 
INFO  17:21:15,359 ProgressMeter -     3:143165209              0.0    50.5 m         5011.5 w       37.7%     2.2 h      83.6 m 
INFO  17:21:45,360 ProgressMeter -     3:143494681              0.0    51.0 m         5061.1 w       38.0%     2.2 h      83.0 m 
INFO  17:22:25,361 ProgressMeter -     3:144041433              0.0    51.7 m         5127.2 w       38.7%     2.2 h      81.9 m 
INFO  17:23:05,362 ProgressMeter -     3:144475468              0.0    52.3 m         5193.3 w       39.2%     2.2 h      81.2 m 
INFO  17:23:45,362 ProgressMeter -     3:144924235              0.0    53.0 m         5259.5 w       39.7%     2.2 h      80.5 m 
INFO  17:24:15,363 ProgressMeter -     3:145171248              0.0    53.5 m         5309.1 w       40.0%     2.2 h      80.3 m 
INFO  17:24:45,364 ProgressMeter -     3:145411949              0.0    54.0 m         5358.7 w       40.3%     2.2 h      80.1 m 
INFO  17:25:25,365 ProgressMeter -     3:145777837              0.0    54.7 m         5424.8 w       40.7%     2.2 h      79.7 m 
INFO  17:25:55,365 ProgressMeter -     3:146015451              0.0    55.2 m         5474.4 w       41.0%     2.2 h      79.5 m 
INFO  17:26:25,366 ProgressMeter -     3:146329102              0.0    55.7 m         5524.0 w       41.3%     2.2 h      79.0 m 
INFO  17:26:55,367 ProgressMeter -     3:146653726              0.0    56.2 m         5573.6 w       41.7%     2.2 h      78.5 m 
INFO  17:27:25,400 ProgressMeter -     3:147003176              0.0    56.7 m         5623.3 w       42.1%     2.2 h      77.9 m 
INFO  17:27:55,401 ProgressMeter -     3:147383024              0.0    57.2 m         5672.9 w       42.6%     2.2 h      77.2 m 
INFO  17:28:25,402 ProgressMeter -     3:147751326              0.0    57.7 m         5722.5 w       43.0%     2.2 h      76.5 m 
INFO  17:29:05,402 ProgressMeter -     3:148199127              0.0    58.3 m         5788.7 w       43.5%     2.2 h      75.7 m 
INFO  17:29:35,403 ProgressMeter -     3:148524709              0.0    58.8 m         5838.3 w       43.9%     2.2 h      75.2 m 
INFO  17:30:05,404 ProgressMeter -     3:148840420              0.0    59.3 m         5887.9 w       44.2%     2.2 h      74.8 m 
INFO  17:30:45,405 ProgressMeter -     3:149246660              0.0    60.0 m         5954.0 w       44.7%     2.2 h      74.2 m 
INFO  17:31:15,405 ProgressMeter -     3:149610512              0.0    60.5 m         6003.6 w       45.1%     2.2 h      73.5 m 
INFO  17:31:45,406 ProgressMeter -     3:149944825              0.0    61.0 m         6053.2 w       45.5%     2.2 h      73.0 m 
INFO  17:32:15,407 ProgressMeter -     3:150268286              0.0    61.5 m         6102.8 w       45.9%     2.2 h      72.5 m 
INFO  17:32:45,408 ProgressMeter -     3:150635706              0.0    62.0 m         6152.4 w       46.3%     2.2 h      71.8 m 
INFO  17:33:15,409 ProgressMeter -     3:150965751              0.0    62.5 m         6202.0 w       46.7%     2.2 h      71.3 m 
INFO  17:33:55,409 ProgressMeter -     3:151314812              0.0    63.2 m         6268.2 w       47.1%     2.2 h      70.9 m 
INFO  17:34:25,410 ProgressMeter -     3:151611260              0.0    63.7 m         6317.8 w       47.5%     2.2 h      70.5 m 
INFO  17:34:55,411 ProgressMeter -     3:151943640              0.0    64.2 m         6367.4 w       47.9%     2.2 h      69.9 m 
INFO  17:35:25,469 ProgressMeter -     3:152251154              0.0    64.7 m         6417.1 w       48.2%     2.2 h      69.5 m 
INFO  17:35:55,473 ProgressMeter -     3:152591053              0.0    65.2 m         6466.7 w       48.6%     2.2 h      68.9 m 
INFO  17:36:35,474 ProgressMeter -     3:153027078              0.0    65.9 m         6532.8 w       49.1%     2.2 h      68.2 m 
INFO  17:37:05,475 ProgressMeter -     3:153313197              0.0    66.4 m         6582.4 w       49.4%     2.2 h      67.9 m 
INFO  17:37:35,475 ProgressMeter -     3:153647230              0.0    66.9 m         6632.0 w       49.8%     2.2 h      67.3 m 
INFO  17:38:05,476 ProgressMeter -     3:153827947              0.0    67.4 m         6681.6 w       50.0%     2.2 h      67.2 m 
INFO  17:38:35,477 ProgressMeter -     3:154113167              0.0    67.9 m         6731.2 w       50.4%     2.2 h      66.9 m 
INFO  17:39:15,478 ProgressMeter -     3:154712483              0.0    68.5 m         6797.4 w       51.1%     2.2 h      65.7 m 
INFO  17:39:55,478 ProgressMeter -     3:155208643              0.0    69.2 m         6863.5 w       51.6%     2.2 h      64.8 m 
INFO  17:40:25,479 ProgressMeter -     3:155499348              0.0    69.7 m         6913.1 w       52.0%     2.2 h      64.4 m 
INFO  17:40:55,480 ProgressMeter -     3:155872889              0.0    70.2 m         6962.7 w       52.4%     2.2 h      63.7 m 
INFO  17:41:35,481 ProgressMeter -     3:156355303              0.0    70.9 m         7028.9 w       53.0%     2.2 h      62.9 m 
INFO  17:42:05,481 ProgressMeter -     3:156646857              0.0    71.4 m         7078.5 w       53.3%     2.2 h      62.5 m 
INFO  17:42:35,482 ProgressMeter -     3:157018367              0.0    71.9 m         7128.1 w       53.7%     2.2 h      61.8 m 
INFO  17:43:05,483 ProgressMeter -     3:157353448              0.0    72.4 m         7177.7 w       54.1%     2.2 h      61.3 m 
INFO  17:43:45,483 ProgressMeter -     3:157800202              0.0    73.0 m         7243.8 w       54.6%     2.2 h      60.6 m 
INFO  17:44:15,484 ProgressMeter -     3:158059143              0.0    73.5 m         7293.4 w       54.9%     2.2 h      60.3 m 
INFO  17:44:45,485 ProgressMeter -     3:158360418              0.0    74.0 m         7343.0 w       55.3%     2.2 h      59.8 m 
INFO  17:45:25,486 ProgressMeter -     3:158823799              0.0    74.7 m         7409.2 w       55.8%     2.2 h      59.1 m 
INFO  17:46:05,486 ProgressMeter -     3:159299092              0.0    75.4 m         7475.3 w       56.4%     2.2 h      58.3 m 
INFO  17:46:35,487 ProgressMeter -     3:159706207              0.0    75.9 m         7524.9 w       56.9%     2.2 h      57.5 m 
INFO  17:47:05,488 ProgressMeter -     3:160077342              0.0    76.4 m         7574.5 w       57.3%     2.2 h      56.9 m 
INFO  17:47:35,489 ProgressMeter -     3:160399375              0.0    76.9 m         7624.1 w       57.7%     2.2 h      56.4 m 
INFO  17:48:05,490 ProgressMeter -     3:160780876              0.0    77.4 m         7673.7 w       58.1%     2.2 h      55.8 m 
INFO  17:48:45,491 ProgressMeter -     3:161224060              0.0    78.0 m         7739.9 w       58.6%     2.2 h      55.1 m 
INFO  17:49:15,491 ProgressMeter -     3:161523496              0.0    78.5 m         7789.5 w       59.0%     2.2 h      54.6 m 
INFO  17:49:45,492 ProgressMeter -     3:161814074              0.0    79.0 m         7839.1 w       59.3%     2.2 h      54.2 m 
INFO  17:50:15,494 ProgressMeter -     3:162086729              0.0    79.5 m         7888.7 w       59.6%     2.2 h      53.8 m 
INFO  17:50:45,495 ProgressMeter -     3:162416864              0.0    80.0 m         7938.3 w       60.0%     2.2 h      53.3 m 
INFO  17:51:25,495 ProgressMeter -     3:163063911              0.0    80.7 m         8004.4 w       60.8%     2.2 h      52.1 m 
INFO  17:51:55,496 ProgressMeter -     3:163378667              0.0    81.2 m         8054.0 w       61.1%     2.2 h      51.6 m 
INFO  17:52:25,497 ProgressMeter -     3:163689870              0.0    81.7 m         8103.6 w       61.5%     2.2 h      51.2 m 
INFO  17:52:55,498 ProgressMeter -     3:163950203              0.0    82.2 m         8153.2 w       61.8%     2.2 h      50.8 m 
INFO  17:53:35,499 ProgressMeter -     3:164482889              0.0    82.9 m         8219.4 w       62.4%     2.2 h      49.9 m 
INFO  17:54:05,500 ProgressMeter -     3:164869745              0.0    83.4 m         8269.0 w       62.9%     2.2 h      49.3 m 
INFO  17:54:35,500 ProgressMeter -     3:165221814              0.0    83.9 m         8318.6 w       63.3%     2.2 h      48.7 m 
INFO  17:55:06,552 ProgressMeter -     3:165551155              0.0    84.4 m         8369.9 w       63.6%     2.2 h      48.2 m 
INFO  17:55:36,553 ProgressMeter -     3:165854960              0.0    84.9 m         8419.5 w       64.0%     2.2 h      47.7 m 
INFO  17:56:06,554 ProgressMeter -     3:166142325              0.0    85.4 m         8469.1 w       64.3%     2.2 h      47.3 m 
INFO  17:56:36,554 ProgressMeter -     3:166532650              0.0    85.9 m         8518.7 w       64.8%     2.2 h      46.7 m 
INFO  17:57:06,555 ProgressMeter -     3:166875139              0.0    86.4 m         8568.3 w       65.2%     2.2 h      46.1 m 
INFO  17:57:36,556 ProgressMeter -     3:167221446              0.0    86.9 m         8617.9 w       65.6%     2.2 h      45.6 m 
INFO  17:58:06,557 ProgressMeter -     3:167639447              0.0    87.4 m         8667.5 w       66.1%     2.2 h      44.9 m 
INFO  17:58:36,558 ProgressMeter -     3:168019716              0.0    87.9 m         8717.1 w       66.5%     2.2 h      44.2 m 
INFO  17:59:16,559 ProgressMeter -     3:168519056              0.0    88.5 m         8783.3 w       67.1%     2.2 h      43.4 m 
INFO  17:59:56,559 ProgressMeter -     3:168948626              0.0    89.2 m         8849.4 w       67.6%     2.2 h      42.8 m 
INFO  18:00:26,560 ProgressMeter -     3:169302503              0.0    89.7 m         8899.0 w       68.0%     2.2 h      42.2 m 
INFO  18:00:56,561 ProgressMeter -     3:169688432              0.0    90.2 m         8948.6 w       68.4%     2.2 h      41.6 m 
INFO  18:01:36,562 ProgressMeter -     3:170103955              0.0    90.9 m         9014.8 w       68.9%     2.2 h      41.0 m 
INFO  18:02:06,562 ProgressMeter -     3:170503597              0.0    91.4 m         9064.4 w       69.4%     2.2 h      40.3 m 
INFO  18:02:36,563 ProgressMeter -     3:170872043              0.0    91.9 m         9114.0 w       69.8%     2.2 h      39.7 m 
INFO  18:03:06,564 ProgressMeter -     3:171159316              0.0    92.4 m         9163.6 w       70.2%     2.2 h      39.3 m 
INFO  18:03:36,565 ProgressMeter -     3:171506699              0.0    92.9 m         9213.2 w       70.6%     2.2 h      38.8 m 
INFO  18:04:16,566 ProgressMeter -     3:171922565              0.0    93.5 m         9279.3 w       71.0%     2.2 h      38.1 m 
INFO  18:04:56,567 ProgressMeter -     3:172320506              0.0    94.2 m         9345.5 w       71.5%     2.2 h      37.5 m 
INFO  18:05:26,567 ProgressMeter -     3:172665567              0.0    94.7 m         9395.1 w       71.9%     2.2 h      37.0 m 
INFO  18:05:56,568 ProgressMeter -     3:173046405              0.0    95.2 m         9444.7 w       72.3%     2.2 h      36.4 m 
INFO  18:06:26,569 ProgressMeter -     3:173391920              0.0    95.7 m         9494.3 w       72.7%     2.2 h      35.9 m 
INFO  18:06:56,571 ProgressMeter -     3:173726206              0.0    96.2 m         9543.9 w       73.1%     2.2 h      35.3 m 
INFO  18:07:26,572 ProgressMeter -     3:174104195              0.0    96.7 m         9593.5 w       73.6%     2.2 h      34.7 m 
INFO  18:07:56,573 ProgressMeter -     3:174473328              0.0    97.2 m         9643.1 w       74.0%     2.2 h      34.2 m 
INFO  18:08:26,574 ProgressMeter -     3:174799846              0.0    97.7 m         9692.7 w       74.4%     2.2 h      33.7 m 
INFO  18:09:06,575 ProgressMeter -     3:175191381              0.0    98.4 m         9758.8 w       74.8%     2.2 h      33.1 m 
INFO  18:09:36,580 ProgressMeter -     3:175533075              0.0    98.9 m         9808.5 w       75.2%     2.2 h      32.6 m 
INFO  18:10:06,581 ProgressMeter -     3:175934875              0.0    99.4 m         9858.1 w       75.7%     2.2 h      31.9 m 
INFO  18:10:36,586 ProgressMeter -     3:176207383              0.0    99.9 m         9907.7 w       76.0%     2.2 h      31.5 m 
INFO  18:11:06,586 ProgressMeter -     3:176516334              0.0   100.4 m         9957.3 w       76.4%     2.2 h      31.1 m 
INFO  18:11:36,587 ProgressMeter -     3:176773543              0.0   100.9 m        10006.9 w       76.7%     2.2 h      30.7 m 
INFO  18:12:06,588 ProgressMeter -     3:177148122              0.0   101.4 m        10056.5 w       77.1%     2.2 h      30.1 m 
INFO  18:12:46,589 ProgressMeter -     3:177538923              0.0   102.0 m        10122.6 w       77.6%     2.2 h      29.5 m 
INFO  18:13:16,589 ProgressMeter -     3:177941461              0.0   102.5 m        10172.2 w       78.0%     2.2 h      28.9 m 
INFO  18:13:46,592 ProgressMeter -     3:178320779              0.0   103.0 m        10221.8 w       78.5%     2.2 h      28.3 m 
INFO  18:14:26,593 ProgressMeter -     3:178786288              0.0   103.7 m        10288.0 w       79.0%     2.2 h      27.6 m 
INFO  18:15:06,606 ProgressMeter -     3:179243171              0.0   104.4 m        10354.1 w       79.5%     2.2 h      26.9 m 
INFO  18:15:46,607 ProgressMeter -     3:179678802              0.0   105.0 m        10420.3 w       80.0%     2.2 h      26.2 m 
INFO  18:16:16,607 ProgressMeter -     3:180062802              0.0   105.5 m        10469.9 w       80.5%     2.2 h      25.6 m 
INFO  18:16:46,608 ProgressMeter -     3:180466615              0.0   106.0 m        10519.5 w       81.0%     2.2 h      24.9 m 
INFO  18:17:16,616 ProgressMeter -     3:180807708              0.0   106.5 m        10569.1 w       81.3%     2.2 h      24.4 m 
INFO  18:17:46,617 ProgressMeter -     3:181214088              0.0   107.0 m        10618.7 w       81.8%     2.2 h      23.8 m 
INFO  18:18:26,618 ProgressMeter -     3:181739304              0.0   107.7 m        10684.8 w       82.4%     2.2 h      23.0 m 
INFO  18:19:06,619 ProgressMeter -     3:182278610              0.0   108.4 m        10751.0 w       83.1%     2.2 h      22.1 m 
INFO  18:19:36,620 ProgressMeter -     3:182496764              0.0   108.9 m        10800.6 w       83.3%     2.2 h      21.8 m 
INFO  18:20:06,620 ProgressMeter -     3:182844193              0.0   109.4 m        10850.2 w       83.7%     2.2 h      21.3 m 
INFO  18:20:36,621 ProgressMeter -     3:183203964              0.0   109.9 m        10899.8 w       84.1%     2.2 h      20.7 m 
INFO  18:21:06,622 ProgressMeter -     3:183582361              0.0   110.4 m        10949.4 w       84.6%     2.2 h      20.1 m 
INFO  18:21:36,623 ProgressMeter -     3:183909185              0.0   110.9 m        10999.0 w       84.9%     2.2 h      19.6 m 
INFO  18:22:16,624 ProgressMeter -     3:184363022              0.0   111.5 m        11065.1 w       85.5%     2.2 h      19.0 m 
INFO  18:22:47,398 ProgressMeter -     3:184716621              0.0   112.0 m        11116.0 w       85.9%     2.2 h      18.4 m 
INFO  18:23:27,399 ProgressMeter -     3:185151992              0.0   112.7 m        11182.2 w       86.4%     2.2 h      17.8 m 
INFO  18:24:07,400 ProgressMeter -     3:185531933              0.0   113.4 m        11248.3 w       86.8%     2.2 h      17.2 m 
INFO  18:24:37,401 ProgressMeter -     3:185876833              0.0   113.9 m        11297.9 w       87.2%     2.2 h      16.7 m 
INFO  18:25:07,401 ProgressMeter -     3:186222968              0.0   114.4 m        11347.5 w       87.6%     2.2 h      16.1 m 
INFO  18:25:37,402 ProgressMeter -     3:186533323              0.0   114.9 m        11397.1 w       88.0%     2.2 h      15.7 m 
INFO  18:26:07,403 ProgressMeter -     3:186870142              0.0   115.4 m        11446.7 w       88.4%     2.2 h      15.2 m 
INFO  18:26:37,404 ProgressMeter -     3:187182152              0.0   115.9 m        11496.3 w       88.7%     2.2 h      14.7 m 
INFO  18:27:07,405 ProgressMeter -     3:187562536              0.0   116.4 m        11545.9 w       89.2%     2.2 h      14.1 m 
INFO  18:27:37,406 ProgressMeter -     3:187900435              0.0   116.9 m        11595.5 w       89.6%     2.2 h      13.6 m 
INFO  18:28:07,407 ProgressMeter -     3:188249361              0.0   117.4 m        11645.1 w       90.0%     2.2 h      13.1 m 
INFO  18:28:37,408 ProgressMeter -     3:188572600              0.0   117.9 m        11694.7 w       90.4%     2.2 h      12.6 m 
INFO  18:29:07,409 ProgressMeter -     3:188923087              0.0   118.4 m        11744.4 w       90.8%     2.2 h      12.0 m 
INFO  18:29:37,410 ProgressMeter -     3:189229062              0.0   118.9 m        11794.0 w       91.1%     2.2 h      11.6 m 
INFO  18:30:07,411 ProgressMeter -     3:189522621              0.0   119.4 m        11843.6 w       91.5%     2.2 h      11.1 m 
INFO  18:30:47,412 ProgressMeter -     3:189872638              0.0     2.0 h        11909.7 w       91.9%     2.2 h      10.6 m 
INFO  18:31:17,413 ProgressMeter -     3:190193248              0.0     2.0 h        11959.3 w       92.2%     2.2 h      10.1 m 
INFO  18:31:47,414 ProgressMeter -     3:190585862              0.0     2.0 h        12008.9 w       92.7%     2.2 h       9.5 m 
INFO  18:32:17,415 ProgressMeter -     3:190959335              0.0     2.0 h        12058.5 w       93.1%     2.2 h       9.0 m 
INFO  18:32:57,416 ProgressMeter -     3:191343860              0.0     2.0 h        12124.7 w       93.6%     2.2 h       8.4 m 
INFO  18:33:27,417 ProgressMeter -     3:191707057              0.0     2.0 h        12174.3 w       94.0%     2.2 h       7.8 m 
INFO  18:33:57,418 ProgressMeter -     3:191973183              0.0     2.1 h        12223.9 w       94.3%     2.2 h       7.4 m 
INFO  18:34:27,419 ProgressMeter -     3:192318399              0.0     2.1 h        12273.5 w       94.7%     2.2 h       6.9 m 
INFO  18:34:57,458 ProgressMeter -     3:192505777              0.0     2.1 h        12323.1 w       94.9%     2.2 h       6.6 m 
INFO  18:35:27,461 ProgressMeter -     3:192707420              0.0     2.1 h        12372.7 w       95.2%     2.2 h       6.3 m 
INFO  18:35:57,462 ProgressMeter -     3:193041222              0.0     2.1 h        12422.3 w       95.5%     2.2 h       5.8 m 
INFO  18:36:27,463 ProgressMeter -     3:193418301              0.0     2.1 h        12472.0 w       96.0%     2.2 h       5.3 m 
INFO  18:36:57,464 ProgressMeter -     3:193758960              0.0     2.1 h        12521.6 w       96.4%     2.2 h       4.7 m 
INFO  18:37:37,465 ProgressMeter -     3:194204506              0.0     2.1 h        12587.7 w       96.9%     2.2 h       4.1 m 
INFO  18:38:07,466 ProgressMeter -     3:194492835              0.0     2.1 h        12637.3 w       97.2%     2.2 h       3.6 m 
INFO  18:38:37,467 ProgressMeter -     3:194761025              0.0     2.1 h        12686.9 w       97.5%     2.2 h       3.2 m 
INFO  18:39:07,468 ProgressMeter -     3:195095785              0.0     2.1 h        12736.5 w       97.9%     2.2 h       2.7 m 
INFO  18:39:37,470 ProgressMeter -     3:195262751              0.0     2.1 h        12786.1 w       98.1%     2.2 h       2.5 m 
INFO  18:40:07,471 ProgressMeter -     3:195384593              0.0     2.2 h        12835.7 w       98.3%     2.2 h       2.3 m 
INFO  18:40:37,472 ProgressMeter -     3:195422717              0.0     2.2 h        12885.3 w       98.3%     2.2 h       2.2 m 
INFO  18:41:07,473 ProgressMeter -     3:195491129              0.0     2.2 h        12934.9 w       98.4%     2.2 h       2.1 m 
INFO  18:41:37,475 ProgressMeter -     3:195706795              0.0     2.2 h        12984.5 w       98.6%     2.2 h     108.0 s 
INFO  18:42:17,476 ProgressMeter -     3:196007055              0.0     2.2 h        13050.7 w       99.0%     2.2 h      80.0 s 
INFO  18:42:47,477 ProgressMeter -     3:196323076              0.0     2.2 h        13100.3 w       99.4%     2.2 h      51.0 s 
INFO  18:43:17,478 ProgressMeter -     3:196612298              0.0     2.2 h        13149.9 w       99.7%     2.2 h      24.0 s 
INFO  18:43:47,483 ProgressMeter -     3:196793251              0.0     2.2 h        13199.5 w       99.9%     2.2 h       7.0 s 
INFO  18:43:55,101 VectorLoglessPairHMM - Time spent in setup for JNI call : 2.5859250190000003 
INFO  18:43:55,102 PairHMM - Total compute time in PairHMM computeLikelihoods() : 504.058901955 
INFO  18:43:55,102 HaplotypeCaller - Ran local assembly on 424615 active regions 
INFO  18:43:55,111 ProgressMeter -            done      8.6166015E7     2.2 h           92.0 s      100.0%     2.2 h       0.0 s 
INFO  18:43:55,111 ProgressMeter - Total runtime 7990.69 secs, 133.18 min, 2.22 hours 
INFO  18:43:55,112 MicroScheduler - 3461707 reads were filtered out during the traversal out of approximately 24044186 total reads (14.40%) 
INFO  18:43:55,112 MicroScheduler -   -> 0 reads (0.00% of total) failing BadCigarFilter 
INFO  18:43:55,112 MicroScheduler -   -> 2938764 reads (12.22% of total) failing DuplicateReadFilter 
INFO  18:43:55,112 MicroScheduler -   -> 0 reads (0.00% of total) failing FailsVendorQualityCheckFilter 
INFO  18:43:55,113 MicroScheduler -   -> 494244 reads (2.06% of total) failing HCMappingQualityFilter 
INFO  18:43:55,113 MicroScheduler -   -> 0 reads (0.00% of total) failing MalformedReadFilter 
INFO  18:43:55,113 MicroScheduler -   -> 0 reads (0.00% of total) failing MappingQualityUnavailableFilter 
INFO  18:43:55,113 MicroScheduler -   -> 28699 reads (0.12% of total) failing NotPrimaryAlignmentFilter 
INFO  18:43:55,114 MicroScheduler -   -> 0 reads (0.00% of total) failing UnmappedReadFilter 
