INFO  17:41:18,315 HelpFormatter - --------------------------------------------------------------------------------- 
INFO  17:41:18,317 HelpFormatter - The Genome Analysis Toolkit (GATK) v3.4-46-g8ea4dca, Compiled 2015/08/13 20:41:56 
INFO  17:41:18,317 HelpFormatter - Copyright (c) 2010 The Broad Institute 
INFO  17:41:18,317 HelpFormatter - For support and documentation go to http://www.broadinstitute.org/gatk 
INFO  17:41:18,321 HelpFormatter - Program Args: -T PrintReads -I /home/opt/data/broadout/FC1-NA12878-01_S1_L001_gatk_best_practices_36t_30s_2015-11-10_16-39-49/FC1-NA12878-01_S1_L001_realign.bam -L /home/beris/Broad_Ref_Pipeline_approved_package/workflow_profiler/.queue/scatterGather/ExamplePrintReads-1-sg/temp_28_of_36/scatter.intervals -R /home/beris/Broad_Ref_Pipeline_approved_package/homosapiensrefgenome/Homo_sapiens_assembly19.fasta -BQSR /home/opt/data/broadout/FC1-NA12878-01_S1_L001_gatk_best_practices_36t_30s_2015-11-10_16-39-49/FC1-NA12878-01_S1_L001_recal.grp -o /home/beris/Broad_Ref_Pipeline_approved_package/workflow_profiler/.queue/scatterGather/ExamplePrintReads-1-sg/temp_28_of_36/FC1-NA12878-01_S1_L001_final.bam 
INFO  17:41:18,334 HelpFormatter - Executing as beris@dna on Linux 2.6.32-573.el6.x86_64 amd64; OpenJDK 64-Bit Server VM 1.7.0_79-mockbuild_2015_07_24_09_26-b00. 
INFO  17:41:18,334 HelpFormatter - Date/Time: 2015/11/10 17:41:18 
INFO  17:41:18,334 HelpFormatter - --------------------------------------------------------------------------------- 
INFO  17:41:18,334 HelpFormatter - --------------------------------------------------------------------------------- 
INFO  17:41:18,415 GenomeAnalysisEngine - Strictness is SILENT 
INFO  17:41:19,243 ContextCovariate - 		Context sizes: base substitution model 2, indel substitution model 3 
INFO  17:41:19,290 GenomeAnalysisEngine - Downsampling Settings: No downsampling 
INFO  17:41:19,297 SAMDataSource$SAMReaders - Initializing SAMRecords in serial 
INFO  17:41:19,325 SAMDataSource$SAMReaders - Done initializing BAM readers: total time 0.03 
INFO  17:41:19,342 IntervalUtils - Processing 19913 bp from intervals 
INFO  17:41:19,539 GenomeAnalysisEngine - Preparing for traversal over 1 BAM files 
INFO  17:41:19,664 GenomeAnalysisEngine - Done preparing for traversal 
INFO  17:41:19,664 ProgressMeter - [INITIALIZATION COMPLETE; STARTING PROCESSING] 
INFO  17:41:19,665 ProgressMeter -                 | processed |    time |    per 1M |           |   total | remaining 
INFO  17:41:19,665 ProgressMeter -        Location |     reads | elapsed |     reads | completed | runtime |   runtime 
INFO  17:41:19,717 ReadShardBalancer$1 - Loading BAM index data 
INFO  17:41:19,719 ReadShardBalancer$1 - Done loading BAM index data 
INFO  17:41:21,128 Walker - [REDUCE RESULT] Traversal result is: org.broadinstitute.gatk.engine.io.stubs.SAMFileWriterStub@3b2bdbb5 
INFO  17:41:21,149 ProgressMeter -            done      2401.0     1.0 s      10.3 m       99.6%     1.0 s       0.0 s 
INFO  17:41:21,150 ProgressMeter - Total runtime 1.49 secs, 0.02 min, 0.00 hours 
INFO  17:41:21,150 MicroScheduler - 0 reads were filtered out during the traversal out of approximately 2401 total reads (0.00%) 
INFO  17:41:21,150 MicroScheduler -   -> 0 reads (0.00% of total) failing BadCigarFilter 
INFO  17:41:21,151 MicroScheduler -   -> 0 reads (0.00% of total) failing MalformedReadFilter 
