INFO  09:26:32,138 HelpFormatter - --------------------------------------------------------------------------------- 
INFO  09:26:32,140 HelpFormatter - The Genome Analysis Toolkit (GATK) v3.4-46-g8ea4dca, Compiled 2015/08/13 20:41:56 
INFO  09:26:32,140 HelpFormatter - Copyright (c) 2010 The Broad Institute 
INFO  09:26:32,140 HelpFormatter - For support and documentation go to http://www.broadinstitute.org/gatk 
INFO  09:26:32,144 HelpFormatter - Program Args: -T PrintReads -I /mnt/ssdbroad/output/Solexa-272221_gatk_best_practices_36t_30s_2016-02-11_11-59-19/Solexa-272221_realign.bam -L /mnt/ssdbroad/Broad_Ref_Pipeline_approved_package/workflow_profiler/.queue/scatterGather/ExamplePrintReads-1-sg/temp_28_of_36/scatter.intervals -R /mnt/ssdbroad/Broad_Ref_Pipeline_approved_package/homosapiensrefgenome/Homo_sapiens_assembly19.fasta -BQSR /mnt/ssdbroad/output/Solexa-272221_gatk_best_practices_36t_30s_2016-02-11_11-59-19/Solexa-272221_recal.grp -o /mnt/ssdbroad/Broad_Ref_Pipeline_approved_package/workflow_profiler/.queue/scatterGather/ExamplePrintReads-1-sg/temp_28_of_36/Solexa-272221_final.bam 
INFO  09:26:32,169 HelpFormatter - Executing as beris@dna on Linux 2.6.32-573.el6.x86_64 amd64; OpenJDK 64-Bit Server VM 1.7.0_79-mockbuild_2015_07_24_09_26-b00. 
INFO  09:26:32,169 HelpFormatter - Date/Time: 2016/02/12 09:26:32 
INFO  09:26:32,170 HelpFormatter - --------------------------------------------------------------------------------- 
INFO  09:26:32,170 HelpFormatter - --------------------------------------------------------------------------------- 
INFO  09:26:32,266 GenomeAnalysisEngine - Strictness is SILENT 
INFO  09:26:33,619 ContextCovariate - 		Context sizes: base substitution model 2, indel substitution model 3 
INFO  09:26:33,709 GenomeAnalysisEngine - Downsampling Settings: No downsampling 
INFO  09:26:33,716 SAMDataSource$SAMReaders - Initializing SAMRecords in serial 
INFO  09:26:33,747 SAMDataSource$SAMReaders - Done initializing BAM readers: total time 0.03 
INFO  09:26:33,779 IntervalUtils - Processing 19913 bp from intervals 
INFO  09:26:33,894 GenomeAnalysisEngine - Preparing for traversal over 1 BAM files 
INFO  09:26:34,017 GenomeAnalysisEngine - Done preparing for traversal 
INFO  09:26:34,017 ProgressMeter - [INITIALIZATION COMPLETE; STARTING PROCESSING] 
INFO  09:26:34,018 ProgressMeter -                 | processed |    time |    per 1M |           |   total | remaining 
INFO  09:26:34,018 ProgressMeter -        Location |     reads | elapsed |     reads | completed | runtime |   runtime 
INFO  09:26:34,043 ReadShardBalancer$1 - Loading BAM index data 
INFO  09:26:34,044 ReadShardBalancer$1 - Done loading BAM index data 
INFO  09:26:43,838 Walker - [REDUCE RESULT] Traversal result is: org.broadinstitute.gatk.engine.io.stubs.SAMFileWriterStub@1753e482 
INFO  09:26:43,862 ProgressMeter -            done     21861.0     9.0 s       7.5 m       99.4%     9.0 s       0.0 s 
INFO  09:26:43,863 ProgressMeter - Total runtime 9.85 secs, 0.16 min, 0.00 hours 
INFO  09:26:43,865 MicroScheduler - 0 reads were filtered out during the traversal out of approximately 21861 total reads (0.00%) 
INFO  09:26:43,866 MicroScheduler -   -> 0 reads (0.00% of total) failing BadCigarFilter 
INFO  09:26:43,866 MicroScheduler -   -> 0 reads (0.00% of total) failing MalformedReadFilter 
