INFO  17:41:17,631 HelpFormatter - --------------------------------------------------------------------------------- 
INFO  17:41:17,633 HelpFormatter - The Genome Analysis Toolkit (GATK) v3.4-46-g8ea4dca, Compiled 2015/08/13 20:41:56 
INFO  17:41:17,634 HelpFormatter - Copyright (c) 2010 The Broad Institute 
INFO  17:41:17,634 HelpFormatter - For support and documentation go to http://www.broadinstitute.org/gatk 
INFO  17:41:17,637 HelpFormatter - Program Args: -T PrintReads -I /home/opt/data/broadout/FC1-NA12878-01_S1_L001_gatk_best_practices_36t_30s_2015-11-10_16-39-49/FC1-NA12878-01_S1_L001_realign.bam -L /home/beris/Broad_Ref_Pipeline_approved_package/workflow_profiler/.queue/scatterGather/ExamplePrintReads-1-sg/temp_05_of_36/scatter.intervals -R /home/beris/Broad_Ref_Pipeline_approved_package/homosapiensrefgenome/Homo_sapiens_assembly19.fasta -BQSR /home/opt/data/broadout/FC1-NA12878-01_S1_L001_gatk_best_practices_36t_30s_2015-11-10_16-39-49/FC1-NA12878-01_S1_L001_recal.grp -o /home/beris/Broad_Ref_Pipeline_approved_package/workflow_profiler/.queue/scatterGather/ExamplePrintReads-1-sg/temp_05_of_36/FC1-NA12878-01_S1_L001_final.bam 
INFO  17:41:17,650 HelpFormatter - Executing as beris@dna on Linux 2.6.32-573.el6.x86_64 amd64; OpenJDK 64-Bit Server VM 1.7.0_79-mockbuild_2015_07_24_09_26-b00. 
INFO  17:41:17,650 HelpFormatter - Date/Time: 2015/11/10 17:41:17 
INFO  17:41:17,651 HelpFormatter - --------------------------------------------------------------------------------- 
INFO  17:41:17,651 HelpFormatter - --------------------------------------------------------------------------------- 
INFO  17:41:17,796 GenomeAnalysisEngine - Strictness is SILENT 
INFO  17:41:18,916 ContextCovariate - 		Context sizes: base substitution model 2, indel substitution model 3 
INFO  17:41:18,953 GenomeAnalysisEngine - Downsampling Settings: No downsampling 
INFO  17:41:18,974 SAMDataSource$SAMReaders - Initializing SAMRecords in serial 
INFO  17:41:19,039 SAMDataSource$SAMReaders - Done initializing BAM readers: total time 0.07 
INFO  17:41:19,080 IntervalUtils - Processing 180915260 bp from intervals 
INFO  17:41:19,196 GenomeAnalysisEngine - Preparing for traversal over 1 BAM files 
INFO  17:41:19,964 GenomeAnalysisEngine - Done preparing for traversal 
INFO  17:41:19,975 ProgressMeter - [INITIALIZATION COMPLETE; STARTING PROCESSING] 
INFO  17:41:19,976 ProgressMeter -                 | processed |    time |    per 1M |           |   total | remaining 
INFO  17:41:19,976 ProgressMeter -        Location |     reads | elapsed |     reads | completed | runtime |   runtime 
INFO  17:41:19,994 ReadShardBalancer$1 - Loading BAM index data 
INFO  17:41:21,290 ReadShardBalancer$1 - Done loading BAM index data 
INFO  17:41:49,991 ProgressMeter -      5:36123160    200003.0    30.0 s       2.5 m       20.0%     2.5 m     120.0 s 
INFO  17:42:19,992 ProgressMeter -      5:69510979    500015.0    60.0 s     120.0 s       38.4%     2.6 m      96.0 s 
INFO  17:42:59,993 ProgressMeter -     5:118485199    900022.0   100.0 s     111.0 s       65.5%     2.5 m      52.0 s 
INFO  17:43:30,087 ProgressMeter -     5:141980583   1300031.0     2.2 m     100.0 s       78.5%     2.8 m      35.0 s 
INFO  17:44:00,088 ProgressMeter -     5:180001218   1600035.0     2.7 m     100.0 s       99.5%     2.7 m       0.0 s 
INFO  17:44:01,531 Walker - [REDUCE RESULT] Traversal result is: org.broadinstitute.gatk.engine.io.stubs.SAMFileWriterStub@511697b7 
INFO  17:44:01,685 ProgressMeter -            done   1685440.0     2.7 m      95.0 s      100.0%     2.7 m       0.0 s 
INFO  17:44:01,686 ProgressMeter - Total runtime 161.71 secs, 2.70 min, 0.04 hours 
INFO  17:44:01,687 MicroScheduler - 0 reads were filtered out during the traversal out of approximately 1685440 total reads (0.00%) 
INFO  17:44:01,687 MicroScheduler -   -> 0 reads (0.00% of total) failing BadCigarFilter 
INFO  17:44:01,688 MicroScheduler -   -> 0 reads (0.00% of total) failing MalformedReadFilter 
