INFO  20:07:55,646 HelpFormatter - --------------------------------------------------------------------------------- 
INFO  20:07:55,669 HelpFormatter - The Genome Analysis Toolkit (GATK) v3.4-46-g8ea4dca, Compiled 2015/08/13 20:41:56 
INFO  20:07:55,669 HelpFormatter - Copyright (c) 2010 The Broad Institute 
INFO  20:07:55,670 HelpFormatter - For support and documentation go to http://www.broadinstitute.org/gatk 
INFO  20:07:55,689 HelpFormatter - Program Args: -T PrintReads -I /mnt/nvme0n1/data/broadout/HG02771_gatk_best_practices_8t_30s_2016-07-06_18-21-02/HG02771_realign.bam -L /mnt/nvme0n1/Broad_Ref_Pipeline_approved_package/workflow_profiler/.queue/scatterGather/ExamplePrintReads-1-sg/temp_05_of_36/scatter.intervals -R /mnt/nvme0n1/Broad_Ref_Pipeline_approved_package/b37bundle/human_g1k_v37.fasta -BQSR /mnt/nvme0n1/data/broadout/HG02771_gatk_best_practices_8t_30s_2016-07-06_18-21-02/HG02771_recal.grp -o /mnt/nvme0n1/Broad_Ref_Pipeline_approved_package/workflow_profiler/.queue/scatterGather/ExamplePrintReads-1-sg/temp_05_of_36/HG02771_final.bam 
INFO  20:07:55,725 HelpFormatter - Executing as bshifaw@application-1-1.hudson.intel.com on Linux 3.10.0-327.el7.x86_64 amd64; OpenJDK 64-Bit Server VM 1.8.0_91-b14. 
INFO  20:07:55,727 HelpFormatter - Date/Time: 2016/07/06 20:07:55 
INFO  20:07:55,729 HelpFormatter - --------------------------------------------------------------------------------- 
INFO  20:07:55,745 HelpFormatter - --------------------------------------------------------------------------------- 
INFO  20:07:56,338 GenomeAnalysisEngine - Strictness is SILENT 
INFO  20:07:59,192 ContextCovariate - 		Context sizes: base substitution model 2, indel substitution model 3 
INFO  20:07:59,305 GenomeAnalysisEngine - Downsampling Settings: No downsampling 
INFO  20:07:59,370 SAMDataSource$SAMReaders - Initializing SAMRecords in serial 
INFO  20:07:59,472 SAMDataSource$SAMReaders - Done initializing BAM readers: total time 0.10 
INFO  20:07:59,554 IntervalUtils - Processing 180915260 bp from intervals 
INFO  20:08:00,010 GenomeAnalysisEngine - Preparing for traversal over 1 BAM files 
INFO  20:08:00,935 GenomeAnalysisEngine - Done preparing for traversal 
INFO  20:08:00,977 ProgressMeter - [INITIALIZATION COMPLETE; STARTING PROCESSING] 
INFO  20:08:00,977 ProgressMeter -                 | processed |    time |    per 1M |           |   total | remaining 
INFO  20:08:00,978 ProgressMeter -        Location |     reads | elapsed |     reads | completed | runtime |   runtime 
INFO  20:08:01,027 ReadShardBalancer$1 - Loading BAM index data 
INFO  20:08:02,121 ReadShardBalancer$1 - Done loading BAM index data 
INFO  20:08:31,286 ProgressMeter -        5:143303         0.0    30.0 s      50.1 w        0.1%    10.5 h      10.5 h 
INFO  20:09:03,008 ProgressMeter -        5:884231         0.0    62.0 s     102.6 w        0.5%     3.5 h       3.5 h 
INFO  20:09:33,564 ProgressMeter -       5:6604806    100002.0    92.0 s      15.4 m        3.7%    42.0 m      40.5 m 
INFO  20:10:03,565 ProgressMeter -      5:14488173    300007.0     2.0 m       6.8 m        8.0%    25.4 m      23.4 m 
INFO  20:10:35,024 ProgressMeter -      5:29003299    400008.0     2.6 m       6.4 m       16.0%    16.0 m      13.4 m 
INFO  20:11:05,025 ProgressMeter -      5:35876303    500010.0     3.1 m       6.1 m       19.8%    15.5 m      12.4 m 
INFO  20:11:35,284 ProgressMeter -      5:40170129    700012.0     3.6 m       5.1 m       22.2%    16.1 m      12.5 m 
INFO  20:12:05,286 ProgressMeter -      5:52502626    900017.0     4.1 m       4.5 m       29.0%    14.0 m       9.9 m 
INFO  20:12:35,287 ProgressMeter -      5:61786024   1100023.0     4.6 m       4.2 m       34.2%    13.4 m       8.8 m 
INFO  20:13:06,245 ProgressMeter -      5:68875678   1200024.0     5.1 m       4.2 m       38.1%    13.4 m       8.3 m 
INFO  20:13:36,272 ProgressMeter -      5:74077452   1400026.0     5.6 m       4.0 m       40.9%    13.6 m       8.1 m 
INFO  20:14:06,273 ProgressMeter -      5:79655667   1600029.0     6.1 m       3.8 m       44.0%    13.8 m       7.7 m 
INFO  20:14:36,274 ProgressMeter -      5:94206618   1800035.0     6.6 m       3.7 m       52.1%    12.6 m       6.1 m 
INFO  20:15:06,345 ProgressMeter -     5:106821982   2000040.0     7.1 m       3.5 m       59.0%    12.0 m       4.9 m 
INFO  20:15:36,694 ProgressMeter -     5:118485102   2200052.0     7.6 m       3.5 m       65.5%    11.6 m       4.0 m 
INFO  20:16:06,695 ProgressMeter -     5:130788647   2400054.0     8.1 m       3.4 m       72.3%    11.2 m       3.1 m 
INFO  20:16:36,701 ProgressMeter -     5:134190768   2600056.0     8.6 m       3.3 m       74.2%    11.6 m       3.0 m 
INFO  20:17:06,702 ProgressMeter -     5:139722362   2800062.0     9.1 m       3.2 m       77.2%    11.8 m       2.7 m 
INFO  20:17:37,355 ProgressMeter -     5:140568110   3100069.0     9.6 m       3.1 m       77.7%    12.4 m       2.8 m 
INFO  20:18:07,538 ProgressMeter -     5:143545127   3400072.0    10.1 m       3.0 m       79.3%    12.7 m       2.6 m 
INFO  20:18:37,540 ProgressMeter -     5:150258279   3700079.0    10.6 m       2.9 m       83.1%    12.8 m       2.2 m 
INFO  20:19:07,542 ProgressMeter -     5:159661920   3900082.0    11.1 m       2.8 m       88.3%    12.6 m      88.0 s 
INFO  20:19:37,544 ProgressMeter -     5:176013031   4300096.0    11.6 m       2.7 m       97.3%    11.9 m      19.0 s 
INFO  20:20:03,820 Walker - [REDUCE RESULT] Traversal result is: org.broadinstitute.gatk.engine.io.stubs.SAMFileWriterStub@5b58129f 
INFO  20:20:04,016 ProgressMeter -            done   4717495.0    12.1 m       2.6 m      100.0%    12.1 m       0.0 s 
INFO  20:20:04,016 ProgressMeter - Total runtime 723.04 secs, 12.05 min, 0.20 hours 
INFO  20:20:04,016 MicroScheduler - 0 reads were filtered out during the traversal out of approximately 4717495 total reads (0.00%) 
INFO  20:20:04,016 MicroScheduler -   -> 0 reads (0.00% of total) failing BadCigarFilter 
INFO  20:20:04,017 MicroScheduler -   -> 0 reads (0.00% of total) failing MalformedReadFilter 
