INFO  20:06:27,783 HelpFormatter - --------------------------------------------------------------------------------- 
INFO  20:06:27,819 HelpFormatter - The Genome Analysis Toolkit (GATK) v3.4-46-g8ea4dca, Compiled 2015/08/13 20:41:56 
INFO  20:06:27,819 HelpFormatter - Copyright (c) 2010 The Broad Institute 
INFO  20:06:27,819 HelpFormatter - For support and documentation go to http://www.broadinstitute.org/gatk 
INFO  20:06:27,856 HelpFormatter - Program Args: -T PrintReads -I /mnt/nvme0n1/data/broadout/HG02561_gatk_best_practices_8t_30s_2016-07-06_18-21-00/HG02561_realign.bam -L /mnt/nvme0n1/Broad_Ref_Pipeline_approved_package/workflow_profiler/.queue/scatterGather/ExamplePrintReads-1-sg/temp_05_of_36/scatter.intervals -R /mnt/nvme0n1/Broad_Ref_Pipeline_approved_package/b37bundle/human_g1k_v37.fasta -BQSR /mnt/nvme0n1/data/broadout/HG02561_gatk_best_practices_8t_30s_2016-07-06_18-21-00/HG02561_recal.grp -o /mnt/nvme0n1/Broad_Ref_Pipeline_approved_package/workflow_profiler/.queue/scatterGather/ExamplePrintReads-1-sg/temp_05_of_36/HG02561_final.bam 
INFO  20:06:27,901 HelpFormatter - Executing as bshifaw@application-1-1.hudson.intel.com on Linux 3.10.0-327.el7.x86_64 amd64; OpenJDK 64-Bit Server VM 1.8.0_91-b14. 
INFO  20:06:27,908 HelpFormatter - Date/Time: 2016/07/06 20:06:27 
INFO  20:06:27,909 HelpFormatter - --------------------------------------------------------------------------------- 
INFO  20:06:27,910 HelpFormatter - --------------------------------------------------------------------------------- 
INFO  20:06:28,549 GenomeAnalysisEngine - Strictness is SILENT 
INFO  20:06:31,615 ContextCovariate - 		Context sizes: base substitution model 2, indel substitution model 3 
INFO  20:06:31,884 GenomeAnalysisEngine - Downsampling Settings: No downsampling 
INFO  20:06:31,931 SAMDataSource$SAMReaders - Initializing SAMRecords in serial 
INFO  20:06:32,155 SAMDataSource$SAMReaders - Done initializing BAM readers: total time 0.22 
INFO  20:06:32,301 IntervalUtils - Processing 180915260 bp from intervals 
INFO  20:06:32,747 GenomeAnalysisEngine - Preparing for traversal over 1 BAM files 
INFO  20:06:34,100 GenomeAnalysisEngine - Done preparing for traversal 
INFO  20:06:34,100 ProgressMeter - [INITIALIZATION COMPLETE; STARTING PROCESSING] 
INFO  20:06:34,101 ProgressMeter -                 | processed |    time |    per 1M |           |   total | remaining 
INFO  20:06:34,101 ProgressMeter -        Location |     reads | elapsed |     reads | completed | runtime |   runtime 
INFO  20:06:34,164 ReadShardBalancer$1 - Loading BAM index data 
INFO  20:06:35,883 ReadShardBalancer$1 - Done loading BAM index data 
INFO  20:07:04,165 ProgressMeter -        5:422992         0.0    30.0 s      49.7 w        0.2%     3.6 h       3.6 h 
INFO  20:07:34,766 ProgressMeter -       5:6620249    100001.0    60.0 s      10.1 m        3.7%    27.3 m      26.3 m 
INFO  20:08:04,767 ProgressMeter -      5:13717644    200002.0    90.0 s       7.6 m        7.6%    19.8 m      18.3 m 
INFO  20:08:35,757 ProgressMeter -      5:14653010    300003.0     2.0 m       6.8 m        8.1%    24.9 m      22.9 m 
INFO  20:09:10,243 ProgressMeter -      5:31409233    400004.0     2.6 m       6.5 m       17.4%    15.0 m      12.4 m 
INFO  20:09:40,426 ProgressMeter -      5:36137463    500006.0     3.1 m       6.2 m       20.0%    15.5 m      12.4 m 
INFO  20:10:10,427 ProgressMeter -      5:39308360    700009.0     3.6 m       5.2 m       21.7%    16.6 m      13.0 m 
INFO  20:10:40,428 ProgressMeter -      5:50129830    800011.0     4.1 m       5.1 m       27.7%    14.8 m      10.7 m 
INFO  20:11:10,430 ProgressMeter -      5:58999413   1000014.0     4.6 m       4.6 m       32.6%    14.1 m       9.5 m 
INFO  20:11:40,431 ProgressMeter -      5:68473398   1200017.0     5.1 m       4.3 m       37.8%    13.5 m       8.4 m 
INFO  20:12:10,432 ProgressMeter -      5:72872821   1400024.0     5.6 m       4.0 m       40.3%    13.9 m       8.3 m 
INFO  20:12:40,432 ProgressMeter -      5:79029863   1600029.0     6.1 m       3.8 m       43.7%    14.0 m       7.9 m 
INFO  20:13:10,433 ProgressMeter -      5:90001244   1800032.0     6.6 m       3.7 m       49.7%    13.3 m       6.7 m 
INFO  20:13:40,434 ProgressMeter -     5:101755564   2000034.0     7.1 m       3.6 m       56.2%    12.6 m       5.5 m 
INFO  20:14:10,435 ProgressMeter -     5:115336247   2200040.0     7.6 m       3.5 m       63.8%    11.9 m       4.3 m 
INFO  20:14:40,436 ProgressMeter -     5:127782204   2400044.0     8.1 m       3.4 m       70.6%    11.5 m       3.4 m 
INFO  20:15:10,609 ProgressMeter -     5:134696281   2600051.0     8.6 m       3.3 m       74.5%    11.6 m       3.0 m 
INFO  20:15:50,610 ProgressMeter -     5:140076946   2900065.0     9.3 m       3.2 m       77.4%    12.0 m       2.7 m 
INFO  20:16:22,411 ProgressMeter -     5:140604769   3200072.0     9.8 m       3.1 m       77.7%    12.6 m       2.8 m 
INFO  20:16:52,438 ProgressMeter -     5:142292922   3400075.0    10.3 m       3.0 m       78.7%    13.1 m       2.8 m 
INFO  20:17:22,439 ProgressMeter -     5:149514409   3600087.0    10.8 m       3.0 m       82.6%    13.1 m       2.3 m 
INFO  20:17:52,439 ProgressMeter -     5:156589948   3900091.0    11.3 m       2.9 m       86.6%    13.1 m     105.0 s 
INFO  20:18:22,682 ProgressMeter -     5:170330777   4200103.0    11.8 m       2.8 m       94.1%    12.5 m      43.0 s 
INFO  20:18:52,722 ProgressMeter -     5:177058789   4500111.0    12.3 m       2.7 m       97.9%    12.6 m      16.0 s 
INFO  20:19:10,939 Walker - [REDUCE RESULT] Traversal result is: org.broadinstitute.gatk.engine.io.stubs.SAMFileWriterStub@5b58129f 
INFO  20:19:11,064 ProgressMeter -            done   4774321.0    12.6 m       2.6 m      100.0%    12.6 m       0.0 s 
INFO  20:19:11,065 ProgressMeter - Total runtime 756.96 secs, 12.62 min, 0.21 hours 
INFO  20:19:11,065 MicroScheduler - 0 reads were filtered out during the traversal out of approximately 4774321 total reads (0.00%) 
INFO  20:19:11,065 MicroScheduler -   -> 0 reads (0.00% of total) failing BadCigarFilter 
INFO  20:19:11,065 MicroScheduler -   -> 0 reads (0.00% of total) failing MalformedReadFilter 
