INFO  19:30:03,118 HelpFormatter - --------------------------------------------------------------------------------- 
INFO  19:30:03,130 HelpFormatter - The Genome Analysis Toolkit (GATK) v3.4-46-g8ea4dca, Compiled 2015/08/13 20:41:56 
INFO  19:30:03,131 HelpFormatter - Copyright (c) 2010 The Broad Institute 
INFO  19:30:03,131 HelpFormatter - For support and documentation go to http://www.broadinstitute.org/gatk 
INFO  19:30:03,186 HelpFormatter - Program Args: -T IndelRealigner -I /mnt/nvme0n1/data/broadout/HG02561_gatk_best_practices_8t_30s_2016-07-06_18-21-00/HG02561_dupRem.bam -L /mnt/nvme0n1/Broad_Ref_Pipeline_approved_package/workflow_profiler/.queue/scatterGather/ExampleIndelRealigner-1-sg/temp_03_of_36/scatter.intervals -R /mnt/nvme0n1/Broad_Ref_Pipeline_approved_package/b37bundle/human_g1k_v37.fasta -known /mnt/nvme0n1/Broad_Ref_Pipeline_approved_package/b37bundle/1000G_phase1.indels.b37.vcf -targetIntervals /mnt/nvme0n1/data/broadout/HG02561_gatk_best_practices_8t_30s_2016-07-06_18-21-00/HG02561_realn.intervals -o /mnt/nvme0n1/Broad_Ref_Pipeline_approved_package/workflow_profiler/.queue/scatterGather/ExampleIndelRealigner-1-sg/temp_03_of_36/HG02561_realign.bam -filterNoBases 
INFO  19:30:03,210 HelpFormatter - Executing as bshifaw@application-1-1.hudson.intel.com on Linux 3.10.0-327.el7.x86_64 amd64; OpenJDK 64-Bit Server VM 1.8.0_91-b14. 
INFO  19:30:03,211 HelpFormatter - Date/Time: 2016/07/06 19:30:03 
INFO  19:30:03,211 HelpFormatter - --------------------------------------------------------------------------------- 
INFO  19:30:03,215 HelpFormatter - --------------------------------------------------------------------------------- 
INFO  19:30:03,826 GenomeAnalysisEngine - Strictness is SILENT 
INFO  19:30:04,241 GenomeAnalysisEngine - Downsampling Settings: No downsampling 
INFO  19:30:04,392 SAMDataSource$SAMReaders - Initializing SAMRecords in serial 
INFO  19:30:04,687 SAMDataSource$SAMReaders - Done initializing BAM readers: total time 0.29 
INFO  19:30:05,221 IntervalUtils - Processing 198022430 bp from intervals 
INFO  19:30:05,899 GenomeAnalysisEngine - Preparing for traversal over 1 BAM files 
INFO  19:30:07,145 GenomeAnalysisEngine - Done preparing for traversal 
INFO  19:30:07,147 ProgressMeter - [INITIALIZATION COMPLETE; STARTING PROCESSING] 
INFO  19:30:07,156 ProgressMeter -                 | processed |    time |    per 1M |           |   total | remaining 
INFO  19:30:07,165 ProgressMeter -        Location |     reads | elapsed |     reads | completed | runtime |   runtime 
INFO  19:30:07,615 ReadShardBalancer$1 - Loading BAM index data 
INFO  19:30:08,671 ReadShardBalancer$1 - Done loading BAM index data 
INFO  19:30:37,297 ProgressMeter -      3:10089833    200002.0    30.0 s       2.5 m        5.1%     9.8 m       9.3 m 
INFO  19:31:08,900 ProgressMeter -      3:28365915    600012.0    61.0 s     102.0 s       14.3%     7.1 m       6.1 m 
INFO  19:31:38,901 ProgressMeter -      3:44776279   1200025.0    91.0 s      76.0 s       22.6%     6.7 m       5.2 m 
INFO  19:32:08,952 ProgressMeter -      3:50387238   1900046.0     2.0 m      64.0 s       25.4%     7.9 m       5.9 m 
INFO  19:32:48,953 ProgressMeter -     3:113955340   3400080.0     2.7 m      47.0 s       57.5%     4.7 m     118.0 s 
INFO  19:33:18,954 ProgressMeter -     3:179592250   5100147.0     3.2 m      37.0 s       90.7%     3.5 m      19.0 s 
INFO  19:33:30,752 ProgressMeter -            done   5878782.0     3.4 m      34.0 s      100.0%     3.4 m       0.0 s 
INFO  19:33:30,753 ProgressMeter - Total runtime 203.61 secs, 3.39 min, 0.06 hours 
INFO  19:33:30,760 MicroScheduler - 102623 reads were filtered out during the traversal out of approximately 5981405 total reads (1.72%) 
INFO  19:33:30,761 MicroScheduler -   -> 0 reads (0.00% of total) failing BadCigarFilter 
INFO  19:33:30,761 MicroScheduler -   -> 102623 reads (1.72% of total) failing MalformedReadFilter 
