INFO  14:18:40,806 HelpFormatter - --------------------------------------------------------------------------------- 
INFO  14:18:40,809 HelpFormatter - The Genome Analysis Toolkit (GATK) v3.4-46-g8ea4dca, Compiled 2015/08/13 20:41:56 
INFO  14:18:40,809 HelpFormatter - Copyright (c) 2010 The Broad Institute 
INFO  14:18:40,811 HelpFormatter - For support and documentation go to http://www.broadinstitute.org/gatk 
INFO  14:18:40,814 HelpFormatter - Program Args: -T IndelRealigner -I /mnt/sdb/data/broadout/sim1M_pairs_gatk_best_practices_12t_30s_2016-07-25_14-09-52/sim1M_pairs_dupRem.bam -L /mnt/sdb/Broad_Ref_Pipeline_approved_package/workflow_profiler/.queue/scatterGather/ExampleIndelRealigner-1-sg/temp_03_of_36/scatter.intervals -R /mnt/sdb/Broad_Ref_Pipeline_approved_package/b37bundle/human_g1k_v37.fasta -known /mnt/sdb/Broad_Ref_Pipeline_approved_package/b37bundle/1000G_phase1.indels.b37.vcf -targetIntervals /mnt/sdb/data/broadout/sim1M_pairs_gatk_best_practices_12t_30s_2016-07-25_14-09-52/sim1M_pairs_realn.intervals -o /mnt/sdb/Broad_Ref_Pipeline_approved_package/workflow_profiler/.queue/scatterGather/ExampleIndelRealigner-1-sg/temp_03_of_36/sim1M_pairs_realign.bam -filterNoBases 
INFO  14:18:40,838 HelpFormatter - Executing as bshifaw@application-0-1.hudson.intel.com on Linux 3.10.0-327.el7.x86_64 amd64; OpenJDK 64-Bit Server VM 1.8.0_101-b13. 
INFO  14:18:40,839 HelpFormatter - Date/Time: 2016/07/25 14:18:40 
INFO  14:18:40,853 HelpFormatter - --------------------------------------------------------------------------------- 
INFO  14:18:40,854 HelpFormatter - --------------------------------------------------------------------------------- 
INFO  14:18:41,183 GenomeAnalysisEngine - Strictness is SILENT 
INFO  14:18:41,411 GenomeAnalysisEngine - Downsampling Settings: No downsampling 
INFO  14:18:41,417 SAMDataSource$SAMReaders - Initializing SAMRecords in serial 
INFO  14:18:41,500 SAMDataSource$SAMReaders - Done initializing BAM readers: total time 0.08 
INFO  14:18:41,737 IntervalUtils - Processing 198022430 bp from intervals 
INFO  14:18:42,250 GenomeAnalysisEngine - Preparing for traversal over 1 BAM files 
INFO  14:18:42,870 GenomeAnalysisEngine - Done preparing for traversal 
INFO  14:18:42,878 ProgressMeter - [INITIALIZATION COMPLETE; STARTING PROCESSING] 
INFO  14:18:42,878 ProgressMeter -                 | processed |    time |    per 1M |           |   total | remaining 
INFO  14:18:42,884 ProgressMeter -        Location |     reads | elapsed |     reads | completed | runtime |   runtime 
INFO  14:18:43,069 ReadShardBalancer$1 - Loading BAM index data 
INFO  14:18:43,896 ReadShardBalancer$1 - Done loading BAM index data 
INFO  14:18:52,121 ProgressMeter -            done    125679.0     9.0 s      73.0 s       99.9%     9.0 s       0.0 s 
INFO  14:18:52,122 ProgressMeter - Total runtime 9.24 secs, 0.15 min, 0.00 hours 
INFO  14:18:52,125 MicroScheduler - 365 reads were filtered out during the traversal out of approximately 126044 total reads (0.29%) 
INFO  14:18:52,125 MicroScheduler -   -> 0 reads (0.00% of total) failing BadCigarFilter 
INFO  14:18:52,125 MicroScheduler -   -> 365 reads (0.29% of total) failing MalformedReadFilter 
