[Wed Jul 06 19:39:06 EDT 2016] picard.sam.MergeSamFiles INPUT=[/mnt/nvme0n1/Broad_Ref_Pipeline_approved_package/workflow_profiler/.queue/scatterGather/ExampleIndelRealigner-1-sg/temp_01_of_36/HG02771_realign.bam, /mnt/nvme0n1/Broad_Ref_Pipeline_approved_package/workflow_profiler/.queue/scatterGather/ExampleIndelRealigner-1-sg/temp_02_of_36/HG02771_realign.bam, /mnt/nvme0n1/Broad_Ref_Pipeline_approved_package/workflow_profiler/.queue/scatterGather/ExampleIndelRealigner-1-sg/temp_03_of_36/HG02771_realign.bam, /mnt/nvme0n1/Broad_Ref_Pipeline_approved_package/workflow_profiler/.queue/scatterGather/ExampleIndelRealigner-1-sg/temp_04_of_36/HG02771_realign.bam, /mnt/nvme0n1/Broad_Ref_Pipeline_approved_package/workflow_profiler/.queue/scatterGather/ExampleIndelRealigner-1-sg/temp_05_of_36/HG02771_realign.bam, /mnt/nvme0n1/Broad_Ref_Pipeline_approved_package/workflow_profiler/.queue/scatterGather/ExampleIndelRealigner-1-sg/temp_06_of_36/HG02771_realign.bam, /mnt/nvme0n1/Broad_Ref_Pipeline_approved_package/workflow_profiler/.queue/scatterGather/ExampleIndelRealigner-1-sg/temp_07_of_36/HG02771_realign.bam, /mnt/nvme0n1/Broad_Ref_Pipeline_approved_package/workflow_profiler/.queue/scatterGather/ExampleIndelRealigner-1-sg/temp_08_of_36/HG02771_realign.bam, /mnt/nvme0n1/Broad_Ref_Pipeline_approved_package/workflow_profiler/.queue/scatterGather/ExampleIndelRealigner-1-sg/temp_09_of_36/HG02771_realign.bam, /mnt/nvme0n1/Broad_Ref_Pipeline_approved_package/workflow_profiler/.queue/scatterGather/ExampleIndelRealigner-1-sg/temp_10_of_36/HG02771_realign.bam, /mnt/nvme0n1/Broad_Ref_Pipeline_approved_package/workflow_profiler/.queue/scatterGather/ExampleIndelRealigner-1-sg/temp_11_of_36/HG02771_realign.bam, /mnt/nvme0n1/Broad_Ref_Pipeline_approved_package/workflow_profiler/.queue/scatterGather/ExampleIndelRealigner-1-sg/temp_12_of_36/HG02771_realign.bam, /mnt/nvme0n1/Broad_Ref_Pipeline_approved_package/workflow_profiler/.queue/scatterGather/ExampleIndelRealigner-1-sg/temp_13_of_36/HG02771_realign.bam, /mnt/nvme0n1/Broad_Ref_Pipeline_approved_package/workflow_profiler/.queue/scatterGather/ExampleIndelRealigner-1-sg/temp_14_of_36/HG02771_realign.bam, /mnt/nvme0n1/Broad_Ref_Pipeline_approved_package/workflow_profiler/.queue/scatterGather/ExampleIndelRealigner-1-sg/temp_15_of_36/HG02771_realign.bam, /mnt/nvme0n1/Broad_Ref_Pipeline_approved_package/workflow_profiler/.queue/scatterGather/ExampleIndelRealigner-1-sg/temp_16_of_36/HG02771_realign.bam, /mnt/nvme0n1/Broad_Ref_Pipeline_approved_package/workflow_profiler/.queue/scatterGather/ExampleIndelRealigner-1-sg/temp_17_of_36/HG02771_realign.bam, /mnt/nvme0n1/Broad_Ref_Pipeline_approved_package/workflow_profiler/.queue/scatterGather/ExampleIndelRealigner-1-sg/temp_18_of_36/HG02771_realign.bam, /mnt/nvme0n1/Broad_Ref_Pipeline_approved_package/workflow_profiler/.queue/scatterGather/ExampleIndelRealigner-1-sg/temp_19_of_36/HG02771_realign.bam, /mnt/nvme0n1/Broad_Ref_Pipeline_approved_package/workflow_profiler/.queue/scatterGather/ExampleIndelRealigner-1-sg/temp_20_of_36/HG02771_realign.bam, /mnt/nvme0n1/Broad_Ref_Pipeline_approved_package/workflow_profiler/.queue/scatterGather/ExampleIndelRealigner-1-sg/temp_21_of_36/HG02771_realign.bam, /mnt/nvme0n1/Broad_Ref_Pipeline_approved_package/workflow_profiler/.queue/scatterGather/ExampleIndelRealigner-1-sg/temp_22_of_36/HG02771_realign.bam, /mnt/nvme0n1/Broad_Ref_Pipeline_approved_package/workflow_profiler/.queue/scatterGather/ExampleIndelRealigner-1-sg/temp_23_of_36/HG02771_realign.bam, /mnt/nvme0n1/Broad_Ref_Pipeline_approved_package/workflow_profiler/.queue/scatterGather/ExampleIndelRealigner-1-sg/temp_24_of_36/HG02771_realign.bam, /mnt/nvme0n1/Broad_Ref_Pipeline_approved_package/workflow_profiler/.queue/scatterGather/ExampleIndelRealigner-1-sg/temp_25_of_36/HG02771_realign.bam, /mnt/nvme0n1/Broad_Ref_Pipeline_approved_package/workflow_profiler/.queue/scatterGather/ExampleIndelRealigner-1-sg/temp_26_of_36/HG02771_realign.bam, /mnt/nvme0n1/Broad_Ref_Pipeline_approved_package/workflow_profiler/.queue/scatterGather/ExampleIndelRealigner-1-sg/temp_27_of_36/HG02771_realign.bam, /mnt/nvme0n1/Broad_Ref_Pipeline_approved_package/workflow_profiler/.queue/scatterGather/ExampleIndelRealigner-1-sg/temp_28_of_36/HG02771_realign.bam, /mnt/nvme0n1/Broad_Ref_Pipeline_approved_package/workflow_profiler/.queue/scatterGather/ExampleIndelRealigner-1-sg/temp_29_of_36/HG02771_realign.bam, /mnt/nvme0n1/Broad_Ref_Pipeline_approved_package/workflow_profiler/.queue/scatterGather/ExampleIndelRealigner-1-sg/temp_30_of_36/HG02771_realign.bam, /mnt/nvme0n1/Broad_Ref_Pipeline_approved_package/workflow_profiler/.queue/scatterGather/ExampleIndelRealigner-1-sg/temp_31_of_36/HG02771_realign.bam, /mnt/nvme0n1/Broad_Ref_Pipeline_approved_package/workflow_profiler/.queue/scatterGather/ExampleIndelRealigner-1-sg/temp_32_of_36/HG02771_realign.bam, /mnt/nvme0n1/Broad_Ref_Pipeline_approved_package/workflow_profiler/.queue/scatterGather/ExampleIndelRealigner-1-sg/temp_33_of_36/HG02771_realign.bam, /mnt/nvme0n1/Broad_Ref_Pipeline_approved_package/workflow_profiler/.queue/scatterGather/ExampleIndelRealigner-1-sg/temp_34_of_36/HG02771_realign.bam, /mnt/nvme0n1/Broad_Ref_Pipeline_approved_package/workflow_profiler/.queue/scatterGather/ExampleIndelRealigner-1-sg/temp_35_of_36/HG02771_realign.bam, /mnt/nvme0n1/Broad_Ref_Pipeline_approved_package/workflow_profiler/.queue/scatterGather/ExampleIndelRealigner-1-sg/temp_36_of_36/HG02771_realign.bam] OUTPUT=/mnt/nvme0n1/data/broadout/HG02771_gatk_best_practices_8t_30s_2016-07-06_18-21-02/HG02771_realign.bam SORT_ORDER=coordinate ASSUME_SORTED=true TMP_DIR=[/mnt/nvme0n1/data/broadout/HG02771_gatk_best_practices_8t_30s_2016-07-06_18-21-02] VALIDATION_STRINGENCY=SILENT CREATE_INDEX=true CREATE_MD5_FILE=false    MERGE_SEQUENCE_DICTIONARIES=false USE_THREADING=false VERBOSITY=INFO QUIET=false COMPRESSION_LEVEL=5 MAX_RECORDS_IN_RAM=500000 GA4GH_CLIENT_SECRETS=client_secrets.json
[Wed Jul 06 19:39:06 EDT 2016] Executing as bshifaw@application-1-1.hudson.intel.com on Linux 3.10.0-327.el7.x86_64 amd64; OpenJDK 64-Bit Server VM 1.8.0_91-b14; Picard version: null JdkDeflater
INFO	2016-07-06 19:39:06	MergeSamFiles	Input files are in same order as output so sorting to temp directory is not needed.
INFO	2016-07-06 19:39:13	MergeSamFiles	Processed     1,000,000 records.  Elapsed time: 00:00:06s.  Time for last 1,000,000:    6s.  Last read position: 1:13,717,202
INFO	2016-07-06 19:39:19	MergeSamFiles	Processed     2,000,000 records.  Elapsed time: 00:00:12s.  Time for last 1,000,000:    6s.  Last read position: 1:27,057,637
INFO	2016-07-06 19:39:26	MergeSamFiles	Processed     3,000,000 records.  Elapsed time: 00:00:19s.  Time for last 1,000,000:    6s.  Last read position: 1:43,630,184
INFO	2016-07-06 19:39:32	MergeSamFiles	Processed     4,000,000 records.  Elapsed time: 00:00:25s.  Time for last 1,000,000:    6s.  Last read position: 1:67,436,601
INFO	2016-07-06 19:39:38	MergeSamFiles	Processed     5,000,000 records.  Elapsed time: 00:00:32s.  Time for last 1,000,000:    6s.  Last read position: 1:109,350,052
INFO	2016-07-06 19:39:45	MergeSamFiles	Processed     6,000,000 records.  Elapsed time: 00:00:38s.  Time for last 1,000,000:    6s.  Last read position: 1:145,318,144
INFO	2016-07-06 19:39:51	MergeSamFiles	Processed     7,000,000 records.  Elapsed time: 00:00:44s.  Time for last 1,000,000:    6s.  Last read position: 1:151,381,119
INFO	2016-07-06 19:39:57	MergeSamFiles	Processed     8,000,000 records.  Elapsed time: 00:00:51s.  Time for last 1,000,000:    6s.  Last read position: 1:156,526,432
INFO	2016-07-06 19:40:04	MergeSamFiles	Processed     9,000,000 records.  Elapsed time: 00:00:57s.  Time for last 1,000,000:    6s.  Last read position: 1:175,067,710
INFO	2016-07-06 19:40:10	MergeSamFiles	Processed    10,000,000 records.  Elapsed time: 00:01:03s.  Time for last 1,000,000:    6s.  Last read position: 1:204,416,521
INFO	2016-07-06 19:40:17	MergeSamFiles	Processed    11,000,000 records.  Elapsed time: 00:01:10s.  Time for last 1,000,000:    6s.  Last read position: 1:230,398,328
INFO	2016-07-06 19:40:23	MergeSamFiles	Processed    12,000,000 records.  Elapsed time: 00:01:16s.  Time for last 1,000,000:    6s.  Last read position: 2:17,912,325
INFO	2016-07-06 19:40:29	MergeSamFiles	Processed    13,000,000 records.  Elapsed time: 00:01:22s.  Time for last 1,000,000:    6s.  Last read position: 2:45,879,149
INFO	2016-07-06 19:40:36	MergeSamFiles	Processed    14,000,000 records.  Elapsed time: 00:01:29s.  Time for last 1,000,000:    6s.  Last read position: 2:86,258,776
INFO	2016-07-06 19:40:42	MergeSamFiles	Processed    15,000,000 records.  Elapsed time: 00:01:35s.  Time for last 1,000,000:    6s.  Last read position: 2:110,373,073
INFO	2016-07-06 19:40:49	MergeSamFiles	Processed    16,000,000 records.  Elapsed time: 00:01:42s.  Time for last 1,000,000:    6s.  Last read position: 2:148,672,880
INFO	2016-07-06 19:40:55	MergeSamFiles	Processed    17,000,000 records.  Elapsed time: 00:01:48s.  Time for last 1,000,000:    6s.  Last read position: 2:179,463,564
INFO	2016-07-06 19:41:01	MergeSamFiles	Processed    18,000,000 records.  Elapsed time: 00:01:54s.  Time for last 1,000,000:    6s.  Last read position: 2:214,354,654
INFO	2016-07-06 19:41:08	MergeSamFiles	Processed    19,000,000 records.  Elapsed time: 00:02:01s.  Time for last 1,000,000:    6s.  Last read position: 2:239,040,305
INFO	2016-07-06 19:41:14	MergeSamFiles	Processed    20,000,000 records.  Elapsed time: 00:02:07s.  Time for last 1,000,000:    6s.  Last read position: 3:33,592,711
INFO	2016-07-06 19:41:20	MergeSamFiles	Processed    21,000,000 records.  Elapsed time: 00:02:14s.  Time for last 1,000,000:    6s.  Last read position: 3:49,697,880
INFO	2016-07-06 19:41:27	MergeSamFiles	Processed    22,000,000 records.  Elapsed time: 00:02:20s.  Time for last 1,000,000:    6s.  Last read position: 3:88,039,968
INFO	2016-07-06 19:41:33	MergeSamFiles	Processed    23,000,000 records.  Elapsed time: 00:02:26s.  Time for last 1,000,000:    6s.  Last read position: 3:126,219,416
INFO	2016-07-06 19:41:40	MergeSamFiles	Processed    24,000,000 records.  Elapsed time: 00:02:33s.  Time for last 1,000,000:    6s.  Last read position: 3:162,328,279
INFO	2016-07-06 19:41:46	MergeSamFiles	Processed    25,000,000 records.  Elapsed time: 00:02:39s.  Time for last 1,000,000:    6s.  Last read position: 4:366,932
INFO	2016-07-06 19:41:53	MergeSamFiles	Processed    26,000,000 records.  Elapsed time: 00:02:46s.  Time for last 1,000,000:    6s.  Last read position: 4:40,263,690
INFO	2016-07-06 19:41:59	MergeSamFiles	Processed    27,000,000 records.  Elapsed time: 00:02:52s.  Time for last 1,000,000:    6s.  Last read position: 4:83,925,916
INFO	2016-07-06 19:42:05	MergeSamFiles	Processed    28,000,000 records.  Elapsed time: 00:02:58s.  Time for last 1,000,000:    6s.  Last read position: 4:131,727,285
INFO	2016-07-06 19:42:12	MergeSamFiles	Processed    29,000,000 records.  Elapsed time: 00:03:05s.  Time for last 1,000,000:    6s.  Last read position: 5:748,578
INFO	2016-07-06 19:42:18	MergeSamFiles	Processed    30,000,000 records.  Elapsed time: 00:03:12s.  Time for last 1,000,000:    6s.  Last read position: 5:56,509,945
INFO	2016-07-06 19:42:25	MergeSamFiles	Processed    31,000,000 records.  Elapsed time: 00:03:18s.  Time for last 1,000,000:    6s.  Last read position: 5:102,530,717
INFO	2016-07-06 19:42:31	MergeSamFiles	Processed    32,000,000 records.  Elapsed time: 00:03:24s.  Time for last 1,000,000:    6s.  Last read position: 5:140,237,238
INFO	2016-07-06 19:42:37	MergeSamFiles	Processed    33,000,000 records.  Elapsed time: 00:03:31s.  Time for last 1,000,000:    6s.  Last read position: 5:162,891,784
INFO	2016-07-06 19:42:44	MergeSamFiles	Processed    34,000,000 records.  Elapsed time: 00:03:37s.  Time for last 1,000,000:    6s.  Last read position: 6:13,612,030
INFO	2016-07-06 19:42:50	MergeSamFiles	Processed    35,000,000 records.  Elapsed time: 00:03:43s.  Time for last 1,000,000:    6s.  Last read position: 6:31,974,424
INFO	2016-07-06 19:42:57	MergeSamFiles	Processed    36,000,000 records.  Elapsed time: 00:03:50s.  Time for last 1,000,000:    6s.  Last read position: 6:43,488,140
INFO	2016-07-06 19:43:03	MergeSamFiles	Processed    37,000,000 records.  Elapsed time: 00:03:56s.  Time for last 1,000,000:    6s.  Last read position: 6:90,428,147
INFO	2016-07-06 19:43:09	MergeSamFiles	Processed    38,000,000 records.  Elapsed time: 00:04:02s.  Time for last 1,000,000:    6s.  Last read position: 6:138,026,792
INFO	2016-07-06 19:43:16	MergeSamFiles	Processed    39,000,000 records.  Elapsed time: 00:04:09s.  Time for last 1,000,000:    6s.  Last read position: 6:167,791,468
INFO	2016-07-06 19:43:22	MergeSamFiles	Processed    40,000,000 records.  Elapsed time: 00:04:15s.  Time for last 1,000,000:    6s.  Last read position: 7:36,464,064
INFO	2016-07-06 19:43:29	MergeSamFiles	Processed    41,000,000 records.  Elapsed time: 00:04:22s.  Time for last 1,000,000:    6s.  Last read position: 7:74,627,819
INFO	2016-07-06 19:43:35	MergeSamFiles	Processed    42,000,000 records.  Elapsed time: 00:04:28s.  Time for last 1,000,000:    6s.  Last read position: 7:100,410,718
INFO	2016-07-06 19:43:41	MergeSamFiles	Processed    43,000,000 records.  Elapsed time: 00:04:34s.  Time for last 1,000,000:    6s.  Last read position: 7:129,665,985
INFO	2016-07-06 19:43:47	MergeSamFiles	Processed    44,000,000 records.  Elapsed time: 00:04:41s.  Time for last 1,000,000:    6s.  Last read position: 7:151,261,160
INFO	2016-07-06 19:43:54	MergeSamFiles	Processed    45,000,000 records.  Elapsed time: 00:04:47s.  Time for last 1,000,000:    6s.  Last read position: 8:29,195,634
INFO	2016-07-06 19:44:00	MergeSamFiles	Processed    46,000,000 records.  Elapsed time: 00:04:54s.  Time for last 1,000,000:    6s.  Last read position: 8:86,115,408
INFO	2016-07-06 19:44:07	MergeSamFiles	Processed    47,000,000 records.  Elapsed time: 00:05:00s.  Time for last 1,000,000:    6s.  Last read position: 8:133,740,163
INFO	2016-07-06 19:44:13	MergeSamFiles	Processed    48,000,000 records.  Elapsed time: 00:05:06s.  Time for last 1,000,000:    6s.  Last read position: 9:27,296,725
INFO	2016-07-06 19:44:20	MergeSamFiles	Processed    49,000,000 records.  Elapsed time: 00:05:13s.  Time for last 1,000,000:    6s.  Last read position: 9:71,226,208
INFO	2016-07-06 19:44:26	MergeSamFiles	Processed    50,000,000 records.  Elapsed time: 00:05:19s.  Time for last 1,000,000:    6s.  Last read position: 9:107,298,610
INFO	2016-07-06 19:44:32	MergeSamFiles	Processed    51,000,000 records.  Elapsed time: 00:05:25s.  Time for last 1,000,000:    6s.  Last read position: 9:131,250,197
INFO	2016-07-06 19:44:39	MergeSamFiles	Processed    52,000,000 records.  Elapsed time: 00:05:32s.  Time for last 1,000,000:    6s.  Last read position: 10:7,659,095
INFO	2016-07-06 19:44:45	MergeSamFiles	Processed    53,000,000 records.  Elapsed time: 00:05:38s.  Time for last 1,000,000:    6s.  Last read position: 10:47,729,340
INFO	2016-07-06 19:44:51	MergeSamFiles	Processed    54,000,000 records.  Elapsed time: 00:05:45s.  Time for last 1,000,000:    6s.  Last read position: 10:78,869,922
INFO	2016-07-06 19:44:58	MergeSamFiles	Processed    55,000,000 records.  Elapsed time: 00:05:51s.  Time for last 1,000,000:    6s.  Last read position: 10:103,649,253
INFO	2016-07-06 19:45:04	MergeSamFiles	Processed    56,000,000 records.  Elapsed time: 00:05:57s.  Time for last 1,000,000:    6s.  Last read position: 10:134,230,557
INFO	2016-07-06 19:45:10	MergeSamFiles	Processed    57,000,000 records.  Elapsed time: 00:06:04s.  Time for last 1,000,000:    6s.  Last read position: 11:10,820,795
INFO	2016-07-06 19:45:17	MergeSamFiles	Processed    58,000,000 records.  Elapsed time: 00:06:10s.  Time for last 1,000,000:    6s.  Last read position: 11:47,772,808
INFO	2016-07-06 19:45:23	MergeSamFiles	Processed    59,000,000 records.  Elapsed time: 00:06:16s.  Time for last 1,000,000:    6s.  Last read position: 11:63,721,671
INFO	2016-07-06 19:45:30	MergeSamFiles	Processed    60,000,000 records.  Elapsed time: 00:06:23s.  Time for last 1,000,000:    6s.  Last read position: 11:75,438,615
INFO	2016-07-06 19:45:36	MergeSamFiles	Processed    61,000,000 records.  Elapsed time: 00:06:29s.  Time for last 1,000,000:    6s.  Last read position: 11:117,066,534
INFO	2016-07-06 19:45:42	MergeSamFiles	Processed    62,000,000 records.  Elapsed time: 00:06:35s.  Time for last 1,000,000:    6s.  Last read position: 12:2,891,249
INFO	2016-07-06 19:45:49	MergeSamFiles	Processed    63,000,000 records.  Elapsed time: 00:06:42s.  Time for last 1,000,000:    6s.  Last read position: 12:24,102,529
INFO	2016-07-06 19:45:55	MergeSamFiles	Processed    64,000,000 records.  Elapsed time: 00:06:48s.  Time for last 1,000,000:    6s.  Last read position: 12:52,845,336
INFO	2016-07-06 19:46:01	MergeSamFiles	Processed    65,000,000 records.  Elapsed time: 00:06:54s.  Time for last 1,000,000:    6s.  Last read position: 12:64,808,731
INFO	2016-07-06 19:46:08	MergeSamFiles	Processed    66,000,000 records.  Elapsed time: 00:07:01s.  Time for last 1,000,000:    6s.  Last read position: 12:108,168,951
INFO	2016-07-06 19:46:14	MergeSamFiles	Processed    67,000,000 records.  Elapsed time: 00:07:07s.  Time for last 1,000,000:    6s.  Last read position: 12:125,571,052
INFO	2016-07-06 19:46:20	MergeSamFiles	Processed    68,000,000 records.  Elapsed time: 00:07:14s.  Time for last 1,000,000:    6s.  Last read position: 13:46,276,547
INFO	2016-07-06 19:46:27	MergeSamFiles	Processed    69,000,000 records.  Elapsed time: 00:07:20s.  Time for last 1,000,000:    6s.  Last read position: 13:114,772,990
INFO	2016-07-06 19:46:33	MergeSamFiles	Processed    70,000,000 records.  Elapsed time: 00:07:26s.  Time for last 1,000,000:    6s.  Last read position: 14:36,018,412
INFO	2016-07-06 19:46:40	MergeSamFiles	Processed    71,000,000 records.  Elapsed time: 00:07:33s.  Time for last 1,000,000:    6s.  Last read position: 14:73,534,994
INFO	2016-07-06 19:46:46	MergeSamFiles	Processed    72,000,000 records.  Elapsed time: 00:07:39s.  Time for last 1,000,000:    6s.  Last read position: 14:102,891,563
INFO	2016-07-06 19:46:52	MergeSamFiles	Processed    73,000,000 records.  Elapsed time: 00:07:46s.  Time for last 1,000,000:    6s.  Last read position: 15:32,791,920
INFO	2016-07-06 19:46:59	MergeSamFiles	Processed    74,000,000 records.  Elapsed time: 00:07:52s.  Time for last 1,000,000:    6s.  Last read position: 15:48,756,095
INFO	2016-07-06 19:47:05	MergeSamFiles	Processed    75,000,000 records.  Elapsed time: 00:07:58s.  Time for last 1,000,000:    6s.  Last read position: 15:72,955,002
INFO	2016-07-06 19:47:12	MergeSamFiles	Processed    76,000,000 records.  Elapsed time: 00:08:05s.  Time for last 1,000,000:    6s.  Last read position: 15:91,428,393
INFO	2016-07-06 19:47:18	MergeSamFiles	Processed    77,000,000 records.  Elapsed time: 00:08:11s.  Time for last 1,000,000:    6s.  Last read position: 16:9,892,213
INFO	2016-07-06 19:47:25	MergeSamFiles	Processed    78,000,000 records.  Elapsed time: 00:08:18s.  Time for last 1,000,000:    6s.  Last read position: 16:27,008,330
INFO	2016-07-06 19:47:31	MergeSamFiles	Processed    79,000,000 records.  Elapsed time: 00:08:24s.  Time for last 1,000,000:    6s.  Last read position: 16:49,269,974
INFO	2016-07-06 19:47:37	MergeSamFiles	Processed    80,000,000 records.  Elapsed time: 00:08:30s.  Time for last 1,000,000:    6s.  Last read position: 16:70,512,469
INFO	2016-07-06 19:47:44	MergeSamFiles	Processed    81,000,000 records.  Elapsed time: 00:08:37s.  Time for last 1,000,000:    6s.  Last read position: 17:3,101,621
INFO	2016-07-06 19:47:50	MergeSamFiles	Processed    82,000,000 records.  Elapsed time: 00:08:43s.  Time for last 1,000,000:    6s.  Last read position: 17:10,409,073
INFO	2016-07-06 19:47:56	MergeSamFiles	Processed    83,000,000 records.  Elapsed time: 00:08:49s.  Time for last 1,000,000:    6s.  Last read position: 17:28,783,498
INFO	2016-07-06 19:48:03	MergeSamFiles	Processed    84,000,000 records.  Elapsed time: 00:08:56s.  Time for last 1,000,000:    6s.  Last read position: 17:38,508,603
INFO	2016-07-06 19:48:09	MergeSamFiles	Processed    85,000,000 records.  Elapsed time: 00:09:02s.  Time for last 1,000,000:    6s.  Last read position: 17:45,736,334
INFO	2016-07-06 19:48:15	MergeSamFiles	Processed    86,000,000 records.  Elapsed time: 00:09:08s.  Time for last 1,000,000:    6s.  Last read position: 17:62,891,738
INFO	2016-07-06 19:48:21	MergeSamFiles	Processed    87,000,000 records.  Elapsed time: 00:09:15s.  Time for last 1,000,000:    6s.  Last read position: 17:80,364,269
INFO	2016-07-06 19:48:28	MergeSamFiles	Processed    88,000,000 records.  Elapsed time: 00:09:21s.  Time for last 1,000,000:    6s.  Last read position: 18:44,560,728
INFO	2016-07-06 19:48:35	MergeSamFiles	Processed    89,000,000 records.  Elapsed time: 00:09:28s.  Time for last 1,000,000:    6s.  Last read position: 19:4,328,789
INFO	2016-07-06 19:48:41	MergeSamFiles	Processed    90,000,000 records.  Elapsed time: 00:09:34s.  Time for last 1,000,000:    6s.  Last read position: 19:12,244,577
INFO	2016-07-06 19:48:47	MergeSamFiles	Processed    91,000,000 records.  Elapsed time: 00:09:40s.  Time for last 1,000,000:    6s.  Last read position: 19:22,498,876
INFO	2016-07-06 19:48:53	MergeSamFiles	Processed    92,000,000 records.  Elapsed time: 00:09:46s.  Time for last 1,000,000:    6s.  Last read position: 19:41,385,972
INFO	2016-07-06 19:49:00	MergeSamFiles	Processed    93,000,000 records.  Elapsed time: 00:09:53s.  Time for last 1,000,000:    6s.  Last read position: 19:49,548,356
INFO	2016-07-06 19:49:07	MergeSamFiles	Processed    94,000,000 records.  Elapsed time: 00:10:00s.  Time for last 1,000,000:    6s.  Last read position: 19:56,369,461
INFO	2016-07-06 19:49:13	MergeSamFiles	Processed    95,000,000 records.  Elapsed time: 00:10:06s.  Time for last 1,000,000:    6s.  Last read position: 20:24,993,194
INFO	2016-07-06 19:49:20	MergeSamFiles	Processed    96,000,000 records.  Elapsed time: 00:10:13s.  Time for last 1,000,000:    7s.  Last read position: 20:45,630,058
INFO	2016-07-06 19:49:26	MergeSamFiles	Processed    97,000,000 records.  Elapsed time: 00:10:19s.  Time for last 1,000,000:    6s.  Last read position: 21:34,117,821
INFO	2016-07-06 19:49:36	MergeSamFiles	Processed    98,000,000 records.  Elapsed time: 00:10:29s.  Time for last 1,000,000:    9s.  Last read position: 22:20,307,506
INFO	2016-07-06 19:50:04	MergeSamFiles	Processed    99,000,000 records.  Elapsed time: 00:10:57s.  Time for last 1,000,000:   27s.  Last read position: 22:37,770,354
INFO	2016-07-06 19:50:53	MergeSamFiles	Processed   100,000,000 records.  Elapsed time: 00:11:47s.  Time for last 1,000,000:   49s.  Last read position: X:10,094,101
INFO	2016-07-06 19:51:32	MergeSamFiles	Processed   101,000,000 records.  Elapsed time: 00:12:25s.  Time for last 1,000,000:   38s.  Last read position: X:70,324,620
INFO	2016-07-06 19:52:01	MergeSamFiles	Processed   102,000,000 records.  Elapsed time: 00:12:54s.  Time for last 1,000,000:   28s.  Last read position: X:134,887,424
INFO	2016-07-06 19:52:28	MergeSamFiles	Finished reading inputs.
[Wed Jul 06 19:52:28 EDT 2016] picard.sam.MergeSamFiles done. Elapsed time: 13.37 minutes.
Runtime.totalMemory()=1845493760
