INFO  17:35:10,058 HelpFormatter - --------------------------------------------------------------------------------- 
INFO  17:35:10,060 HelpFormatter - The Genome Analysis Toolkit (GATK) v3.4-46-g8ea4dca, Compiled 2015/08/13 20:41:56 
INFO  17:35:10,060 HelpFormatter - Copyright (c) 2010 The Broad Institute 
INFO  17:35:10,061 HelpFormatter - For support and documentation go to http://www.broadinstitute.org/gatk 
INFO  17:35:10,064 HelpFormatter - Program Args: -T BaseRecalibrator -I /home/opt/data/broadout/FC1-NA12878-01_S1_L001_gatk_best_practices_36t_30s_2015-11-10_16-39-49/FC1-NA12878-01_S1_L001_realign.bam -L /home/beris/Broad_Ref_Pipeline_approved_package/workflow_profiler/.queue/scatterGather/ExampleBaseRecalibrator-1-sg/temp_05_of_24/scatter.intervals -R /home/beris/Broad_Ref_Pipeline_approved_package/homosapiensrefgenome/Homo_sapiens_assembly19.fasta -knownSites /home/beris/Broad_Ref_Pipeline_approved_package/homosapiensrefgenome/Homo_sapiens_assembly19.dbsnp.vcf -o /home/beris/Broad_Ref_Pipeline_approved_package/workflow_profiler/.queue/scatterGather/ExampleBaseRecalibrator-1-sg/temp_05_of_24/FC1-NA12878-01_S1_L001_recal.grp 
INFO  17:35:10,074 HelpFormatter - Executing as beris@dna on Linux 2.6.32-573.el6.x86_64 amd64; OpenJDK 64-Bit Server VM 1.7.0_79-mockbuild_2015_07_24_09_26-b00. 
INFO  17:35:10,074 HelpFormatter - Date/Time: 2015/11/10 17:35:10 
INFO  17:35:10,074 HelpFormatter - --------------------------------------------------------------------------------- 
INFO  17:35:10,074 HelpFormatter - --------------------------------------------------------------------------------- 
INFO  17:35:10,156 GenomeAnalysisEngine - Strictness is SILENT 
INFO  17:35:10,253 GenomeAnalysisEngine - Downsampling Settings: No downsampling 
INFO  17:35:10,260 SAMDataSource$SAMReaders - Initializing SAMRecords in serial 
INFO  17:35:10,291 SAMDataSource$SAMReaders - Done initializing BAM readers: total time 0.03 
INFO  17:35:10,673 IntervalUtils - Processing 1604119 bp from intervals 
INFO  17:35:10,794 GenomeAnalysisEngine - Preparing for traversal over 1 BAM files 
INFO  17:35:11,282 GenomeAnalysisEngine - Done preparing for traversal 
INFO  17:35:11,295 ProgressMeter - [INITIALIZATION COMPLETE; STARTING PROCESSING] 
INFO  17:35:11,296 ProgressMeter -                 | processed |    time |    per 1M |           |   total | remaining 
INFO  17:35:11,296 ProgressMeter -        Location |     reads | elapsed |     reads | completed | runtime |   runtime 
INFO  17:35:11,344 BaseRecalibrator - The covariates being used here:  
INFO  17:35:11,358 BaseRecalibrator - 	ReadGroupCovariate 
INFO  17:35:11,359 BaseRecalibrator - 	QualityScoreCovariate 
INFO  17:35:11,359 BaseRecalibrator - 	ContextCovariate 
INFO  17:35:11,359 ContextCovariate - 		Context sizes: base substitution model 2, indel substitution model 3 
INFO  17:35:11,360 BaseRecalibrator - 	CycleCovariate 
INFO  17:35:11,362 ReadShardBalancer$1 - Loading BAM index data 
INFO  17:35:11,675 ReadShardBalancer$1 - Done loading BAM index data 
INFO  17:35:41,314 ProgressMeter -      5:36255745         0.0    30.0 s      49.6 w       14.2%     3.5 m       3.0 m 
INFO  17:36:11,316 ProgressMeter -      5:80762958    200003.0    60.0 s       5.0 m       39.4%     2.5 m      92.0 s 
INFO  17:36:41,318 ProgressMeter -     5:148590453    500013.0    90.0 s       3.0 m       74.8%   120.0 s      30.0 s 
INFO  17:36:57,403 BaseRecalibrator - Calculating quantized quality scores... 
INFO  17:36:57,459 BaseRecalibrator - Writing recalibration report... 
INFO  17:36:58,143 BaseRecalibrator - ...done! 
INFO  17:36:58,143 BaseRecalibrator - BaseRecalibrator was able to recalibrate 706865 reads 
INFO  17:36:58,144 ProgressMeter -            done    706865.0   106.0 s       2.5 m      100.0%   106.0 s       0.0 s 
INFO  17:36:58,144 ProgressMeter - Total runtime 106.85 secs, 1.78 min, 0.03 hours 
INFO  17:36:58,144 MicroScheduler - 43176 reads were filtered out during the traversal out of approximately 750041 total reads (5.76%) 
INFO  17:36:58,145 MicroScheduler -   -> 0 reads (0.00% of total) failing BadCigarFilter 
INFO  17:36:58,145 MicroScheduler -   -> 27226 reads (3.63% of total) failing DuplicateReadFilter 
INFO  17:36:58,145 MicroScheduler -   -> 0 reads (0.00% of total) failing FailsVendorQualityCheckFilter 
INFO  17:36:58,145 MicroScheduler -   -> 0 reads (0.00% of total) failing MalformedReadFilter 
INFO  17:36:58,145 MicroScheduler -   -> 0 reads (0.00% of total) failing MappingQualityUnavailableFilter 
INFO  17:36:58,146 MicroScheduler -   -> 15853 reads (2.11% of total) failing MappingQualityZeroFilter 
INFO  17:36:58,146 MicroScheduler -   -> 97 reads (0.01% of total) failing NotPrimaryAlignmentFilter 
INFO  17:36:58,146 MicroScheduler -   -> 0 reads (0.00% of total) failing UnmappedReadFilter 
