INFO  19:49:46,109 HelpFormatter - --------------------------------------------------------------------------------- 
INFO  19:49:46,120 HelpFormatter - The Genome Analysis Toolkit (GATK) v3.4-46-g8ea4dca, Compiled 2015/08/13 20:41:56 
INFO  19:49:46,121 HelpFormatter - Copyright (c) 2010 The Broad Institute 
INFO  19:49:46,121 HelpFormatter - For support and documentation go to http://www.broadinstitute.org/gatk 
INFO  19:49:46,124 HelpFormatter - Program Args: -T BaseRecalibrator -I /mnt/nvme0n1/data/broadout/HG02561_gatk_best_practices_8t_30s_2016-07-06_18-21-00/HG02561_realign.bam -L /mnt/nvme0n1/Broad_Ref_Pipeline_approved_package/workflow_profiler/.queue/scatterGather/ExampleBaseRecalibrator-1-sg/temp_05_of_24/scatter.intervals -R /mnt/nvme0n1/Broad_Ref_Pipeline_approved_package/b37bundle/human_g1k_v37.fasta -knownSites /mnt/nvme0n1/Broad_Ref_Pipeline_approved_package/b37bundle/dbsnp_138.b37.vcf -o /mnt/nvme0n1/Broad_Ref_Pipeline_approved_package/workflow_profiler/.queue/scatterGather/ExampleBaseRecalibrator-1-sg/temp_05_of_24/HG02561_recal.grp 
INFO  19:49:46,147 HelpFormatter - Executing as bshifaw@application-1-1.hudson.intel.com on Linux 3.10.0-327.el7.x86_64 amd64; OpenJDK 64-Bit Server VM 1.8.0_91-b14. 
INFO  19:49:46,148 HelpFormatter - Date/Time: 2016/07/06 19:49:46 
INFO  19:49:46,148 HelpFormatter - --------------------------------------------------------------------------------- 
INFO  19:49:46,153 HelpFormatter - --------------------------------------------------------------------------------- 
INFO  19:49:46,434 GenomeAnalysisEngine - Strictness is SILENT 
INFO  19:49:46,743 GenomeAnalysisEngine - Downsampling Settings: No downsampling 
INFO  19:49:46,768 SAMDataSource$SAMReaders - Initializing SAMRecords in serial 
INFO  19:49:46,848 SAMDataSource$SAMReaders - Done initializing BAM readers: total time 0.08 
INFO  19:49:47,702 IntervalUtils - Processing 2360165 bp from intervals 
INFO  19:49:47,933 GenomeAnalysisEngine - Preparing for traversal over 1 BAM files 
INFO  19:49:48,255 GenomeAnalysisEngine - Done preparing for traversal 
INFO  19:49:48,270 ProgressMeter - [INITIALIZATION COMPLETE; STARTING PROCESSING] 
INFO  19:49:48,274 ProgressMeter -                 | processed |    time |    per 1M |           |   total | remaining 
INFO  19:49:48,274 ProgressMeter -        Location |     reads | elapsed |     reads | completed | runtime |   runtime 
INFO  19:49:48,348 BaseRecalibrator - The covariates being used here:  
INFO  19:49:48,349 BaseRecalibrator - 	ReadGroupCovariate 
INFO  19:49:48,356 BaseRecalibrator - 	QualityScoreCovariate 
INFO  19:49:48,357 BaseRecalibrator - 	ContextCovariate 
INFO  19:49:48,357 ContextCovariate - 		Context sizes: base substitution model 2, indel substitution model 3 
INFO  19:49:48,357 BaseRecalibrator - 	CycleCovariate 
INFO  19:49:48,359 ReadShardBalancer$1 - Loading BAM index data 
INFO  19:49:48,661 ReadShardBalancer$1 - Done loading BAM index data 
INFO  19:50:18,317 ProgressMeter -        5:231138         0.0    30.0 s      49.7 w        0.4%   118.1 m     117.6 m 
INFO  19:50:48,372 ProgressMeter -       5:6602576         0.0    60.0 s      99.4 w        3.8%    26.1 m      25.1 m 
INFO  19:51:19,726 ProgressMeter -      5:13882926    100003.0    91.0 s      15.2 m        6.5%    23.3 m      21.8 m 
INFO  19:51:50,782 ProgressMeter -      5:32088493    300007.0     2.0 m       6.8 m       10.1%    20.2 m      18.1 m 
INFO  19:52:21,943 ProgressMeter -      5:38438548    400011.0     2.6 m       6.4 m       15.5%    16.4 m      13.9 m 
INFO  19:52:51,945 ProgressMeter -      5:54603853    600019.0     3.1 m       5.1 m       21.7%    14.1 m      11.0 m 
INFO  19:53:21,946 ProgressMeter -      5:70948612    900027.0     3.6 m       4.0 m       29.8%    11.9 m       8.3 m 
INFO  19:53:53,017 ProgressMeter -      5:80640030   1200033.0     4.1 m       3.4 m       37.8%    10.7 m       6.7 m 
INFO  19:54:23,022 ProgressMeter -     5:112178131   1400036.0     4.6 m       3.3 m       47.1%     9.7 m       5.1 m 
INFO  19:54:53,024 ProgressMeter -     5:122927083   1600039.0     5.1 m       3.2 m       51.2%     9.9 m       4.8 m 
INFO  19:55:23,025 ProgressMeter -     5:131728147   1700042.0     5.6 m       3.3 m       55.2%    10.1 m       4.5 m 
INFO  19:55:53,095 ProgressMeter -     5:137520838   1900049.0     6.1 m       3.2 m       60.7%    10.0 m       3.9 m 
INFO  19:56:23,098 ProgressMeter -     5:140057590   2100051.0     6.6 m       3.1 m       65.0%    10.1 m       3.5 m 
INFO  19:56:53,100 ProgressMeter -     5:140605248   2300055.0     7.1 m       3.1 m       68.4%    10.3 m       3.3 m 
INFO  19:57:23,103 ProgressMeter -     5:145522629   2500059.0     7.6 m       3.0 m       73.7%    10.3 m       2.7 m 
INFO  19:57:53,489 ProgressMeter -     5:150278225   2700064.0     8.1 m       3.0 m       79.5%    10.2 m       2.1 m 
INFO  19:58:23,491 ProgressMeter -     5:167824798   2900068.0     8.6 m       3.0 m       87.1%     9.9 m      76.0 s 
INFO  19:58:53,495 ProgressMeter -     5:177682009   3200075.0     9.1 m       2.8 m       95.9%     9.5 m      23.0 s 
INFO  19:59:02,520 BaseRecalibrator - Calculating quantized quality scores... 
INFO  19:59:02,579 BaseRecalibrator - Writing recalibration report... 
INFO  19:59:04,209 BaseRecalibrator - ...done! 
INFO  19:59:04,210 BaseRecalibrator - BaseRecalibrator was able to recalibrate 3436074 reads 
INFO  19:59:04,218 ProgressMeter -            done   3436074.0     9.3 m       2.7 m      100.0%     9.3 m       0.0 s 
INFO  19:59:04,218 ProgressMeter - Total runtime 555.95 secs, 9.27 min, 0.15 hours 
INFO  19:59:04,219 MicroScheduler - 743457 reads were filtered out during the traversal out of approximately 4179531 total reads (17.79%) 
INFO  19:59:04,219 MicroScheduler -   -> 0 reads (0.00% of total) failing BadCigarFilter 
INFO  19:59:04,219 MicroScheduler -   -> 584868 reads (13.99% of total) failing DuplicateReadFilter 
INFO  19:59:04,219 MicroScheduler -   -> 0 reads (0.00% of total) failing FailsVendorQualityCheckFilter 
INFO  19:59:04,219 MicroScheduler -   -> 0 reads (0.00% of total) failing MalformedReadFilter 
INFO  19:59:04,220 MicroScheduler -   -> 0 reads (0.00% of total) failing MappingQualityUnavailableFilter 
INFO  19:59:04,220 MicroScheduler -   -> 158321 reads (3.79% of total) failing MappingQualityZeroFilter 
INFO  19:59:04,221 MicroScheduler -   -> 268 reads (0.01% of total) failing NotPrimaryAlignmentFilter 
INFO  19:59:04,221 MicroScheduler -   -> 0 reads (0.00% of total) failing UnmappedReadFilter 
