INFO  19:49:32,463 HelpFormatter - --------------------------------------------------------------------------------- 
INFO  19:49:32,465 HelpFormatter - The Genome Analysis Toolkit (GATK) v3.4-46-g8ea4dca, Compiled 2015/08/13 20:41:56 
INFO  19:49:32,465 HelpFormatter - Copyright (c) 2010 The Broad Institute 
INFO  19:49:32,465 HelpFormatter - For support and documentation go to http://www.broadinstitute.org/gatk 
INFO  19:49:32,468 HelpFormatter - Program Args: -T BaseRecalibrator -I /mnt/nvme0n1/data/broadout/HG02571_gatk_best_practices_8t_30s_2016-07-06_18-21-01/HG02571_realign.bam -L /mnt/nvme0n1/Broad_Ref_Pipeline_approved_package/workflow_profiler/.queue/scatterGather/ExampleBaseRecalibrator-1-sg/temp_05_of_24/scatter.intervals -R /mnt/nvme0n1/Broad_Ref_Pipeline_approved_package/b37bundle/human_g1k_v37.fasta -knownSites /mnt/nvme0n1/Broad_Ref_Pipeline_approved_package/b37bundle/dbsnp_138.b37.vcf -o /mnt/nvme0n1/Broad_Ref_Pipeline_approved_package/workflow_profiler/.queue/scatterGather/ExampleBaseRecalibrator-1-sg/temp_05_of_24/HG02571_recal.grp 
INFO  19:49:32,490 HelpFormatter - Executing as bshifaw@application-1-1.hudson.intel.com on Linux 3.10.0-327.el7.x86_64 amd64; OpenJDK 64-Bit Server VM 1.8.0_91-b14. 
INFO  19:49:32,499 HelpFormatter - Date/Time: 2016/07/06 19:49:32 
INFO  19:49:32,499 HelpFormatter - --------------------------------------------------------------------------------- 
INFO  19:49:32,500 HelpFormatter - --------------------------------------------------------------------------------- 
INFO  19:49:32,628 GenomeAnalysisEngine - Strictness is SILENT 
INFO  19:49:32,769 GenomeAnalysisEngine - Downsampling Settings: No downsampling 
INFO  19:49:32,775 SAMDataSource$SAMReaders - Initializing SAMRecords in serial 
INFO  19:49:32,852 SAMDataSource$SAMReaders - Done initializing BAM readers: total time 0.08 
INFO  19:49:33,379 IntervalUtils - Processing 2360165 bp from intervals 
INFO  19:49:33,525 GenomeAnalysisEngine - Preparing for traversal over 1 BAM files 
INFO  19:49:33,859 GenomeAnalysisEngine - Done preparing for traversal 
INFO  19:49:33,861 ProgressMeter - [INITIALIZATION COMPLETE; STARTING PROCESSING] 
INFO  19:49:33,873 ProgressMeter -                 | processed |    time |    per 1M |           |   total | remaining 
INFO  19:49:33,880 ProgressMeter -        Location |     reads | elapsed |     reads | completed | runtime |   runtime 
INFO  19:49:34,099 BaseRecalibrator - The covariates being used here:  
INFO  19:49:34,099 BaseRecalibrator - 	ReadGroupCovariate 
INFO  19:49:34,099 BaseRecalibrator - 	QualityScoreCovariate 
INFO  19:49:34,099 BaseRecalibrator - 	ContextCovariate 
INFO  19:49:34,099 ContextCovariate - 		Context sizes: base substitution model 2, indel substitution model 3 
INFO  19:49:34,100 BaseRecalibrator - 	CycleCovariate 
INFO  19:49:34,101 ReadShardBalancer$1 - Loading BAM index data 
INFO  19:49:34,307 ReadShardBalancer$1 - Done loading BAM index data 
INFO  19:50:04,979 ProgressMeter -       5:1325880         0.0    31.0 s      51.5 w        2.4%    21.2 m      20.7 m 
INFO  19:50:37,391 ProgressMeter -      5:13714597    100002.0    63.0 s      10.6 m        5.8%    18.0 m      16.9 m 
INFO  19:51:07,610 ProgressMeter -      5:21975262    200004.0    93.0 s       7.8 m        8.8%    17.7 m      16.2 m 
INFO  19:51:37,882 ProgressMeter -      5:35010128    300007.0     2.1 m       6.9 m       12.3%    16.9 m      14.8 m 
INFO  19:52:07,888 ProgressMeter -      5:38967301    400010.0     2.6 m       6.4 m       16.3%    15.8 m      13.2 m 
INFO  19:52:37,889 ProgressMeter -      5:54948482    600013.0     3.1 m       5.1 m       22.1%    13.9 m      10.8 m 
INFO  19:53:09,364 ProgressMeter -      5:71495422    800018.0     3.6 m       4.5 m       30.2%    11.9 m       8.3 m 
INFO  19:53:40,731 ProgressMeter -      5:80057537   1100026.0     4.1 m       3.7 m       37.2%    11.0 m       6.9 m 
INFO  19:54:10,838 ProgressMeter -     5:102513709   1300030.0     4.6 m       3.6 m       45.2%    10.2 m       5.6 m 
INFO  19:54:40,840 ProgressMeter -     5:126769186   1500032.0     5.1 m       3.4 m       52.1%     9.8 m       4.7 m 
INFO  19:55:13,950 ProgressMeter -     5:132228794   1700036.0     5.7 m       3.3 m       56.4%    10.0 m       4.4 m 
INFO  19:55:44,366 ProgressMeter -     5:138261123   1900041.0     6.2 m       3.2 m       62.1%     9.9 m       3.8 m 
INFO  19:56:15,682 ProgressMeter -     5:140554138   2100043.0     6.7 m       3.2 m       67.5%     9.9 m       3.2 m 
INFO  19:56:45,684 ProgressMeter -     5:141304214   2300046.0     7.2 m       3.1 m       72.2%     9.9 m       2.8 m 
INFO  19:57:15,686 ProgressMeter -     5:149582213   2500058.0     7.7 m       3.1 m       78.1%     9.8 m       2.2 m 
INFO  19:57:47,087 ProgressMeter -     5:156679663   2700126.0     8.2 m       3.0 m       83.4%     9.8 m      97.0 s 
INFO  19:58:17,089 ProgressMeter -     5:175530217   2900134.0     8.7 m       3.0 m       91.1%     9.6 m      51.0 s 
INFO  19:58:41,303 BaseRecalibrator - Calculating quantized quality scores... 
INFO  19:58:41,358 BaseRecalibrator - Writing recalibration report... 
INFO  19:58:43,381 BaseRecalibrator - ...done! 
INFO  19:58:43,404 BaseRecalibrator - BaseRecalibrator was able to recalibrate 3241413 reads 
INFO  19:58:43,405 ProgressMeter -            done   3241413.0     9.2 m       2.8 m      100.0%     9.2 m       0.0 s 
INFO  19:58:43,405 ProgressMeter - Total runtime 549.55 secs, 9.16 min, 0.15 hours 
INFO  19:58:43,406 MicroScheduler - 773003 reads were filtered out during the traversal out of approximately 4014416 total reads (19.26%) 
INFO  19:58:43,406 MicroScheduler -   -> 0 reads (0.00% of total) failing BadCigarFilter 
INFO  19:58:43,406 MicroScheduler -   -> 620147 reads (15.45% of total) failing DuplicateReadFilter 
INFO  19:58:43,407 MicroScheduler -   -> 0 reads (0.00% of total) failing FailsVendorQualityCheckFilter 
INFO  19:58:43,407 MicroScheduler -   -> 0 reads (0.00% of total) failing MalformedReadFilter 
INFO  19:58:43,407 MicroScheduler -   -> 0 reads (0.00% of total) failing MappingQualityUnavailableFilter 
INFO  19:58:43,407 MicroScheduler -   -> 152528 reads (3.80% of total) failing MappingQualityZeroFilter 
INFO  19:58:43,407 MicroScheduler -   -> 328 reads (0.01% of total) failing NotPrimaryAlignmentFilter 
INFO  19:58:43,407 MicroScheduler -   -> 0 reads (0.00% of total) failing UnmappedReadFilter 
