INFO  14:22:16,965 HelpFormatter - --------------------------------------------------------------------------------- 
INFO  14:22:16,967 HelpFormatter - The Genome Analysis Toolkit (GATK) v3.4-46-g8ea4dca, Compiled 2015/08/13 20:41:56 
INFO  14:22:16,967 HelpFormatter - Copyright (c) 2010 The Broad Institute 
INFO  14:22:16,968 HelpFormatter - For support and documentation go to http://www.broadinstitute.org/gatk 
INFO  14:22:16,974 HelpFormatter - Program Args: -T BaseRecalibrator -I /mnt/sdb/data/broadout/sim1M_pairs_gatk_best_practices_12t_30s_2016-07-25_14-09-52/sim1M_pairs_realign.bam -L /mnt/sdb/Broad_Ref_Pipeline_approved_package/workflow_profiler/.queue/scatterGather/ExampleBaseRecalibrator-1-sg/temp_05_of_24/scatter.intervals -R /mnt/sdb/Broad_Ref_Pipeline_approved_package/b37bundle/human_g1k_v37.fasta -knownSites /mnt/sdb/Broad_Ref_Pipeline_approved_package/b37bundle/dbsnp_138.b37.vcf -o /mnt/sdb/Broad_Ref_Pipeline_approved_package/workflow_profiler/.queue/scatterGather/ExampleBaseRecalibrator-1-sg/temp_05_of_24/sim1M_pairs_recal.grp 
INFO  14:22:16,987 HelpFormatter - Executing as bshifaw@application-0-1.hudson.intel.com on Linux 3.10.0-327.el7.x86_64 amd64; OpenJDK 64-Bit Server VM 1.8.0_101-b13. 
INFO  14:22:16,988 HelpFormatter - Date/Time: 2016/07/25 14:22:16 
INFO  14:22:16,988 HelpFormatter - --------------------------------------------------------------------------------- 
INFO  14:22:16,988 HelpFormatter - --------------------------------------------------------------------------------- 
INFO  14:22:17,124 GenomeAnalysisEngine - Strictness is SILENT 
INFO  14:22:17,264 GenomeAnalysisEngine - Downsampling Settings: No downsampling 
INFO  14:22:17,270 SAMDataSource$SAMReaders - Initializing SAMRecords in serial 
INFO  14:22:17,396 SAMDataSource$SAMReaders - Done initializing BAM readers: total time 0.13 
INFO  14:22:17,837 IntervalUtils - Processing 2360165 bp from intervals 
INFO  14:22:18,005 GenomeAnalysisEngine - Preparing for traversal over 1 BAM files 
INFO  14:22:18,211 GenomeAnalysisEngine - Done preparing for traversal 
INFO  14:22:18,229 ProgressMeter - [INITIALIZATION COMPLETE; STARTING PROCESSING] 
INFO  14:22:18,229 ProgressMeter -                 | processed |    time |    per 1M |           |   total | remaining 
INFO  14:22:18,229 ProgressMeter -        Location |     reads | elapsed |     reads | completed | runtime |   runtime 
INFO  14:22:18,291 BaseRecalibrator - The covariates being used here:  
INFO  14:22:18,292 BaseRecalibrator - 	ReadGroupCovariate 
INFO  14:22:18,293 BaseRecalibrator - 	QualityScoreCovariate 
INFO  14:22:18,293 BaseRecalibrator - 	ContextCovariate 
INFO  14:22:18,293 ContextCovariate - 		Context sizes: base substitution model 2, indel substitution model 3 
INFO  14:22:18,293 BaseRecalibrator - 	CycleCovariate 
INFO  14:22:18,295 ReadShardBalancer$1 - Loading BAM index data 
INFO  14:22:18,463 ReadShardBalancer$1 - Done loading BAM index data 
INFO  14:22:37,687 BaseRecalibrator - Calculating quantized quality scores... 
INFO  14:22:37,706 BaseRecalibrator - Writing recalibration report... 
INFO  14:22:38,323 BaseRecalibrator - ...done! 
INFO  14:22:38,324 BaseRecalibrator - BaseRecalibrator was able to recalibrate 2074 reads 
INFO  14:22:38,326 ProgressMeter -            done      2074.0    20.0 s       2.7 h       96.4%    20.0 s       0.0 s 
INFO  14:22:38,326 ProgressMeter - Total runtime 20.10 secs, 0.33 min, 0.01 hours 
INFO  14:22:38,327 MicroScheduler - 21 reads were filtered out during the traversal out of approximately 2095 total reads (1.00%) 
INFO  14:22:38,327 MicroScheduler -   -> 0 reads (0.00% of total) failing BadCigarFilter 
INFO  14:22:38,327 MicroScheduler -   -> 0 reads (0.00% of total) failing DuplicateReadFilter 
INFO  14:22:38,327 MicroScheduler -   -> 0 reads (0.00% of total) failing FailsVendorQualityCheckFilter 
INFO  14:22:38,327 MicroScheduler -   -> 0 reads (0.00% of total) failing MalformedReadFilter 
INFO  14:22:38,328 MicroScheduler -   -> 0 reads (0.00% of total) failing MappingQualityUnavailableFilter 
INFO  14:22:38,328 MicroScheduler -   -> 21 reads (1.00% of total) failing MappingQualityZeroFilter 
INFO  14:22:38,328 MicroScheduler -   -> 0 reads (0.00% of total) failing NotPrimaryAlignmentFilter 
INFO  14:22:38,328 MicroScheduler -   -> 0 reads (0.00% of total) failing UnmappedReadFilter 
