INFO  17:41:18,128 HelpFormatter - --------------------------------------------------------------------------------- 
INFO  17:41:18,130 HelpFormatter - The Genome Analysis Toolkit (GATK) v3.4-46-g8ea4dca, Compiled 2015/08/13 20:41:56 
INFO  17:41:18,130 HelpFormatter - Copyright (c) 2010 The Broad Institute 
INFO  17:41:18,130 HelpFormatter - For support and documentation go to http://www.broadinstitute.org/gatk 
INFO  17:41:18,134 HelpFormatter - Program Args: -T PrintReads -I /home/opt/data/broadout/FC1-NA12878-01_S1_L001_gatk_best_practices_36t_30s_2015-11-10_16-39-49/FC1-NA12878-01_S1_L001_realign.bam -L /home/beris/Broad_Ref_Pipeline_approved_package/workflow_profiler/.queue/scatterGather/ExamplePrintReads-1-sg/temp_09_of_36/scatter.intervals -R /home/beris/Broad_Ref_Pipeline_approved_package/homosapiensrefgenome/Homo_sapiens_assembly19.fasta -BQSR /home/opt/data/broadout/FC1-NA12878-01_S1_L001_gatk_best_practices_36t_30s_2015-11-10_16-39-49/FC1-NA12878-01_S1_L001_recal.grp -o /home/beris/Broad_Ref_Pipeline_approved_package/workflow_profiler/.queue/scatterGather/ExamplePrintReads-1-sg/temp_09_of_36/FC1-NA12878-01_S1_L001_final.bam 
INFO  17:41:18,166 HelpFormatter - Executing as beris@dna on Linux 2.6.32-573.el6.x86_64 amd64; OpenJDK 64-Bit Server VM 1.7.0_79-mockbuild_2015_07_24_09_26-b00. 
INFO  17:41:18,166 HelpFormatter - Date/Time: 2015/11/10 17:41:18 
INFO  17:41:18,166 HelpFormatter - --------------------------------------------------------------------------------- 
INFO  17:41:18,167 HelpFormatter - --------------------------------------------------------------------------------- 
INFO  17:41:18,299 GenomeAnalysisEngine - Strictness is SILENT 
INFO  17:41:19,463 ContextCovariate - 		Context sizes: base substitution model 2, indel substitution model 3 
INFO  17:41:19,507 GenomeAnalysisEngine - Downsampling Settings: No downsampling 
INFO  17:41:19,522 SAMDataSource$SAMReaders - Initializing SAMRecords in serial 
INFO  17:41:19,580 SAMDataSource$SAMReaders - Done initializing BAM readers: total time 0.06 
INFO  17:41:19,620 IntervalUtils - Processing 141213431 bp from intervals 
INFO  17:41:19,745 GenomeAnalysisEngine - Preparing for traversal over 1 BAM files 
INFO  17:41:20,424 GenomeAnalysisEngine - Done preparing for traversal 
INFO  17:41:20,429 ProgressMeter - [INITIALIZATION COMPLETE; STARTING PROCESSING] 
INFO  17:41:20,429 ProgressMeter -                 | processed |    time |    per 1M |           |   total | remaining 
INFO  17:41:20,429 ProgressMeter -        Location |     reads | elapsed |     reads | completed | runtime |   runtime 
INFO  17:41:20,439 ReadShardBalancer$1 - Loading BAM index data 
INFO  17:41:21,400 ReadShardBalancer$1 - Done loading BAM index data 
INFO  17:41:50,462 ProgressMeter -      9:34241896    200002.0    30.0 s       2.5 m       24.2%     2.1 m      93.0 s 
INFO  17:42:20,463 ProgressMeter -      9:70918348    500012.0    60.0 s     120.0 s       50.2%   119.0 s      59.0 s 
INFO  17:42:50,464 ProgressMeter -     9:101355388    800016.0    90.0 s     112.0 s       71.8%     2.1 m      35.0 s 
INFO  17:43:20,465 ProgressMeter -     9:131109066   1100020.0   120.0 s     109.0 s       92.8%     2.2 m       9.0 s 
INFO  17:43:39,173 Walker - [REDUCE RESULT] Traversal result is: org.broadinstitute.gatk.engine.io.stubs.SAMFileWriterStub@3ae3a5d0 
INFO  17:43:40,582 ProgressMeter -            done   1402859.0     2.3 m      99.0 s       99.9%     2.3 m       0.0 s 
INFO  17:43:40,582 ProgressMeter - Total runtime 140.15 secs, 2.34 min, 0.04 hours 
INFO  17:43:40,582 MicroScheduler - 0 reads were filtered out during the traversal out of approximately 1402859 total reads (0.00%) 
INFO  17:43:40,582 MicroScheduler -   -> 0 reads (0.00% of total) failing BadCigarFilter 
INFO  17:43:40,583 MicroScheduler -   -> 0 reads (0.00% of total) failing MalformedReadFilter 
