INFO  16:06:17,624 HelpFormatter - --------------------------------------------------------------------------------- 
INFO  16:06:17,627 HelpFormatter - The Genome Analysis Toolkit (GATK) v3.4-46-g8ea4dca, Compiled 2015/08/13 20:41:56 
INFO  16:06:17,627 HelpFormatter - Copyright (c) 2010 The Broad Institute 
INFO  16:06:17,627 HelpFormatter - For support and documentation go to http://www.broadinstitute.org/gatk 
INFO  16:06:17,630 HelpFormatter - Program Args: -T PrintReads -I /mnt/sdb/data/broadout/sim1M_pairs_gatk_best_practices_36t_30s_2016-09-26_15-40-42/sim1M_pairs_realign.bam -L /home/bshifaw/gitrepos/Reference-Design/Broad_Ref_Pip/workflow_profiler/.queue/scatterGather/ExamplePrintReads-1-sg/temp_09_of_36/scatter.intervals -R /mnt/sdb/Broad_Ref_Pipeline_approved_package/homosapiensrefgenome/Homo_sapiens_assembly19.fasta -BQSR /mnt/sdb/data/broadout/sim1M_pairs_gatk_best_practices_36t_30s_2016-09-26_15-40-42/sim1M_pairs_recal.grp -o /home/bshifaw/gitrepos/Reference-Design/Broad_Ref_Pip/workflow_profiler/.queue/scatterGather/ExamplePrintReads-1-sg/temp_09_of_36/sim1M_pairs_final.bam 
INFO  16:06:17,648 HelpFormatter - Executing as bshifaw@application-0-1.hudson.intel.com on Linux 3.10.0-327.13.1.el7.x86_64 amd64; OpenJDK 64-Bit Server VM 1.8.0_102-b14. 
INFO  16:06:17,648 HelpFormatter - Date/Time: 2016/09/26 16:06:17 
INFO  16:06:17,649 HelpFormatter - --------------------------------------------------------------------------------- 
INFO  16:06:17,653 HelpFormatter - --------------------------------------------------------------------------------- 
INFO  16:06:17,980 GenomeAnalysisEngine - Strictness is SILENT 
INFO  16:06:19,558 ContextCovariate - 		Context sizes: base substitution model 2, indel substitution model 3 
INFO  16:06:19,775 GenomeAnalysisEngine - Downsampling Settings: No downsampling 
INFO  16:06:19,839 SAMDataSource$SAMReaders - Initializing SAMRecords in serial 
INFO  16:06:20,010 SAMDataSource$SAMReaders - Done initializing BAM readers: total time 0.17 
INFO  16:06:20,086 IntervalUtils - Processing 141213431 bp from intervals 
INFO  16:06:20,425 GenomeAnalysisEngine - Preparing for traversal over 1 BAM files 
INFO  16:06:21,064 GenomeAnalysisEngine - Done preparing for traversal 
INFO  16:06:21,086 ProgressMeter - [INITIALIZATION COMPLETE; STARTING PROCESSING] 
INFO  16:06:21,093 ProgressMeter -                 | processed |    time |    per 1M |           |   total | remaining 
INFO  16:06:21,095 ProgressMeter -        Location |     reads | elapsed |     reads | completed | runtime |   runtime 
INFO  16:06:21,132 ReadShardBalancer$1 - Loading BAM index data 
INFO  16:06:21,941 ReadShardBalancer$1 - Done loading BAM index data 
INFO  16:06:34,577 Walker - [REDUCE RESULT] Traversal result is: org.broadinstitute.gatk.engine.io.stubs.SAMFileWriterStub@5b58129f 
INFO  16:06:34,667 ProgressMeter -            done     77242.0    13.0 s       2.9 m       99.9%    13.0 s       0.0 s 
INFO  16:06:34,667 ProgressMeter - Total runtime 13.59 secs, 0.23 min, 0.00 hours 
INFO  16:06:34,667 MicroScheduler - 0 reads were filtered out during the traversal out of approximately 77242 total reads (0.00%) 
INFO  16:06:34,668 MicroScheduler -   -> 0 reads (0.00% of total) failing BadCigarFilter 
INFO  16:06:34,668 MicroScheduler -   -> 0 reads (0.00% of total) failing MalformedReadFilter 
