INFO  07:30:27,633 HelpFormatter - --------------------------------------------------------------------------------- 
INFO  07:30:27,643 HelpFormatter - The Genome Analysis Toolkit (GATK) v3.4-46-g8ea4dca, Compiled 2015/08/13 20:41:56 
INFO  07:30:27,643 HelpFormatter - Copyright (c) 2010 The Broad Institute 
INFO  07:30:27,650 HelpFormatter - For support and documentation go to http://www.broadinstitute.org/gatk 
INFO  07:30:27,654 HelpFormatter - Program Args: -T BaseRecalibrator -I /mnt/ssdbroad/output/Solexa-272221_gatk_best_practices_36t_30s_2016-02-11_11-59-19/Solexa-272221_realign.bam -L /mnt/ssdbroad/Broad_Ref_Pipeline_approved_package/workflow_profiler/.queue/scatterGather/ExampleBaseRecalibrator-1-sg/temp_03_of_36/scatter.intervals -R /mnt/ssdbroad/Broad_Ref_Pipeline_approved_package/homosapiensrefgenome/Homo_sapiens_assembly19.fasta -knownSites /mnt/ssdbroad/Broad_Ref_Pipeline_approved_package/homosapiensrefgenome/Homo_sapiens_assembly19.dbsnp.vcf -o /mnt/ssdbroad/Broad_Ref_Pipeline_approved_package/workflow_profiler/.queue/scatterGather/ExampleBaseRecalibrator-1-sg/temp_03_of_36/Solexa-272221_recal.grp 
INFO  07:30:27,714 HelpFormatter - Executing as beris@dna on Linux 2.6.32-573.el6.x86_64 amd64; OpenJDK 64-Bit Server VM 1.7.0_79-mockbuild_2015_07_24_09_26-b00. 
INFO  07:30:27,715 HelpFormatter - Date/Time: 2016/02/12 07:30:27 
INFO  07:30:27,715 HelpFormatter - --------------------------------------------------------------------------------- 
INFO  07:30:27,715 HelpFormatter - --------------------------------------------------------------------------------- 
INFO  07:30:27,887 GenomeAnalysisEngine - Strictness is SILENT 
INFO  07:30:28,064 GenomeAnalysisEngine - Downsampling Settings: No downsampling 
INFO  07:30:28,071 SAMDataSource$SAMReaders - Initializing SAMRecords in serial 
INFO  07:30:28,136 SAMDataSource$SAMReaders - Done initializing BAM readers: total time 0.06 
INFO  07:30:28,420 IntervalUtils - Processing 198022430 bp from intervals 
INFO  07:30:28,717 GenomeAnalysisEngine - Preparing for traversal over 1 BAM files 
INFO  07:30:30,245 GenomeAnalysisEngine - Done preparing for traversal 
INFO  07:30:30,245 ProgressMeter - [INITIALIZATION COMPLETE; STARTING PROCESSING] 
INFO  07:30:30,246 ProgressMeter -                 | processed |    time |    per 1M |           |   total | remaining 
INFO  07:30:30,246 ProgressMeter -        Location |     reads | elapsed |     reads | completed | runtime |   runtime 
INFO  07:30:30,313 BaseRecalibrator - The covariates being used here:  
INFO  07:30:30,318 BaseRecalibrator - 	ReadGroupCovariate 
INFO  07:30:30,318 BaseRecalibrator - 	QualityScoreCovariate 
INFO  07:30:30,319 BaseRecalibrator - 	ContextCovariate 
INFO  07:30:30,319 ContextCovariate - 		Context sizes: base substitution model 2, indel substitution model 3 
INFO  07:30:30,319 BaseRecalibrator - 	CycleCovariate 
INFO  07:30:30,325 ReadShardBalancer$1 - Loading BAM index data 
INFO  07:30:31,701 ReadShardBalancer$1 - Done loading BAM index data 
INFO  07:31:05,269 ProgressMeter -        3:219986         0.0    35.0 s      57.9 w        0.1%     8.8 h       8.7 h 
INFO  07:31:35,624 ProgressMeter -       3:1078773    200002.0    65.0 s       5.4 m        0.5%     3.3 h       3.3 h 
INFO  07:32:09,642 ProgressMeter -       3:1925185    400005.0    99.0 s       4.1 m        1.0%     2.8 h       2.8 h 
INFO  07:32:39,644 ProgressMeter -       3:2870630    600007.0     2.2 m       3.6 m        1.4%     2.5 h       2.4 h 
INFO  07:33:09,646 ProgressMeter -       3:3811535    900010.0     2.7 m       3.0 m        1.9%     2.3 h       2.3 h 
INFO  07:33:39,648 ProgressMeter -       3:4749169   1100012.0     3.2 m       2.9 m        2.4%     2.2 h       2.1 h 
INFO  07:34:09,649 ProgressMeter -       3:5590682   1300014.0     3.7 m       2.8 m        2.8%     2.2 h       2.1 h 
INFO  07:34:39,650 ProgressMeter -       3:6571982   1500016.0     4.2 m       2.8 m        3.3%     2.1 h       2.0 h 
INFO  07:35:09,652 ProgressMeter -       3:7429288   1700018.0     4.7 m       2.7 m        3.8%     2.1 h     119.3 m 
INFO  07:35:39,653 ProgressMeter -       3:8393611   2000021.0     5.2 m       2.6 m        4.2%     2.0 h     116.3 m 
INFO  07:36:09,655 ProgressMeter -       3:9279327   2200023.0     5.7 m       2.6 m        4.7%     2.0 h     114.9 m 
INFO  07:36:39,657 ProgressMeter -      3:10294558   2400025.0     6.2 m       2.6 m        5.2%   118.3 m     112.1 m 
INFO  07:37:09,659 ProgressMeter -      3:11253471   2600028.0     6.7 m       2.6 m        5.7%   117.0 m     110.4 m 
INFO  07:37:39,660 ProgressMeter -      3:12275886   2800030.0     7.2 m       2.6 m        6.2%   115.3 m     108.2 m 
INFO  07:38:09,662 ProgressMeter -      3:13263318   3100033.0     7.7 m       2.5 m        6.7%   114.2 m     106.6 m 
INFO  07:38:39,663 ProgressMeter -      3:14311406   3300035.0     8.2 m       2.5 m        7.2%   112.8 m     104.6 m 
INFO  07:39:09,664 ProgressMeter -      3:15353966   3500037.0     8.7 m       2.5 m        7.8%   111.6 m     102.9 m 
INFO  07:39:39,666 ProgressMeter -      3:16368337   3800040.0     9.2 m       2.4 m        8.3%   110.7 m     101.5 m 
INFO  07:40:09,668 ProgressMeter -      3:17412190   4000042.0     9.7 m       2.4 m        8.8%   109.7 m     100.1 m 
INFO  07:40:39,669 ProgressMeter -      3:18422749   4300046.0    10.2 m       2.4 m        9.3%   109.1 m      99.0 m 
INFO  07:41:09,670 ProgressMeter -      3:19463530   4600049.0    10.7 m       2.3 m        9.8%   108.4 m      97.7 m 
INFO  07:41:39,672 ProgressMeter -      3:20447165   4800051.0    11.2 m       2.3 m       10.3%   108.0 m      96.8 m 
INFO  07:42:09,673 ProgressMeter -      3:21449118   5000055.0    11.7 m       2.3 m       10.8%   107.6 m      95.9 m 
INFO  07:42:39,675 ProgressMeter -      3:22411104   5300058.0    12.2 m       2.3 m       11.3%   107.4 m      95.2 m 
INFO  07:43:09,684 ProgressMeter -      3:23346116   5500060.0    12.7 m       2.3 m       11.8%   107.3 m      94.6 m 
INFO  07:43:39,686 ProgressMeter -      3:24382686   5700062.0    13.2 m       2.3 m       12.3%   106.8 m      93.6 m 
INFO  07:44:09,687 ProgressMeter -      3:25348215   6000065.0    13.7 m       2.3 m       12.8%   106.6 m      93.0 m 
INFO  07:44:39,691 ProgressMeter -      3:26459191   6200067.0    14.2 m       2.3 m       13.4%   105.9 m      91.7 m 
INFO  07:45:09,858 ProgressMeter -      3:27465508   6500071.0    14.7 m       2.3 m       13.9%   105.6 m      91.0 m 
INFO  07:45:39,860 ProgressMeter -      3:28480952   6700073.0    15.2 m       2.3 m       14.4%   105.3 m      90.2 m 
INFO  07:46:09,862 ProgressMeter -      3:29512295   6900076.0    15.7 m       2.3 m       14.9%   105.0 m      89.4 m 
INFO  07:46:39,864 ProgressMeter -      3:30509797   7200079.0    16.2 m       2.2 m       15.4%   104.8 m      88.7 m 
INFO  07:47:09,865 ProgressMeter -      3:31582322   7400081.0    16.7 m       2.3 m       15.9%   104.4 m      87.7 m 
INFO  07:47:39,867 ProgressMeter -      3:32610900   7700084.0    17.2 m       2.2 m       16.5%   104.1 m      87.0 m 
INFO  07:48:09,868 ProgressMeter -      3:33683176   7900086.0    17.7 m       2.2 m       17.0%   103.8 m      86.1 m 
INFO  07:48:39,870 ProgressMeter -      3:34669830   8200089.0    18.2 m       2.2 m       17.5%   103.7 m      85.5 m 
INFO  07:49:09,967 ProgressMeter -      3:35703359   8400091.0    18.7 m       2.2 m       18.0%   103.4 m      84.8 m 
INFO  07:49:39,969 ProgressMeter -      3:36697578   8700094.0    19.2 m       2.2 m       18.5%   103.3 m      84.2 m 
INFO  07:50:09,970 ProgressMeter -      3:37747515   8900096.0    19.7 m       2.2 m       19.1%   103.1 m      83.4 m 
INFO  07:50:39,971 ProgressMeter -      3:38808385   9200099.0    20.2 m       2.2 m       19.6%   102.8 m      82.7 m 
INFO  07:51:09,973 ProgressMeter -      3:39812324   9400101.0    20.7 m       2.2 m       20.1%   102.7 m      82.1 m 
INFO  07:51:39,974 ProgressMeter -      3:40875694   9700104.0    21.2 m       2.2 m       20.6%   102.5 m      81.3 m 
INFO  07:52:09,975 ProgressMeter -      3:41921840   9900107.0    21.7 m       2.2 m       21.2%   102.3 m      80.6 m 
INFO  07:52:39,977 ProgressMeter -      3:42947185   1.0100109E7    22.2 m       2.2 m       21.7%   102.1 m      80.0 m 
INFO  07:53:09,993 ProgressMeter -      3:43976359   1.0400113E7    22.7 m       2.2 m       22.2%   102.0 m      79.3 m 
INFO  07:53:39,994 ProgressMeter -      3:45065370   1.0600116E7    23.2 m       2.2 m       22.8%   101.7 m      78.6 m 
INFO  07:54:09,996 ProgressMeter -      3:46065741   1.0900119E7    23.7 m       2.2 m       23.3%   101.7 m      78.0 m 
INFO  07:54:39,998 ProgressMeter -      3:47160885   1.1100122E7    24.2 m       2.2 m       23.8%   101.4 m      77.3 m 
INFO  07:55:09,999 ProgressMeter -      3:48222315   1.1400125E7    24.7 m       2.2 m       24.4%   101.2 m      76.6 m 
INFO  07:55:40,158 ProgressMeter -      3:49350448   1.1600127E7    25.2 m       2.2 m       24.9%   100.9 m      75.8 m 
INFO  07:56:10,359 ProgressMeter -      3:50435965   1.190013E7    25.7 m       2.2 m       25.5%   100.8 m      75.1 m 
INFO  07:56:40,360 ProgressMeter -      3:51445272   1.2100132E7    26.2 m       2.2 m       26.0%   100.7 m      74.6 m 
INFO  07:57:10,362 ProgressMeter -      3:52562132   1.2300134E7    26.7 m       2.2 m       26.5%   100.5 m      73.8 m 
INFO  07:57:40,364 ProgressMeter -      3:53526380   1.2600138E7    27.2 m       2.2 m       27.0%   100.5 m      73.3 m 
INFO  07:58:10,365 ProgressMeter -      3:54562544   1.280014E7    27.7 m       2.2 m       27.6%   100.4 m      72.7 m 
INFO  07:58:40,366 ProgressMeter -      3:55589548   1.3100143E7    28.2 m       2.2 m       28.1%   100.3 m      72.2 m 
INFO  07:59:10,368 ProgressMeter -      3:56540070   1.3300145E7    28.7 m       2.2 m       28.6%   100.4 m      71.7 m 
INFO  07:59:40,370 ProgressMeter -      3:57571792   1.3500148E7    29.2 m       2.2 m       29.1%   100.3 m      71.2 m 
INFO  08:00:10,383 ProgressMeter -      3:58572256   1.3800151E7    29.7 m       2.1 m       29.6%   100.3 m      70.6 m 
INFO  08:00:40,384 ProgressMeter -      3:59636800   1.4000153E7    30.2 m       2.2 m       30.1%   100.2 m      70.0 m 
INFO  08:01:10,386 ProgressMeter -      3:60602069   1.4200155E7    30.7 m       2.2 m       30.6%   100.2 m      69.5 m 
INFO  08:01:40,388 ProgressMeter -      3:61634563   1.4500158E7    31.2 m       2.1 m       31.1%   100.1 m      69.0 m 
INFO  08:02:10,390 ProgressMeter -      3:62718391   1.470016E7    31.7 m       2.2 m       31.7%   100.0 m      68.3 m 
INFO  08:02:40,392 ProgressMeter -      3:63710814   1.5000163E7    32.2 m       2.1 m       32.2%   100.0 m      67.8 m 
INFO  08:03:10,691 ProgressMeter -      3:64827783   1.5200167E7    32.7 m       2.1 m       32.7%    99.8 m      67.1 m 
INFO  08:03:40,693 ProgressMeter -      3:65863748   1.550017E7    33.2 m       2.1 m       33.3%    99.7 m      66.6 m 
INFO  08:04:10,695 ProgressMeter -      3:67006235   1.5700172E7    33.7 m       2.1 m       33.8%    99.5 m      65.8 m 
INFO  08:04:40,696 ProgressMeter -      3:67991124   1.6000175E7    34.2 m       2.1 m       34.3%    99.5 m      65.3 m 
INFO  08:05:10,718 ProgressMeter -      3:69067163   1.6200178E7    34.7 m       2.1 m       34.9%    99.4 m      64.7 m 
INFO  08:05:40,719 ProgressMeter -      3:70121585   1.6500182E7    35.2 m       2.1 m       35.4%    99.3 m      64.1 m 
INFO  08:06:10,721 ProgressMeter -      3:71177334   1.6700184E7    35.7 m       2.1 m       35.9%    99.2 m      63.6 m 
INFO  08:06:40,722 ProgressMeter -      3:72201621   1.7000188E7    36.2 m       2.1 m       36.5%    99.2 m      63.0 m 
INFO  08:07:10,723 ProgressMeter -      3:73279168   1.720019E7    36.7 m       2.1 m       37.0%    99.1 m      62.4 m 
INFO  08:07:40,725 ProgressMeter -      3:74276946   1.7400192E7    37.2 m       2.1 m       37.5%    99.1 m      61.9 m 
INFO  08:08:10,727 ProgressMeter -      3:75327363   1.7700195E7    37.7 m       2.1 m       38.0%    99.0 m      61.4 m 
INFO  08:08:40,729 ProgressMeter -      3:76383297   1.7900197E7    38.2 m       2.1 m       38.6%    98.9 m      60.8 m 
INFO  08:09:10,730 ProgressMeter -      3:77374574   1.82002E7    38.7 m       2.1 m       39.1%    99.0 m      60.3 m 
INFO  08:09:40,732 ProgressMeter -      3:78466092   1.8400203E7    39.2 m       2.1 m       39.6%    98.8 m      59.7 m 
INFO  08:10:10,733 ProgressMeter -      3:79519325   1.8700206E7    39.7 m       2.1 m       40.2%    98.8 m      59.1 m 
INFO  08:10:40,735 ProgressMeter -      3:80527046   1.8900208E7    40.2 m       2.1 m       40.7%    98.8 m      58.6 m 
INFO  08:11:10,737 ProgressMeter -      3:81549306   1.9200211E7    40.7 m       2.1 m       41.2%    98.7 m      58.1 m 
INFO  08:11:40,911 ProgressMeter -      3:82627059   1.9400214E7    41.2 m       2.1 m       41.7%    98.7 m      57.5 m 
INFO  08:12:10,912 ProgressMeter -      3:83627470   1.9700218E7    41.7 m       2.1 m       42.2%    98.7 m      57.0 m 
INFO  08:12:40,914 ProgressMeter -      3:84733517   2.0000221E7    42.2 m       2.1 m       42.8%    98.5 m      56.4 m 
INFO  08:13:10,916 ProgressMeter -      3:85843308   2.0200224E7    42.7 m       2.1 m       43.4%    98.4 m      55.8 m 
INFO  08:13:41,418 ProgressMeter -      3:86881035   2.0500227E7    43.2 m       2.1 m       43.9%    98.4 m      55.2 m 
INFO  08:14:11,502 ProgressMeter -      3:87930404   2.070023E7    43.7 m       2.1 m       44.4%    98.4 m      54.7 m 
INFO  08:14:41,504 ProgressMeter -      3:88967192   2.1000233E7    44.2 m       2.1 m       44.9%    98.3 m      54.2 m 
INFO  08:15:11,636 ProgressMeter -      3:90119112   2.1200235E7    44.7 m       2.1 m       45.5%    98.2 m      53.5 m 
INFO  08:15:41,637 ProgressMeter -      3:93914552   2.1500258E7    45.2 m       2.1 m       47.4%    95.3 m      50.1 m 
INFO  08:16:11,639 ProgressMeter -      3:94970218   2.170026E7    45.7 m       2.1 m       48.0%    95.3 m      49.6 m 
INFO  08:16:41,641 ProgressMeter -      3:96067867   2.2000263E7    46.2 m       2.1 m       48.5%    95.2 m      49.0 m 
INFO  08:17:11,642 ProgressMeter -      3:97148945   2.2300266E7    46.7 m       2.1 m       49.1%    95.2 m      48.5 m 
INFO  08:17:41,651 ProgressMeter -      3:98211714   2.2500269E7    47.2 m       2.1 m       49.6%    95.1 m      48.0 m 
INFO  08:18:11,652 ProgressMeter -      3:99222654   2.2800272E7    47.7 m       2.1 m       50.1%    95.2 m      47.5 m 
INFO  08:18:42,457 ProgressMeter -     3:100319825   2.3000274E7    48.2 m       2.1 m       50.7%    95.1 m      46.9 m 
INFO  08:19:12,459 ProgressMeter -     3:101384746   2.3300277E7    48.7 m       2.1 m       51.2%    95.1 m      46.4 m 
INFO  08:19:42,461 ProgressMeter -     3:102496899   2.3600283E7    49.2 m       2.1 m       51.8%    95.1 m      45.9 m 
INFO  08:20:12,463 ProgressMeter -     3:103574005   2.3800285E7    49.7 m       2.1 m       52.3%    95.0 m      45.3 m 
INFO  08:20:42,465 ProgressMeter -     3:104661087   2.4100289E7    50.2 m       2.1 m       52.9%    95.0 m      44.8 m 
INFO  08:21:12,467 ProgressMeter -     3:105678927   2.4400292E7    50.7 m       2.1 m       53.4%    95.0 m      44.3 m 
INFO  08:21:42,469 ProgressMeter -     3:106663776   2.4600294E7    51.2 m       2.1 m       53.9%    95.1 m      43.9 m 
INFO  08:22:12,471 ProgressMeter -     3:107724525   2.4900297E7    51.7 m       2.1 m       54.4%    95.0 m      43.3 m 
INFO  08:22:42,472 ProgressMeter -     3:108773867   2.5100299E7    52.2 m       2.1 m       54.9%    95.0 m      42.8 m 
INFO  08:23:12,684 ProgressMeter -     3:109825350   2.5400302E7    52.7 m       2.1 m       55.5%    95.0 m      42.3 m 
INFO  08:23:42,686 ProgressMeter -     3:110851572   2.5600304E7    53.2 m       2.1 m       56.0%    95.0 m      41.8 m 
INFO  08:24:12,688 ProgressMeter -     3:111860442   2.5800306E7    53.7 m       2.1 m       56.5%    95.1 m      41.4 m 
INFO  08:24:42,689 ProgressMeter -     3:112824418   2.6100309E7    54.2 m       2.1 m       57.0%    95.1 m      40.9 m 
INFO  08:25:12,691 ProgressMeter -     3:113916403   2.6300311E7    54.7 m       2.1 m       57.5%    95.1 m      40.4 m 
INFO  08:25:42,693 ProgressMeter -     3:114996988   2.6600314E7    55.2 m       2.1 m       58.1%    95.1 m      39.9 m 
INFO  08:26:12,694 ProgressMeter -     3:116068089   2.6900317E7    55.7 m       2.1 m       58.6%    95.0 m      39.3 m 
INFO  08:26:42,695 ProgressMeter -     3:117102831   2.710032E7    56.2 m       2.1 m       59.1%    95.0 m      38.8 m 
INFO  08:27:12,705 ProgressMeter -     3:118201280   2.7400323E7    56.7 m       2.1 m       59.7%    95.0 m      38.3 m 
INFO  08:27:42,707 ProgressMeter -     3:119265039   2.7700326E7    57.2 m       2.1 m       60.2%    95.0 m      37.8 m 
INFO  08:28:12,709 ProgressMeter -     3:120314418   2.7900328E7    57.7 m       2.1 m       60.8%    95.0 m      37.3 m 
INFO  08:28:42,710 ProgressMeter -     3:121353442   2.8200331E7    58.2 m       2.1 m       61.3%    95.0 m      36.8 m 
INFO  08:29:12,712 ProgressMeter -     3:122373400   2.8400334E7    58.7 m       2.1 m       61.8%    95.0 m      36.3 m 
INFO  08:29:42,714 ProgressMeter -     3:123430442   2.8700337E7    59.2 m       2.1 m       62.3%    95.0 m      35.8 m 
INFO  08:30:12,716 ProgressMeter -     3:124537921   2.8900339E7    59.7 m       2.1 m       62.9%    94.9 m      35.2 m 
INFO  08:30:42,717 ProgressMeter -     3:125560853   2.9200342E7    60.2 m       2.1 m       63.4%    94.9 m      34.7 m 
INFO  08:31:12,719 ProgressMeter -     3:126636389   2.9400344E7    60.7 m       2.1 m       64.0%    94.9 m      34.2 m 
INFO  08:31:42,721 ProgressMeter -     3:127713058   2.9700347E7    61.2 m       2.1 m       64.5%    94.9 m      33.7 m 
INFO  08:32:12,723 ProgressMeter -     3:128842783   2.9900349E7    61.7 m       2.1 m       65.1%    94.8 m      33.1 m 
INFO  08:32:42,724 ProgressMeter -     3:129897341   3.0200352E7    62.2 m       2.1 m       65.6%    94.8 m      32.6 m 
INFO  08:33:12,725 ProgressMeter -     3:130974540   3.0400354E7    62.7 m       2.1 m       66.1%    94.8 m      32.1 m 
INFO  08:33:42,727 ProgressMeter -     3:132029811   3.0700358E7    63.2 m       2.1 m       66.7%    94.8 m      31.6 m 
INFO  08:34:12,764 ProgressMeter -     3:133085348   3.090036E7    63.7 m       2.1 m       67.2%    94.8 m      31.1 m 
INFO  08:34:42,782 ProgressMeter -     3:134158623   3.1200364E7    64.2 m       2.1 m       67.7%    94.8 m      30.6 m 
INFO  08:35:12,784 ProgressMeter -     3:135231170   3.1400366E7    64.7 m       2.1 m       68.3%    94.7 m      30.0 m 
INFO  08:35:42,785 ProgressMeter -     3:136310579   3.1700371E7    65.2 m       2.1 m       68.8%    94.7 m      29.5 m 
INFO  08:36:12,787 ProgressMeter -     3:137418801   3.1900373E7    65.7 m       2.1 m       69.4%    94.7 m      29.0 m 
INFO  08:36:42,789 ProgressMeter -     3:138497485   3.2200376E7    66.2 m       2.1 m       69.9%    94.7 m      28.5 m 
INFO  08:37:12,791 ProgressMeter -     3:139581269   3.250038E7    66.7 m       2.1 m       70.5%    94.6 m      27.9 m 
INFO  08:37:42,793 ProgressMeter -     3:140645313   3.2700382E7    67.2 m       2.1 m       71.0%    94.6 m      27.4 m 
INFO  08:38:12,795 ProgressMeter -     3:141728604   3.3000386E7    67.7 m       2.1 m       71.6%    94.6 m      26.9 m 
INFO  08:38:42,796 ProgressMeter -     3:142835963   3.320039E7    68.2 m       2.1 m       72.1%    94.5 m      26.3 m 
INFO  08:39:12,798 ProgressMeter -     3:143890417   3.3500394E7    68.7 m       2.1 m       72.7%    94.5 m      25.8 m 
INFO  08:39:42,800 ProgressMeter -     3:144982221   3.3800397E7    69.2 m       2.0 m       73.2%    94.5 m      25.3 m 
INFO  08:40:12,808 ProgressMeter -     3:145991963   3.4000399E7    69.7 m       2.1 m       73.7%    94.5 m      24.8 m 
INFO  08:40:42,810 ProgressMeter -     3:147075295   3.4300402E7    70.2 m       2.0 m       74.3%    94.5 m      24.3 m 
INFO  08:41:12,813 ProgressMeter -     3:148250569   3.4500404E7    70.7 m       2.0 m       74.9%    94.4 m      23.7 m 
INFO  08:41:42,815 ProgressMeter -     3:149286592   3.4800408E7    71.2 m       2.0 m       75.4%    94.4 m      23.2 m 
INFO  08:42:12,816 ProgressMeter -     3:150335260   3.5000411E7    71.7 m       2.0 m       75.9%    94.4 m      22.7 m 
INFO  08:42:42,821 ProgressMeter -     3:151445411   3.5300414E7    72.2 m       2.0 m       76.5%    94.4 m      22.2 m 
INFO  08:43:12,823 ProgressMeter -     3:152453412   3.5600417E7    72.7 m       2.0 m       77.0%    94.4 m      21.7 m 
INFO  08:43:42,825 ProgressMeter -     3:153603178   3.580042E7    73.2 m       2.0 m       77.6%    94.4 m      21.2 m 
INFO  08:44:12,826 ProgressMeter -     3:154825706   3.6100424E7    73.7 m       2.0 m       78.2%    94.3 m      20.6 m 
INFO  08:44:42,828 ProgressMeter -     3:156062467   3.6400429E7    74.2 m       2.0 m       78.8%    94.1 m      19.9 m 
INFO  08:45:12,829 ProgressMeter -     3:157132721   3.6700435E7    74.7 m       2.0 m       79.4%    94.1 m      19.4 m 
INFO  08:45:42,864 ProgressMeter -     3:158241300   3.700044E7    75.2 m       2.0 m       79.9%    94.1 m      18.9 m 
INFO  08:46:12,939 ProgressMeter -     3:159441718   3.7300444E7    75.7 m       2.0 m       80.5%    94.0 m      18.3 m 
INFO  08:46:42,941 ProgressMeter -     3:160563466   3.7500446E7    76.2 m       2.0 m       81.1%    94.0 m      17.8 m 
INFO  08:47:12,942 ProgressMeter -     3:161637841   3.780045E7    76.7 m       2.0 m       81.6%    94.0 m      17.3 m 
INFO  08:47:42,944 ProgressMeter -     3:162757157   3.8100454E7    77.2 m       2.0 m       82.2%    93.9 m      16.7 m 
INFO  08:48:12,946 ProgressMeter -     3:163804827   3.8300462E7    77.7 m       2.0 m       82.7%    93.9 m      16.2 m 
INFO  08:48:42,947 ProgressMeter -     3:164946498   3.8600465E7    78.2 m       2.0 m       83.3%    93.9 m      15.7 m 
INFO  08:49:13,263 ProgressMeter -     3:166084867   3.8900469E7    78.7 m       2.0 m       83.9%    93.9 m      15.1 m 
INFO  08:49:43,265 ProgressMeter -     3:167267752   3.9100471E7    79.2 m       2.0 m       84.5%    93.8 m      14.6 m 
INFO  08:50:13,267 ProgressMeter -     3:168408524   3.9400474E7    79.7 m       2.0 m       85.0%    93.7 m      14.0 m 
INFO  08:50:43,269 ProgressMeter -     3:169495601   3.9700477E7    80.2 m       2.0 m       85.6%    93.7 m      13.5 m 
INFO  08:51:13,300 ProgressMeter -     3:170626444   4.000048E7    80.7 m       2.0 m       86.2%    93.7 m      13.0 m 
INFO  08:51:43,302 ProgressMeter -     3:171757140   4.0200483E7    81.2 m       2.0 m       86.7%    93.6 m      12.4 m 
INFO  08:52:13,304 ProgressMeter -     3:172810152   4.0500487E7    81.7 m       2.0 m       87.3%    93.6 m      11.9 m 
INFO  08:52:43,305 ProgressMeter -     3:173944438   4.080049E7    82.2 m     120.0 s       87.8%    93.6 m      11.4 m 
INFO  08:53:13,307 ProgressMeter -     3:175095384   4.1100493E7    82.7 m     120.0 s       88.4%    93.5 m      10.8 m 
INFO  08:53:43,321 ProgressMeter -     3:176260467   4.1300495E7    83.2 m     120.0 s       89.0%    93.5 m      10.3 m 
INFO  08:54:13,323 ProgressMeter -     3:177474014   4.1600498E7    83.7 m     120.0 s       89.6%    93.4 m       9.7 m 
INFO  08:54:43,324 ProgressMeter -     3:178651702   4.1900501E7    84.2 m     120.0 s       90.2%    93.3 m       9.1 m 
INFO  08:55:13,327 ProgressMeter -     3:179738193   4.2200504E7    84.7 m     120.0 s       90.8%    93.3 m       8.6 m 
INFO  08:55:43,328 ProgressMeter -     3:180915627   4.2500507E7    85.2 m     120.0 s       91.4%    93.3 m       8.1 m 
INFO  08:56:13,330 ProgressMeter -     3:182146636   4.2700509E7    85.7 m     120.0 s       92.0%    93.2 m       7.5 m 
INFO  08:56:43,332 ProgressMeter -     3:183281578   4.3000512E7    86.2 m     120.0 s       92.6%    93.2 m       6.9 m 
INFO  08:57:13,334 ProgressMeter -     3:184501936   4.3300516E7    86.7 m     120.0 s       93.2%    93.1 m       6.4 m 
INFO  08:57:43,387 ProgressMeter -     3:185674259   4.360052E7    87.2 m     120.0 s       93.8%    93.0 m       5.8 m 
INFO  08:58:13,495 ProgressMeter -     3:186835578   4.3800523E7    87.7 m     120.0 s       94.4%    93.0 m       5.3 m 
INFO  08:58:43,497 ProgressMeter -     3:188031052   4.4100526E7    88.2 m     120.0 s       95.0%    92.9 m       4.7 m 
INFO  08:59:13,499 ProgressMeter -     3:189199993   4.4400529E7    88.7 m     119.0 s       95.5%    92.9 m       4.1 m 
INFO  08:59:43,501 ProgressMeter -     3:190288549   4.4700533E7    89.2 m     119.0 s       96.1%    92.8 m       3.6 m 
INFO  09:00:13,503 ProgressMeter -     3:191467322   4.4900535E7    89.7 m     119.0 s       96.7%    92.8 m       3.1 m 
INFO  09:00:43,505 ProgressMeter -     3:192597048   4.5200538E7    90.2 m     119.0 s       97.3%    92.8 m       2.5 m 
INFO  09:01:13,507 ProgressMeter -     3:193730546   4.5500541E7    90.7 m     119.0 s       97.8%    92.7 m     120.0 s 
INFO  09:01:43,509 ProgressMeter -     3:194896972   4.5800544E7    91.2 m     119.0 s       98.4%    92.7 m      87.0 s 
INFO  09:02:13,510 ProgressMeter -     3:195887080   4.6000546E7    91.7 m     119.0 s       98.9%    92.7 m      59.0 s 
INFO  09:02:43,512 ProgressMeter -     3:196987598   4.6300549E7    92.2 m     119.0 s       99.5%    92.7 m      29.0 s 
INFO  09:03:05,937 BaseRecalibrator - Calculating quantized quality scores... 
INFO  09:03:05,997 BaseRecalibrator - Writing recalibration report... 
INFO  09:03:07,211 BaseRecalibrator - ...done! 
INFO  09:03:07,211 BaseRecalibrator - BaseRecalibrator was able to recalibrate 46542943 reads 
INFO  09:03:07,212 ProgressMeter -            done   4.6542943E7    92.6 m     119.0 s      100.0%    92.6 m       1.0 s 
INFO  09:03:07,212 ProgressMeter - Total runtime 5556.97 secs, 92.62 min, 1.54 hours 
INFO  09:03:07,213 MicroScheduler - 7689673 reads were filtered out during the traversal out of approximately 54232616 total reads (14.18%) 
INFO  09:03:07,213 MicroScheduler -   -> 0 reads (0.00% of total) failing BadCigarFilter 
INFO  09:03:07,213 MicroScheduler -   -> 6623178 reads (12.21% of total) failing DuplicateReadFilter 
INFO  09:03:07,213 MicroScheduler -   -> 0 reads (0.00% of total) failing FailsVendorQualityCheckFilter 
INFO  09:03:07,214 MicroScheduler -   -> 0 reads (0.00% of total) failing MalformedReadFilter 
INFO  09:03:07,214 MicroScheduler -   -> 0 reads (0.00% of total) failing MappingQualityUnavailableFilter 
INFO  09:03:07,214 MicroScheduler -   -> 938779 reads (1.73% of total) failing MappingQualityZeroFilter 
INFO  09:03:07,214 MicroScheduler -   -> 127716 reads (0.24% of total) failing NotPrimaryAlignmentFilter 
INFO  09:03:07,214 MicroScheduler -   -> 0 reads (0.00% of total) failing UnmappedReadFilter 
