INFO  07:30:25,929 HelpFormatter - --------------------------------------------------------------------------------- 
INFO  07:30:25,931 HelpFormatter - The Genome Analysis Toolkit (GATK) v3.4-46-g8ea4dca, Compiled 2015/08/13 20:41:56 
INFO  07:30:25,931 HelpFormatter - Copyright (c) 2010 The Broad Institute 
INFO  07:30:25,931 HelpFormatter - For support and documentation go to http://www.broadinstitute.org/gatk 
INFO  07:30:25,935 HelpFormatter - Program Args: -T BaseRecalibrator -I /mnt/ssdbroad/output/Solexa-272221_gatk_best_practices_36t_30s_2016-02-11_11-59-19/Solexa-272221_realign.bam -L /mnt/ssdbroad/Broad_Ref_Pipeline_approved_package/workflow_profiler/.queue/scatterGather/ExampleBaseRecalibrator-1-sg/temp_35_of_36/scatter.intervals -R /mnt/ssdbroad/Broad_Ref_Pipeline_approved_package/homosapiensrefgenome/Homo_sapiens_assembly19.fasta -knownSites /mnt/ssdbroad/Broad_Ref_Pipeline_approved_package/homosapiensrefgenome/Homo_sapiens_assembly19.dbsnp.vcf -o /mnt/ssdbroad/Broad_Ref_Pipeline_approved_package/workflow_profiler/.queue/scatterGather/ExampleBaseRecalibrator-1-sg/temp_35_of_36/Solexa-272221_recal.grp 
INFO  07:30:25,950 HelpFormatter - Executing as beris@dna on Linux 2.6.32-573.el6.x86_64 amd64; OpenJDK 64-Bit Server VM 1.7.0_79-mockbuild_2015_07_24_09_26-b00. 
INFO  07:30:25,950 HelpFormatter - Date/Time: 2016/02/12 07:30:25 
INFO  07:30:25,950 HelpFormatter - --------------------------------------------------------------------------------- 
INFO  07:30:25,950 HelpFormatter - --------------------------------------------------------------------------------- 
INFO  07:30:26,037 GenomeAnalysisEngine - Strictness is SILENT 
INFO  07:30:26,228 GenomeAnalysisEngine - Downsampling Settings: No downsampling 
INFO  07:30:26,238 SAMDataSource$SAMReaders - Initializing SAMRecords in serial 
INFO  07:30:26,279 SAMDataSource$SAMReaders - Done initializing BAM readers: total time 0.04 
INFO  07:30:26,560 IntervalUtils - Processing 36651 bp from intervals 
INFO  07:30:26,680 GenomeAnalysisEngine - Preparing for traversal over 1 BAM files 
INFO  07:30:26,799 GenomeAnalysisEngine - Done preparing for traversal 
INFO  07:30:26,800 ProgressMeter - [INITIALIZATION COMPLETE; STARTING PROCESSING] 
INFO  07:30:26,800 ProgressMeter -                 | processed |    time |    per 1M |           |   total | remaining 
INFO  07:30:26,801 ProgressMeter -        Location |     reads | elapsed |     reads | completed | runtime |   runtime 
INFO  07:30:27,330 BaseRecalibrator - The covariates being used here:  
INFO  07:30:27,331 BaseRecalibrator - 	ReadGroupCovariate 
INFO  07:30:27,331 BaseRecalibrator - 	QualityScoreCovariate 
INFO  07:30:27,331 BaseRecalibrator - 	ContextCovariate 
INFO  07:30:27,332 ContextCovariate - 		Context sizes: base substitution model 2, indel substitution model 3 
INFO  07:30:27,332 BaseRecalibrator - 	CycleCovariate 
INFO  07:30:27,334 ReadShardBalancer$1 - Loading BAM index data 
INFO  07:30:27,335 ReadShardBalancer$1 - Done loading BAM index data 
INFO  07:30:30,749 BaseRecalibrator - Calculating quantized quality scores... 
INFO  07:30:30,862 BaseRecalibrator - Writing recalibration report... 
INFO  07:30:33,990 BaseRecalibrator - ...done! 
INFO  07:30:33,991 BaseRecalibrator - BaseRecalibrator was able to recalibrate 2719 reads 
INFO  07:30:33,992 ProgressMeter -            done      2719.0     7.0 s      44.1 m       98.2%     7.0 s       0.0 s 
INFO  07:30:33,992 ProgressMeter - Total runtime 7.19 secs, 0.12 min, 0.00 hours 
INFO  07:30:33,993 MicroScheduler - 23195 reads were filtered out during the traversal out of approximately 25914 total reads (89.51%) 
INFO  07:30:33,993 MicroScheduler -   -> 0 reads (0.00% of total) failing BadCigarFilter 
INFO  07:30:33,994 MicroScheduler -   -> 346 reads (1.34% of total) failing DuplicateReadFilter 
INFO  07:30:33,994 MicroScheduler -   -> 0 reads (0.00% of total) failing FailsVendorQualityCheckFilter 
INFO  07:30:33,994 MicroScheduler -   -> 0 reads (0.00% of total) failing MalformedReadFilter 
INFO  07:30:33,994 MicroScheduler -   -> 0 reads (0.00% of total) failing MappingQualityUnavailableFilter 
INFO  07:30:33,994 MicroScheduler -   -> 22848 reads (88.17% of total) failing MappingQualityZeroFilter 
INFO  07:30:33,995 MicroScheduler -   -> 1 reads (0.00% of total) failing NotPrimaryAlignmentFilter 
INFO  07:30:33,995 MicroScheduler -   -> 0 reads (0.00% of total) failing UnmappedReadFilter 
